found: sum=171.0000 var=  0.0000 fitness=171.0000
-->8--
             20      54      34 
         16      21      35      33
         51      17      39       2 
     13      46       5      28       4
      9      22      36      49      50 
 47      30      45      14      38       7
  6      48       1      32      26      10
     31      25      43      12      40 
     15       8      42      23      29
         44      52      19      41 
         53       3      37      24
             11      18      27 
--8<--
execution time: real 1800.173616s user 0.088986s sys 0.122981s
GA: P=10 K=7 sp=3 xover_cuts=2
generation #17920: pop m=178.147 v=  0.375 f=173.741 var0cnt=0 bage=6964
best: sum=188.8947 var=  0.0942 fitness=186.6395
-->8--
             12      13       6 
         16      54      35      28
         27      29      36      32 
      5      51      22      52       8
     34      24      33      21      23 
 11      48      30      25      53      17
 20      37      41      42      38       7
     39       9      18      10      50 
     15      44      31      47       1
         45      46      40      43 
          3      49      19      14
              2       4      26 
--8<--
