execution time: real 3600.178259s user 6633.838503s sys 0.484926s
GA: P=20 K=10 sp=3 xover_cuts=2
generation #6747: pop m=359.278 v=  0.757 f=350.362 best_age=2359
best: sum=371.7674 var=  0.4110 fitness=365.0433
-->8--
                     20       6       4 
                 48      25      80       9
                 77      99      91      87 
              8     103      71     101      10
             44      74       7      26     109 
         32      65      17      76      38      15
         79      73     108     106      97      24 
     11      78      37      58      30      89       2
     53      54      83      51      42      82      94 
 27      96      47      34      84      31      81      23
 35      66      64      68      72     105      61      21
     95      45      75      63      39      12      92 
      5     102      50      56      55      98      40
         59      36      60      86      62      69 
         46     107      67      70      57       1
             22      52      33      41      85 
              3      88      28     110      29
                100     104      90      49 
                 19      43      93      14
                     18      13      16 
--8<--
