jsgmd110: M=43 A=3 B=7 P=512 K=256 sp=3 xover=2D/3 mut=27 replace_worst=51 aging
generation #19776: pop m=379.825 v=0.238 f= -0.158
best: sum=379.8372 var=  0.1363 fitness= -0.0560 age=361
-->8--
                     20       1      13 
                 25      86      79       8
                 53      87      98      75 
             11     109      29     106       5
             72      43      39      40      50 
         17      92      73      68     104      21
         27      76      58      71      65      35 
     24      96      38      70      32     105       3
     74      60      80      34      89      33      93 
 14      99      30     100      84      56     110      18
 16      94      55      66      45      28      91       7
     83      42      49      51      78      62      61 
     12     101      69      88      41     108      22
         48      64      57      77      63      36 
          6     107      46      44     103      23
             54      37      67      52      47 
              4      97      31      90       2
                 81     102      95      85 
                 15      59      82       9
                     26      10      19 
--8<--
execution time: real 1800.021782s user 652.572793s sys 4.537310s
