execution time: real 4400.520908s user 8346.716106s sys 0.726889s
GA: P=50 K=25 sp=3 xover=2D/1
generation #10490: pop m=264.520 v=  0.608 f=257.669 best_age=3862
best: sum=277.1333 var=  0.3822 fitness=271.6036
-->8--
                 13       9       6 
             29      35      79       2
             58      67      73      45 
         24      76      14      72       4
         16      33      41      46      40 
     19      70      47      31      69      18
     57      42      59      65      23      53 
 12      74      26      34      44      75      30
 28      54      20      61      21      66       3
     52      62      77      51      48      50 
     15      56       7      49      71      17
         39      55      32      38      25 
         10      80      43      78       1
             36      60      37      64 
             27      63      68      22
                 11       5       8 
--8<--
