execution time: real 1800.000838s user 3263.798827s sys 0.499924s
GA: P=20 K=10 sp=3 xover_cuts=2
generation #11053: pop m=266.063 v=  0.595 f=259.253 best_age=5972
best: sum=276.6333 var=  0.2989 fitness=271.7434
-->8--
                  7      15      24 
             13      14      37       4
             41      65      36      59 
         61      68      34      32      44
         19      45      48      21      47 
      1       6      62      29      76      66
     67       3      50      49      20      64 
 40      30      38      51      11      77      17
 23      39      42      71      43      27       2
     58      26      31      35      28      63 
     46      72      70      60      75      25
         56      52      57      55      22 
          8      73      53      78      12
             69      74      79      54 
              5      80      16      33
                 18       9      10 
--8<--
