execution time: real 4399.999871s user 8104.980855s sys 0.871867s
GA: P=60 K=20 sp=2 xover=2D/1
generation #13800: pop m=259.238 v= 17.772 f=247.741 best_age=7680
best: sum=275.5000 var=  0.3833 fitness=269.9623
-->8--
                 28       7      16 
             36      32      75       1
             49      51      78      66 
          5      80      33      40      31
         25      37      48      47      34 
      3      79      26      30      57      10
     65      41      55      50      46      61 
 14      62      38      67      44      68      21
  2      64      27      19      24      58      11
     69      43      70      72      35      56 
     42      53      29      63      59       9
          4      54      22      23      60 
         15      76      20      71      17
             73      74      77      45 
              8      39      52      12
                  6      13      18 
--8<--
