execution time: real 3600.190809s user 6713.294424s sys 0.469928s
GA: P=20 K=10 sp=3 xover_cuts=2
generation #6750: pop m=359.705 v=  0.870 f=350.121 best_age=172
best: sum=371.8140 var=  0.3840 fitness=365.3148
-->8--
                     14       5      13 
                 28      95      88      27
                 47      86      90      45 
             29     101       9     109      18
            108      39      43     103      66 
         21      48      93      17      31       4
         32      60      67      89      74      97 
     12     102      65      63      58     100      10
     79      69      57      35      53      46      20 
 11      78      19      85      73      40      99      25
  8      91      59      75      61      49     104      30
    105      56      77      44      96      34      94 
     15      55      41      62      26      68       2
         50      84      72      83      98      70 
         54      76      36      82      80      23
             52      64      38       3      33 
             22      71      51     106      42
                 87     110      92     107 
                  7      81      37      24
                     16       1       6 
--8<--
