execution time: real 437.023800s user 437.129546s sys 8.389724s
jsgmd110: M=43 A=3 B=7 P=512 K=256 sp=3 xover=2D/3 mut=27 replace_worst=51 aging explosion=128@0.005000*128 swap=2 hexspin=2
generation #12434: pop m=380.922 v=0.189 f=376.698
best: sum=380.9302 var=  0.0649 fitness=378.2583 age=9310
-->8--
                     23       6      26 
                 25      75      67       8
                 59      98      97      89 
             14     101      38      93       2
             44      56      51      50      48 
         18     107      37      52      99      15
         35      71      82      72      81      29 
      7     106      28      87      27     109      12
     86      53      77      42      58      63      68 
 16      94      46      65      95      43     100      20
 22      90      36      78      61      39     105       4
     73      62      79      40      85      31      84 
     10      96      32      88      33     110      21
         49      76      64      74      83      30 
          3     102      60      54      92       9
             55      47      41      45      57 
              5      91      34     104      13
                 80     108     103      70 
                 19      66      69      24
                     17       1      11 
--8<--
