execution time: real 1800.036857s user 3445.721170s sys 7.932794s
GA: P=20 K=10 sp=3 xover_cuts=2
generation #1429: pop m=258.890 v=  0.636 f=251.909 var0cnt=0 bage=1227
best: sum=270.7667 var=  0.2456 fitness=266.3345
-->8--
                 27       5       8 
             23       9      77       7
             64      68      73      30 
          3      80      39      76       6
         72      20      10      45      71 
     11      31      53      28      43       1
     35      55      79      67      69      62 
  4      66      33      34      19      25      14
 65      42      38      46      50      78      18
     59      37      40      56      29      74 
     21      57      51      52      60      13
         54      48      26      24      17 
         22      49      36      63      32
             41      61      70      75 
             15      47      44       2
                 58      12      16 
--8<--
