execution time: real 1800.000702s user 0.000999s sys 0.000000s
GA: P=10 K=7 sp=3 xover_cuts=2
generation #0: pop m=243.300 v=5633.328 f=-424.774 var0cnt=0 bage=0
best: sum=239.5667 var=4194.1122 fitness=-339.6820
-->8--
                 47      35      41 
             73       8      36      48
             39      34      16      46 
         27      43      12      42      57
         49       5      53      44      55 
      7      22      40      54      66      71
     50      56      19      17      64      72 
 75      58      31      59      68      74      62
 77      76      29      79       1       2      67
     24      78      80      60      14       3 
      9       4      61      11      15      51
          6      10      13      69      18 
         63      70      33      65      45
             26      28      37      38 
             23      21      32      20
                 52      25      30 
--8<--
