execution time: real 5400.008771s user 2880.334122s sys 1.682744s
GA: P=512 K=256 sp=3 xover=2D/1 aging
generation #1983: pop m=380.614 v=0.438 f=373.890
best: sum=380.7674 var=  0.1785 fitness=376.3366 age=388
-->8--
                      8       4      13 
                 12      68      59      29
                 95     108     100      69 
              9      90      42     110      10
             44      49      47      46      40 
          1      93      45      36     105       3
         58      79      85      82      78      57 
      6     106      30      86      33      98      15
     72      38      74      35      84      56      62 
 19     101      54      71      61      32      92      23
 18      91      34      88      70      53     107      22
     80      63      60      55      81      41      75 
     11     109      28      83      26     103      16
         27      87      67      66      77      39 
         21      99      48      65     104       7
             37      52      51      43      50 
              2     102      31      97      14
                 89      96      94      73 
                  5      64      76      24
                     25      20      17 
--8<--
