execution time: real 900.005221s user 402.699780s sys 15.478646s
jsgmd80: M=30 A=3 B=6 P=512 K=256 sp=3 xover=2D/3 mut=20 replace_worst=51 aging explosion=128@0.005000*128 swap=2 hexspin=2
generation #14270: pop m=260.005 v=0.202 f= -0.093
best: sum=259.9667 var=  0.0322 fitness=  0.0761 age=635
-->8--
                 48      62      20 
             31      11      69       2
             70      75      26      71 
          1      25      17      72       5
         35      78      57      60      38 
     18      51       8      28      14      13
     53      30      46      65      64      52 
 16      73      47      56      29      79      10
  9      55      36      32       4      39       3
     54      19      43      74      45      77 
     24      59      66      12      58       7
         49      37      33      67      34 
         44      21      41      80       6
             50      61      27      15 
             42      23      40      76
                 63      68      22 
--8<--
