execution time: real 7200.357779s user 13283.547593s sys 1.038842s
GA: P=50 K=10 sp=2 xover=2D/1 optrpl=2 optskip=10 optmax=1.023256
generation #11796: pop m=351.842 v=  0.828 f=342.446 best_age=6269
best: sum=370.5814 var=  0.4294 fitness=363.7085
-->8--
                     80       4      12 
                 20      86      60       7
                 27     109     107     100 
             11      49       5      84      14
             77     101      79      31      54 
          8     106      28      65      88      17
         91      32      30      93      56      46 
     39      57      73      75      38     110      16
     37      63      87      52      72      19      81 
 26      83      59      55      40      74      99       6
 50      85      33      58      62      47      61      41
     89      48      78     103      76      71      82 
     23     104      10      53       9      96      18
         22      97      69      68      70      42 
         21     102      51      95      94       2
             25      43      34      35      67 
              1     108      45      64      44
                 92      90      98      66 
                 15      29     105      13
                     36       3      24 
--8<--
