execution time: real 1800.012229s user 3517.270293s sys 0.213967s
GA: P=10 K=7 sp=3 xover_cuts=2
generation #2466: pop m=262.550 v=  0.577 f=255.872 var0cnt=0 bage=389
best: sum=274.0333 var=  0.4322 fitness=268.1530
-->8--
                  3       6      17 
             37      69      28       7
             43      76      74      75 
          4      47      21      73       1
         59      49      16      26      22 
      2      72      64      65      77       8
     63      11      40      33      58      79 
 35      68      38      56      14      30      13
 24      61      36      62      57      67      31
     23      60      42      53      48      54 
     10      71      41      20      51       9
         50      25      55      44      45 
         19      80      34      70      18
             29      39      52      46 
             27      66      78      15
                 32       5      12 
--8<--
