execution time: real 4400.179828s user 8334.042033s sys 0.604908s
GA: P=50 K=25 sp=3 xover=2D/1
generation #10791: pop m=265.567 v=  0.657 f=258.487 best_age=9116
best: sum=275.8000 var=  0.2267 fitness=271.5417
-->8--
                 27       3       7 
             23      60      56       8
             41      77      76      58 
         10      47       4      71      16
         26      73      18      45      32 
     11      78      57      62      54       1
     38      44      19      48      49      65 
 20      79       5      72      17      75      13
 22      43      50      59      28      46      24
     74      55      70      52      61      53 
     12      51      21      35      67      14
         40      30      39      33      34 
          9      80      37      63      15
             66      68      69      64 
              6      31      42      36
                 25      29       2 
--8<--
