execution time: real 405.877014s user 406.422214s sys 10.788359s
jsgmd110: M=43 A=3 B=7 P=512 K=256 sp=3 xover=2D/2 mut=4 replace_worst=5 aging explosion=128@0.005000*128 swap=2 hexspin=2
generation #9902: pop m=375.042 v=0.141 f=334.732
best: sum=375.0233 var=  0.0227 fitness=354.1578 age=9310
-->8--
                     30       4      27 
                 31      54      45      21
                 91     102     101      98 
              6      67      69      83      34
             56      58      41      33      80 
         18      97      38      48      47      15
         39      62     106     110     109      51 
      9     103      14      32      28      73      13
     68      70     100      42      92      36      94 
 10      86      26      81      71      37     108      22
 20     107      46      29      63      52      64      11
     84      40      93      89      60      78      76 
      7      82      24      66      25      75       3
         55      90      74      72      85      79 
         17      88      49      53      96       5
             43      50      61      44      35 
             19      99      57      95       1
                 77      59      65     104 
                 23     105      87       8
                     12       2      16 
--8<--
