execution time: real 1800.000354s user 0.001999s sys 0.000000s
GA: P=10 K=7 sp=3 xover_cuts=2
generation #0: pop m=246.903 v=5725.992 f=-423.512 var0cnt=0 bage=0
best: sum=240.3000 var=2931.3433 fitness=-243.9597
-->8--
                 46       9      63 
             36      44      58      65
             52      50      30      67 
         68      13      60      22      80
         75      70      77      62       1 
      3      72      78      79       2      64
      5      28       6      14      21      45 
 29       4      73      57      23      35      25
 37       7      69      47      48      39      26
     42      51      10      40      11      43 
     15      12      31      71      19      38
         76      66      17      20      74 
         54      56      27       8      16
             18      24      49      53 
             41      59      61      33
                 32      34      55 
--8<--
