execution time: real 3600.012509s user 0.026995s sys 0.001999s
generation #0: pop v=11732.977833 f=-797.821933
best(0) sum=327.86047 var=5153.93402 fitness=-425.08890

                     88      90      32 
                 44      89      91      97
                 34      47      41      99 
            100      39      95      70      50
            101      62      11      42       9 
         29      49     103      87     104      43
        108     106      27     109      54      53 
     31     107      19     110       1       2      12
    105       3       5      68       8      69      13 
 15       4       6      60      10      24      86      30
 94      16      92      74      67      59      78      82
     17      23      93      75      96      38      20 
     77      25      18      21      28      14      85
         61      66      71      35      51      65 
          7     102      63      55      45      22
             46      36      73      57      40 
             58      48      64      79      72
                 37      56      26      98 
                 52      80      83      76
                     81      84      33 

