execution time: real 1800.061454s user 3514.724680s sys 1.587758s
GA: P=20 K=10 sp=3 xover_cuts=2
generation #1456: pop m=258.972 v=  0.713 f=251.619 var0cnt=0 bage=250
best: sum=273.1667 var=  0.5389 fitness=266.6008
-->8--
                  9      15       8 
             11      29      77      10
             74      78      57      47 
          4      72      17      75       5
         36      46       3      71      43 
     39      41      58      51      32      42
     69      22      66      70      14      63 
 23      67      40      25      35      79       6
 13      49      45      60      28      48      33
     52      50      38      55      68      44 
      7      56      64      26      73      21
         59      19      31      24      18 
         20      65      34      80      16
             54      61      76      62 
             27      37      53       1
                 30      12       2 
--8<--
