execution time: real 3600.182077s user 6644.282915s sys 0.444932s
GA: P=20 K=10 sp=3 xover_cuts=2
generation #6489: pop m=358.276 v=  0.906 f=348.512 best_age=3691
best: sum=374.8140 var=  0.5235 fitness=367.2253
-->8--
                     31       5      10 
                  4      35      45       9
                 89     109      97     108 
              6     107      84     106      13
             57      16      25      20      17 
          7     100      32      44     110      14
         19      93      98      80      92      52 
     26      99      36      96      28      90      11
     88      60      53      15      75      56      61 
  2      83      33      76      82      34     105      51
 29     104      77      71      94      62      72      21
     70      18      65      37      27      46      64 
     38      95      63      91      59     102      12
         50      58      47      67      78      79 
          1      85      73      55      68       8
             87      49      41      48      40 
              3      69      43     103      42
                 81     101      86      74 
                 30      54      66      22
                     39      24      23 
--8<--
