execution time: real 1800.000331s user 3547.655674s sys 0.249962s
GA: P=20 K=10 sp=3 xover_cuts=2
generation #2062: pop m=265.640 v=  0.650 f=258.599 var0cnt=0 bage=1095
best: sum=274.2333 var=  0.1789 fitness=270.4503
-->8--
                 42      12      31 
             17      46      35      30
             38      80      70      29 
          8      51      32      79      28
         74      25      50      40      27 
      6      78      36       3      72      10
     33      26      71      62      73      48 
  9      57      39      53      24      44      18
 34      77      14      56      43      69      20
     64      61      41      37      21      75 
      2      55      58      59      47      13
         16      45      23      68      49 
         19      76       5      54       4
             63      67      65      52 
              1      60      66      15
                  7      11      22 
--8<--
