execution time: real 1800.056839s user 3525.146096s sys 1.026843s
GA: P=20 K=10 sp=3 xover_cuts=2
generation #1457: pop m=261.720 v=  0.651 f=254.646 var0cnt=0 bage=1390
best: sum=273.1667 var=  0.4056 fitness=267.4707
-->8--
                  4       3      17 
             44      62      69      13
             37      58      80      18 
         11      68       2      76       8
         67      31      36      63      34 
      1      60      79      15      74       9
     27      41      38      45      57      47 
 21      77      23      59      19      52      14
 28      66      42      64      46      78      29
     54      25      48      39      22      53 
     24      56      32      61      72       5
         49      70      30      33      43 
          7      75      26      50      20
             16      40      73      55 
              6      71      51      10
                 65      12      35 
--8<--
