jsgmd110: M=43 A=3 B=7 P=512 K=256 sp=3 xover=2D/3 mut=27 replace_worst=51 aging
generation #19980: pop m=379.076 v=0.189 f= -0.109
best: sum=379.0698 var=  0.0649 fitness=  0.0152 age=9310
-->8--
                     30       8      19 
                 20      59      70       5
                 71      99     101      80 
              7     100      42     104      11
             60      33      31      35      52 
         12     108      74      66      97       4
         43      64      55      62      82      39 
      9      92      45      91      37     105      13
     76      81      63      40      56      49      94 
 22      78      34      85      93      50      79      25
 16      90      68      46      57      27     107       2
     98      28      83      58      96      67      72 
      6     106      29      88      36      69      10
         51      65      75      44      84      54 
         14     102      47      73     110      24
             41      61      53      32      38 
             18     109      23      95      17
                 48      86     103      87 
                 26      89      77       3
                     21       1      15 
--8<--
execution time: real 662.564060s user 6.976939s sys 0.425935s
