execution time: real 7200.356449s user 13250.386635s sys 1.077836s
GA: P=50 K=10 sp=2 xover=2D/1 optrpl=2 optskip=10 optmax=1.000211
generation #11958: pop m=350.574 v=  0.782 f=341.484 best_age=7099
best: sum=371.3721 var=  0.4197 fitness=364.5776
-->8--
                     47      30       7 
                 19      61      41       8
                 43     110     108     109 
              2      91      22      98      13
             83      62      72      25      28 
         40      90      14      46      99       3
         18      64     100     104      74      65 
     12      76      42      36      23     102      16
    103      66      86      63      50      39      77 
  5      97      38      44      95      84      73       6
 26      35      67      80      34      37      94      17
    106      68      57      55      71      45     105 
      1      93      27      81      82      58       9
         69      59      70      49      78      60 
         52      75      85      31      51      29
             24      56      54      79      96 
             20      89      33      87      11
                107      53      88      48 
                 21      92     101      32
                     10       4      15 
--8<--
