execution time: real 5400.010714s user 3014.007801s sys 1.869715s
GA: P=512 K=256 sp=3 xover=2D/1 aging
generation #2102: pop m=380.872 v=0.401 f=374.445
best: sum=380.9070 var=  0.0844 fitness=377.8606 age=974
-->8--
                     20       4      11 
                  9      61      71      22
                 88      94     101      66 
              2     109      50     110      21
             54      35      27      34      45 
          1      93      65      59     105      19
         42      83      67      76      77      43 
      8     108      38      87      30      92       3
     78      48      72      31      84      58      82 
 18      97      32      86      73      40     102      13
 23     103      37      85      60      33      95      26
     62      64      69      46      91      53      63 
      7      96      25      81      29     107      16
         49      90      75      74      68      47 
          6      99      52      55      98      10
             41      39      44      57      51 
             17     106      36     100       5
                 79     104      89      70 
                 12      56      80      28
                     24      15      14 
--8<--
