execution time: real 10800.521221s user 12913.500849s sys 7.823810s
GA: P=512 K=256 sp=5 xover=1 consecopt aging
ENCODING: age=1
ENCODING:
-->8--
                 38      33      18 
             52      64      30      31
             32      65      48      53 
         42      78      39      37      34
         46      36      49      50      44 
     51      40      41      43       8      13
     55      35      56      21      47      58 
 12      54      29      45      57      59      71
 61      22      19      63      67      69      26
     60      62      66      68      70      72 
     74      23      75       9      76      79
         73      24      25      77      20 
          2       0       3      10       6
              1       4       5       7 
             15      11      16      27
                 14      17      28 
--8<--
generation #173688: pop m=257.831 v=  0.125 f=247.793
best: sum=258.0333 var=  0.0322 fitness=255.4556 age=130720
-->8--
                 11       7      22 
             15      39      73       6
             72      70      60      45 
          2      51       9      52      30
         49      17      64      61       4 
     33      67      47      12      66      50
     23      24      40      36       5      79 
 37      62      63      59      78      54       1
 18      44      55      14      13      80       3
     74      10      27      58      28      41 
     35      42      48      65      56      19
         53      76      46      38      34 
         26      32      25      16      43
             29      31      68      71 
             20      69       8      21
                 77      57      75 
--8<--
