jsgmd110: M=43 A=3 B=7 P=512 K=256 sp=3 xover=2D/3 mut=27 replace_worst=51 aging
generation #10912: pop m=380.025 v=0.163 f= -0.083
best: sum=380.0233 var=  0.0227 fitness=  0.0576 age=9310
-->8--
                     16      13       9 
                 27      68      67      11
                 64     101      99      84 
              4     104      32     110       2
             62      51      50      40      41 
          5      95      42      49     103       7
         44      76      70      91      74      47 
     26      98      46      78      23     108       1
     71      34      90      39      80      65      66 
 24     107      36      57      69      30      93      21
 17      89      58      96      88      54     106      15
     72      56      43      31      59      33      79 
     18      92      48      85      35     105      28
         53      83      77      82      94      29 
         22      75      37      38      86      14
             55      60      61      45      52 
             12      97      25     102       8
                 81     100     109      87 
                 20      63      73       3
                     19      10       6 
--8<--
execution time: real 1272.367404s user 347.511170s sys 3.266503s
