execution time: real 4400.520913s user 8368.166845s sys 0.663899s
GA: P=50 K=25 sp=3 xover=2D/1
generation #10978: pop m=262.593 v=  0.584 f=255.868 best_age=7448
best: sum=277.8000 var=  0.4267 fitness=271.9576
-->8--
                 11       3       4 
             35      36      63       7
             62      64      68      78 
          2      70      43      58      16
         20      52      14      23      25 
      6      71      34      73      77      10
     65      44      51      30      41      67 
 17      72      26      75      33      59      12
 28      50      29      40      47      74      21
     46      57      56      54      24      45 
      9      61      48      42      79      18
         55      27      38      31      37 
         13      53      32      60       5
             69      80      76      66 
             15      39      49       8
                 22       1      19 
--8<--
