execution time: real 4399.999836s user 8354.164973s sys 0.649901s
GA: P=50 K=25 sp=3 xover=2D/1
generation #11027: pop m=262.431 v=  0.599 f=255.649 best_age=2334
best: sum=275.7000 var=  0.2100 fitness=271.6012
-->8--
                  5       2       7 
             24      56      75      12
             74      54      55      79 
         17      62      33      48       4
         36      10      73      42      23 
     11      77      44      25      80       6
     40      63      53      47      35      71 
 21      49      29      34      46      61       3
 15      78      43      52      38      64       8
     72      13      65      59      32      69 
     27      70      39      31      66      18
         16      45      30      50      26 
         19      58      37      76       1
             68      67      51      57 
             28      41      60       9
                 14      20      22 
--8<--
