execution time: real 225.269064s user 225.827668s sys 6.491013s
jsgmd110: M=43 A=3 B=7 P=512 K=256 sp=3 xover=2D/2 mut=4 replace_worst=5 aging explosion=128@0.005000*128 swap=2 hexspin=2
generation #5845: pop m=365.076 v=0.189 f=311.758
best: sum=365.0698 var=  0.0649 fitness=342.8207 age=4655
-->8--
                     89      10      21 
                 34      79      59      15
                 24      82     110     106 
             46      57      25      54       6
            109      66      50      31      69 
          8      63      85      95      99       4
         58      75      29      70      48      37 
      9      52      47      36      23     108      13
     76      74      62      97     101       2     103 
 18      96      56      94      38      83     102      14
  3      67      27      22      33      49      43      16
    105      45     104      81      61      86      87 
     42      78      11      41      72      53       5
         28     100     107      77      44      91 
         73      35      32      68      65      19
             51      80      40      39      93 
             17      98      55      92      12
                 84      60      71      64 
                 26      90      88      20
                      7       1      30 
--8<--
