execution time: real 4400.351207s user 8296.114798s sys 0.710891s
GA: P=50 K=25 sp=3 xover=2D/1
generation #10257: pop m=267.033 v=  0.587 f=260.320 best_age=1481
best: sum=276.6333 var=  0.2989 fitness=271.7434
-->8--
                  4      48      28 
             11      14      61      41
             60      26      31      32 
         38      30      68      45      42
         24       6      21      35      50 
     19      43      59      27      44      71
     51      53      22      63      57      65 
 10      49      52      67      55      73      36
 13      70       2      12      33      74      40
     80      54      23      17       5      39 
     37      20      29      75      62       1
         25      34      72      46      47 
          7      69      64      66       8
             77      79      76      78 
             56      15      58      16
                  3       9      18 
--8<--
