execution time: real 450.183080s user 450.626494s sys 11.169302s
jsgmd110: M=43 A=3 B=7 P=512 K=256 sp=3 xover=2D/2 mut=3 replace_worst=32 aging explosion=128@0.005000*128 swap=2 hexspin=2
generation #10847: pop m=377.036 v=0.156 f=104.080
best: sum=377.0233 var=  0.0227 fitness=146.0928 age=9310
-->8--
                     37       3      22 
                 26      91      67      14
                 45      90      92      72 
              7      88      34     110      15
             58      80      49      38      46 
          1      99      36      54      96      10
         42      71      68      86      76      51 
     17     106      23      84      27      98       8
     94      52     101      48      47      50      75 
 16      66      24      53      85      79      95       2
 20     107     100      78      32      41      77      19
     74      28      21      81      93      35     109 
     12      97      70      63      43     103      13
         59      61      64      65      62      40 
          5      82      69      60     108       9
             73      31      56      39      55 
              4      83      33     102      29
                104     105      87      44 
                 11      57      89      30
                     18       6      25 
--8<--
