execution time: real 1800.000713s user 0.000999s sys 0.000000s
GA: P=10 K=7 sp=3 xover_cuts=2
generation #0: pop m=245.043 v=5793.613 f=-434.495 var0cnt=0 bage=0
best: sum=248.5667 var=4799.2456 fitness=-371.0620
-->8--
                 72       3      19 
             62      16      42      57
             63      59      68      47 
         73      36      70      27      11
         76      31      77      79      58 
     52      74      78      33      37      69
      2      80      38      54      40       4 
 14       1      71      51      50       5      25
  7      64       8      10      20      24      26
      6       9      13      23      75      43 
     66      18      32      41      56      12
         28      39      44      15      30 
         46      48      67      65      29
             34      22      45      61 
             35      60      53      21
                 17      49      55 
--8<--
