execution time: real 3600.000047s user 0.026995s sys 0.020996s
GA: P=10 K=7 sp=3 xover_cuts=2
generation #1282: pop m=356.135 v=  0.723 f=347.401 var0cnt=0 bage=436
best: sum=368.1395 var=  0.5387 fitness=360.4419
-->8--
                     17      12      23 
                 18      91      14      25
                 68     106      94     109 
             10      67      52     103      27
             92      26      11      70      13 
          6     105     107      37      46       1
          5      73      40      86     108      99 
     28      88      16      87      21     102       7
    100      84      64      58      75      29      30 
  8      63      43     104      41      32     101      20
  4      95      61      59      74      89      79      42
     98      22      35      33      57      39      96 
     19      81      78      83      71      97       3
         53      93      80      49      15      54 
         45      36      31      82      85      48
             60      51      44      66      69 
             50     110      55      56       2
                 62      77      65      90 
                 34      76      72      47
                      9      24      38 
--8<--
