execution time: real 1800.000174s user 3362.049890s sys 0.222966s
GA: P=10 K=7 sp=3 xover_cuts=2
generation #2346: pop m=261.420 v=  0.522 f=255.036 var0cnt=0 bage=1191
best: sum=270.6333 var=  0.2322 fitness=266.3231
-->8--
                 26       5      12 
             43      71      34       1
             44      79      70      75 
          6       7      11      78      17
         77      73      33      14      13 
      3      63      68      65      74       4
     30      25      18      22      67      76 
 19      72      24      64      29      37      32
 40      49      58      80      21      60      31
     61      42      27      54      57      35 
     10      53      41      45      55      16
         56      50      23      39      48 
          8      52      36      62      20
             51      69      66      47 
             46      38      59      28
                 15       2       9 
--8<--
