execution time: real 1800.015723s user 3500.608826s sys 0.742887s
GA: P=20 K=10 sp=3 xover_cuts=2
generation #1509: pop m=261.545 v=  0.538 f=255.052 var0cnt=0 bage=350
best: sum=273.1333 var=  0.3156 fitness=268.1089
-->8--
                 29       8       4 
             25      10      67       6
             60      72      78      66 
          5      77      38      53       2
         40      18      14      26      56 
     16      73      54      64      69      22
     59      28      51      30      34      47 
 35      57      49      61      50      45      43
  7      63      33      31      32      55      41
     52      44      48      68      58      42 
     24      71      39      23      80      11
         19      37      65      13      27 
          1      75      36      62      15
             70      21      74      76 
              9      79      46      12
                 20      17       3 
--8<--
