execution time: real 1799.999932s user 3238.576661s sys 0.505923s
GA: P=20 K=10 sp=3 xover_cuts=2
generation #12618: pop m=264.630 v=  0.576 f=258.013 best_age=380
best: sum=277.0333 var=  0.1656 fitness=273.3940
-->8--
                  8       2      10 
             18      50      32       6
             49      77      71      80 
          1      75      44      78       3
         46      33      11      43      21 
      5      73      37      31      52      27
     66      28      68      76      58      48 
 16      59      38      54      17      72       9
 12      70      25      41      20      74      13
     53      57      51      69      36      61 
     23      45      34      42      63      24
         29      65      40      47      19 
         22      56      15      79      30
             60      67      55      39 
             26      64      62       7
                  4      14      35 
--8<--
