jsgmd80: M=30 A=3 B=6 P=512 K=256 sp=3 xover=2D/3 mut=20 replace_worst=51 aging
generation #11439: pop m=279.041 v=0.175 f= -0.059
best: sum=279.0333 var=  0.0322 fitness=  0.0840 age=10198
-->8--
                 20       3      16 
             21      58      57      17
             42      64      73      41 
         12      74      24      75       2
         35      44      50      27      54 
      6      72      23      30      80       5
     49      38      76      67      22      40 
  7      79      26      33      53      78      28
 14      71      34      45      19      55      18
     59      31      65      62      52      60 
     11      56      46      32      66       4
         51      47      29      48      43 
          1      63      25      77       9
             61      69      68      36 
             10      39      70      13
                 37       8      15 
--8<--
execution time: real 900.283859s user 279.264545s sys 0.246962s
