execution time: real 900.187674s user 316.173934s sys 0.401938s
jsgmd80: M=30 A=3 B=6 P=512 K=256 sp=3 xover=2D/3 mut=20 replace_worst=51 aging explosion=128@0.005000*128 swap=2 hexspin=2
generation #13184: pop m=281.036 v=0.161 f=277.876
best: sum=281.0333 var=  0.0322 fitness=279.4278 age=12005
-->8--
                 18       6      20 
             21      44      61       9
             55      70      67      56 
          5      73      33      68       3
         35      38      26      50      24 
      8      76      41      37      80      15
     54      39      65      53      36      49 
 23      69      22      59      25      77      19
 12      75      30      47      40      71       2
     48      46      58      57      32      63 
      4      74      45      31      79       7
         34      28      43      42      29 
         11      72      27      78       1
             62      66      60      52 
             16      51      64      10
                 14      13      17 
--8<--
