jsgmd224: M=94 A=3 B=10 P=512 K=256 sp=3 xover=2D/3 mut=56 replace_worst=51 aging
generation #87093: pop m=748.096 v=0.217 f= -0.182
best: sum=748.0745 var=  0.0689 fitness= -0.0334 age=268
-->8--
                                100       7      35 
                             64     120      84      38
                            119     165     209     160 
                         17     180     164     223       3
                        126     121      44      66      93 
                     21     185      74      42     203      30
                     76     139     159     207     169      36 
                 41     201      70     222      61     218      18
                 57     177     108      52      68      71     186 
             12     196      53     137     138     161     219      31
            123     136     130     133     163      89      65      34 
         19     224      56     187     125     129     143     213      33
         55     116     134      62     183      99      72     217      98 
     28     211      82     179      58      49     216      39     153       1
    173      92     166      86     168     200     124     106     154     150 
 10     190      81     101     195      90      60     191      79     192      23
 11     212      78     176      46      47     131     194      43     193      16
    152      95     146     144     202     220      48     135      87     174 
     14     208      63     117      88      77      83     182     221       4
         67     158     102     151     114     189     107      80      69 
          8     210     105     145     132     140      54     184      27
             97     110     128     118      96     175     142     167 
             22     215      75     112     149      32     197      13
                 94     115     170     141     156     148      45 
                 40     181      50     104      51     206      25
                    103     157     171     147     155     127 
                     26     172     113     122     214       9
                        109      85      91      59      37 
                          6     198      73     204      29
                            178     188     199     205 
                             20     162     111       5
                                  2      15      24 
--8<--
execution time: real 7200.081436s user 11432.018069s sys 2822.620896s
