execution time: real 1800.305778s user 3232.904523s sys 0.545917s
GA: P=20 K=10 sp=3 xover_cuts=2
generation #13009: pop m=265.832 v=  0.660 f=258.763 best_age=879
best: sum=277.7667 var=  0.3122 fitness=272.7689
-->8--
                 18      11       2 
             15      51      53      16
             47      77      61      67 
          3      70      25      79       5
         29      50      39       9      41 
      1      78      17      65      76      26
     63      35      56      64      34      45 
  6      71      43      36      30      55      24
  8      60      27      54      57      73      13
     69      42      62      38      28      68 
     10      49      46      44      80       7
         48      52      33      31      22 
         14      40      32      66      20
             74      75      72      59 
             19      58      37      21
                 12       4      23 
--8<--
