execution time: real 974.254842s user 426.337186s sys 18.207232s
jsgmd110: M=43 A=3 B=7 P=512 K=256 sp=3 xover=2D/3 mut=27 replace_worst=51 aging explosion=128@0.005000*128 swap=2 hexspin=2
generation #12291: pop m=380.021 v=0.158 f=376.440
best: sum=380.0233 var=  0.0227 fitness=378.4425 age=9310
-->8--
                     23       4      21 
                 25      66      65       7
                 58     101      88      89 
              8     107      56     110       3
             69      29      38      41      39 
          9     109      49      47      98      17
         33      54     102      84      76      42 
     12     106      37      60      34     108       6
     86      50      74      36      62      57      75 
 19      93      59      71     104      43      92      28
 15      87      27      82      55      31      96      10
     80      64      67      32      85      61      79 
     13      91      53      83      30     100      20
         45      78      63      95      73      24 
         26      94      40      48      99      14
             46      52      51      35      70 
              5     103      44      97       2
                 81      90     105      77 
                 22      68      72      11
                     16       1      18 
--8<--
