jsgmd110: M=43 A=3 B=7 P=512 K=256 sp=3 xover=2D/3 mut=27 replace_worst=51 aging
generation #15740: pop m=379.067 v=0.196 f= -0.116
best: sum=379.0698 var=  0.0649 fitness=  0.0152 age=9310
-->8--
                     23       2      10 
                 34      75      69       7
                 43     101      94      95 
              9     103      39     104      15
             74      40      25      37      44 
          8     110      71      80      84       1
         36      55      72      54      98      63 
      6      96      32      77      26      89      16
     86      58      82      38      79      28      81 
 18      97      56      78     105      60     102      24
 12      90      29      46      42      45      91      19
     76      49      88      70      48      53      62 
     14      99      31      85      66     106      20
         51      83      59      68      61      47 
          4      92      73      64      87      21
             50      41      30      33      57 
              3      93      35     108      27
                100     107     109      67 
                 22      52      65      13
                      5      11      17 
--8<--
execution time: real 798.125011s user 519.033094s sys 2.261656s
