execution time: real 301.888505s user 304.799663s sys 10.584390s
jsgmd110: M=43 A=3 B=7 P=512 K=256 sp=3 xover=2D/2 mut=4 replace_worst=5 aging explosion=128@0.005000*128 swap=2 hexspin=2
generation #8159: pop m=355.924 v=0.176 f= 63.070
best: sum=355.9302 var=  0.0649 fitness= 93.8957 age=4655
-->8--
                     16      15      83 
                 84      89      92       1
                 38      28      45     109 
             42     101      87      26      30
             50      47      40      55     104 
         49      78      53     103      32       4
         48      64      35      27     105      80 
      9      66      79      98      34      31      61
     99      43      23      19      88      29      97 
 20      91      81     102      90      69      58      70
  7      44      72      21      18       5     110       8
     95      25      57     106      86      85      13 
     24     108      52      74      17      56      10
         60      41      46      54     107      82 
         12      73      77      94      33       2
             62      67      11      51      76 
             14      65      36      96      63
                 75     100      68      37 
                  6      71      59      93
                     39      22       3 
--8<--
