execution time: real 1800.022488s user 642.797279s sys 5.315191s
jsgmd110: M=43 A=3 B=7 P=512 K=256 sp=3 xover=2D/3 mut=27 replace_worst=51 aging explosion=128@0.005000*128 swap=2 hexspin=2
generation #16908: pop m=328.016 v=0.214 f= -0.075
best: sum=328.0000 var=  0.0465 fitness=  0.0922 age=762
-->8--
                    101      82      12 
                 33      41      78      34
                 38      39       3      94 
             27      76      85     107      32
             92      24      25       6      88 
         54      71      79     102       1     105
         69      23      21      65      74      56 
     83      19     110      36      80       4     108
     40     103      44      20      46      37      30 
 95      14      29      97      81      87      93      52
 49      53      84       5      16      28      22      35
     77      45      68     109      70      61      96 
     86      50      15      59      67      42      99
         17      66      72       7      60       8 
         31      91      75      89      58      62
             73       9      26      47      98 
              2      63      55      64      18
                 90     100      48      43 
                 13      11      10     106
                     51     104      57 
--8<--
