execution time: real 3600.019021s user 3587.918553s sys 0.660899s
generation #1840377: pop v=408.991310 f=193.381197
best(471448) sum=342.32558 var= 0.40562 fitness=335.64586

                     17      13      92 
                105      60      95       9
                 67      85      79      23 
             76       8      11      44      28
             88      27     104      94      57 
         83      77     107      10      96      37
         15      34      29      80      21      30 
     54      45      68      12      41     102      38
     47      72     108     101      61      82      40 
 31     109      14      24      48      35      51      81
  3      84      58      64      39      86      70       4
     69       5      75      66      73      19      97 
     25     110       7      32      78      36      62
         49      87      99      55      50      59 
          1      42      74      65       6      91
             53      33      16      89     100 
            103      93      56      98      22
                 18      71      20      26 
                  2     106      46      90
                     52      43      63 

