execution time: real 4400.325060s user 8354.408936s sys 0.729889s
GA: P=50 K=25 sp=3 xover=2D/1
generation #10841: pop m=265.471 v=  0.675 f=258.233 best_age=10025
best: sum=277.6333 var=  0.4322 fitness=271.7530
-->8--
                 28       2       6 
             11      74      58      25
             38      50      73      54 
          5      76      21      61       9
         30      72      26      45      49 
     16      57      32      52      60      22
     53      42      40      69      39      29 
 24      80      35      59      12      79      13
  4      66       8      64      31      70      23
     51      47      71      44      46      63 
     14      65      20      37      77       3
         34      67      43      41      19 
          7      56      17      78      27
             48      75      62      36 
             10      55      68      15
                 33       1      18 
--8<--
