execution time: real 1800.000787s user 3251.309725s sys 0.516921s
GA: P=20 K=10 sp=3 xover_cuts=2
generation #11763: pop m=271.522 v=  0.637 f=264.535 best_age=5752
best: sum=279.0000 var=  0.2000 fitness=275.0000
-->8--
                  2      40      25 
             71      58      18      13
             53      47      31      14 
         11       7      54      43      19
         56      55      12      38      46 
     22      63      36      16      41      49
     29      42      32      50      35      70 
  9      77      28      60      39      80      62
  3      76      21      51      68      44      17
     72      45      59      48      37       4 
     30      57      27      33      73      10
         61      65      78      79      24 
          1      64      66      75      15
             74      67      69      52 
              5      26      34      23
                  6       8      20 
--8<--
