execution time: real 1800.009822s user 3540.374781s sys 0.720890s
GA: P=20 K=10 sp=3 xover_cuts=2
generation #1481: pop m=261.508 v=  0.553 f=254.972 var0cnt=0 bage=1082
best: sum=273.1667 var=  0.4056 fitness=267.4707
-->8--
                 20       2       6 
              9      51      50       3
             69      63      71      66 
          1      61      36      77      22
         47      17      64      10      24 
      5      78      33      14      75      21
     49      26      70      65      53      42 
 39      68      48      29      56      59      19
 27      38      60      43      13      62      15
     52      34      23      67      30      76 
     16      79      46      55      73       7
         54      31      40      35      25 
          8      74      45      41      18
             28      37      57      80 
             44      58      72      12
                 32       4      11 
--8<--
