execution time: real 203.171397s user 207.088517s sys 7.148913s
jsgmd110: M=43 A=3 B=7 P=512 K=256 sp=3 xover=2D/2 mut=4 replace_worst=5 aging explosion=128@0.005000*128 swap=2 hexspin=2
generation #5118: pop m=343.072 v=0.200 f=  7.779
best: sum=343.0465 var=  0.0443 fitness=  7.9335 age=4655
-->8--
                     58      34      93 
                 36      61      84       3
                 90      74      10      54 
             15      24      81      99      14
             85     101      17      51      53 
         12      28      46      86      72      78
         35      96      56      40      88      19 
     65      87      16      98       6      33      31
     50      30      67      80     110      57     106 
 20      76      47      26       9      49      97      38
 95      25      62     100      91      18      13      21
     77     103      41      37      66     109      68 
     32      23      59       1      73      69       2
         83      55     105      75       8      82 
         48      42      39      94      71       5
             92      43      29      22     108 
             70      89      64      27      63
                  7      79     107      52 
                 60       4      44     102
                    104      45      11 
--8<--
