execution time: real 504.485909s user 717.799877s sys 267.453340s
jsgmd110: M=43 A=3 B=7 P=512 K=256 sp=3 xover=2D/2 mut=4 replace_worst=5 aging explosion=128@0.005000*128 swap=2 hexspin=2
generation #9767: pop m=379.058 v=0.156 f=333.577
best: sum=379.0465 var=  0.0443 fitness=350.2161 age=9310
-->8--
                     21       7      12 
                 18      72      81       5
                 83      87      95      82 
              9      98      37     104      11
             48      51      52      59      27 
          2      90      54      32      96      22
         66      70      85      91      78      46 
      6     103      29      65      23     110       3
     41      61      76      55      71      73      63 
  8     102      40      69      74      24      84      25
 34     101      44      42      79      64      89      30
     93      31     108      60      67      45      88 
     10     105      16      53      28     107       1
         39      75     100      92      68      49 
          4      99      56      36      97      20
             57      33      43      58      38 
             17      94      47     109      15
                 80     106      86      62 
                 14      50      77      26
                     35      13      19 
--8<--
