execution time: real 1800.000478s user 0.017997s sys 0.018997s
GA: P=10 K=7 sp=3 xover_cuts=2
generation #2478: pop m=262.310 v=  0.642 f=255.341 var0cnt=0 bage=1252
best: sum=274.2667 var=  0.3289 fitness=269.1372
-->8--
                  8       3      11 
             38      68      72       9
             37      60      70      78 
          7      63       1      34       6
         35      56      79      58      23 
     10      77      15      33      75      14
     73      24      80      36      45      41 
 19      55      22      31      28      76      26
 18      71      29      64      49      62      17
     39      74      48      67      13      52 
      5      53      25      30      69      27
         32      44      40      46      51 
         21      66      43      50       4
             59      57      65      54 
             20      61      47      42
                 12       2      16 
--8<--
