execution time: real 356.844839s user 358.812452s sys 10.980330s
jsgmd110: M=43 A=3 B=7 P=512 K=256 sp=3 xover=2D/3 mut=27 replace_worst=51 aging explosion=128@0.005000*128 swap=2 hexspin=2
generation #10469: pop m=380.053 v=0.151 f=376.347
best: sum=380.0465 var=  0.0443 fitness=377.8378 age=9310
-->8--
                     22      15       3 
                 26      72      67       9
                 74      85     103      93 
              8     101      38     105      14
             51      52      49      41      28 
         19      94      55      44      99      12
         45      69      70      73      80      64 
     10     102      40      89      43      98       1
     79      54      78      27      77      32      81 
 17      90      37      76      71      50     104       4
 24      95      36      88      84      56      91      18
     75      68      65      34      42      47      82 
     21      86      33     100      63     106      23
         35      92      60      57      66      31 
          7     108      58      46     109      20
             53      29      59      39      48 
              6      97      30     110      13
                 87     107      96      61 
                 16      62      83       5
                     11       2      25 
--8<--
