execution time: real 1800.000242s user 3233.656409s sys 0.528919s
GA: P=20 K=10 sp=3 xover_cuts=2
generation #12711: pop m=268.265 v=  0.656 f=261.271 best_age=2379
best: sum=277.7667 var=  0.2456 fitness=273.3345
-->8--
                 19       2       4 
             21      66      55       7
             44      48      67      76 
         15      80      40      68       8
         42      27      31      34      39 
     11      70      51      38      53      10
     58      35      79      46      50      74 
 24      62      16      32      56      52      17
 20      73      33      75       5      54      23
     41      60      43      64      61      57 
      6      72      45      29      69       9
         26      25      22      49      28 
         13      77      37      78      18
             65      71      63      36 
             14      47      59      30
                  3       1      12 
--8<--
