execution time: real 4400.131939s user 2253.002491s sys 0.910861s
GA: P=50 K=10 sp=2 xover=2D/1 optrpl=2 optskip=10 optmax=1.033333
generation #8709: pop m=257.764 v= 82.817 f=239.303 best_age=6759
best: sum=274.7333 var=  0.3289 fitness=269.6039
-->8--
                  7       8       2 
             31      38      72       4
             46      75      76      42 
          9      78       6      79      10
         19      55      17      63      18 
      3      67      45      33      62      22
     73      39      49      66      37      70 
 11      74      20      64      14      65      12
 16      60      30      51      36      69       5
     40      52      61      44      53      54 
     50      48      41      56      58      15
         25      43      21      28      26 
         13      68      32      57      59
             77      71      80      47 
              1      34      35      29
                 24      23      27 
--8<--
