execution time: real 1800.000034s user 3545.661977s sys 0.230964s
GA: P=20 K=10 sp=3 xover_cuts=2
generation #2119: pop m=268.182 v=  0.611 f=261.299 var0cnt=0 bage=440
best: sum=277.0333 var=  0.3656 fitness=271.6255
-->8--
                  5       1      19 
             14      52      68       3
             55      71      63      66 
         10      80      22      57       2
         29      40      35      56      61 
     32      62      30      43      36      25
     51      54      58      59      49      46 
 26      50      33      53      34      60      20
 27      77      47      17      44      67      11
     45      16      69      70      23      73 
     15      76      38      41      79       7
         48      31      42      21      28 
          8      78      24      75       9
             37      64      74      65 
             13      72      39      18
                 12       4       6 
--8<--
