execution time: real 1800.178290s user 1812.049526s sys 33.179955s
jsgmd110: M=43 A=3 B=7 P=512 K=256 sp=3 xover=2D/3 mut=27 replace_worst=51 aging explosion=128@0.005000*128 swap=2 hexspin=2
generation #52496: pop m=339.006 v=0.298 f= -0.226
best: sum=339.0698 var=  0.0649 fitness=  0.0068 age=11
-->8--
                     77      46      90 
                 11      86      83      31
                 52      39      40      15 
             36      74      45      80     103
             79      54      89      63      19 
         23      44      38      22      59      58
         97      75      32      82      95       3 
     16      21      96      76      18     105      70
     91      47      43      14     107       5      48 
 29      67      57      78      42       9     108       8
 37      87      12      98      94      35      73       1
     28      69      51      13      53     109     101 
     56      92      55      81      33      24       2
          7      60      41      65      85      30 
        104      50      71      61      68      99
             26      62      20      27      34 
             88     110      66      93     100
                  4      10      72      17 
                106      25     102      49
                     84      64       6 
--8<--
