execution time: real 1800.000473s user 0.019996s sys 0.015997s
GA: P=10 K=7 sp=3 xover_cuts=2
generation #2516: pop m=259.090 v=  0.809 f=251.275 var0cnt=0 bage=238
best: sum=274.1667 var=  0.3389 fitness=268.9598
-->8--
                 22       1      16 
             15      78      56      18
             29      70      52      57 
          9      60      17      76       6
         69      48      49      28      46 
      3      59      31      53      61       4
     51      34      65      71      47      42 
  8      58      38       5      14      75      35
 27      62      37      66      39      63      19
     68      44      64      80      36      40 
      7      43      20      33      32      30
         50      67      10      54      73 
         11      77      26      79      13
             25      74      72      23 
             12      45      55      21
                 41       2      24 
--8<--
