jsgmd110: M=43 A=3 B=7 P=512 K=256 sp=3 xover=2D/3 mut=27 replace_worst=51 aging
generation #16032: pop m=379.044 v=0.170 f= -0.090
best: sum=379.0465 var=  0.0443 fitness=  0.0358 age=9310
-->8--
                     27       4       3 
                 21      74      63       5
                 73      95     106      93 
             25      89      37     109      17
             51      41      49      35      24 
         16     100      68      43     101      14
         52      55      84      76      91      46 
      9     105      31      59      33     103      11
     75      44      88      39      80      30      81 
  7      94      57      78      92      42     108      26
  6     110      38      70      60      28     107      10
     87      36      48      40      77      64      47 
     19      98      62      90      45     104       1
         29      97      69      67      61      56 
         22      54      32      71      82      18
             79      65      50      53      58 
             13     102      34      99       2
                 66      96      72      85 
                 20      83      86      15
                     12       8      23 
--8<--
execution time: real 1415.336935s user 503.130512s sys 6.075076s
