execution time: real 1800.000351s user 0.020996s sys 0.012998s
GA: P=10 K=7 sp=3 xover_cuts=2
generation #2501: pop m=259.653 v=  0.511 f=253.308 var0cnt=0 bage=2032
best: sum=271.3333 var=  0.2889 fitness=266.5259
-->8--
                 29       8       3 
             33      26      61       4
             48      69      75      72 
         10      66      32      57       1
         19      79      20      12      62 
      2      49       5      76      68       7
     71      53      64      47      38      37 
 11      78      21      59      30      60      17
 13      63      15      54      55      65      18
     36      41      58      27      23      74 
     46      35      56      70      52      16
         50      67       6      44      42 
          9      80      28      51      43
             31      34      73      39 
             24      77      45      22
                 25      14      40 
--8<--
