execution time: real 434.072220s user 680.672522s sys 173.545617s
jsgmd80: M=30 A=3 B=6 P=512 K=256 sp=3 xover=2D/3 mut=20 replace_worst=51 aging explosion=128@0.005000*128 swap=2 hexspin=2
generation #14677: pop m=240.051 v=0.222 f= -0.022
best: sum=240.0333 var=  0.0322 fitness=  0.1678 age=12801
-->8--
                 52      41      19 
             43      18      54      36
             33      30      39      72 
          5      64      58      21      77
         80      27      15      37       1 
     22      31      46      70      32      73
     38      29      51      14      42      76 
 11      40      56      44      45      16       2
 79      55       3      60      28      35      61
     17      57      26      49      74      50 
      9      24      67      13       7       6
         78      63      25      69      68 
         59      12      20      65      23
              4      53      48       8 
             71      34      10      47
                 66      75      62 
--8<--
