execution time: real 1800.180372s user 1790.780759s sys 24.223317s
jsgmd110: M=43 A=3 B=7 P=512 K=256 sp=3 xover=2D/3 mut=27 replace_worst=51 aging explosion=128@0.005000*128 swap=2 hexspin=2
generation #48728: pop m=348.979 v=0.237 f= -0.163
best: sum=348.9302 var=  0.0649 fitness=  0.0089 age=171
-->8--
                     34      19      22 
                 46      57      94      35
                 83      66      65     108 
             37      63      48      25       4
             93      50      62      90      15 
         80      23      60      59     107      96
         40      99      61      58      17      11 
     41      14      56      49      18     103       7
    104      73      76      32     109     101      27 
  3      77      31      75      82       1     100       6
  2      74      43      53      95      10      70     102
     89      51      71      12      52      67      44 
     21      69      24      97      84      26     106
         45      91      92       9     110      36 
          8      98      16      47      78      13
             38      28      88      20      86 
             42      64      68      54      81
                 79      85      72      30 
                  5      29      55      33
                     87      39     105 
--8<--
