execution time: real 1800.000376s user 3234.405295s sys 0.581911s
GA: P=20 K=10 sp=3 xover_cuts=2
generation #12712: pop m=265.817 v=  0.635 f=258.871 best_age=8993
best: sum=275.9000 var=  0.2233 fitness=271.6731
-->8--
                 19       1      15 
             30      72      21      13
             52      59      74      73 
          5      44      49      80      17
         65      34      11      25      20 
      3      76      79      37      61      18
     39      24      40      42      54      70 
 10      69      22      67      57      53      14
 29      78      55      47       4      75      16
     50      28      46      58      33      48 
     23      66      45      41      77       8
         31      36      38      63      35 
          9      71      27      56       2
             62      60      51      43 
             12      64      68      32
                  7       6      26 
--8<--
