found: sum=170.0000 var=  0.0000 fitness=170.0000
-->8--
             16      54      26 
         14      40       3      52
         29      38      30      25 
     24      33       5      34       1
     35       4      37      22      49 
 32      45      53      42      39       7
 46       2      19      13      23       8
     10      47       6      31      44 
     51      12      36      43       9
         48      50      41      20 
         27      15      17      21
             18      11      28 
--8<--
found: sum=177.0000 var=  0.0000 fitness=177.0000
-->8--
             48       2       4 
          9      18      40       5
         17      51      46      33 
     37      34      20      49      41
     15      22       7       1      32 
  8      52      43      54      21      29
 36      19       3      42      53      12
     47      38      28       6      30 
     11      27      31      26      23
         35      50      44      39 
         16      25      13      45
             24      14      10 
--8<--
execution time: real 1799.977878s user 0.120981s sys 0.107983s
GA: P=10 K=7 sp=3 xover_cuts=2
generation #17239: pop m=176.684 v=  0.391 f=172.145 var0cnt=0 bage=10387
best: sum=190.2105 var=  0.1662 fitness=187.2147
-->8--
             16       3      13 
         17      30      28      15
         29      51      52      32 
     12      47      26      50       1
     49       9      20       6      48 
 10      44      38      36      53       7
  2      46      33      40      41      11
     39      21      23      14      31 
      8      34      25      45      24
         42      54      43      35 
          5      37      27      18
             19       4      22 
--8<--
