execution time: real 1800.000332s user 0.000999s sys 0.000999s
GA: P=10 K=7 sp=3 xover_cuts=2
generation #0: pop m=243.470 v=6510.362 f=-475.317 var0cnt=0 bage=0
best: sum=232.2667 var=4672.7956 fitness=-379.1445
-->8--
                  9      56      67 
             40      70      62      41
             66      22      65      68 
         57      50      42      72      79
         13      74      77      20      80 
     69      47      78      25       1      11
      4       2      24       5      58      29 
 55       3      17       8      10      12      75
 18      15      19      49      21      64      38
     52      59      28       7      63      33 
     60      27      16      53      54      30
         23      34      39      46      35 
         73      76      14      32      61
             51      45      44      31 
             36       6      71      43
                 26      37      48 
--8<--
