execution time: real 1800.000488s user 3116.615202s sys 0.672897s
GA: P=20 K=10 sp=3 xover_cuts=2
generation #12641: pop m=267.253 v=  0.620 f=260.509 best_age=8817
best: sum=276.8000 var=  0.1600 fitness=273.2223
-->8--
                  6      22      18 
             11      61      35      17
             54      76      79      65 
          8      69       3      62       1
         36      64      28      66      49 
     19      46      37      39      34      21
     50      53      45      60      63      40 
  5      73      31      67      15      70      13
 23      58      30      56      24      72      10
     68      32      48      55      33      71 
      4      74      42      47      80      12
         41      51      29      38       9 
          2      52      26      59      16
             57      77      78      75 
             43      27      44       7
                 20      25      14 
--8<--
