execution time: real 1800.000628s user 3544.856099s sys 0.238963s
GA: P=20 K=10 sp=3 xover_cuts=2
generation #2034: pop m=266.288 v=  0.582 f=259.686 var0cnt=0 bage=215
best: sum=274.7333 var=  0.3289 fitness=269.6039
-->8--
                 26      31      33 
             11      39      43       5
             41      80      78      40 
         22      77       4      76       2
         38      44      15      49      48 
      8      54      55      53      60      19
     51      67      18      59      23      58 
 16      57      37      75      30      66      25
 14      64       3      69      12      71      21
     73      47      72      29      74      34 
      9      50      56      36      61      10
         32      46      13      63      24 
         27      52      28      65      20
             68      79      70      42 
              7      62      35      45
                  6       1      17 
--8<--
