execution time: real 204.851096s user 208.476306s sys 7.107919s
jsgmd80: M=30 A=3 B=6 P=512 K=256 sp=2 xover=2D/2 mut=4 replace_worst=8 aging explosion=128@0.005000*128 swap=2 hexspin=2
generation #7238: pop m=251.048 v=0.160 f=  2.979
best: sum=251.0333 var=  0.0322 fitness=  3.1057 age=6401
-->8--
                 56      24      27 
             23      63      74      64
             60      10      46      21 
         38      39      34      19      47
         49      61      57      69      62 
     48       4      50      26      33      20
     45      73      53      36      43      76 
  7      32      11      29      44      17       2
 51      41      52      71      55      80       8
     75      42      35      16      12      68 
     13      15      67      37      72       1
         65      40      25      59      18 
          3      58      31      22      66
             70      30      77      14 
              5      79       6      78
                  9      28      54 
--8<--
