jsgmd80: M=30 A=3 B=6 P=512 K=256 sp=3 xover=2D/3 mut=20 replace_worst=51 aging explosion=128@0.005000*128 swap=2 hexspin=2
generation #10803: pop m=265.028 v=0.198 f=  7.641
best: sum=265.0333 var=  0.0322 fitness=  9.4375 age=9146
-->8--
                 11      13      22 
             31      67      71      70
             61      41      38      16 
         21      54      35      48      53
         55      42      59      28      40 
      7      32      34      57      80       2
     69      50      45       5      29      78 
 26      52      62      65      66      36      10
  6      33      19      18      43      74      63
     79      49      56      68      17       4 
     15      64      47      37      73      51
         25      30      39      27      46 
          9      60      14      76      20
             77      75      72      23 
              8      44      58      12
                  1       3      24 
--8<--
execution time: real 900.156977s user 289.116047s sys 0.255961s
