execution time: real 1800.048630s user 3548.092607s sys 0.217966s
GA: P=20 K=10 sp=3 xover_cuts=2
generation #2002: pop m=264.415 v=  0.646 f=257.330 var0cnt=0 bage=970
best: sum=274.0333 var=  0.2989 fitness=269.1434
-->8--
                 23       2       1 
             39      22      53       4
             61      52      71      70 
          6      77      74      75       3
         33      24       7      27      20 
     17      73      40      21      79       5
     54      56      67      76      62      42 
 32      41      14      63       8      66      10
 16      68      34      47      15      80      19
     64      60      49      65      43      57 
     11      46      37      45      72       9
         25      48      30      35      13 
         26      50      51      58      28
             78      59      55      69 
             12      44      36      18
                 31      29      38 
--8<--
