execution time: real 1800.488806s user 3447.218943s sys 0.596909s
GA: P=10 K=7 sp=3 xover_cuts=2
generation #2469: pop m=262.600 v=  0.656 f=255.498 var0cnt=0 bage=2185
best: sum=273.0667 var=  0.3289 fitness=267.9372
-->8--
                 11      29      25 
             13      33      35      40
             71      72      65      30 
         21      73      39      78      22
         12      17      24       9      64 
      6      79      49      58      70       8
     43      57      55      37      52      27 
  7      76      16      50      47      53      56
 31      41      46      44      28      45      15
     75      36      63      67      48      77 
     23      66      42      19      51      34
         32      20      38      60      18 
         14      80      26      74       1
             61      68      54      69 
              3      59      62       5
                  2       4      10 
--8<--
