jsgmd110: M=43 A=3 B=7 P=512 K=256 sp=3 xover=2D/3 mut=27 replace_worst=51 aging
generation #36326: pop m=378.952 v=0.171 f= -0.091
best: sum=378.9535 var=  0.0443 fitness=  0.0358 age=8526
-->8--
                     26      12      20 
                 31      66      83      21
                 60     103      87      78 
              7      93      28      90       3
             73      55      56      57      59 
         16      91      44      61      92       2
         39      64      75      68      77      49 
     13      96      50      74      24     100       4
     67      69      63      36      88      65      54 
 10      95      37      81      89      25     107      46
 18     104      27      99      29      51      79      17
     85      47      72      45      97      52      76 
      6     105      30      62      38     101       1
         32      98      71     108      40      70 
          9     102      43      42     110      23
             33      35      53      41      34 
             19     106      48     109       5
                 84      94      86      80 
                 15      58      82       8
                     22      11      14 
--8<--
execution time: real 1800.331556s user 1203.791995s sys 13.323974s
