found: sum=174.0000 var=  0.0000 fitness=174.0000
-->8--
              1       4      10 
         28      44       3      53
         39      42      52      54 
     14      20      29       2      34
     23      27      47      11      32 
 12      51       9      33      41      30
 19      43      31      17      48      18
     26      13      37      24       5 
     25      22      21      40      49
         45      50      35       8 
         15       6      46      38
             36      16       7 
--8<--
execution time: real 1799.983390s user 0.207968s sys 0.313952s
GA: P=10 K=7 sp=3 xover_cuts=2
generation #16486: pop m=180.121 v=  0.396 f=175.628 var0cnt=0 bage=10012
best: sum=189.6842 var=  0.2161 fitness=186.2684
-->8--
             12       7       8 
          9      37      29       5
         40      54      43      52 
     13      38      20      53       1
     48      15      26       3      31 
 11      35      36      45      50      18
 28      47      27      32      41      16
     21      30      24      19      33 
     14      34      23      49       2
         44      51      42      46 
          4      39      25       6
             17      10      22 
--8<--
