execution time: real 4400.177006s user 8337.545500s sys 0.623905s
GA: P=50 K=25 sp=3 xover=2D/1
generation #10636: pop m=265.343 v=  0.678 f=258.134 best_age=4963
best: sum=277.0667 var=  0.3289 fitness=271.9372
-->8--
                 15       6      10 
              8      45      79       9
             80      54      71      59 
          3      75      23      49       4
         30      29      20      56      62 
     21      60      76      58      47      16
     50      39      38      44      36      43 
  5      77      35      41      37      73      14
  7      74      28      78      25      63      17
     64      24      57      51      42      67 
     11      70      32      27      72      13
         34      65      33      61      19 
          1      55      40      68      12
             53      52      48      46 
             22      69      66      18
                 26       2      31 
--8<--
