execution time: real 1800.000170s user 3382.747744s sys 0.712891s
GA: P=10 K=7 sp=3 xover_cuts=2
generation #2395: pop m=260.990 v=  0.737 f=253.618 var0cnt=0 bage=1135
best: sum=273.9333 var=  0.3289 fitness=268.8039
-->8--
                 13      11       4 
             23      41      51       5
             40      78      72      74 
         35      79      20      68       3
         21      24      33      65      27 
      9      75      39      16      37      36
     45      54      67      61      48      46 
 26      69      15      57      47      80      17
 31      73      58      32      14      43      12
     30       6      44      64      42      76 
     38      77      55      29      63      28
         50      34      49      62      22 
          8      52      18      56       2
             53      66      60      70 
             19      59      71      10
                 25       1       7 
--8<--
