execution time: real 1799.999952s user 3528.571575s sys 0.258960s
GA: P=20 K=10 sp=3 xover_cuts=2
generation #2034: pop m=264.965 v=  0.611 f=258.162 best_age=86
best: sum=276.1667 var=  0.2722 fitness=271.5000
-->8--
                 27       4      15 
             20      63      33       6
             47      79      78      65 
          7      40      19      80      12
         75      57      28      31      14 
     10      50      53      39      74       3
     49      23      42      61      38      77 
  9      69      51      54      34      70       1
 29      62      25      37      30      72       8
     58      46      68      60      32      48 
     41      56      36      52      59      21
         13      45      24      43      44 
         16      71      35      55       2
             76      64      67      73 
             17      26      66       5
                 22      18      11 
--8<--
