execution time: real 606.997344s user 915.549815s sys 266.965415s
jsgmd110: M=43 A=3 B=7 P=512 K=256 sp=3 xover=2D/3 mut=27 replace_worst=51 aging explosion=128@0.005000*128 swap=2 hexspin=2
generation #14985: pop m=380.852 v=0.221 f=376.101
best: sum=380.8605 var=  0.1201 fitness=377.2263 age=9310
-->8--
                     20      11      15 
                 24      61      62      22
                 65     100     108      70 
             13     110      39     104      25
             50      49      43      45      46 
          7      94      40      42      91       5
         48      89      81      85      88      44 
      6      93      28      90      30     107       1
     76      71      68      33      69      51      79 
 17      87      32      80      74      36      99       4
 23      92      47      82      83      59     101      14
     86      52      72      29      60      35      84 
      8     106      27      98      54     109      18
         37      77      73      57      64      34 
         10      97      66      55      95      21
             53      41      31      56      58 
              9     102      38     105       3
                 78     103      96      63 
                 19      67      75      26
                     12       2      16 
--8<--
