execution time: real 1800.012527s user 3545.894942s sys 0.230964s
GA: P=20 K=10 sp=3 xover_cuts=2
generation #2043: pop m=266.103 v=  0.547 f=259.556 var0cnt=0 bage=836
best: sum=275.8333 var=  0.3389 fitness=270.6265
-->8--
                 14       5      10 
             11      44      53       4
             62      65      75      78 
          9      80      34      55       2
         35      18      36      70      13 
     23      72      43       7      57      30
     38      33      71      59      58      52 
 16      74      39      60      25      66      20
 17      63      27      37      31      67      21
     68      41      42      64      29      50 
     15      56      61      54      73      12
         32      48      19      24      45 
         40      49      22      79       8
             51      76      77      47 
             46      26      69       1
                 28       6       3 
--8<--
