execution time: real 9303.855230s user 1500.805842s sys 1.471776s
GA: P=10 K=7 sp=3 xover_cuts=2
generation #1081: pop m=258.770 v=  0.672 f=251.586 var0cnt=0 bage=629
best: sum=271.6333 var=  0.4322 fitness=265.7530
-->8--
                 19       4      14 
             17      70      53      28
             40      45      78      24 
          2      80      22      74       3
         54      29      37      56      67 
     26      68      59       5      49      13
     36      18      50      73      43      21 
 12      69      47      48      46      79      75
 44      72      39      32       8      35      20
     38      27      55      64      60      41 
     34      76      23      66      65      10
         25      51      33       9      61 
         11      57      30      63      15
             52      77      71      58 
              7      62      31      42
                 16       1       6 
--8<--
