execution time: real 3600.027911s user 0.010998s sys 0.015997s
GA: P=10 K=7 sp=3 xover_cuts=2
generation #1305: pop m=354.607 v=  0.745 f=345.781 var0cnt=0 bage=678
best: sum=368.6977 var=  0.3505 fitness=362.4888
-->8--
                     33       2       7 
                 34      54     108       8
                 39     101     103      37 
              6     107       1     106       3
             83      29      32      98      25 
         11     104      99      28     100      52
         26      86      46      62      43      53 
     44      59       5     102      38      96       4
     97      63     105      60      93      87      81 
 21      80      50      51      14      12      48      79
 22      94      42      64      91      82     109      16
     55      40      57      88      76      31      35 
      9     110      49      20      27      95      13
         61      71      90      68      58      84 
         17      36      56      66      75      10
             73      67      69      74      47 
             23      92      19      72      24
                 78      65      70      77 
                 18      85      89      15
                     30      41      45 
--8<--
