execution time: real 3600.178307s user 6693.157485s sys 0.423935s
GA: P=20 K=10 sp=3 xover_cuts=2
generation #6834: pop m=360.793 v=  0.877 f=351.286 best_age=1555
best: sum=374.5116 var=  0.4824 fitness=367.2270
-->8--
                     24       9       7 
                 37      45      96       6
                 55     106     103     100 
             11     107      16      63      17
             41      59      68      22     108 
          5     101      19     102      65      13
         49      84      77      51      54      62 
     26      95      34      58      81      72      18
     52      47      87      48      70      36      83 
 15     105      28      71      66      61     104      32
 20      89      64      82      80      38      85      30
     94      43      42      27      60      50      40 
      8     110      46      86      44     109      35
         31      69      92      76      73      56 
         39      57      12      33      97      14
             67      98      75      53      25 
              1      74      23      99      10
                 79      93      91      90 
                 29      78      88       3
                     21       2       4 
--8<--
