execution time: real 518.869338s user 522.213611s sys 16.631471s
jsgmd110: M=43 A=3 B=7 P=512 K=256 sp=3 xover=2D/2 mut=4 replace_worst=5 aging explosion=128@0.005000*128 swap=2 hexspin=2
generation #13593: pop m=376.059 v=0.156 f=  4.803
best: sum=376.0465 var=  0.0443 fitness=  5.6835 age=9310
-->8--
                     32       7      17 
                 24      56      96      14
                 53     102      94      45 
             19     109      21     110       6
             89      38      40      27      83 
         33      68      66      84     106      11
         36      73     101      31      70      34 
     23      77      30      54      58      72       4
     99      46      98      43      85      65      93 
  1      95      52      50     105      26     108      28
  5     107      41      64      59      20      78       9
     69      35      71      55      81      79      60 
     12      91      48      88      18      92      25
         62      90      51      75      86      42 
         37      67      57      61      87      22
             29      63      44      49      47 
             16      97      39      80      13
                104      76     103     100 
                 15      74      82       3
                     10       2       8 
--8<--
