execution time: real 1800.000165s user 0.000000s sys 0.000999s
GA: P=10 K=7 sp=3 xover_cuts=2
generation #0: pop m=241.483 v=6475.577 f=-477.294 var0cnt=0 bage=0
best: sum=245.4333 var=5533.7789 fitness=-419.9255
-->8--
                 36      37      72 
             62      64      65      73
             68      15      69      74 
         38      67      71      75      13
         34      32      79       5       2 
      4      78      80       1       3      10
      8       6      39      24      30      11 
 28      58       9      59      22      27      14
 49       7      33      57      55      40      17
     43      26      48      53      47      76 
     12      77      56      45      21      44
         18      63      19      20      41 
         46      35      51      25      60
             23      66      52      16 
             42      29      61      54
                 31      70      50 
--8<--
