execution time: real 1800.207068s user 3547.935631s sys 0.260960s
GA: P=20 K=10 sp=3 xover_cuts=2
generation #2058: pop m=264.985 v=  0.617 f=258.084 var0cnt=0 bage=703
best: sum=275.7000 var=  0.4100 fitness=269.9729
-->8--
                 25       5      27 
             24      45      49      21
             48      55      78      20 
         11      79      44      80      33
         18      43      17      35      40 
      4      77      37      22      68       1
     58      42      67      69      73      29 
  3      76       9      64       8      65      38
 46      70      26      53      30      61      12
     23      54      57      52      39      71 
     32      63      47      31      74      16
         34      28      36      50      14 
         13      66      41      56       7
             72      59      60      75 
              6      62      51      19
                 10       2      15 
--8<--
