execution time: real 1800.305393s user 3236.075041s sys 0.520920s
GA: P=20 K=10 sp=3 xover_cuts=2
generation #12664: pop m=263.827 v=  0.582 f=257.170 best_age=1567
best: sum=276.2667 var=  0.3289 fitness=271.1372
-->8--
                 15      23      18 
              7      58      37      11
             60      77      76      61 
          9      59       5      73       2
         35      46      33      50      19 
     12      67      56      39      71      26
     40      43      52      42      27      78 
  1      79      13      54      47      55       8
  3      80      32      69      36      64      21
     74      29      57      28      48      51 
     16      72      49      53      66      17
          6      38      20      45      30 
         41      75      31      65       4
             44      63      62      68 
             14      70      25      34
                 10      24      22 
--8<--
