execution time: real 1800.000450s user 3361.329000s sys 0.203968s
GA: P=10 K=7 sp=3 xover_cuts=2
generation #2410: pop m=262.373 v=  0.727 f=255.065 var0cnt=0 bage=871
best: sum=276.0667 var=  0.3956 fitness=270.4413
-->8--
                 21       2       9 
             26      57      37       8
             40      62      80      76 
          3      70      39      66      13
         50      34      12      30      14 
      1      79      59      49      77      17
     75      16      41      68      44      52 
 19      56      46      48       7      72      11
 27      74      15      65      28      67      20
     25      69      60      61      58      54 
     22      55      24      38      47      18
         31      53      29      43      33 
          4      63      42      73      35
             71      64      51      45 
             10      36      78      23
                 32       5       6 
--8<--
