execution time: real 4400.510583s user 8333.976043s sys 0.563914s
GA: P=50 K=25 sp=3 xover=2D/1
generation #11073: pop m=266.503 v=  0.616 f=259.673 best_age=1893
best: sum=277.2333 var=  0.2456 fitness=272.8011
-->8--
                  4       3       6 
             40      46      80       8
             39      73      65      56 
         11      75      10      62      14
         21      55      19      54      30 
     20      76      45      67      61      23
     50      36      41      37      27      66 
 16      74      25      68      32      70       5
 18      59      33      58      34      72      17
     60      51      52      48      43      47 
     13      78      42      53      71       9
         15      22      24      28      35 
         31      63      49      79       1
             69      77      44      64 
             29      38      57       7
                  2      12      26 
--8<--
