jsgmd110: M=43 A=3 B=7 P=512 K=256 sp=3 xover=2D/3 mut=27 replace_worst=51 aging
generation #27972: pop m=377.998 v=0.195 f= -0.115
best: sum=377.9535 var=  0.0443 fitness=  0.0356 age=273
-->8--
                     26       4       1 
                 33      65      77       3
                 69      90     107      81 
             10      95      35     109      15
             59      60      66      31      56 
          9      85      32      30      86      16
         63      71     102     106      87      29 
     11      91      28      42      38     104       5
     79      46      84      52      89      37      93 
 13      88      58      70      51      23     110      25
 19     105      41      49     101      67      44      12
     74      40      76      55      47      97      94 
      6     103      43      72      20      78       8
         50      75      82      83      68      57 
         22      80      62      45      98      24
             48      36      34      64      53 
             14     108      39     100       2
                 92      99      96      61 
                 18      54      73      21
                      7      17      27 
--8<--
execution time: real 1800.153266s user 892.435329s sys 1.244810s
