execution time: real 1799.999674s user 3530.540276s sys 2.140674s
GA: P=20 K=10 sp=3 xover_cuts=2
generation #1996: pop m=264.563 v=  0.681 f=257.353 var0cnt=0 bage=407
best: sum=275.5000 var=  0.3167 fitness=270.4668
-->8--
                  9      18      14 
             17      76      35      19
             50      80      56      78 
         16      44      10      73       4
         22      67      38      48      20 
     24      77      36      51      52      28
     66      15      57      65      33      64 
 13      72      23      29      26      79      12
 11      59      60      61      37      74       3
     55      47      45      58      27      43 
      5      63      40      42      69       1
         46      21      30      41      62 
          8      70      39      71       2
             68      75      53      31 
              7      49      34      54
                  6      25      32 
--8<--
