execution time: real 10800.511126s user 3773.956271s sys 17.193386s
GA: P=512 K=256 sp=4 xover=1 consecopt aging
ENCODING: age=1
ENCODING:
-->8--
                 59      47      42 
             41      38      43      31
             34      58      55      40 
         44      36      21      27      48
         63      45      22      62      25 
     65      35      33      26      64      50
     49      46      37      28      56      39 
 29      67      17      66      60      61      12
 32      30      15      68       9      70      71
     51      52      69      53      54      57 
     74      72      75      18      20      79
         73      76      77      78       0 
         23       1       3      14       6
              2       4       5       7 
             11       8      13      19
                 10      16      24 
--8<--
generation #123066: pop m=251.068 v=  0.063 f=236.111
best: sum=251.0667 var=  0.0622 fitness=236.3598 age=118755
-->8--
                 10      27      11 
             15       7      48      45
             78      69      54      13 
          2      72      46      80      67
         33       8       9      12      23 
     49      58      47      50      56       3
     74      20      77      52      59      66 
  6      17      41      16      22      44      37
 76      53      55      28      62       4      21
     25      65      34      71      60      79 
     32      40      19      29       5      35
         36      38      70      24      68 
         30      64      42      73      51
             43      18      14      31 
             61      39      75       1
                 26      63      57 
--8<--
