execution time: real 172808.540328s user 12311.250405s sys 852.206444s
generation #103107894
fit=656.10788 sum=671.21277 var= 1.01856

                                189      98      73 
                              0      92     164     179
                            180     134      40     126 
                          3      77     144      90     191
                         79     171      17     205      59 
                     12     162     128     175       1     178
                     87     163      33     113     147     114 
                 11     168      14     206      30     172      57
                173     194      74     129     176      24     118 
             43      38      58     215      16     123     186      70
             13     187     149      76      95     151     105      60 
        148     217      45      99     140     111      81     132      25
         80      68     122     216       4     146     131     135     121 
     49     145      32      41     137     174      52      88     198      34
    116     158     199     200      46     102     133      56      85      15 
  9     124      69      78      29     209      65     210     109     218     213
212     104     177     106     142     195      31     108     167       6      61
    107      39      42     117      51      67     125      22      86     159 
    214     183     181      55     103     160     139     221      63     202
         23      50     170     201      97     150      54     112     155 
         64     141      84     143      53     161     166      83      62
            211      44      20      75      48       2      35     196 
            152      96     220     204     156     190     157     182
                 27     208       7     136     115     120      18 
                100      47     101     154      82     138     203
                    193      89      71      26      28      36 
                    110     223      66     224      93     222
                         10     119     130     219     153 
                         94     188       5      72     127
                             37     165      19       8 
                            169      91     184     197
                                 21     207     192 

