execution time: real 4400.000422s user 8368.137849s sys 0.650901s
GA: P=50 K=25 sp=3 xover=2D/1
generation #11466: pop m=268.961 v=  0.615 f=262.054 best_age=5901
best: sum=278.1000 var=  0.2233 fitness=273.8731
-->8--
                 30       2      11 
             29      55      68      10
             63      44      73      65 
         14      57      36      51       9
         43      54      22      49      40 
     15      48      66      46      64      20
     58      45      39      59      27      67 
 21      69      25      47      33      60       6
  5      72      35      70      17      80      23
     53      32      62      52      61      42 
     13      74      37      31      76      12
         34      38      26      41       8 
          4      78      24      79       3
             50      75      77      71 
              1      56      28       7
                 19      18      16 
--8<--
