execution time: real 1800.170138s user 3544.971082s sys 0.237963s
GA: P=20 K=10 sp=3 xover_cuts=2
generation #2061: pop m=262.633 v=  0.606 f=255.815 var0cnt=0 bage=635
best: sum=272.7000 var=  0.2100 fitness=268.6012
-->8--
                 26       7       2 
             28      73      21      31
             36      71      77      74 
         22      39      24      67      15
         65      34      44      20      19 
     14      76      60      41      78       3
     40      35      54      49      56      50 
 32      43      13      25      29      66       8
 30      58      61      69      47      52      17
     70      63      51      53      23      80 
     18      16      27      62      42      37
         48      55      11      46      38 
         10      75      33      64       4
             68      72      57      79 
             12      45      59       5
                  1       6       9 
--8<--
