execution time: real 4400.000726s user 8347.563977s sys 0.695894s
GA: P=50 K=25 sp=3 xover=2D/1
generation #11256: pop m=265.605 v=  0.589 f=258.887 best_age=5076
best: sum=276.0333 var=  0.2322 fitness=271.7231
-->8--
                 28       7       1 
             26      48      69       2
             35      68      75      57 
          5      71       9      72      11
         53      54      33      74      27 
     18      58      42      13      34      16
     31      37      65      61      56      77 
 17      79      20      63      38      66       8
 15      64      30      55      22      49      24
     70      46      44      36      45      52 
      3      62      43      73      76      14
         32      51      25      23      40 
         12      78      29      67      10
             41      50      59      60 
              6      80      39      47
                 21      19       4 
--8<--
