execution time: real 1800.447000s user 3544.827104s sys 0.222966s
GA: P=20 K=10 sp=3 xover_cuts=2
generation #2055: pop m=264.923 v=  0.575 f=258.284 var0cnt=0 bage=999
best: sum=275.1333 var=  0.3156 fitness=270.1089
-->8--
                 15       5       6 
             22      55      44      19
             30      75      73      70 
         20      78      23      63       2
         54      29       3      62      43 
     13      64      66      52      36      11
     49      24      65      47      57      61 
 31      71      27      42      21      67       4
 32      59      48      56      50      69       1
     34      46      37      58      12      74 
     17      40      51      45      77       8
         79      53      28      33      35 
         10      68      16      80       9
             25      60      72      41 
             39      76      38      18
                  7      14      26 
--8<--
