execution time: real 3600.175318s user 6671.742740s sys 0.471928s
GA: P=20 K=10 sp=3 xover_cuts=2
generation #6962: pop m=361.209 v=  0.879 f=351.619 best_age=1233
best: sum=373.5814 var=  0.3364 fitness=367.4983
-->8--
                     18      21      20 
                  7      46      90      10
                 95     110      66      81 
             13      98      41     107       3
             25      69      43      30      74 
         17      73      12      87      78      34
         89      86     106      72      50      38 
      1      84      29      54      57     100       2
     77      40      76      80      51      47      94 
 42      83      58      28      59      67      93      27
 36      75      55      92      63      65      70      11
     60      62      64      52      68      32      79 
     23     105      35      31      56     108      14
         48      53      99     104      44      71 
         45      96       9      39     109       5
             26      82      91      22      37 
              6      61      33      88      16
                103      97     101     102 
                  4      85      49      19
                     24       8      15 
--8<--
