execution time: real 1800.180155s user 0.022996s sys 0.014997s
GA: P=10 K=7 sp=3 xover_cuts=2
generation #2517: pop m=258.663 v=  0.555 f=252.037 var0cnt=0 bage=1124
best: sum=272.9667 var=  0.3656 fitness=267.5589
-->8--
                 14       4       3 
             35      23      77       7
             69      61      45      75 
          9      71      63      65       6
         20      42      10      12      55 
     19      62      26      79      60      11
     40      52      76      24      38      56 
  8      80      16      57      59      53      32
 13      68      18      31      54      48      46
     64      39      74      49      22      37 
     17      44      51      43      78      30
         41      47      25      27      58 
         21      50      33      72       2
             70      67      73      36 
             15      66      34      28
                  5       1      29 
--8<--
