execution time: real 1800.000804s user 3524.960124s sys 0.207968s
GA: P=20 K=10 sp=3 xover_cuts=2
generation #2047: pop m=266.100 v=  0.608 f=259.223 best_age=1124
best: sum=275.0667 var=  0.2622 fitness=270.4865
-->8--
                 16       2       8 
             21      68      64       5
             53      67      47      75 
         17      49      27      76      11
         22      65      23      59      30 
     12      69      44      43      24      14
     60      38      42      72      73      77 
 35      74      18      51       4      57       3
  1      40      55      46      45      71       6
     66      50      62      56      25      61 
     13      52      37      33      80      10
         54      20      41      36      28 
         31      79      29      78      19
             39      70      58      34 
              9      63      48      32
                 15       7      26 
--8<--
