execution time: real 457.432110s user 707.099504s sys 197.813927s
jsgmd110: M=43 A=3 B=7 P=512 K=256 sp=3 xover=2D/3 mut=27 replace_worst=51 aging explosion=128@0.005000*128 swap=2 hexspin=2
generation #11636: pop m=380.897 v=0.186 f=376.618
best: sum=380.9070 var=  0.0844 fitness=377.8606 age=9310
-->8--
                     25      12      22 
                 21      65      82       2
                 66      94      92      88 
              6     109      36      95       3
             54      44      45      52      35 
         11     102      53      61     108      13
         32      77      74      55      71      57 
     15     105      31      93      34      97       1
     73      60      70      49      81      56      62 
 26      96      38      64      69      42     107      10
 16      98      41      90      76      27     106      17
     72      48      78      33      86      43      79 
      5      99      30      83      28     110      14
         59      85      67      75      87      29 
          7      91      58      51     101       8
             40      50      47      39      46 
             20     100      37     103      23
                 80      89     104      68 
                 18      84      63      19
                      9       4      24 
--8<--
