execution time: real 500.835034s user 500.657888s sys 9.492556s
jsgmd110: M=43 A=3 B=7 P=512 K=256 sp=3 xover=2D/3 mut=27 replace_worst=51 aging explosion=128@0.005000*128 swap=2 hexspin=2
generation #14479: pop m=380.032 v=0.165 f=376.392
best: sum=380.0233 var=  0.0227 fitness=378.4425 age=9310
-->8--
                     19      15      22 
                 26      65      70      13
                 78     101      77      88 
              6      91      52     110       2
             55      51      45      36      49 
         14      99      40      60      95      20
         31      75      67      85      72      37 
     21     106      48      83      32     107      18
     76      38      86      30      61      74      47 
 29     108      27      66      89      34      97       8
 10      94      59      73      64      42     109      23
     63      54      69      58      90      24      96 
     17     102      28      71      35     105       3
         50      68      81      62      84      43 
         16     103      56      53     100       9
             41      44      57      46      39 
              7      92      33     104      12
                 93      98      87      79 
                 11      82      80       5
                      4       1      25 
--8<--
