execution time: real 1800.001617s user 0.021996s sys 0.036994s
GA: P=10 K=7 sp=3 xover_cuts=2
generation #3234: pop m=261.163 v=  0.763 f=253.503 var0cnt=0 bage=1774
best: sum=273.7667 var=  0.3789 fitness=268.2611
-->8--
                 15      10       4 
              9      64      36       8
             77      58      76      69 
         28      50      30      80       6
         31      25      34      38       5 
      2      62      78      16      75       3
     73      27      47      61      71      67 
 12      79      35      37      13      53      33
 23      41      26      54      68      40      21
     46      65      74      42      29      59 
     22      44      20      32      55      39
         56      45      52      48      51 
          1      72      19      60      17
             57      66      63      43 
             18      49      70      24
                 11       7      14 
--8<--
