jsgmd110: M=43 A=3 B=7 P=512 K=256 sp=3 xover=2D/3 mut=27 replace_worst=51 aging
generation #31258: pop m=379.027 v=0.215 f= -0.135
best: sum=379.0233 var=  0.0692 fitness=  0.0109 age=194
-->8--
                     33       2      10 
                 19      66      76       8
                 70     107     104      79 
              6      84      24     102       3
             71      59      55      52      45 
          4      89      51      42      98      16
         53      61      57      82      78      34 
     13     101      62      92      27     108      12
     58      64      56      39      91      46      81 
 23      90      35      73      48      29      97      20
 15     105      47     103      49      75      95       9
     88      38      65      67      87      37      77 
      7     110      36      40      30      96       5
         31      83      68     106      54      69 
         17      94      72      43      86       1
             44      26      50      60      74 
             22     100      32      85      11
                 93      99     109      63 
                 25      41      80      28
                     21      18      14 
--8<--
execution time: real 1800.415293s user 991.147322s sys 1.364792s
