execution time: real 4400.000914s user 8342.517744s sys 1.390788s
GA: P=50 K=25 sp=3 xover=2D/1
generation #10874: pop m=267.842 v=  0.641 f=260.826 best_age=9278
best: sum=278.1000 var=  0.2900 fitness=273.2834
-->8--
                 10       3      13 
             37      40      79      15
             56      78      74      25 
          4      57       5      71      12
         27      72      32      51      44 
     19      62      34      46      75       9
     64      38      58      41      42      45 
 17      68      14      67      23      63       1
 24      76      28      60      22      77      31
     29      54      50      66      52      61 
      7      69      30      33      70       2
         43      48      39      35      16 
          6      53      36      80      11
             59      73      55      65 
             20      47      49       8
                 26      18      21 
--8<--
