execution time: real 4400.000299s user 2408.448860s sys 2.405634s
GA: P=50 K=10 sp=2 xover=2D/1 optrpl=2 optskip=10 optmax=1.033333
generation #9289: pop m=258.893 v= 16.139 f=246.748 best_age=1360
best: sum=274.6667 var=  0.5556 fitness=268.0000
-->8--
                 16       7      14 
              4      59      26      13
             76      57      77      78 
          5      64      48      67      12
         44      23       9      19      27 
     10      63      73      56      71       8
     41      45      42      43      33      75 
 20      72      29      50      53      60       1
 25      52      36      68      15      79       2
     65      40      49      47      35      58 
     21      51      61      31      80       6
         46      37      18      66      17 
         32      74      30      62      11
             34      55      69      38 
             39      70      28      54
                  3      22      24 
--8<--
