execution time: real 1800.068019s user 3546.193896s sys 0.218966s
GA: P=20 K=10 sp=3 xover_cuts=2
generation #2026: pop m=264.485 v=  0.568 f=257.903 var0cnt=0 bage=1741
best: sum=273.8667 var=  0.3156 fitness=268.8423
-->8--
                  9       1      31 
             16      65      28      20
             48      62      80      35 
         23      75      38      79       7
         32      29      11      44      39 
     10      67      59      21      71       3
     42      50      61      64      60      46 
  5      73       8      58      15      55      17
 34      77      41      36      54      68      19
     43      24      70      47      22      69 
     63      30      53      66      45      18
         37      56       2      40      52 
         25      76      14      74       6
             49      72      78      57 
             12      51      33      27
                 13      26       4 
--8<--
