execution time: real 3600.168975s user 6673.871417s sys 0.647901s
GA: P=20 K=10 sp=3 xover_cuts=2
generation #6626: pop m=360.963 v=  0.821 f=351.641 best_age=1391
best: sum=373.1860 var=  0.3375 fitness=367.0932
-->8--
                     20       5      14 
                 18      88      21      34
                 35     107     106      97 
              6     105      46     101       8
            100      28       9      31      27 
         19      99      79      80     110      39
         33      24      84      61      41      69 
      3      98      59      60      50      87       2
     83      63      47      38      75     109      48 
 11      94      82      86      89      12      58      52
 30      64      26      51      67      53     104      45
     91      44      81      42      78      36      66 
      4      93      43      54      70      96       1
         77      85     102      62      40      72 
         10      32      55      71      74      23
             76      57      29      56      68 
             15     103      37      73       7
                 90      92     108      95 
                 13      49      65      16
                     25      22      17 
--8<--
