execution time: real 3600.181378s user 6604.388980s sys 0.529919s
GA: P=20 K=10 sp=3 xover_cuts=2
generation #6892: pop m=364.209 v=  0.740 f=355.300 best_age=2312
best: sum=374.4651 var=  0.3883 fitness=367.9294
-->8--
                     29      11       2 
                 42     108      45       9
                 24      75     104     105 
              3      97      31     110      27
             85      62      22       8      32 
          7     102      88     100      92      38
         58      36      34      54      80      46 
      1      87      53      76      41      86       6
     81      65      84      70      63      79      91 
 28      82      50      57      71      26      67      15
 30      94      40      66      55      61     107       4
     60      43      78      56      98      35      90 
     16      93      74      52      25      73      10
         68      47      48      89      83      59 
         12     109      64      72      99      21
             44      33      49       5      39 
             19     101      51     103      23
                 69      77      95     106 
                 14      96      37      13
                     17      18      20 
--8<--
