execution time: real 4400.000535s user 8361.966787s sys 0.631903s
GA: P=50 K=25 sp=3 xover=2D/1
generation #11142: pop m=265.708 v=  0.624 f=258.829 best_age=7190
best: sum=279.1333 var=  0.2489 fitness=274.6711
-->8--
                 21       1       4 
             36      45      73       3
             48      72      70      58 
          2      57      19      71      11
         34      64      20      44      28 
     10      74      47      56      67      22
     66      30      52      62      25      61 
  8      65      12      42      24      76       9
 14      80      51      60      37      68      27
     46      41      63      54      50      38 
      5      59      39      32      77      13
         49      26      31      29      33 
         23      79      35      78       7
             43      69      75      55 
             17      53      40      16
                 18       6      15 
--8<--
