execution time: real 148.410964s user 159.278785s sys 0.241963s
GA: P=60 K=20 sp=3 xover=2D/1
generation #10077: pop m=251.600 v=203.997 f=144.965 best_age=9847
best: sum=267.7333 var=  1.7289 fitness=255.9728
-->8--
                 22       1      16 
             15      62      39       8
             14      77      65      69 
         40      79      25      71      11
          5      63      18       9      32 
     20      67       6      78      76      10
     53      54      75      36      38      74 
 13      68       3      56      31      37      17
 49      50      29      45      73      44      26
     35      64      60      24      46      70 
     43      23      51      55      30      21
         52      42      34      41      57 
         27      58      33      72       7
             66      48      28      61 
              4      80      59       2
                 12      19      47 
--8<--
