execution time: real 1800.231150s user 0.014997s sys 0.018997s
GA: P=10 K=7 sp=3 xover_cuts=2
generation #2537: pop m=260.883 v=  0.706 f=253.537 var0cnt=0 bage=1119
best: sum=274.8667 var=  0.1822 fitness=271.0486
-->8--
                 24      32      12 
             28      48      77       2
             42      55      49      56 
          8      78      13      79       5
         27      40      52      29      33 
     11      80      37      53      73       4
     47      34      69      44      30      68 
  6      76      14      20      46      67       1
  9      72      57      75      16      66       3
     65      23      39      74      50      70 
     19      71      43      26      45       7
         25      41      18      64      36 
         17      60      54      51      21
             61      59      62      58 
             35      22      63      10
                 38      15      31 
--8<--
