execution time: real 1800.000193s user 3232.807538s sys 0.548916s
GA: P=20 K=10 sp=3 xover_cuts=2
generation #12953: pop m=267.577 v=  0.614 f=260.698 best_age=9321
best: sum=276.8333 var=  0.2722 fitness=272.1667
-->8--
                  9      12       5 
             29      38      47       1
             49      73      72      78 
         10      79      35      74       6
         33      41      18      17      48 
     13      64      31      61      53      21
     51      60      55      66      57      54 
  7      56      25      46      24      44      11
 36      52      34      58      43      77      22
     75      50      59      39      32      68 
      2      69      23      70      67      14
         30      42      28      26      19 
          8      63      40      76      27
             65      80      37      62 
              4      45      71      16
                 20       3      15 
--8<--
