execution time: real 1800.001256s user 3229.577029s sys 0.529919s
GA: P=20 K=10 sp=3 xover_cuts=2
generation #12787: pop m=266.375 v=  0.648 f=259.320 best_age=531
best: sum=277.8333 var=  0.2722 fitness=273.1667
-->8--
                 27       8       5 
             19      57      59       6
             41      56      77      54 
         12      78      21      76       1
         40      35      45      32      42 
      2      71      43      26      73       3
     72      25      51      63      46      39 
  4      67      53      50      38      75      22
 14      69      36      23      55      34      29
     52      28      66      48      31      79 
     15      70      47      61      65      11
         44      30      33      18      58 
         10      64      24      74      13
             60      80      68      49 
             17      37      62       9
                 20       7      16 
--8<--
