execution time: real 1800.046531s user 3538.776024s sys 0.734888s
GA: P=20 K=10 sp=3 xover_cuts=2
generation #1480: pop m=260.968 v=  0.601 f=254.141 var0cnt=0 bage=510
best: sum=275.7667 var=  0.3789 fitness=270.2611
-->8--
                 31       4       5 
             18      26      73      13
             52      70      58      51 
         15      79      45      76      23
         48       7      17      43      33 
      2      74      59      36      50      22
     46      29      65      69      35      71 
 27      77      41      30      44      64      10
 24      38      25      61      19      80      11
     63      66      54      53      34      40 
      3      57      32      28      75      37
         49      42      47      67       9 
         16      72       6      68       1
             39      78      60      56 
             12      55      62       8
                 20      14      21 
--8<--
