jsgmd80: M=30 A=3 B=6 P=512 K=256 sp=3 xover=2D/3 mut=20 replace_worst=51 aging
generation #14748: pop m=280.888 v=0.201 f= -0.084
best: sum=280.9000 var=  0.0900 fitness=  0.0270 age=12801
-->8--
                 13      10      18 
             22      44      60      16
             51      76      66      57 
          8      75      25      64       1
         30      38      24      48      34 
      3      78      43      54      77      12
     59      39      46      47      26      58 
 21      72      37      67      29      74       5
 11      68      23      45      40      80       9
     49      42      63      53      32      55 
     19      70      52      41      79       7
         33      31      27      36      28 
         14      71      35      73       4
             62      65      69      61 
             15      50      56      20
                 17       6       2 
--8<--
execution time: real 449.261259s user 665.262864s sys 201.027439s
