execution time: real 1800.000132s user 3523.746309s sys 0.232964s
GA: P=20 K=10 sp=3 xover_cuts=2
generation #2019: pop m=266.238 v=  0.611 f=259.366 best_age=441
best: sum=273.5667 var=  0.2456 fitness=269.1345
-->8--
                  4       8       6 
             46      38      72       1
             63      43      62      78 
         21      80      51      55      10
         31       5      23      59      22 
     15      74      71      24      49      28
     54      48      39      53      70      29 
 13      52      37      64      19      75      11
 18      60      41      34      42      65      25
     76      35      58      61       3      68 
     14      56      44      50      73       7
         33      40      27      45      57 
         30      67      17      69       9
             47      79      66      20 
             12      32      77      26
                 36       2      16 
--8<--
