jsgmd80: M=30 A=3 B=6 P=512 K=256 sp=3 xover=2D/3 mut=20 replace_worst=51 aging
generation #14747: pop m=280.037 v=0.165 f= -0.048
best: sum=280.0333 var=  0.0322 fitness=  0.0845 age=12801
-->8--
                 21      13      15 
             24      60      68      20
             58      53      52      59 
         10      64      34      66       2
         40      41      23      48      27 
      1      67      65      57      78      14
     62      35      44      37      29      63 
  6      75      28      54      31      69       5
 12      71      33      70      42      79       3
     55      38      51      46      30      61 
      7      77      45      43      80       8
         32      36      25      39      22 
          9      76      26      74      18
             50      72      73      47 
             16      49      56      19
                 17       4      11 
--8<--
execution time: real 655.200194s user 324.266703s sys 0.494924s
