execution time: real 3600.180565s user 6675.506168s sys 0.459930s
GA: P=20 K=10 sp=3 xover_cuts=2
generation #6702: pop m=361.843 v=  0.694 f=353.287 best_age=5184
best: sum=372.9302 var=  0.2975 fitness=367.2101
-->8--
                     18       3      21 
                 56      58      26      16
                 60     110     108     105 
              6      71      68      97       1
             99      28      20      25      94 
          2     109      75      55      51      11
         44      23      98      89      83      31 
     17      96      40      37      69     103      27
     76      53      79      86      45      30      80 
 32      87      81      33      46      43     102       8
 35     101      22      70     104      77      74       9
     42      29      88      34      57      47     100 
     67      95      49      78      36      92      19
         39      90      54      65      64      41 
          4      84      50      73      72      38
             61      48      52      63      66 
             12     106      10      82       5
                 62     107      93      85 
                 14      59      91      15
                     24      13       7 
--8<--
