execution time: real 819.388552s user 814.506176s sys 14.384813s
jsgmd110: M=43 A=3 B=7 P=512 K=256 sp=3 xover=2D/3 mut=27 replace_worst=51 aging explosion=128@0.005000*128 swap=2 hexspin=2
generation #24733: pop m=380.974 v=0.149 f=377.508
best: sum=380.9767 var=  0.0227 fitness=379.3960 age=9310
-->8--
                     24       5      25 
                 27      64      70       2
                 65     108      95      87 
             10      93      39     102       3
             60      56      31      47      37 
         14      97      54      67     105      22
         35      69      77      66      62      48 
      9     106      28      86      34     107       7
     80      55      73      33      83      46      75 
 15      96      50      84      79      49      98      18
 17      91      32      61      88      30      99      19
     82      57      81      36      52      59      72 
      6     104      29      89      40     109      16
         41      78      85      76      90      26 
         11      94      44      45      92       1
             53      51      42      38      63 
             12     100      43     110       4
                 71     101     103      74 
                 20      68      58      13
                     21       8      23 
--8<--
