execution time: real 1800.015291s user 786.343457s sys 28.437676s
jsgmd110: M=43 A=3 B=7 P=512 K=256 sp=3 xover=2D/3 mut=27 replace_worst=51 aging explosion=128@0.005000*128 swap=2 hexspin=2
generation #23570: pop m=380.870 v=0.210 f=376.278
best: sum=380.8837 var=  0.1028 fitness=377.5217 age=8594
-->8--
                     17       4       6 
                 28      69      66      23
                 63     105      98      79 
             13      99      39     108      25
             58      54      32      43      36 
         19      93      52      61      90      18
         37      68      70      74      87      42 
      8     106      44      92      26     107      12
     77      67      65      27      73      41      88 
 11      86      31      83      89      47      91      20
 24     101      51      76      72      40     103      22
     82      45      75      34      60      59      56 
      3     100      29      96      35     109       1
         50      81      71      84      78      53 
          7      97      48      33      94       9
             46      55      49      57      38 
             16     104      30     110       2
                 62      95     102      80 
                 21      85      64      15
                     14       5      10 
--8<--
