jsgmd80: M=30 A=3 B=6 P=512 K=256 sp=3 xover=2D/3 mut=20 replace_worst=51 aging
generation #30044: pop m=279.957 v=0.168 f= -0.051
best: sum=279.9667 var=  0.0322 fitness=  0.0844 age=1524
-->8--
                 22      20       9 
             18      55      51      12
             45      66      62      71 
          4      74      26      75       1
         41      39      33      30      36 
      8      77      42      54      67      10
     52      29      56      49      59      43 
  3      73      37      46      21      65      19
 14      68      25      53      50      58      17
     70      48      63      61      27      78 
      2      60      40      38      76       6
         32      44      24      28      35 
         11      69      31      79       5
             64      72      80      57 
             13      47      34       7
                 15      16      23 
--8<--
execution time: real 900.015911s user 1330.249771s sys 405.294385s
