execution time: real 1800.009152s user 3538.066132s sys 0.841872s
GA: P=20 K=10 sp=3 xover_cuts=2
generation #1480: pop m=261.908 v=  0.774 f=254.373 var0cnt=0 bage=967
best: sum=274.2000 var=  0.2933 fitness=269.3558
-->8--
                 17      13       6 
             18      71      58       2
             59      31      80      56 
          5      78      21      73      15
         16      37      33      24      38 
     23      79      74      43      68       4
     75       9      26      46      49      51 
  8      72      50      52      45      64      25
 10      66      48      36      42      47      30
     44      29      62      53      27      57 
     35      60      20      63      70       7
         40      55      41      19      67 
          1      54      34      39       3
             65      69      77      76 
             14      61      22      32
                 11      12      28 
--8<--
