execution time: real 1800.000487s user 0.000999s sys 0.000000s
GA: P=10 K=7 sp=3 xover_cuts=2
generation #0: pop m=240.830 v=5839.898 f=-439.840 var0cnt=0 bage=0
best: sum=236.7333 var=3875.2622 fitness=-320.0619
-->8--
                 17      40      61 
             30      73      52      62
             50      31      67      66 
         70      33      44      45      53
         71      10      72      77      78 
     79      22      75      58      24      29
     80      37      64      56       4       6 
  8      18       1       3       5       7      11
 55       9      36      54      42      14      68
     47      26      57      28      65      59 
     15      12      38      32      13      48
         49      19      39      35      74 
         20      63      27      21      60
             34      76      51      46 
             23      41      16      25
                  2      69      43 
--8<--
