execution time: real 4400.195867s user 8195.400109s sys 0.926859s
GA: P=50 K=10 sp=2 xover=2D/1 optrpl=2 optskip=10
generation #12889: pop m=262.879 v= 43.256 f=247.224 best_age=5520
best: sum=277.3000 var=  0.4100 fitness=271.5729 age=272
-->8--
                 19      10      12 
             15      68      26      14
             36      70      76      71 
          6      69      27      78       7
         32      59      22      20      35 
      3      75      30      55      66       1
     64      43      42      62      58      44 
 13      61      29      65      16      74       8
 17      73      33      49      23      80       5
     48      38      60      63      25      67 
      9      79      21      56      77       4
         31      46      28      34      24 
          2      72      54      53      40
             47      57      52      50 
             11      51      45      41
                 39      18      37 
--8<--
