execution time: real 1800.058362s user 1793.266382s sys 25.967052s
jsgmd110: M=43 A=3 B=7 P=512 K=256 sp=3 xover=2D/3 mut=27 replace_worst=51 aging explosion=128@0.005000*128 swap=2 hexspin=2
generation #49116: pop m=347.033 v=0.224 f= -0.151
best: sum=347.0465 var=  0.0443 fitness=  0.0290 age=16
-->8--
                     28      49     105 
                 92      21      41      11
                 72      88      73      85 
             60      46      75      32       2
             89      62      54      35      91 
         23      18      22      78     102      13
        101     107      83      52       6      40 
     82       9      55      58      74      95       5
     19      86      64      20      34      87      10 
108      50      26      67     109      51     110      77
 69      90      25      84      29      30      42       8
     12      70      81      38      94      27     100 
     66      61      93      37      43      97      24
         48      17      14     106      56      57 
         39     103     104      33      65       4
             80      16      53      44      68 
              7      96      47      71      63
                 45      31      99      36 
                  1      76      79      59
                     98      15       3 
--8<--
