execution time: real 4400.265976s user 1969.783547s sys 1.033842s
GA: P=50 K=10 sp=2 xover=2D/1 optrpl=2 optskip=10 optmax=1.033333
generation #7704: pop m=259.351 v=  0.640 f=252.333 best_age=2770
best: sum=275.5000 var=  0.5833 fitness=268.6687
-->8--
                 27       1       3 
             20      80      66      14
             28      63      59      56 
          8      57       6      78       9
         40      77      22      67      11 
      7      65      51      43      55      33
     76      30      39      45      42      74 
  4      58      12      75      25      60      26
 17      73      50      47      15      72      10
     48      52      54      69      61      34 
     18      49      38      31      64      21
         36      32      35      37      23 
         19      68      41      79       2
             71      62      53      70 
             16      46      44      24
                 13      29       5 
--8<--
