jsgmd110: M=43 A=3 B=7 P=512 K=256 sp=3 xover=2D/3 mut=27 replace_worst=51 aging
generation #17570: pop m=378.949 v=0.170 f= -0.090
best: sum=378.9535 var=  0.0443 fitness=  0.0358 age=8098
-->8--
                     20       4      22 
                 27      58      79       1
                 71     101      99      90 
             21     102      38      88       7
             44      52      54      41      46 
         18      89      32      59     107       2
         28      92      74      64      84      30 
      9     108      40      96      24     110      17
     93      37      63      56      77      36      81 
  3     103      39      50      62      48     105      23
 11      94      51     106      76      47     109      19
     75      55      70      29      69      34      42 
      6     104      33      87      57     100      16
         45      66      53      61      72      78 
         26      95      67      80      49      12
             43      65      31      60      68 
              5      98      35      91      14
                 73      83      82      97 
                 15      85      86      10
                     25       8      13 
--8<--
execution time: real 1800.141727s user 584.446150s sys 0.413937s
