execution time: real 208.725646s user 213.178591s sys 9.548548s
jsgmd110: M=43 A=3 B=7 P=512 K=256 sp=3 xover=2D/2 mut=4 replace_worst=5 aging explosion=128@0.005000*128 swap=2 hexspin=2
generation #5618: pop m=377.909 v=0.161 f=  4.631
best: sum=377.9302 var=  0.0649 fitness=  5.3212 age=4655
-->8--
                     42      14      21 
                 30      59      74      18
                 72      89      86      83 
             11      85      56      96       7
             61      46      27      31      54 
         13     103      75      82     106       1
         43      57      45      47      80      29 
      9     101      52     102      32     108      22
     76      65      41      44      95      35      79 
 15      84      62      94      58      28     105      16
  4     107      37      40      64      63     109       3
     92      23     104      78      70      38      66 
     10     110      55      50      26     100      12
         36      49      51      90      81      53 
         19      97      93      60      73       2
             67      33      34      48      69 
              6      88      39      99      17
                 87      91      98      71 
                 24      68      77       8
                     20       5      25 
--8<--
