execution time: real 1799.999870s user 3508.330652s sys 1.878714s
GA: P=10 K=7 sp=3 xover_cuts=2
generation #2503: pop m=262.313 v=  0.532 f=255.895 var0cnt=0 bage=1906
best: sum=271.6667 var=  0.2889 fitness=266.8593
-->8--
                 13       6       3 
             27      78      51       9
             54      26      58      75 
          4      74      52      76      11
         48      24      50      16      14 
      1      68      46      19      80       2
     65      29      47      69      67      45 
 15      60      57      42      21      64       8
 20      72      41      30      43      40      36
     39      12      55      66      37      79 
     35      70      61      25      28      56
         44      33      34      73      32 
         22      49      18      59      17
             53      77      63      62 
             31      38      71      10
                 23       5       7 
--8<--
