execution time: real 1800.000643s user 3550.502241s sys 0.197969s
GA: P=20 K=10 sp=3 xover_cuts=2
generation #1992: pop m=265.875 v=  0.613 f=259.030 var0cnt=0 bage=1099
best: sum=275.8667 var=  0.3156 fitness=270.8423
-->8--
                 31       1       4 
             30      35      78       8
             62      76      48      61 
          5      42      37      77       9
         33      54      18      41      19 
     23      80      49      55      69      14
     45      20      44      40      50      71 
  6      75      29      70      21      52      12
 27      59      36      46      53      56      10
     64      58      51      47      43      74 
      7      72      32      34      60      15
         16      26      66      38      28 
         22      67      17      57      13
             73      68      65      79 
              3      63      39      25
                  2      24      11 
--8<--
