execution time: real 4400.178300s user 8359.102223s sys 0.599908s
GA: P=50 K=25 sp=3 xover=2D/1
generation #11110: pop m=266.024 v=  0.639 f=259.004 best_age=10350
best: sum=278.5667 var=  0.3789 fitness=273.0611
-->8--
                 36       3       1 
             11      46      72       7
             55      67      73      57 
         19      63      17      69      13
         50      22      45      47      21 
     14      70      65      28      71      10
     39      38      54      61      33      77 
 12      68      29      26      40      66      16
 23      80      44      64      27      53      18
     56      20      62      60      59      48 
      4      76      35      25      78       6
         43      42      32      31      34 
          8      58      37      79       5
             51      75      74      52 
             15      49      41       9
                 30       2      24 
--8<--
