execution time: real 490.310511s user 747.033433s sys 222.720141s
jsgmd110: M=43 A=3 B=7 P=512 K=256 sp=3 xover=2D/3 mut=27 replace_worst=51 aging explosion=128@0.005000*128 swap=2 hexspin=2
generation #12559: pop m=380.072 v=0.189 f=375.855
best: sum=380.0698 var=  0.0649 fitness=377.3979 age=9310
-->8--
                     26       4       5 
                 21      63      78      16
                 75     104      94     103 
              8      91      37      84       3
             53      55      39      64      61 
         20      98      54      62      66      25
         44      70      57      72      89      40 
     14      95      46      96      27      99       9
     77      49      68      28      71      65      59 
 15     101      52      85      86      29     108      13
 22      92      35      58      81      33     109      24
     73      51      82      42      80      36      67 
     11     105      31      93      34     107      23
         48      76      74      50      90      38 
          6     100      43      79      97       1
             45      56      41      30      47 
             17     102      32     110      10
                 60     106      88      87 
                 18      83      69      19
                     12       2       7 
--8<--
