execution time: real 4400.178180s user 8350.822482s sys 0.716891s
GA: P=50 K=25 sp=3 xover=2D/1
generation #10970: pop m=265.303 v=  0.572 f=258.632 best_age=7996
best: sum=277.1000 var=  0.4233 fitness=271.2805
-->8--
                 22       2      18 
             21      42      75       6
             45      78      67      41 
          3      68      14      69      17
         20      64      37      44      30 
      7      77      16      46      76      11
     59      34      62      66      26      61 
 12      79      25      51      19      74      39
 13      58      29      55      38      40      15
     56      52      54      49      80      48 
      4      57      53      43      36       8
         50      33      23      31      65 
         27      63      35      73       1
             47      70      71      72 
              9      60      32      24
                 28      10       5 
--8<--
