execution time: real 4400.000433s user 8366.546091s sys 0.641902s
GA: P=50 K=25 sp=3 xover=2D/1
generation #10984: pop m=269.318 v=  0.658 f=262.207 best_age=8203
best: sum=279.1000 var=  0.3567 fitness=273.7583
-->8--
                  4       2      11 
             42      55      67       5
             54      62      80      52 
         14      63      12      64      13
         24      51      48      49      34 
     16      73      43      27      66       6
     74      23      60      69      38      57 
  7      70      29      31      30      78      21
 18      71      36      59      22      58      25
     39      50      65      68      53      41 
     19      61      32      28      75       8
         40      35      26      33      44 
         10      77      37      79       3
             56      72      76      45 
              9      46      47      15
                 20       1      17 
--8<--
