execution time: real 455.597979s user 659.487742s sys 193.450591s
jsgmd80: M=30 A=3 B=6 P=512 K=256 sp=3 xover=2D/3 mut=20 replace_worst=51 aging explosion=128@0.005000*128 swap=2 hexspin=2
generation #15269: pop m=281.042 v=0.167 f=277.872
best: sum=281.0333 var=  0.0322 fitness=279.4278 age=12801
-->8--
                 16       6      13 
             21      45      61      20
             54      71      75      39 
          7      74      23      73      12
         34      35      29      40      37 
      4      77      49      41      80       3
     51      43      55      60      32      59 
 19      72      22      47      28      70      17
 14      68      24      69      33      76       9
     57      52      64      44      42      50 
      8      65      30      36      78      10
         31      46      38      48      25 
          2      79      26      66       1
             58      62      67      63 
             15      56      53       5
                 11      18      27 
--8<--
