execution time: real 10800.542317s user 17232.211305s sys 1.416784s
GA: P=60 K=15 sp=4 xover=2D/1 optrpl=15 optskip=7 conseqopt=1 aging
generation #17384: pop m=261.405 v= 65.636 f=245.334
best: sum=280.5667 var=  0.2456 fitness=276.1345 age=3658
-->8--
                 23       5      19 
             17      47      54      13
             48      71      70      49 
          2      74      34      76       1
         32      45      29      46      31 
      4      79      27      26      78       7
     50      42      64      68      35      52 
  6      73      24      66      28      77      18
 21      69      22      39      20      80       9
     61      51      65      60      41      44 
      3      72      33      40      67      11
         25      37      43      53      38 
         10      75      30      58       8
             62      63      57      56 
             12      55      59      36
                 14      16      15 
--8<--
