execution time: real 5400.012703s user 2936.260620s sys 2.175669s
GA: P=512 K=256 sp=3 xover=2D/1 aging
generation #1994: pop m=380.810 v=0.428 f=374.162
best: sum=380.9767 var=  0.1622 fitness=376.7521 age=57
-->8--
                     11       5      18 
                 20      56      65      16
                 82     109     110      71 
             27     103      36     101       9
             35      43      29      53      57 
         13      91      61      51      90       1
         52      83      78      73      85      54 
      3     107      25      89      30      94       2
     62      59      69      32      76      63      68 
 23      98      39      87      81      33     100      15
 10      96      42      64      67      38     102      21
     92      47      80      50      86      45      75 
      8     104      31      84      28     105      14
         34      77      72      66      79      40 
         12     106      46      58     108       6
             48      49      55      41      44 
              4      99      37      93       7
                 74      95      97      88 
                 19      70      60      17
                     24      22      26 
--8<--
