found: sum=163.0000 var=  0.0000 fitness=163.0000
-->8--
             52      49      54 
         29       1      44       5
         26      22      45       8 
     19      33       2       7      50
     40      42      27      43      51 
 46       3      37      39       4      15
 11      53      12      25      34      21
     10      16      23      18      38 
      6      48      47       9      28
         30      17      41      36 
         13      20      14      32
             35      24      31 
--8<--
execution time: real 1800.099325s user 3496.603435s sys 0.849870s
GA: P=10 K=7 sp=3 xover_cuts=2
generation #17603: pop m=176.326 v=  0.499 f=171.311 var0cnt=0 bage=1482
best: sum=188.9474 var=  0.1551 fitness=186.0531
-->8--
              4       7      10 
         12      30      32      13
         51      49      45      41 
      2      43      26      48       3
     38      11      24      16      27 
  6      44      36      29      54      14
  9      42      25      35      34      23
     50      31      40      21      37 
      5      53       1      46      22
          8      39      47      28 
         18      52      33      15
             19      17      20 
--8<--
