execution time: real 453.340337s user 658.024965s sys 174.716439s
jsgmd110: M=43 A=3 B=7 P=512 K=256 sp=3 xover=2D/3 mut=27 replace_worst=51 aging explosion=128@0.005000*128 swap=2 hexspin=2
generation #11084: pop m=380.881 v=0.212 f=376.268
best: sum=380.8837 var=  0.1028 fitness=377.5217 age=9310
-->8--
                     24       7      16 
                 26      59      74      10
                 79     100     107      68 
              9      93      33     105       5
             61      45      54      50      57 
         11      94      56      32      96       2
         42      70      65      85      87      41 
     12     103      51      88      31      98       3
     77      48      66      27      64      62      82 
  8      99      43      84      86      39      95      25
 22      92      47      69      71      30     106      13
     83      52      72      44      91      49      60 
     17     101      29      89      28     110      18
         36      80      78      58      73      38 
         14     104      55      67     102      21
             46      35      34      53      37 
              6     108      40      97      15
                 81     109      90      76 
                 19      63      75      23
                      1       4      20 
--8<--
