execution time: real 411.559413s user 414.831935s sys 13.887888s
jsgmd110: M=43 A=3 B=7 P=512 K=256 sp=3 xover=2D/2 mut=4 replace_worst=5 aging explosion=128@0.005000*128 swap=2 hexspin=2
generation #10090: pop m=377.923 v=0.169 f=329.655
best: sum=377.9302 var=  0.0649 fitness=343.7023 age=9310
-->8--
                     31       1       9 
                 27      86      70      19
                 66      85      87      92 
             11      83      49     101       3
             55      63      29      44      40 
         20     100      69      68      97      25
         33      65      58      48      78      47 
     12     105      23     106      43      91       5
     79      72      75      74      51      54      73 
 16      77      38      42      56      61     108       6
 14     102      59     104      80      36      84      17
     90      30      60      22      94      35      89 
      8     103      28      93      50      96      10
         45      98      71      39      67      64 
          7      88      41      81      95      21
             37      52      53      46      34 
             18     107      26      62      32
                 76      99     110     109 
                 24      57      82       2
                     15       4      13 
--8<--
