execution time: real 3974.250806s user 19.093097s sys 1.979699s
GA: P=512 K=256 sp=3 xover=2D/1 aging
generation #212: pop m=273.549 v=1.845 f=265.519
best: sum=277.2000 var=  0.2933 fitness=272.3558 age=8
-->8--
                 29      11      19 
             13      42      65       5
             76      55      58      69 
         14      62      46      61       4
         20      30      32      31      40 
      2      75      53      49      72       8
     73      34      50      54      38      56 
 26      74      36      39      33      63       6
 15      44      21      64      47      71       3
     45      68      67      41      25      78 
      9      60      27      59      80       1
         51      35      18      24      23 
         10      79      48      77       7
             43      70      52      66 
             16      57      28      17
                 12      22      37 
--8<--
