execution time: real 900.271944s user 398.859364s sys 15.828593s
jsgmd80: M=30 A=3 B=6 P=512 K=256 sp=3 xover=2D/3 mut=20 replace_worst=51 aging explosion=128@0.005000*128 swap=2 hexspin=2
generation #14624: pop m=251.011 v=0.194 f= -0.089
best: sum=251.0333 var=  0.0322 fitness=  0.0724 age=8189
-->8--
                 44       2      23 
             21      51      47      79
              4      64      77      11 
         12      67      10      14      72
         71      55      19      69      76 
     24      42      36      62       9      58
      8      57      28      43      50      17 
 34      49      33      63      18      41       1
 45      35      29      20      37      52      75
     80      48      78      70      53      65 
     15      27      13      30       7       6
         46      56      40      54      68 
          3      60      66      22      26
             59      16      39      74 
              5      73      25      61
                 38      32      31 
--8<--
