execution time: real 1800.024465s user 3547.439707s sys 0.260960s
GA: P=20 K=10 sp=3 xover_cuts=2
generation #2083: pop m=263.182 v=  0.581 f=256.454 var0cnt=0 bage=1032
best: sum=274.8667 var=  0.2489 fitness=270.4045
-->8--
                 23       2       4 
             15      54      66      13
             39      69      79      52 
         11      75       5      61      22
         25      51      45      42      50 
     26      74      30      43      48      10
     38      44      59      41      53      55 
 16      67      17      56      49      58      12
 60      57      19      47      18      63       7
     36      71      77      65      34      80 
      1      37      31      20      68       6
         73      40      35      70      24 
         14      78      28      46       3
             33      62      76      64 
             21      72      29      32
                  9       8      27 
--8<--
