execution time: real 1800.012771s user 3236.451984s sys 0.507922s
GA: P=20 K=10 sp=3 xover_cuts=2
generation #12639: pop m=266.432 v=  0.702 f=259.118 best_age=10864
best: sum=275.9333 var=  0.1289 fitness=272.7222
-->8--
                 33       4       1 
             24      66      76       6
             31      51      77      45 
          7      70       2      71       8
         62      69      25      63      15 
     13      37      59      38      74       5
     55      41      52      44      29      73 
 18      68      17      58      28      80       9
 19      60      43      65      14      64      20
     56      47      42      67      61      30 
      3      57      54      36      50      22
         53      32      12      48      49 
         16      72      27      78      11
             46      79      75      40 
             23      35      34      39
                 21      26      10 
--8<--
