jsgmd110: M=43 A=3 B=7 P=512 K=256 sp=3 xover=2D/3 mut=27 replace_worst=51 aging
generation #11325: pop m=377.058 v=0.160 f= -0.080
best: sum=377.0465 var=  0.0443 fitness=  0.0354 age=9310
-->8--
                     30       1       7 
                 25      71      75       5
                 65      89     101      81 
              9      97      40     108       6
             52      60      37      45      88 
         24      94      54      46      49      10
         43      74      36     105      84      85 
     13      90      59      99      48      61      15
     72      67      53      35      64      70      69 
 16      93      34      95      26      50      77      11
 23      91      51      86     107      68      80      31
     82      41      58      28      62      32     109 
      8      98      42     100      33     106      12
         57      87      63      47      76      38 
          4     102      39      55     110      20
             29      44      73      56      27 
             21     103      22      79       2
                 78      96      92     104 
                 14      83      66      19
                      3      18      17 
--8<--
execution time: real 523.742862s user 393.519175s sys 31.045280s
