execution time: real 1800.000885s user 3235.103189s sys 0.503923s
GA: P=20 K=10 sp=3 xover_cuts=2
generation #12788: pop m=265.377 v=  0.684 f=258.176 best_age=1208
best: sum=277.6000 var=  0.3733 fitness=272.1350
-->8--
                 15       1       8 
             16      54      75       9
             55      58      60      61 
          7      80      30      64      12
         23      43      36      39      48 
     18      70      31      49      53      11
     51      46      59      74      42      47 
  5      69      29      28      22      77      14
 33      79      19      76      52      44      25
     41      35      67      26      40      71 
      4      62      50      38      65      34
         56      45      21      57      24 
         10      72      17      66       2
             32      73      78      63 
              6      68      37      20
                 27       3      13 
--8<--
