execution time: real 632.304679s user 947.505957s sys 274.374288s
jsgmd110: M=43 A=3 B=7 P=512 K=256 sp=3 xover=2D/3 mut=27 replace_worst=51 aging explosion=128@0.005000*128 swap=2 hexspin=2
generation #15482: pop m=380.074 v=0.192 f=375.828
best: sum=380.0698 var=  0.0649 fitness=377.3979 age=9310
-->8--
                     21      12      11 
                 23      62      83      22
                 78      88      90      77 
              2     108      45      97       7
             57      44      59      40      52 
         19      91      36      49     107       1
         47      66      92      71      87      32 
      6     100      51      73      26     101      13
     74      48      72      50      67      68      60 
 14     105      43      42      93      31     106      24
  9      82      61      94      64      39     103       3
     96      41      69      37      86      33      84 
      5      98      30      70      38     109      17
         58      81      80      85      75      34 
          8      89      35      56      99      10
             46      65      54      27      53 
             15     102      29     104      18
                 63      95     110      79 
                 20      76      55       4
                     25      16      28 
--8<--
