jsgmd80: M=30 A=3 B=6 P=512 K=256 sp=3 xover=2D/3 mut=20 replace_worst=51 aging
generation #14872: pop m=280.044 v=0.164 f= -0.047
best: sum=280.0333 var=  0.0322 fitness=  0.0845 age=12801
-->8--
                 19      12      28 
             24      58      70      14
             50      49      60      41 
         11      80      31      67      17
         30      36      44      55      26 
      8      73      40      23      74      13
     57      34      68      62      45      51 
 18      78      29      43      21      71       5
  4      64      27      47      46      75      15
     59      48      66      61      22      63 
      6      65      39      42      76       7
         38      35      25      33      37 
          9      77      32      79       1
             56      72      69      54 
             20      53      52      10
                  2       3      16 
--8<--
execution time: real 454.552299s user 672.299794s sys 204.148964s
