execution time: real 14400.019202s user 5175.428215s sys 3.846415s
GA: P=1024 K=512 sp=2 xover=2D/1 aging
generation #1993: pop m=380.843 v=0.437 f=374.136
best: sum=381.0233 var=  0.1622 fitness=376.7986 age=307
-->8--
                      5      18      22 
                 27      58      59      24
                 78     103     107      65 
             15     110      37     104      23
             48      31      38      43      46 
          3      99      62      53     100       6
         47      89      74      67      85      54 
      9      95      26      87      33      90       1
     77      56      79      35      84      60      86 
 17      97      36      80      75      29      91       8
 25      94      41      82      70      40     109      14
     71      57      63      39      83      52      73 
     19     106      32      93      28     102       2
         34      81      72      68      76      44 
         13      96      45      61      98      12
             51      55      42      50      49 
              7     108      30     105      10
                 64     101      92      69 
                 21      66      88      11
                     20       4      16 
--8<--
