execution time: real 4400.000476s user 7751.278626s sys 1.255809s
GA: P=50 K=10 sp=2 xover=2D/1 optrpl=2 optskip=10 optmax=1.000000
generation #27280: pop m=258.359 v= 46.488 f=243.076 best_age=9110
best: sum=273.3333 var=  0.2222 fitness=269.1170
-->8--
                  5       2       4 
             60      52      65      14
             31      53      80      72 
          6      73      21      38      13
         42      43      44      40      34 
     12      78      39      50      77      19
     64      28      30      79      10      58 
 36      49      56      32      17      75      11
  9      70       8      76      51      66      16
     45      63      71      18      54      48 
      3      37      35      47      62      20
         55      59      27      41      23 
         15      46      33      57      22
             61      74      68      69 
              1      67      24      26
                 25       7      29 
--8<--
