jsgmd110: M=43 A=3 B=7 P=512 K=256 sp=3 xover=2D/3 mut=27 replace_worst=51 aging explosion=128@0.005000*128 swap=2 hexspin=2
generation #17627: pop m=361.993 v=0.187 f=  0.711
best: sum=361.9767 var=  0.0227 fitness=  0.8044 age=2568
-->8--
                     49      22      28 
                 35      62      82       1
                 53      66      91      88 
             27      97      39      72      73
             40      42      77      37      31 
         10     103      41      46      61     109
         54      59     100      94     105      33 
     11      96      17       4      19      23       5
     38      56      84      78      87      98      93 
 71     107      50      79      80      30     110      65
 13      76      26      89      24      58      45       6
     57      47      34      12      83      21      43 
      2      95      99      92      81     101      44
         85      60      36      70      18     108 
          8      63      29      67     106      14
             51      75      68      20      15 
              9      74      52      69      48
                 90      64      86     104 
                  7     102      55      32
                     25       3      16 
--8<--
execution time: real 1800.462326s user 629.423313s sys 6.886953s
