execution time: real 1800.000783s user 3231.919673s sys 0.538918s
GA: P=20 K=10 sp=3 xover_cuts=2
generation #12859: pop m=265.610 v=  0.575 f=258.953 best_age=2850
best: sum=278.0000 var=  0.2667 fitness=273.3812
-->8--
                 34       5       7 
             10      65      76       4
             50      57      47      66 
          8      62      28      78      11
         43      42      41      54      12 
      6      73      48      31      58      20
     63      23      52      69      49      75 
 14      70      40      38      17      64      16
  3      77      22      59      35      68       1
     51      46      67      60      45      53 
     13      61      27      29      71       9
         30      55      36      37      33 
          2      56      24      72      26
             74      80      79      39 
             15      32      44      25
                 21      19      18 
--8<--
