jsgmd110: M=43 A=3 B=7 P=512 K=256 sp=3 xover=2D/3 mut=27 replace_worst=51 aging
generation #36808: pop m=379.081 v=0.182 f= -0.102
best: sum=379.0465 var=  0.0443 fitness=  0.0358 age=469
-->8--
                     16       7       6 
                 34      56      89       1
                 71     105      83      98 
             15      97      39     102      18
             49      41      45      47      32 
         12     106      52      63      82       4
         51      62      54      73      87      72 
      3      99      64      92      27     103       9
     78      57      55      26      61      35      59 
 14      91      42      88     100      66     101      25
 21      90      46      69      28      31     110      19
     85      53      79      68      93      36      65 
     17      94      30      58      37     108      10
         40      77      75      95      74      50 
         24      84      70      33      96      22
             60      43      48      44      29 
              2     104      38     107      23
                 86      76     109      80 
                 20      81      67       5
                     13       8      11 
--8<--
execution time: real 1800.305539s user 1168.685332s sys 5.915100s
