execution time: real 3600.180155s user 6720.999252s sys 0.371943s
GA: P=20 K=10 sp=3 xover_cuts=2
generation #6421: pop m=357.620 v=  0.816 f=348.289 best_age=4780
best: sum=372.5581 var=  0.2931 fitness=366.8797
-->8--
                      4       1       3 
                 49      54      67       2
                104      60      95      98 
             18     102      96     108      22
             36      14      10      11      27 
         19      99      91      53     106       7
         24      92      48      81     100      23 
     13     103      29      90      21     109      16
     97      30      73      47      64      37     107 
  6     105      46      85      70      42      80      15
 20     110      41      50      82      63      93       9
     35      40      77      39      51      59      68 
     26      79      65      84      28      94      33
         83      71      57      89      78      25 
          8      87      31      43      62      56
             44      61      69      72      58 
             17      88      38      74      52
                 75      86      76      55 
                 12      66     101      34
                     45       5      32 
--8<--
