execution time: real 455.368076s user 692.743686s sys 194.100492s
jsgmd110: M=43 A=3 B=7 P=512 K=256 sp=3 xover=2D/3 mut=27 replace_worst=51 aging explosion=128@0.005000*128 swap=2 hexspin=2
generation #11126: pop m=380.973 v=0.145 f=377.526
best: sum=380.9767 var=  0.0227 fitness=379.3960 age=9310
-->8--
                     22       8       7 
                 26      72      66      18
                 68      98      99      84 
              9      95      38     107       4
             55      60      34      45      51 
         23      94      56      58      90      20
         36      65      73      71      75      35 
      6     108      33      89      42     110       3
     76      62      61      37      78      47      77 
 19      93      52      88      64      29     109      17
 15      92      28      69      91      49      97      24
     86      54      83      32      70      50      57 
      1     104      31      87      27     100      14
         44      81      79      74      85      63 
         13      96      48      53     101       2
             43      46      40      41      30 
             12     103      39     102      25
                 80     105     106      82 
                 16      67      59      21
                     10       5      11 
--8<--
