execution time: real 1799.999648s user 3523.341370s sys 0.498924s
GA: P=20 K=10 sp=3 xover_cuts=2
generation #2098: pop m=267.680 v=  0.704 f=260.386 best_age=728
best: sum=275.2333 var=  0.2456 fitness=270.8011
-->8--
                 31       1      13 
             15      62      64       7
             59      43      75      60 
          4      65      30      56      11
         41      52      37      33      45 
      8      55      49      44      70       6
     69      48      20      47      46      58 
 18      54      51      78      35      50       3
 10      57      27      38       5      76       9
     67      39      61      73      63      79 
     16      72      42      32      23      14
         24      34      29      80      21 
         19      74      26      68      17
             53      71      40      66 
             12      36      77      22
                 28      25       2 
--8<--
