execution time: real 1800.188610s user 0.017997s sys 0.012998s
GA: P=10 K=7 sp=3 xover_cuts=2
generation #2566: pop m=261.190 v=  0.685 f=253.941 var0cnt=0 bage=1773
best: sum=274.0333 var=  0.4322 fitness=268.1530
-->8--
                 39       3       5 
             43      31      73       8
             30      66      64      45 
          1      65      38      79       9
         51      49      15      44      71 
     13      78      40      35      26       2
     29      36      47      61      60      75 
 22      67      25      76      48      41       7
 20      80      24      34       4      70      19
     56      42      68      52      50      62 
     14      27      37      59      53      11
         54      77      23      55      28 
         10      74      17      63      18
             32      46      58      57 
             33      72      69       6
                 16      12      21 
--8<--
