execution time: real 4400.175942s user 8335.292842s sys 0.695894s
GA: P=50 K=25 sp=3 xover=2D/1
generation #10969: pop m=263.011 v=  0.589 f=256.296 best_age=7948
best: sum=277.6667 var=  0.2222 fitness=273.4503
-->8--
                  1      18      55 
             14       2      38       9
             42       4      35      36 
         48      60      52      30      37
         27      33      47      53      59 
     49      45      51      64      54      11
     58      43      62      63      28      72 
 20      31      61      68      29      44      10
  6      77      19      21      32      65      12
     71      39      50      34      24      40 
     13      79      26      57      69       7
         17      56      66      73      41 
          8      78      80      76      22
             74      75      67      46 
             15      23      70       5
                  3      16      25 
--8<--
