execution time: real 446.176939s user 650.952040s sys 171.412941s
jsgmd110: M=43 A=3 B=7 P=512 K=256 sp=3 xover=2D/3 mut=27 replace_worst=51 aging explosion=128@0.005000*128 swap=2 hexspin=2
generation #11396: pop m=381.024 v=0.155 f=377.483
best: sum=381.0233 var=  0.0227 fitness=379.4425 age=9310
-->8--
                     26       8      22 
                 24      62      69      23
                 72     106     101      70 
             12      91      35      96      20
             55      52      49      54      37 
         16      99      48      46     104      11
         39      65      89      71      77      43 
      9     107      28      78      29     109       2
     81      50      90      32      84      51      79 
 21      95      41      64      87      31      97       6
 19      92      44      82      63      33     108      25
     73      59      60      53      83      61      66 
     15     102      30      88      27     103       1
         40      86      68      67      74      42 
         14      94      47      75     100       4
             45      56      36      38      58 
              3      98      34     105       5
                 85     110      93      76 
                 13      57      80      10
                     18       7      17 
--8<--
