jsgmd80: M=30 A=3 B=6 P=512 K=256 sp=3 xover=2D/3 mut=20 replace_worst=51 aging explosion=128@0.005000*128 swap=2 hexspin=2
generation #12823: pop m=279.973 v=0.161 f= -0.044
best: sum=280.0333 var=  0.0322 fitness=  0.0845 age=46
-->8--
                 17      14      32 
             19      49      46       3
             59      79      66      70 
          4      57      26      63       2
         39      53      27      56      20 
      9      68      38      42      69       8
     55      31      61      41      47      72 
 21      78      29      71      25      64      11
 18      60      24      45      36      80      13
     48      58      50      62      28      40 
      5      77      37      51      73      15
         33      34      35      30      44 
          7      75      23      67       1
             54      76      74      65 
             10      43      52       6
                 22      12      16 
--8<--
execution time: real 900.045825s user 305.833506s sys 0.418936s
