execution time: real 1800.009257s user 2729.325079s sys 829.332922s
jsgmd110: M=43 A=3 B=7 P=512 K=256 sp=3 xover=2D/3 mut=27 replace_worst=51 aging explosion=128@0.005000*128 swap=2 hexspin=2
generation #46746: pop m=380.802 v=0.247 f=375.732
best: sum=380.8372 var=  0.1363 fitness=376.9653 age=599
-->8--
                     21       6       2 
                 24      61      71       9
                 74     104     106      88 
              3      97      32     105      12
             57      58      36      50      35 
          8      92      54      52      91      14
         44      78      66      73      87      46 
      7     102      33     100      28     108      13
     79      51      68      29      81      34      86 
 17      98      49      85      70      42      94      23
  5      99      31      59      83      41     107      26
     82      53      89      55      64      63      45 
     11      93      30      72      27     110      16
         43      84      75      80      76      39 
         18      96      56      60      90       4
             47      40      37      48      62 
             20     109      38     103       1
                 69     101      95      77 
                 25      67      65      19
                     10      15      22 
--8<--
