execution time: real 4400.000291s user 7726.944325s sys 1.221814s
GA: P=50 K=10 sp=2 xover=2D/1 optrpl=2 optskip=10 optmax=1.033333
generation #27090: pop m=258.874 v= 62.899 f=238.903 best_age=21296
best: sum=276.2000 var=  0.4267 fitness=270.3576
-->8--
                  1       4      39 
             35      34      74       9
             79      59      80      30 
         15      68      25      44       3
         38      16      29      77      53 
      2      60      78      21      69      11
     62      51      48      26      27      45 
  7      63      24      73      57      71      17
 33      55      36      43      23      58      14
     56      47      52      54      41      72 
      6      70      40      50      75      10
         42      31      37      32      20 
          8      76      28      66      18
             49      65      64      67 
             19      46      61      13
                 22      12       5 
--8<--
