execution time: real 1800.180444s user 3275.101108s sys 0.524920s
GA: P=20 K=10 sp=3 xover_cuts=2
generation #10520: pop m=268.610 v=  0.636 f=261.604 best_age=4697
best: sum=277.2333 var=  0.1789 fitness=273.4503
-->8--
                  6      23      25 
             62      37      20      38
             60      14      31      59 
         19      26      45      51       9
         78      41      56      63      35 
     27      68       8       2      40      44
     13      39      17      55      47      50 
 48      11      21      77      34      53      12
 30      69      49      46      24      29      32
     43      73      33      57      42      61 
     28      64      54      65      67       3
          7      74      79      75      36 
          1      70      66      80       4
             16      58      76      71 
             22      52      72      10
                 15      18       5 
--8<--
