execution time: real 1800.000132s user 0.019996s sys 0.023996s
GA: P=10 K=7 sp=3 xover_cuts=2
generation #2529: pop m=259.673 v=  0.605 f=252.804 var0cnt=0 bage=1201
best: sum=273.0667 var=  0.4622 fitness=266.9857
-->8--
                 21      22      16 
             15      45      64       6
             58      55      77      56 
          5      80      10      54       7
         19      33      29      57      23 
      2      78      66      46      76       9
     59      36      17      49      38      53 
 43      79      44      65       8      73       1
 12      67      18      61      60      63      14
     13      28      68      30      31      70 
     25      69      50      40      39      35
         71      41      24      74      34 
          3      48      37      47       4
             42      72      51      75 
             27      32      62      26
                 52      20      11 
--8<--
