execution time: real 4400.000524s user 8313.114214s sys 0.584911s
GA: P=50 K=25 sp=3 xover=2D/1
generation #10625: pop m=262.586 v=  0.608 f=255.721 best_age=5099
best: sum=279.2667 var=  0.7289 fitness=271.6305
-->8--
                 14       1      10 
             11      45      76       5
             54      77      75      53 
          7      79       6      60       4
         19      49      26      55      52 
     12      72      41      57      56       3
     64      43      59      50      30      65 
 27      69      16      47      29      74      18
 13      73      28      61      34      70      15
     33      51      67      58      44      38 
     17      66      32      24      78       8
         39      35      37      40      42 
         23      68      36      80       9
             48      71      62      31 
             25      46      63      22
                 21       2      20 
--8<--
