found: sum=176.0000 var=  0.0000 fitness=176.0000
-->8--
             14      13       7 
         16      34      50       3
         54       5      26      44 
     30      53      48      46       2
     11       9      32       6      41 
 42      19      29      18      37      31
 49      28      39      43      21       1
     27      52      15      51      45 
     20      25      10      17       4
         24      35      40      38 
         22      47      36      33
             23       8      12 
--8<--
execution time: real 1800.005193s user 0.196970s sys 0.312952s
GA: P=10 K=7 sp=3 xover_cuts=2
generation #16368: pop m=179.563 v=  0.447 f=174.788 var0cnt=0 bage=1057
best: sum=189.5789 var=  0.2438 fitness=185.9508
-->8--
             18      16       5 
          8      27      34      26
         29      54      42      33 
     19      53      17      50      12
     31      10      20      14      40 
 15      48      35      46      41       6
 13      51      25      28      52       4
     32      21      36       9      47 
      3      44      24      49      11
         38      39      43      22 
         30      37      45       7
              1       2      23 
--8<--
