execution time: real 502.816101s user 760.127443s sys 218.999706s
jsgmd110: M=43 A=3 B=7 P=512 K=256 sp=3 xover=2D/3 mut=27 replace_worst=51 aging explosion=128@0.005000*128 swap=2 hexspin=2
generation #12230: pop m=380.823 v=0.231 f=375.933
best: sum=380.8372 var=  0.1363 fitness=376.9653 age=9310
-->8--
                     22       2      25 
                 23      65      71      11
                 74      92     106      58 
              8     104      44     110      26
             54      53      48      28      51 
         13      88      40      45     108       4
         41      82      69      89      77      32 
     15     103      49      90      34     109       7
     78      50      55      30      66      59      83 
 14      94      42      87      72      36      91      19
 21      93      46      84      75      62      95      20
     81      56      67      33      70      38      73 
      6      97      29     100      27     105      12
         47      86      68      76      79      57 
          1      98      63      39      99      10
             52      37      35      61      31 
             18      96      43     102       3
                 80     107     101      85 
                 17      64      60       9
                     16       5      24 
--8<--
