execution time: real 1799.999671s user 3517.470263s sys 0.270958s
GA: P=10 K=7 sp=3 xover_cuts=2
generation #2484: pop m=261.133 v=  0.773 f=253.551 var0cnt=0 bage=258
best: sum=273.0000 var=  0.3333 fitness=267.8360
-->8--
                 13       5       1 
              8      28      72       4
             76      73      77      45 
          6      75      18      74      12
         39      19      35      51      55 
     11      58      53      17      36      15
     62      34      60      59      71      80 
  7      69      48      50      40      16      25
 10      68      31      47      21      61      23
     57      24      38      56      64      67 
      3      78      79      33      37       2
         43      22      20      63      42 
         32      44      41      70       9
             54      66      46      52 
             14      65      29      49
                 30      26      27 
--8<--
