execution time: real 466.940631s user 712.034754s sys 196.269162s
jsgmd110: M=43 A=3 B=7 P=512 K=256 sp=3 xover=2D/3 mut=27 replace_worst=51 aging explosion=128@0.005000*128 swap=2 hexspin=2
generation #11460: pop m=379.979 v=0.165 f=376.350
best: sum=379.9767 var=  0.0227 fitness=378.3960 age=9310
-->8--
                     23       6      16 
                 28      61      67       4
                 78      90      98      87 
              5     100      58     108      25
             53      40      27      42      24 
         30     104      65      47      94       7
         26      60      63      86      91      71 
     13     107      48      92      20      93       1
     79      51      75      36      84      54      81 
  8     103      39      66      62      38      80      22
 21      97      35      96      83      56     106      15
     72      55      69      37      57      46      76 
     17     105      31      77      44     109      11
         34      85      70      82      68      32 
         14     101      50      52      89      18
             41      43      49      45      64 
             12      95      33      99      10
                 88     110     102      73 
                  9      59      74       3
                     19       2      29 
--8<--
