execution time: real 431.141489s user 660.208633s sys 192.086798s
jsgmd110: M=43 A=3 B=7 P=512 K=256 sp=3 xover=2D/3 mut=27 replace_worst=51 aging explosion=128@0.005000*128 swap=2 hexspin=2
generation #11011: pop m=380.937 v=0.189 f=376.714
best: sum=380.9302 var=  0.0649 fitness=378.2583 age=9310
-->8--
                     26       9      23 
                 25      74      68      24
                 62      93     110      59 
             11     101      27      97       4
             63      57      49      46      66 
         10      87      54      51     109       3
         38      79      60      77      69      28 
     13     104      44      90      29     106      20
     86      41      65      31      71      61      72 
  7      99      48      91      83      45      94      21
 19     100      35      64      76      33      98      16
     70      58      78      36      73      50      80 
     15      95      30      89      32     105       1
         43      85      84      75      88      47 
         14      92      56      37      96       5
             52      34      39      53      40 
             18     103      42     102       8
                 81     107     108      82 
                  6      67      55      12
                     17       2      22 
--8<--
