jsgmd110: M=43 A=3 B=7 P=512 K=256 sp=3 xover=2D/3 mut=27 replace_worst=51 aging
generation #17938: pop m=379.073 v=0.186 f= -0.106
best: sum=379.0698 var=  0.0649 fitness=  0.0152 age=9310
-->8--
                     20       2       7 
                 27      70      68      22
                 59     107      97      80 
             15      96      35     105      16
             63      58      31      26      53 
         11      88      52      85      99      17
         60      73      62      39      83      29 
     18      84      46     110      47      98       6
     69      61      67      37      44      71      66 
 12      87      48      57     102      36     109       4
 19     100      41      77      78      55      75      24
     93      42      89      28      64      33     101 
     14      86      30      79      49     106       8
         45      91      76      81      72      56 
         10     104      38      51      92      21
             43      40      54      34      32 
              3      94      50     108      23
                 95     103      82      90 
                 13      65      74       1
                      9       5      25 
--8<--
execution time: real 1656.720325s user 576.171408s sys 9.696525s
