execution time: real 1799.999824s user 3498.701116s sys 2.426631s
GA: P=10 K=7 sp=3 xover_cuts=2
generation #2473: pop m=259.593 v=  0.678 f=252.331 var0cnt=0 bage=479
best: sum=272.6333 var=  0.2989 fitness=267.7434
-->8--
                 19       1       8 
             21      78      62       2
             32      49      79      50 
          3      74       4      72       6
         29      55      48      64      10 
      9      80      43       5      71      24
     68      14      52      59      20      77 
 12      73      28      66      53      70      15
  7      67      47      39      33      36      30
     46      44      41      23      61      45 
     13      63      42      69      75      31
         40      35      58      11      25 
         17      60      22      76      34
             57      56      38      51 
             18      65      54      26
                 16      37      27 
--8<--
