execution time: real 3600.179346s user 6647.489428s sys 0.432934s
GA: P=20 K=10 sp=3 xover_cuts=2
generation #6607: pop m=361.295 v=  0.725 f=352.545 best_age=801
best: sum=373.0465 var=  0.3699 fitness=366.6675
-->8--
                     11       1      63 
                  4     101      71      15
                 60      87     100      22 
             14     110      13     102       5
             72      18      59      69      67 
          7      99      86      31     108      30
         65      25     104      55      58      32 
      2     105      41      38      52      78      20
     40      64      84      50      95      62      73 
 17      97      54      56      82      28     107      12
 21      91      49      47      89      35      98       6
    106      19      83      51      44      43      77 
      9     103      26      76      85     109       3
         45      93      90      27      57      42 
         10      88      39      61      96      37
             34      36      80      48      33 
             29      92      46      68      53
                 94      81      70      75 
                  8      74      79      16
                     24      23      66 
--8<--
