execution time: real 3600.181708s user 6672.538619s sys 0.531919s
GA: P=20 K=10 sp=3 xover_cuts=2
generation #6642: pop m=361.852 v=  0.812 f=352.596 best_age=1433
best: sum=374.6977 var=  0.4435 fitness=367.7132
-->8--
                     31       4      37 
                 38      45      50       6
                 89     109     106      95 
              5      62      61      80      25
             87      42      19      12      60 
          7      90      82      96     103      14
         35      68      75      56      49      58 
     20      88      18      46      59      91       1
     83      55      74      86      44      39      85 
 13      94      71      76      84      92     101      26
 34     104      22      27      32      23      66      24
     47      30     105      70      99      54      73 
     33      93      51      65      43     108      11
         69      72      57      67      48      63 
          3     102      52      79     110      16
             36      41      53      28      29 
             17      81      40      98       9
                 97     107      77     100 
                 10      78      64      21
                      2       8      15 
--8<--
