found: sum=172.0000 var=  0.0000 fitness=172.0000
-->8--
             17       1       5 
          9      21      51      33
         37      43      42      16 
     26      45      14      25      53
     10       2      29       8      47 
  7      52      39      54      23       4
 49      13      20      11      44      48
     41      46      19      32       6 
     35      22      34      40      12
         15      31      36      38 
         30      50       3      28
             24      18      27 
--8<--
execution time: real 1800.028661s user 3498.252184s sys 0.812876s
GA: P=10 K=7 sp=3 xover_cuts=2
generation #17794: pop m=177.679 v=  0.553 f=172.353 var0cnt=0 bage=849
best: sum=189.7368 var=  0.1939 fitness=186.5010
-->8--
             20       2      19 
          5      48      42       3
         29      34      46      32 
      4      54      18      47      12
     49       9      38      14      50 
  8      45      36      26      35       7
 21      39      30      37      51      24
     28      31      23      27      22 
     16      43      10      52      13
         33      53      41      25 
         15      40      44      17
              6       1      11 
--8<--
