execution time: real 1799.999737s user 3548.013619s sys 0.233964s
GA: P=20 K=10 sp=3 xover_cuts=2
generation #2074: pop m=265.463 v=  0.605 f=258.618 var0cnt=0 bage=526
best: sum=277.2000 var=  0.2267 fitness=272.9417
-->8--
                 11       3      15 
             10      72      49       1
             62      68      67      80 
         14      54      18      65       9
         22      48      35      40      33 
     30      78      55      52      50      23
     45      34      58      42      41      73 
  7      69       5      36      51      57      13
 29      74      56      63      20      70       4
     53      39      59      66      38      60 
     19      61      16      47      79       2
         31      46      26      27      28 
         21      75      37      64       8
             44      77      76      71 
             24      32      43       6
                 25      12      17 
--8<--
