execution time: real 7200.366876s user 13239.531285s sys 1.217814s
GA: P=50 K=10 sp=2 xover=2D/1 optrpl=2 optskip=10 optmax=1.023256
generation #11763: pop m=353.767 v=143.961 f=327.075 best_age=8994
best: sum=368.1628 var=  0.3223 fitness=362.2082
-->8--
                     53       1      15 
                 48       3      89      13
                 95      59     109     108 
              4     110     107      34       8
             39      30      16      28      93 
         26      91      45      74      97      12
         51      75     105      94      44      25 
     27      86      23      35      31      98      11
     90      29      99      46      96      41      92 
 17      85      57      60      66      58     101      20
 52      88      40      42      83      43      24      47
     36      68      70      71      22     102      84 
      9      80      37      67      50      79       2
         87      73      82      76      72      78 
         10      61      62      63      69      21
             56      54      18      38      49 
             33      64      65     103       5
                100     106      81     104 
                 14      77       6      19
                      7      32      55 
--8<--
