execution time: real 7200.369746s user 13202.427925s sys 1.138826s
GA: P=50 K=10 sp=2 xover=2D/1 optrpl=2 optskip=10 optmax=1.023256
generation #11693: pop m=352.552 v=  0.888 f=342.913 best_age=5381
best: sum=369.1628 var=  0.4619 fitness=362.0350
-->8--
                      8       5       7 
                102      48      89      22
                  4     103      92      51 
              3     104      33     108      25
             84      65      41      31     101 
          9     109      23      64      53      20
         28      34      91      90      77      18 
     24     105      46      61      54     100      27
     35      71      93      36      49      79      47 
  6     106      21      42      78      10      98      44
 43      86      55      88      97      68      63      58
     94      30      69      29      67      50      60 
     32      87      73      66      26      96      19
         40      56      45      83      62      82 
         37      75      39      85      99      17
             74      80      52      15      13 
              1      81      11     110      57
                 59     107      95      76 
                 38      72      70      16
                     12      14       2 
--8<--
