execution time: real 1800.194117s user 0.015997s sys 0.016997s
GA: P=10 K=7 sp=3 xover_cuts=2
generation #2496: pop m=265.703 v=  0.602 f=258.858 var0cnt=0 bage=156
best: sum=274.3000 var=  0.4100 fitness=268.5729
-->8--
                 23       9       8 
             24      75      16      19
             42      71      74      79 
          2      39      30      78      13
         59      65      26      34       1 
      3      67      43      32      69      10
     64      18      53      61      68      66 
 15      63      28      58      11      60      40
 22      77      37      54      55      49      21
     33      51      46      36      31      38 
      6      52      47      62      73      14
         56      41      29      17      70 
          5      72      35      76      12
             48      50      57      27 
              4      80      45      44
                 20       7      25 
--8<--
