execution time: real 1800.000347s user 0.021996s sys 0.022996s
GA: P=10 K=7 sp=3 xover_cuts=2
generation #3357: pop m=264.170 v=  0.818 f=256.230 var0cnt=0 bage=1133
best: sum=275.7667 var=  0.3122 fitness=270.7689
-->8--
                 15       5       6 
             33      63      77       4
             45      76      53      75 
          8      44       2      60       3
         51      56      58      67      19 
     14      71      40      35      52      12
     65      16      50      57      47      66 
  7      59      43      36      17      80      18
 32      64      48      61      31      72       9
     49      46      38      74      29      30 
     13      78      28      20      79      25
         26      37      55      42      41 
          1      62      23      68      11
             73      70      69      34 
             22      39      54      24
                 10      21      27 
--8<--
