execution time: real 3600.179550s user 6697.110884s sys 0.451931s
GA: P=20 K=10 sp=3 xover_cuts=2
generation #6589: pop m=357.765 v=  0.936 f=347.835 best_age=2918
best: sum=372.5581 var=  0.3396 fitness=366.4458
-->8--
                      6       3      17 
                 49      47     105      13
                 56     106     100      34 
             29     109      12     103      10
             93      45      26      94      53 
         16      41      75      37      79       7
         14     101      80      58      77      88 
      2     107      32      97      27      68       5
     99      48      54      25      70      84      55 
 18     102      30      85      95      46      72      38
 33      69      35      87      44      28     104      22
     52      89      83      36      90      39      81 
      9      63      24      61      65      86       1
         91      78      82      76      64      62 
         11      59      73      60      67      50
             71      57      20      40      43 
             15      74      51     110       4
                 96      98      92     108 
                 31      66      23      21
                      8      42      19 
--8<--
