execution time: real 4400.267918s user 8029.378348s sys 0.980850s
GA: P=30 K=10 sp=3 xover=2D/1 optrpl=3 optskip=3 optmax=1.033333 aging
generation #15469: pop m=258.982 v=603.765 f=156.573 F=  2.754
best: sum=280.3667 var=  0.6989 fitness=272.8893 age=12732
-->8--
                 14       9      17 
             13      51      47      12
             43      79      69      61 
          3      80      26      75       1
         39      41      16      29      37 
      4      74      38      65      78       2
     53      34      68      46      30      60 
 18      77      25      48      32      73      11
 22      67      15      64      28      76      10
     44      63      59      62      42      50 
      5      66      27      31      71       8
         36      49      40      45      33 
          6      72      35      70       7
             52      57      58      55 
             19      56      54      23
                 24      21      20 
--8<--
