jsgmd110: M=43 A=3 B=7 P=512 K=256 sp=3 xover=2D/3 mut=27 replace_worst=51 aging
generation #17098: pop m=379.878 v=0.209 f= -0.128
best: sum=379.8837 var=  0.1028 fitness= -0.0224 age=618
-->8--
                     25       8      17 
                 22      76      55      14
                 67     104     101      85 
              2      86      36     107       3
             58      84      37      35      52 
         15      83      33      64      98       4
         61      74      79      70      87      29 
      7      89      27      97      26     110       1
     73      59      80      50      43      75      93 
 23      91      51      47      94      38      72      12
 16      96      42      68      77      32     106      28
     81      41      92      44      95      57      69 
     11     105      40      48      34      90       5
         46      60      88      82      71      53 
         21      99      54      63     100      10
             49      39      45      30      56 
             13     102      31     108      20
                 78     109     103      65 
                 19      66      62      24
                      6       9      18 
--8<--
execution time: real 1800.023196s user 598.273048s sys 30.824313s
