execution time: real 455.322816s user 456.257638s sys 12.582087s
jsgmd110: M=43 A=3 B=7 P=512 K=256 sp=3 xover=2D/2 mut=4 replace_worst=5 aging explosion=128@0.005000*128 swap=2 hexspin=2
generation #11554: pop m=378.956 v=0.159 f=333.375
best: sum=378.9535 var=  0.0443 fitness=350.1302 age=9310
-->8--
                     33       5      19 
                 25      62      73      12
                 60     107      90      81 
             14      92      42     104       2
             69      48      39      47      68 
         11      96      51      56      77      15
         46      64      86      98      74      36 
      7      93      34      49      27     109      31
     82      71      91      52     110      30      78 
  9      80      26      67      43      29      95      16
 23     102      72      58      84      63     108       6
     83      28      65      75      50      54      76 
      8     103      41      61      20     106       3
         55      70      79      89      85      32 
         13      94      57      53      97      22
             44      38      40      35      37 
             17      99      45     101      21
                 87     100     105      88 
                 10      59      66      18
                     24       4       1 
--8<--
