execution time: real 321.754475s user 455.770712s sys 181.613390s
jsgmd80: M=30 A=3 B=6 P=512 K=256 sp=3 xover=2D/2 mut=4 replace_worst=5 aging explosion=128@0.005000*128 swap=2 hexspin=2
generation #8527: pop m=280.030 v=0.140 f=  5.284
best: sum=280.0333 var=  0.0322 fitness=  6.3127 age=6401
-->8--
                 19      13       9 
             18      64      50       7
             56      55      70      75 
         11      68      28      69       4
         40      44      27      45      24 
      8      61      59      41      63       6
     58      48      37      62      43      66 
 16      65      31      54      26      78      12
 21      73      33      49      29      53      14
     47      30      76      60      51      57 
     17      77      22      35      80       5
         36      42      38      25      34 
          1      72      32      71       3
             52      74      79      67 
             20      39      46       2
                 23      10      15 
--8<--
