execution time: real 412.858184s user 604.566091s sys 184.073016s
jsgmd80: M=30 A=3 B=6 P=512 K=256 sp=3 xover=2D/3 mut=20 replace_worst=51 aging explosion=128@0.005000*128 swap=2 hexspin=2
generation #14102: pop m=281.040 v=0.165 f=277.870
best: sum=281.0333 var=  0.0322 fitness=279.4278 age=12801
-->8--
                 15      13      18 
             24      46      50      11
             56      65      72      57 
          5      75      35      73       6
         29      40      23      34      32 
     16      76      43      44      79       4
     54      38      59      61      42      53 
 22      68      25      51      21      71       8
 14      78      31      55      30      80       2
     45      41      60      63      37      67 
     10      74      28      39      64       7
         33      47      36      48      26 
          9      66      27      62      12
             52      77      69      70 
             20      49      58      19
                 17       1       3 
--8<--
