execution time: real 3600.215395s user 3800.661211s sys 12.089162s
GA: P=512 K=256 sp=3 xover=2D/1 optconsec aging
generation #68423: pop m=280.940 v=0.309 f=276.205
best: sum=281.0667 var=  0.0622 fitness=278.8356 age=820
-->8--
                 11       4      19 
             18      45      51       2
             59      78      77      58 
         10      70      26      74      14
         35      34      24      38      25 
      3      73      49      42      72       8
     63      37      60      56      44      65 
 20      71      28      50      29      68      12
  9      64      33      53      31      66      15
     54      48      57      62      43      55 
      7      67      46      36      69      16
         41      30      27      40      32 
          6      76      23      80      21
             61      79      75      39 
              1      47      52      22
                 17       5      13 
--8<--
