execution time: real 1800.151859s user 0.000000s sys 0.000999s
GA: P=10 K=7 sp=3 xover_cuts=2
generation #0: pop m=242.803 v=5519.487 f=-418.800 var0cnt=0 bage=0
best: sum=237.6333 var=3771.2322 fitness=-311.6376
-->8--
                 69      75      77 
             67      71      49      78
             74      29      35      58 
         80      73      76      79       5
          2      36       3      24      32 
      8       1      60       4       6      13
      9      72      61      34      11      14 
 17      68      10      40      18      15      26
 19      39      55      20      54      70      48
     56      16      66      41      33      30 
     51      59      38      37      57      42
         22      45      25      62      27 
         46       7      65      53      23
             50      44      21      28 
             63      31      12      64
                 47      52      43 
--8<--
