# starting jsgmd110
0: pop m=332.705 v=5799.921 f=-5799.850 F=0.000/3; best m=332.605 v=2855.588 f=-2855.518 a=0 F=0.000/3
0: pop m=332.705 v=5799.921 f=-5799.850 F=2.059/3; best m=332.605 v=2855.588 f=-2855.518 a=0 F=3.000/3
2: pop m=372.941 v=731.913 f=-731.834 F=2.485/3; best m=375.256 v=7.074 f= -6.995 a=1 F=3.000/3
7: pop m=376.426 v=7.296 f= -7.216 F=2.897/3; best m=377.023 v=0.534 f= -0.455 a=1 F=3.000/3
14: pop m=377.520 v=3.877 f= -3.798 F=2.752/3; best m=378.698 v=0.443 f= -0.363 a=1 F=3.000/3
21: pop m=377.884 v=3.030 f= -2.950 F=2.771/3; best m=377.070 v=0.297 f= -0.218 a=3 F=3.000/3
29: pop m=378.176 v=2.334 f= -2.254 F=2.822/3; best m=377.070 v=0.297 f= -0.218 a=11 F=2.999/3
37: pop m=378.291 v=2.166 f= -2.086 F=2.773/3; best m=376.884 v=0.289 f= -0.209 a=1 F=3.000/3
45: pop m=378.470 v=2.252 f= -2.172 F=2.797/3; best m=376.884 v=0.289 f= -0.209 a=9 F=2.999/3
52: pop m=378.526 v=1.913 f= -1.833 F=2.707/3; best m=376.884 v=0.289 f= -0.209 a=16 F=2.999/3
60: pop m=378.616 v=1.924 f= -1.844 F=2.812/3; best m=378.721 v=0.248 f= -0.168 a=6 F=3.000/3
68: pop m=378.681 v=1.868 f= -1.788 F=2.798/3; best m=378.721 v=0.248 f= -0.168 a=14 F=2.999/3
75: pop m=378.687 v=1.884 f= -1.803 F=2.823/3; best m=378.721 v=0.248 f= -0.168 a=21 F=2.998/3
83: pop m=378.714 v=1.709 f= -1.629 F=2.794/3; best m=378.721 v=0.248 f= -0.168 a=29 F=2.998/3
90: pop m=378.757 v=1.899 f= -1.819 F=2.875/3; best m=378.721 v=0.248 f= -0.168 a=36 F=2.997/3
98: pop m=378.795 v=1.736 f= -1.656 F=2.812/3; best m=378.721 v=0.248 f= -0.168 a=44 F=2.997/3
105: pop m=378.830 v=1.628 f= -1.548 F=2.828/3; best m=378.721 v=0.248 f= -0.168 a=51 F=2.996/3
113: pop m=378.780 v=1.640 f= -1.560 F=2.793/3; best m=378.721 v=0.248 f= -0.168 a=59 F=2.995/3
121: pop m=378.867 v=1.575 f= -1.495 F=2.780/3; best m=377.209 v=0.212 f= -0.132 a=7 F=2.999/3
129: pop m=378.854 v=1.638 f= -1.558 F=2.754/3; best m=377.209 v=0.212 f= -0.132 a=15 F=2.999/3
138: pop m=378.895 v=1.574 f= -1.494 F=2.836/3; best m=377.209 v=0.212 f= -0.132 a=24 F=2.998/3
146: pop m=378.883 v=1.515 f= -1.435 F=2.822/3; best m=377.209 v=0.212 f= -0.132 a=32 F=2.998/3
154: pop m=378.820 v=1.627 f= -1.547 F=2.758/3; best m=377.209 v=0.212 f= -0.132 a=40 F=2.997/3
163: pop m=378.887 v=1.506 f= -1.426 F=2.864/3; best m=377.209 v=0.212 f= -0.132 a=49 F=2.996/3
171: pop m=378.874 v=1.617 f= -1.537 F=2.847/3; best m=377.209 v=0.212 f= -0.132 a=57 F=2.996/3
181: pop m=378.863 v=1.507 f= -1.427 F=2.821/3; best m=378.791 v=0.212 f= -0.132 a=4 F=3.000/3
189: pop m=378.942 v=1.490 f= -1.409 F=2.787/3; best m=378.791 v=0.212 f= -0.132 a=12 F=2.999/3
198: pop m=378.903 v=1.348 f= -1.268 F=2.808/3; best m=378.791 v=0.212 f= -0.132 a=21 F=2.998/3
208: pop m=378.965 v=1.321 f= -1.241 F=2.862/3; best m=378.791 v=0.212 f= -0.132 a=31 F=2.998/3
217: pop m=378.931 v=1.243 f= -1.163 F=2.879/3; best m=378.791 v=0.212 f= -0.132 a=40 F=2.997/3
226: pop m=378.953 v=1.287 f= -1.207 F=2.783/3; best m=378.791 v=0.212 f= -0.132 a=49 F=2.996/3
236: pop m=378.903 v=1.113 f= -1.033 F=2.867/3; best m=378.791 v=0.212 f= -0.132 a=59 F=2.995/3
246: pop m=378.889 v=0.887 f= -0.807 F=2.869/3; best m=379.000 v=0.186 f= -0.106 a=1 F=3.000/3
257: pop m=378.836 v=0.804 f= -0.724 F=2.890/3; best m=378.860 v=0.167 f= -0.086 a=10 F=2.999/3
269: pop m=378.830 v=0.594 f= -0.514 F=2.936/3; best m=378.860 v=0.167 f= -0.086 a=22 F=2.998/3
282: pop m=378.873 v=0.451 f= -0.371 F=2.863/3; best m=378.791 v=0.165 f= -0.085 a=8 F=2.999/3
295: pop m=378.866 v=0.450 f= -0.369 F=2.905/3; best m=378.791 v=0.165 f= -0.085 a=21 F=2.998/3
309: pop m=378.871 v=0.424 f= -0.344 F=2.795/3; best m=378.977 v=0.116 f= -0.036 a=11 F=2.999/3
322: pop m=378.874 v=0.436 f= -0.356 F=2.913/3; best m=378.977 v=0.116 f= -0.036 a=24 F=2.998/3
334: pop m=378.872 v=0.402 f= -0.322 F=2.665/3; best m=378.977 v=0.116 f= -0.036 a=36 F=2.997/3
347: pop m=378.867 v=0.430 f= -0.350 F=2.765/3; best m=378.977 v=0.116 f= -0.036 a=49 F=2.996/3
361: pop m=378.879 v=0.429 f= -0.349 F=2.885/3; best m=378.977 v=0.116 f= -0.036 a=63 F=2.995/3
375: pop m=378.878 v=0.401 f= -0.321 F=2.702/3; best m=378.977 v=0.116 f= -0.036 a=77 F=2.994/3
388: pop m=378.887 v=0.397 f= -0.317 F=2.786/3; best m=378.977 v=0.116 f= -0.036 a=90 F=2.993/3
402: pop m=378.883 v=0.402 f= -0.321 F=2.668/3; best m=378.977 v=0.116 f= -0.036 a=104 F=2.992/3
415: pop m=378.889 v=0.394 f= -0.314 F=2.488/3; best m=378.977 v=0.116 f= -0.036 a=117 F=2.991/3
429: pop m=378.893 v=0.399 f= -0.319 F=2.763/3; best m=378.977 v=0.116 f= -0.036 a=131 F=2.990/3
443: pop m=378.892 v=0.379 f= -0.299 F=2.648/3; best m=378.977 v=0.116 f= -0.036 a=145 F=2.989/3
456: pop m=378.897 v=0.387 f= -0.307 F=2.613/3; best m=378.977 v=0.116 f= -0.036 a=158 F=2.988/3
470: pop m=378.906 v=0.390 f= -0.309 F=2.679/3; best m=378.977 v=0.116 f= -0.036 a=172 F=2.987/3
483: pop m=378.901 v=0.377 f= -0.297 F=2.560/3; best m=378.977 v=0.116 f= -0.036 a=185 F=2.986/3
497: pop m=378.905 v=0.387 f= -0.307 F=2.717/3; best m=378.977 v=0.116 f= -0.036 a=199 F=2.985/3
511: pop m=378.904 v=0.382 f= -0.302 F=2.701/3; best m=378.977 v=0.116 f= -0.036 a=213 F=2.984/3
525: pop m=378.905 v=0.380 f= -0.300 F=2.617/3; best m=378.977 v=0.116 f= -0.036 a=227 F=2.983/3
539: pop m=378.903 v=0.368 f= -0.288 F=2.574/3; best m=378.977 v=0.116 f= -0.036 a=241 F=2.982/3
552: pop m=378.910 v=0.377 f= -0.297 F=2.686/3; best m=378.977 v=0.116 f= -0.036 a=254 F=2.981/3
566: pop m=378.910 v=0.367 f= -0.287 F=2.735/3; best m=378.977 v=0.116 f= -0.036 a=268 F=2.980/3
580: pop m=378.912 v=0.374 f= -0.294 F=2.626/3; best m=378.977 v=0.116 f= -0.036 a=282 F=2.978/3
594: pop m=378.915 v=0.369 f= -0.289 F=2.651/3; best m=378.977 v=0.116 f= -0.036 a=296 F=2.977/3
608: pop m=378.920 v=0.363 f= -0.283 F=2.633/3; best m=378.977 v=0.116 f= -0.036 a=310 F=2.976/3
621: pop m=378.917 v=0.372 f= -0.292 F=2.665/3; best m=378.977 v=0.116 f= -0.036 a=3 F=3.000/3
634: pop m=378.923 v=0.357 f= -0.277 F=2.523/3; best m=378.977 v=0.116 f= -0.036 a=16 F=2.999/3
647: pop m=378.923 v=0.362 f= -0.282 F=2.674/3; best m=378.977 v=0.116 f= -0.036 a=29 F=2.998/3
661: pop m=378.923 v=0.365 f= -0.285 F=2.719/3; best m=378.977 v=0.116 f= -0.036 a=43 F=2.997/3
675: pop m=378.930 v=0.366 f= -0.286 F=2.784/3; best m=378.977 v=0.116 f= -0.036 a=57 F=2.996/3
689: pop m=378.939 v=0.367 f= -0.287 F=2.703/3; best m=378.977 v=0.116 f= -0.036 a=71 F=2.995/3
703: pop m=378.930 v=0.361 f= -0.281 F=2.600/3; best m=378.977 v=0.116 f= -0.036 a=85 F=2.994/3
717: pop m=378.929 v=0.360 f= -0.280 F=2.680/3; best m=378.977 v=0.116 f= -0.036 a=99 F=2.992/3
731: pop m=378.928 v=0.354 f= -0.274 F=2.621/3; best m=378.977 v=0.116 f= -0.036 a=113 F=2.991/3
745: pop m=378.939 v=0.353 f= -0.273 F=2.593/3; best m=378.977 v=0.116 f= -0.036 a=127 F=2.990/3
759: pop m=378.935 v=0.354 f= -0.274 F=2.625/3; best m=378.977 v=0.116 f= -0.036 a=141 F=2.989/3
773: pop m=378.935 v=0.364 f= -0.284 F=2.627/3; best m=378.977 v=0.116 f= -0.036 a=155 F=2.988/3
787: pop m=378.939 v=0.346 f= -0.266 F=2.790/3; best m=378.977 v=0.116 f= -0.036 a=169 F=2.987/3
802: pop m=378.946 v=0.359 f= -0.279 F=2.671/3; best m=378.930 v=0.111 f= -0.031 a=13 F=2.999/3
815: pop m=378.933 v=0.361 f= -0.281 F=2.653/3; best m=378.930 v=0.111 f= -0.031 a=2 F=3.000/3
829: pop m=378.933 v=0.362 f= -0.282 F=2.725/3; best m=378.930 v=0.111 f= -0.031 a=16 F=2.999/3
843: pop m=378.929 v=0.346 f= -0.266 F=2.741/3; best m=378.930 v=0.111 f= -0.031 a=30 F=2.998/3
857: pop m=378.928 v=0.357 f= -0.277 F=2.683/3; best m=378.930 v=0.111 f= -0.031 a=44 F=2.997/3
871: pop m=378.928 v=0.355 f= -0.275 F=2.619/3; best m=378.930 v=0.111 f= -0.031 a=58 F=2.996/3
886: pop m=378.933 v=0.354 f= -0.274 F=2.501/3; best m=378.930 v=0.111 f= -0.031 a=73 F=2.994/3
900: pop m=378.934 v=0.364 f= -0.284 F=2.647/3; best m=378.930 v=0.111 f= -0.031 a=87 F=2.993/3
914: pop m=378.938 v=0.356 f= -0.276 F=2.604/3; best m=378.930 v=0.111 f= -0.031 a=101 F=2.992/3
926: pop m=378.938 v=0.349 f= -0.269 F=2.641/3; best m=378.930 v=0.111 f= -0.031 a=113 F=2.991/3
940: pop m=378.931 v=0.363 f= -0.283 F=2.687/3; best m=378.930 v=0.111 f= -0.031 a=127 F=2.990/3
954: pop m=378.932 v=0.357 f= -0.276 F=2.598/3; best m=378.884 v=0.103 f= -0.023 a=10 F=2.999/3
968: pop m=378.935 v=0.357 f= -0.277 F=2.514/3; best m=378.884 v=0.103 f= -0.023 a=24 F=2.998/3
982: pop m=378.933 v=0.352 f= -0.272 F=2.673/3; best m=378.884 v=0.103 f= -0.023 a=38 F=2.997/3
995: pop m=378.934 v=0.355 f= -0.275 F=2.674/3; best m=378.884 v=0.103 f= -0.023 a=51 F=2.996/3
1009: pop m=378.936 v=0.363 f= -0.283 F=2.693/3; best m=378.884 v=0.103 f= -0.023 a=65 F=2.995/3
1023: pop m=378.925 v=0.345 f= -0.265 F=2.542/3; best m=378.884 v=0.103 f= -0.023 a=79 F=2.994/3
1037: pop m=378.930 v=0.353 f= -0.273 F=2.700/3; best m=378.884 v=0.103 f= -0.023 a=93 F=2.993/3
1051: pop m=378.932 v=0.348 f= -0.268 F=2.626/3; best m=378.884 v=0.103 f= -0.023 a=107 F=2.992/3
1065: pop m=378.931 v=0.342 f= -0.262 F=2.621/3; best m=378.884 v=0.103 f= -0.023 a=121 F=2.991/3
1079: pop m=378.932 v=0.346 f= -0.266 F=2.752/3; best m=378.884 v=0.103 f= -0.023 a=135 F=2.990/3
1093: pop m=378.935 v=0.342 f= -0.262 F=2.549/3; best m=378.884 v=0.103 f= -0.023 a=149 F=2.989/3
1107: pop m=378.943 v=0.351 f= -0.270 F=2.628/3; best m=378.884 v=0.103 f= -0.023 a=163 F=2.988/3
1121: pop m=378.932 v=0.349 f= -0.269 F=2.605/3; best m=378.884 v=0.103 f= -0.023 a=177 F=2.986/3
1134: pop m=378.934 v=0.354 f= -0.274 F=2.617/3; best m=378.884 v=0.103 f= -0.023 a=190 F=2.985/3
1148: pop m=378.931 v=0.343 f= -0.263 F=2.639/3; best m=378.884 v=0.103 f= -0.023 a=204 F=2.984/3
1162: pop m=378.940 v=0.336 f= -0.256 F=2.557/3; best m=378.884 v=0.103 f= -0.023 a=218 F=2.983/3
1176: pop m=378.934 v=0.341 f= -0.261 F=2.578/3; best m=378.884 v=0.103 f= -0.023 a=232 F=2.982/3
1190: pop m=378.931 v=0.341 f= -0.260 F=2.602/3; best m=378.884 v=0.103 f= -0.023 a=246 F=2.981/3
1204: pop m=378.932 v=0.346 f= -0.266 F=2.634/3; best m=378.884 v=0.103 f= -0.023 a=260 F=2.980/3
1218: pop m=378.933 v=0.342 f= -0.262 F=2.602/3; best m=378.884 v=0.103 f= -0.023 a=274 F=2.979/3
1232: pop m=378.935 v=0.353 f= -0.273 F=2.688/3; best m=378.884 v=0.103 f= -0.023 a=288 F=2.978/3
1246: pop m=378.930 v=0.340 f= -0.260 F=2.686/3; best m=378.884 v=0.103 f= -0.023 a=302 F=2.977/3
1260: pop m=378.932 v=0.346 f= -0.266 F=2.711/3; best m=378.884 v=0.103 f= -0.023 a=316 F=2.976/3
1274: pop m=378.941 v=0.332 f= -0.252 F=2.558/3; best m=378.884 v=0.103 f= -0.023 a=330 F=2.975/3
1288: pop m=378.934 v=0.353 f= -0.273 F=2.623/3; best m=378.953 v=0.091 f= -0.011 a=10 F=2.999/3
1303: pop m=378.932 v=0.329 f= -0.249 F=2.633/3; best m=378.953 v=0.091 f= -0.011 a=25 F=2.998/3
1317: pop m=378.928 v=0.336 f= -0.256 F=2.739/3; best m=378.953 v=0.091 f= -0.011 a=39 F=2.997/3
1331: pop m=378.928 v=0.333 f= -0.253 F=2.689/3; best m=378.953 v=0.091 f= -0.011 a=53 F=2.996/3
1346: pop m=378.932 v=0.337 f= -0.257 F=2.569/3; best m=378.953 v=0.091 f= -0.011 a=68 F=2.995/3
1360: pop m=378.933 v=0.323 f= -0.243 F=2.608/3; best m=378.953 v=0.091 f= -0.011 a=82 F=2.994/3
1374: pop m=378.931 v=0.339 f= -0.259 F=2.611/3; best m=378.953 v=0.091 f= -0.011 a=96 F=2.993/3
1388: pop m=378.928 v=0.326 f= -0.246 F=2.579/3; best m=378.953 v=0.091 f= -0.011 a=110 F=2.992/3
1402: pop m=378.927 v=0.326 f= -0.246 F=2.588/3; best m=378.953 v=0.091 f= -0.011 a=124 F=2.991/3
1417: pop m=378.922 v=0.322 f= -0.242 F=2.577/3; best m=378.953 v=0.091 f= -0.011 a=139 F=2.989/3
1431: pop m=378.929 v=0.327 f= -0.247 F=2.593/3; best m=378.953 v=0.091 f= -0.011 a=4 F=3.000/3
1445: pop m=378.926 v=0.323 f= -0.242 F=2.653/3; best m=378.953 v=0.091 f= -0.011 a=18 F=2.999/3
1459: pop m=378.927 v=0.316 f= -0.236 F=2.466/3; best m=378.953 v=0.091 f= -0.011 a=3 F=3.000/3
1473: pop m=378.929 v=0.319 f= -0.239 F=2.622/3; best m=378.953 v=0.091 f= -0.011 a=17 F=2.999/3
1487: pop m=378.928 v=0.307 f= -0.226 F=2.567/3; best m=378.953 v=0.091 f= -0.011 a=31 F=2.998/3
1502: pop m=378.938 v=0.322 f= -0.242 F=2.743/3; best m=378.953 v=0.091 f= -0.011 a=46 F=2.996/3
1516: pop m=378.930 v=0.318 f= -0.238 F=2.564/3; best m=378.953 v=0.091 f= -0.011 a=60 F=2.995/3
1529: pop m=378.932 v=0.306 f= -0.226 F=2.468/3; best m=378.953 v=0.091 f= -0.011 a=73 F=2.994/3
1543: pop m=378.934 v=0.310 f= -0.230 F=2.629/3; best m=378.953 v=0.091 f= -0.011 a=87 F=2.993/3
1557: pop m=378.940 v=0.305 f= -0.224 F=2.555/3; best m=378.953 v=0.091 f= -0.011 a=101 F=2.992/3
1571: pop m=378.933 v=0.300 f= -0.220 F=2.610/3; best m=378.953 v=0.091 f= -0.011 a=115 F=2.991/3
1585: pop m=378.944 v=0.298 f= -0.218 F=2.582/3; best m=378.977 v=0.069 f=  0.011 a=11 F=2.999/3
1600: pop m=378.933 v=0.292 f= -0.212 F=2.592/3; best m=378.977 v=0.069 f=  0.011 a=26 F=2.998/3
1614: pop m=378.942 v=0.288 f= -0.208 F=2.592/3; best m=378.977 v=0.069 f=  0.011 a=40 F=2.997/3
1629: pop m=378.943 v=0.288 f= -0.208 F=2.575/3; best m=378.977 v=0.069 f=  0.011 a=55 F=2.996/3
1643: pop m=378.948 v=0.298 f= -0.218 F=2.616/3; best m=378.977 v=0.069 f=  0.011 a=69 F=2.995/3
1658: pop m=378.944 v=0.275 f= -0.195 F=2.598/3; best m=378.977 v=0.069 f=  0.011 a=84 F=2.994/3
1672: pop m=378.947 v=0.279 f= -0.199 F=2.502/3; best m=378.977 v=0.069 f=  0.011 a=98 F=2.993/3
1687: pop m=378.937 v=0.282 f= -0.202 F=2.689/3; best m=378.977 v=0.069 f=  0.011 a=113 F=2.991/3
1702: pop m=378.942 v=0.273 f= -0.193 F=2.587/3; best m=378.977 v=0.069 f=  0.011 a=128 F=2.990/3
1716: pop m=378.951 v=0.271 f= -0.191 F=2.688/3; best m=378.977 v=0.069 f=  0.011 a=142 F=2.989/3
1729: pop m=378.951 v=0.270 f= -0.190 F=2.822/3; best m=378.977 v=0.069 f=  0.011 a=155 F=2.988/3
1743: pop m=378.951 v=0.259 f= -0.179 F=2.622/3; best m=378.977 v=0.069 f=  0.011 a=169 F=2.987/3
1758: pop m=378.951 v=0.258 f= -0.178 F=2.684/3; best m=378.977 v=0.069 f=  0.011 a=13 F=2.999/3
1773: pop m=378.953 v=0.253 f= -0.173 F=2.653/3; best m=378.977 v=0.069 f=  0.011 a=28 F=2.998/3
1787: pop m=378.954 v=0.239 f= -0.159 F=2.549/3; best m=378.977 v=0.069 f=  0.011 a=2 F=3.000/3
1802: pop m=378.953 v=0.250 f= -0.170 F=2.587/3; best m=378.977 v=0.069 f=  0.011 a=13 F=2.999/3
1818: pop m=378.953 v=0.244 f= -0.164 F=2.741/3; best m=378.977 v=0.069 f=  0.011 a=29 F=2.998/3
1833: pop m=378.957 v=0.247 f= -0.167 F=2.640/3; best m=378.977 v=0.069 f=  0.011 a=44 F=2.997/3
1848: pop m=378.957 v=0.240 f= -0.160 F=2.689/3; best m=378.977 v=0.069 f=  0.011 a=59 F=2.995/3
1863: pop m=378.961 v=0.238 f= -0.158 F=2.622/3; best m=378.977 v=0.069 f=  0.011 a=2 F=3.000/3
1878: pop m=378.965 v=0.233 f= -0.153 F=2.615/3; best m=378.977 v=0.069 f=  0.011 a=17 F=2.999/3
1892: pop m=378.966 v=0.231 f= -0.151 F=2.638/3; best m=378.977 v=0.069 f=  0.011 a=31 F=2.998/3
1907: pop m=378.961 v=0.239 f= -0.159 F=2.639/3; best m=378.977 v=0.069 f=  0.011 a=46 F=2.996/3
1922: pop m=378.966 v=0.237 f= -0.157 F=2.669/3; best m=378.977 v=0.069 f=  0.011 a=61 F=2.995/3
1937: pop m=378.965 v=0.223 f= -0.143 F=2.681/3; best m=378.930 v=0.065 f=  0.015 a=5 F=3.000/3
1952: pop m=378.964 v=0.238 f= -0.158 F=2.625/3; best m=378.930 v=0.065 f=  0.015 a=2 F=3.000/3
1966: pop m=378.966 v=0.223 f= -0.142 F=2.598/3; best m=378.953 v=0.044 f=  0.036 a=3 F=3.000/3
1982: pop m=378.965 v=0.226 f= -0.146 F=2.547/3; best m=378.953 v=0.044 f=  0.036 a=19 F=2.999/3
1997: pop m=378.966 v=0.224 f= -0.144 F=2.736/3; best m=378.953 v=0.044 f=  0.036 a=4 F=3.000/3
2012: pop m=378.964 v=0.224 f= -0.143 F=2.515/3; best m=378.953 v=0.044 f=  0.036 a=19 F=2.999/3
2027: pop m=378.971 v=0.218 f= -0.138 F=2.631/3; best m=378.953 v=0.044 f=  0.036 a=34 F=2.997/3
2043: pop m=378.970 v=0.210 f= -0.130 F=2.700/3; best m=378.953 v=0.044 f=  0.036 a=50 F=2.996/3
2058: pop m=378.967 v=0.211 f= -0.131 F=2.609/3; best m=378.953 v=0.044 f=  0.036 a=65 F=2.995/3
2073: pop m=378.967 v=0.216 f= -0.136 F=2.662/3; best m=378.953 v=0.044 f=  0.036 a=80 F=2.994/3
2088: pop m=378.966 v=0.220 f= -0.139 F=2.514/3; best m=378.953 v=0.044 f=  0.036 a=95 F=2.993/3
2103: pop m=378.966 v=0.209 f= -0.129 F=2.668/3; best m=378.953 v=0.044 f=  0.036 a=110 F=2.992/3
2118: pop m=378.965 v=0.210 f= -0.130 F=2.613/3; best m=378.953 v=0.044 f=  0.036 a=125 F=2.990/3
2134: pop m=378.964 v=0.218 f= -0.138 F=2.755/3; best m=378.953 v=0.044 f=  0.036 a=141 F=2.989/3
2149: pop m=378.966 v=0.213 f= -0.133 F=2.555/3; best m=378.953 v=0.044 f=  0.036 a=156 F=2.988/3
2164: pop m=378.967 v=0.212 f= -0.132 F=2.595/3; best m=378.953 v=0.044 f=  0.036 a=171 F=2.987/3
2179: pop m=378.968 v=0.219 f= -0.139 F=2.684/3; best m=378.953 v=0.044 f=  0.036 a=186 F=2.986/3
2194: pop m=378.966 v=0.216 f= -0.136 F=2.519/3; best m=378.953 v=0.044 f=  0.036 a=201 F=2.985/3
2208: pop m=378.968 v=0.213 f= -0.133 F=2.667/3; best m=378.953 v=0.044 f=  0.036 a=215 F=2.984/3
2223: pop m=378.968 v=0.208 f= -0.128 F=2.644/3; best m=378.953 v=0.044 f=  0.036 a=230 F=2.982/3
2238: pop m=378.968 v=0.208 f= -0.128 F=2.521/3; best m=378.953 v=0.044 f=  0.036 a=1 F=3.000/3
2254: pop m=378.968 v=0.212 f= -0.132 F=2.517/3; best m=378.953 v=0.044 f=  0.036 a=17 F=2.999/3
2269: pop m=378.970 v=0.219 f= -0.139 F=2.591/3; best m=378.953 v=0.044 f=  0.036 a=32 F=2.998/3
2283: pop m=378.967 v=0.218 f= -0.138 F=2.684/3; best m=378.953 v=0.044 f=  0.036 a=46 F=2.996/3
2299: pop m=378.972 v=0.214 f= -0.134 F=2.612/3; best m=378.977 v=0.023 f=  0.057 a=2 F=3.000/3
2314: pop m=378.974 v=0.210 f= -0.130 F=2.636/3; best m=378.977 v=0.023 f=  0.057 a=17 F=2.999/3
2329: pop m=378.976 v=0.205 f= -0.125 F=2.468/3; best m=378.977 v=0.023 f=  0.057 a=32 F=2.998/3
2344: pop m=378.978 v=0.214 f= -0.134 F=2.714/3; best m=378.977 v=0.023 f=  0.057 a=47 F=2.996/3
2359: pop m=378.973 v=0.205 f= -0.125 F=2.533/3; best m=378.977 v=0.023 f=  0.057 a=62 F=2.995/3
2374: pop m=378.978 v=0.208 f= -0.128 F=2.732/3; best m=378.977 v=0.023 f=  0.057 a=77 F=2.994/3
2389: pop m=378.980 v=0.200 f= -0.120 F=2.593/3; best m=378.977 v=0.023 f=  0.057 a=92 F=2.993/3
2405: pop m=378.978 v=0.209 f= -0.129 F=2.479/3; best m=378.977 v=0.023 f=  0.057 a=108 F=2.992/3
2420: pop m=378.984 v=0.204 f= -0.124 F=2.629/3; best m=378.977 v=0.023 f=  0.057 a=123 F=2.991/3
2435: pop m=378.979 v=0.202 f= -0.122 F=2.626/3; best m=378.977 v=0.023 f=  0.057 a=138 F=2.989/3
2450: pop m=378.983 v=0.210 f= -0.130 F=2.647/3; best m=378.977 v=0.023 f=  0.057 a=153 F=2.988/3
2464: pop m=378.983 v=0.205 f= -0.125 F=2.681/3; best m=378.977 v=0.023 f=  0.057 a=167 F=2.987/3
2478: pop m=378.982 v=0.210 f= -0.130 F=2.708/3; best m=378.977 v=0.023 f=  0.057 a=181 F=2.986/3
2493: pop m=378.975 v=0.199 f= -0.119 F=2.724/3; best m=378.977 v=0.023 f=  0.057 a=196 F=2.985/3
2509: pop m=378.978 v=0.206 f= -0.126 F=2.576/3; best m=378.977 v=0.023 f=  0.057 a=212 F=2.984/3
2524: pop m=378.981 v=0.204 f= -0.124 F=2.555/3; best m=378.977 v=0.023 f=  0.057 a=227 F=2.983/3
2539: pop m=378.980 v=0.199 f= -0.119 F=2.549/3; best m=378.977 v=0.023 f=  0.057 a=242 F=2.982/3
2554: pop m=378.978 v=0.202 f= -0.121 F=2.692/3; best m=378.977 v=0.023 f=  0.057 a=257 F=2.980/3
2570: pop m=378.982 v=0.201 f= -0.121 F=2.570/3; best m=378.977 v=0.023 f=  0.057 a=273 F=2.979/3
2585: pop m=378.982 v=0.197 f= -0.117 F=2.750/3; best m=378.977 v=0.023 f=  0.057 a=288 F=2.978/3
2600: pop m=378.983 v=0.198 f= -0.118 F=2.521/3; best m=378.977 v=0.023 f=  0.057 a=303 F=2.977/3
2615: pop m=378.980 v=0.200 f= -0.120 F=2.655/3; best m=378.977 v=0.023 f=  0.057 a=318 F=2.976/3
2631: pop m=378.980 v=0.199 f= -0.119 F=2.569/3; best m=378.977 v=0.023 f=  0.057 a=334 F=2.974/3
2646: pop m=378.978 v=0.192 f= -0.112 F=2.555/3; best m=378.977 v=0.023 f=  0.057 a=349 F=2.973/3
2661: pop m=378.981 v=0.203 f= -0.123 F=2.615/3; best m=378.977 v=0.023 f=  0.057 a=364 F=2.972/3
2675: pop m=378.985 v=0.203 f= -0.123 F=2.524/3; best m=378.977 v=0.023 f=  0.057 a=378 F=2.971/3
2688: pop m=378.983 v=0.196 f= -0.115 F=2.545/3; best m=378.977 v=0.023 f=  0.057 a=391 F=2.970/3
2703: pop m=378.980 v=0.197 f= -0.116 F=2.591/3; best m=378.977 v=0.023 f=  0.057 a=406 F=2.969/3
2718: pop m=378.984 v=0.203 f= -0.123 F=2.714/3; best m=378.977 v=0.023 f=  0.057 a=421 F=2.968/3
2733: pop m=378.981 v=0.202 f= -0.121 F=2.675/3; best m=378.977 v=0.023 f=  0.057 a=436 F=2.967/3
2748: pop m=378.981 v=0.199 f= -0.119 F=2.611/3; best m=378.977 v=0.023 f=  0.057 a=451 F=2.966/3
2763: pop m=378.983 v=0.201 f= -0.121 F=2.613/3; best m=378.977 v=0.023 f=  0.057 a=466 F=2.964/3
2779: pop m=378.982 v=0.205 f= -0.125 F=2.760/3; best m=378.977 v=0.023 f=  0.057 a=482 F=2.963/3
2793: pop m=378.983 v=0.198 f= -0.118 F=2.700/3; best m=378.977 v=0.023 f=  0.057 a=496 F=2.962/3
2807: pop m=378.978 v=0.198 f= -0.118 F=2.529/3; best m=378.977 v=0.023 f=  0.057 a=510 F=2.961/3
2823: pop m=378.983 v=0.201 f= -0.121 F=2.627/3; best m=378.977 v=0.023 f=  0.057 a=526 F=2.960/3
2838: pop m=378.984 v=0.204 f= -0.123 F=2.510/3; best m=378.977 v=0.023 f=  0.057 a=541 F=2.959/3
2853: pop m=378.984 v=0.198 f= -0.118 F=2.589/3; best m=378.977 v=0.023 f=  0.057 a=556 F=2.958/3
2868: pop m=378.983 v=0.198 f= -0.118 F=2.550/3; best m=378.977 v=0.023 f=  0.057 a=571 F=2.956/3
2882: pop m=378.988 v=0.200 f= -0.119 F=2.584/3; best m=378.977 v=0.023 f=  0.057 a=585 F=2.955/3
2897: pop m=378.984 v=0.196 f= -0.116 F=2.646/3; best m=378.977 v=0.023 f=  0.057 a=600 F=2.954/3
2912: pop m=378.982 v=0.195 f= -0.115 F=2.445/3; best m=378.977 v=0.023 f=  0.057 a=615 F=2.953/3
2927: pop m=378.985 v=0.198 f= -0.118 F=2.637/3; best m=378.977 v=0.023 f=  0.057 a=630 F=2.952/3
2941: pop m=378.981 v=0.203 f= -0.123 F=2.628/3; best m=378.977 v=0.023 f=  0.057 a=644 F=2.951/3
2956: pop m=378.984 v=0.201 f= -0.120 F=2.483/3; best m=378.977 v=0.023 f=  0.057 a=659 F=2.950/3
2972: pop m=378.989 v=0.201 f= -0.121 F=2.654/3; best m=378.977 v=0.023 f=  0.057 a=675 F=2.948/3
2987: pop m=378.985 v=0.197 f= -0.117 F=2.518/3; best m=378.977 v=0.023 f=  0.057 a=690 F=2.947/3
3011: pop m=378.982 v=0.203 f= -0.123 F=2.587/3; best m=378.977 v=0.023 f=  0.057 a=714 F=2.945/3
3026: pop m=378.988 v=0.198 f= -0.118 F=2.584/3; best m=378.977 v=0.023 f=  0.057 a=729 F=2.944/3
3041: pop m=378.986 v=0.199 f= -0.119 F=2.758/3; best m=378.977 v=0.023 f=  0.057 a=744 F=2.943/3
3056: pop m=378.984 v=0.205 f= -0.125 F=2.729/3; best m=378.977 v=0.023 f=  0.057 a=759 F=2.942/3
3071: pop m=378.985 v=0.206 f= -0.126 F=2.519/3; best m=378.977 v=0.023 f=  0.057 a=774 F=2.941/3
3087: pop m=378.980 v=0.208 f= -0.128 F=2.710/3; best m=378.977 v=0.023 f=  0.057 a=790 F=2.940/3
3102: pop m=378.984 v=0.198 f= -0.118 F=2.598/3; best m=378.977 v=0.023 f=  0.057 a=805 F=2.939/3
3117: pop m=378.986 v=0.203 f= -0.122 F=2.552/3; best m=378.977 v=0.023 f=  0.057 a=820 F=2.937/3
3132: pop m=378.988 v=0.203 f= -0.123 F=2.596/3; best m=378.977 v=0.023 f=  0.057 a=835 F=2.936/3
3148: pop m=378.983 v=0.200 f= -0.120 F=2.603/3; best m=378.977 v=0.023 f=  0.057 a=851 F=2.935/3
3164: pop m=378.988 v=0.199 f= -0.119 F=2.504/3; best m=378.977 v=0.023 f=  0.057 a=867 F=2.934/3
3179: pop m=378.989 v=0.204 f= -0.124 F=2.646/3; best m=378.977 v=0.023 f=  0.057 a=882 F=2.933/3
3194: pop m=378.991 v=0.200 f= -0.120 F=2.623/3; best m=378.977 v=0.023 f=  0.057 a=897 F=2.932/3
3209: pop m=378.987 v=0.207 f= -0.126 F=2.497/3; best m=378.977 v=0.023 f=  0.057 a=912 F=2.930/3
3225: pop m=378.990 v=0.206 f= -0.126 F=2.682/3; best m=378.977 v=0.023 f=  0.057 a=928 F=2.929/3
3240: pop m=378.988 v=0.201 f= -0.121 F=2.618/3; best m=378.977 v=0.023 f=  0.057 a=943 F=2.928/3
3255: pop m=378.991 v=0.194 f= -0.114 F=2.612/3; best m=378.977 v=0.023 f=  0.057 a=10 F=2.999/3
3270: pop m=378.996 v=0.199 f= -0.119 F=2.550/3; best m=378.977 v=0.023 f=  0.057 a=25 F=2.998/3
3284: pop m=378.993 v=0.197 f= -0.117 F=2.579/3; best m=378.977 v=0.023 f=  0.057 a=987 F=2.925/3
3299: pop m=378.992 v=0.194 f= -0.114 F=2.634/3; best m=378.977 v=0.023 f=  0.057 a=1002 F=2.923/3
3314: pop m=378.994 v=0.197 f= -0.117 F=2.666/3; best m=378.977 v=0.023 f=  0.057 a=1017 F=2.922/3
3329: pop m=378.993 v=0.199 f= -0.119 F=2.604/3; best m=378.977 v=0.023 f=  0.057 a=1032 F=2.921/3
3344: pop m=378.993 v=0.199 f= -0.119 F=2.608/3; best m=378.977 v=0.023 f=  0.057 a=1047 F=2.920/3
3359: pop m=378.992 v=0.205 f= -0.125 F=2.573/3; best m=378.977 v=0.023 f=  0.057 a=1062 F=2.919/3
3374: pop m=378.990 v=0.201 f= -0.121 F=2.680/3; best m=378.977 v=0.023 f=  0.057 a=1077 F=2.918/3
3389: pop m=378.996 v=0.201 f= -0.120 F=2.568/3; best m=378.977 v=0.023 f=  0.057 a=1092 F=2.917/3
3405: pop m=378.997 v=0.210 f= -0.130 F=2.663/3; best m=378.977 v=0.023 f=  0.057 a=1108 F=2.915/3
3420: pop m=378.994 v=0.203 f= -0.122 F=2.530/3; best m=378.977 v=0.023 f=  0.057 a=1123 F=2.914/3
3435: pop m=378.994 v=0.209 f= -0.129 F=2.611/3; best m=378.977 v=0.023 f=  0.057 a=1138 F=2.913/3
3450: pop m=378.999 v=0.209 f= -0.129 F=2.690/3; best m=378.977 v=0.023 f=  0.057 a=1153 F=2.912/3
3465: pop m=378.996 v=0.199 f= -0.119 F=2.614/3; best m=378.977 v=0.023 f=  0.057 a=1168 F=2.911/3
3480: pop m=378.997 v=0.199 f= -0.119 F=2.640/3; best m=378.977 v=0.023 f=  0.057 a=1183 F=2.910/3
3495: pop m=378.996 v=0.190 f= -0.110 F=2.696/3; best m=378.953 v=0.044 f=  0.036 a=9 F=2.999/3
3510: pop m=378.997 v=0.204 f= -0.124 F=2.758/3; best m=378.953 v=0.044 f=  0.036 a=24 F=2.998/3
3526: pop m=378.995 v=0.197 f= -0.117 F=2.655/3; best m=378.953 v=0.044 f=  0.036 a=40 F=2.997/3
3541: pop m=379.000 v=0.184 f= -0.104 F=2.637/3; best m=378.977 v=0.023 f=  0.057 a=1 F=3.000/3
3556: pop m=378.995 v=0.193 f= -0.113 F=2.620/3; best m=378.977 v=0.023 f=  0.057 a=16 F=2.999/3
3572: pop m=378.997 v=0.188 f= -0.108 F=2.565/3; best m=378.977 v=0.023 f=  0.057 a=32 F=2.998/3
3587: pop m=378.995 v=0.191 f= -0.111 F=2.741/3; best m=378.977 v=0.023 f=  0.057 a=47 F=2.996/3
3601: pop m=378.998 v=0.191 f= -0.111 F=2.592/3; best m=378.977 v=0.023 f=  0.057 a=61 F=2.995/3
3616: pop m=378.996 v=0.192 f= -0.112 F=2.649/3; best m=378.977 v=0.023 f=  0.057 a=76 F=2.994/3
3631: pop m=378.999 v=0.187 f= -0.107 F=2.551/3; best m=378.977 v=0.023 f=  0.057 a=91 F=2.993/3
3645: pop m=378.998 v=0.188 f= -0.108 F=2.601/3; best m=378.977 v=0.023 f=  0.057 a=105 F=2.992/3
3660: pop m=379.001 v=0.196 f= -0.116 F=2.551/3; best m=378.977 v=0.023 f=  0.057 a=120 F=2.991/3
3675: pop m=378.999 v=0.194 f= -0.114 F=2.563/3; best m=378.977 v=0.023 f=  0.057 a=135 F=2.990/3
3690: pop m=378.999 v=0.192 f= -0.112 F=2.632/3; best m=378.977 v=0.023 f=  0.057 a=150 F=2.989/3
3705: pop m=378.998 v=0.194 f= -0.114 F=2.661/3; best m=378.977 v=0.023 f=  0.057 a=165 F=2.987/3
3721: pop m=378.999 v=0.188 f= -0.108 F=2.694/3; best m=378.977 v=0.023 f=  0.057 a=181 F=2.986/3
3736: pop m=379.000 v=0.184 f= -0.104 F=2.611/3; best m=378.977 v=0.023 f=  0.057 a=196 F=2.985/3
3751: pop m=379.002 v=0.181 f= -0.101 F=2.509/3; best m=378.977 v=0.023 f=  0.057 a=211 F=2.984/3
3767: pop m=379.000 v=0.181 f= -0.101 F=2.665/3; best m=378.977 v=0.023 f=  0.057 a=227 F=2.983/3
3782: pop m=379.002 v=0.184 f= -0.104 F=2.548/3; best m=378.977 v=0.023 f=  0.057 a=242 F=2.982/3
3798: pop m=378.995 v=0.184 f= -0.104 F=2.516/3; best m=378.977 v=0.023 f=  0.057 a=258 F=2.980/3
3813: pop m=379.001 v=0.177 f= -0.097 F=2.656/3; best m=378.977 v=0.023 f=  0.057 a=273 F=2.979/3
3829: pop m=378.999 v=0.184 f= -0.104 F=2.619/3; best m=378.977 v=0.023 f=  0.057 a=289 F=2.978/3
3844: pop m=379.003 v=0.182 f= -0.102 F=2.592/3; best m=378.977 v=0.023 f=  0.057 a=304 F=2.977/3
3860: pop m=379.000 v=0.188 f= -0.107 F=2.695/3; best m=378.977 v=0.023 f=  0.057 a=320 F=2.976/3
3875: pop m=379.004 v=0.185 f= -0.105 F=2.712/3; best m=378.977 v=0.023 f=  0.057 a=335 F=2.974/3
3890: pop m=379.002 v=0.183 f= -0.103 F=2.684/3; best m=378.977 v=0.023 f=  0.057 a=350 F=2.973/3
3905: pop m=379.001 v=0.184 f= -0.103 F=2.590/3; best m=378.977 v=0.023 f=  0.057 a=365 F=2.972/3
3921: pop m=379.001 v=0.187 f= -0.107 F=2.581/3; best m=378.977 v=0.023 f=  0.057 a=381 F=2.971/3
3936: pop m=379.002 v=0.184 f= -0.104 F=2.835/3; best m=378.977 v=0.023 f=  0.057 a=396 F=2.970/3
3952: pop m=379.000 v=0.183 f= -0.103 F=2.635/3; best m=378.977 v=0.023 f=  0.057 a=412 F=2.969/3
3967: pop m=379.000 v=0.178 f= -0.098 F=2.592/3; best m=378.977 v=0.023 f=  0.057 a=427 F=2.967/3
3982: pop m=378.999 v=0.184 f= -0.104 F=2.630/3; best m=378.977 v=0.023 f=  0.057 a=442 F=2.966/3
3997: pop m=378.998 v=0.180 f= -0.100 F=2.649/3; best m=378.977 v=0.023 f=  0.057 a=457 F=2.965/3
4012: pop m=378.998 v=0.184 f= -0.104 F=2.674/3; best m=378.977 v=0.023 f=  0.057 a=472 F=2.964/3
4027: pop m=379.000 v=0.179 f= -0.098 F=2.575/3; best m=378.977 v=0.023 f=  0.057 a=487 F=2.963/3
4042: pop m=378.998 v=0.179 f= -0.098 F=2.699/3; best m=378.977 v=0.023 f=  0.057 a=502 F=2.962/3
4057: pop m=378.998 v=0.183 f= -0.103 F=2.791/3; best m=378.977 v=0.023 f=  0.057 a=517 F=2.961/3
4072: pop m=378.995 v=0.189 f= -0.109 F=2.662/3; best m=378.977 v=0.023 f=  0.057 a=532 F=2.959/3
4087: pop m=378.999 v=0.181 f= -0.101 F=2.636/3; best m=378.977 v=0.023 f=  0.057 a=547 F=2.958/3
4102: pop m=378.994 v=0.178 f= -0.098 F=2.705/3; best m=378.977 v=0.023 f=  0.057 a=562 F=2.957/3
4118: pop m=378.994 v=0.176 f= -0.096 F=2.738/3; best m=378.977 v=0.023 f=  0.057 a=578 F=2.956/3
4133: pop m=378.996 v=0.176 f= -0.096 F=2.641/3; best m=378.977 v=0.023 f=  0.057 a=593 F=2.955/3
4148: pop m=378.991 v=0.174 f= -0.094 F=2.713/3; best m=378.977 v=0.023 f=  0.057 a=608 F=2.954/3
4164: pop m=378.993 v=0.177 f= -0.097 F=2.662/3; best m=378.977 v=0.023 f=  0.057 a=624 F=2.952/3
4179: pop m=378.992 v=0.173 f= -0.092 F=2.703/3; best m=378.977 v=0.023 f=  0.057 a=639 F=2.951/3
4194: pop m=378.990 v=0.167 f= -0.087 F=2.620/3; best m=378.977 v=0.023 f=  0.057 a=654 F=2.950/3
4210: pop m=378.986 v=0.164 f= -0.084 F=2.562/3; best m=378.977 v=0.023 f=  0.057 a=670 F=2.949/3
4225: pop m=378.990 v=0.166 f= -0.086 F=2.673/3; best m=378.977 v=0.023 f=  0.057 a=685 F=2.948/3
4241: pop m=378.988 v=0.155 f= -0.075 F=2.662/3; best m=378.977 v=0.023 f=  0.057 a=701 F=2.946/3
4256: pop m=378.988 v=0.160 f= -0.080 F=2.573/3; best m=378.977 v=0.023 f=  0.057 a=716 F=2.945/3
4272: pop m=378.987 v=0.165 f= -0.085 F=2.704/3; best m=378.977 v=0.023 f=  0.057 a=732 F=2.944/3
4287: pop m=378.988 v=0.170 f= -0.090 F=2.646/3; best m=378.977 v=0.023 f=  0.057 a=747 F=2.943/3
4303: pop m=378.988 v=0.162 f= -0.082 F=2.599/3; best m=378.977 v=0.023 f=  0.057 a=763 F=2.942/3
4318: pop m=378.988 v=0.167 f= -0.087 F=2.632/3; best m=378.977 v=0.023 f=  0.057 a=778 F=2.941/3
4334: pop m=378.987 v=0.167 f= -0.086 F=2.827/3; best m=378.977 v=0.023 f=  0.057 a=794 F=2.939/3
4349: pop m=378.990 v=0.174 f= -0.094 F=2.667/3; best m=378.977 v=0.023 f=  0.057 a=809 F=2.938/3
4364: pop m=378.985 v=0.160 f= -0.079 F=2.591/3; best m=378.977 v=0.023 f=  0.057 a=824 F=2.937/3
4380: pop m=378.989 v=0.161 f= -0.081 F=2.647/3; best m=378.977 v=0.023 f=  0.057 a=840 F=2.936/3
4395: pop m=378.987 v=0.159 f= -0.079 F=2.628/3; best m=378.977 v=0.023 f=  0.057 a=855 F=2.935/3
4411: pop m=378.987 v=0.169 f= -0.089 F=2.657/3; best m=378.977 v=0.023 f=  0.057 a=871 F=2.933/3
4426: pop m=378.988 v=0.167 f= -0.087 F=2.726/3; best m=378.977 v=0.023 f=  0.057 a=886 F=2.932/3
4442: pop m=378.988 v=0.162 f= -0.081 F=2.656/3; best m=378.977 v=0.023 f=  0.057 a=902 F=2.931/3
4457: pop m=378.987 v=0.163 f= -0.083 F=2.593/3; best m=378.977 v=0.023 f=  0.057 a=917 F=2.930/3
4472: pop m=378.987 v=0.159 f= -0.079 F=2.730/3; best m=378.977 v=0.023 f=  0.057 a=932 F=2.929/3
4487: pop m=378.988 v=0.165 f= -0.085 F=2.601/3; best m=378.977 v=0.023 f=  0.057 a=947 F=2.928/3
4502: pop m=378.991 v=0.160 f= -0.080 F=2.660/3; best m=378.977 v=0.023 f=  0.057 a=962 F=2.927/3
4517: pop m=378.986 v=0.153 f= -0.072 F=2.678/3; best m=378.977 v=0.023 f=  0.057 a=977 F=2.925/3
4532: pop m=378.987 v=0.158 f= -0.078 F=2.585/3; best m=378.977 v=0.023 f=  0.057 a=992 F=2.924/3
4546: pop m=378.989 v=0.167 f= -0.087 F=2.630/3; best m=378.977 v=0.023 f=  0.057 a=1006 F=2.923/3
4561: pop m=378.987 v=0.167 f= -0.087 F=2.650/3; best m=378.977 v=0.023 f=  0.057 a=1021 F=2.922/3
4577: pop m=378.988 v=0.163 f= -0.083 F=2.632/3; best m=378.977 v=0.023 f=  0.057 a=1037 F=2.921/3
4592: pop m=378.989 v=0.164 f= -0.084 F=2.727/3; best m=378.977 v=0.023 f=  0.057 a=1052 F=2.920/3
4608: pop m=378.985 v=0.159 f= -0.079 F=2.594/3; best m=378.977 v=0.023 f=  0.057 a=1068 F=2.918/3
4623: pop m=378.990 v=0.164 f= -0.084 F=2.669/3; best m=378.977 v=0.023 f=  0.057 a=1083 F=2.917/3
4639: pop m=378.986 v=0.167 f= -0.087 F=2.750/3; best m=378.977 v=0.023 f=  0.057 a=1099 F=2.916/3
4653: pop m=378.986 v=0.149 f= -0.069 F=2.564/3; best m=378.977 v=0.023 f=  0.057 a=1113 F=2.915/3
4669: pop m=378.988 v=0.158 f= -0.078 F=2.797/3; best m=378.977 v=0.023 f=  0.057 a=1129 F=2.914/3
4684: pop m=378.990 v=0.164 f= -0.084 F=2.652/3; best m=378.977 v=0.023 f=  0.057 a=1144 F=2.913/3
4699: pop m=378.989 v=0.161 f= -0.081 F=2.572/3; best m=378.977 v=0.023 f=  0.057 a=1159 F=2.912/3
4714: pop m=378.987 v=0.169 f= -0.088 F=2.627/3; best m=378.977 v=0.023 f=  0.057 a=1174 F=2.910/3
4729: pop m=378.989 v=0.160 f= -0.080 F=2.615/3; best m=378.977 v=0.023 f=  0.057 a=1189 F=2.909/3
4744: pop m=378.988 v=0.165 f= -0.085 F=2.588/3; best m=378.977 v=0.023 f=  0.057 a=1204 F=2.908/3
4760: pop m=378.988 v=0.167 f= -0.087 F=2.676/3; best m=378.977 v=0.023 f=  0.057 a=1220 F=2.907/3
4774: pop m=378.986 v=0.167 f= -0.087 F=2.709/3; best m=378.977 v=0.023 f=  0.057 a=1234 F=2.906/3
4790: pop m=378.988 v=0.163 f= -0.083 F=2.660/3; best m=378.977 v=0.023 f=  0.057 a=1250 F=2.905/3
4805: pop m=378.988 v=0.169 f= -0.088 F=2.788/3; best m=378.977 v=0.023 f=  0.057 a=1265 F=2.903/3
4820: pop m=378.989 v=0.161 f= -0.081 F=2.692/3; best m=378.977 v=0.023 f=  0.057 a=1280 F=2.902/3
4836: pop m=378.989 v=0.160 f= -0.080 F=2.677/3; best m=378.977 v=0.023 f=  0.057 a=1296 F=2.901/3
4851: pop m=378.988 v=0.165 f= -0.085 F=2.648/3; best m=378.977 v=0.023 f=  0.057 a=1311 F=2.900/3
4866: pop m=378.986 v=0.165 f= -0.085 F=2.728/3; best m=378.977 v=0.023 f=  0.057 a=1326 F=2.899/3
4882: pop m=378.988 v=0.158 f= -0.077 F=2.551/3; best m=378.977 v=0.023 f=  0.057 a=1342 F=2.898/3
4897: pop m=378.988 v=0.162 f= -0.082 F=2.601/3; best m=378.977 v=0.023 f=  0.057 a=1357 F=2.896/3
4913: pop m=378.987 v=0.167 f= -0.086 F=2.660/3; best m=378.977 v=0.023 f=  0.057 a=1373 F=2.895/3
4928: pop m=378.989 v=0.168 f= -0.088 F=2.720/3; best m=378.977 v=0.023 f=  0.057 a=1388 F=2.894/3
4944: pop m=378.987 v=0.166 f= -0.086 F=2.689/3; best m=378.977 v=0.023 f=  0.057 a=1404 F=2.893/3
4959: pop m=378.990 v=0.166 f= -0.086 F=2.612/3; best m=378.977 v=0.023 f=  0.057 a=1419 F=2.892/3
4974: pop m=378.989 v=0.161 f= -0.081 F=2.602/3; best m=378.977 v=0.023 f=  0.057 a=1434 F=2.891/3
4990: pop m=378.989 v=0.162 f= -0.082 F=2.622/3; best m=378.977 v=0.023 f=  0.057 a=1450 F=2.889/3
5005: pop m=378.989 v=0.171 f= -0.091 F=2.765/3; best m=378.977 v=0.023 f=  0.057 a=1465 F=2.888/3
5020: pop m=378.987 v=0.168 f= -0.088 F=2.648/3; best m=378.977 v=0.023 f=  0.057 a=1480 F=2.887/3
5036: pop m=378.989 v=0.162 f= -0.082 F=2.633/3; best m=378.977 v=0.023 f=  0.057 a=1496 F=2.886/3
5051: pop m=378.988 v=0.165 f= -0.085 F=2.704/3; best m=378.977 v=0.023 f=  0.057 a=1511 F=2.885/3
5067: pop m=378.989 v=0.168 f= -0.088 F=2.605/3; best m=378.977 v=0.023 f=  0.057 a=1527 F=2.883/3
5082: pop m=378.989 v=0.169 f= -0.089 F=2.601/3; best m=378.977 v=0.023 f=  0.057 a=1542 F=2.882/3
5097: pop m=378.989 v=0.170 f= -0.090 F=2.644/3; best m=378.977 v=0.023 f=  0.057 a=1557 F=2.881/3
5113: pop m=378.986 v=0.163 f= -0.083 F=2.608/3; best m=378.977 v=0.023 f=  0.057 a=1573 F=2.880/3
5128: pop m=378.987 v=0.167 f= -0.087 F=2.714/3; best m=378.977 v=0.023 f=  0.057 a=1588 F=2.879/3
5143: pop m=378.988 v=0.162 f= -0.082 F=2.690/3; best m=378.977 v=0.023 f=  0.057 a=1603 F=2.878/3
5159: pop m=378.987 v=0.155 f= -0.075 F=2.605/3; best m=378.977 v=0.023 f=  0.057 a=1619 F=2.876/3
5174: pop m=378.989 v=0.171 f= -0.091 F=2.749/3; best m=378.977 v=0.023 f=  0.057 a=1634 F=2.875/3
5189: pop m=378.988 v=0.160 f= -0.080 F=2.602/3; best m=378.977 v=0.023 f=  0.057 a=1649 F=2.874/3
5204: pop m=378.990 v=0.167 f= -0.087 F=2.668/3; best m=378.977 v=0.023 f=  0.057 a=1664 F=2.873/3
5219: pop m=378.991 v=0.169 f= -0.089 F=2.687/3; best m=378.977 v=0.023 f=  0.057 a=1679 F=2.872/3
5234: pop m=378.987 v=0.161 f= -0.080 F=2.643/3; best m=378.977 v=0.023 f=  0.057 a=1694 F=2.871/3
5249: pop m=378.992 v=0.165 f= -0.085 F=2.652/3; best m=378.977 v=0.023 f=  0.057 a=1709 F=2.870/3
5264: pop m=378.987 v=0.163 f= -0.083 F=2.576/3; best m=378.977 v=0.023 f=  0.057 a=1724 F=2.868/3
5279: pop m=378.988 v=0.158 f= -0.078 F=2.640/3; best m=378.977 v=0.023 f=  0.057 a=1739 F=2.867/3
5294: pop m=378.984 v=0.162 f= -0.082 F=2.672/3; best m=378.977 v=0.023 f=  0.057 a=1754 F=2.866/3
5309: pop m=378.988 v=0.163 f= -0.082 F=2.621/3; best m=378.977 v=0.023 f=  0.057 a=1769 F=2.865/3
5323: pop m=378.990 v=0.163 f= -0.083 F=2.657/3; best m=378.977 v=0.023 f=  0.057 a=1783 F=2.864/3
5339: pop m=378.991 v=0.165 f= -0.085 F=2.626/3; best m=378.977 v=0.023 f=  0.057 a=1799 F=2.863/3
5354: pop m=378.989 v=0.167 f= -0.087 F=2.607/3; best m=378.977 v=0.023 f=  0.057 a=1814 F=2.862/3
5369: pop m=378.989 v=0.168 f= -0.087 F=2.651/3; best m=378.977 v=0.023 f=  0.057 a=1829 F=2.860/3
5385: pop m=378.991 v=0.162 f= -0.082 F=2.633/3; best m=378.977 v=0.023 f=  0.057 a=1845 F=2.859/3
5400: pop m=378.988 v=0.162 f= -0.082 F=2.624/3; best m=378.977 v=0.023 f=  0.057 a=1860 F=2.858/3
5416: pop m=378.987 v=0.162 f= -0.082 F=2.582/3; best m=378.977 v=0.023 f=  0.057 a=1876 F=2.857/3
5431: pop m=378.989 v=0.175 f= -0.095 F=2.819/3; best m=378.977 v=0.023 f=  0.057 a=1891 F=2.856/3
5446: pop m=378.984 v=0.164 f= -0.084 F=2.678/3; best m=378.977 v=0.023 f=  0.057 a=1906 F=2.854/3
5461: pop m=378.990 v=0.165 f= -0.085 F=2.612/3; best m=378.977 v=0.023 f=  0.057 a=1921 F=2.853/3
5476: pop m=378.988 v=0.161 f= -0.081 F=2.609/3; best m=378.977 v=0.023 f=  0.057 a=1936 F=2.852/3
5491: pop m=378.989 v=0.161 f= -0.081 F=2.636/3; best m=378.977 v=0.023 f=  0.057 a=1951 F=2.851/3
5507: pop m=378.986 v=0.164 f= -0.084 F=2.670/3; best m=378.977 v=0.023 f=  0.057 a=1967 F=2.850/3
5522: pop m=378.989 v=0.164 f= -0.084 F=2.668/3; best m=378.977 v=0.023 f=  0.057 a=1982 F=2.849/3
5538: pop m=378.987 v=0.160 f= -0.080 F=2.786/3; best m=378.977 v=0.023 f=  0.057 a=1998 F=2.847/3
5553: pop m=378.987 v=0.164 f= -0.084 F=2.677/3; best m=378.977 v=0.023 f=  0.057 a=2013 F=2.846/3
5568: pop m=378.989 v=0.160 f= -0.080 F=2.776/3; best m=378.977 v=0.023 f=  0.057 a=2028 F=2.845/3
5583: pop m=378.989 v=0.165 f= -0.084 F=2.697/3; best m=378.977 v=0.023 f=  0.057 a=2043 F=2.844/3
5599: pop m=378.989 v=0.163 f= -0.083 F=2.595/3; best m=378.977 v=0.023 f=  0.057 a=2059 F=2.843/3
5614: pop m=378.989 v=0.165 f= -0.085 F=2.671/3; best m=378.977 v=0.023 f=  0.057 a=2074 F=2.842/3
5630: pop m=378.989 v=0.161 f= -0.081 F=2.586/3; best m=378.977 v=0.023 f=  0.057 a=2090 F=2.840/3
5644: pop m=378.991 v=0.164 f= -0.084 F=2.628/3; best m=378.977 v=0.023 f=  0.057 a=2104 F=2.839/3
5659: pop m=378.989 v=0.161 f= -0.081 F=2.656/3; best m=378.977 v=0.023 f=  0.057 a=2119 F=2.838/3
5675: pop m=378.990 v=0.167 f= -0.087 F=2.709/3; best m=378.977 v=0.023 f=  0.057 a=2135 F=2.837/3
5690: pop m=378.987 v=0.156 f= -0.075 F=2.628/3; best m=378.977 v=0.023 f=  0.057 a=2150 F=2.836/3
5706: pop m=378.989 v=0.163 f= -0.082 F=2.582/3; best m=378.977 v=0.023 f=  0.057 a=2166 F=2.835/3
5721: pop m=378.988 v=0.166 f= -0.086 F=2.726/3; best m=378.977 v=0.023 f=  0.057 a=2181 F=2.833/3
5737: pop m=378.989 v=0.161 f= -0.081 F=2.585/3; best m=378.977 v=0.023 f=  0.057 a=2197 F=2.832/3
5752: pop m=378.987 v=0.167 f= -0.087 F=2.701/3; best m=378.977 v=0.023 f=  0.057 a=2212 F=2.831/3
5767: pop m=378.987 v=0.168 f= -0.088 F=2.676/3; best m=378.977 v=0.023 f=  0.057 a=2227 F=2.830/3
5782: pop m=378.986 v=0.161 f= -0.080 F=2.677/3; best m=378.977 v=0.023 f=  0.057 a=2242 F=2.829/3
5797: pop m=378.987 v=0.161 f= -0.080 F=2.674/3; best m=378.977 v=0.023 f=  0.057 a=2257 F=2.828/3
5813: pop m=378.989 v=0.175 f= -0.095 F=2.669/3; best m=378.977 v=0.023 f=  0.057 a=2273 F=2.826/3
5829: pop m=378.989 v=0.166 f= -0.086 F=2.635/3; best m=378.977 v=0.023 f=  0.057 a=2289 F=2.825/3
5844: pop m=378.988 v=0.162 f= -0.082 F=2.633/3; best m=378.977 v=0.023 f=  0.057 a=2304 F=2.824/3
5860: pop m=378.989 v=0.165 f= -0.085 F=2.741/3; best m=378.977 v=0.023 f=  0.057 a=2320 F=2.823/3
5875: pop m=378.989 v=0.163 f= -0.083 F=2.628/3; best m=378.977 v=0.023 f=  0.057 a=2335 F=2.822/3
5891: pop m=378.990 v=0.165 f= -0.084 F=2.591/3; best m=378.977 v=0.023 f=  0.057 a=2351 F=2.821/3
5907: pop m=378.985 v=0.165 f= -0.085 F=2.626/3; best m=378.977 v=0.023 f=  0.057 a=2367 F=2.819/3
5922: pop m=378.990 v=0.173 f= -0.092 F=2.658/3; best m=378.977 v=0.023 f=  0.057 a=2382 F=2.818/3
5938: pop m=378.990 v=0.166 f= -0.086 F=2.655/3; best m=378.977 v=0.023 f=  0.057 a=2398 F=2.817/3
5953: pop m=378.988 v=0.167 f= -0.087 F=2.629/3; best m=378.977 v=0.023 f=  0.057 a=2413 F=2.816/3
5968: pop m=378.987 v=0.164 f= -0.084 F=2.678/3; best m=378.977 v=0.023 f=  0.057 a=2428 F=2.815/3
5984: pop m=378.991 v=0.174 f= -0.094 F=2.856/3; best m=378.977 v=0.023 f=  0.057 a=2444 F=2.813/3
5999: pop m=378.989 v=0.172 f= -0.091 F=2.568/3; best m=378.977 v=0.023 f=  0.057 a=2459 F=2.812/3
6015: pop m=378.988 v=0.168 f= -0.088 F=2.691/3; best m=378.977 v=0.023 f=  0.057 a=2475 F=2.811/3
6030: pop m=378.990 v=0.165 f= -0.084 F=2.638/3; best m=378.977 v=0.023 f=  0.057 a=2490 F=2.810/3
6046: pop m=378.989 v=0.166 f= -0.085 F=2.718/3; best m=378.977 v=0.023 f=  0.057 a=2506 F=2.809/3
6061: pop m=378.989 v=0.163 f= -0.083 F=2.692/3; best m=378.977 v=0.023 f=  0.057 a=2521 F=2.808/3
6077: pop m=378.987 v=0.169 f= -0.089 F=2.732/3; best m=378.977 v=0.023 f=  0.057 a=2537 F=2.806/3
6092: pop m=378.988 v=0.164 f= -0.084 F=2.562/3; best m=378.977 v=0.023 f=  0.057 a=2552 F=2.805/3
6107: pop m=378.990 v=0.164 f= -0.084 F=2.637/3; best m=378.977 v=0.023 f=  0.057 a=2567 F=2.804/3
6123: pop m=378.990 v=0.166 f= -0.085 F=2.590/3; best m=378.977 v=0.023 f=  0.057 a=2583 F=2.803/3
6138: pop m=378.990 v=0.163 f= -0.083 F=2.757/3; best m=378.977 v=0.023 f=  0.057 a=2598 F=2.802/3
6154: pop m=378.986 v=0.158 f= -0.078 F=2.592/3; best m=378.977 v=0.023 f=  0.057 a=2614 F=2.800/3
6169: pop m=378.987 v=0.161 f= -0.081 F=2.588/3; best m=378.977 v=0.023 f=  0.057 a=2629 F=2.799/3
6184: pop m=378.989 v=0.171 f= -0.091 F=2.623/3; best m=378.977 v=0.023 f=  0.057 a=2644 F=2.798/3
6199: pop m=378.986 v=0.164 f= -0.084 F=2.659/3; best m=378.977 v=0.023 f=  0.057 a=2659 F=2.797/3
6215: pop m=378.989 v=0.163 f= -0.083 F=2.596/3; best m=378.977 v=0.023 f=  0.057 a=2675 F=2.796/3
6230: pop m=378.989 v=0.164 f= -0.084 F=2.577/3; best m=378.977 v=0.023 f=  0.057 a=2690 F=2.795/3
6246: pop m=378.986 v=0.161 f= -0.081 F=2.739/3; best m=378.977 v=0.023 f=  0.057 a=2706 F=2.793/3
6261: pop m=378.991 v=0.166 f= -0.086 F=2.696/3; best m=378.977 v=0.023 f=  0.057 a=2721 F=2.792/3
6277: pop m=378.989 v=0.163 f= -0.083 F=2.676/3; best m=378.977 v=0.023 f=  0.057 a=2737 F=2.791/3
6292: pop m=378.988 v=0.165 f= -0.084 F=2.546/3; best m=378.977 v=0.023 f=  0.057 a=2752 F=2.790/3
6306: pop m=378.988 v=0.163 f= -0.082 F=2.673/3; best m=378.977 v=0.023 f=  0.057 a=2766 F=2.789/3
6322: pop m=378.985 v=0.159 f= -0.079 F=2.576/3; best m=378.977 v=0.023 f=  0.057 a=2782 F=2.788/3
6338: pop m=378.988 v=0.159 f= -0.079 F=2.704/3; best m=378.977 v=0.023 f=  0.057 a=2798 F=2.786/3
6353: pop m=378.990 v=0.164 f= -0.084 F=2.629/3; best m=378.977 v=0.023 f=  0.057 a=2813 F=2.785/3
6369: pop m=378.985 v=0.168 f= -0.088 F=2.691/3; best m=378.977 v=0.023 f=  0.057 a=2829 F=2.784/3
6384: pop m=378.989 v=0.165 f= -0.085 F=2.691/3; best m=378.977 v=0.023 f=  0.057 a=2844 F=2.783/3
6399: pop m=378.988 v=0.168 f= -0.088 F=2.534/3; best m=378.977 v=0.023 f=  0.057 a=2859 F=2.782/3
6414: pop m=378.989 v=0.163 f= -0.083 F=2.714/3; best m=378.977 v=0.023 f=  0.057 a=2874 F=2.781/3
6429: pop m=378.990 v=0.164 f= -0.084 F=2.731/3; best m=378.977 v=0.023 f=  0.057 a=2889 F=2.779/3
6444: pop m=378.989 v=0.162 f= -0.082 F=2.674/3; best m=378.977 v=0.023 f=  0.057 a=2904 F=2.778/3
6459: pop m=378.988 v=0.164 f= -0.084 F=2.673/3; best m=378.977 v=0.023 f=  0.057 a=2919 F=2.777/3
6475: pop m=378.991 v=0.159 f= -0.079 F=2.630/3; best m=378.977 v=0.023 f=  0.057 a=2935 F=2.776/3
6491: pop m=378.987 v=0.160 f= -0.079 F=2.586/3; best m=378.977 v=0.023 f=  0.057 a=2951 F=2.775/3
6506: pop m=378.988 v=0.169 f= -0.089 F=2.711/3; best m=378.977 v=0.023 f=  0.057 a=2966 F=2.774/3
6522: pop m=378.988 v=0.167 f= -0.087 F=2.734/3; best m=378.977 v=0.023 f=  0.057 a=2982 F=2.772/3
6537: pop m=378.987 v=0.172 f= -0.092 F=2.608/3; best m=378.977 v=0.023 f=  0.057 a=2997 F=2.771/3
6552: pop m=378.989 v=0.166 f= -0.086 F=2.648/3; best m=378.977 v=0.023 f=  0.057 a=3012 F=2.770/3
6567: pop m=378.990 v=0.170 f= -0.090 F=2.739/3; best m=378.977 v=0.023 f=  0.057 a=3027 F=2.769/3
6582: pop m=378.990 v=0.171 f= -0.091 F=2.518/3; best m=378.977 v=0.023 f=  0.057 a=3042 F=2.768/3
6598: pop m=378.991 v=0.172 f= -0.091 F=2.668/3; best m=378.977 v=0.023 f=  0.057 a=3058 F=2.767/3
6613: pop m=378.990 v=0.167 f= -0.087 F=2.669/3; best m=378.977 v=0.023 f=  0.057 a=3073 F=2.765/3
6628: pop m=378.984 v=0.165 f= -0.085 F=2.665/3; best m=378.977 v=0.023 f=  0.057 a=3088 F=2.764/3
6644: pop m=378.987 v=0.166 f= -0.086 F=2.646/3; best m=378.977 v=0.023 f=  0.057 a=3104 F=2.763/3
6659: pop m=378.989 v=0.161 f= -0.081 F=2.658/3; best m=378.977 v=0.023 f=  0.057 a=3119 F=2.762/3
6674: pop m=378.988 v=0.162 f= -0.082 F=2.673/3; best m=378.977 v=0.023 f=  0.057 a=3134 F=2.761/3
6690: pop m=378.990 v=0.168 f= -0.088 F=2.577/3; best m=378.977 v=0.023 f=  0.057 a=3150 F=2.759/3
6705: pop m=378.989 v=0.163 f= -0.083 F=2.632/3; best m=378.977 v=0.023 f=  0.057 a=3165 F=2.758/3
6721: pop m=378.987 v=0.168 f= -0.088 F=2.685/3; best m=378.977 v=0.023 f=  0.057 a=3181 F=2.757/3
6736: pop m=378.988 v=0.161 f= -0.081 F=2.645/3; best m=378.977 v=0.023 f=  0.057 a=3196 F=2.756/3
6751: pop m=378.989 v=0.169 f= -0.089 F=2.547/3; best m=378.977 v=0.023 f=  0.057 a=3211 F=2.755/3
6767: pop m=378.990 v=0.161 f= -0.081 F=2.569/3; best m=378.977 v=0.023 f=  0.057 a=3227 F=2.754/3
6782: pop m=378.988 v=0.156 f= -0.076 F=2.613/3; best m=378.977 v=0.023 f=  0.057 a=3242 F=2.752/3
6798: pop m=378.991 v=0.167 f= -0.087 F=2.643/3; best m=378.977 v=0.023 f=  0.057 a=3258 F=2.751/3
6813: pop m=378.989 v=0.165 f= -0.085 F=2.647/3; best m=378.977 v=0.023 f=  0.057 a=3273 F=2.750/3
6829: pop m=378.989 v=0.162 f= -0.082 F=2.761/3; best m=378.977 v=0.023 f=  0.057 a=3289 F=2.749/3
6844: pop m=378.987 v=0.168 f= -0.088 F=2.811/3; best m=378.977 v=0.023 f=  0.057 a=3304 F=2.748/3
6859: pop m=378.989 v=0.166 f= -0.086 F=2.660/3; best m=378.977 v=0.023 f=  0.057 a=3319 F=2.747/3
6875: pop m=378.991 v=0.167 f= -0.087 F=2.661/3; best m=378.977 v=0.023 f=  0.057 a=3335 F=2.745/3
6890: pop m=378.988 v=0.163 f= -0.083 F=2.607/3; best m=378.977 v=0.023 f=  0.057 a=3350 F=2.744/3
6906: pop m=378.988 v=0.165 f= -0.085 F=2.626/3; best m=378.977 v=0.023 f=  0.057 a=3366 F=2.743/3
6921: pop m=378.987 v=0.166 f= -0.086 F=2.611/3; best m=378.977 v=0.023 f=  0.057 a=3381 F=2.742/3
6936: pop m=378.988 v=0.165 f= -0.085 F=2.665/3; best m=378.977 v=0.023 f=  0.057 a=3396 F=2.741/3
6951: pop m=378.987 v=0.156 f= -0.076 F=2.571/3; best m=378.977 v=0.023 f=  0.057 a=3411 F=2.740/3
6966: pop m=378.989 v=0.166 f= -0.086 F=2.710/3; best m=378.977 v=0.023 f=  0.057 a=3426 F=2.738/3
6981: pop m=378.985 v=0.158 f= -0.077 F=2.562/3; best m=378.977 v=0.023 f=  0.057 a=3441 F=2.737/3
6996: pop m=378.989 v=0.169 f= -0.089 F=2.697/3; best m=378.977 v=0.023 f=  0.057 a=3456 F=2.736/3
7011: pop m=378.988 v=0.158 f= -0.078 F=2.679/3; best m=378.977 v=0.023 f=  0.057 a=3471 F=2.735/3
7026: pop m=378.988 v=0.159 f= -0.079 F=2.672/3; best m=378.977 v=0.023 f=  0.057 a=3486 F=2.734/3
7042: pop m=378.986 v=0.166 f= -0.086 F=2.653/3; best m=378.977 v=0.023 f=  0.057 a=3502 F=2.733/3
7057: pop m=378.987 v=0.162 f= -0.082 F=2.569/3; best m=378.977 v=0.023 f=  0.057 a=3517 F=2.731/3
7071: pop m=378.987 v=0.164 f= -0.084 F=2.647/3; best m=378.977 v=0.023 f=  0.057 a=3531 F=2.730/3
7086: pop m=378.987 v=0.166 f= -0.085 F=2.717/3; best m=378.977 v=0.023 f=  0.057 a=3546 F=2.729/3
7101: pop m=378.988 v=0.159 f= -0.079 F=2.529/3; best m=378.977 v=0.023 f=  0.057 a=3561 F=2.728/3
7115: pop m=378.985 v=0.155 f= -0.075 F=2.559/3; best m=378.977 v=0.023 f=  0.057 a=3575 F=2.727/3
7129: pop m=378.989 v=0.162 f= -0.082 F=2.598/3; best m=378.977 v=0.023 f=  0.057 a=3589 F=2.726/3
7145: pop m=378.990 v=0.159 f= -0.079 F=2.506/3; best m=378.977 v=0.023 f=  0.057 a=3605 F=2.725/3
7160: pop m=378.987 v=0.166 f= -0.086 F=2.670/3; best m=378.977 v=0.023 f=  0.057 a=3620 F=2.724/3
7176: pop m=378.985 v=0.172 f= -0.092 F=2.733/3; best m=378.977 v=0.023 f=  0.057 a=3636 F=2.722/3
7190: pop m=378.985 v=0.161 f= -0.081 F=2.653/3; best m=378.977 v=0.023 f=  0.057 a=3650 F=2.721/3
7206: pop m=378.988 v=0.157 f= -0.077 F=2.613/3; best m=378.977 v=0.023 f=  0.057 a=3666 F=2.720/3
7221: pop m=378.989 v=0.162 f= -0.082 F=2.609/3; best m=378.977 v=0.023 f=  0.057 a=3681 F=2.719/3
7237: pop m=378.988 v=0.161 f= -0.081 F=2.649/3; best m=378.977 v=0.023 f=  0.057 a=3697 F=2.718/3
7252: pop m=378.992 v=0.165 f= -0.085 F=2.626/3; best m=378.977 v=0.023 f=  0.057 a=3712 F=2.717/3
7268: pop m=378.990 v=0.168 f= -0.088 F=2.710/3; best m=378.977 v=0.023 f=  0.057 a=3728 F=2.715/3
7284: pop m=378.989 v=0.163 f= -0.083 F=2.716/3; best m=378.977 v=0.023 f=  0.057 a=3744 F=2.714/3
7299: pop m=378.988 v=0.164 f= -0.084 F=2.693/3; best m=378.977 v=0.023 f=  0.057 a=3759 F=2.713/3
7315: pop m=378.989 v=0.166 f= -0.085 F=2.681/3; best m=378.977 v=0.023 f=  0.057 a=3775 F=2.712/3
7330: pop m=378.987 v=0.163 f= -0.083 F=2.598/3; best m=378.977 v=0.023 f=  0.057 a=3790 F=2.711/3
7345: pop m=378.985 v=0.162 f= -0.082 F=2.609/3; best m=378.977 v=0.023 f=  0.057 a=3805 F=2.709/3
7360: pop m=378.990 v=0.168 f= -0.088 F=2.648/3; best m=378.977 v=0.023 f=  0.057 a=3820 F=2.708/3
7375: pop m=378.990 v=0.166 f= -0.086 F=2.663/3; best m=378.977 v=0.023 f=  0.057 a=3835 F=2.707/3
7391: pop m=378.988 v=0.160 f= -0.080 F=2.663/3; best m=378.977 v=0.023 f=  0.057 a=3851 F=2.706/3
7406: pop m=378.987 v=0.161 f= -0.081 F=2.626/3; best m=378.977 v=0.023 f=  0.057 a=3866 F=2.705/3
7422: pop m=378.988 v=0.161 f= -0.081 F=2.647/3; best m=378.977 v=0.023 f=  0.057 a=3882 F=2.704/3
7438: pop m=378.985 v=0.159 f= -0.079 F=2.606/3; best m=378.977 v=0.023 f=  0.057 a=3898 F=2.702/3
7453: pop m=378.985 v=0.166 f= -0.085 F=2.711/3; best m=378.977 v=0.023 f=  0.057 a=3913 F=2.701/3
7469: pop m=378.990 v=0.172 f= -0.092 F=2.704/3; best m=378.977 v=0.023 f=  0.057 a=3929 F=2.700/3
7484: pop m=378.986 v=0.171 f= -0.091 F=2.611/3; best m=378.977 v=0.023 f=  0.057 a=3944 F=2.699/3
7500: pop m=378.986 v=0.160 f= -0.079 F=2.617/3; best m=378.977 v=0.023 f=  0.057 a=3960 F=2.698/3
7515: pop m=378.990 v=0.164 f= -0.084 F=2.637/3; best m=378.977 v=0.023 f=  0.057 a=3975 F=2.697/3
7531: pop m=378.988 v=0.162 f= -0.082 F=2.584/3; best m=378.977 v=0.023 f=  0.057 a=3991 F=2.695/3
7546: pop m=378.988 v=0.169 f= -0.089 F=2.611/3; best m=378.977 v=0.023 f=  0.057 a=4006 F=2.694/3
7562: pop m=378.989 v=0.164 f= -0.084 F=2.611/3; best m=378.977 v=0.023 f=  0.057 a=4022 F=2.693/3
7577: pop m=378.989 v=0.158 f= -0.078 F=2.738/3; best m=378.977 v=0.023 f=  0.057 a=4037 F=2.692/3
7593: pop m=378.989 v=0.167 f= -0.087 F=2.652/3; best m=378.977 v=0.023 f=  0.057 a=4053 F=2.691/3
7608: pop m=378.987 v=0.159 f= -0.079 F=2.615/3; best m=378.977 v=0.023 f=  0.057 a=4068 F=2.689/3
7624: pop m=378.986 v=0.164 f= -0.084 F=2.657/3; best m=378.977 v=0.023 f=  0.057 a=4084 F=2.688/3
7639: pop m=378.987 v=0.158 f= -0.078 F=2.713/3; best m=378.977 v=0.023 f=  0.057 a=4099 F=2.687/3
7654: pop m=378.988 v=0.158 f= -0.078 F=2.582/3; best m=378.977 v=0.023 f=  0.057 a=4114 F=2.686/3
7670: pop m=378.988 v=0.161 f= -0.081 F=2.692/3; best m=378.977 v=0.023 f=  0.057 a=4130 F=2.685/3
7685: pop m=378.989 v=0.161 f= -0.081 F=2.599/3; best m=378.977 v=0.023 f=  0.057 a=4145 F=2.684/3
7701: pop m=378.989 v=0.167 f= -0.087 F=2.754/3; best m=378.977 v=0.023 f=  0.057 a=4161 F=2.682/3
7716: pop m=378.988 v=0.162 f= -0.082 F=2.786/3; best m=378.977 v=0.023 f=  0.057 a=4176 F=2.681/3
7732: pop m=378.987 v=0.157 f= -0.077 F=2.737/3; best m=378.977 v=0.023 f=  0.057 a=4192 F=2.680/3
7747: pop m=378.989 v=0.169 f= -0.089 F=2.749/3; best m=378.977 v=0.023 f=  0.057 a=4207 F=2.679/3
7762: pop m=378.989 v=0.160 f= -0.080 F=2.557/3; best m=378.977 v=0.023 f=  0.057 a=4222 F=2.678/3
7776: pop m=378.988 v=0.157 f= -0.077 F=2.569/3; best m=378.977 v=0.023 f=  0.057 a=4236 F=2.677/3
7792: pop m=378.988 v=0.157 f= -0.076 F=2.635/3; best m=378.977 v=0.023 f=  0.057 a=4252 F=2.675/3
7807: pop m=378.988 v=0.170 f= -0.090 F=2.644/3; best m=378.977 v=0.023 f=  0.057 a=4267 F=2.674/3
7822: pop m=378.990 v=0.171 f= -0.090 F=2.668/3; best m=378.977 v=0.023 f=  0.057 a=4282 F=2.673/3
7838: pop m=378.986 v=0.169 f= -0.089 F=2.667/3; best m=378.977 v=0.023 f=  0.057 a=4298 F=2.672/3
7853: pop m=378.989 v=0.157 f= -0.077 F=2.620/3; best m=378.977 v=0.023 f=  0.057 a=4313 F=2.671/3
7869: pop m=378.991 v=0.162 f= -0.082 F=2.681/3; best m=378.977 v=0.023 f=  0.057 a=4329 F=2.669/3
7883: pop m=378.988 v=0.168 f= -0.088 F=2.675/3; best m=378.977 v=0.023 f=  0.057 a=4343 F=2.668/3
7898: pop m=378.991 v=0.162 f= -0.082 F=2.718/3; best m=378.977 v=0.023 f=  0.057 a=4358 F=2.667/3
7912: pop m=378.987 v=0.164 f= -0.084 F=2.603/3; best m=378.977 v=0.023 f=  0.057 a=4372 F=2.666/3
7925: pop m=378.989 v=0.167 f= -0.087 F=2.564/3; best m=378.977 v=0.023 f=  0.057 a=4385 F=2.665/3
7940: pop m=378.986 v=0.164 f= -0.084 F=2.579/3; best m=378.977 v=0.023 f=  0.057 a=4400 F=2.664/3
7955: pop m=378.990 v=0.164 f= -0.084 F=2.561/3; best m=378.977 v=0.023 f=  0.057 a=4415 F=2.663/3
7970: pop m=378.986 v=0.166 f= -0.086 F=2.729/3; best m=378.977 v=0.023 f=  0.057 a=4430 F=2.662/3
7986: pop m=378.987 v=0.161 f= -0.081 F=2.636/3; best m=378.977 v=0.023 f=  0.057 a=4446 F=2.661/3
8001: pop m=378.989 v=0.173 f= -0.093 F=2.658/3; best m=378.977 v=0.023 f=  0.057 a=4461 F=2.659/3
8017: pop m=378.989 v=0.157 f= -0.077 F=2.667/3; best m=378.977 v=0.023 f=  0.057 a=4477 F=2.658/3
8032: pop m=378.991 v=0.163 f= -0.083 F=2.641/3; best m=378.977 v=0.023 f=  0.057 a=4492 F=2.657/3
8047: pop m=378.987 v=0.163 f= -0.083 F=2.649/3; best m=378.977 v=0.023 f=  0.057 a=4507 F=2.656/3
8062: pop m=378.988 v=0.160 f= -0.080 F=2.691/3; best m=378.977 v=0.023 f=  0.057 a=4522 F=2.655/3
8071: pop m=378.988 v=0.166 f= -0.086 F=2.654/3; best m=378.977 v=0.023 f=  0.057 a=4531 F=2.654/3
8085: pop m=378.984 v=0.165 f= -0.085 F=2.602/3; best m=378.977 v=0.023 f=  0.057 a=4545 F=2.653/3
8098: pop m=378.987 v=0.154 f= -0.074 F=2.655/3; best m=378.977 v=0.023 f=  0.057 a=4558 F=2.652/3
8102: pop m=378.990 v=0.168 f= -0.088 F=2.548/3; best m=378.977 v=0.023 f=  0.057 a=4562 F=2.652/3
8114: pop m=378.988 v=0.160 f= -0.080 F=2.599/3; best m=378.977 v=0.023 f=  0.057 a=4574 F=2.651/3
8128: pop m=378.986 v=0.162 f= -0.082 F=2.606/3; best m=378.977 v=0.023 f=  0.057 a=4588 F=2.650/3
8140: pop m=378.989 v=0.164 f= -0.084 F=2.734/3; best m=378.977 v=0.023 f=  0.057 a=4600 F=2.649/3
8151: pop m=378.987 v=0.170 f= -0.090 F=2.736/3; best m=378.977 v=0.023 f=  0.057 a=4611 F=2.648/3
8164: pop m=378.985 v=0.171 f= -0.091 F=2.711/3; best m=378.977 v=0.023 f=  0.057 a=4624 F=2.647/3
8176: pop m=378.986 v=0.160 f= -0.080 F=2.568/3; best m=378.977 v=0.023 f=  0.057 a=4636 F=2.646/3
8191: pop m=378.988 v=0.166 f= -0.086 F=2.665/3; best m=378.977 v=0.023 f=  0.057 a=4651 F=2.645/3
8206: pop m=378.986 v=0.162 f= -0.082 F=2.658/3; best m=378.977 v=0.023 f=  0.057 a=4666 F=2.644/3
8222: pop m=378.989 v=0.163 f= -0.082 F=2.633/3; best m=378.977 v=0.023 f=  0.057 a=4682 F=2.643/3
8237: pop m=378.987 v=0.166 f= -0.086 F=2.661/3; best m=378.977 v=0.023 f=  0.057 a=4697 F=2.641/3
8252: pop m=378.990 v=0.163 f= -0.083 F=2.595/3; best m=378.977 v=0.023 f=  0.057 a=4712 F=2.640/3
8266: pop m=378.989 v=0.163 f= -0.082 F=2.671/3; best m=378.977 v=0.023 f=  0.057 a=4726 F=2.639/3
8281: pop m=378.988 v=0.171 f= -0.091 F=2.640/3; best m=378.977 v=0.023 f=  0.057 a=4741 F=2.638/3
8297: pop m=378.990 v=0.173 f= -0.093 F=2.656/3; best m=378.977 v=0.023 f=  0.057 a=4757 F=2.637/3
8312: pop m=378.990 v=0.171 f= -0.091 F=2.662/3; best m=378.977 v=0.023 f=  0.057 a=4772 F=2.636/3
8327: pop m=378.989 v=0.164 f= -0.084 F=2.640/3; best m=378.977 v=0.023 f=  0.057 a=4787 F=2.635/3
8342: pop m=378.988 v=0.165 f= -0.085 F=2.656/3; best m=378.977 v=0.023 f=  0.057 a=4802 F=2.633/3
8357: pop m=378.986 v=0.167 f= -0.087 F=2.721/3; best m=378.977 v=0.023 f=  0.057 a=4817 F=2.632/3
8373: pop m=378.988 v=0.168 f= -0.087 F=2.582/3; best m=378.977 v=0.023 f=  0.057 a=4833 F=2.631/3
8388: pop m=378.989 v=0.161 f= -0.081 F=2.637/3; best m=378.977 v=0.023 f=  0.057 a=4848 F=2.630/3
8404: pop m=378.988 v=0.168 f= -0.088 F=2.676/3; best m=378.977 v=0.023 f=  0.057 a=4864 F=2.629/3
8419: pop m=378.988 v=0.163 f= -0.083 F=2.728/3; best m=378.977 v=0.023 f=  0.057 a=4879 F=2.627/3
8435: pop m=378.989 v=0.157 f= -0.077 F=2.625/3; best m=378.977 v=0.023 f=  0.057 a=4895 F=2.626/3
8450: pop m=378.988 v=0.158 f= -0.078 F=2.706/3; best m=378.977 v=0.023 f=  0.057 a=4910 F=2.625/3
8465: pop m=378.991 v=0.170 f= -0.089 F=2.600/3; best m=378.977 v=0.023 f=  0.057 a=4925 F=2.624/3
8480: pop m=378.988 v=0.161 f= -0.081 F=2.665/3; best m=378.977 v=0.023 f=  0.057 a=4940 F=2.623/3
8496: pop m=378.989 v=0.161 f= -0.081 F=2.582/3; best m=378.977 v=0.023 f=  0.057 a=4956 F=2.622/3
8511: pop m=378.987 v=0.159 f= -0.079 F=2.662/3; best m=378.977 v=0.023 f=  0.057 a=4971 F=2.620/3
8526: pop m=378.985 v=0.160 f= -0.079 F=2.790/3; best m=378.977 v=0.023 f=  0.057 a=4986 F=2.619/3
8541: pop m=378.990 v=0.173 f= -0.092 F=2.666/3; best m=378.977 v=0.023 f=  0.057 a=5001 F=2.618/3
8557: pop m=378.990 v=0.159 f= -0.079 F=2.578/3; best m=378.977 v=0.023 f=  0.057 a=5017 F=2.617/3
8572: pop m=378.988 v=0.161 f= -0.081 F=2.541/3; best m=378.977 v=0.023 f=  0.057 a=5032 F=2.616/3
8587: pop m=378.991 v=0.163 f= -0.083 F=2.581/3; best m=378.977 v=0.023 f=  0.057 a=5047 F=2.615/3
8602: pop m=378.987 v=0.164 f= -0.084 F=2.604/3; best m=378.977 v=0.023 f=  0.057 a=5062 F=2.614/3
8617: pop m=378.990 v=0.166 f= -0.086 F=2.745/3; best m=378.977 v=0.023 f=  0.057 a=5077 F=2.612/3
8633: pop m=378.987 v=0.163 f= -0.083 F=2.656/3; best m=378.977 v=0.023 f=  0.057 a=5093 F=2.611/3
8648: pop m=378.986 v=0.160 f= -0.079 F=2.665/3; best m=378.977 v=0.023 f=  0.057 a=5108 F=2.610/3
8664: pop m=378.986 v=0.159 f= -0.079 F=2.607/3; best m=378.977 v=0.023 f=  0.057 a=5124 F=2.609/3
8679: pop m=378.991 v=0.166 f= -0.086 F=2.665/3; best m=378.977 v=0.023 f=  0.057 a=5139 F=2.608/3
8695: pop m=378.987 v=0.165 f= -0.085 F=2.676/3; best m=378.977 v=0.023 f=  0.057 a=5155 F=2.606/3
8713: pop m=378.989 v=0.157 f= -0.077 F=2.532/3; best m=378.977 v=0.023 f=  0.057 a=5173 F=2.605/3
8728: pop m=378.989 v=0.165 f= -0.085 F=2.601/3; best m=378.977 v=0.023 f=  0.057 a=5188 F=2.604/3
8744: pop m=378.987 v=0.160 f= -0.080 F=2.590/3; best m=378.977 v=0.023 f=  0.057 a=5204 F=2.603/3
8759: pop m=378.990 v=0.161 f= -0.081 F=2.834/3; best m=378.977 v=0.023 f=  0.057 a=5219 F=2.602/3
8774: pop m=378.990 v=0.160 f= -0.080 F=2.698/3; best m=378.977 v=0.023 f=  0.057 a=5234 F=2.600/3
8789: pop m=378.986 v=0.163 f= -0.083 F=2.657/3; best m=378.977 v=0.023 f=  0.057 a=5249 F=2.599/3
8804: pop m=378.989 v=0.164 f= -0.084 F=2.508/3; best m=378.977 v=0.023 f=  0.057 a=5264 F=2.598/3
8819: pop m=378.988 v=0.164 f= -0.084 F=2.704/3; best m=378.977 v=0.023 f=  0.057 a=5279 F=2.597/3
8834: pop m=378.990 v=0.161 f= -0.081 F=2.645/3; best m=378.977 v=0.023 f=  0.057 a=5294 F=2.596/3
8849: pop m=378.987 v=0.163 f= -0.083 F=2.671/3; best m=378.977 v=0.023 f=  0.057 a=5309 F=2.595/3
8864: pop m=378.989 v=0.165 f= -0.085 F=2.680/3; best m=378.977 v=0.023 f=  0.057 a=5324 F=2.594/3
8879: pop m=378.989 v=0.159 f= -0.079 F=2.581/3; best m=378.977 v=0.023 f=  0.057 a=5339 F=2.592/3
8894: pop m=378.988 v=0.167 f= -0.087 F=2.709/3; best m=378.977 v=0.023 f=  0.057 a=5354 F=2.591/3
8909: pop m=378.988 v=0.171 f= -0.091 F=2.598/3; best m=378.977 v=0.023 f=  0.057 a=5369 F=2.590/3
8924: pop m=378.987 v=0.160 f= -0.080 F=2.601/3; best m=378.977 v=0.023 f=  0.057 a=5384 F=2.589/3
8939: pop m=378.985 v=0.163 f= -0.083 F=2.656/3; best m=378.977 v=0.023 f=  0.057 a=5399 F=2.588/3
8954: pop m=378.987 v=0.163 f= -0.083 F=2.575/3; best m=378.977 v=0.023 f=  0.057 a=5414 F=2.587/3
8969: pop m=378.987 v=0.172 f= -0.092 F=2.556/3; best m=378.977 v=0.023 f=  0.057 a=5429 F=2.585/3
8985: pop m=378.987 v=0.161 f= -0.081 F=2.720/3; best m=378.977 v=0.023 f=  0.057 a=5445 F=2.584/3
9000: pop m=378.986 v=0.172 f= -0.091 F=2.556/3; best m=378.977 v=0.023 f=  0.057 a=5460 F=2.583/3
9016: pop m=378.989 v=0.162 f= -0.082 F=2.756/3; best m=378.977 v=0.023 f=  0.057 a=5476 F=2.582/3
9031: pop m=378.991 v=0.166 f= -0.086 F=2.681/3; best m=378.977 v=0.023 f=  0.057 a=5491 F=2.581/3
9047: pop m=378.988 v=0.161 f= -0.080 F=2.556/3; best m=378.977 v=0.023 f=  0.057 a=5507 F=2.580/3
9062: pop m=378.988 v=0.172 f= -0.092 F=2.668/3; best m=378.977 v=0.023 f=  0.057 a=5522 F=2.578/3
9078: pop m=378.989 v=0.167 f= -0.087 F=2.762/3; best m=378.977 v=0.023 f=  0.057 a=5538 F=2.577/3
9093: pop m=378.989 v=0.175 f= -0.095 F=2.669/3; best m=378.977 v=0.023 f=  0.057 a=5553 F=2.576/3
9108: pop m=378.989 v=0.163 f= -0.083 F=2.626/3; best m=378.977 v=0.023 f=  0.057 a=5568 F=2.575/3
9123: pop m=378.990 v=0.163 f= -0.082 F=2.663/3; best m=378.977 v=0.023 f=  0.057 a=5583 F=2.574/3
9139: pop m=378.988 v=0.169 f= -0.089 F=2.682/3; best m=378.977 v=0.023 f=  0.057 a=5599 F=2.573/3
9154: pop m=378.985 v=0.164 f= -0.084 F=2.732/3; best m=378.977 v=0.023 f=  0.057 a=5614 F=2.571/3
9169: pop m=378.988 v=0.171 f= -0.091 F=2.685/3; best m=378.977 v=0.023 f=  0.057 a=5629 F=2.570/3
9183: pop m=378.990 v=0.165 f= -0.085 F=2.741/3; best m=378.977 v=0.023 f=  0.057 a=5643 F=2.569/3
9199: pop m=378.989 v=0.166 f= -0.086 F=2.611/3; best m=378.977 v=0.023 f=  0.057 a=5659 F=2.568/3
9214: pop m=378.989 v=0.165 f= -0.085 F=2.638/3; best m=378.977 v=0.023 f=  0.057 a=5674 F=2.567/3
9229: pop m=378.985 v=0.159 f= -0.079 F=2.677/3; best m=378.977 v=0.023 f=  0.057 a=5689 F=2.566/3
9244: pop m=378.989 v=0.168 f= -0.088 F=2.564/3; best m=378.977 v=0.023 f=  0.057 a=5704 F=2.565/3
9260: pop m=378.986 v=0.165 f= -0.085 F=2.637/3; best m=378.977 v=0.023 f=  0.057 a=5720 F=2.563/3
9275: pop m=378.988 v=0.167 f= -0.087 F=2.687/3; best m=378.977 v=0.023 f=  0.057 a=5735 F=2.562/3
9289: pop m=378.989 v=0.170 f= -0.090 F=2.662/3; best m=378.977 v=0.023 f=  0.057 a=5749 F=2.561/3
9301: pop m=378.990 v=0.167 f= -0.087 F=2.699/3; best m=378.977 v=0.023 f=  0.057 a=5761 F=2.560/3
9317: pop m=378.987 v=0.165 f= -0.085 F=2.558/3; best m=378.977 v=0.023 f=  0.057 a=5777 F=2.559/3
9330: pop m=378.987 v=0.161 f= -0.081 F=2.655/3; best m=378.977 v=0.023 f=  0.057 a=5790 F=2.558/3
9343: pop m=378.988 v=0.168 f= -0.088 F=2.752/3; best m=378.977 v=0.023 f=  0.057 a=5803 F=2.557/3
9355: pop m=378.988 v=0.165 f= -0.085 F=2.647/3; best m=378.977 v=0.023 f=  0.057 a=5815 F=2.556/3
9367: pop m=378.988 v=0.162 f= -0.082 F=2.623/3; best m=378.977 v=0.023 f=  0.057 a=5827 F=2.555/3
9382: pop m=378.989 v=0.167 f= -0.087 F=2.625/3; best m=378.977 v=0.023 f=  0.057 a=5842 F=2.554/3
9397: pop m=378.991 v=0.167 f= -0.086 F=2.783/3; best m=378.977 v=0.023 f=  0.057 a=5857 F=2.553/3
9412: pop m=378.988 v=0.174 f= -0.094 F=2.663/3; best m=378.977 v=0.023 f=  0.057 a=5872 F=2.552/3
9428: pop m=378.991 v=0.169 f= -0.089 F=2.703/3; best m=378.977 v=0.023 f=  0.057 a=5888 F=2.550/3
9443: pop m=378.992 v=0.161 f= -0.081 F=2.732/3; best m=378.977 v=0.023 f=  0.057 a=5903 F=2.549/3
9458: pop m=378.988 v=0.165 f= -0.085 F=2.676/3; best m=378.977 v=0.023 f=  0.057 a=5918 F=2.548/3
9473: pop m=378.989 v=0.175 f= -0.095 F=2.687/3; best m=378.977 v=0.023 f=  0.057 a=5933 F=2.547/3
9489: pop m=378.989 v=0.166 f= -0.086 F=2.760/3; best m=378.977 v=0.023 f=  0.057 a=5949 F=2.546/3
9503: pop m=378.985 v=0.169 f= -0.089 F=2.637/3; best m=378.977 v=0.023 f=  0.057 a=5963 F=2.545/3
9517: pop m=378.991 v=0.167 f= -0.087 F=2.685/3; best m=378.977 v=0.023 f=  0.057 a=5977 F=2.544/3
9532: pop m=378.987 v=0.161 f= -0.080 F=2.557/3; best m=378.977 v=0.023 f=  0.057 a=5992 F=2.543/3
9547: pop m=378.985 v=0.158 f= -0.078 F=2.594/3; best m=378.977 v=0.023 f=  0.057 a=6007 F=2.541/3
9562: pop m=378.987 v=0.164 f= -0.084 F=2.692/3; best m=378.977 v=0.023 f=  0.057 a=6022 F=2.540/3
9576: pop m=378.989 v=0.169 f= -0.089 F=2.592/3; best m=378.977 v=0.023 f=  0.057 a=6036 F=2.539/3
9591: pop m=378.990 v=0.167 f= -0.087 F=2.684/3; best m=378.977 v=0.023 f=  0.057 a=6051 F=2.538/3
9606: pop m=378.986 v=0.160 f= -0.080 F=2.660/3; best m=378.977 v=0.023 f=  0.057 a=6066 F=2.537/3
9621: pop m=378.992 v=0.167 f= -0.087 F=2.688/3; best m=378.977 v=0.023 f=  0.057 a=6081 F=2.536/3
9635: pop m=378.989 v=0.168 f= -0.088 F=2.668/3; best m=378.977 v=0.023 f=  0.057 a=6095 F=2.535/3
9649: pop m=378.988 v=0.171 f= -0.091 F=2.700/3; best m=378.977 v=0.023 f=  0.057 a=6109 F=2.534/3
9663: pop m=378.987 v=0.161 f= -0.081 F=2.626/3; best m=378.977 v=0.023 f=  0.057 a=6123 F=2.533/3
9679: pop m=378.990 v=0.163 f= -0.083 F=2.788/3; best m=378.977 v=0.023 f=  0.057 a=6139 F=2.531/3
9693: pop m=378.984 v=0.164 f= -0.084 F=2.669/3; best m=378.977 v=0.023 f=  0.057 a=6153 F=2.530/3
9708: pop m=378.990 v=0.165 f= -0.085 F=2.718/3; best m=378.977 v=0.023 f=  0.057 a=6168 F=2.529/3
9724: pop m=378.991 v=0.162 f= -0.082 F=2.595/3; best m=378.977 v=0.023 f=  0.057 a=6184 F=2.528/3
9738: pop m=378.986 v=0.162 f= -0.082 F=2.583/3; best m=378.977 v=0.023 f=  0.057 a=6198 F=2.527/3
9752: pop m=378.988 v=0.164 f= -0.083 F=2.707/3; best m=378.977 v=0.023 f=  0.057 a=6212 F=2.526/3
9767: pop m=378.989 v=0.159 f= -0.079 F=2.632/3; best m=378.977 v=0.023 f=  0.057 a=6227 F=2.525/3
9782: pop m=378.990 v=0.155 f= -0.075 F=2.574/3; best m=378.977 v=0.023 f=  0.057 a=6242 F=2.523/3
9796: pop m=378.989 v=0.171 f= -0.091 F=2.736/3; best m=378.977 v=0.023 f=  0.057 a=6256 F=2.522/3
9812: pop m=378.988 v=0.166 f= -0.086 F=2.703/3; best m=378.977 v=0.023 f=  0.057 a=6272 F=2.521/3
9827: pop m=378.985 v=0.166 f= -0.085 F=2.695/3; best m=378.977 v=0.023 f=  0.057 a=6287 F=2.520/3
9842: pop m=378.986 v=0.167 f= -0.086 F=2.608/3; best m=378.977 v=0.023 f=  0.057 a=6302 F=2.519/3
9855: pop m=378.989 v=0.166 f= -0.086 F=2.740/3; best m=378.977 v=0.023 f=  0.057 a=6315 F=2.518/3
9868: pop m=378.987 v=0.164 f= -0.084 F=2.694/3; best m=378.977 v=0.023 f=  0.057 a=6328 F=2.517/3
9882: pop m=378.990 v=0.167 f= -0.087 F=2.642/3; best m=378.977 v=0.023 f=  0.057 a=6342 F=2.516/3
9896: pop m=378.989 v=0.164 f= -0.084 F=2.487/3; best m=378.977 v=0.023 f=  0.057 a=6356 F=2.515/3
9910: pop m=378.989 v=0.164 f= -0.084 F=2.577/3; best m=378.977 v=0.023 f=  0.057 a=6370 F=2.514/3
9924: pop m=378.986 v=0.164 f= -0.084 F=2.736/3; best m=378.977 v=0.023 f=  0.057 a=6384 F=2.513/3
9938: pop m=378.990 v=0.166 f= -0.086 F=2.624/3; best m=378.977 v=0.023 f=  0.057 a=6398 F=2.512/3
9952: pop m=378.988 v=0.167 f= -0.087 F=2.671/3; best m=378.977 v=0.023 f=  0.057 a=6412 F=2.510/3
9967: pop m=378.985 v=0.166 f= -0.086 F=2.672/3; best m=378.977 v=0.023 f=  0.057 a=6427 F=2.509/3
9983: pop m=378.988 v=0.164 f= -0.084 F=2.746/3; best m=378.977 v=0.023 f=  0.057 a=6443 F=2.508/3
9998: pop m=378.991 v=0.162 f= -0.082 F=2.711/3; best m=378.977 v=0.023 f=  0.057 a=6458 F=2.507/3
10014: pop m=378.988 v=0.160 f= -0.080 F=2.600/3; best m=378.977 v=0.023 f=  0.057 a=6474 F=2.506/3
10027: pop m=378.991 v=0.167 f= -0.086 F=2.698/3; best m=378.977 v=0.023 f=  0.057 a=6487 F=2.505/3
10040: pop m=378.988 v=0.164 f= -0.084 F=2.743/3; best m=378.977 v=0.023 f=  0.057 a=6500 F=2.504/3
10054: pop m=378.990 v=0.159 f= -0.079 F=2.649/3; best m=378.977 v=0.023 f=  0.057 a=6514 F=2.503/3
10069: pop m=378.991 v=0.164 f= -0.084 F=2.578/3; best m=378.977 v=0.023 f=  0.057 a=6529 F=2.502/3
10084: pop m=378.990 v=0.168 f= -0.088 F=2.686/3; best m=378.977 v=0.023 f=  0.057 a=6544 F=2.500/3
10099: pop m=378.985 v=0.163 f= -0.082 F=2.588/3; best m=378.977 v=0.023 f=  0.057 a=6559 F=2.499/3
10114: pop m=378.986 v=0.166 f= -0.086 F=2.619/3; best m=378.977 v=0.023 f=  0.057 a=6574 F=2.498/3
10129: pop m=378.987 v=0.166 f= -0.086 F=2.782/3; best m=378.977 v=0.023 f=  0.057 a=6589 F=2.497/3
10140: pop m=378.987 v=0.160 f= -0.080 F=2.601/3; best m=378.977 v=0.023 f=  0.057 a=6600 F=2.496/3
10149: pop m=378.987 v=0.164 f= -0.084 F=2.606/3; best m=378.977 v=0.023 f=  0.057 a=6609 F=2.495/3
10164: pop m=378.986 v=0.164 f= -0.084 F=2.639/3; best m=378.977 v=0.023 f=  0.057 a=6624 F=2.494/3
10180: pop m=378.988 v=0.165 f= -0.085 F=2.711/3; best m=378.977 v=0.023 f=  0.057 a=6640 F=2.493/3
10195: pop m=378.989 v=0.166 f= -0.086 F=2.699/3; best m=378.977 v=0.023 f=  0.057 a=6655 F=2.492/3
10210: pop m=378.989 v=0.169 f= -0.089 F=2.688/3; best m=378.977 v=0.023 f=  0.057 a=6670 F=2.491/3
10226: pop m=378.989 v=0.165 f= -0.084 F=2.720/3; best m=378.977 v=0.023 f=  0.057 a=6686 F=2.490/3
10241: pop m=378.988 v=0.158 f= -0.077 F=2.597/3; best m=378.977 v=0.023 f=  0.057 a=6701 F=2.488/3
10256: pop m=378.987 v=0.169 f= -0.089 F=2.569/3; best m=378.977 v=0.023 f=  0.057 a=6716 F=2.487/3
10272: pop m=378.988 v=0.165 f= -0.085 F=2.601/3; best m=378.977 v=0.023 f=  0.057 a=6732 F=2.486/3
10287: pop m=378.988 v=0.167 f= -0.087 F=2.616/3; best m=378.977 v=0.023 f=  0.057 a=6747 F=2.485/3
10302: pop m=378.991 v=0.163 f= -0.083 F=2.728/3; best m=378.977 v=0.023 f=  0.057 a=6762 F=2.484/3
10317: pop m=378.989 v=0.159 f= -0.079 F=2.618/3; best m=378.977 v=0.023 f=  0.057 a=6777 F=2.483/3
10333: pop m=378.985 v=0.156 f= -0.076 F=2.626/3; best m=378.977 v=0.023 f=  0.057 a=6793 F=2.481/3
10348: pop m=378.988 v=0.164 f= -0.084 F=2.604/3; best m=378.977 v=0.023 f=  0.057 a=6808 F=2.480/3
10364: pop m=378.987 v=0.161 f= -0.081 F=2.588/3; best m=378.977 v=0.023 f=  0.057 a=6824 F=2.479/3
10379: pop m=378.988 v=0.167 f= -0.087 F=2.727/3; best m=378.977 v=0.023 f=  0.057 a=6839 F=2.478/3
10395: pop m=378.989 v=0.164 f= -0.084 F=2.604/3; best m=378.977 v=0.023 f=  0.057 a=6855 F=2.477/3
10410: pop m=378.988 v=0.158 f= -0.078 F=2.688/3; best m=378.977 v=0.023 f=  0.057 a=6870 F=2.475/3
10426: pop m=378.989 v=0.161 f= -0.081 F=2.612/3; best m=378.977 v=0.023 f=  0.057 a=6886 F=2.474/3
10441: pop m=378.989 v=0.165 f= -0.085 F=2.680/3; best m=378.977 v=0.023 f=  0.057 a=6901 F=2.473/3
10457: pop m=378.988 v=0.165 f= -0.085 F=2.625/3; best m=378.977 v=0.023 f=  0.057 a=6917 F=2.472/3
10472: pop m=378.990 v=0.161 f= -0.081 F=2.761/3; best m=378.977 v=0.023 f=  0.057 a=6932 F=2.471/3
10488: pop m=378.986 v=0.169 f= -0.089 F=2.636/3; best m=378.977 v=0.023 f=  0.057 a=6948 F=2.470/3
10503: pop m=378.989 v=0.169 f= -0.089 F=2.701/3; best m=378.977 v=0.023 f=  0.057 a=6963 F=2.468/3
10518: pop m=378.986 v=0.162 f= -0.082 F=2.579/3; best m=378.977 v=0.023 f=  0.057 a=6978 F=2.467/3
10533: pop m=378.989 v=0.164 f= -0.084 F=2.721/3; best m=378.977 v=0.023 f=  0.057 a=6993 F=2.466/3
10549: pop m=378.990 v=0.162 f= -0.081 F=2.528/3; best m=378.977 v=0.023 f=  0.057 a=7009 F=2.465/3
10564: pop m=378.990 v=0.164 f= -0.084 F=2.611/3; best m=378.977 v=0.023 f=  0.057 a=7024 F=2.464/3
10580: pop m=378.987 v=0.172 f= -0.092 F=2.674/3; best m=378.977 v=0.023 f=  0.057 a=7040 F=2.462/3
10596: pop m=378.985 v=0.170 f= -0.090 F=2.575/3; best m=378.977 v=0.023 f=  0.057 a=7056 F=2.461/3
10611: pop m=378.987 v=0.163 f= -0.083 F=2.678/3; best m=378.977 v=0.023 f=  0.057 a=7071 F=2.460/3
10623: pop m=378.988 v=0.172 f= -0.092 F=2.607/3; best m=378.977 v=0.023 f=  0.057 a=7083 F=2.459/3
10639: pop m=378.987 v=0.168 f= -0.088 F=2.781/3; best m=378.977 v=0.023 f=  0.057 a=7099 F=2.458/3
10653: pop m=378.989 v=0.162 f= -0.082 F=2.698/3; best m=378.977 v=0.023 f=  0.057 a=7113 F=2.457/3
10669: pop m=378.988 v=0.161 f= -0.081 F=2.704/3; best m=378.977 v=0.023 f=  0.057 a=7129 F=2.456/3
10684: pop m=378.989 v=0.160 f= -0.080 F=2.600/3; best m=378.977 v=0.023 f=  0.057 a=7144 F=2.455/3
10700: pop m=378.987 v=0.172 f= -0.092 F=2.715/3; best m=378.977 v=0.023 f=  0.057 a=7160 F=2.453/3
10715: pop m=378.989 v=0.160 f= -0.080 F=2.693/3; best m=378.977 v=0.023 f=  0.057 a=7175 F=2.452/3
10730: pop m=378.990 v=0.170 f= -0.090 F=2.680/3; best m=378.977 v=0.023 f=  0.057 a=7190 F=2.451/3
10745: pop m=378.989 v=0.163 f= -0.083 F=2.591/3; best m=378.977 v=0.023 f=  0.057 a=7205 F=2.450/3
10761: pop m=378.987 v=0.172 f= -0.092 F=2.824/3; best m=378.977 v=0.023 f=  0.057 a=7221 F=2.449/3
10776: pop m=378.985 v=0.159 f= -0.079 F=2.652/3; best m=378.977 v=0.023 f=  0.057 a=7236 F=2.448/3
10792: pop m=378.986 v=0.165 f= -0.085 F=2.634/3; best m=378.977 v=0.023 f=  0.057 a=7252 F=2.446/3
10807: pop m=378.983 v=0.168 f= -0.088 F=2.658/3; best m=378.977 v=0.023 f=  0.057 a=7267 F=2.445/3
10823: pop m=378.991 v=0.172 f= -0.092 F=2.743/3; best m=378.977 v=0.023 f=  0.057 a=7283 F=2.444/3
10838: pop m=378.987 v=0.172 f= -0.092 F=2.667/3; best m=378.977 v=0.023 f=  0.057 a=7298 F=2.443/3
10854: pop m=378.989 v=0.166 f= -0.086 F=2.652/3; best m=378.977 v=0.023 f=  0.057 a=7314 F=2.442/3
10865: pop m=378.986 v=0.160 f= -0.080 F=2.701/3; best m=378.977 v=0.023 f=  0.057 a=7325 F=2.441/3
10880: pop m=378.991 v=0.164 f= -0.084 F=2.714/3; best m=378.977 v=0.023 f=  0.057 a=7340 F=2.440/3
10896: pop m=378.989 v=0.165 f= -0.085 F=2.778/3; best m=378.977 v=0.023 f=  0.057 a=7356 F=2.438/3
10911: pop m=378.988 v=0.166 f= -0.086 F=2.624/3; best m=378.977 v=0.023 f=  0.057 a=7371 F=2.437/3
10927: pop m=378.989 v=0.163 f= -0.083 F=2.617/3; best m=378.977 v=0.023 f=  0.057 a=7387 F=2.436/3
10942: pop m=378.988 v=0.169 f= -0.089 F=2.780/3; best m=378.977 v=0.023 f=  0.057 a=7402 F=2.435/3
10958: pop m=378.991 v=0.158 f= -0.078 F=2.673/3; best m=378.977 v=0.023 f=  0.057 a=7418 F=2.434/3
10972: pop m=378.987 v=0.163 f= -0.083 F=2.660/3; best m=378.977 v=0.023 f=  0.057 a=7432 F=2.433/3
10987: pop m=378.988 v=0.161 f= -0.081 F=2.633/3; best m=378.977 v=0.023 f=  0.057 a=7447 F=2.431/3
11003: pop m=378.987 v=0.163 f= -0.083 F=2.702/3; best m=378.977 v=0.023 f=  0.057 a=7463 F=2.430/3
11019: pop m=378.989 v=0.164 f= -0.084 F=2.560/3; best m=378.977 v=0.023 f=  0.057 a=7479 F=2.429/3
11034: pop m=378.986 v=0.166 f= -0.086 F=2.663/3; best m=378.977 v=0.023 f=  0.057 a=7494 F=2.428/3
11050: pop m=378.986 v=0.161 f= -0.080 F=2.610/3; best m=378.977 v=0.023 f=  0.057 a=7510 F=2.427/3
11065: pop m=378.986 v=0.158 f= -0.078 F=2.660/3; best m=378.977 v=0.023 f=  0.057 a=7525 F=2.425/3
11081: pop m=378.986 v=0.161 f= -0.081 F=2.706/3; best m=378.977 v=0.023 f=  0.057 a=7541 F=2.424/3
11096: pop m=378.989 v=0.168 f= -0.088 F=2.564/3; best m=378.977 v=0.023 f=  0.057 a=7556 F=2.423/3
11111: pop m=378.988 v=0.164 f= -0.084 F=2.626/3; best m=378.977 v=0.023 f=  0.057 a=7571 F=2.422/3
11126: pop m=378.987 v=0.165 f= -0.085 F=2.690/3; best m=378.977 v=0.023 f=  0.057 a=7586 F=2.421/3
11139: pop m=378.993 v=0.175 f= -0.095 F=2.651/3; best m=378.977 v=0.023 f=  0.057 a=7599 F=2.420/3
11153: pop m=378.988 v=0.161 f= -0.080 F=2.557/3; best m=378.977 v=0.023 f=  0.057 a=7613 F=2.419/3
11167: pop m=378.987 v=0.167 f= -0.087 F=2.641/3; best m=378.977 v=0.023 f=  0.057 a=7627 F=2.418/3
11180: pop m=378.990 v=0.162 f= -0.082 F=2.762/3; best m=378.977 v=0.023 f=  0.057 a=7640 F=2.417/3
11196: pop m=378.988 v=0.168 f= -0.088 F=2.656/3; best m=378.977 v=0.023 f=  0.057 a=7656 F=2.415/3
11211: pop m=378.989 v=0.166 f= -0.086 F=2.784/3; best m=378.977 v=0.023 f=  0.057 a=7671 F=2.414/3
11227: pop m=378.990 v=0.163 f= -0.083 F=2.731/3; best m=378.977 v=0.023 f=  0.057 a=7687 F=2.413/3
11242: pop m=378.991 v=0.167 f= -0.086 F=2.662/3; best m=378.977 v=0.023 f=  0.057 a=7702 F=2.412/3
11256: pop m=378.987 v=0.163 f= -0.083 F=2.722/3; best m=378.977 v=0.023 f=  0.057 a=7716 F=2.411/3
11270: pop m=378.987 v=0.166 f= -0.086 F=2.732/3; best m=378.977 v=0.023 f=  0.057 a=7730 F=2.410/3
11284: pop m=378.986 v=0.159 f= -0.079 F=2.602/3; best m=378.977 v=0.023 f=  0.057 a=7744 F=2.409/3
11300: pop m=378.989 v=0.168 f= -0.088 F=2.550/3; best m=378.977 v=0.023 f=  0.057 a=7760 F=2.408/3
11315: pop m=378.988 v=0.159 f= -0.079 F=2.721/3; best m=378.977 v=0.023 f=  0.057 a=7775 F=2.406/3
11331: pop m=378.988 v=0.162 f= -0.082 F=2.629/3; best m=378.977 v=0.023 f=  0.057 a=7791 F=2.405/3
11345: pop m=378.987 v=0.165 f= -0.085 F=2.625/3; best m=378.977 v=0.023 f=  0.057 a=7805 F=2.404/3
11360: pop m=378.991 v=0.160 f= -0.080 F=2.658/3; best m=378.977 v=0.023 f=  0.057 a=7820 F=2.403/3
11375: pop m=378.984 v=0.161 f= -0.081 F=2.685/3; best m=378.977 v=0.023 f=  0.057 a=7835 F=2.402/3
11390: pop m=378.988 v=0.165 f= -0.085 F=2.703/3; best m=378.977 v=0.023 f=  0.057 a=7850 F=2.401/3
11404: pop m=378.991 v=0.168 f= -0.088 F=2.746/3; best m=378.977 v=0.023 f=  0.057 a=7864 F=2.400/3
11420: pop m=378.987 v=0.159 f= -0.079 F=2.617/3; best m=378.977 v=0.023 f=  0.057 a=7880 F=2.398/3
11435: pop m=378.990 v=0.168 f= -0.088 F=2.745/3; best m=378.977 v=0.023 f=  0.057 a=7895 F=2.397/3
11451: pop m=378.987 v=0.161 f= -0.081 F=2.706/3; best m=378.977 v=0.023 f=  0.057 a=7911 F=2.396/3
11466: pop m=378.990 v=0.166 f= -0.085 F=2.637/3; best m=378.977 v=0.023 f=  0.057 a=7926 F=2.395/3
11481: pop m=378.989 v=0.166 f= -0.086 F=2.623/3; best m=378.977 v=0.023 f=  0.057 a=7941 F=2.394/3
11496: pop m=378.990 v=0.177 f= -0.097 F=2.739/3; best m=378.977 v=0.023 f=  0.057 a=7956 F=2.393/3
11511: pop m=378.991 v=0.164 f= -0.084 F=2.668/3; best m=378.977 v=0.023 f=  0.057 a=7971 F=2.391/3
11527: pop m=378.988 v=0.163 f= -0.083 F=2.693/3; best m=378.977 v=0.023 f=  0.057 a=7987 F=2.390/3
11543: pop m=378.987 v=0.163 f= -0.083 F=2.639/3; best m=378.977 v=0.023 f=  0.057 a=8003 F=2.389/3
11558: pop m=378.990 v=0.162 f= -0.082 F=2.622/3; best m=378.977 v=0.023 f=  0.057 a=8018 F=2.388/3
11574: pop m=378.988 v=0.160 f= -0.080 F=2.541/3; best m=378.977 v=0.023 f=  0.057 a=8034 F=2.387/3
11589: pop m=378.990 v=0.165 f= -0.085 F=2.695/3; best m=378.977 v=0.023 f=  0.057 a=8049 F=2.385/3
11604: pop m=378.985 v=0.168 f= -0.088 F=2.628/3; best m=378.977 v=0.023 f=  0.057 a=8064 F=2.384/3
11620: pop m=378.986 v=0.167 f= -0.087 F=2.701/3; best m=378.977 v=0.023 f=  0.057 a=8080 F=2.383/3
11635: pop m=378.988 v=0.166 f= -0.086 F=2.643/3; best m=378.977 v=0.023 f=  0.057 a=8095 F=2.382/3
11651: pop m=378.989 v=0.165 f= -0.085 F=2.723/3; best m=378.977 v=0.023 f=  0.057 a=8111 F=2.381/3
11666: pop m=378.988 v=0.163 f= -0.082 F=2.558/3; best m=378.977 v=0.023 f=  0.057 a=8126 F=2.380/3
11680: pop m=378.987 v=0.168 f= -0.088 F=2.647/3; best m=378.977 v=0.023 f=  0.057 a=8140 F=2.379/3
11693: pop m=378.986 v=0.158 f= -0.078 F=2.679/3; best m=378.977 v=0.023 f=  0.057 a=8153 F=2.378/3
11707: pop m=378.991 v=0.172 f= -0.092 F=2.602/3; best m=378.977 v=0.023 f=  0.057 a=8167 F=2.376/3
11721: pop m=378.986 v=0.164 f= -0.084 F=2.699/3; best m=378.977 v=0.023 f=  0.057 a=8181 F=2.375/3
11735: pop m=378.989 v=0.160 f= -0.080 F=2.624/3; best m=378.977 v=0.023 f=  0.057 a=8195 F=2.374/3
11750: pop m=378.990 v=0.163 f= -0.083 F=2.607/3; best m=378.977 v=0.023 f=  0.057 a=8210 F=2.373/3
11765: pop m=378.986 v=0.170 f= -0.090 F=2.742/3; best m=378.977 v=0.023 f=  0.057 a=8225 F=2.372/3
11779: pop m=378.989 v=0.163 f= -0.082 F=2.596/3; best m=378.977 v=0.023 f=  0.057 a=8239 F=2.371/3
11792: pop m=378.989 v=0.160 f= -0.080 F=2.639/3; best m=378.977 v=0.023 f=  0.057 a=8252 F=2.370/3
11807: pop m=378.989 v=0.168 f= -0.088 F=2.617/3; best m=378.977 v=0.023 f=  0.057 a=8267 F=2.369/3
11823: pop m=378.987 v=0.170 f= -0.090 F=2.770/3; best m=378.977 v=0.023 f=  0.057 a=8283 F=2.368/3
11838: pop m=378.987 v=0.154 f= -0.074 F=2.705/3; best m=378.977 v=0.023 f=  0.057 a=8298 F=2.366/3
11853: pop m=378.990 v=0.168 f= -0.088 F=2.704/3; best m=378.977 v=0.023 f=  0.057 a=8313 F=2.365/3
11866: pop m=378.988 v=0.163 f= -0.083 F=2.746/3; best m=378.977 v=0.023 f=  0.057 a=8326 F=2.364/3
11881: pop m=378.988 v=0.166 f= -0.086 F=2.586/3; best m=378.977 v=0.023 f=  0.057 a=8341 F=2.363/3
11895: pop m=378.990 v=0.163 f= -0.083 F=2.650/3; best m=378.977 v=0.023 f=  0.057 a=8355 F=2.362/3
11911: pop m=378.992 v=0.161 f= -0.080 F=2.648/3; best m=378.977 v=0.023 f=  0.057 a=8371 F=2.361/3
11926: pop m=378.989 v=0.166 f= -0.086 F=2.744/3; best m=378.977 v=0.023 f=  0.057 a=8386 F=2.360/3
11940: pop m=378.988 v=0.157 f= -0.077 F=2.691/3; best m=378.977 v=0.023 f=  0.057 a=8400 F=2.359/3
11956: pop m=378.990 v=0.172 f= -0.092 F=2.593/3; best m=378.977 v=0.023 f=  0.057 a=8416 F=2.357/3
11971: pop m=378.987 v=0.161 f= -0.081 F=2.706/3; best m=378.977 v=0.023 f=  0.057 a=8431 F=2.356/3
11986: pop m=378.985 v=0.156 f= -0.076 F=2.657/3; best m=378.977 v=0.023 f=  0.057 a=8446 F=2.355/3
12003: pop m=378.989 v=0.171 f= -0.091 F=2.580/3; best m=378.977 v=0.023 f=  0.057 a=8463 F=2.354/3
12019: pop m=378.987 v=0.166 f= -0.086 F=2.655/3; best m=378.977 v=0.023 f=  0.057 a=8479 F=2.353/3
12034: pop m=378.987 v=0.164 f= -0.083 F=2.727/3; best m=378.977 v=0.023 f=  0.057 a=8494 F=2.351/3
12049: pop m=378.989 v=0.161 f= -0.081 F=2.641/3; best m=378.977 v=0.023 f=  0.057 a=8509 F=2.350/3
12063: pop m=378.989 v=0.159 f= -0.079 F=2.688/3; best m=378.977 v=0.023 f=  0.057 a=8523 F=2.349/3
12078: pop m=378.990 v=0.171 f= -0.091 F=2.667/3; best m=378.977 v=0.023 f=  0.057 a=8538 F=2.348/3
12093: pop m=378.989 v=0.169 f= -0.089 F=2.578/3; best m=378.977 v=0.023 f=  0.057 a=8553 F=2.347/3
12107: pop m=378.990 v=0.166 f= -0.085 F=2.790/3; best m=378.977 v=0.023 f=  0.057 a=8567 F=2.346/3
12120: pop m=378.991 v=0.163 f= -0.083 F=2.638/3; best m=378.977 v=0.023 f=  0.057 a=8580 F=2.345/3
12135: pop m=378.990 v=0.171 f= -0.091 F=2.706/3; best m=378.977 v=0.023 f=  0.057 a=8595 F=2.344/3
12150: pop m=378.987 v=0.164 f= -0.083 F=2.720/3; best m=378.977 v=0.023 f=  0.057 a=8610 F=2.343/3
12165: pop m=378.989 v=0.163 f= -0.083 F=2.661/3; best m=378.977 v=0.023 f=  0.057 a=8625 F=2.341/3
12181: pop m=378.988 v=0.164 f= -0.084 F=2.683/3; best m=378.977 v=0.023 f=  0.057 a=8641 F=2.340/3
12196: pop m=378.990 v=0.170 f= -0.089 F=2.670/3; best m=378.977 v=0.023 f=  0.057 a=8656 F=2.339/3
12212: pop m=378.986 v=0.168 f= -0.088 F=2.746/3; best m=378.977 v=0.023 f=  0.057 a=8672 F=2.338/3
12226: pop m=378.988 v=0.170 f= -0.090 F=2.614/3; best m=378.977 v=0.023 f=  0.057 a=8686 F=2.337/3
12239: pop m=378.987 v=0.164 f= -0.084 F=2.754/3; best m=378.977 v=0.023 f=  0.057 a=8699 F=2.336/3
12254: pop m=378.986 v=0.166 f= -0.086 F=2.693/3; best m=378.977 v=0.023 f=  0.057 a=8714 F=2.335/3
12269: pop m=378.988 v=0.166 f= -0.086 F=2.598/3; best m=378.977 v=0.023 f=  0.057 a=8729 F=2.334/3
12282: pop m=378.988 v=0.164 f= -0.084 F=2.720/3; best m=378.977 v=0.023 f=  0.057 a=8742 F=2.333/3
12292: pop m=378.992 v=0.166 f= -0.086 F=2.634/3; best m=378.977 v=0.023 f=  0.057 a=8752 F=2.332/3
12306: pop m=378.989 v=0.166 f= -0.086 F=2.672/3; best m=378.977 v=0.023 f=  0.057 a=8766 F=2.331/3
12320: pop m=378.989 v=0.166 f= -0.086 F=2.672/3; best m=378.977 v=0.023 f=  0.057 a=8780 F=2.330/3
12335: pop m=378.987 v=0.162 f= -0.082 F=2.654/3; best m=378.977 v=0.023 f=  0.057 a=8795 F=2.329/3
12349: pop m=378.989 v=0.178 f= -0.097 F=2.663/3; best m=378.977 v=0.023 f=  0.057 a=8809 F=2.327/3
12362: pop m=378.985 v=0.169 f= -0.089 F=2.590/3; best m=378.977 v=0.023 f=  0.057 a=8822 F=2.326/3
12374: pop m=378.987 v=0.169 f= -0.089 F=2.727/3; best m=378.977 v=0.023 f=  0.057 a=8834 F=2.326/3
12389: pop m=378.988 v=0.167 f= -0.087 F=2.694/3; best m=378.977 v=0.023 f=  0.057 a=8849 F=2.324/3
12404: pop m=378.989 v=0.162 f= -0.082 F=2.632/3; best m=378.977 v=0.023 f=  0.057 a=8864 F=2.323/3
12414: pop m=378.989 v=0.165 f= -0.085 F=2.665/3; best m=378.977 v=0.023 f=  0.057 a=8874 F=2.322/3
12428: pop m=378.984 v=0.154 f= -0.074 F=2.654/3; best m=378.977 v=0.023 f=  0.057 a=8888 F=2.321/3
12444: pop m=378.988 v=0.162 f= -0.082 F=2.702/3; best m=378.977 v=0.023 f=  0.057 a=8904 F=2.320/3
12459: pop m=378.989 v=0.165 f= -0.085 F=2.657/3; best m=378.977 v=0.023 f=  0.057 a=8919 F=2.319/3
12474: pop m=378.989 v=0.164 f= -0.084 F=2.627/3; best m=378.977 v=0.023 f=  0.057 a=8934 F=2.318/3
12488: pop m=378.988 v=0.167 f= -0.087 F=2.581/3; best m=378.977 v=0.023 f=  0.057 a=8948 F=2.317/3
12503: pop m=378.986 v=0.166 f= -0.086 F=2.681/3; best m=378.977 v=0.023 f=  0.057 a=8963 F=2.316/3
12516: pop m=378.988 v=0.166 f= -0.086 F=2.614/3; best m=378.977 v=0.023 f=  0.057 a=8976 F=2.315/3
12532: pop m=378.989 v=0.167 f= -0.086 F=2.727/3; best m=378.977 v=0.023 f=  0.057 a=8992 F=2.313/3
12546: pop m=378.990 v=0.163 f= -0.083 F=2.679/3; best m=378.977 v=0.023 f=  0.057 a=9006 F=2.312/3
12562: pop m=378.989 v=0.170 f= -0.090 F=2.654/3; best m=378.977 v=0.023 f=  0.057 a=9022 F=2.311/3
12577: pop m=378.990 v=0.164 f= -0.083 F=2.689/3; best m=378.977 v=0.023 f=  0.057 a=9037 F=2.310/3
12591: pop m=378.990 v=0.168 f= -0.087 F=2.696/3; best m=378.977 v=0.023 f=  0.057 a=9051 F=2.309/3
12604: pop m=378.986 v=0.155 f= -0.075 F=2.554/3; best m=378.977 v=0.023 f=  0.057 a=9064 F=2.308/3
12619: pop m=378.988 v=0.165 f= -0.084 F=2.576/3; best m=378.977 v=0.023 f=  0.057 a=9079 F=2.307/3
12634: pop m=378.986 v=0.168 f= -0.088 F=2.638/3; best m=378.977 v=0.023 f=  0.057 a=9094 F=2.306/3
12649: pop m=378.990 v=0.164 f= -0.084 F=2.572/3; best m=378.977 v=0.023 f=  0.057 a=9109 F=2.305/3
12663: pop m=378.990 v=0.164 f= -0.084 F=2.653/3; best m=378.977 v=0.023 f=  0.057 a=9123 F=2.303/3
12677: pop m=378.990 v=0.160 f= -0.080 F=2.721/3; best m=378.977 v=0.023 f=  0.057 a=9137 F=2.302/3
12691: pop m=378.989 v=0.169 f= -0.089 F=2.759/3; best m=378.977 v=0.023 f=  0.057 a=9151 F=2.301/3
12707: pop m=378.989 v=0.165 f= -0.085 F=2.704/3; best m=378.977 v=0.023 f=  0.057 a=9167 F=2.300/3
12722: pop m=378.989 v=0.166 f= -0.086 F=2.632/3; best m=378.977 v=0.023 f=  0.057 a=9182 F=2.299/3
12738: pop m=378.989 v=0.160 f= -0.080 F=2.788/3; best m=378.977 v=0.023 f=  0.057 a=9198 F=2.298/3
12752: pop m=378.988 v=0.165 f= -0.085 F=2.723/3; best m=378.977 v=0.023 f=  0.057 a=9212 F=2.297/3
12767: pop m=378.989 v=0.164 f= -0.084 F=2.576/3; best m=378.977 v=0.023 f=  0.057 a=9227 F=2.296/3
12782: pop m=378.989 v=0.168 f= -0.088 F=2.564/3; best m=378.977 v=0.023 f=  0.057 a=9242 F=2.294/3
12797: pop m=378.989 v=0.164 f= -0.084 F=2.712/3; best m=378.977 v=0.023 f=  0.057 a=9257 F=2.293/3
12813: pop m=378.990 v=0.166 f= -0.086 F=2.677/3; best m=378.977 v=0.023 f=  0.057 a=9273 F=2.292/3
12829: pop m=378.987 v=0.156 f= -0.076 F=2.648/3; best m=378.977 v=0.023 f=  0.057 a=9289 F=2.291/3
12844: pop m=378.988 v=0.168 f= -0.088 F=2.712/3; best m=378.977 v=0.023 f=  0.057 a=9304 F=2.290/3
12850: pop m=378.988 v=0.159 f= -0.079 F=2.631/3; best m=378.977 v=0.023 f=  0.057 a=9310 F=3.000/3
