found: sum=378.0000 var=  0.0000 fitness=378.0000 age=0
-->8--
                     11      14       9 
                 17      95      60       7
                 83      62      96     101 
              5     110      51     105      16
             45      38      39      31      23 
         12      97      78      56     102      27
         84      37      46      69      77      42 
      2     103      82      90      43     107      13
     85      30      58      35      70      40      72 
 25      74      68      67      71      41     104      19
 21     109      34      76      93      44     100      29
     64      63      75      36      59      49      54 
      1      86      26      92      33     106       8
         55      94      73      65      87      61 
          6      57      47      53      88       4
             80      81      48      52      32 
              3      66      28      99      18
                 91     108      98      89 
                 24      79      50      20
                     10      15      22 
--8<--
execution time: real 1232.635781s user 2073.522776s sys 314.752150s
GA: P=512 K=256 sp=3 xover=2D/1 optconsec aging
generation #35903: pop m=377.947 v=0.155 f=374.060
best: found: sum=378.0000 var=  0.0000 fitness=378.0000 age=1
-->8--
                     11      14       9 
                 17      95      60       7
                 83      62      96     101 
              5     110      51     105      16
             45      38      39      31      23 
         12      97      78      56     102      27
         84      37      46      69      77      42 
      2     103      82      90      43     107      13
     85      30      58      35      70      40      72 
 25      74      68      67      71      41     104      19
 21     109      34      76      93      44     100      29
     64      63      75      36      59      49      54 
      1      86      26      92      33     106       8
         55      94      73      65      87      61 
          6      57      47      53      88       4
             80      81      48      52      32 
              3      66      28      99      18
                 91     108      98      89 
                 24      79      50      20
                     10      15      22 
--8<--
