found: sum= 76.0000 var=  0.0000 fitness= 76.0000 age=0
-->8--
         24       3 
      2      23      15
      4       7      17 
 14      16      11       9
  1      19      13      20
     22      10       6 
     12       8      21
          5      18 
--8<--
found: sum= 75.0000 var=  0.0000 fitness= 75.0000 age=0
-->8--
          4       8 
     11       5      10
     13      22      16 
 12      20      14      17
  6       9       3      23
     15       7       2 
     19      24      18
          1      21 
--8<--
found: sum= 76.0000 var=  0.0000 fitness= 76.0000 age=0
-->8--
         17      18 
      3      20       2
     10      15       8 
 19      11      13      24
  6       9      16       1
     21      12      14 
     23       7      22
          4       5 
--8<--
found: sum= 79.0000 var=  0.0000 fitness= 79.0000 age=0
-->8--
         12      24 
      1      21       4
     16       6      10 
  3      23      14      18
 17       5      22       2
     15       9      13 
     11      20       7
         19       8 
--8<--
found: sum= 78.0000 var=  0.0000 fitness= 78.0000 age=0
-->8--
         11       5 
     12       1      19
     17      22      23 
  6      15       8      14
 20      16      10       2
      4       7      21 
     18      24      13
          9       3 
--8<--
found: sum= 76.0000 var=  0.0000 fitness= 76.0000 age=0
-->8--
         12      18 
     20      11       5
      9      23      17 
 16       1       2      14
 19       7      22      15
     24      21       6 
      3      13       4
          8      10 
--8<--
found: sum= 73.0000 var=  0.0000 fitness= 73.0000 age=0
-->8--
         21      11 
     13      17       8
      7       6      12 
  4       9      19      23
 20      15       2      16
     18      22       1 
      5      10      14
          3      24 
--8<--
found: sum= 74.0000 var=  0.0000 fitness= 74.0000 age=0
-->8--
          6      12 
     23       8      14
     15       5      16 
  9      17      19       1
  3      10      21      13
     20       2       4 
     11       7      22
         24      18 
--8<--
found: sum= 74.0000 var=  0.0000 fitness= 74.0000 age=0
-->8--
          1      16 
     24      11       8
      5      13      19 
 12      20       7       3
  6      21       4      18
     10       9      23 
     17       2      22
         15      14 
--8<--
found: sum= 76.0000 var=  0.0000 fitness= 76.0000 age=0
-->8--
         19      13 
     11      12      24
     22       4      20 
  2       8       3       6
 18      17      21      16
      9      23      10 
      5       7      14
         15       1 
--8<--
found: sum= 78.0000 var=  0.0000 fitness= 78.0000 age=0
-->8--
         12      23 
     13       9      11
     20      21       8 
  7       3       6       5
 10      22      24      17
     16       2      18 
     15      19      14
          4       1 
--8<--
found: sum= 77.0000 var=  0.0000 fitness= 77.0000 age=0
-->8--
          2       1 
     10       4      21
     14      23      16 
  3      24      12       8
  9       5       6      17
     22       7      18 
     13      11      15
         19      20 
--8<--
found: sum= 74.0000 var=  0.0000 fitness= 74.0000 age=0
-->8--
          2      10 
      8      24       6
     13      20       3 
  5       7      11      12
 21      19      16      15
      9       1      17 
     23       4      14
         18      22 
--8<--
found: sum= 80.0000 var=  0.0000 fitness= 80.0000 age=0
-->8--
         14      13 
      3      24      18
     23       7       2 
 17       9      16       8
  6      15      21      11
     10      12      22 
     20      19       5
          4       1 
--8<--
found: sum= 76.0000 var=  0.0000 fitness= 76.0000 age=0
-->8--
          7       5 
     24       9      23
     11       8      18 
 10      17      13       2
 14       4      22      15
     20      12       6 
      3      16      19
         21       1 
--8<--
found: sum= 74.0000 var=  0.0000 fitness= 74.0000 age=0
-->8--
         16      12 
     21       8      15
     24       2      18 
  7       3      19       4
 11      23      10      14
      6      17       9 
      1       5      13
         22      20 
--8<--
found: sum= 77.0000 var=  0.0000 fitness= 77.0000 age=0
-->8--
          7       6 
     12      13      22
     24       3      23 
 11      18      10      20
  8      14      15       5
      2      17       4 
      9      19       1
         16      21 
--8<--
found: sum= 77.0000 var=  0.0000 fitness= 77.0000 age=0
-->8--
          7       6 
      4      17      10
     11      16      13 
 12      22      15      24
  8       1       2      20
     23      21       3 
      5      18      14
          9      19 
--8<--
found: sum= 79.0000 var=  0.0000 fitness= 79.0000 age=0
-->8--
         23      12 
      3      17       9
     21      10      24 
  8       5       7      13
 14      20      15       4
     11      22      16 
     18       6      19
          2       1 
--8<--
found: sum= 73.0000 var=  0.0000 fitness= 73.0000 age=0
-->8--
         20      11 
     18       9       5
     12      10      16 
  6       4      22       7
 21      13      23       2
     17       1       3 
     19       8      14
         15      24 
--8<--
found: sum= 76.0000 var=  0.0000 fitness= 76.0000 age=0
-->8--
          1       2 
     17      20       6
      3      23      18 
 19      12       7       5
 21      10       9      13
     11      15      24 
     14       4       8
         22      16 
--8<--
found: sum= 76.0000 var=  0.0000 fitness= 76.0000 age=0
-->8--
          7      22 
      1      13       5
     19      12      21 
 10      24       3       4
  6       8      15      17
      9      14      16 
     23       2      18
         20      11 
--8<--
found: sum= 80.0000 var=  0.0000 fitness= 80.0000 age=0
-->8--
         24       4 
      3      19       9
      5      15      20 
  7      14      13      12
 23      10       6      11
     21      22      18 
      8      17       1
          2      16 
--8<--
found: sum= 78.0000 var=  0.0000 fitness= 78.0000 age=0
-->8--
         12       6 
     18      24      15
     11       9       8 
 14       4      16       5
  7      19      10      17
     23      20      22 
     13       2      21
          1       3 
--8<--
found: sum= 73.0000 var=  0.0000 fitness= 73.0000 age=0
-->8--
         23      17 
     19      10      11
      1       8      21 
 14      12       6       4
 20      24       5      15
      2      18      22 
     13       9      16
          7       3 
--8<--
found: sum= 78.0000 var=  0.0000 fitness= 78.0000 age=0
-->8--
          2       6 
     10      11      18
     14      19      20 
 13      22       4      23
 16       1      15       7
     12      17       9 
     21      24       5
          3       8 
--8<--
found: sum= 79.0000 var=  0.0000 fitness= 79.0000 age=0
-->8--
         21      16 
      1      24       8
     23       6       7 
 11       4      18       2
 15       9      20      13
     17      22      19 
     14       5      10
         12       3 
--8<--
found: sum= 79.0000 var=  0.0000 fitness= 79.0000 age=0
-->8--
         12      14 
      2      24       6
     20       3      19 
  4      18      13       5
 22       7      17      10
      8      21      15 
     23       9      16
         11       1 
--8<--
found: sum= 76.0000 var=  0.0000 fitness= 76.0000 age=0
-->8--
         14       4 
     19      16      13
      7      17      11 
 10       3      15       1
 21      12      20      24
     23       9       5 
      6      18      22
          8       2 
--8<--
found: sum= 75.0000 var=  0.0000 fitness= 75.0000 age=0
-->8--
          3      12 
      8       5       7
     22      23      18 
  4      14      10      19
 17       2       6       9
     16      20      13 
     15       1      24
         21      11 
--8<--
found: sum= 80.0000 var=  0.0000 fitness= 80.0000 age=0
-->8--
         13      10 
      1      22      11
     24       2      16 
  4      18      19       9
 12       5      21       8
     17      15       7 
     23      14      20
          6       3 
--8<--
found: sum= 76.0000 var=  0.0000 fitness= 76.0000 age=0
-->8--
         15       2 
      6       3      11
     13      17      23 
  7      22      20      12
 10       5       4      16
     19       8       1 
     14      21      24
          9      18 
--8<--
found: sum= 75.0000 var=  0.0000 fitness= 75.0000 age=0
-->8--
          2      15 
     20      21       6
      5      23       1 
 19       4       9      13
  7      24      12      18
     16       3      22 
      8      10      11
         14      17 
--8<--
found: sum= 73.0000 var=  0.0000 fitness= 73.0000 age=0
-->8--
         24       9 
      1      18      10
      5       2      19 
  4      23      15       8
 17      11      16      12
     13       6       3 
     22       7      21
         14      20 
--8<--
found: sum= 78.0000 var=  0.0000 fitness= 78.0000 age=0
-->8--
          7       3 
     19       1      12
     22      21      23 
  9       8      18      13
 10       5       6      14
     24      20       4 
      2      16      15
         11      17 
--8<--
found: sum= 78.0000 var=  0.0000 fitness= 78.0000 age=0
-->8--
          1      22 
     11       7       4
     24      12      19 
  2      23      14      13
  5       3       6      16
     21      20      10 
     17       9      15
          8      18 
--8<--
found: sum= 74.0000 var=  0.0000 fitness= 74.0000 age=0
-->8--
          6      23 
     15      17       3
     14      20       7 
  5       2       4      24
 19      21       9      22
     13      18       8 
     10      11      12
          1      16 
--8<--
found: sum= 78.0000 var=  0.0000 fitness= 78.0000 age=0
-->8--
         23       6 
     14      18      22
     16       5       7 
  9       2      20       4
 11      19      24      10
     21       8      13 
      3      15      17
         12       1 
--8<--
found: sum= 77.0000 var=  0.0000 fitness= 77.0000 age=0
-->8--
          5      11 
      7       8       9
     18      17      12 
  4      22      20      10
  6       3      14      19
     24       1       2 
     15      21      23
         13      16 
--8<--
found: sum= 74.0000 var=  0.0000 fitness= 74.0000 age=0
-->8--
          1      15 
      2       5      16
     20      24      10 
 13      22       4      14
  3       7      11      17
      9       6      18 
     23       8      19
         21      12 
--8<--
found: sum= 75.0000 var=  0.0000 fitness= 75.0000 age=0
-->8--
          8      15 
     22      16      18
     23       1      13 
 20       5      12      21
  3      14      19       4
     10      24       6 
      9       7       2
         11      17 
--8<--
found: sum= 74.0000 var=  0.0000 fitness= 74.0000 age=0
-->8--
         24      23 
      7       9       5
     17      14       4 
 20       3      19      15
 11       1      16      12
     22      21       8 
     18      10      13
          2       6 
--8<--
found: sum= 74.0000 var=  0.0000 fitness= 74.0000 age=0
-->8--
         12      11 
     19       4      24
      1      20       7 
 22      18       8       9
  3      16      10      17
     14       2      23 
     15      21       5
          6      13 
--8<--
found: sum= 78.0000 var=  0.0000 fitness= 78.0000 age=0
-->8--
          1       2 
     17       3      23
     21      14      24 
  6      22      12      18
  5      15       7       4
      9       8      13 
     10      20      11
         16      19 
--8<--
found: sum= 71.0000 var=  0.0000 fitness= 71.0000 age=0
-->8--
         22      15 
     16       9      14
      2       4      17 
  1      18      12       8
 21      10       7      24
     19      20       3 
     11       5      23
          6      13 
--8<--
found: sum= 79.0000 var=  0.0000 fitness= 79.0000 age=0
-->8--
          1      12 
     18      11      10
     22      21      23 
  3       6       2       7
 24      20      17      14
      4      13      16 
      8      19       9
         15       5 
--8<--
found: sum= 79.0000 var=  0.0000 fitness= 79.0000 age=0
-->8--
          9       7 
      2      22      11
     16      18      20 
 19      12       1      23
 14       3      24       6
     15      21       5 
     10      17       4
         13       8 
--8<--
found: sum= 76.0000 var=  0.0000 fitness= 76.0000 age=0
-->8--
         21       2 
      7       8      10
     22      17      20 
 18       1      19       3
 15      14       9      12
      6      16      13 
     24      11       4
          5      23 
--8<--
found: sum= 73.0000 var=  0.0000 fitness= 73.0000 age=0
-->8--
          7      12 
     22      10      24
     21       4       5 
  1       9      18      17
 11      16      23       2
     15       3       8 
     19       6      13
         14      20 
--8<--
found: sum= 77.0000 var=  0.0000 fitness= 77.0000 age=0
-->8--
          8      21 
      7      24       6
     19       1       5 
 13      18      20       3
  2       9      17      22
     16      12      10 
     15      11      23
         14       4 
--8<--
found: sum= 76.0000 var=  0.0000 fitness= 76.0000 age=0
-->8--
         19      23 
      3      15      14
     13       5      18 
  6      21       1       9
 11      17      20      24
      8      12       4 
     10      22       2
          7      16 
--8<--
found: sum= 78.0000 var=  0.0000 fitness= 78.0000 age=0
-->8--
         10      20 
      9      15       5
      8      12      23 
  7      24       3      11
 16      19       6      13
      4      14      22 
     21      18      17
          2       1 
--8<--
found: sum= 76.0000 var=  0.0000 fitness= 76.0000 age=0
-->8--
          3      20 
     17      21      19
      7       4       1 
 14      24      11      22
  5      16       9      15
     10      12      18 
     13      23       6
          2       8 
--8<--
found: sum= 71.0000 var=  0.0000 fitness= 71.0000 age=0
-->8--
          1       5 
     20       2      16
      3      24      15 
 22      21       9      18
  8       7       6      11
     10       4      12 
     23      13      17
         14      19 
--8<--
found: sum= 81.0000 var=  0.0000 fitness= 81.0000 age=0
-->8--
         10       9 
      5      24       7
     20      16      21 
 13       6       4       3
  8      22      19      23
     12      14      11 
     15      17       2
          1      18 
--8<--
found: sum= 73.0000 var=  0.0000 fitness= 73.0000 age=0
-->8--
         16       4 
     20      10      14
      2      22      17 
  5       3       6       9
 24      18      23      11
     21       1       7 
     12       8      19
         13      15 
--8<--
found: sum= 76.0000 var=  0.0000 fitness= 76.0000 age=0
-->8--
         15       3 
      9      24      21
     10       7       4 
 13      11      17      19
 16       6      23       5
     20      12       8 
     22      14       1
          2      18 
--8<--
found: sum= 80.0000 var=  0.0000 fitness= 80.0000 age=0
-->8--
          3       7 
      4      23      17
     20       6      13 
  8      24      14      15
  2       5      19      18
     21      12       1 
     11      22      16
          9      10 
--8<--
found: sum= 74.0000 var=  0.0000 fitness= 74.0000 age=0
-->8--
          7       5 
      3       9      13
     24      16      17 
 11      15      14      19
  4       8       1      21
     12      20       2 
     18       6      22
         10      23 
--8<--
found: sum= 75.0000 var=  0.0000 fitness= 75.0000 age=0
-->8--
         19       2 
     12      20      24
      6       3      22 
 14      15       4      11
 16      23      13       7
      1      17      18 
      5       8       9
         21      10 
--8<--
found: sum= 79.0000 var=  0.0000 fitness= 79.0000 age=0
-->8--
          1       3 
     20      15       5
      6      23      24 
  7      14       9      13
 22      18       4       8
     12      11      21 
      2      17      10
         19      16 
--8<--
found: sum= 80.0000 var=  0.0000 fitness= 80.0000 age=0
-->8--
          1       6 
     11      19       4
     17      23      18 
 14       9      10       2
 12      13      22      21
     15       3       7 
     20      24      16
          5       8 
--8<--
found: sum= 79.0000 var=  0.0000 fitness= 79.0000 age=0
-->8--
          9       7 
     20      13      17
     24       1      19 
 11      12      22       5
 14       3      23       2
     15      18       8 
     21      16      10
          6       4 
--8<--
found: sum= 75.0000 var=  0.0000 fitness= 75.0000 age=0
-->8--
         13       3 
     23       9      19
     16      12       8 
 14       2      24      11
 18      10       6       4
     15      21      22 
     17       5      20
          7       1 
--8<--
found: sum= 73.0000 var=  0.0000 fitness= 73.0000 age=0
-->8--
          1      23 
     20       2      18
     22      11       4 
  9      17      15      13
 14       6      21      12
      5       3       8 
     16      24      10
         19       7 
--8<--
found: sum= 81.0000 var=  0.0000 fitness= 81.0000 age=0
-->8--
          2       5 
      1      24      20
     23      22       7 
 10       9       3      15
  4      19      17      18
     16      11      21 
     13      14      12
          8       6 
--8<--
found: sum= 80.0000 var=  0.0000 fitness= 80.0000 age=0
-->8--
          3      15 
      4      23      10
     20       8       6 
 12      22      18       7
  5       2      14      24
     19      16      11 
      9      21      17
         13       1 
--8<--
found: sum= 78.0000 var=  0.0000 fitness= 78.0000 age=0
-->8--
         19      13 
      1      23      16
     22       2       7 
  5      11      17      10
 15      21      24       6
      4       3      14 
     18      20       8
         12       9 
--8<--
found: sum= 77.0000 var=  0.0000 fitness= 77.0000 age=0
-->8--
          1       3 
     23      17      24
      7      10      21 
 16      19       2      11
  6      20      22       8
      9       4      13 
     14      18      15
         12       5 
--8<--
found: sum= 72.0000 var=  0.0000 fitness= 72.0000 age=0
-->8--
         19       3 
     24       6      21
     14       5      17 
  7       4      20      12
 22      23       9       1
      2      11      13 
     18       8      16
         10      15 
--8<--
found: sum= 75.0000 var=  0.0000 fitness= 75.0000 age=0
-->8--
          7      15 
     14      11       4
      8      17      22 
 12      18       6      23
 20      16       5      10
      1      13       9 
      2      24       3
         19      21 
--8<--
found: sum= 83.0000 var=  0.0000 fitness= 83.0000 age=0
-->8--
          2       5 
      7      18       9
     21      11      23 
 10      24      17       6
  3      13      14       1
     12       4      22 
     15      19       8
         20      16 
--8<--
found: sum= 76.0000 var=  0.0000 fitness= 76.0000 age=0
-->8--
          9       1 
     17       4       7
      5      23      21 
 15      18      20      13
 11       3       2       6
     24      10      14 
      8      12      22
         19      16 
--8<--
found: sum= 75.0000 var=  0.0000 fitness= 75.0000 age=0
-->8--
         11      23 
     24      10       8
      5       9       6 
  2      16      19       3
 17      15       4      22
     20      12      21 
      1      13       7
         14      18 
--8<--
found: sum= 81.0000 var=  0.0000 fitness= 81.0000 age=0
-->8--
          9       5 
     10      24      12
     23       4      17 
  2      11      19       8
  3      22      18      13
     20       7       6 
     16      15      14
          1      21 
--8<--
found: sum= 77.0000 var=  0.0000 fitness= 77.0000 age=0
-->8--
          8      15 
      1      24      17
     22       3       4 
  7      19      14      20
  5      11      21       6
     13       9      12 
     18      10      23
         16       2 
--8<--
found: sum= 79.0000 var=  0.0000 fitness= 79.0000 age=0
-->8--
         10      13 
      1      17      14
     24       4      12 
  7      23      19      18
  6       8       5       3
     11      20      22 
     16       9      21
         15       2 
--8<--
found: sum= 74.0000 var=  0.0000 fitness= 74.0000 age=0
-->8--
          7      13 
      9      15      14
      2      21       8 
  1      20       3      18
 22       6      19      16
     23       5      10 
      4      12      11
         24      17 
--8<--
found: sum= 78.0000 var=  0.0000 fitness= 78.0000 age=0
-->8--
          8      19 
      5      23       2
     12       9      24 
 15      21       1      11
 13       7      22      16
     10      18       4 
     20      17      14
          6       3 
--8<--
found: sum= 79.0000 var=  0.0000 fitness= 79.0000 age=0
-->8--
         19      17 
      3       2       6
     22      23      24 
 11      10       7      15
  5      18      12       1
     13       9      20 
     21      14       8
          4      16 
--8<--
found: sum= 79.0000 var=  0.0000 fitness= 79.0000 age=0
-->8--
          8      18 
     11      15       1
      9      22       3 
 19      14      20      10
 12       4      17       5
     21       2      24 
     13      23       6
         16       7 
--8<--
found: sum= 78.0000 var=  0.0000 fitness= 78.0000 age=0
-->8--
         12       9 
      1      21      18
     20       5       3 
  4      19      22       2
 11       8      14      13
     16      10      24 
     23       6      17
         15       7 
--8<--
found: sum= 76.0000 var=  0.0000 fitness= 76.0000 age=0
-->8--
          8       3 
     15      16      19
      6      13       4 
 24      18      21       9
 10       7       5      17
     11      12      20 
      1      23       2
         22      14 
--8<--
found: sum= 78.0000 var=  0.0000 fitness= 78.0000 age=0
-->8--
         12       7 
      5      10      15
     20      14      23 
  1      17       9       6
 13      11       3      18
     16      24      19 
      4       2      22
         21       8 
--8<--
found: sum= 75.0000 var=  0.0000 fitness= 75.0000 age=0
-->8--
          2      15 
     20      21       6
      5      23       1 
 19       4       9      13
  7      24      12      18
     16       3      22 
      8      10      11
         14      17 
--8<--
found: sum= 76.0000 var=  0.0000 fitness= 76.0000 age=0
-->8--
          3       8 
     10      23      21
     12       6       4 
  2      22      14       1
 17       7      18      19
     16       9      20 
     15       5      11
         24      13 
--8<--
execution time: real 1.754887s user 0.210967s sys 0.000999s
GA: P=1024 K=512 sp=2 xover=2D/1 aging
generation #2: pop m= 76.730 v=0.201 f= 74.674
best: found: sum= 83.0000 var=  0.0000 fitness= 83.0000 age=1
-->8--
          2       5 
      7      18       9
     21      11      23 
 10      24      17       6
  3      13      14       1
     12       4      22 
     15      19       8
         20      16 
--8<--
found: sum= 74.0000 var=  0.0000 fitness= 74.0000 age=2
-->8--
          1      15 
      2       5      16
     20      24      10 
 13      22       4      14
  3       7      11      17
      9       6      18 
     23       8      19
         21      12 
--8<--
found: sum= 76.0000 var=  0.0000 fitness= 76.0000 age=2
-->8--
         24       3 
      2      23      15
      4       7      17 
 14      16      11       9
  1      19      13      20
     22      10       6 
     12       8      21
          5      18 
--8<--
found: sum= 77.0000 var=  0.0000 fitness= 77.0000 age=2
-->8--
          2       1 
     10       4      21
     14      23      16 
  3      24      12       8
  9       5       6      17
     22       7      18 
     13      11      15
         19      20 
--8<--
found: sum= 77.0000 var=  0.0000 fitness= 77.0000 age=2
-->8--
          7       6 
     12      13      22
     24       3      23 
 11      18      10      20
  8      14      15       5
      2      17       4 
      9      19       1
         16      21 
--8<--
found: sum= 76.0000 var=  0.0000 fitness= 76.0000 age=1
-->8--
          9       1 
     17       4       7
      5      23      21 
 15      18      20      13
 11       3       2       6
     24      10      14 
      8      12      22
         19      16 
--8<--
found: sum= 79.0000 var=  0.0000 fitness= 79.0000 age=1
-->8--
          1       3 
     20      15       5
      6      23      24 
  7      14       9      13
 22      18       4       8
     12      11      21 
      2      17      10
         19      16 
--8<--
found: sum= 76.0000 var=  0.0000 fitness= 76.0000 age=2
-->8--
         15       2 
      6       3      11
     13      17      23 
  7      22      20      12
 10       5       4      16
     19       8       1 
     14      21      24
          9      18 
--8<--
found: sum= 81.0000 var=  0.0000 fitness= 81.0000 age=1
-->8--
          2       5 
      1      24      20
     23      22       7 
 10       9       3      15
  4      19      17      18
     16      11      21 
     13      14      12
          8       6 
--8<--
found: sum= 78.0000 var=  0.0000 fitness= 78.0000 age=2
-->8--
          2       6 
     10      11      18
     14      19      20 
 13      22       4      23
 16       1      15       7
     12      17       9 
     21      24       5
          3       8 
--8<--
found: sum= 78.0000 var=  0.0000 fitness= 78.0000 age=1
-->8--
         12       9 
      1      21      18
     20       5       3 
  4      19      22       2
 11       8      14      13
     16      10      24 
     23       6      17
         15       7 
--8<--
found: sum= 73.0000 var=  0.0000 fitness= 73.0000 age=2
-->8--
         21      11 
     13      17       8
      7       6      12 
  4       9      19      23
 20      15       2      16
     18      22       1 
      5      10      14
          3      24 
--8<--
found: sum= 81.0000 var=  0.0000 fitness= 81.0000 age=1
-->8--
          9       5 
     10      24      12
     23       4      17 
  2      11      19       8
  3      22      18      13
     20       7       6 
     16      15      14
          1      21 
--8<--
found: sum= 77.0000 var=  0.0000 fitness= 77.0000 age=1
-->8--
          8      15 
      1      24      17
     22       3       4 
  7      19      14      20
  5      11      21       6
     13       9      12 
     18      10      23
         16       2 
--8<--
found: sum= 78.0000 var=  0.0000 fitness= 78.0000 age=2
-->8--
         10      20 
      9      15       5
      8      12      23 
  7      24       3      11
 16      19       6      13
      4      14      22 
     21      18      17
          2       1 
--8<--
found: sum= 75.0000 var=  0.0000 fitness= 75.0000 age=2
-->8--
          4       8 
     11       5      10
     13      22      16 
 12      20      14      17
  6       9       3      23
     15       7       2 
     19      24      18
          1      21 
--8<--
found: sum= 78.0000 var=  0.0000 fitness= 78.0000 age=1
-->8--
          8      19 
      5      23       2
     12       9      24 
 15      21       1      11
 13       7      22      16
     10      18       4 
     20      17      14
          6       3 
--8<--
found: sum= 78.0000 var=  0.0000 fitness= 78.0000 age=2
-->8--
          1      22 
     11       7       4
     24      12      19 
  2      23      14      13
  5       3       6      16
     21      20      10 
     17       9      15
          8      18 
--8<--
found: sum= 75.0000 var=  0.0000 fitness= 75.0000 age=2
-->8--
          8      15 
     22      16      18
     23       1      13 
 20       5      12      21
  3      14      19       4
     10      24       6 
      9       7       2
         11      17 
--8<--
found: sum= 80.0000 var=  0.0000 fitness= 80.0000 age=2
-->8--
         13      10 
      1      22      11
     24       2      16 
  4      18      19       9
 12       5      21       8
     17      15       7 
     23      14      20
          6       3 
--8<--
found: sum= 79.0000 var=  0.0000 fitness= 79.0000 age=2
-->8--
         23      12 
      3      17       9
     21      10      24 
  8       5       7      13
 14      20      15       4
     11      22      16 
     18       6      19
          2       1 
--8<--
found: sum= 77.0000 var=  0.0000 fitness= 77.0000 age=2
-->8--
          7       6 
      4      17      10
     11      16      13 
 12      22      15      24
  8       1       2      20
     23      21       3 
      5      18      14
          9      19 
--8<--
found: sum= 74.0000 var=  0.0000 fitness= 74.0000 age=2
-->8--
          6      12 
     23       8      14
     15       5      16 
  9      17      19       1
  3      10      21      13
     20       2       4 
     11       7      22
         24      18 
--8<--
found: sum= 78.0000 var=  0.0000 fitness= 78.0000 age=2
-->8--
         12       6 
     18      24      15
     11       9       8 
 14       4      16       5
  7      19      10      17
     23      20      22 
     13       2      21
          1       3 
--8<--
found: sum= 75.0000 var=  0.0000 fitness= 75.0000 age=1
-->8--
          2      15 
     20      21       6
      5      23       1 
 19       4       9      13
  7      24      12      18
     16       3      22 
      8      10      11
         14      17 
--8<--
found: sum= 79.0000 var=  0.0000 fitness= 79.0000 age=2
-->8--
         12      24 
      1      21       4
     16       6      10 
  3      23      14      18
 17       5      22       2
     15       9      13 
     11      20       7
         19       8 
--8<--
found: sum= 78.0000 var=  0.0000 fitness= 78.0000 age=1
-->8--
         19      13 
      1      23      16
     22       2       7 
  5      11      17      10
 15      21      24       6
      4       3      14 
     18      20       8
         12       9 
--8<--
found: sum= 78.0000 var=  0.0000 fitness= 78.0000 age=2
-->8--
          1       2 
     17       3      23
     21      14      24 
  6      22      12      18
  5      15       7       4
      9       8      13 
     10      20      11
         16      19 
--8<--
found: sum= 76.0000 var=  0.0000 fitness= 76.0000 age=1
-->8--
          3       8 
     10      23      21
     12       6       4 
  2      22      14       1
 17       7      18      19
     16       9      20 
     15       5      11
         24      13 
--8<--
found: sum= 75.0000 var=  0.0000 fitness= 75.0000 age=1
-->8--
          7      15 
     14      11       4
      8      17      22 
 12      18       6      23
 20      16       5      10
      1      13       9 
      2      24       3
         19      21 
--8<--
found: sum= 81.0000 var=  0.0000 fitness= 81.0000 age=2
-->8--
         10       9 
      5      24       7
     20      16      21 
 13       6       4       3
  8      22      19      23
     12      14      11 
     15      17       2
          1      18 
--8<--
found: sum= 79.0000 var=  0.0000 fitness= 79.0000 age=1
-->8--
          9       7 
     20      13      17
     24       1      19 
 11      12      22       5
 14       3      23       2
     15      18       8 
     21      16      10
          6       4 
--8<--
found: sum= 72.0000 var=  0.0000 fitness= 72.0000 age=1
-->8--
         19       3 
     24       6      21
     14       5      17 
  7       4      20      12
 22      23       9       1
      2      11      13 
     18       8      16
         10      15 
--8<--
found: sum= 73.0000 var=  0.0000 fitness= 73.0000 age=2
-->8--
         24       9 
      1      18      10
      5       2      19 
  4      23      15       8
 17      11      16      12
     13       6       3 
     22       7      21
         14      20 
--8<--
found: sum= 78.0000 var=  0.0000 fitness= 78.0000 age=2
-->8--
         12      23 
     13       9      11
     20      21       8 
  7       3       6       5
 10      22      24      17
     16       2      18 
     15      19      14
          4       1 
--8<--
found: sum= 74.0000 var=  0.0000 fitness= 74.0000 age=1
-->8--
          7      13 
      9      15      14
      2      21       8 
  1      20       3      18
 22       6      19      16
     23       5      10 
      4      12      11
         24      17 
--8<--
found: sum= 76.0000 var=  0.0000 fitness= 76.0000 age=2
-->8--
         17      18 
      3      20       2
     10      15       8 
 19      11      13      24
  6       9      16       1
     21      12      14 
     23       7      22
          4       5 
--8<--
found: sum= 76.0000 var=  0.0000 fitness= 76.0000 age=1
-->8--
          8       3 
     15      16      19
      6      13       4 
 24      18      21       9
 10       7       5      17
     11      12      20 
      1      23       2
         22      14 
--8<--
found: sum= 73.0000 var=  0.0000 fitness= 73.0000 age=1
-->8--
          1      23 
     20       2      18
     22      11       4 
  9      17      15      13
 14       6      21      12
      5       3       8 
     16      24      10
         19       7 
--8<--
found: sum= 76.0000 var=  0.0000 fitness= 76.0000 age=2
-->8--
          7      22 
      1      13       5
     19      12      21 
 10      24       3       4
  6       8      15      17
      9      14      16 
     23       2      18
         20      11 
--8<--
found: sum= 73.0000 var=  0.0000 fitness= 73.0000 age=2
-->8--
         16       4 
     20      10      14
      2      22      17 
  5       3       6       9
 24      18      23      11
     21       1       7 
     12       8      19
         13      15 
--8<--
found: sum= 78.0000 var=  0.0000 fitness= 78.0000 age=2
-->8--
         23       6 
     14      18      22
     16       5       7 
  9       2      20       4
 11      19      24      10
     21       8      13 
      3      15      17
         12       1 
--8<--
found: sum= 75.0000 var=  0.0000 fitness= 75.0000 age=2
-->8--
          2      15 
     20      21       6
      5      23       1 
 19       4       9      13
  7      24      12      18
     16       3      22 
      8      10      11
         14      17 
--8<--
found: sum= 74.0000 var=  0.0000 fitness= 74.0000 age=2
-->8--
          6      23 
     15      17       3
     14      20       7 
  5       2       4      24
 19      21       9      22
     13      18       8 
     10      11      12
          1      16 
--8<--
found: sum= 74.0000 var=  0.0000 fitness= 74.0000 age=2
-->8--
          2      10 
      8      24       6
     13      20       3 
  5       7      11      12
 21      19      16      15
      9       1      17 
     23       4      14
         18      22 
--8<--
found: sum= 75.0000 var=  0.0000 fitness= 75.0000 age=1
-->8--
         19       2 
     12      20      24
      6       3      22 
 14      15       4      11
 16      23      13       7
      1      17      18 
      5       8       9
         21      10 
--8<--
found: sum= 79.0000 var=  0.0000 fitness= 79.0000 age=1
-->8--
          8      18 
     11      15       1
      9      22       3 
 19      14      20      10
 12       4      17       5
     21       2      24 
     13      23       6
         16       7 
--8<--
found: sum= 78.0000 var=  0.0000 fitness= 78.0000 age=2
-->8--
          7       3 
     19       1      12
     22      21      23 
  9       8      18      13
 10       5       6      14
     24      20       4 
      2      16      15
         11      17 
--8<--
found: sum= 80.0000 var=  0.0000 fitness= 80.0000 age=1
-->8--
          3       7 
      4      23      17
     20       6      13 
  8      24      14      15
  2       5      19      18
     21      12       1 
     11      22      16
          9      10 
--8<--
found: sum= 76.0000 var=  0.0000 fitness= 76.0000 age=1
-->8--
         15       3 
      9      24      21
     10       7       4 
 13      11      17      19
 16       6      23       5
     20      12       8 
     22      14       1
          2      18 
--8<--
found: sum= 74.0000 var=  0.0000 fitness= 74.0000 age=2
-->8--
         12      11 
     19       4      24
      1      20       7 
 22      18       8       9
  3      16      10      17
     14       2      23 
     15      21       5
          6      13 
--8<--
found: sum= 71.0000 var=  0.0000 fitness= 71.0000 age=2
-->8--
          1       5 
     20       2      16
      3      24      15 
 22      21       9      18
  8       7       6      11
     10       4      12 
     23      13      17
         14      19 
--8<--
found: sum= 74.0000 var=  0.0000 fitness= 74.0000 age=1
-->8--
          7       5 
      3       9      13
     24      16      17 
 11      15      14      19
  4       8       1      21
     12      20       2 
     18       6      22
         10      23 
--8<--
found: sum= 77.0000 var=  0.0000 fitness= 77.0000 age=1
-->8--
          1       3 
     23      17      24
      7      10      21 
 16      19       2      11
  6      20      22       8
      9       4      13 
     14      18      15
         12       5 
--8<--
found: sum= 73.0000 var=  0.0000 fitness= 73.0000 age=2
-->8--
          7      12 
     22      10      24
     21       4       5 
  1       9      18      17
 11      16      23       2
     15       3       8 
     19       6      13
         14      20 
--8<--
found: sum= 77.0000 var=  0.0000 fitness= 77.0000 age=2
-->8--
          5      11 
      7       8       9
     18      17      12 
  4      22      20      10
  6       3      14      19
     24       1       2 
     15      21      23
         13      16 
--8<--
found: sum= 73.0000 var=  0.0000 fitness= 73.0000 age=2
-->8--
         23      17 
     19      10      11
      1       8      21 
 14      12       6       4
 20      24       5      15
      2      18      22 
     13       9      16
          7       3 
--8<--
found: sum= 80.0000 var=  0.0000 fitness= 80.0000 age=2
-->8--
         14      13 
      3      24      18
     23       7       2 
 17       9      16       8
  6      15      21      11
     10      12      22 
     20      19       5
          4       1 
--8<--
found: sum= 76.0000 var=  0.0000 fitness= 76.0000 age=2
-->8--
         12      18 
     20      11       5
      9      23      17 
 16       1       2      14
 19       7      22      15
     24      21       6 
      3      13       4
          8      10 
--8<--
found: sum= 74.0000 var=  0.0000 fitness= 74.0000 age=2
-->8--
         16      12 
     21       8      15
     24       2      18 
  7       3      19       4
 11      23      10      14
      6      17       9 
      1       5      13
         22      20 
--8<--
found: sum= 78.0000 var=  0.0000 fitness= 78.0000 age=2
-->8--
         11       5 
     12       1      19
     17      22      23 
  6      15       8      14
 20      16      10       2
      4       7      21 
     18      24      13
          9       3 
--8<--
found: sum= 76.0000 var=  0.0000 fitness= 76.0000 age=2
-->8--
          3      20 
     17      21      19
      7       4       1 
 14      24      11      22
  5      16       9      15
     10      12      18 
     13      23       6
          2       8 
--8<--
found: sum= 79.0000 var=  0.0000 fitness= 79.0000 age=2
-->8--
          1      12 
     18      11      10
     22      21      23 
  3       6       2       7
 24      20      17      14
      4      13      16 
      8      19       9
         15       5 
--8<--
found: sum= 76.0000 var=  0.0000 fitness= 76.0000 age=2
-->8--
         14       4 
     19      16      13
      7      17      11 
 10       3      15       1
 21      12      20      24
     23       9       5 
      6      18      22
          8       2 
--8<--
found: sum= 74.0000 var=  0.0000 fitness= 74.0000 age=2
-->8--
          1      16 
     24      11       8
      5      13      19 
 12      20       7       3
  6      21       4      18
     10       9      23 
     17       2      22
         15      14 
--8<--
found: sum= 75.0000 var=  0.0000 fitness= 75.0000 age=1
-->8--
         13       3 
     23       9      19
     16      12       8 
 14       2      24      11
 18      10       6       4
     15      21      22 
     17       5      20
          7       1 
--8<--
found: sum= 76.0000 var=  0.0000 fitness= 76.0000 age=2
-->8--
          7       5 
     24       9      23
     11       8      18 
 10      17      13       2
 14       4      22      15
     20      12       6 
      3      16      19
         21       1 
--8<--
found: sum= 80.0000 var=  0.0000 fitness= 80.0000 age=1
-->8--
          1       6 
     11      19       4
     17      23      18 
 14       9      10       2
 12      13      22      21
     15       3       7 
     20      24      16
          5       8 
--8<--
found: sum= 76.0000 var=  0.0000 fitness= 76.0000 age=2
-->8--
         21       2 
      7       8      10
     22      17      20 
 18       1      19       3
 15      14       9      12
      6      16      13 
     24      11       4
          5      23 
--8<--
found: sum= 75.0000 var=  0.0000 fitness= 75.0000 age=1
-->8--
         11      23 
     24      10       8
      5       9       6 
  2      16      19       3
 17      15       4      22
     20      12      21 
      1      13       7
         14      18 
--8<--
found: sum= 76.0000 var=  0.0000 fitness= 76.0000 age=2
-->8--
         19      23 
      3      15      14
     13       5      18 
  6      21       1       9
 11      17      20      24
      8      12       4 
     10      22       2
          7      16 
--8<--
found: sum= 76.0000 var=  0.0000 fitness= 76.0000 age=2
-->8--
          1       2 
     17      20       6
      3      23      18 
 19      12       7       5
 21      10       9      13
     11      15      24 
     14       4       8
         22      16 
--8<--
found: sum= 75.0000 var=  0.0000 fitness= 75.0000 age=2
-->8--
          3      12 
      8       5       7
     22      23      18 
  4      14      10      19
 17       2       6       9
     16      20      13 
     15       1      24
         21      11 
--8<--
found: sum= 76.0000 var=  0.0000 fitness= 76.0000 age=2
-->8--
         19      13 
     11      12      24
     22       4      20 
  2       8       3       6
 18      17      21      16
      9      23      10 
      5       7      14
         15       1 
--8<--
found: sum= 73.0000 var=  0.0000 fitness= 73.0000 age=2
-->8--
         20      11 
     18       9       5
     12      10      16 
  6       4      22       7
 21      13      23       2
     17       1       3 
     19       8      14
         15      24 
--8<--
found: sum= 79.0000 var=  0.0000 fitness= 79.0000 age=1
-->8--
         19      17 
      3       2       6
     22      23      24 
 11      10       7      15
  5      18      12       1
     13       9      20 
     21      14       8
          4      16 
--8<--
found: sum= 79.0000 var=  0.0000 fitness= 79.0000 age=2
-->8--
         21      16 
      1      24       8
     23       6       7 
 11       4      18       2
 15       9      20      13
     17      22      19 
     14       5      10
         12       3 
--8<--
found: sum= 74.0000 var=  0.0000 fitness= 74.0000 age=2
-->8--
         24      23 
      7       9       5
     17      14       4 
 20       3      19      15
 11       1      16      12
     22      21       8 
     18      10      13
          2       6 
--8<--
found: sum= 78.0000 var=  0.0000 fitness= 78.0000 age=1
-->8--
         12       7 
      5      10      15
     20      14      23 
  1      17       9       6
 13      11       3      18
     16      24      19 
      4       2      22
         21       8 
--8<--
found: sum= 79.0000 var=  0.0000 fitness= 79.0000 age=1
-->8--
         10      13 
      1      17      14
     24       4      12 
  7      23      19      18
  6       8       5       3
     11      20      22 
     16       9      21
         15       2 
--8<--
found: sum= 77.0000 var=  0.0000 fitness= 77.0000 age=2
-->8--
          8      21 
      7      24       6
     19       1       5 
 13      18      20       3
  2       9      17      22
     16      12      10 
     15      11      23
         14       4 
--8<--
found: sum= 80.0000 var=  0.0000 fitness= 80.0000 age=1
-->8--
          3      15 
      4      23      10
     20       8       6 
 12      22      18       7
  5       2      14      24
     19      16      11 
      9      21      17
         13       1 
--8<--
found: sum= 79.0000 var=  0.0000 fitness= 79.0000 age=2
-->8--
          9       7 
      2      22      11
     16      18      20 
 19      12       1      23
 14       3      24       6
     15      21       5 
     10      17       4
         13       8 
--8<--
found: sum= 80.0000 var=  0.0000 fitness= 80.0000 age=2
-->8--
         24       4 
      3      19       9
      5      15      20 
  7      14      13      12
 23      10       6      11
     21      22      18 
      8      17       1
          2      16 
--8<--
found: sum= 79.0000 var=  0.0000 fitness= 79.0000 age=2
-->8--
         12      14 
      2      24       6
     20       3      19 
  4      18      13       5
 22       7      17      10
      8      21      15 
     23       9      16
         11       1 
--8<--
found: sum= 71.0000 var=  0.0000 fitness= 71.0000 age=2
-->8--
         22      15 
     16       9      14
      2       4      17 
  1      18      12       8
 21      10       7      24
     19      20       3 
     11       5      23
          6      13 
--8<--
