found: sum= 75.0000 var=  0.0000 fitness= 75.0000
-->8--
         23      22 
      4       9      20
     13       7       5 
  6      19      12      14
 11       2      18      10
     24      17      16 
      3       8       1
         21      15 
--8<--
found: sum= 78.0000 var=  0.0000 fitness= 78.0000
-->8--
         14       8 
     13      23      24
     22       1       3 
  6       5      19      16
  7      20      21      10
     18      12       9 
     11      15      17
          2       4 
--8<--
found: sum= 72.0000 var=  0.0000 fitness= 72.0000
-->8--
         16      24 
     13      17      11
     20       1       7 
 23       5      12      15
  6      14      21       8
      4      19       9 
     22       3      18
         10       2 
--8<--
found: sum= 79.0000 var=  0.0000 fitness= 79.0000
-->8--
          6       1 
     10      22      11
     21      17      15 
 19       3      13      24
  4      18       8      12
     14      20       7 
      2      16      23
          9       5 
--8<--
found: sum= 77.0000 var=  0.0000 fitness= 77.0000
-->8--
          8       1 
      9      18       7
     24      15      22 
 16       3      14      19
  4      17       5      11
     13      23       6 
     12       2      20
         10      21 
--8<--
found: sum= 72.0000 var=  0.0000 fitness= 72.0000
-->8--
         19      24 
      8      13       1
      5       7      15 
 18      20      12      11
 21       6      17      14
      2      10       3 
      9      22       4
         23      16 
--8<--
found: sum= 78.0000 var=  0.0000 fitness= 78.0000
-->8--
         11      12 
      1      19       4
      7      24       2 
 14      16      17      15
 20       3      13       8
     18       5      23 
     22      21      10
          9       6 
--8<--
found: sum= 76.0000 var=  0.0000 fitness= 76.0000
-->8--
         20      15 
      5      24      10
     19       7       8 
 14       1      12      17
  3      16      22      13
     23      18       4 
     11       2      21
          6       9 
--8<--
found: sum= 73.0000 var=  0.0000 fitness= 73.0000
-->8--
         15      20 
      4      24       1
      8      19       2 
 18       3       7      12
 21      17      22      14
      6       5      16 
     23       9      11
         13      10 
--8<--
found: sum= 78.0000 var=  0.0000 fitness= 78.0000
-->8--
          8      20 
      7      19      13
     17       5       3 
 10      22      18       4
  6      11      21       9
     12       1      23 
     24      16       2
         14      15 
--8<--
found: sum= 78.0000 var=  0.0000 fitness= 78.0000
-->8--
         15      12 
      5      20      14
      4      11      13 
  1      23       8       2
 19       9      21      10
     22       6      24 
     18       7      17
         16       3 
--8<--
found: sum= 72.0000 var=  0.0000 fitness= 72.0000
-->8--
         24      16 
     21       3      19
     10       5      15 
 22       9      14       7
  2      23       1      17
      6      20      18 
      4       8      13
         11      12 
--8<--
found: sum= 80.0000 var=  0.0000 fitness= 80.0000
-->8--
         15      21 
     11       2       9
     17      12      16 
  3      23      20       1
  6       7      14      10
     24       4      19 
     18      22      13
          5       8 
--8<--
found: sum= 76.0000 var=  0.0000 fitness= 76.0000
-->8--
         12      14 
      1       2       8
     20      22      23 
 13      19       7      21
  9      10       3      16
      5      15       6 
      4      24      17
         18      11 
--8<--
found: sum= 74.0000 var=  0.0000 fitness= 74.0000
-->8--
         20      15 
     19       3      22
      7       9      11 
 17      16      14      12
  2      24       6      13
      8       5      18 
      4      23      21
         10       1 
--8<--
found: sum= 75.0000 var=  0.0000 fitness= 75.0000
-->8--
          9      14 
     17       1      12
      3      21      22 
 16      24       5       7
  2      11       8      23
     19       6      10 
     15      20      18
          4      13 
--8<--
found: sum= 81.0000 var=  0.0000 fitness= 81.0000
-->8--
         13       1 
      7      15      16
     20      23      22 
  2       3       4      12
 18      17      10      14
     21      24      19 
      6       8      11
          5       9 
--8<--
execution time: real 0.044972s user 0.010998s sys 0.000000s
GA: P=50 K=10 sp=2 xover=2D/1 optrpl=2 optskip=10 optmax=1.142857
generation #39: pop m= 77.211 v= 55.839 f= 52.481 best_age=1
best: found: sum= 81.0000 var=  0.0000 fitness= 81.0000
-->8--
         13       1 
      7      15      16
     20      23      22 
  2       3       4      12
 18      17      10      14
     21      24      19 
      6       8      11
          5       9 
--8<--
found: sum= 80.0000 var=  0.0000 fitness= 80.0000
-->8--
         15      21 
     11       2       9
     17      12      16 
  3      23      20       1
  6       7      14      10
     24       4      19 
     18      22      13
          5       8 
--8<--
found: sum= 76.0000 var=  0.0000 fitness= 76.0000
-->8--
         12      14 
      1       2       8
     20      22      23 
 13      19       7      21
  9      10       3      16
      5      15       6 
      4      24      17
         18      11 
--8<--
