found: sum= 77.0000 var=  0.0000 fitness= 77.0000
-->8--
          3       6 
      5       4      19
     22      23      18 
  1      20       7      15
 10      13       2      14
     11      12      21 
     24       9      16
          8      17 
--8<--
found: sum= 78.0000 var=  0.0000 fitness= 78.0000
-->8--
          3      19 
     22       2       5
     24      11      23 
  7      16      18       6
 12       9       4      13
     10      20      14 
      1      17       8
         21      15 
--8<--
found: sum= 80.0000 var=  0.0000 fitness= 80.0000
-->8--
          3      18 
     20      12      11
     13       8      22 
  2      24       9      10
  6      21       1      15
     14      17      23 
      5      16       4
          7      19 
--8<--
execution time: real 0.076233s user 0.007998s sys 0.001999s
GA: P=50 K=10 sp=2 xover=2D/1 optrpl=2 optskip=10 optmax=1.142857
generation #19: pop m= 76.694 v= 59.970 f= 49.377 best_age=1
best: found: sum= 80.0000 var=  0.0000 fitness= 80.0000
-->8--
          3      18 
     20      12      11
     13       8      22 
  2      24       9      10
  6      21       1      15
     14      17      23 
      5      16       4
          7      19 
--8<--
