found: sum= 79.0000 var=  0.0000 fitness= 79.0000
-->8--
         13       9 
     23       5      11
     12      19      15 
  4       7      20      14
 16      22       8       1
     18       3      21 
     10      24       6
          2      17 
--8<--
found: sum= 76.0000 var=  0.0000 fitness= 76.0000
-->8--
          4       8 
     12      22       1
     16      19      17 
 13       3       9       2
 20      10      24      18
     14      11       6 
     21       5       7
         15      23 
--8<--
found: sum= 76.0000 var=  0.0000 fitness= 76.0000
-->8--
         23      18 
     24      15       5
      6       7      19 
 20       1      12       2
 10      22      13      16
     17      21      14 
      4       9       8
          3      11 
--8<--
found: sum= 75.0000 var=  0.0000 fitness= 75.0000
-->8--
         21      22 
     16      24       8
      1       4       6 
 13       9      11      14
 17      12      19       7
     23      20      18 
      2       3      10
         15       5 
--8<--
found: sum= 77.0000 var=  0.0000 fitness= 77.0000
-->8--
         21      18 
      9       1      19
     20       2      23 
  7      24      14       6
  3      12      10      16
     11      15       8 
     13      22       5
          4      17 
--8<--
found: sum= 75.0000 var=  0.0000 fitness= 75.0000
-->8--
         23      13 
     21       6      16
     10       4      17 
  5      11      19      14
 22      12      20       2
     15       9       3 
      8      24      18
          7       1 
--8<--
found: sum= 76.0000 var=  0.0000 fitness= 76.0000
-->8--
         16      18 
      3      22      19
     21       1       7 
 17      13       9      10
  5       6      23      15
     14      24      12 
      8       4       2
         20      11 
--8<--
found: sum= 76.0000 var=  0.0000 fitness= 76.0000
-->8--
          6       2 
     20      15      23
     13      14      21 
 16       8       1       9
 10      24      12      11
      5      17      22 
      7       4       3
         19      18 
--8<--
found: sum= 78.0000 var=  0.0000 fitness= 78.0000
-->8--
         13       9 
      8      14      15
     23      19      17 
 12       1       4       6
 22      18      20       7
      2      16      24 
     21      10       5
         11       3 
--8<--
found: sum= 80.0000 var=  0.0000 fitness= 80.0000
-->8--
          7       6 
      4       5      18
     19      24      14 
 12      21      13      20
  1      10       9       2
     17       3      22 
     16      23      15
         11       8 
--8<--
found: sum= 79.0000 var=  0.0000 fitness= 79.0000
-->8--
          1       6 
     16      22      10
     14      21       9 
  7       5      11      12
 20      15       4      24
     18      23      19 
      8      13       3
          2      17 
--8<--
found: sum= 80.0000 var=  0.0000 fitness= 80.0000
-->8--
         10       1 
      3      13       2
     16      21      24 
 15      17      19       7
 11      12       6       4
      9       5      20 
     22      18       8
         14      23 
--8<--
found: sum= 77.0000 var=  0.0000 fitness= 77.0000
-->8--
         24      14 
      6      23      11
     21       1      15 
 17       2      13       4
  8      19      20      18
     10      22       7 
      5       9       3
         12      16 
--8<--
found: sum= 76.0000 var=  0.0000 fitness= 76.0000
-->8--
          7       1 
      9       6      18
      8      24      14 
  4      22      13      11
 23       2      12      10
     17       3      16 
     20      19       5
         15      21 
--8<--
found: sum= 74.0000 var=  0.0000 fitness= 74.0000
-->8--
         22      15 
      2      18      17
     24       1      12 
 10       7      11      16
  9      21      14      13
      3      20       8 
     19       5      23
          6       4 
--8<--
found: sum= 72.0000 var=  0.0000 fitness= 72.0000
-->8--
         18       3 
     22       2      15
     13      16      17 
 10       1      19       8
 11      23       7      12
     14       6       9 
      4       5      24
         20      21 
--8<--
found: sum= 78.0000 var=  0.0000 fitness= 78.0000
-->8--
          7       5 
     11      22       9
     12      23      17 
 14       3       2      15
  8      21      10      16
     20      19      18 
      4       1      24
         13       6 
--8<--
found: sum= 74.0000 var=  0.0000 fitness= 74.0000
-->8--
         22       7 
     17       1      15
      5      23      19 
 16       6       9      13
  2      24       8      11
     21       4      14 
     12      10      20
          3      18 
--8<--
found: sum= 76.0000 var=  0.0000 fitness= 76.0000
-->8--
          8       1 
      4       9      22
     24      16       5 
 13      15      23      10
  7      14       6      11
      3       2      21 
     19      18      12
         20      17 
--8<--
found: sum= 79.0000 var=  0.0000 fitness= 79.0000
-->8--
          1       2 
      3      23       4
     17      19      18 
 15      16      13       8
 12      14      10       9
      5       7      21 
     22      11      24
         20       6 
--8<--
found: sum= 78.0000 var=  0.0000 fitness= 78.0000
-->8--
          4      15 
      2      13      11
     22      23       6 
 18      14      10       5
  7       9      21      19
      8       1      17 
     20      24       3
         16      12 
--8<--
found: sum= 81.0000 var=  0.0000 fitness= 81.0000
-->8--
          8       2 
      5      24       1
     14      12      22 
 16      18      20       7
 11      13       3      10
      9      15      19 
      6      17       4
         21      23 
--8<--
found: sum= 81.0000 var=  0.0000 fitness= 81.0000
-->8--
         11       1 
     10      21       2
     15      16      19 
 14       8      22      17
 13       7       5      12
     24      23       6 
      4      20       9
          3      18 
--8<--
found: sum= 74.0000 var=  0.0000 fitness= 74.0000
-->8--
         22      17 
      5      10      20
     21       1       7 
  4      15      19      18
 12       9       6      16
     13      24       8 
      3      11      23
         14       2 
--8<--
found: sum= 82.0000 var=  0.0000 fitness= 82.0000
-->8--
          6      14 
      3      16       1
     15      22      11 
  7      20      18      10
  9       8       2      17
     23      12      24 
      5      21      19
         13       4 
--8<--
found: sum= 78.0000 var=  0.0000 fitness= 78.0000
-->8--
          2       3 
     23       9      17
     16      24      13 
  8       4      12       5
 15      21      11      19
     14       6      18 
      7      20       1
         10      22 
--8<--
found: sum= 84.0000 var=  0.0000 fitness= 84.0000
-->8--
          5      13 
      3      24       6
     22      14      19 
 15      16       8      10
  1       7      18       9
     23      21      20 
     17      12      11
          4       2 
--8<--
execution time: real 0.116141s user 0.009998s sys 0.003999s
GA: P=50 K=10 sp=2 xover=2D/1 optrpl=2 optskip=10 optmax=1.142857
generation #129: pop m= 77.869 v= 56.328 f= 50.252 best_age=1
best: found: sum= 84.0000 var=  0.0000 fitness= 84.0000
-->8--
          5      13 
      3      24       6
     22      14      19 
 15      16       8      10
  1       7      18       9
     23      21      20 
     17      12      11
          4       2 
--8<--
found: sum= 79.0000 var=  0.0000 fitness= 79.0000
-->8--
         13       9 
     23       5      11
     12      19      15 
  4       7      20      14
 16      22       8       1
     18       3      21 
     10      24       6
          2      17 
--8<--
found: sum= 82.0000 var=  0.0000 fitness= 82.0000
-->8--
          6      14 
      3      16       1
     15      22      11 
  7      20      18      10
  9       8       2      17
     23      12      24 
      5      21      19
         13       4 
--8<--
found: sum= 81.0000 var=  0.0000 fitness= 81.0000
-->8--
         11       1 
     10      21       2
     15      16      19 
 14       8      22      17
 13       7       5      12
     24      23       6 
      4      20       9
          3      18 
--8<--
