found: sum= 80.0000 var=  0.0000 fitness= 80.0000 age=0
-->8--
         23       6 
      3      11       8
     19      20      14 
 17       4      21      13
 12      18       1       7
     10      16      24 
      9      22       2
          5      15 
--8<--
found: sum= 82.0000 var=  0.0000 fitness= 82.0000 age=0
-->8--
          6       3 
      1      13      17
     23      19      21 
  8      20       9      12
 10       5      11       7
     16      18      22 
     24      15       2
          4      14 
--8<--
found: sum= 84.0000 var=  0.0000 fitness= 84.0000 age=0
-->8--
          8       9 
      2      20       4
     23      10      24 
  1      21      17      14
 13       7      11       6
     19      18      12 
      3      22      16
         15       5 
--8<--
found: sum= 85.0000 var=  0.0000 fitness= 85.0000 age=0
-->8--
          9       8 
      6      19       1
     16      15      24 
 13      20      18      12
  2      11       4       5
     23      17      22 
     10      21      14
          3       7 
--8<--
found: sum= 84.0000 var=  0.0000 fitness= 84.0000 age=0
-->8--
          8       4 
      1      18       5
     22      15      23 
  9      20      19      16
 10      11       2       3
     12      17      21 
      7      24      14
         13       6 
--8<--
execution time: real 0.891280s user 0.093985s sys 0.001999s
jsgmd24: M=7 A=2 B=3 P=512 K=256 sp=3 xover=2D/3 mut=6 replace_worst=51 aging explosion=128@0.005000*128 swap=2 hexspin=2
generation #8: pop m= 84.914 v=0.912 f= 80.837
best: found: sum= 85.0000 var=  0.0000 fitness= 85.0000 age=1
-->8--
          9       8 
      6      19       1
     16      15      24 
 13      20      18      12
  2      11       4       5
     23      17      22 
     10      21      14
          3       7 
--8<--
found: sum= 84.0000 var=  0.0000 fitness= 84.0000 age=1
-->8--
          8       9 
      2      20       4
     23      10      24 
  1      21      17      14
 13       7      11       6
     19      18      12 
      3      22      16
         15       5 
--8<--
found: sum= 82.0000 var=  0.0000 fitness= 82.0000 age=2
-->8--
          6       3 
      1      13      17
     23      19      21 
  8      20       9      12
 10       5      11       7
     16      18      22 
     24      15       2
          4      14 
--8<--
found: sum= 84.0000 var=  0.0000 fitness= 84.0000 age=1
-->8--
          8       4 
      1      18       5
     22      15      23 
  9      20      19      16
 10      11       2       3
     12      17      21 
      7      24      14
         13       6 
--8<--
