found: sum= 79.0000 var=  0.0000 fitness= 79.0000 age=0
-->8--
          2       4 
     16      20       7
     18      10      23 
 14      13      15       5
  3      12       8      22
     19      21       6 
     17       9      24
          1      11 
--8<--
found: sum= 80.0000 var=  0.0000 fitness= 80.0000 age=0
-->8--
         15      14 
      7      13      21
     24       5      18 
  1      16       9       4
  2      20      19       8
     17      11      22 
      3       6      10
         23      12 
--8<--
found: sum= 77.0000 var=  0.0000 fitness= 77.0000 age=0
-->8--
          1       9 
     23       8      19
     22      12      13 
  2      11      16      18
 10      15       3       6
     17      20      21 
      7       4      24
         14       5 
--8<--
found: sum= 77.0000 var=  0.0000 fitness= 77.0000 age=0
-->8--
          6      20 
     10       3      11
     22      17      21 
  1      19       5      15
  4       8      16      18
     23      12       2 
      7      14      24
         13       9 
--8<--
found: sum= 76.0000 var=  0.0000 fitness= 76.0000 age=0
-->8--
          6       4 
     20      13      22
     19      10      11 
  3       8      16      21
  5      17       7       9
     24      18      12 
     14       1      23
          2      15 
--8<--
found: sum= 77.0000 var=  0.0000 fitness= 77.0000 age=0
-->8--
         20      17 
      5      15      22
      3      10      12 
  6      24       1      13
  7      19      21      16
     18       2      14 
     11      23       9
          4       8 
--8<--
found: sum= 71.0000 var=  0.0000 fitness= 71.0000 age=0
-->8--
          3       5 
     20       8      14
      6      21      12 
  9      13      11      17
 24      15       1       7
      4      10      23 
     22       2      19
         18      16 
--8<--
found: sum= 72.0000 var=  0.0000 fitness= 72.0000 age=0
-->8--
         11      14 
     24       1      20
      7       6      12 
 10      23      19       3
 21       2      17       8
      9       5      13 
     16      18      15
         22       4 
--8<--
found: sum= 80.0000 var=  0.0000 fitness= 80.0000 age=0
-->8--
          2       8 
      1      22       9
     19      12      18 
 13      24      11      10
  4       5       7      14
     15      21      20 
     17       6       3
         16      23 
--8<--
found: sum= 73.0000 var=  0.0000 fitness= 73.0000 age=0
-->8--
         11       8 
     24      13       3
      2      17      12 
 21       6      20       4
 16       9      14       5
     19       7      18 
     15       1      10
         22      23 
--8<--
found: sum= 79.0000 var=  0.0000 fitness= 79.0000 age=0
-->8--
          2      12 
      1      13       9
     22      21       8 
  6      20      16      17
 19       7       4      10
      5      11      24 
     18      23       3
         15      14 
--8<--
found: sum= 79.0000 var=  0.0000 fitness= 79.0000 age=0
-->8--
         22      10 
     13      18      23
      1       4      16 
 12      21       8       9
  6      20      15      14
     19      11      17 
      3      24       7
          2       5 
--8<--
found: sum= 79.0000 var=  0.0000 fitness= 79.0000 age=0
-->8--
          1      17 
     24       3      15
     20      12      22 
  4      19      10      14
 16       2      13       9
     18      23      11 
      8      21       6
          7       5 
--8<--
found: sum= 72.0000 var=  0.0000 fitness= 72.0000 age=0
-->8--
         16      10 
      4      17      12
      7      19       1 
 22       9      13      11
 20       6       2      21
      8      23      24 
     18       3      15
         14       5 
--8<--
found: sum= 71.0000 var=  0.0000 fitness= 71.0000 age=0
-->8--
         20      22 
     13       5      18
     14       4       3 
 23      15      19       2
  1      10      17      21
      8       6       9 
      7      16      11
         24      12 
--8<--
found: sum= 83.0000 var=  0.0000 fitness= 83.0000 age=0
-->8--
         16      13 
      6      20       8
     22       1      24 
  2      18      17       5
 10      12      21       9
     19      14       7 
      4      23      15
         11       3 
--8<--
found: sum= 80.0000 var=  0.0000 fitness= 80.0000 age=0
-->8--
         12      17 
      1      18       3
     15      20      13 
 10      14       9       8
  6      11      22      21
     24       4       7 
     16      23      19
          2       5 
--8<--
found: sum= 80.0000 var=  0.0000 fitness= 80.0000 age=0
-->8--
          3       2 
      1      13      15
     21      22      16 
  6      20      12      14
 11       4       5       9
     18      17      24 
     23       8       7
         10      19 
--8<--
found: sum= 77.0000 var=  0.0000 fitness= 77.0000 age=0
-->8--
         16      17 
     13       1      18
     24       8      23 
 14      15      10       9
  2       3      20       4
     19      21      11 
      5       7       6
         22      12 
--8<--
found: sum= 76.0000 var=  0.0000 fitness= 76.0000 age=0
-->8--
         20       6 
     23       8      21
      7       4      24 
 15      14      13       2
  9      12      22      10
     19      11       5 
      1      17      18
         16       3 
--8<--
found: sum= 77.0000 var=  0.0000 fitness= 77.0000 age=0
-->8--
         24       5 
      6       9       7
     17      20      13 
 14       1      23       3
 18      19      12       4
      8       2      22 
     21      16      15
         11      10 
--8<--
found: sum= 74.0000 var=  0.0000 fitness= 74.0000 age=0
-->8--
          8      24 
      1      19       2
     21       3      12 
 13      22      14      15
  6       7      11      18
      5      17       4 
     16       9      10
         20      23 
--8<--
found: sum= 78.0000 var=  0.0000 fitness= 78.0000 age=0
-->8--
         17      15 
      6      18       7
      3      14      23 
 10      20       1       9
  8      16      22      11
     21       5      12 
      4      13      24
         19       2 
--8<--
found: sum= 77.0000 var=  0.0000 fitness= 77.0000 age=0
-->8--
          3       2 
      7      14      15
     21      13      24 
 10      19       9       8
  4      18      12      23
      5       6       1 
     11      20      16
         17      22 
--8<--
found: sum= 80.0000 var=  0.0000 fitness= 80.0000 age=0
-->8--
          2      22 
      6      24       5
     13      12      14 
  4      23       3       7
 19      10      15      21
     11      17      20 
      8      18       1
         16       9 
--8<--
found: sum= 76.0000 var=  0.0000 fitness= 76.0000 age=0
-->8--
         18       7 
     21      10      19
      8       4      20 
  3      15      16       1
  9      17      22       5
     24       2      12 
     13       6      23
         14      11 
--8<--
found: sum= 80.0000 var=  0.0000 fitness= 80.0000 age=0
-->8--
          2       4 
      1      20      11
     13      21       9 
  5      23      15      18
 14       8       7      12
     17       6      19 
     24      22      10
          3      16 
--8<--
found: sum= 75.0000 var=  0.0000 fitness= 75.0000 age=0
-->8--
          2      18 
      1      22      13
     19       8      10 
  7      23       4      21
 14       9      11      24
      3      20       5 
     15      16       6
         12      17 
--8<--
found: sum= 77.0000 var=  0.0000 fitness= 77.0000 age=0
-->8--
         12      13 
      3      16      15
     24       5      22 
 14      17       6      23
  1      19       9       7
      2      21      10 
     20      11       8
          4      18 
--8<--
found: sum= 76.0000 var=  0.0000 fitness= 76.0000 age=0
-->8--
          9       7 
     23      11      21
     10       5      24 
 14      18       8       3
  6      12      20      17
     16      13       4 
      1      15      22
         19       2 
--8<--
found: sum= 73.0000 var=  0.0000 fitness= 73.0000 age=0
-->8--
         18      14 
      8       5      21
     23       4      16 
 11      15      13       9
 10       2      22       7
     12      17       6 
     20       3      24
         19       1 
--8<--
found: sum= 78.0000 var=  0.0000 fitness= 78.0000 age=0
-->8--
          2       1 
     18      17      15
      5      14      24 
  6      22       7      11
 20      12      19       9
     13       4       8 
     16      23       3
         10      21 
--8<--
execution time: real 0.284608s user 0.133979s sys 0.002999s
GA: P=1024 K=512 sp=2 xover=2D/1 aging
generation #1: pop m= 76.228 v=61.549 f= 48.598
best: found: sum= 83.0000 var=  0.0000 fitness= 83.0000 age=1
-->8--
         16      13 
      6      20       8
     22       1      24 
  2      18      17       5
 10      12      21       9
     19      14       7 
      4      23      15
         11       3 
--8<--
found: sum= 80.0000 var=  0.0000 fitness= 80.0000 age=1
-->8--
         15      14 
      7      13      21
     24       5      18 
  1      16       9       4
  2      20      19       8
     17      11      22 
      3       6      10
         23      12 
--8<--
found: sum= 79.0000 var=  0.0000 fitness= 79.0000 age=1
-->8--
         22      10 
     13      18      23
      1       4      16 
 12      21       8       9
  6      20      15      14
     19      11      17 
      3      24       7
          2       5 
--8<--
found: sum= 80.0000 var=  0.0000 fitness= 80.0000 age=1
-->8--
         12      17 
      1      18       3
     15      20      13 
 10      14       9       8
  6      11      22      21
     24       4       7 
     16      23      19
          2       5 
--8<--
found: sum= 79.0000 var=  0.0000 fitness= 79.0000 age=1
-->8--
          2      12 
      1      13       9
     22      21       8 
  6      20      16      17
 19       7       4      10
      5      11      24 
     18      23       3
         15      14 
--8<--
found: sum= 80.0000 var=  0.0000 fitness= 80.0000 age=1
-->8--
          2       4 
      1      20      11
     13      21       9 
  5      23      15      18
 14       8       7      12
     17       6      19 
     24      22      10
          3      16 
--8<--
found: sum= 73.0000 var=  0.0000 fitness= 73.0000 age=1
-->8--
         18      14 
      8       5      21
     23       4      16 
 11      15      13       9
 10       2      22       7
     12      17       6 
     20       3      24
         19       1 
--8<--
found: sum= 77.0000 var=  0.0000 fitness= 77.0000 age=1
-->8--
         20      17 
      5      15      22
      3      10      12 
  6      24       1      13
  7      19      21      16
     18       2      14 
     11      23       9
          4       8 
--8<--
found: sum= 72.0000 var=  0.0000 fitness= 72.0000 age=1
-->8--
         16      10 
      4      17      12
      7      19       1 
 22       9      13      11
 20       6       2      21
      8      23      24 
     18       3      15
         14       5 
--8<--
found: sum= 77.0000 var=  0.0000 fitness= 77.0000 age=1
-->8--
         12      13 
      3      16      15
     24       5      22 
 14      17       6      23
  1      19       9       7
      2      21      10 
     20      11       8
          4      18 
--8<--
found: sum= 71.0000 var=  0.0000 fitness= 71.0000 age=1
-->8--
          3       5 
     20       8      14
      6      21      12 
  9      13      11      17
 24      15       1       7
      4      10      23 
     22       2      19
         18      16 
--8<--
found: sum= 77.0000 var=  0.0000 fitness= 77.0000 age=1
-->8--
          3       2 
      7      14      15
     21      13      24 
 10      19       9       8
  4      18      12      23
      5       6       1 
     11      20      16
         17      22 
--8<--
found: sum= 77.0000 var=  0.0000 fitness= 77.0000 age=1
-->8--
          6      20 
     10       3      11
     22      17      21 
  1      19       5      15
  4       8      16      18
     23      12       2 
      7      14      24
         13       9 
--8<--
found: sum= 73.0000 var=  0.0000 fitness= 73.0000 age=1
-->8--
         11       8 
     24      13       3
      2      17      12 
 21       6      20       4
 16       9      14       5
     19       7      18 
     15       1      10
         22      23 
--8<--
found: sum= 79.0000 var=  0.0000 fitness= 79.0000 age=1
-->8--
          2       4 
     16      20       7
     18      10      23 
 14      13      15       5
  3      12       8      22
     19      21       6 
     17       9      24
          1      11 
--8<--
found: sum= 72.0000 var=  0.0000 fitness= 72.0000 age=1
-->8--
         11      14 
     24       1      20
      7       6      12 
 10      23      19       3
 21       2      17       8
      9       5      13 
     16      18      15
         22       4 
--8<--
found: sum= 78.0000 var=  0.0000 fitness= 78.0000 age=1
-->8--
          2       1 
     18      17      15
      5      14      24 
  6      22       7      11
 20      12      19       9
     13       4       8 
     16      23       3
         10      21 
--8<--
found: sum= 76.0000 var=  0.0000 fitness= 76.0000 age=1
-->8--
          9       7 
     23      11      21
     10       5      24 
 14      18       8       3
  6      12      20      17
     16      13       4 
      1      15      22
         19       2 
--8<--
found: sum= 74.0000 var=  0.0000 fitness= 74.0000 age=1
-->8--
          8      24 
      1      19       2
     21       3      12 
 13      22      14      15
  6       7      11      18
      5      17       4 
     16       9      10
         20      23 
--8<--
found: sum= 77.0000 var=  0.0000 fitness= 77.0000 age=1
-->8--
         16      17 
     13       1      18
     24       8      23 
 14      15      10       9
  2       3      20       4
     19      21      11 
      5       7       6
         22      12 
--8<--
found: sum= 76.0000 var=  0.0000 fitness= 76.0000 age=1
-->8--
         18       7 
     21      10      19
      8       4      20 
  3      15      16       1
  9      17      22       5
     24       2      12 
     13       6      23
         14      11 
--8<--
found: sum= 75.0000 var=  0.0000 fitness= 75.0000 age=1
-->8--
          2      18 
      1      22      13
     19       8      10 
  7      23       4      21
 14       9      11      24
      3      20       5 
     15      16       6
         12      17 
--8<--
found: sum= 76.0000 var=  0.0000 fitness= 76.0000 age=1
-->8--
         20       6 
     23       8      21
      7       4      24 
 15      14      13       2
  9      12      22      10
     19      11       5 
      1      17      18
         16       3 
--8<--
found: sum= 78.0000 var=  0.0000 fitness= 78.0000 age=1
-->8--
         17      15 
      6      18       7
      3      14      23 
 10      20       1       9
  8      16      22      11
     21       5      12 
      4      13      24
         19       2 
--8<--
found: sum= 71.0000 var=  0.0000 fitness= 71.0000 age=1
-->8--
         20      22 
     13       5      18
     14       4       3 
 23      15      19       2
  1      10      17      21
      8       6       9 
      7      16      11
         24      12 
--8<--
found: sum= 77.0000 var=  0.0000 fitness= 77.0000 age=1
-->8--
         24       5 
      6       9       7
     17      20      13 
 14       1      23       3
 18      19      12       4
      8       2      22 
     21      16      15
         11      10 
--8<--
found: sum= 80.0000 var=  0.0000 fitness= 80.0000 age=1
-->8--
          2       8 
      1      22       9
     19      12      18 
 13      24      11      10
  4       5       7      14
     15      21      20 
     17       6       3
         16      23 
--8<--
found: sum= 79.0000 var=  0.0000 fitness= 79.0000 age=1
-->8--
          1      17 
     24       3      15
     20      12      22 
  4      19      10      14
 16       2      13       9
     18      23      11 
      8      21       6
          7       5 
--8<--
found: sum= 77.0000 var=  0.0000 fitness= 77.0000 age=1
-->8--
          1       9 
     23       8      19
     22      12      13 
  2      11      16      18
 10      15       3       6
     17      20      21 
      7       4      24
         14       5 
--8<--
found: sum= 80.0000 var=  0.0000 fitness= 80.0000 age=1
-->8--
          3       2 
      1      13      15
     21      22      16 
  6      20      12      14
 11       4       5       9
     18      17      24 
     23       8       7
         10      19 
--8<--
found: sum= 76.0000 var=  0.0000 fitness= 76.0000 age=1
-->8--
          6       4 
     20      13      22
     19      10      11 
  3       8      16      21
  5      17       7       9
     24      18      12 
     14       1      23
          2      15 
--8<--
found: sum= 80.0000 var=  0.0000 fitness= 80.0000 age=1
-->8--
          2      22 
      6      24       5
     13      12      14 
  4      23       3       7
 19      10      15      21
     11      17      20 
      8      18       1
         16       9 
--8<--
