found: sum= 75.0000 var=  0.0000 fitness= 75.0000 age=0
-->8--
          6      20 
     16       9      13
      8      15      14 
  5      21       4      11
 10      12      22      17
     19       1       7 
     23      18      24
          2       3 
--8<--
found: sum= 76.0000 var=  0.0000 fitness= 76.0000 age=0
-->8--
          3      17 
      7      22      18
     23       6       9 
  1      15       4      20
 14      21      11      24
      2      19       8 
     13      16      10
          5      12 
--8<--
found: sum= 79.0000 var=  0.0000 fitness= 79.0000 age=0
-->8--
          2       8 
     24      19       7
      4      10      21 
 23      20      14       5
  9       1      16      11
     22      18      12 
      6      17      13
         15       3 
--8<--
found: sum= 77.0000 var=  0.0000 fitness= 77.0000 age=0
-->8--
         14      21 
     10      24       8
     12      13       5 
 15       4       6      22
  7      20      18       3
     19      16      23 
      9       2      17
         11       1 
--8<--
found: sum= 72.0000 var=  0.0000 fitness= 72.0000 age=0
-->8--
         15       5 
     13       2      22
      8      16       4 
 12      18      23      19
 14       3      11       6
     17       1       9 
     10      20       7
         21      24 
--8<--
found: sum= 79.0000 var=  0.0000 fitness= 79.0000 age=0
-->8--
         15       7 
     21      24      11
     10       5      23 
 13       4       9      16
 12      22      20       8
     18      19       3 
      1      17       6
          2      14 
--8<--
found: sum= 80.0000 var=  0.0000 fitness= 80.0000 age=0
-->8--
          2       7 
     19       8      16
     15      23      21 
 17      13       5       4
  6       9      12      24
     20      18      14 
     10      22       3
          1      11 
--8<--
found: sum= 74.0000 var=  0.0000 fitness= 74.0000 age=0
-->8--
          8      20 
     10       4      11
     17      14      19 
  9      21       6      16
 15       7       2      18
      5      24      13 
      3      12       1
         23      22 
--8<--
found: sum= 77.0000 var=  0.0000 fitness= 77.0000 age=0
-->8--
         19      10 
      2      20      14
     16      17      11 
 21       3       5      15
 13      18      22       1
      6      12      23 
      8       9       7
         24       4 
--8<--
found: sum= 79.0000 var=  0.0000 fitness= 79.0000 age=0
-->8--
         17      24 
      3      12       1
     20      23       9 
 22       4      10       5
  6      13      18      16
     14      11      21 
      7      19       8
         15       2 
--8<--
found: sum= 79.0000 var=  0.0000 fitness= 79.0000 age=0
-->8--
          9       5 
     18      21      14
     15       4      13 
  8      12      22       6
 19      23      11       3
      2       7      24 
     17      20      16
         10       1 
--8<--
found: sum= 77.0000 var=  0.0000 fitness= 77.0000 age=0
-->8--
         16       3 
     22      14      19
      7       6      17 
  2      12      18       5
 21      11      20       9
     24      10       8 
      4      15       1
         13      23 
--8<--
found: sum= 81.0000 var=  0.0000 fitness= 81.0000 age=0
-->8--
         19       9 
     15      16      17
     18      10       7 
 12       3      22       2
 13      14      24       6
     21       8      20 
     11      23       5
          4       1 
--8<--
found: sum= 78.0000 var=  0.0000 fitness= 78.0000 age=0
-->8--
          6       1 
     24      13      18
     20       7      16 
 11       8      23      15
 10      12      19       3
     17       9       2 
      4      22      21
         14       5 
--8<--
found: sum= 78.0000 var=  0.0000 fitness= 78.0000 age=0
-->8--
         20       8 
     12      14      11
     18       4      22 
 24      10      19       3
 15       5      23       2
      6      17       9 
     13      21       7
         16       1 
--8<--
found: sum= 72.0000 var=  0.0000 fitness= 72.0000 age=0
-->8--
         11      18 
      4      22       2
     12      14      13 
 21       9       3      10
  6      23      15      24
      1       8       7 
     16       5      17
         19      20 
--8<--
found: sum= 77.0000 var=  0.0000 fitness= 77.0000 age=0
-->8--
         24       8 
     11      23       7
      1      16      14 
 21       2       9       6
 12      19      13      15
     22      18      20 
      3       5      17
         10       4 
--8<--
found: sum= 79.0000 var=  0.0000 fitness= 79.0000 age=0
-->8--
          1      14 
      7      19      11
     24      18      15 
 17      10       2       4
 13       6      22      16
      9      21      20 
     23       8       5
         12       3 
--8<--
found: sum= 75.0000 var=  0.0000 fitness= 75.0000 age=0
-->8--
         18      17 
     21       2      22
      4      10       9 
  7      20      15       5
 12      19       8      14
     13       3      24 
     11      23      16
          6       1 
--8<--
found: sum= 79.0000 var=  0.0000 fitness= 79.0000 age=0
-->8--
          9      19 
      1      11       2
     23      18      21 
 12      17       8      13
  6       7       5      22
     14      24      10 
      3      16       4
         15      20 
--8<--
found: sum= 81.0000 var=  0.0000 fitness= 81.0000 age=0
-->8--
          3       1 
      7      15      21
     23      11      16 
  2      22      17       4
 10       5      18       6
     19       8      20 
     24      12       9
         13      14 
--8<--
found: sum= 77.0000 var=  0.0000 fitness= 77.0000 age=0
-->8--
         14      12 
     20       2      16
     23       1      22 
  4      17      24       5
  9      18       7       8
      6      10      11 
     19      21      13
          3      15 
--8<--
found: sum= 78.0000 var=  0.0000 fitness= 78.0000 age=0
-->8--
          3      10 
      1      20       5
     21      11      15 
 16      22      17       6
  4       7       2      24
      8      19      14 
      9      12      13
         23      18 
--8<--
found: sum= 78.0000 var=  0.0000 fitness= 78.0000 age=0
-->8--
         15       3 
     14      21      24
     16      11      13 
 19       1       6       7
  8      22      20       9
     12      18      23 
      4       5      10
         17       2 
--8<--
found: sum= 78.0000 var=  0.0000 fitness= 78.0000 age=0
-->8--
         20       6 
     18      19      14
     15       1      17 
 12       5      21       9
  8      16      11      13
     22      24       7 
      4      10      23
          2       3 
--8<--
found: sum= 73.0000 var=  0.0000 fitness= 73.0000 age=0
-->8--
         16       7 
     13       2       8
     12      24      22 
 11       6      10      15
 14       9      20       1
     21       4       5 
     17       3      18
         19      23 
--8<--
found: sum= 78.0000 var=  0.0000 fitness= 78.0000 age=0
-->8--
         10      15 
     24      19       2
      4      12      13 
 16       9      17       3
 21       6      11      20
     22      23      14 
      8      18       7
          1       5 
--8<--
found: sum= 73.0000 var=  0.0000 fitness= 73.0000 age=0
-->8--
         15      18 
      7      12      11
     10       5      14 
 21      24      13       3
  6       8       1      19
      4      22      23 
     17       2       9
         20      16 
--8<--
found: sum= 78.0000 var=  0.0000 fitness= 78.0000 age=0
-->8--
         14      19 
     12      15      13
     24       8      17 
 18       5       6       1
 11      16      22       9
      4      21      23 
     10       7       2
         20       3 
--8<--
found: sum= 81.0000 var=  0.0000 fitness= 81.0000 age=0
-->8--
         13      14 
      1      15      10
     24       8      22 
  7      20      12       9
  6      19       4      11
      5      18      23 
     21      16       3
          2      17 
--8<--
found: sum= 75.0000 var=  0.0000 fitness= 75.0000 age=0
-->8--
          8       5 
     24      19       2
      1      13      16 
  9      10      20      21
 22      15      11       3
     18       6       4 
      7      17      23
         12      14 
--8<--
found: sum= 71.0000 var=  0.0000 fitness= 71.0000 age=0
-->8--
         16       7 
     24       8      22
      1       3      18 
 20      19      13       6
 17      12      15      14
      2       9       5 
     23      21      10
          4      11 
--8<--
found: sum= 71.0000 var=  0.0000 fitness= 71.0000 age=0
-->8--
          7       1 
     23      11      17
      6      22       5 
 16       2      15      13
 19      20       3      14
      8       9      21 
     12       4      10
         18      24 
--8<--
found: sum= 78.0000 var=  0.0000 fitness= 78.0000 age=0
-->8--
          6      10 
      1      15      19
     20      13      14 
  4      23       7      22
 17       2       9      18
     12      24       8 
      3      21       5
         16      11 
--8<--
found: sum= 75.0000 var=  0.0000 fitness= 75.0000 age=0
-->8--
         18       1 
      9      10      24
      7      15      17 
  4      16       8      19
 21       5      11      14
     22      20       6 
     12      13       2
          3      23 
--8<--
found: sum= 76.0000 var=  0.0000 fitness= 76.0000 age=0
-->8--
         12       5 
     10      23      20
      9       7       2 
 17      15      19       4
  3      14       8      21
     18      13      22 
     24       6      11
          1      16 
--8<--
found: sum= 77.0000 var=  0.0000 fitness= 77.0000 age=0
-->8--
          8      16 
      2      19       5
     17       7      18 
  4      24      12      11
  9       1      20      10
     22      13       6 
     15       3      14
         23      21 
--8<--
found: sum= 78.0000 var=  0.0000 fitness= 78.0000 age=0
-->8--
          2       4 
     12      15      14
      5      23      19 
 11      21       3      10
  7      16       9      24
     18       6      13 
      1      20       8
         17      22 
--8<--
found: sum= 77.0000 var=  0.0000 fitness= 77.0000 age=0
-->8--
         13       2 
     16       4      22
     17      18      24 
  6       9       7      12
 15      19      23       3
     11       1       8 
     20      21      10
          5      14 
--8<--
found: sum= 80.0000 var=  0.0000 fitness= 80.0000 age=0
-->8--
          1       6 
     17       7      16
     24      18      19 
  2      13      14      12
 10       9      23       4
     22       3       8 
      5      20      15
         21      11 
--8<--
found: sum= 70.0000 var=  0.0000 fitness= 70.0000 age=0
-->8--
          1       4 
     23       5      22
     14      24       6 
 19       3       9      12
 21      11      15      18
      2       8      10 
     20      13      17
         16       7 
--8<--
found: sum= 77.0000 var=  0.0000 fitness= 77.0000 age=0
-->8--
         24      11 
      7      13      21
      6       5       8 
  2      22      19       4
 14      10      12      16
     23       9      18 
      3      17      20
         15       1 
--8<--
found: sum= 78.0000 var=  0.0000 fitness= 78.0000 age=0
-->8--
          3       8 
     20      11      10
      9      13      24 
  6      22      12       7
 21       2      14      16
     18      15       5 
      1      23      17
         19       4 
--8<--
found: sum= 75.0000 var=  0.0000 fitness= 75.0000 age=0
-->8--
          4       6 
     24      19      20
     16       5      11 
 13       7      14      23
 10      12      22       2
     17      15       3 
      1       9      18
         21       8 
--8<--
found: sum= 79.0000 var=  0.0000 fitness= 79.0000 age=0
-->8--
          3       1 
     15      14      13
     21      24      23 
  5       2       4      10
 19      20      11      22
     12      18       9 
      6      16      17
          7       8 
--8<--
found: sum= 77.0000 var=  0.0000 fitness= 77.0000 age=0
-->8--
         16       6 
     24       7      19
      5      10      21 
  4      15      14       1
  8      22      13      17
     23       3      11 
      9      18      12
          2      20 
--8<--
found: sum= 74.0000 var=  0.0000 fitness= 74.0000 age=0
-->8--
         13       8 
      7      16      14
     15       4      10 
  6      19      22      12
 20      11       1       5
      3      17      24 
     18       2      21
         23       9 
--8<--
found: sum= 75.0000 var=  0.0000 fitness= 75.0000 age=0
-->8--
          1      13 
     10      18      12
     23      21       7 
 14       2       4      15
 11       6      20      24
     19      22       5 
     17       3      16
          8       9 
--8<--
found: sum= 71.0000 var=  0.0000 fitness= 71.0000 age=0
-->8--
         19       5 
     23       2      22
      8       4      21 
 13      15      17       6
 20      14       9      11
      1      12       7 
     10      16       3
         18      24 
--8<--
found: sum= 74.0000 var=  0.0000 fitness= 74.0000 age=0
-->8--
         19       7 
      4       1      22
     18       8      16 
 10      24      20       3
  5      11       9      12
      6       2      14 
     23      15      13
         17      21 
--8<--
found: sum= 76.0000 var=  0.0000 fitness= 76.0000 age=0
-->8--
         12       2 
      3      13      21
     14      16      23 
 10      18       1      20
  9       6      11      17
     19      24       4 
      5       7       8
         15      22 
--8<--
found: sum= 77.0000 var=  0.0000 fitness= 77.0000 age=0
-->8--
          8       1 
     17       4      19
     24      18      23 
 11       6      12      21
 13      20       7       5
      3      14       9 
     16      22      10
          2      15 
--8<--
found: sum= 77.0000 var=  0.0000 fitness= 77.0000 age=0
-->8--
         10      23 
      9      15       6
     17       5       8 
  7      21      20      24
  2      16       4       3
     14      11      18 
      1      13      12
         22      19 
--8<--
found: sum= 76.0000 var=  0.0000 fitness= 76.0000 age=0
-->8--
         15       7 
     16      24       2
      1       8      13 
 21      12      22      11
  5      18       6       4
     19      10      20 
      9       3      14
         17      23 
--8<--
found: sum= 77.0000 var=  0.0000 fitness= 77.0000 age=0
-->8--
         22      24 
      6      12       7
     18       8      21 
 16      11       5      14
  3      10      23       1
     19      20      13 
      9       2      15
         17       4 
--8<--
found: sum= 75.0000 var=  0.0000 fitness= 75.0000 age=0
-->8--
          4      23 
     14       9       7
     11      16      12 
 13      21       8      17
  2      10       1      15
     18      19      22 
      5       3      24
         20       6 
--8<--
found: sum= 76.0000 var=  0.0000 fitness= 76.0000 age=0
-->8--
         14      23 
     21       2       4
      3      16      24 
 11      20       7       5
  6      19      13      15
     17       1      12 
      9      22      10
          8      18 
--8<--
found: sum= 82.0000 var=  0.0000 fitness= 82.0000 age=0
-->8--
          2      19 
     14      15       3
     21       6      23 
  5      24      16      13
  9      12       4       8
     11      20      18 
      7      22       1
         10      17 
--8<--
found: sum= 83.0000 var=  0.0000 fitness= 83.0000 age=0
-->8--
          4      12 
      5      16      18
     20      15      14 
  6      23       8      13
  3       9       7      17
     22      21      24 
     11      19      10
          1       2 
--8<--
found: sum= 75.0000 var=  0.0000 fitness= 75.0000 age=0
-->8--
         21      16 
     13      11      17
     20       1      22 
 12       9       8      10
  5      14      24       7
     15      19       4 
     18       3       2
          6      23 
--8<--
found: sum= 78.0000 var=  0.0000 fitness= 78.0000 age=0
-->8--
          5       4 
     17      22       7
      6      18      11 
 23      10      16       2
  3      12      21      20
     24       1       8 
     13      19      14
          9      15 
--8<--
found: sum= 74.0000 var=  0.0000 fitness= 74.0000 age=0
-->8--
         19      21 
      3      14      24
     11       7       6 
 15      20       2      10
  1      18      23      16
      9       4      17 
      8      13       5
         22      12 
--8<--
found: sum= 75.0000 var=  0.0000 fitness= 75.0000 age=0
-->8--
          4      13 
     12       2      19
     24      10      22 
  5      23       9       7
  6      14       1      20
      3      18      16 
     17       8      21
         15      11 
--8<--
found: sum= 80.0000 var=  0.0000 fitness= 80.0000 age=0
-->8--
          4      13 
      2      21       3
     17      20      14 
 11      16       9       5
  7      10      24      22
     19       1       6 
     12      23      18
         15       8 
--8<--
found: sum= 76.0000 var=  0.0000 fitness= 76.0000 age=0
-->8--
          2       5 
      9      11      19
     20      16      24 
 13      18       1      22
  3       8      12      10
     14      21       7 
      6       4      15
         23      17 
--8<--
found: sum= 73.0000 var=  0.0000 fitness= 73.0000 age=0
-->8--
         18       4 
     16       8      17
      2      10      21 
 14      19      13       7
 23       6       5      24
      9      20       3 
     15      22      12
          1      11 
--8<--
found: sum= 75.0000 var=  0.0000 fitness= 75.0000 age=0
-->8--
         21      10 
      9      15      16
     23       1      22 
 17       6      11      12
  7      14      24       2
      8      19       4 
     18       3       5
         13      20 
--8<--
found: sum= 81.0000 var=  0.0000 fitness= 81.0000 age=0
-->8--
         18      16 
     15      21       5
     14       9      11 
 17       4      19       1
 10      23      20       8
     13       6      22 
      3      24       2
         12       7 
--8<--
found: sum= 78.0000 var=  0.0000 fitness= 78.0000 age=0
-->8--
         14       3 
      2      22      20
     19       8      24 
 15      13       1      18
  6      16      17       7
      9      23      11 
      4       5      12
         21      10 
--8<--
found: sum= 75.0000 var=  0.0000 fitness= 75.0000 age=0
-->8--
         22      11 
     23       2      15
     13       7      24 
  5       8      16       1
 18      21      19       3
     10       4      12 
     20      14       9
          6      17 
--8<--
found: sum= 75.0000 var=  0.0000 fitness= 75.0000 age=0
-->8--
          6      17 
     21      18       8
      5      15      14 
 12      10       3       9
 11      24       4      22
     13      19      23 
      1       2      20
         16       7 
--8<--
execution time: real 0.302154s user 0.199969s sys 0.002999s
GA: P=1024 K=512 sp=2 xover=2D/1 aging
generation #2: pop m= 76.791 v=0.202 f= 74.713
best: found: sum= 83.0000 var=  0.0000 fitness= 83.0000 age=1
-->8--
          4      12 
      5      16      18
     20      15      14 
  6      23       8      13
  3       9       7      17
     22      21      24 
     11      19      10
          1       2 
--8<--
found: sum= 73.0000 var=  0.0000 fitness= 73.0000 age=2
-->8--
         16       7 
     13       2       8
     12      24      22 
 11       6      10      15
 14       9      20       1
     21       4       5 
     17       3      18
         19      23 
--8<--
found: sum= 72.0000 var=  0.0000 fitness= 72.0000 age=2
-->8--
         11      18 
      4      22       2
     12      14      13 
 21       9       3      10
  6      23      15      24
      1       8       7 
     16       5      17
         19      20 
--8<--
found: sum= 78.0000 var=  0.0000 fitness= 78.0000 age=2
-->8--
          6       1 
     24      13      18
     20       7      16 
 11       8      23      15
 10      12      19       3
     17       9       2 
      4      22      21
         14       5 
--8<--
found: sum= 75.0000 var=  0.0000 fitness= 75.0000 age=1
-->8--
         18       1 
      9      10      24
      7      15      17 
  4      16       8      19
 21       5      11      14
     22      20       6 
     12      13       2
          3      23 
--8<--
found: sum= 76.0000 var=  0.0000 fitness= 76.0000 age=1
-->8--
         12       5 
     10      23      20
      9       7       2 
 17      15      19       4
  3      14       8      21
     18      13      22 
     24       6      11
          1      16 
--8<--
found: sum= 79.0000 var=  0.0000 fitness= 79.0000 age=2
-->8--
          1      14 
      7      19      11
     24      18      15 
 17      10       2       4
 13       6      22      16
      9      21      20 
     23       8       5
         12       3 
--8<--
found: sum= 75.0000 var=  0.0000 fitness= 75.0000 age=1
-->8--
          6      17 
     21      18       8
      5      15      14 
 12      10       3       9
 11      24       4      22
     13      19      23 
      1       2      20
         16       7 
--8<--
found: sum= 81.0000 var=  0.0000 fitness= 81.0000 age=2
-->8--
         19       9 
     15      16      17
     18      10       7 
 12       3      22       2
 13      14      24       6
     21       8      20 
     11      23       5
          4       1 
--8<--
found: sum= 78.0000 var=  0.0000 fitness= 78.0000 age=2
-->8--
          3      10 
      1      20       5
     21      11      15 
 16      22      17       6
  4       7       2      24
      8      19      14 
      9      12      13
         23      18 
--8<--
found: sum= 73.0000 var=  0.0000 fitness= 73.0000 age=2
-->8--
         15      18 
      7      12      11
     10       5      14 
 21      24      13       3
  6       8       1      19
      4      22      23 
     17       2       9
         20      16 
--8<--
found: sum= 81.0000 var=  0.0000 fitness= 81.0000 age=2
-->8--
         13      14 
      1      15      10
     24       8      22 
  7      20      12       9
  6      19       4      11
      5      18      23 
     21      16       3
          2      17 
--8<--
found: sum= 75.0000 var=  0.0000 fitness= 75.0000 age=1
-->8--
          4       6 
     24      19      20
     16       5      11 
 13       7      14      23
 10      12      22       2
     17      15       3 
      1       9      18
         21       8 
--8<--
found: sum= 80.0000 var=  0.0000 fitness= 80.0000 age=1
-->8--
          1       6 
     17       7      16
     24      18      19 
  2      13      14      12
 10       9      23       4
     22       3       8 
      5      20      15
         21      11 
--8<--
found: sum= 78.0000 var=  0.0000 fitness= 78.0000 age=2
-->8--
          6      10 
      1      15      19
     20      13      14 
  4      23       7      22
 17       2       9      18
     12      24       8 
      3      21       5
         16      11 
--8<--
found: sum= 77.0000 var=  0.0000 fitness= 77.0000 age=2
-->8--
         24       8 
     11      23       7
      1      16      14 
 21       2       9       6
 12      19      13      15
     22      18      20 
      3       5      17
         10       4 
--8<--
found: sum= 74.0000 var=  0.0000 fitness= 74.0000 age=1
-->8--
         13       8 
      7      16      14
     15       4      10 
  6      19      22      12
 20      11       1       5
      3      17      24 
     18       2      21
         23       9 
--8<--
found: sum= 80.0000 var=  0.0000 fitness= 80.0000 age=2
-->8--
          2       7 
     19       8      16
     15      23      21 
 17      13       5       4
  6       9      12      24
     20      18      14 
     10      22       3
          1      11 
--8<--
found: sum= 70.0000 var=  0.0000 fitness= 70.0000 age=1
-->8--
          1       4 
     23       5      22
     14      24       6 
 19       3       9      12
 21      11      15      18
      2       8      10 
     20      13      17
         16       7 
--8<--
found: sum= 75.0000 var=  0.0000 fitness= 75.0000 age=1
-->8--
          1      13 
     10      18      12
     23      21       7 
 14       2       4      15
 11       6      20      24
     19      22       5 
     17       3      16
          8       9 
--8<--
found: sum= 79.0000 var=  0.0000 fitness= 79.0000 age=2
-->8--
         17      24 
      3      12       1
     20      23       9 
 22       4      10       5
  6      13      18      16
     14      11      21 
      7      19       8
         15       2 
--8<--
found: sum= 71.0000 var=  0.0000 fitness= 71.0000 age=2
-->8--
         16       7 
     24       8      22
      1       3      18 
 20      19      13       6
 17      12      15      14
      2       9       5 
     23      21      10
          4      11 
--8<--
found: sum= 79.0000 var=  0.0000 fitness= 79.0000 age=2
-->8--
          2       8 
     24      19       7
      4      10      21 
 23      20      14       5
  9       1      16      11
     22      18      12 
      6      17      13
         15       3 
--8<--
found: sum= 72.0000 var=  0.0000 fitness= 72.0000 age=2
-->8--
         15       5 
     13       2      22
      8      16       4 
 12      18      23      19
 14       3      11       6
     17       1       9 
     10      20       7
         21      24 
--8<--
found: sum= 75.0000 var=  0.0000 fitness= 75.0000 age=2
-->8--
         18      17 
     21       2      22
      4      10       9 
  7      20      15       5
 12      19       8      14
     13       3      24 
     11      23      16
          6       1 
--8<--
found: sum= 80.0000 var=  0.0000 fitness= 80.0000 age=1
-->8--
          4      13 
      2      21       3
     17      20      14 
 11      16       9       5
  7      10      24      22
     19       1       6 
     12      23      18
         15       8 
--8<--
found: sum= 77.0000 var=  0.0000 fitness= 77.0000 age=1
-->8--
         22      24 
      6      12       7
     18       8      21 
 16      11       5      14
  3      10      23       1
     19      20      13 
      9       2      15
         17       4 
--8<--
found: sum= 78.0000 var=  0.0000 fitness= 78.0000 age=2
-->8--
         20       8 
     12      14      11
     18       4      22 
 24      10      19       3
 15       5      23       2
      6      17       9 
     13      21       7
         16       1 
--8<--
found: sum= 78.0000 var=  0.0000 fitness= 78.0000 age=2
-->8--
         20       6 
     18      19      14
     15       1      17 
 12       5      21       9
  8      16      11      13
     22      24       7 
      4      10      23
          2       3 
--8<--
found: sum= 78.0000 var=  0.0000 fitness= 78.0000 age=1
-->8--
          5       4 
     17      22       7
      6      18      11 
 23      10      16       2
  3      12      21      20
     24       1       8 
     13      19      14
          9      15 
--8<--
found: sum= 71.0000 var=  0.0000 fitness= 71.0000 age=1
-->8--
         19       5 
     23       2      22
      8       4      21 
 13      15      17       6
 20      14       9      11
      1      12       7 
     10      16       3
         18      24 
--8<--
found: sum= 73.0000 var=  0.0000 fitness= 73.0000 age=1
-->8--
         18       4 
     16       8      17
      2      10      21 
 14      19      13       7
 23       6       5      24
      9      20       3 
     15      22      12
          1      11 
--8<--
found: sum= 76.0000 var=  0.0000 fitness= 76.0000 age=2
-->8--
          3      17 
      7      22      18
     23       6       9 
  1      15       4      20
 14      21      11      24
      2      19       8 
     13      16      10
          5      12 
--8<--
found: sum= 77.0000 var=  0.0000 fitness= 77.0000 age=1
-->8--
          8       1 
     17       4      19
     24      18      23 
 11       6      12      21
 13      20       7       5
      3      14       9 
     16      22      10
          2      15 
--8<--
found: sum= 76.0000 var=  0.0000 fitness= 76.0000 age=1
-->8--
         15       7 
     16      24       2
      1       8      13 
 21      12      22      11
  5      18       6       4
     19      10      20 
      9       3      14
         17      23 
--8<--
found: sum= 77.0000 var=  0.0000 fitness= 77.0000 age=2
-->8--
         19      10 
      2      20      14
     16      17      11 
 21       3       5      15
 13      18      22       1
      6      12      23 
      8       9       7
         24       4 
--8<--
found: sum= 76.0000 var=  0.0000 fitness= 76.0000 age=1
-->8--
         14      23 
     21       2       4
      3      16      24 
 11      20       7       5
  6      19      13      15
     17       1      12 
      9      22      10
          8      18 
--8<--
found: sum= 77.0000 var=  0.0000 fitness= 77.0000 age=2
-->8--
         14      21 
     10      24       8
     12      13       5 
 15       4       6      22
  7      20      18       3
     19      16      23 
      9       2      17
         11       1 
--8<--
found: sum= 77.0000 var=  0.0000 fitness= 77.0000 age=2
-->8--
         14      12 
     20       2      16
     23       1      22 
  4      17      24       5
  9      18       7       8
      6      10      11 
     19      21      13
          3      15 
--8<--
found: sum= 75.0000 var=  0.0000 fitness= 75.0000 age=1
-->8--
         21      10 
      9      15      16
     23       1      22 
 17       6      11      12
  7      14      24       2
      8      19       4 
     18       3       5
         13      20 
--8<--
found: sum= 77.0000 var=  0.0000 fitness= 77.0000 age=2
-->8--
         16       3 
     22      14      19
      7       6      17 
  2      12      18       5
 21      11      20       9
     24      10       8 
      4      15       1
         13      23 
--8<--
found: sum= 79.0000 var=  0.0000 fitness= 79.0000 age=2
-->8--
          9      19 
      1      11       2
     23      18      21 
 12      17       8      13
  6       7       5      22
     14      24      10 
      3      16       4
         15      20 
--8<--
found: sum= 77.0000 var=  0.0000 fitness= 77.0000 age=1
-->8--
          8      16 
      2      19       5
     17       7      18 
  4      24      12      11
  9       1      20      10
     22      13       6 
     15       3      14
         23      21 
--8<--
found: sum= 79.0000 var=  0.0000 fitness= 79.0000 age=1
-->8--
          3       1 
     15      14      13
     21      24      23 
  5       2       4      10
 19      20      11      22
     12      18       9 
      6      16      17
          7       8 
--8<--
found: sum= 82.0000 var=  0.0000 fitness= 82.0000 age=1
-->8--
          2      19 
     14      15       3
     21       6      23 
  5      24      16      13
  9      12       4       8
     11      20      18 
      7      22       1
         10      17 
--8<--
found: sum= 78.0000 var=  0.0000 fitness= 78.0000 age=2
-->8--
         10      15 
     24      19       2
      4      12      13 
 16       9      17       3
 21       6      11      20
     22      23      14 
      8      18       7
          1       5 
--8<--
found: sum= 75.0000 var=  0.0000 fitness= 75.0000 age=2
-->8--
          6      20 
     16       9      13
      8      15      14 
  5      21       4      11
 10      12      22      17
     19       1       7 
     23      18      24
          2       3 
--8<--
found: sum= 79.0000 var=  0.0000 fitness= 79.0000 age=2
-->8--
          9       5 
     18      21      14
     15       4      13 
  8      12      22       6
 19      23      11       3
      2       7      24 
     17      20      16
         10       1 
--8<--
found: sum= 78.0000 var=  0.0000 fitness= 78.0000 age=1
-->8--
         14       3 
      2      22      20
     19       8      24 
 15      13       1      18
  6      16      17       7
      9      23      11 
      4       5      12
         21      10 
--8<--
found: sum= 71.0000 var=  0.0000 fitness= 71.0000 age=2
-->8--
          7       1 
     23      11      17
      6      22       5 
 16       2      15      13
 19      20       3      14
      8       9      21 
     12       4      10
         18      24 
--8<--
found: sum= 76.0000 var=  0.0000 fitness= 76.0000 age=1
-->8--
          2       5 
      9      11      19
     20      16      24 
 13      18       1      22
  3       8      12      10
     14      21       7 
      6       4      15
         23      17 
--8<--
found: sum= 78.0000 var=  0.0000 fitness= 78.0000 age=2
-->8--
         15       3 
     14      21      24
     16      11      13 
 19       1       6       7
  8      22      20       9
     12      18      23 
      4       5      10
         17       2 
--8<--
found: sum= 75.0000 var=  0.0000 fitness= 75.0000 age=1
-->8--
         22      11 
     23       2      15
     13       7      24 
  5       8      16       1
 18      21      19       3
     10       4      12 
     20      14       9
          6      17 
--8<--
found: sum= 77.0000 var=  0.0000 fitness= 77.0000 age=1
-->8--
         24      11 
      7      13      21
      6       5       8 
  2      22      19       4
 14      10      12      16
     23       9      18 
      3      17      20
         15       1 
--8<--
found: sum= 75.0000 var=  0.0000 fitness= 75.0000 age=1
-->8--
         21      16 
     13      11      17
     20       1      22 
 12       9       8      10
  5      14      24       7
     15      19       4 
     18       3       2
          6      23 
--8<--
found: sum= 75.0000 var=  0.0000 fitness= 75.0000 age=2
-->8--
          8       5 
     24      19       2
      1      13      16 
  9      10      20      21
 22      15      11       3
     18       6       4 
      7      17      23
         12      14 
--8<--
found: sum= 74.0000 var=  0.0000 fitness= 74.0000 age=1
-->8--
         19      21 
      3      14      24
     11       7       6 
 15      20       2      10
  1      18      23      16
      9       4      17 
      8      13       5
         22      12 
--8<--
found: sum= 76.0000 var=  0.0000 fitness= 76.0000 age=1
-->8--
         12       2 
      3      13      21
     14      16      23 
 10      18       1      20
  9       6      11      17
     19      24       4 
      5       7       8
         15      22 
--8<--
found: sum= 78.0000 var=  0.0000 fitness= 78.0000 age=1
-->8--
          2       4 
     12      15      14
      5      23      19 
 11      21       3      10
  7      16       9      24
     18       6      13 
      1      20       8
         17      22 
--8<--
found: sum= 75.0000 var=  0.0000 fitness= 75.0000 age=1
-->8--
          4      23 
     14       9       7
     11      16      12 
 13      21       8      17
  2      10       1      15
     18      19      22 
      5       3      24
         20       6 
--8<--
found: sum= 74.0000 var=  0.0000 fitness= 74.0000 age=1
-->8--
         19       7 
      4       1      22
     18       8      16 
 10      24      20       3
  5      11       9      12
      6       2      14 
     23      15      13
         17      21 
--8<--
found: sum= 77.0000 var=  0.0000 fitness= 77.0000 age=1
-->8--
         16       6 
     24       7      19
      5      10      21 
  4      15      14       1
  8      22      13      17
     23       3      11 
      9      18      12
          2      20 
--8<--
found: sum= 74.0000 var=  0.0000 fitness= 74.0000 age=2
-->8--
          8      20 
     10       4      11
     17      14      19 
  9      21       6      16
 15       7       2      18
      5      24      13 
      3      12       1
         23      22 
--8<--
found: sum= 78.0000 var=  0.0000 fitness= 78.0000 age=2
-->8--
         14      19 
     12      15      13
     24       8      17 
 18       5       6       1
 11      16      22       9
      4      21      23 
     10       7       2
         20       3 
--8<--
found: sum= 77.0000 var=  0.0000 fitness= 77.0000 age=1
-->8--
         13       2 
     16       4      22
     17      18      24 
  6       9       7      12
 15      19      23       3
     11       1       8 
     20      21      10
          5      14 
--8<--
found: sum= 81.0000 var=  0.0000 fitness= 81.0000 age=1
-->8--
         18      16 
     15      21       5
     14       9      11 
 17       4      19       1
 10      23      20       8
     13       6      22 
      3      24       2
         12       7 
--8<--
found: sum= 77.0000 var=  0.0000 fitness= 77.0000 age=1
-->8--
         10      23 
      9      15       6
     17       5       8 
  7      21      20      24
  2      16       4       3
     14      11      18 
      1      13      12
         22      19 
--8<--
found: sum= 78.0000 var=  0.0000 fitness= 78.0000 age=1
-->8--
          3       8 
     20      11      10
      9      13      24 
  6      22      12       7
 21       2      14      16
     18      15       5 
      1      23      17
         19       4 
--8<--
found: sum= 75.0000 var=  0.0000 fitness= 75.0000 age=1
-->8--
          4      13 
     12       2      19
     24      10      22 
  5      23       9       7
  6      14       1      20
      3      18      16 
     17       8      21
         15      11 
--8<--
found: sum= 81.0000 var=  0.0000 fitness= 81.0000 age=2
-->8--
          3       1 
      7      15      21
     23      11      16 
  2      22      17       4
 10       5      18       6
     19       8      20 
     24      12       9
         13      14 
--8<--
found: sum= 79.0000 var=  0.0000 fitness= 79.0000 age=2
-->8--
         15       7 
     21      24      11
     10       5      23 
 13       4       9      16
 12      22      20       8
     18      19       3 
      1      17       6
          2      14 
--8<--
