found: sum= 75.0000 var=  0.0000 fitness= 75.0000
-->8--
         15      10 
     24      23       8
      3       1      11 
 13       9      22      19
 14      20       2       4
     16      21      17 
      7       5      12
          6      18 
--8<--
found: sum= 74.0000 var=  0.0000 fitness= 74.0000
-->8--
         19      24 
     17       3      18
     11      14      13 
  7      10       2       1
  8      23      20      16
     15       5      22 
      4       6       9
         21      12 
--8<--
found: sum= 77.0000 var=  0.0000 fitness= 77.0000
-->8--
         19      21 
     15      20      11
     14       7       8 
  5       2      10      16
  9      23      13      12
     24      22      18 
      3       1      17
          4       6 
--8<--
found: sum= 77.0000 var=  0.0000 fitness= 77.0000
-->8--
         16      23 
     21      17      14
     11       3      12 
 13       9       8       7
 10      15      20       6
     19      22      24 
      1       2       5
         18       4 
--8<--
found: sum= 81.0000 var=  0.0000 fitness= 81.0000
-->8--
          6       3 
     19      14      24
     23       7      13 
  2      12      20      17
 11      15       5      10
     18      22      16 
      4      21       9
          1       8 
--8<--
found: sum= 80.0000 var=  0.0000 fitness= 80.0000
-->8--
          5      19 
      8      24      16
     22       7      13 
 12      14       1       2
  6      17      23      20
      9      18      21 
     15      11       3
         10       4 
--8<--
found: sum= 77.0000 var=  0.0000 fitness= 77.0000
-->8--
         24      16 
      5      11      21
     22       2       9 
  1      13      18      19
 10      23       4      12
      8      17      15 
      6      20      14
          3       7 
--8<--
found: sum= 73.0000 var=  0.0000 fitness= 73.0000
-->8--
         21      17 
     22       1      14
     12       2      20 
 13      15      19       5
  9       6       8      10
     18      23      11 
     16       3       4
          7      24 
--8<--
found: sum= 79.0000 var=  0.0000 fitness= 79.0000
-->8--
         20      10 
     16      19      13
     14       2      23 
  1       8      12       6
 15      17      18       9
     24      22      11 
      5       4       3
          7      21 
--8<--
found: sum= 77.0000 var=  0.0000 fitness= 77.0000
-->8--
         16       8 
     11      24      13
     18       3      19 
 17       5      10       7
 12      23      14       6
      2      22      21 
      9       1      15
         20       4 
--8<--
found: sum= 79.0000 var=  0.0000 fitness= 79.0000
-->8--
          7       4 
      3      17       9
     22      18      11 
 15      12      20      10
 16       6       2      23
      8      21      13 
     19      24       5
          1      14 
--8<--
found: sum= 78.0000 var=  0.0000 fitness= 78.0000
-->8--
         20      11 
     22      18      13
      8       1      14 
  6       9      21       5
 16      24      19       7
     15       4      12 
      2      23      17
         10       3 
--8<--
found: sum= 75.0000 var=  0.0000 fitness= 75.0000
-->8--
          4      21 
     22      23       7
     15      10       6 
 14       1       8      24
 12      17      19       5
     16      20      13 
      9       2      18
         11       3 
--8<--
found: sum= 78.0000 var=  0.0000 fitness= 78.0000
-->8--
          7       9 
      2      24       6
     23       3      14 
 12      19      22      15
  1      10       4      18
     13      20       5 
      8      11      21
         16      17 
--8<--
found: sum= 74.0000 var=  0.0000 fitness= 74.0000
-->8--
          6      17 
      3      11       8
      7      24       9 
  1      23       5      18
 20       2      16      14
     21       4      12 
     22      10      13
         15      19 
--8<--
found: sum= 78.0000 var=  0.0000 fitness= 78.0000
-->8--
          1       6 
     16      20       2
     14      23       5 
 10       4      22      15
 13      19       7       8
     18       3      21 
      9      12      24
         17      11 
--8<--
found: sum= 78.0000 var=  0.0000 fitness= 78.0000
-->8--
          3      22 
     11      21       2
     20       8       1 
 18      15      24      23
  4       9       6       5
     12      16      19 
     10      17      13
         14       7 
--8<--
found: sum= 78.0000 var=  0.0000 fitness= 78.0000
-->8--
          8      10 
      9      24       7
     19      17      18 
 16       1       2      21
 14      22      23       3
      6      13      11 
     20      12       4
          5      15 
--8<--
found: sum= 74.0000 var=  0.0000 fitness= 74.0000
-->8--
          6      16 
      4      12       7
     17      15      13 
 10      20      11      23
 14       8       1      24
      5      19       2 
     18      21       9
          3      22 
--8<--
found: sum= 75.0000 var=  0.0000 fitness= 75.0000
-->8--
         18       6 
     13      24      19
      1      10       5 
 21       9      11      15
 14      23      20       8
      7       2      16 
      4      22      12
         17       3 
--8<--
found: sum= 76.0000 var=  0.0000 fitness= 76.0000
-->8--
          6      13 
     24       2      22
     18      11      21 
 10      15       7      20
  9      16       4       5
      8      23      19 
      3      12       1
         14      17 
--8<--
found: sum= 83.0000 var=  0.0000 fitness= 83.0000
-->8--
          4      12 
      1      16       7
     21      24      15 
 10      17       9      20
  6      11       3      13
     18      19      23 
      8      22      14
          5       2 
--8<--
execution time: real 0.089246s user 0.007998s sys 0.000000s
GA: P=50 K=10 sp=2 xover=2D/1 optrpl=2 optskip=10 optmax=1.142857
generation #86: pop m= 78.463 v= 55.547 f= 55.816 best_age=1
best: found: sum= 83.0000 var=  0.0000 fitness= 83.0000
-->8--
          4      12 
      1      16       7
     21      24      15 
 10      17       9      20
  6      11       3      13
     18      19      23 
      8      22      14
          5       2 
--8<--
found: sum= 76.0000 var=  0.0000 fitness= 76.0000
-->8--
          6      13 
     24       2      22
     18      11      21 
 10      15       7      20
  9      16       4       5
      8      23      19 
      3      12       1
         14      17 
--8<--
found: sum= 81.0000 var=  0.0000 fitness= 81.0000
-->8--
          6       3 
     19      14      24
     23       7      13 
  2      12      20      17
 11      15       5      10
     18      22      16 
      4      21       9
          1       8 
--8<--
