found: sum=  0.0000 var=  0.0000 fitness=  0.0000
-->8--
         23      13 
     20      22      10
      5       6      11 
 14       1      15       2
 17      16      18      12
     24      21      19 
      9       4       7
          3       8 
--8<--
found: sum=  0.0000 var=  0.0000 fitness=  0.0000
-->8--
         16      18 
      6       1      21
     22      20      15 
  4      12       2      13
 10      24      11      17
      5       8      19 
      3      23       7
         14       9 
--8<--
found: sum=  0.0000 var=  0.0000 fitness=  0.0000
-->8--
         22      24 
     18       1      20
      7       6       8 
 19      14       9      23
 11       2      21       3
     15      16       4 
     13       5      10
         17      12 
--8<--
found: sum=  0.0000 var=  0.0000 fitness=  0.0000
-->8--
         22      19 
     14      10      21
      9       2      15 
 17      13       3      11
  6      24      16      18
      1      12       7 
     20       8      23
          5       4 
--8<--
found: sum=  0.0000 var=  0.0000 fitness=  0.0000
-->8--
         15      11 
     10       9      17
     18       2      24 
 12      23      14       4
  1       3      13      16
     20      22       6 
      5       8      21
         19       7 
--8<--
found: sum=  0.0000 var=  0.0000 fitness=  0.0000
-->8--
          7       5 
     23      15      14
     12      19      22 
 10       1       2       9
 13      20      17      16
     21      18      11 
      6       4      24
          8       3 
--8<--
found: sum=  0.0000 var=  0.0000 fitness=  0.0000
-->8--
          4      20 
      2      22       5
     23      21       9 
 14       6       1      18
  3      15      24      19
     17      11       7 
     13      12       8
         10      16 
--8<--
execution time: real 0.094457s user 0.010998s sys 0.000999s
GA: P=50 K=25 sp=3 xover=2D/1
generation #0: pop m= 75.871 v=  0.178 f= 73.995 best_age=0
best: sum= 83.5714 var=  0.2449 fitness= 81.1471
-->8--
          9       7 
      4      16      10
     17      23      24 
  8      14       3      22
  5      18      15       1
     21      11      19 
      2      20       6
         12      13 
--8<--
found: sum= 77.0000 var=  0.0000 fitness= 77.0000
-->8--
         23      13 
     20      22      10
      5       6      11 
 14       1      15       2
 17      16      18      12
     24      21      19 
      9       4       7
          3       8 
--8<--
found: sum= 77.0000 var=  0.0000 fitness= 77.0000
-->8--
         16      18 
      6       1      21
     22      20      15 
  4      12       2      13
 10      24      11      17
      5       8      19 
      3      23       7
         14       9 
--8<--
found: sum= 68.0000 var=  0.0000 fitness= 68.0000
-->8--
         22      24 
     18       1      20
      7       6       8 
 19      14       9      23
 11       2      21       3
     15      16       4 
     13       5      10
         17      12 
--8<--
found: sum= 70.0000 var=  0.0000 fitness= 70.0000
-->8--
         22      19 
     14      10      21
      9       2      15 
 17      13       3      11
  6      24      16      18
      1      12       7 
     20       8      23
          5       4 
--8<--
found: sum= 77.0000 var=  0.0000 fitness= 77.0000
-->8--
         15      11 
     10       9      17
     18       2      24 
 12      23      14       4
  1       3      13      16
     20      22       6 
      5       8      21
         19       7 
--8<--
found: sum= 77.0000 var=  0.0000 fitness= 77.0000
-->8--
          7       5 
     23      15      14
     12      19      22 
 10       1       2       9
 13      20      17      16
     21      18      11 
      6       4      24
          8       3 
--8<--
found: sum= 78.0000 var=  0.0000 fitness= 78.0000
-->8--
          4      20 
      2      22       5
     23      21       9 
 14       6       1      18
  3      15      24      19
     17      11       7 
     13      12       8
         10      16 
--8<--
