found: sum= 75.0000 var=  0.0000 fitness= 75.0000
-->8--
         10      20 
      1       2       7
     16      22      11 
 17      24      13      15
  4       8       3      12
      6       5      21 
     23      19       9
         14      18 
--8<--
found: sum= 77.0000 var=  0.0000 fitness= 77.0000
-->8--
         10      22 
     18      23       9
     11       7      13 
 12       8       3       1
 15      14      21      20
     17      24      19 
      4       2       5
         16       6 
--8<--
found: sum= 78.0000 var=  0.0000 fitness= 78.0000
-->8--
          6       4 
      8      23      15
     21       1      22 
  3      19      13       5
  9      14      20      16
     12      11       2 
      7      10      17
         24      18 
--8<--
found: sum= 71.0000 var=  0.0000 fitness= 71.0000
-->8--
         15      23 
     20       4      12
      2       8      21 
 11      22       3      17
 18       5      14      10
     13      19       6 
      1       9      16
         24       7 
--8<--
found: sum= 77.0000 var=  0.0000 fitness= 77.0000
-->8--
         22      10 
     20      16      13
     15       1      23 
 12       3      14       9
 11      17      18       8
     19      24       5 
      4       7       2
          6      21 
--8<--
found: sum= 77.0000 var=  0.0000 fitness= 77.0000
-->8--
         10       2 
      3      24      18
     22       6      13 
 17      12      14       7
  4      21      19      15
      1       5       9 
     23      16       8
         11      20 
--8<--
found: sum= 77.0000 var=  0.0000 fitness= 77.0000
-->8--
         20       9 
     19      18      11
     17       1      24 
  6       2      14       4
 21      15      23       5
     16      22       7 
     13       3      12
          8      10 
--8<--
found: sum= 76.0000 var=  0.0000 fitness= 76.0000
-->8--
          6       7 
     20      11      12
      2      23      18 
 16      14       5      13
  3      24       9      21
     17       1      10 
      4      22      19
          8      15 
--8<--
found: sum= 75.0000 var=  0.0000 fitness= 75.0000
-->8--
          5      19 
      2      24      10
     21       6      12 
 14      17       4      23
  3      11      15      20
      9      22       1 
     18       8      16
          7      13 
--8<--
found: sum= 74.0000 var=  0.0000 fitness= 74.0000
-->8--
          1      12 
      8       4      14
     17      20      11 
  5      24      13      10
  3       9       6      19
     16       2      15 
     18       7      21
         22      23 
--8<--
found: sum= 75.0000 var=  0.0000 fitness= 75.0000
-->8--
         17      15 
      1      20      19
     21       7       8 
 24       9       6       4
  2      16      23      22
      3      14      12 
     18      11      10
         13       5 
--8<--
found: sum= 81.0000 var=  0.0000 fitness= 81.0000
-->8--
          7       8 
      6      20       1
     15      22      17 
  3      11      13      10
 24       5      18      14
     23      12       9 
      4      21       2
         16      19 
--8<--
found: sum= 73.0000 var=  0.0000 fitness= 73.0000
-->8--
          6      22 
     23      12      18
     19       8       3 
 17       5      10      16
  1      24      11      13
      7      15      20 
      9       4       2
         14      21 
--8<--
found: sum= 78.0000 var=  0.0000 fitness= 78.0000
-->8--
         21      12 
     15      22       3
     10       4      18 
 13       6      19       1
 17      24      20      11
      8       5       9 
     16      23      14
          2       7 
--8<--
found: sum= 72.0000 var=  0.0000 fitness= 72.0000
-->8--
         18      21 
      7      15       5
      3      10      17 
 23      19       4      24
 14       1      16       9
     12      22       2 
      6      11      13
         20       8 
--8<--
found: sum= 70.0000 var=  0.0000 fitness= 70.0000
-->8--
         23       4 
     24       8      15
      2       6      17 
 18       7      20       1
 21      19       5      16
      3      13      11 
     12       9      10
         14      22 
--8<--
found: sum= 76.0000 var=  0.0000 fitness= 76.0000
-->8--
          3       1 
     23      19       2
      4      22      20 
 17       5      12      18
 21      16      11       6
     13      10       9 
      8      15      24
         14       7 
--8<--
found: sum= 75.0000 var=  0.0000 fitness= 75.0000
-->8--
         17       8 
     16      22       9
      5      13      12 
 15       2      11      14
  6      24      21       7
     23       4      10 
      1       3      19
         20      18 
--8<--
found: sum= 78.0000 var=  0.0000 fitness= 78.0000
-->8--
          8      20 
     16      19       6
     10       1      14 
  3      24      18       5
  4      22      11       7
     15       2      23 
     17       9      12
         13      21 
--8<--
found: sum= 82.0000 var=  0.0000 fitness= 82.0000
-->8--
          7       3 
      9      23       8
     20      18      14 
 17       5      16       2
 15       6      24       4
     19      13      22 
     21      12      10
         11       1 
--8<--
execution time: real 0.070424s user 0.007998s sys 0.001999s
GA: P=50 K=10 sp=2 xover=2D/1 optrpl=2 optskip=10 optmax=1.142857
generation #72: pop m= 77.831 v= 63.122 f= 50.908 best_age=1
best: found: sum= 82.0000 var=  0.0000 fitness= 82.0000
-->8--
          7       3 
      9      23       8
     20      18      14 
 17       5      16       2
 15       6      24       4
     19      13      22 
     21      12      10
         11       1 
--8<--
found: sum= 81.0000 var=  0.0000 fitness= 81.0000
-->8--
          7       8 
      6      20       1
     15      22      17 
  3      11      13      10
 24       5      18      14
     23      12       9 
      4      21       2
         16      19 
--8<--
