found: sum= 82.0000 var=  0.0000 fitness= 82.0000 age=0
-->8--
         13      10 
      2      16       3
     22      24      11 
 20       5      18       1
  6      12      14      15
     17       9      23 
     19      21       7
          4       8 
--8<--
found: sum= 82.0000 var=  0.0000 fitness= 82.0000 age=0
-->8--
         13      10 
      2      16       3
     22      24      11 
 20       5      18       1
  6      12      14      15
     17       9      23 
     19      21       7
          4       8 
--8<--
found: sum= 82.0000 var=  0.0000 fitness= 82.0000 age=0
-->8--
         13      10 
      2      16       3
     22      24      11 
 19       5      18       1
  7      12      15      14
     17       8      23 
     20      21       6
          4       9 
--8<--
found: sum= 83.0000 var=  0.0000 fitness= 83.0000 age=0
-->8--
         12      15 
     18       8       1
     24      14      23 
 16       7      22       3
  2      13      10       5
     21      17      20 
      9      19       6
          4      11 
--8<--
found: sum= 84.0000 var=  0.0000 fitness= 84.0000 age=0
-->8--
         10       6 
      7      12      16
     22      14      23 
  5      19      13       4
  2      15       3      17
     21      20      24 
      9      18       8
          1      11 
--8<--
found: sum= 84.0000 var=  0.0000 fitness= 84.0000 age=0
-->8--
          7       3 
     13      21       6
     22      12      24 
 14       9      18       4
  8      20      10       5
     11      15      23 
      2      19      16
         17       1 
--8<--
found: sum= 84.0000 var=  0.0000 fitness= 84.0000 age=0
-->8--
          5      13 
      7      22       2
     23      19      10 
  4       8      18       1
 12      16      14      17
     21       9      24 
      3      20       6
         15      11 
--8<--
found: sum= 83.0000 var=  0.0000 fitness= 83.0000 age=0
-->8--
          6      14 
      9      20       1
     18       8      17 
 11      22      23       3
  7      10       4      12
     15      16      24 
     19      21       5
          2      13 
--8<--
found: sum= 83.0000 var=  0.0000 fitness= 83.0000 age=0
-->8--
         18       4 
      5      19      20
     24      11      12 
 15       6      17       8
  1      14      22       3
     23      13      21 
     10      16       2
          7       9 
--8<--
found: sum= 85.0000 var=  0.0000 fitness= 85.0000 age=0
-->8--
          4       3 
      9      24       2
     22      19      17 
 12       7      20      11
  5      16      10       6
     23      13      21 
     14      18      15
          1       8 
--8<--
found: sum= 83.0000 var=  0.0000 fitness= 83.0000 age=0
-->8--
          7       3 
      5      24       8
     11      14      21 
 12      22      13      20
  6      15       9       1
     17      10      19 
      2      23       4
         16      18 
--8<--
execution time: real 1.343444s user 0.122981s sys 0.000000s
jsgmd24: M=7 A=2 B=3 P=512 K=256 sp=3 xover=2D/3 mut=6 replace_worst=51 aging explosion=128@0.005000*128 swap=2 hexspin=2
generation #9: pop m= 84.848 v=0.771 f= 81.099
best: found: sum= 85.0000 var=  0.0000 fitness= 85.0000 age=1
-->8--
          4       3 
      9      24       2
     22      19      17 
 12       7      20      11
  5      16      10       6
     23      13      21 
     14      18      15
          1       8 
--8<--
found: sum= 83.0000 var=  0.0000 fitness= 83.0000 age=2
-->8--
         18       4 
      5      19      20
     24      11      12 
 15       6      17       8
  1      14      22       3
     23      13      21 
     10      16       2
          7       9 
--8<--
found: sum= 84.0000 var=  0.0000 fitness= 84.0000 age=4
-->8--
          7       3 
     13      21       6
     22      12      24 
 14       9      18       4
  8      20      10       5
     11      15      23 
      2      19      16
         17       1 
--8<--
found: sum= 82.0000 var=  0.0000 fitness= 82.0000 age=7
-->8--
         13      10 
      2      16       3
     22      24      11 
 20       5      18       1
  6      12      14      15
     17       9      23 
     19      21       7
          4       8 
--8<--
found: sum= 83.0000 var=  0.0000 fitness= 83.0000 age=1
-->8--
          7       3 
      5      24       8
     11      14      21 
 12      22      13      20
  6      15       9       1
     17      10      19 
      2      23       4
         16      18 
--8<--
found: sum= 83.0000 var=  0.0000 fitness= 83.0000 age=2
-->8--
          6      14 
      9      20       1
     18       8      17 
 11      22      23       3
  7      10       4      12
     15      16      24 
     19      21       5
          2      13 
--8<--
found: sum= 82.0000 var=  0.0000 fitness= 82.0000 age=5
-->8--
         13      10 
      2      16       3
     22      24      11 
 19       5      18       1
  7      12      15      14
     17       8      23 
     20      21       6
          4       9 
--8<--
found: sum= 83.0000 var=  0.0000 fitness= 83.0000 age=4
-->8--
         12      15 
     18       8       1
     24      14      23 
 16       7      22       3
  2      13      10       5
     21      17      20 
      9      19       6
          4      11 
--8<--
found: sum= 82.0000 var=  0.0000 fitness= 82.0000 age=6
-->8--
         13      10 
      2      16       3
     22      24      11 
 20       5      18       1
  6      12      14      15
     17       9      23 
     19      21       7
          4       8 
--8<--
found: sum= 84.0000 var=  0.0000 fitness= 84.0000 age=4
-->8--
         10       6 
      7      12      16
     22      14      23 
  5      19      13       4
  2      15       3      17
     21      20      24 
      9      18       8
          1      11 
--8<--
found: sum= 84.0000 var=  0.0000 fitness= 84.0000 age=4
-->8--
          5      13 
      7      22       2
     23      19      10 
  4       8      18       1
 12      16      14      17
     21       9      24 
      3      20       6
         15      11 
--8<--
