found: sum= 61.0000 var=  0.0000 fitness= 61.0000 age=0
-->8--
          9      20 
     22      11       6
      1      16      -2 
 21       2      10      14
  4      15      13       7
     18       5      19 
     12       8      17
          3      -1 
--8<--
found: sum= 67.0000 var=  0.0000 fitness= 67.0000 age=0
-->8--
         14      18 
      5      12      -2
      8      19      21 
 20       9      -1      17
  3      11       7      10
     16      22      13 
      2      15       6
          1       4 
--8<--
found: sum= 77.0000 var=  0.0000 fitness= 77.0000 age=0
-->8--
          2      23 
     21      11       1
     22      12      24 
 17       9       6      20
  3      19      18       4
      7      13       5 
     14      16      10
          8      15 
--8<--
found: sum= 59.0000 var=  0.0000 fitness= 59.0000 age=0
-->8--
         17      21 
     11      13       3
      7      12       4 
 15      -1       6      20
  1      19      14       5
     18       9      10 
     -1      16       2
         -2       8 
--8<--
found: sum= 76.0000 var=  0.0000 fitness= 76.0000 age=0
-->8--
         21      19 
     23       9      10
      2       7      20 
 13      14      11       5
  8      17      12       4
     22      15      24 
     18       3       6
          1      16 
--8<--
found: sum= 74.0000 var=  0.0000 fitness= 74.0000 age=0
-->8--
          2      22 
      8      15       6
     20      16      12 
  9      13       3      17
 -3      14       5      19
     21      23      18 
      4      11      10
          1       7 
--8<--
found: sum= 72.0000 var=  0.0000 fitness= 72.0000 age=0
-->8--
         21      -2 
      2      19      20
     10      15       9 
 13       5      11      12
  4      17      16       6
     23       8      18 
      3       7       1
         14      22 
--8<--
found: sum= 77.0000 var=  0.0000 fitness= 77.0000 age=0
-->8--
          6       7 
     19      24      13
      9       3      12 
 20      16      18       2
  1      10       8      23
     21      22      14 
      4       5      11
         15      17 
--8<--
found: sum= 74.0000 var=  0.0000 fitness= 74.0000 age=0
-->8--
         15       3 
     14      21      19
      5      10       4 
 22       9      17      23
  2      20      11      13
     16       7       6 
      1      18       8
         12      24 
--8<--
found: sum= 83.0000 var=  0.0000 fitness= 83.0000 age=0
-->8--
         15      16 
      6      21       3
     17      11      23 
  7      13       9      10
  4      20      12       5
     22      18      24 
      1       8       2
         14      19 
--8<--
found: sum= 80.0000 var=  0.0000 fitness= 80.0000 age=0
-->8--
          9      16 
     14      13      22
     15      18       4 
  8      11       7      12
  3      20      19      17
     23       5      21 
      6      24       1
          2      10 
--8<--
found: sum= 71.0000 var=  0.0000 fitness= 71.0000 age=0
-->8--
         16       7 
     20       6      14
      2      17      18 
 21      10       9       8
  4      15      22       1
     19      -2      13 
     11      23      12
          5       3 
--8<--
found: sum= 78.0000 var=  0.0000 fitness= 78.0000 age=0
-->8--
          8      24 
     22      11      16
     19       6      14 
 10      12       7       9
  2      15      21       4
     20      17      23 
     18       3       1
          5      13 
--8<--
found: sum= 82.0000 var=  0.0000 fitness= 82.0000 age=0
-->8--
         14      16 
     19      13       1
     10      17      20 
 23       9      15       8
  6      12      11       4
     22      18      24 
      2      21       3
          7       5 
--8<--
found: sum= 81.0000 var=  0.0000 fitness= 81.0000 age=0
-->8--
         20      11 
      2      19       3
     18      17      23 
 14       5       8       6
  7      13      22      10
     24      16      12 
     15       9       1
          4      21 
--8<--
found: sum= 81.0000 var=  0.0000 fitness= 81.0000 age=0
-->8--
         19      15 
      6      23       4
     12      10      24 
 20      11       5      14
  3      17      16       1
     18      22      21 
      8       7       2
          9      13 
--8<--
found: sum= 74.0000 var=  0.0000 fitness= 74.0000 age=0
-->8--
         21      10 
      4      20       3
      9      12      23 
 22       8       6      -1
  2      14      16      13
     19      18      17 
     11       7       1
          5      15 
--8<--
found: sum= 77.0000 var=  0.0000 fitness= 77.0000 age=0
-->8--
         17      -2 
      8      23      13
     21       5      20 
  9       3      18       6
 10      15      14       7
     19      22      12 
      4      16       2
          1      11 
--8<--
found: sum= 80.0000 var=  0.0000 fitness= 80.0000 age=0
-->8--
          8      18 
     19      12       6
     21      13      22 
 15       7       9      20
  4      17      23       1
     16      11       5 
     10      24       3
          2      14 
--8<--
found: sum= 79.0000 var=  0.0000 fitness= 79.0000 age=0
-->8--
         10       7 
     20      22      12
     13       9      18 
 23       5      11       8
  2      19      14       4
     17      21      24 
     15       1       3
          6      16 
--8<--
found: sum= 68.0000 var=  0.0000 fitness= 68.0000 age=0
-->8--
          3      12 
     16      20       6
      5       9      19 
 18      15       2      17
  1       7      21      -1
     22      14      10 
      8      13      11
          4      -1 
--8<--
found: sum= 80.0000 var=  0.0000 fitness= 80.0000 age=0
-->8--
          5       8 
     17      24       6
     18       9      22 
 12       7      11      23
  4      19      13      10
     20      21       1 
      2      15      14
          3      16 
--8<--
found: sum= 82.0000 var=  0.0000 fitness= 82.0000 age=0
-->8--
          6       1 
      3      20      15
     24      16      18 
  9      13      12      11
  4      10      14       8
     22      17      19 
     21       7      23
          5       2 
--8<--
found: sum= 73.0000 var=  0.0000 fitness= 73.0000 age=0
-->8--
          7       4 
      8      17      11
     21      15      16 
 14       5      10       6
  1      13      18       3
     19      12      20 
     -2      22       2
          9      -1 
--8<--
found: sum= 79.0000 var=  0.0000 fitness= 79.0000 age=0
-->8--
         10       6 
     16      22      21
     15       7      19 
 12       9       4      13
  3      17      24       8
     23      18      11 
     14       5      20
          2       1 
--8<--
found: sum= 75.0000 var=  0.0000 fitness= 75.0000 age=0
-->8--
         19       5 
     10      15      20
      6      12       7 
 22      13      16      17
  1       9      11       3
     24      14      21 
     18       2       4
          8      23 
--8<--
found: sum= 69.0000 var=  0.0000 fitness= 69.0000 age=0
-->8--
         13      14 
      7      21      -1
     17       8      22 
  9       3       5       6
  1      20      18       2
     19      15      16 
     12      -1      10
          4      11 
--8<--
found: sum= 79.0000 var=  0.0000 fitness= 79.0000 age=0
-->8--
         17      21 
      8      13       4
     18      12      23 
 14      11       6      16
  3       9      22       5
     24      19       7 
     15      10      20
          2       1 
--8<--
found: sum= 82.0000 var=  0.0000 fitness= 82.0000 age=0
-->8--
         14      19 
     11      22       1
     18       9      16 
 10       8      15      20
  5      17      21       3
     24      12       7 
      2      23       6
          4      13 
--8<--
found: sum= 81.0000 var=  0.0000 fitness= 81.0000 age=0
-->8--
         11      16 
      5      21       4
     14      10      18 
 15      20      12       3
  1       9      17       7
     22      13      24 
      8       6       2
         23      19 
--8<--
found: sum= 78.0000 var=  0.0000 fitness= 78.0000 age=0
-->8--
          8       1 
     14      20      23
     13      11       7 
  9      12      16      22
  5      18       6      17
     21      15      10 
      2      19       4
          3      24 
--8<--
found: sum= 81.0000 var=  0.0000 fitness= 81.0000 age=0
-->8--
          9       3 
      7      16       8
     18      19      24 
 17      12      11       4
  6       5      13      15
     23      21      14 
     20      10       1
          2      22 
--8<--
found: sum= 81.0000 var=  0.0000 fitness= 81.0000 age=0
-->8--
         13      12 
      8      21       7
     19       6      24 
  5      14      11       2
  4      17      18      10
     22      15      16 
     23       3       9
          1      20 
--8<--
found: sum= 79.0000 var=  0.0000 fitness= 79.0000 age=0
-->8--
         13      20 
     14      11       8
     22      10      18 
  4       9      12       7
  5      15      17       6
     24      16      19 
     21       1      23
          2       3 
--8<--
found: sum= 72.0000 var=  0.0000 fitness= 72.0000 age=0
-->8--
          6      21 
     17      15      -1
     23       8      11 
 16       3      18       7
  2      19      10       4
      9      14      22 
     13       5      20
         12       1 
--8<--
found: sum= 70.0000 var=  0.0000 fitness= 70.0000 age=0
-->8--
         19       9 
     14      23       7
      5       3      13 
 22       6      15       1
  4      17      18       2
     16      11      21 
      8      -2      10
         20      12 
--8<--
found: sum= 79.0000 var=  0.0000 fitness= 79.0000 age=0
-->8--
         16      23 
     11      21       4
      9       5       6 
 14      17      20      19
  3      12      10       2
     24      15      22 
      8      13       1
          7      18 
--8<--
found: sum= 76.0000 var=  0.0000 fitness= 76.0000 age=0
-->8--
          1      22 
     14      21       6
     23       7      11 
  5      10       9      17
  2      20      12       8
     16      18      19 
      3      15      13
          4      -1 
--8<--
found: sum= 68.0000 var=  0.0000 fitness= 68.0000 age=0
-->8--
         17      13 
      6      20       1
     15       3      22 
 16       7       9      -3
 -3      12      19      10
     21      18      11 
      5       4       2
          8      14 
--8<--
found: sum= 83.0000 var=  0.0000 fitness= 83.0000 age=0
-->8--
         14      15 
      7      21       2
     22       6      23 
 10      13      16       5
  3      11      18       4
     24      19      17 
      9       8      20
         12       1 
--8<--
found: sum= 84.0000 var=  0.0000 fitness= 84.0000 age=0
-->8--
          9      11 
     14      21      17
     18       3      22 
  5      19      10       6
  2      16      23       8
     24      13      15 
      7      20       1
          4      12 
--8<--
found: sum= 85.0000 var=  0.0000 fitness= 85.0000 age=0
-->8--
         17      15 
      7      23       4
     16      13      19 
  8       9      11      12
 10      18      20       1
     24      14      22 
      5      21       6
          3       2 
--8<--
found: sum= 78.0000 var=  0.0000 fitness= 78.0000 age=0
-->8--
         15      17 
      7      23       6
     14      11      12 
 10       8       9       2
  5      19      18      21
     22      13      16 
     20       3      24
          1       4 
--8<--
execution time: real 2.037876s user 0.043993s sys 0.001999s
GA: P=512 K=256 sp=3 xover=2D/1 aging
generation #15: pop m= 80.205 v=0.895 f= 76.712
best: found: sum= 85.0000 var=  0.0000 fitness= 85.0000 age=1
-->8--
         17      15 
      7      23       4
     16      13      19 
  8       9      11      12
 10      18      20       1
     24      14      22 
      5      21       6
          3       2 
--8<--
found: sum= 82.0000 var=  0.0000 fitness= 82.0000 age=4
-->8--
         14      19 
     11      22       1
     18       9      16 
 10       8      15      20
  5      17      21       3
     24      12       7 
      2      23       6
          4      13 
--8<--
found: sum= 79.0000 var=  0.0000 fitness= 79.0000 age=4
-->8--
         17      21 
      8      13       4
     18      12      23 
 14      11       6      16
  3       9      22       5
     24      19       7 
     15      10      20
          2       1 
--8<--
found: sum= 83.0000 var=  0.0000 fitness= 83.0000 age=1
-->8--
         14      15 
      7      21       2
     22       6      23 
 10      13      16       5
  3      11      18       4
     24      19      17 
      9       8      20
         12       1 
--8<--
found: sum= 76.0000 var=  0.0000 fitness= 76.0000 age=1
-->8--
          1      22 
     14      21       6
     23       7      11 
  5      10       9      17
  2      20      12       8
     16      18      19 
      3      15      13
          4      -1 
--8<--
found: sum= 81.0000 var=  0.0000 fitness= 81.0000 age=3
-->8--
         13      12 
      8      21       7
     19       6      24 
  5      14      11       2
  4      17      18      10
     22      15      16 
     23       3       9
          1      20 
--8<--
found: sum= 78.0000 var=  0.0000 fitness= 78.0000 age=1
-->8--
         15      17 
      7      23       6
     14      11      12 
 10       8       9       2
  5      19      18      21
     22      13      16 
     20       3      24
          1       4 
--8<--
found: sum= 79.0000 var=  0.0000 fitness= 79.0000 age=4
-->8--
         10       6 
     16      22      21
     15       7      19 
 12       9       4      13
  3      17      24       8
     23      18      11 
     14       5      20
          2       1 
--8<--
found: sum= 84.0000 var=  0.0000 fitness= 84.0000 age=1
-->8--
          9      11 
     14      21      17
     18       3      22 
  5      19      10       6
  2      16      23       8
     24      13      15 
      7      20       1
          4      12 
--8<--
found: sum= 80.0000 var=  0.0000 fitness= 80.0000 age=5
-->8--
          8      18 
     19      12       6
     21      13      22 
 15       7       9      20
  4      17      23       1
     16      11       5 
     10      24       3
          2      14 
--8<--
found: sum= 81.0000 var=  0.0000 fitness= 81.0000 age=7
-->8--
         19      15 
      6      23       4
     12      10      24 
 20      11       5      14
  3      17      16       1
     18      22      21 
      8       7       2
          9      13 
--8<--
found: sum= 79.0000 var=  0.0000 fitness= 79.0000 age=2
-->8--
         13      20 
     14      11       8
     22      10      18 
  4       9      12       7
  5      15      17       6
     24      16      19 
     21       1      23
          2       3 
--8<--
found: sum= 81.0000 var=  0.0000 fitness= 81.0000 age=3
-->8--
          9       3 
      7      16       8
     18      19      24 
 17      12      11       4
  6       5      13      15
     23      21      14 
     20      10       1
          2      22 
--8<--
found: sum= 79.0000 var=  0.0000 fitness= 79.0000 age=5
-->8--
         10       7 
     20      22      12
     13       9      18 
 23       5      11       8
  2      19      14       4
     17      21      24 
     15       1       3
          6      16 
--8<--
found: sum= 68.0000 var=  0.0000 fitness= 68.0000 age=1
-->8--
         17      13 
      6      20       1
     15       3      22 
 16       7       9      -3
 -3      12      19      10
     21      18      11 
      5       4       2
          8      14 
--8<--
found: sum= 79.0000 var=  0.0000 fitness= 79.0000 age=2
-->8--
         16      23 
     11      21       4
      9       5       6 
 14      17      20      19
  3      12      10       2
     24      15      22 
      8      13       1
          7      18 
--8<--
found: sum= 82.0000 var=  0.0000 fitness= 82.0000 age=7
-->8--
         14      16 
     19      13       1
     10      17      20 
 23       9      15       8
  6      12      11       4
     22      18      24 
      2      21       3
          7       5 
--8<--
found: sum= 81.0000 var=  0.0000 fitness= 81.0000 age=3
-->8--
         11      16 
      5      21       4
     14      10      18 
 15      20      12       3
  1       9      17       7
     22      13      24 
      8       6       2
         23      19 
--8<--
found: sum= 81.0000 var=  0.0000 fitness= 81.0000 age=7
-->8--
         20      11 
      2      19       3
     18      17      23 
 14       5       8       6
  7      13      22      10
     24      16      12 
     15       9       1
          4      21 
--8<--
found: sum= 83.0000 var=  0.0000 fitness= 83.0000 age=8
-->8--
         15      16 
      6      21       3
     17      11      23 
  7      13       9      10
  4      20      12       5
     22      18      24 
      1       8       2
         14      19 
--8<--
found: sum= 82.0000 var=  0.0000 fitness= 82.0000 age=4
-->8--
          6       1 
      3      20      15
     24      16      18 
  9      13      12      11
  4      10      14       8
     22      17      19 
     21       7      23
          5       2 
--8<--
found: sum= 80.0000 var=  0.0000 fitness= 80.0000 age=8
-->8--
          9      16 
     14      13      22
     15      18       4 
  8      11       7      12
  3      20      19      17
     23       5      21 
      6      24       1
          2      10 
--8<--
found: sum= 80.0000 var=  0.0000 fitness= 80.0000 age=4
-->8--
          5       8 
     17      24       6
     18       9      22 
 12       7      11      23
  4      19      13      10
     20      21       1 
      2      15      14
          3      16 
--8<--
