found: sum= 74.0000 var=  0.0000 fitness= 74.0000
-->8--
         17      14 
     16      24      13
      5       8      12 
 15       4       3       9
 10      18      21      23
     22      20       6 
     11       1       7
          2      19 
--8<--
found: sum= 79.0000 var=  0.0000 fitness= 79.0000
-->8--
         14      18 
     19      17       9
     12      16      11 
 15       1       8       2
  6      23      24      21
     22       7      13 
      3      20      10
          4       5 
--8<--
found: sum= 82.0000 var=  0.0000 fitness= 82.0000
-->8--
         11       2 
      8      19      24
     17      12      16 
  1      15       9       5
  4      22      18      20
     23       6      14 
      7      21      13
          3      10 
--8<--
found: sum= 81.0000 var=  0.0000 fitness= 81.0000
-->8--
          7       4 
      8      20      17
     23       1      21 
 15      22      18      12
  3       2      14      10
     16      24       6 
      9      19       5
         11      13 
--8<--
found: sum= 72.0000 var=  0.0000 fitness= 72.0000
-->8--
         16       6 
     13      20      23
     12      10       2 
 18       1      11       5
 24      14      17      22
      3      19      15 
     21       8       4
          7       9 
--8<--
execution time: real 0.006714s user 0.005999s sys 0.000999s
GA: P=50 K=10 sp=2 xover=2D/1 optrpl=2 optskip=10 optmax=1.142857
generation #0: pop m= 76.477 v= 76.313 f= 44.923 best_age=0
best: found: sum= 82.0000 var=  0.0000 fitness= 82.0000
-->8--
         11       2 
      8      19      24
     17      12      16 
  1      15       9       5
  4      22      18      20
     23       6      14 
      7      21      13
          3      10 
--8<--
found: sum= 74.0000 var=  0.0000 fitness= 74.0000
-->8--
         17      14 
     16      24      13
      5       8      12 
 15       4       3       9
 10      18      21      23
     22      20       6 
     11       1       7
          2      19 
--8<--
found: sum= 79.0000 var=  0.0000 fitness= 79.0000
-->8--
         14      18 
     19      17       9
     12      16      11 
 15       1       8       2
  6      23      24      21
     22       7      13 
      3      20      10
          4       5 
--8<--
found: sum= 81.0000 var=  0.0000 fitness= 81.0000
-->8--
          7       4 
      8      20      17
     23       1      21 
 15      22      18      12
  3       2      14      10
     16      24       6 
      9      19       5
         11      13 
--8<--
found: sum= 72.0000 var=  0.0000 fitness= 72.0000
-->8--
         16       6 
     13      20      23
     12      10       2 
 18       1      11       5
 24      14      17      22
      3      19      15 
     21       8       4
          7       9 
--8<--
