found: sum=  0.0000 var=  0.0000 fitness=  0.0000
-->8--
          3       4 
      2      17      23
     21      22       1 
 24      10       8      20
  6       9      14      19
      5      12      13 
     16      18      11
         15       7 
--8<--
found: sum=  0.0000 var=  0.0000 fitness=  0.0000
-->8--
         20       8 
     13       1      21
     19      12      17 
 18       9      15      10
  3      23      11      14
      2       4       7 
      5      24      22
         16       6 
--8<--
found: sum=  0.0000 var=  0.0000 fitness=  0.0000
-->8--
         17      10 
      3      18       7
     11      16       5 
 14      13      22      24
 23       2       6       1
     15      19      20 
      9      21       4
         12       8 
--8<--
execution time: real 0.082227s user 0.015997s sys 0.000000s
GA: P=50 K=25 sp=3 xover=2D/1
generation #0: pop m= 76.289 v=  0.193 f= 74.236 best_age=0
best: sum= 82.2857 var=  0.2041 fitness= 80.0726
-->8--
         11       1 
      2      18      10
     24      22      16 
  3       5      15       4
 20       8      14      21
     23      19      12 
      6      17       7
          9      13 
--8<--
found: sum= 75.0000 var=  0.0000 fitness= 75.0000
-->8--
          3       4 
      2      17      23
     21      22       1 
 24      10       8      20
  6       9      14      19
      5      12      13 
     16      18      11
         15       7 
--8<--
found: sum= 74.0000 var=  0.0000 fitness= 74.0000
-->8--
         20       8 
     13       1      21
     19      12      17 
 18       9      15      10
  3      23      11      14
      2       4       7 
      5      24      22
         16       6 
--8<--
found: sum= 78.0000 var=  0.0000 fitness= 78.0000
-->8--
         17      10 
      3      18       7
     11      16       5 
 14      13      22      24
 23       2       6       1
     15      19      20 
      9      21       4
         12       8 
--8<--
