found: sum= 74.0000 var=  0.0000 fitness= 74.0000 age=0
-->8--
         19      16 
      7       2       8
      5      17      21 
 20      24      10      12
  1      13       6       3
     11       4      22 
     14       9      18
         23      15 
--8<--
found: sum= 72.0000 var=  0.0000 fitness= 72.0000 age=0
-->8--
         20       9 
     22       5      13
      2      16      15 
 17       7      14       3
 18      24      10      19
      4       1      11 
      8      23      21
         12       6 
--8<--
found: sum= 76.0000 var=  0.0000 fitness= 76.0000 age=0
-->8--
         11       1 
      7      18      24
      5      12      15 
  8      23       6      19
 16       4      17      10
     20      14       9 
     22      13      21
          3       2 
--8<--
found: sum= 76.0000 var=  0.0000 fitness= 76.0000 age=0
-->8--
          4       1 
     13      20      21
      7       8      23 
 15      24       3      18
  6      14       5      16
     10      22      11 
      2       9      17
         19      12 
--8<--
found: sum= 77.0000 var=  0.0000 fitness= 77.0000 age=0
-->8--
         22       6 
     18       9       7
     11      12      24 
 21       5      19       1
 17       8      20      10
     15      13       3 
     14      23      16
          4       2 
--8<--
found: sum= 78.0000 var=  0.0000 fitness= 78.0000 age=0
-->8--
         17      12 
      3      19       5
      1      18      14 
 16      20      10      24
  4      15       8       9
     22       7      13 
     11      21      23
          2       6 
--8<--
found: sum= 75.0000 var=  0.0000 fitness= 75.0000 age=0
-->8--
          1       4 
     18       2      23
     13      22      17 
 20      19       7      21
  6       9       3      16
      8      15      11 
     14      24      10
          5      12 
--8<--
found: sum= 77.0000 var=  0.0000 fitness= 77.0000 age=0
-->8--
         13       6 
      8      14      21
     23      12      19 
  2       7       5      18
 17      24       9      11
      4      20      15 
     16      10       1
          3      22 
--8<--
found: sum= 74.0000 var=  0.0000 fitness= 74.0000 age=0
-->8--
         24      18 
      9       5      20
     22       1       7 
 21      13      23      11
  2      12       6      10
      4      19      17 
     16      15       3
          8      14 
--8<--
found: sum= 77.0000 var=  0.0000 fitness= 77.0000 age=0
-->8--
          5      15 
      7      24      10
      6      17       3 
  4      18       8      14
 16      13      12      19
     20       9      21 
      2      11      23
         22       1 
--8<--
found: sum= 73.0000 var=  0.0000 fitness= 73.0000 age=0
-->8--
          3      22 
     21       2       1
     12      20      24 
 14      15       4       7
 16      11       6      23
      5      17       9 
      8      13      10
         19      18 
--8<--
found: sum= 78.0000 var=  0.0000 fitness= 78.0000 age=0
-->8--
         16       6 
      4      20      10
     23      14      11 
 22       1      17      15
  2       9      24       8
     21      13       3 
     18      12      19
          5       7 
--8<--
found: sum= 69.0000 var=  0.0000 fitness= 69.0000 age=0
-->8--
         13      22 
     14       2      11
      3      21       6 
 15      16       7      23
 18       8       5       4
      9      12      24 
     19       1      10
         20      17 
--8<--
found: sum= 76.0000 var=  0.0000 fitness= 76.0000 age=0
-->8--
         15       7 
     20       1      16
     23       9      24 
 11       8      19      14
 12      17      10       3
      5      13       6 
     18      21       4
          2      22 
--8<--
found: sum= 77.0000 var=  0.0000 fitness= 77.0000 age=0
-->8--
          4      18 
     10      15       1
     19      17      23 
  7      12       3       8
 24       2      21      16
     13      22       6 
     20       9      14
         11       5 
--8<--
found: sum= 78.0000 var=  0.0000 fitness= 78.0000 age=0
-->8--
          6       9 
      1      19      10
     24       5      15 
 11      23      20      12
 13       4       8      16
      3      18       7 
     14      22      21
         17       2 
--8<--
found: sum= 74.0000 var=  0.0000 fitness= 74.0000 age=0
-->8--
          2      13 
     24      23      11
      6      10       5 
  4       9      12       1
 20      17      19      22
     18       7      15 
     21       3      16
          8      14 
--8<--
found: sum= 73.0000 var=  0.0000 fitness= 73.0000 age=0
-->8--
          4      23 
     24      17       2
      3       9       1 
 12      16      21      13
 18      10      11       5
     14       6      22 
     15       8      19
         20       7 
--8<--
found: sum= 76.0000 var=  0.0000 fitness= 76.0000 age=0
-->8--
         11       1 
     22      17      15
      7      13      14 
  8       6      16      23
 24      21       2       9
     10      18      12 
      4      20       5
          3      19 
--8<--
found: sum= 72.0000 var=  0.0000 fitness= 72.0000 age=0
-->8--
         19       3 
     16       2      14
      5      24      21 
 17       6       8      23
 18      11       1       9
     15      22      10 
      4       7      20
         13      12 
--8<--
found: sum= 76.0000 var=  0.0000 fitness= 76.0000 age=0
-->8--
          2       1 
     22      21       3
      5      19      17 
 24       7      15       4
 10      18      11      13
     12       6      16 
      8       9      14
         23      20 
--8<--
found: sum= 80.0000 var=  0.0000 fitness= 80.0000 age=0
-->8--
         17       9 
     11      23      21
     12       4       3 
 18      13      20       7
  5      10      19      15
     22      14      16 
      8      24       6
          2       1 
--8<--
found: sum= 70.0000 var=  0.0000 fitness= 70.0000 age=0
-->8--
          7      23 
     21      11      16
      8       5       6 
 13      18       9      24
  4      17       2      15
     10      19      14 
      3       1      12
         20      22 
--8<--
found: sum= 78.0000 var=  0.0000 fitness= 78.0000 age=0
-->8--
          2      15 
     13      20      14
     21       4       6 
  5      18      19      22
  1      10      16       3
     23      11      12 
     17       8      24
          9       7 
--8<--
found: sum= 79.0000 var=  0.0000 fitness= 79.0000 age=0
-->8--
          7       9 
      4      12       3
     22      23       8 
  5      11      24      19
 15       6       1      10
     20      14      17 
     21      16      18
          2      13 
--8<--
found: sum= 79.0000 var=  0.0000 fitness= 79.0000 age=0
-->8--
          9      16 
      1      24       6
     10      12      19 
  3      23       2       8
 20      18      17      11
      5       7      22 
     21      15       4
         13      14 
--8<--
found: sum= 75.0000 var=  0.0000 fitness= 75.0000 age=0
-->8--
         22       7 
      1       3      16
     14      20      24 
 11      15       5      23
 12       6       8       2
     17      21      13 
      9       4      19
         18      10 
--8<--
found: sum= 76.0000 var=  0.0000 fitness= 76.0000 age=0
-->8--
         14      17 
     13      12      21
     16       3      22 
  9      18       1      23
  8      19      24       2
      6      11       4 
     15      20       7
          5      10 
--8<--
found: sum= 73.0000 var=  0.0000 fitness= 73.0000 age=0
-->8--
         11       2 
     22      13      17
      3      23       8 
 24       1      10       7
 12      15      20      19
     18       4       9 
     16      14       5
          6      21 
--8<--
found: sum= 76.0000 var=  0.0000 fitness= 76.0000 age=0
-->8--
          3      16 
      5      24       8
     17      15       7 
  2      12       6      23
 19       4      21      10
     22      18       9 
     20       1      13
         11      14 
--8<--
found: sum= 75.0000 var=  0.0000 fitness= 75.0000 age=0
-->8--
         18      15 
      3      17       6
      8      10      13 
 16      19      14      23
 21       7       1       2
      4      24      22 
     20      11       5
          9      12 
--8<--
found: sum= 76.0000 var=  0.0000 fitness= 76.0000 age=0
-->8--
         21      22 
      7       6       9
     19       5      24 
  1      18      10      15
  8      13      14       2
     17      16      11 
     23       3      12
          4      20 
--8<--
found: sum= 78.0000 var=  0.0000 fitness= 78.0000 age=0
-->8--
         18       3 
     20      15      16
      7       4      17 
  6      14      23       1
 21      11       2      13
     19      24      22 
      9      10      12
          5       8 
--8<--
found: sum= 81.0000 var=  0.0000 fitness= 81.0000 age=0
-->8--
          1       4 
     19      13       6
     24      22      20 
  5       2      16       9
 21      12      18      10
     17      11       8 
      3      23       7
         15      14 
--8<--
found: sum= 81.0000 var=  0.0000 fitness= 81.0000 age=0
-->8--
          3      16 
      9      24      12
     14      11      10 
  4      20       8      21
 19       6      13       7
     18      23      22 
     15      17       1
          2       5 
--8<--
found: sum= 76.0000 var=  0.0000 fitness= 76.0000 age=0
-->8--
          7       3 
     14      16      11
      8      18      19 
 20      13       9      17
 12       2      10       6
     21      24      15 
      5       1       4
         23      22 
--8<--
found: sum= 81.0000 var=  0.0000 fitness= 81.0000 age=0
-->8--
         13      16 
      2      20       9
      7      18      17 
 15      21       1      12
  4      11      22       5
     23       8      24 
     19      14      10
          6       3 
--8<--
found: sum= 74.0000 var=  0.0000 fitness= 74.0000 age=0
-->8--
         24      15 
     20       2      22
      3      13      21 
  5      12       1       4
 19      17      23       9
     18       8      16 
      7      10       6
         14      11 
--8<--
found: sum= 80.0000 var=  0.0000 fitness= 80.0000 age=0
-->8--
          3       1 
     24      17      14
     23       8      21 
  4       5      19       6
 10      16      12       7
     22      20      15 
      9       2      13
         11      18 
--8<--
found: sum= 75.0000 var=  0.0000 fitness= 75.0000 age=0
-->8--
         12       1 
     16      13      19
     14       5      20 
  8      15      17      24
  6      10       7       3
     22      21       4 
     11       2      23
          9      18 
--8<--
found: sum= 78.0000 var=  0.0000 fitness= 78.0000 age=0
-->8--
          4       2 
     24      12      13
      6      17      20 
  7      15      14       9
  5      23       8      16
     22       1      11 
     10      19      21
          3      18 
--8<--
found: sum= 75.0000 var=  0.0000 fitness= 75.0000 age=0
-->8--
          8      22 
      6      20       4
      7      10      17 
 21      24       2      14
  9      13      11      19
      1      15      12 
     23      18      16
          5       3 
--8<--
found: sum= 80.0000 var=  0.0000 fitness= 80.0000 age=0
-->8--
          9      20 
     13      23       1
      8       5      19 
 15      22      12      14
  7      18       2      17
     10      21      16 
      4      24       6
          3      11 
--8<--
found: sum= 83.0000 var=  0.0000 fitness= 83.0000 age=0
-->8--
         17       2 
      8      18      15
     19       5      23 
  6      16      20       1
  7      14       4      13
     21      24      22 
      9      12      11
          3      10 
--8<--
found: sum= 76.0000 var=  0.0000 fitness= 76.0000 age=0
-->8--
         18       3 
     16      20      17
     13       8       9 
  5       1      19       7
 22      11      23       6
     24      14      12 
      4       2      10
         21      15 
--8<--
found: sum= 74.0000 var=  0.0000 fitness= 74.0000 age=0
-->8--
          4       9 
     20      13       5
      2      19      18 
 15      16      10      12
 22       8       7      24
     11      14       3 
      1      23      21
         17       6 
--8<--
found: sum= 80.0000 var=  0.0000 fitness= 80.0000 age=0
-->8--
          5       4 
     16      19       8
      3      23      11 
 10      14      15      18
  9      20       2      13
     24       6      21 
      1      22      12
          7      17 
--8<--
found: sum= 75.0000 var=  0.0000 fitness= 75.0000 age=0
-->8--
         15       6 
     20      12      13
      2      21       9 
 17       5      14       3
 16      24       7      19
     11       4      23 
      8      18       1
         10      22 
--8<--
found: sum= 81.0000 var=  0.0000 fitness= 81.0000 age=0
-->8--
         16       8 
      4      15      19
     23       3      22 
  7      20      14       2
  1      21      13      18
      9      10      12 
     11      24      17
          6       5 
--8<--
found: sum= 80.0000 var=  0.0000 fitness= 80.0000 age=0
-->8--
         15       1 
      8      16      18
     23      14      21 
 20       4      10       2
  5      19      11      12
      9      22      24 
      6       7      13
         17       3 
--8<--
found: sum= 74.0000 var=  0.0000 fitness= 74.0000 age=0
-->8--
          3      10 
      6      23      22
      9      14       1 
  8      19       4      17
 13      20      15      16
      5       2      21 
     12      11      18
         24       7 
--8<--
found: sum= 79.0000 var=  0.0000 fitness= 79.0000 age=0
-->8--
          2       4 
     23      21       1
      6      17      20 
 24      10      16       7
  3      22       9      12
     14       5      15 
     11      19      13
          8      18 
--8<--
found: sum= 73.0000 var=  0.0000 fitness= 73.0000 age=0
-->8--
         24       4 
      2      23      20
      8      13       1 
  7       3      12      22
 21      15      16      17
     19      14       5 
     10       9      18
          6      11 
--8<--
found: sum= 74.0000 var=  0.0000 fitness= 74.0000 age=0
-->8--
         24      15 
      9      20       3
     13       1      16 
  2       7      19      10
 23      18      17       8
     11      12       4 
     22       6      14
          5      21 
--8<--
found: sum= 77.0000 var=  0.0000 fitness= 77.0000 age=0
-->8--
          9       5 
     14      10       8
     12      11      20 
 18      21      23      13
  3       1       4       2
     22      17      15 
     24       6      19
          7      16 
--8<--
found: sum= 75.0000 var=  0.0000 fitness= 75.0000 age=0
-->8--
         11       5 
      6       7      21
     18      16      23 
 15      17       3      22
 14       9      10       4
      2      20      13 
     24      12       1
          8      19 
--8<--
found: sum= 81.0000 var=  0.0000 fitness= 81.0000 age=0
-->8--
          2      20 
     16      18       1
     23      17      12 
 11       5      13       4
  8      10      21       9
     24      15      22 
     19       6      14
          7       3 
--8<--
found: sum= 79.0000 var=  0.0000 fitness= 79.0000 age=0
-->8--
          4      12 
      5      20       9
     10      18       6 
  8      22      14      11
  2      21       1      23
     16       3      24 
     13      19      15
          7      17 
--8<--
found: sum= 77.0000 var=  0.0000 fitness= 77.0000 age=0
-->8--
          1       5 
     23       4      18
     17      21       7 
  2      11      22       9
 15       8      12      14
     24       3      13 
      6      20      19
         16      10 
--8<--
found: sum= 76.0000 var=  0.0000 fitness= 76.0000 age=0
-->8--
          2      19 
     15       8       1
     13      24      18 
  4      14       6      10
 22      11       5      17
     12      16      20 
      7       9      23
         21       3 
--8<--
found: sum= 76.0000 var=  0.0000 fitness= 76.0000 age=0
-->8--
          9      16 
     21      19      12
     13       3      22 
  1      11       4      10
 24      20      15       8
      7      23      17 
     18       2       5
          6      14 
--8<--
found: sum= 73.0000 var=  0.0000 fitness= 73.0000 age=0
-->8--
         21      12 
      3       1      13
     19      11      22 
  9      18      14      23
 16       5       8       4
      6      17       2 
     20      15       7
         10      24 
--8<--
found: sum= 81.0000 var=  0.0000 fitness= 81.0000 age=0
-->8--
         13       4 
      1      18      15
     14      16      20 
  2      19       8       6
 12      10      23      17
     24       5       7 
     11      22      21
          9       3 
--8<--
found: sum= 74.0000 var=  0.0000 fitness= 74.0000 age=0
-->8--
          6      14 
     24       3      10
      2      18      22 
 20      21       7       9
 12       8      16       1
     11       4      19 
     23      13      17
         15       5 
--8<--
found: sum= 77.0000 var=  0.0000 fitness= 77.0000 age=0
-->8--
         20      16 
      2      12      10
      9      13      19 
  3      21       7      14
 15      24      11       4
      5       1      22 
      6      18      17
         23       8 
--8<--
found: sum= 77.0000 var=  0.0000 fitness= 77.0000 age=0
-->8--
          2       3 
     21      16      12
     22       6      23 
  1      10      17      13
 18      19      11       5
      7      14       8 
      4       9      15
         24      20 
--8<--
found: sum= 74.0000 var=  0.0000 fitness= 74.0000 age=0
-->8--
         14      11 
     16      18      22
     15       4       2 
  6       7      17      20
 12      13      23       3
     21      10       9 
      1       5       8
         24      19 
--8<--
found: sum= 75.0000 var=  0.0000 fitness= 75.0000 age=0
-->8--
         14      19 
      1      15       3
     16      17      11 
  6      12      10       8
 21      18      13       9
      2       5      24 
     23       7      22
         20       4 
--8<--
found: sum= 75.0000 var=  0.0000 fitness= 75.0000 age=0
-->8--
          1      11 
     23      24       7
      6       3      21 
  5      18       9      20
 22      16      19       2
      8      10       4 
     15      12      17
         14      13 
--8<--
found: sum= 82.0000 var=  0.0000 fitness= 82.0000 age=0
-->8--
          7       1 
      4      23      11
     22      16      13 
  6      10      18      14
  3      21      12       8
     20       5      17 
     19      15      24
          2       9 
--8<--
found: sum= 76.0000 var=  0.0000 fitness= 76.0000 age=0
-->8--
         15       3 
      6      12      17
      2      19      18 
  1      22       7      24
 20       8       4       9
     23      16      14 
     13      11      21
          5      10 
--8<--
found: sum= 78.0000 var=  0.0000 fitness= 78.0000 age=0
-->8--
          3       7 
     16       9       4
     17      14      24 
 11      19      20       2
 13       6       1       8
     12      18      23 
     22       5      21
         15      10 
--8<--
found: sum= 73.0000 var=  0.0000 fitness= 73.0000 age=0
-->8--
          8       2 
      1      20      15
     16      21       4 
 14       7      11      18
  5      19       6      24
     12       9      10 
     17       3      23
         13      22 
--8<--
found: sum= 75.0000 var=  0.0000 fitness= 75.0000 age=0
-->8--
         14       6 
      4      21      18
     22      12       5 
  9       2      13       3
 19       7      24      20
     16      17      10 
     11       1      15
         23       8 
--8<--
found: sum= 74.0000 var=  0.0000 fitness= 74.0000 age=0
-->8--
          2       6 
     17      20       8
      9      19      11 
  3       7      10      21
 24      18       4      23
     13      16       5 
     14      12      15
          1      22 
--8<--
found: sum= 80.0000 var=  0.0000 fitness= 80.0000 age=0
-->8--
          6       1 
      7      21      12
      2      20      17 
  8      24       9      16
 18       5      19       4
     23       3      15 
     14      22      11
         13      10 
--8<--
found: sum= 78.0000 var=  0.0000 fitness= 78.0000 age=0
-->8--
         13       1 
     12      18      19
      8       5      24 
 16      22      11       9
  3      14       6       7
     15      20      21 
      2       4      17
         23      10 
--8<--
found: sum= 77.0000 var=  0.0000 fitness= 77.0000 age=0
-->8--
          6      19 
      9      13      12
     11      24       1 
  3      14       8       7
 18      10      16      23
     21       5      22 
      4      17       2
         20      15 
--8<--
found: sum= 81.0000 var=  0.0000 fitness= 81.0000 age=0
-->8--
          5       4 
      3      24      11
     21       8      22 
  6      20      12      23
  1      18      13       2
     15      10       9 
     17      14      16
          7      19 
--8<--
found: sum= 79.0000 var=  0.0000 fitness= 79.0000 age=0
-->8--
          1       8 
     13       5      24
     20      18      17 
  2      22       7       9
 10      14       6      21
     11      12      19 
     15      23      16
          4       3 
--8<--
found: sum= 82.0000 var=  0.0000 fitness= 82.0000 age=0
-->8--
          3       5 
      4      24      11
     16      21      15 
  8      14       6       2
  9      12      22      18
     23       7      19 
     10      13       1
         17      20 
--8<--
found: sum= 74.0000 var=  0.0000 fitness= 74.0000 age=0
-->8--
         19       4 
      5       9      20
     12      16      22 
 10      13       3      23
  6      18       7       8
     15      17      11 
     21       1      24
          2      14 
--8<--
found: sum= 85.0000 var=  0.0000 fitness= 85.0000 age=0
-->8--
          7       2 
      5      20      16
     22      18      15 
 11      13      14       8
  1      17      19       6
     21       4      23 
      9      24       3
         10      12 
--8<--
found: sum= 77.0000 var=  0.0000 fitness= 77.0000 age=0
-->8--
         17       4 
     13      11      15
     24       3      21 
  8       9      23      20
 14      16       7       5
      6      19       1 
     12      22      18
          2      10 
--8<--
found: sum= 79.0000 var=  0.0000 fitness= 79.0000 age=0
-->8--
          7      24 
     12       5       1
     22      17      23 
  4      16       9       6
  3      15      20      13
     19       2       8 
     11      18      21
         14      10 
--8<--
found: sum= 77.0000 var=  0.0000 fitness= 77.0000 age=0
-->8--
          7       1 
     17       6      13
      8      21      20 
 12      18      16       2
 11       4       3      14
     24      15      22 
     10       5      23
         19       9 
--8<--
found: sum= 78.0000 var=  0.0000 fitness= 78.0000 age=0
-->8--
          4      18 
     19      24       8
     17      12       6 
 15       2      10      13
  1      23      22      11
     20       9      16 
     14       7       3
          5      21 
--8<--
found: sum= 81.0000 var=  0.0000 fitness= 81.0000 age=0
-->8--
         14      12 
      2      24      18
     23      15       7 
  4       3       5      13
  9      20      21      16
     22      17      19 
     11      10       8
          1       6 
--8<--
found: sum= 79.0000 var=  0.0000 fitness= 79.0000 age=0
-->8--
          4      14 
     21      11       8
     24      16      20 
  2       3      10       1
 19       9      23      13
     22      18      12 
     17       6       5
          7      15 
--8<--
found: sum= 81.0000 var=  0.0000 fitness= 81.0000 age=0
-->8--
          2       3 
      9      24       7
     16      20      23 
 11      10       4      15
 14      13      12       8
     17      22      19 
     18       6       1
          5      21 
--8<--
found: sum= 75.0000 var=  0.0000 fitness= 75.0000 age=0
-->8--
         18       4 
     11       1      20
     15      14      23 
 12      16      13      22
  8      17       9       3
      7       6       5 
      2      24      21
         19      10 
--8<--
found: sum= 79.0000 var=  0.0000 fitness= 79.0000 age=0
-->8--
          1      18 
     17      14       2
     20      12      10 
 19      15      23       7
  3      16       4      11
      6       9      24 
     22      21       8
          5      13 
--8<--
found: sum= 76.0000 var=  0.0000 fitness= 76.0000 age=0
-->8--
         14       7 
     11      24      13
     17       9       2 
 10       1      21      12
 18      22       3      15
      8      20      23 
     16       6      19
          4       5 
--8<--
found: sum= 79.0000 var=  0.0000 fitness= 79.0000 age=0
-->8--
         12      16 
      7      14       9
     13      11      19 
  5      22      10      17
  4      15       3      24
     20      18       6 
      2      23       8
          1      21 
--8<--
found: sum= 77.0000 var=  0.0000 fitness= 77.0000 age=0
-->8--
         20      15 
     24      18       5
      3       4      19 
 13       8      16       1
 23      21      17       2
      9      11      22 
     10      14       6
         12       7 
--8<--
found: sum= 73.0000 var=  0.0000 fitness= 73.0000 age=0
-->8--
         10       3 
      9       6      20
     11      18      21 
 15      19       5      24
  4      16       2      14
      8      13       7 
     23      12      22
          1      17 
--8<--
found: sum= 79.0000 var=  0.0000 fitness= 79.0000 age=0
-->8--
         16      15 
      7       9      10
     17      19      18 
  5      11       8      22
  1      21      14      13
     24       6       4 
      2      23      12
          3      20 
--8<--
found: sum= 76.0000 var=  0.0000 fitness= 76.0000 age=0
-->8--
         20       4 
      1      23       3
     14      13      18 
 22       5      15       2
  9      19       8      21
      7      16      12 
     17       6      24
         11      10 
--8<--
found: sum= 81.0000 var=  0.0000 fitness= 81.0000 age=0
-->8--
          7       5 
     23      10       9
     19      20      21 
 22       2      16       1
  3      17      15       4
     18      11      24 
      8      13       6
         14      12 
--8<--
found: sum= 79.0000 var=  0.0000 fitness= 79.0000 age=0
-->8--
          3       2 
     14      15      16
     12      18      21 
  5      17       7      19
 11      10       4       6
     24      23      22 
     13       1       9
          8      20 
--8<--
found: sum= 78.0000 var=  0.0000 fitness= 78.0000 age=0
-->8--
          1       9 
      4      15       6
     23      21      20 
 19      14       7      22
  2      17      11       5
      3       8      13 
     10      16      12
         24      18 
--8<--
found: sum= 80.0000 var=  0.0000 fitness= 80.0000 age=0
-->8--
          1      10 
      7      18      19
     22       8      23 
  4      24       2      17
  5      12      20      15
     13      14       3 
      9      21      16
         11       6 
--8<--
found: sum= 78.0000 var=  0.0000 fitness= 78.0000 age=0
-->8--
          6       7 
     14      23       2
     15      16      10 
 11       4      20       8
  5      22      13      18
     21       3       9 
      1      12      17
         19      24 
--8<--
found: sum= 76.0000 var=  0.0000 fitness= 76.0000 age=0
-->8--
         17       7 
      8      19      18
      9       1      21 
 16      22      10       6
  3      12      20       4
     14      11      15 
     13       2       5
         24      23 
--8<--
found: sum= 79.0000 var=  0.0000 fitness= 79.0000 age=0
-->8--
          6       1 
      5      22       8
     20      16      19 
  7      10      13      24
 15       9      17       2
     18      14       4 
      3      12      11
         23      21 
--8<--
found: sum= 76.0000 var=  0.0000 fitness= 76.0000 age=0
-->8--
          1      22 
     10      13       3
      8      23       9 
  4      21       6      20
 17       2      19       7
     24       5      15 
     18      11      14
         16      12 
--8<--
found: sum= 81.0000 var=  0.0000 fitness= 81.0000 age=0
-->8--
          6      12 
      5      16       7
     23      21      17 
 15      10       8       4
  2      20       9      19
     11      13      24 
      1      14      18
         22       3 
--8<--
found: sum= 82.0000 var=  0.0000 fitness= 82.0000 age=0
-->8--
          1       7 
     17      20       6
     18      16      24 
  3      10       9       5
 15      13      22       8
     23      12      14 
      4      11      21
         19       2 
--8<--
found: sum= 76.0000 var=  0.0000 fitness= 76.0000 age=0
-->8--
         23      13 
      1      24       4
     17       2      21 
 10       9      12       6
 18      14      19      11
      8      20       7 
     16       3      22
         15       5 
--8<--
found: sum= 77.0000 var=  0.0000 fitness= 77.0000 age=0
-->8--
          9      23 
     16       8       2
      4      19      18 
 17      21       7      13
 12       3       5      10
     20      22      24 
     15      11       1
          6      14 
--8<--
found: sum= 78.0000 var=  0.0000 fitness= 78.0000 age=0
-->8--
         20      12 
     15      13      17
      6      10      21 
 16      14       5       8
 11       7      19       3
     24      23      22 
      2       4       9
         18       1 
--8<--
found: sum= 74.0000 var=  0.0000 fitness= 74.0000 age=0
-->8--
         22      14 
      6       1      12
     18      17      23 
  8      10       7      16
 20       3      13      11
     15      24       4 
     21       9      19
          2       5 
--8<--
found: sum= 77.0000 var=  0.0000 fitness= 77.0000 age=0
-->8--
          8       3 
     22       4      20
     16      21      14 
 10       6      15       7
 23      13       5      12
      9      17      24 
     19      18      11
          1       2 
--8<--
found: sum= 81.0000 var=  0.0000 fitness= 81.0000 age=0
-->8--
          2       7 
      9      20       3
     19      17      23 
  1      14      11       5
 22      15       6      24
     10      18      12 
     13      21      16
          4       8 
--8<--
found: sum= 75.0000 var=  0.0000 fitness= 75.0000 age=0
-->8--
         19      24 
     12       2      10
      7      15      21 
  5      20       3      16
 22      17       6      11
      4      14      18 
      8      23       1
          9      13 
--8<--
found: sum= 78.0000 var=  0.0000 fitness= 78.0000 age=0
-->8--
          3      21 
      5      22      14
     20      18       2 
  4      10       1      17
  8      23      15      19
     13      11      24 
     16       9       7
          6      12 
--8<--
found: sum= 79.0000 var=  0.0000 fitness= 79.0000 age=0
-->8--
          1      13 
     24      20       8
     10       5      12 
  9      19      21       6
  7      18      14      11
     16       2      15 
     17      22       3
          4      23 
--8<--
found: sum= 74.0000 var=  0.0000 fitness= 74.0000 age=0
-->8--
         20      15 
     14      13      10
      6      12       7 
 23       9      17       2
 11       4       8      18
     21      24      22 
      5       1       3
         19      16 
--8<--
found: sum= 75.0000 var=  0.0000 fitness= 75.0000 age=0
-->8--
         24       7 
     13       9      20
     16       5      15 
 14       8      19       6
 10       4      21       3
     23      18      11 
     17       1       2
         12      22 
--8<--
found: sum= 73.0000 var=  0.0000 fitness= 73.0000 age=0
-->8--
         13       7 
     17      14      24
     20       1       4 
 22       8      23      18
  2      15      16       3
      6      10       9 
     11      12      21
         19       5 
--8<--
found: sum= 82.0000 var=  0.0000 fitness= 82.0000 age=0
-->8--
          1       7 
     11      12      10
     24      14      18 
 15      20      21       4
  5       2       3      13
     16      22      23 
     19      17       9
          6       8 
--8<--
found: sum= 80.0000 var=  0.0000 fitness= 80.0000 age=0
-->8--
         17       6 
      8      24      14
     19       7      13 
 12       5      16       2
  3      20      23       4
     21       9      22 
     18       1      15
         11      10 
--8<--
found: sum= 77.0000 var=  0.0000 fitness= 77.0000 age=0
-->8--
         19      17 
     16      24       4
      7       2       8 
 11       9      22      18
 14      15       6       3
     21      23      20 
      1       5      13
         12      10 
--8<--
execution time: real 0.399474s user 0.309952s sys 0.003999s
GA: P=1024 K=512 sp=2 xover=2D/1 aging
generation #3: pop m= 78.568 v=0.193 f= 76.563
best: found: sum= 85.0000 var=  0.0000 fitness= 85.0000 age=1
-->8--
          7       2 
      5      20      16
     22      18      15 
 11      13      14       8
  1      17      19       6
     21       4      23 
      9      24       3
         10      12 
--8<--
found: sum= 77.0000 var=  0.0000 fitness= 77.0000 age=2
-->8--
          9       5 
     14      10       8
     12      11      20 
 18      21      23      13
  3       1       4       2
     22      17      15 
     24       6      19
          7      16 
--8<--
found: sum= 75.0000 var=  0.0000 fitness= 75.0000 age=1
-->8--
         24       7 
     13       9      20
     16       5      15 
 14       8      19       6
 10       4      21       3
     23      18      11 
     17       1       2
         12      22 
--8<--
found: sum= 80.0000 var=  0.0000 fitness= 80.0000 age=2
-->8--
          6       1 
      7      21      12
      2      20      17 
  8      24       9      16
 18       5      19       4
     23       3      15 
     14      22      11
         13      10 
--8<--
found: sum= 76.0000 var=  0.0000 fitness= 76.0000 age=1
-->8--
         17       7 
      8      19      18
      9       1      21 
 16      22      10       6
  3      12      20       4
     14      11      15 
     13       2       5
         24      23 
--8<--
found: sum= 75.0000 var=  0.0000 fitness= 75.0000 age=1
-->8--
         19      24 
     12       2      10
      7      15      21 
  5      20       3      16
 22      17       6      11
      4      14      18 
      8      23       1
          9      13 
--8<--
found: sum= 76.0000 var=  0.0000 fitness= 76.0000 age=1
-->8--
          1      22 
     10      13       3
      8      23       9 
  4      21       6      20
 17       2      19       7
     24       5      15 
     18      11      14
         16      12 
--8<--
found: sum= 79.0000 var=  0.0000 fitness= 79.0000 age=1
-->8--
          1       8 
     13       5      24
     20      18      17 
  2      22       7       9
 10      14       6      21
     11      12      19 
     15      23      16
          4       3 
--8<--
found: sum= 82.0000 var=  0.0000 fitness= 82.0000 age=1
-->8--
          3       5 
      4      24      11
     16      21      15 
  8      14       6       2
  9      12      22      18
     23       7      19 
     10      13       1
         17      20 
--8<--
found: sum= 77.0000 var=  0.0000 fitness= 77.0000 age=3
-->8--
          4      18 
     10      15       1
     19      17      23 
  7      12       3       8
 24       2      21      16
     13      22       6 
     20       9      14
         11       5 
--8<--
found: sum= 79.0000 var=  0.0000 fitness= 79.0000 age=2
-->8--
          2       4 
     23      21       1
      6      17      20 
 24      10      16       7
  3      22       9      12
     14       5      15 
     11      19      13
          8      18 
--8<--
found: sum= 76.0000 var=  0.0000 fitness= 76.0000 age=3
-->8--
         14      17 
     13      12      21
     16       3      22 
  9      18       1      23
  8      19      24       2
      6      11       4 
     15      20       7
          5      10 
--8<--
found: sum= 77.0000 var=  0.0000 fitness= 77.0000 age=1
-->8--
         17       4 
     13      11      15
     24       3      21 
  8       9      23      20
 14      16       7       5
      6      19       1 
     12      22      18
          2      10 
--8<--
found: sum= 77.0000 var=  0.0000 fitness= 77.0000 age=2
-->8--
          2       3 
     21      16      12
     22       6      23 
  1      10      17      13
 18      19      11       5
      7      14       8 
      4       9      15
         24      20 
--8<--
found: sum= 74.0000 var=  0.0000 fitness= 74.0000 age=1
-->8--
         20      15 
     14      13      10
      6      12       7 
 23       9      17       2
 11       4       8      18
     21      24      22 
      5       1       3
         19      16 
--8<--
found: sum= 76.0000 var=  0.0000 fitness= 76.0000 age=3
-->8--
          7       3 
     14      16      11
      8      18      19 
 20      13       9      17
 12       2      10       6
     21      24      15 
      5       1       4
         23      22 
--8<--
found: sum= 80.0000 var=  0.0000 fitness= 80.0000 age=2
-->8--
         15       1 
      8      16      18
     23      14      21 
 20       4      10       2
  5      19      11      12
      9      22      24 
      6       7      13
         17       3 
--8<--
found: sum= 76.0000 var=  0.0000 fitness= 76.0000 age=2
-->8--
         18       3 
     16      20      17
     13       8       9 
  5       1      19       7
 22      11      23       6
     24      14      12 
      4       2      10
         21      15 
--8<--
found: sum= 77.0000 var=  0.0000 fitness= 77.0000 age=1
-->8--
          9      23 
     16       8       2
      4      19      18 
 17      21       7      13
 12       3       5      10
     20      22      24 
     15      11       1
          6      14 
--8<--
found: sum= 78.0000 var=  0.0000 fitness= 78.0000 age=2
-->8--
          3       7 
     16       9       4
     17      14      24 
 11      19      20       2
 13       6       1       8
     12      18      23 
     22       5      21
         15      10 
--8<--
found: sum= 79.0000 var=  0.0000 fitness= 79.0000 age=1
-->8--
          1      18 
     17      14       2
     20      12      10 
 19      15      23       7
  3      16       4      11
      6       9      24 
     22      21       8
          5      13 
--8<--
found: sum= 82.0000 var=  0.0000 fitness= 82.0000 age=1
-->8--
          1       7 
     17      20       6
     18      16      24 
  3      10       9       5
 15      13      22       8
     23      12      14 
      4      11      21
         19       2 
--8<--
found: sum= 81.0000 var=  0.0000 fitness= 81.0000 age=1
-->8--
          2       7 
      9      20       3
     19      17      23 
  1      14      11       5
 22      15       6      24
     10      18      12 
     13      21      16
          4       8 
--8<--
found: sum= 77.0000 var=  0.0000 fitness= 77.0000 age=3
-->8--
         22       6 
     18       9       7
     11      12      24 
 21       5      19       1
 17       8      20      10
     15      13       3 
     14      23      16
          4       2 
--8<--
found: sum= 76.0000 var=  0.0000 fitness= 76.0000 age=3
-->8--
         15       7 
     20       1      16
     23       9      24 
 11       8      19      14
 12      17      10       3
      5      13       6 
     18      21       4
          2      22 
--8<--
found: sum= 81.0000 var=  0.0000 fitness= 81.0000 age=1
-->8--
          5       4 
      3      24      11
     21       8      22 
  6      20      12      23
  1      18      13       2
     15      10       9 
     17      14      16
          7      19 
--8<--
found: sum= 81.0000 var=  0.0000 fitness= 81.0000 age=2
-->8--
         16       8 
      4      15      19
     23       3      22 
  7      20      14       2
  1      21      13      18
      9      10      12 
     11      24      17
          6       5 
--8<--
found: sum= 80.0000 var=  0.0000 fitness= 80.0000 age=1
-->8--
          1      10 
      7      18      19
     22       8      23 
  4      24       2      17
  5      12      20      15
     13      14       3 
      9      21      16
         11       6 
--8<--
found: sum= 76.0000 var=  0.0000 fitness= 76.0000 age=2
-->8--
          2      19 
     15       8       1
     13      24      18 
  4      14       6      10
 22      11       5      17
     12      16      20 
      7       9      23
         21       3 
--8<--
found: sum= 80.0000 var=  0.0000 fitness= 80.0000 age=1
-->8--
         17       6 
      8      24      14
     19       7      13 
 12       5      16       2
  3      20      23       4
     21       9      22 
     18       1      15
         11      10 
--8<--
found: sum= 78.0000 var=  0.0000 fitness= 78.0000 age=3
-->8--
          6       9 
      1      19      10
     24       5      15 
 11      23      20      12
 13       4       8      16
      3      18       7 
     14      22      21
         17       2 
--8<--
found: sum= 81.0000 var=  0.0000 fitness= 81.0000 age=2
-->8--
         13       4 
      1      18      15
     14      16      20 
  2      19       8       6
 12      10      23      17
     24       5       7 
     11      22      21
          9       3 
--8<--
found: sum= 82.0000 var=  0.0000 fitness= 82.0000 age=1
-->8--
          1       7 
     11      12      10
     24      14      18 
 15      20      21       4
  5       2       3      13
     16      22      23 
     19      17       9
          6       8 
--8<--
found: sum= 76.0000 var=  0.0000 fitness= 76.0000 age=3
-->8--
         11       1 
      7      18      24
      5      12      15 
  8      23       6      19
 16       4      17      10
     20      14       9 
     22      13      21
          3       2 
--8<--
found: sum= 80.0000 var=  0.0000 fitness= 80.0000 age=3
-->8--
          3       1 
     24      17      14
     23       8      21 
  4       5      19       6
 10      16      12       7
     22      20      15 
      9       2      13
         11      18 
--8<--
found: sum= 78.0000 var=  0.0000 fitness= 78.0000 age=3
-->8--
         18       3 
     20      15      16
      7       4      17 
  6      14      23       1
 21      11       2      13
     19      24      22 
      9      10      12
          5       8 
--8<--
found: sum= 82.0000 var=  0.0000 fitness= 82.0000 age=2
-->8--
          7       1 
      4      23      11
     22      16      13 
  6      10      18      14
  3      21      12       8
     20       5      17 
     19      15      24
          2       9 
--8<--
found: sum= 81.0000 var=  0.0000 fitness= 81.0000 age=1
-->8--
          6      12 
      5      16       7
     23      21      17 
 15      10       8       4
  2      20       9      19
     11      13      24 
      1      14      18
         22       3 
--8<--
found: sum= 73.0000 var=  0.0000 fitness= 73.0000 age=1
-->8--
         13       7 
     17      14      24
     20       1       4 
 22       8      23      18
  2      15      16       3
      6      10       9 
     11      12      21
         19       5 
--8<--
found: sum= 77.0000 var=  0.0000 fitness= 77.0000 age=2
-->8--
          1       5 
     23       4      18
     17      21       7 
  2      11      22       9
 15       8      12      14
     24       3      13 
      6      20      19
         16      10 
--8<--
found: sum= 78.0000 var=  0.0000 fitness= 78.0000 age=3
-->8--
          4       2 
     24      12      13
      6      17      20 
  7      15      14       9
  5      23       8      16
     22       1      11 
     10      19      21
          3      18 
--8<--
found: sum= 81.0000 var=  0.0000 fitness= 81.0000 age=3
-->8--
          1       4 
     19      13       6
     24      22      20 
  5       2      16       9
 21      12      18      10
     17      11       8 
      3      23       7
         15      14 
--8<--
found: sum= 76.0000 var=  0.0000 fitness= 76.0000 age=2
-->8--
         15       3 
      6      12      17
      2      19      18 
  1      22       7      24
 20       8       4       9
     23      16      14 
     13      11      21
          5      10 
--8<--
found: sum= 81.0000 var=  0.0000 fitness= 81.0000 age=1
-->8--
          2       3 
      9      24       7
     16      20      23 
 11      10       4      15
 14      13      12       8
     17      22      19 
     18       6       1
          5      21 
--8<--
found: sum= 78.0000 var=  0.0000 fitness= 78.0000 age=1
-->8--
         13       1 
     12      18      19
      8       5      24 
 16      22      11       9
  3      14       6       7
     15      20      21 
      2       4      17
         23      10 
--8<--
found: sum= 78.0000 var=  0.0000 fitness= 78.0000 age=1
-->8--
         20      12 
     15      13      17
      6      10      21 
 16      14       5       8
 11       7      19       3
     24      23      22 
      2       4       9
         18       1 
--8<--
found: sum= 80.0000 var=  0.0000 fitness= 80.0000 age=2
-->8--
          9      20 
     13      23       1
      8       5      19 
 15      22      12      14
  7      18       2      17
     10      21      16 
      4      24       6
          3      11 
--8<--
found: sum= 83.0000 var=  0.0000 fitness= 83.0000 age=2
-->8--
         17       2 
      8      18      15
     19       5      23 
  6      16      20       1
  7      14       4      13
     21      24      22 
      9      12      11
          3      10 
--8<--
found: sum= 79.0000 var=  0.0000 fitness= 79.0000 age=1
-->8--
         12      16 
      7      14       9
     13      11      19 
  5      22      10      17
  4      15       3      24
     20      18       6 
      2      23       8
          1      21 
--8<--
found: sum= 77.0000 var=  0.0000 fitness= 77.0000 age=2
-->8--
         20      16 
      2      12      10
      9      13      19 
  3      21       7      14
 15      24      11       4
      5       1      22 
      6      18      17
         23       8 
--8<--
found: sum= 77.0000 var=  0.0000 fitness= 77.0000 age=1
-->8--
          8       3 
     22       4      20
     16      21      14 
 10       6      15       7
 23      13       5      12
      9      17      24 
     19      18      11
          1       2 
--8<--
found: sum= 74.0000 var=  0.0000 fitness= 74.0000 age=1
-->8--
         19       4 
      5       9      20
     12      16      22 
 10      13       3      23
  6      18       7       8
     15      17      11 
     21       1      24
          2      14 
--8<--
found: sum= 79.0000 var=  0.0000 fitness= 79.0000 age=1
-->8--
         16      15 
      7       9      10
     17      19      18 
  5      11       8      22
  1      21      14      13
     24       6       4 
      2      23      12
          3      20 
--8<--
found: sum= 78.0000 var=  0.0000 fitness= 78.0000 age=1
-->8--
          6       7 
     14      23       2
     15      16      10 
 11       4      20       8
  5      22      13      18
     21       3       9 
      1      12      17
         19      24 
--8<--
found: sum= 76.0000 var=  0.0000 fitness= 76.0000 age=2
-->8--
          9      16 
     21      19      12
     13       3      22 
  1      11       4      10
 24      20      15       8
      7      23      17 
     18       2       5
          6      14 
--8<--
found: sum= 81.0000 var=  0.0000 fitness= 81.0000 age=2
-->8--
          2      20 
     16      18       1
     23      17      12 
 11       5      13       4
  8      10      21       9
     24      15      22 
     19       6      14
          7       3 
--8<--
found: sum= 78.0000 var=  0.0000 fitness= 78.0000 age=3
-->8--
          2      15 
     13      20      14
     21       4       6 
  5      18      19      22
  1      10      16       3
     23      11      12 
     17       8      24
          9       7 
--8<--
found: sum= 77.0000 var=  0.0000 fitness= 77.0000 age=1
-->8--
          6      19 
      9      13      12
     11      24       1 
  3      14       8       7
 18      10      16      23
     21       5      22 
      4      17       2
         20      15 
--8<--
found: sum= 79.0000 var=  0.0000 fitness= 79.0000 age=3
-->8--
          7       9 
      4      12       3
     22      23       8 
  5      11      24      19
 15       6       1      10
     20      14      17 
     21      16      18
          2      13 
--8<--
found: sum= 76.0000 var=  0.0000 fitness= 76.0000 age=3
-->8--
         21      22 
      7       6       9
     19       5      24 
  1      18      10      15
  8      13      14       2
     17      16      11 
     23       3      12
          4      20 
--8<--
found: sum= 81.0000 var=  0.0000 fitness= 81.0000 age=1
-->8--
          7       5 
     23      10       9
     19      20      21 
 22       2      16       1
  3      17      15       4
     18      11      24 
      8      13       6
         14      12 
--8<--
found: sum= 74.0000 var=  0.0000 fitness= 74.0000 age=1
-->8--
         22      14 
      6       1      12
     18      17      23 
  8      10       7      16
 20       3      13      11
     15      24       4 
     21       9      19
          2       5 
--8<--
found: sum= 79.0000 var=  0.0000 fitness= 79.0000 age=2
-->8--
          4      12 
      5      20       9
     10      18       6 
  8      22      14      11
  2      21       1      23
     16       3      24 
     13      19      15
          7      17 
--8<--
found: sum= 77.0000 var=  0.0000 fitness= 77.0000 age=3
-->8--
         13       6 
      8      14      21
     23      12      19 
  2       7       5      18
 17      24       9      11
      4      20      15 
     16      10       1
          3      22 
--8<--
found: sum= 80.0000 var=  0.0000 fitness= 80.0000 age=2
-->8--
          5       4 
     16      19       8
      3      23      11 
 10      14      15      18
  9      20       2      13
     24       6      21 
      1      22      12
          7      17 
--8<--
found: sum= 78.0000 var=  0.0000 fitness= 78.0000 age=3
-->8--
         17      12 
      3      19       5
      1      18      14 
 16      20      10      24
  4      15       8       9
     22       7      13 
     11      21      23
          2       6 
--8<--
found: sum= 73.0000 var=  0.0000 fitness= 73.0000 age=1
-->8--
         10       3 
      9       6      20
     11      18      21 
 15      19       5      24
  4      16       2      14
      8      13       7 
     23      12      22
          1      17 
--8<--
found: sum= 76.0000 var=  0.0000 fitness= 76.0000 age=1
-->8--
         14       7 
     11      24      13
     17       9       2 
 10       1      21      12
 18      22       3      15
      8      20      23 
     16       6      19
          4       5 
--8<--
found: sum= 80.0000 var=  0.0000 fitness= 80.0000 age=3
-->8--
         17       9 
     11      23      21
     12       4       3 
 18      13      20       7
  5      10      19      15
     22      14      16 
      8      24       6
          2       1 
--8<--
found: sum= 76.0000 var=  0.0000 fitness= 76.0000 age=3
-->8--
          2       1 
     22      21       3
      5      19      17 
 24       7      15       4
 10      18      11      13
     12       6      16 
      8       9      14
         23      20 
--8<--
found: sum= 79.0000 var=  0.0000 fitness= 79.0000 age=1
-->8--
          7      24 
     12       5       1
     22      17      23 
  4      16       9       6
  3      15      20      13
     19       2       8 
     11      18      21
         14      10 
--8<--
found: sum= 78.0000 var=  0.0000 fitness= 78.0000 age=3
-->8--
         16       6 
      4      20      10
     23      14      11 
 22       1      17      15
  2       9      24       8
     21      13       3 
     18      12      19
          5       7 
--8<--
found: sum= 81.0000 var=  0.0000 fitness= 81.0000 age=3
-->8--
         13      16 
      2      20       9
      7      18      17 
 15      21       1      12
  4      11      22       5
     23       8      24 
     19      14      10
          6       3 
--8<--
found: sum= 77.0000 var=  0.0000 fitness= 77.0000 age=1
-->8--
         19      17 
     16      24       4
      7       2       8 
 11       9      22      18
 14      15       6       3
     21      23      20 
      1       5      13
         12      10 
--8<--
found: sum= 77.0000 var=  0.0000 fitness= 77.0000 age=1
-->8--
         20      15 
     24      18       5
      3       4      19 
 13       8      16       1
 23      21      17       2
      9      11      22 
     10      14       6
         12       7 
--8<--
found: sum= 76.0000 var=  0.0000 fitness= 76.0000 age=1
-->8--
         23      13 
      1      24       4
     17       2      21 
 10       9      12       6
 18      14      19      11
      8      20       7 
     16       3      22
         15       5 
--8<--
found: sum= 76.0000 var=  0.0000 fitness= 76.0000 age=3
-->8--
          3      16 
      5      24       8
     17      15       7 
  2      12       6      23
 19       4      21      10
     22      18       9 
     20       1      13
         11      14 
--8<--
found: sum= 78.0000 var=  0.0000 fitness= 78.0000 age=1
-->8--
          3      21 
      5      22      14
     20      18       2 
  4      10       1      17
  8      23      15      19
     13      11      24 
     16       9       7
          6      12 
--8<--
found: sum= 79.0000 var=  0.0000 fitness= 79.0000 age=3
-->8--
          9      16 
      1      24       6
     10      12      19 
  3      23       2       8
 20      18      17      11
      5       7      22 
     21      15       4
         13      14 
--8<--
found: sum= 81.0000 var=  0.0000 fitness= 81.0000 age=1
-->8--
         14      12 
      2      24      18
     23      15       7 
  4       3       5      13
  9      20      21      16
     22      17      19 
     11      10       8
          1       6 
--8<--
found: sum= 78.0000 var=  0.0000 fitness= 78.0000 age=1
-->8--
          1       9 
      4      15       6
     23      21      20 
 19      14       7      22
  2      17      11       5
      3       8      13 
     10      16      12
         24      18 
--8<--
found: sum= 76.0000 var=  0.0000 fitness= 76.0000 age=1
-->8--
         20       4 
      1      23       3
     14      13      18 
 22       5      15       2
  9      19       8      21
      7      16      12 
     17       6      24
         11      10 
--8<--
found: sum= 77.0000 var=  0.0000 fitness= 77.0000 age=1
-->8--
          7       1 
     17       6      13
      8      21      20 
 12      18      16       2
 11       4       3      14
     24      15      22 
     10       5      23
         19       9 
--8<--
found: sum= 81.0000 var=  0.0000 fitness= 81.0000 age=3
-->8--
          3      16 
      9      24      12
     14      11      10 
  4      20       8      21
 19       6      13       7
     18      23      22 
     15      17       1
          2       5 
--8<--
found: sum= 76.0000 var=  0.0000 fitness= 76.0000 age=3
-->8--
         11       1 
     22      17      15
      7      13      14 
  8       6      16      23
 24      21       2       9
     10      18      12 
      4      20       5
          3      19 
--8<--
found: sum= 75.0000 var=  0.0000 fitness= 75.0000 age=1
-->8--
         18       4 
     11       1      20
     15      14      23 
 12      16      13      22
  8      17       9       3
      7       6       5 
      2      24      21
         19      10 
--8<--
found: sum= 77.0000 var=  0.0000 fitness= 77.0000 age=3
-->8--
          5      15 
      7      24      10
      6      17       3 
  4      18       8      14
 16      13      12      19
     20       9      21 
      2      11      23
         22       1 
--8<--
found: sum= 76.0000 var=  0.0000 fitness= 76.0000 age=3
-->8--
          4       1 
     13      20      21
      7       8      23 
 15      24       3      18
  6      14       5      16
     10      22      11 
      2       9      17
         19      12 
--8<--
found: sum= 79.0000 var=  0.0000 fitness= 79.0000 age=1
-->8--
          4      14 
     21      11       8
     24      16      20 
  2       3      10       1
 19       9      23      13
     22      18      12 
     17       6       5
          7      15 
--8<--
found: sum= 79.0000 var=  0.0000 fitness= 79.0000 age=1
-->8--
          1      13 
     24      20       8
     10       5      12 
  9      19      21       6
  7      18      14      11
     16       2      15 
     17      22       3
          4      23 
--8<--
found: sum= 78.0000 var=  0.0000 fitness= 78.0000 age=1
-->8--
          4      18 
     19      24       8
     17      12       6 
 15       2      10      13
  1      23      22      11
     20       9      16 
     14       7       3
          5      21 
--8<--
found: sum= 79.0000 var=  0.0000 fitness= 79.0000 age=1
-->8--
          6       1 
      5      22       8
     20      16      19 
  7      10      13      24
 15       9      17       2
     18      14       4 
      3      12      11
         23      21 
--8<--
found: sum= 79.0000 var=  0.0000 fitness= 79.0000 age=1
-->8--
          3       2 
     14      15      16
     12      18      21 
  5      17       7      19
 11      10       4       6
     24      23      22 
     13       1       9
          8      20 
--8<--
