found: sum= 78.0000 var=  0.0000 fitness= 78.0000
-->8--
          3      13 
      4      12       1
     14      24      18 
  8      21      10      22
 19       7       5       6
      9      11      17 
     15      20       2
         16      23 
--8<--
found: sum= 78.0000 var=  0.0000 fitness= 78.0000
-->8--
         16      10 
     12      19      13
     24       1      14 
 15       6      21       5
  2      11      22       7
     20      17       9 
      8       4      23
         18       3 
--8<--
found: sum= 76.0000 var=  0.0000 fitness= 76.0000
-->8--
         19       2 
     21      17      15
      4      14       5 
  9       1      23       7
 16      22      13       8
     24       3      20 
     11      10      18
          6      12 
--8<--
found: sum= 70.0000 var=  0.0000 fitness= 70.0000
-->8--
         19      10 
     23       1      12
      8      17      14 
  7       2      16      21
 15      18      11       5
     20       6       3 
      9       4      24
         13      22 
--8<--
found: sum= 72.0000 var=  0.0000 fitness= 72.0000
-->8--
         16      13 
     15       2      23
      9       6      20 
 21      24       8      10
  1      12       3      14
      5      19      17 
     18       7       4
         11      22 
--8<--
found: sum= 79.0000 var=  0.0000 fitness= 79.0000
-->8--
          4       2 
      1      10      13
     17      24      16 
  7      23      14      11
  5       9       6      20
     18       3      12 
     19      22      15
          8      21 
--8<--
found: sum= 76.0000 var=  0.0000 fitness= 76.0000
-->8--
         24       3 
      9      10      20
     13       2      19 
 21      18      22       1
  4       6       5      12
     14      23      17 
     15       7       8
         11      16 
--8<--
found: sum= 72.0000 var=  0.0000 fitness= 72.0000
-->8--
         14       7 
     20      22      11
      1       3       8 
 15      12      21       5
 16      24      10       9
      4       2      19 
     13       6      17
         23      18 
--8<--
found: sum= 76.0000 var=  0.0000 fitness= 76.0000
-->8--
          1      12 
      8      14      19
     22      18       3 
  6      13      10      17
 11       9      21      23
     15       5       2 
     16      24      20
          7       4 
--8<--
found: sum= 78.0000 var=  0.0000 fitness= 78.0000
-->8--
          3       2 
     11      17       1
     23      15      24 
 13       9      19       4
  7      14       5      20
     12      16       6 
     18       8      21
         10      22 
--8<--
found: sum= 70.0000 var=  0.0000 fitness= 70.0000
-->8--
         21      14 
     20      10      15
      7       9       4 
 13       3      18      17
 19      16      23       2
     12       1       6 
     22      11      24
          8       5 
--8<--
found: sum= 79.0000 var=  0.0000 fitness= 79.0000
-->8--
          7       4 
      2      18       3
     13      24      16 
 12      15      14       8
 10      20       5      19
      9       1      17 
     21      22      11
          6      23 
--8<--
found: sum= 80.0000 var=  0.0000 fitness= 80.0000
-->8--
          7       4 
      3      24      17
     19      11       1 
 12      16      23      21
  9       2      15       6
     22      13      14 
     18      20      10
          5       8 
--8<--
found: sum= 81.0000 var=  0.0000 fitness= 81.0000
-->8--
          7       5 
     23       9      10
     11      16      22 
 14      15      19       1
  8      12      13       2
     21       6      24 
     20      18       3
          4      17 
--8<--
found: sum= 80.0000 var=  0.0000 fitness= 80.0000
-->8--
          8       9 
      5      12      11
     18      15      17 
 14      22      16      20
 13       3       1       2
     10      23      24 
     21      19       6
          4       7 
--8<--
found: sum= 78.0000 var=  0.0000 fitness= 78.0000
-->8--
         18       1 
     16      23      20
     10       3      14 
 11       8      17       9
 13      21      22      12
     15       7       4 
      6      24      19
          5       2 
--8<--
found: sum= 78.0000 var=  0.0000 fitness= 78.0000
-->8--
          2      19 
      3       9      11
     21      23       6 
  5      20      10      15
 12       7      14      16
     13       4      17 
      8      24       1
         22      18 
--8<--
found: sum= 77.0000 var=  0.0000 fitness= 77.0000
-->8--
         13      23 
     16       4       1
     17      24      18 
  2       3       7      10
 12      21       8      19
     22      14      15 
      6       9      20
          5      11 
--8<--
found: sum= 76.0000 var=  0.0000 fitness= 76.0000
-->8--
         13       2 
      4      11       3
     12      20      22 
  8      16      18      15
 23       7       6      14
     10       9       1 
     21      24      17
          5      19 
--8<--
found: sum= 75.0000 var=  0.0000 fitness= 75.0000
-->8--
         16       4 
     14       2       8
     23      19      18 
 17       1      24       9
 21       6      10      11
      7      15       3 
     13      22      20
         12       5 
--8<--
found: sum= 74.0000 var=  0.0000 fitness= 74.0000
-->8--
          9       2 
      3      15       4
     14      21      22 
 13      12      10      24
 16       8       6       5
     11      17       7 
     19       1      20
         18      23 
--8<--
found: sum= 81.0000 var=  0.0000 fitness= 81.0000
-->8--
          6       2 
     18       9       4
     22      19      23 
  5       7      24      14
 21      11       3       1
     15      17      16 
     10      20      12
          8      13 
--8<--
found: sum= 80.0000 var=  0.0000 fitness= 80.0000
-->8--
          1      15 
      5      11       9
     21      23      20 
  4      19       2       8
 16      14      10      22
      6      12      18 
     17      24       3
          7      13 
--8<--
found: sum= 76.0000 var=  0.0000 fitness= 76.0000
-->8--
          3      15 
     24      10      16
     19       6      18 
 12      14      11       1
  9       2      21      17
     20      22       8 
     23       5      13
          4       7 
--8<--
found: sum= 79.0000 var=  0.0000 fitness= 79.0000
-->8--
         15       5 
      8      21      13
     16      17      19 
 12       2       4       7
 20      23      11      14
      6      22      24 
      1       9       3
         18      10 
--8<--
found: sum= 77.0000 var=  0.0000 fitness= 77.0000
-->8--
          2      15 
     23      22       1
     14       6      16 
  3      10      17       4
 19      18      21      11
     13       5       8 
     20      12       7
          9      24 
--8<--
found: sum= 85.0000 var=  0.0000 fitness= 85.0000
-->8--
          5       1 
      8      21       2
     18      19      22 
 11      14      20       4
 16       9      10       6
     17      13      23 
     15      24      12
          7       3 
--8<--
execution time: real 0.115163s user 0.007998s sys 0.000999s
GA: P=50 K=10 sp=2 xover=2D/1 optrpl=2 optskip=10 optmax=1.142857
generation #141: pop m= 76.934 v= 60.041 f= 50.724 best_age=1
best: found: sum= 85.0000 var=  0.0000 fitness= 85.0000
-->8--
          5       1 
      8      21       2
     18      19      22 
 11      14      20       4
 16       9      10       6
     17      13      23 
     15      24      12
          7       3 
--8<--
found: sum= 81.0000 var=  0.0000 fitness= 81.0000
-->8--
          6       2 
     18       9       4
     22      19      23 
  5       7      24      14
 21      11       3       1
     15      17      16 
     10      20      12
          8      13 
--8<--
found: sum= 80.0000 var=  0.0000 fitness= 80.0000
-->8--
          1      15 
      5      11       9
     21      23      20 
  4      19       2       8
 16      14      10      22
      6      12      18 
     17      24       3
          7      13 
--8<--
found: sum= 76.0000 var=  0.0000 fitness= 76.0000
-->8--
         13       2 
      4      11       3
     12      20      22 
  8      16      18      15
 23       7       6      14
     10       9       1 
     21      24      17
          5      19 
--8<--
found: sum= 80.0000 var=  0.0000 fitness= 80.0000
-->8--
          7       4 
      3      24      17
     19      11       1 
 12      16      23      21
  9       2      15       6
     22      13      14 
     18      20      10
          5       8 
--8<--
