found: sum= 79.0000 var=  0.0000 fitness= 79.0000
-->8--
          9       4 
     24      23       8
      5       3      21 
 22      15      20       2
 17       7      16       6
     13      18      14 
     10      19       1
         12      11 
--8<--
found: sum= 85.0000 var=  0.0000 fitness= 85.0000
-->8--
          6      14 
     10      24       2
     19      18      20 
 11       8       7       1
  9      16      21      13
     22      15      23 
     12      17       4
          3       5 
--8<--
execution time: real 1.004564s user 0.024996s sys 0.058991s
GA: P=50 K=10 sp=2 xover=2D/1 optrpl=2 optskip=10 optmax=1.142857
generation #4333: pop m= 79.889 v=107.817 f= 36.187 best_age=1
best: found: sum= 85.0000 var=  0.0000 fitness= 85.0000
-->8--
          6      14 
     10      24       2
     19      18      20 
 11       8       7       1
  9      16      21      13
     22      15      23 
     12      17       4
          3       5 
--8<--
