found: sum= 76.0000 var=  0.0000 fitness= 76.0000 age=0
-->8--
          3      18 
      7       4       1
     23      24      19 
 11      15      10       9
 13       2       5      17
     12      20      16 
     22       6      21
         14       8 
--8<--
found: sum= 76.0000 var=  0.0000 fitness= 76.0000 age=0
-->8--
          3      13 
      8      21      16
     24      15      10 
  2       5       1      20
 17      19      22      11
      9      14      12 
      7       4       6
         23      18 
--8<--
found: sum= 80.0000 var=  0.0000 fitness= 80.0000 age=0
-->8--
         16       5 
     11      15      13
     12       2      22 
  8      24      23      17
  7      10       1       3
     19      20      14 
      9      18      21
          4       6 
--8<--
found: sum= 78.0000 var=  0.0000 fitness= 78.0000 age=0
-->8--
         24      12 
     14      15      13
      8      11       5 
  2       6      22      16
 19      20      10       4
     23       9      21 
      7      18       3
          1      17 
--8<--
found: sum= 79.0000 var=  0.0000 fitness= 79.0000 age=0
-->8--
         11      20 
     18      14      19
     23       5      15 
 16       8       6       2
  3      17      22      10
     12      21      24 
      9       7       1
         13       4 
--8<--
found: sum= 76.0000 var=  0.0000 fitness= 76.0000 age=0
-->8--
         23       4 
     13      22      21
      3       1       9 
 12      14      19      11
 17       6      20       2
     24      16      15 
      5       7       8
         18      10 
--8<--
found: sum= 78.0000 var=  0.0000 fitness= 78.0000 age=0
-->8--
          3      21 
      4      12      13
     24      20       7 
 11      15       5       2
  1      10      19      23
     17       9      22 
     18       8      14
         16       6 
--8<--
found: sum= 71.0000 var=  0.0000 fitness= 71.0000 age=0
-->8--
          5      11 
     20      21      10
      1      16       4 
  7       8       9      23
 24      19      17      15
     12       2       3 
      6      14      13
         18      22 
--8<--
found: sum= 76.0000 var=  0.0000 fitness= 76.0000 age=0
-->8--
         22      20 
      5      12      18
     23       3      21 
 16      11       2      15
  1      17      19       9
      8      24      10 
      7       6      13
         14       4 
--8<--
found: sum= 80.0000 var=  0.0000 fitness= 80.0000 age=0
-->8--
          4      19 
     16       5      18
     24       9      21 
  6      22       8      12
  1       7      23       3
     20      11      13 
     10      17      14
         15       2 
--8<--
found: sum= 76.0000 var=  0.0000 fitness= 76.0000 age=0
-->8--
          3      19 
      5       7       1
     20      23      22 
 17      18       4      15
  2      13       8      16
      6      10      11 
      9      14      12
         24      21 
--8<--
found: sum= 78.0000 var=  0.0000 fitness= 78.0000 age=0
-->8--
          4      23 
     16       8       9
     24       5      22 
  2      21      11      15
 12       6      17      10
     13      18       3 
     14      20       1
          7      19 
--8<--
found: sum= 79.0000 var=  0.0000 fitness= 79.0000 age=0
-->8--
          6      16 
      1      24       3
     15      12      19 
 23      21       5      18
  2       4      20       7
     14      17      10 
      9      13      11
         22       8 
--8<--
found: sum= 80.0000 var=  0.0000 fitness= 80.0000 age=0
-->8--
          7      16 
      2      18       1
     24      10      13 
 12      19      22      15
  5       6       3       4
     14      20      23 
     11       8      17
         21       9 
--8<--
found: sum= 77.0000 var=  0.0000 fitness= 77.0000 age=0
-->8--
         24      17 
      5      18       9
     21       6      11 
  2       3      16       4
 14      22      10      23
     15      20      13 
      1       7       8
         12      19 
--8<--
found: sum= 73.0000 var=  0.0000 fitness= 73.0000 age=0
-->8--
         13      10 
      1      17      11
      2      16      15 
 20      24       4       8
 12       6       5      22
      9      18      19 
     23       3      21
         14       7 
--8<--
found: sum= 84.0000 var=  0.0000 fitness= 84.0000 age=0
-->8--
          8       6 
      3      20      13
     24      17      10 
 15      12      18       2
  4       7      14      19
     22      16      21 
     11      23       1
          5       9 
--8<--
found: sum= 75.0000 var=  0.0000 fitness= 75.0000 age=0
-->8--
          8      10 
      1      15      23
     17      22       3 
 18      12       2      21
 13       9      11      24
      6      19      14 
      5      20       7
         16       4 
--8<--
found: sum= 72.0000 var=  0.0000 fitness= 72.0000 age=0
-->8--
         21       9 
      4       2      16
     10      15      18 
 23      20      12      22
  3      11       6      13
      5       8       1 
     17      24      14
          7      19 
--8<--
found: sum= 80.0000 var=  0.0000 fitness= 80.0000 age=0
-->8--
          1       4 
     23      17      16
     21      15       8 
  6       3      20      14
 13      18      22       5
     19       2      11 
     10      24       9
          7      12 
--8<--
found: sum= 81.0000 var=  0.0000 fitness= 81.0000 age=0
-->8--
         20       9 
      2      24      19
     16      14       8 
 12       5       7       6
 10      15      22      17
     23      18      21 
     11      13       3
          1       4 
--8<--
found: sum= 74.0000 var=  0.0000 fitness= 74.0000 age=0
-->8--
         22      11 
      3       5      24
     21       4       7 
  6      19      23       1
 17       2      16      14
      9      10      13 
     18      15      12
         20       8 
--8<--
found: sum= 78.0000 var=  0.0000 fitness= 78.0000 age=0
-->8--
          1      16 
     11      24       4
     13       6       8 
 19      23      20      10
  2      12       3      22
      9      14      15 
      5      21      18
         17       7 
--8<--
found: sum= 77.0000 var=  0.0000 fitness= 77.0000 age=0
-->8--
          5      24 
     10      23       1
     13      14       4 
 15      12      11      17
  2      19       3      20
     16      18      22 
      9       7      21
          8       6 
--8<--
found: sum= 71.0000 var=  0.0000 fitness= 71.0000 age=0
-->8--
         12       2 
     24       3      20
      7      21      17 
 15       4       8       9
 16      19      18      14
     10       1       5 
      6      13      11
         22      23 
--8<--
found: sum= 78.0000 var=  0.0000 fitness= 78.0000 age=0
-->8--
          9      10 
      1      14      11
     17      13      18 
 20      24      12       5
  7       4       2      22
      6      23      19 
      8      16      15
         21       3 
--8<--
found: sum= 75.0000 var=  0.0000 fitness= 75.0000 age=0
-->8--
          3       4 
     24      19      15
     12       8      18 
 14       9      11       1
 13      20      22      21
      7       5       2 
     10      17       6
         16      23 
--8<--
found: sum= 78.0000 var=  0.0000 fitness= 78.0000 age=0
-->8--
         16       3 
     10      18      17
     19       7      20 
 11       8      13       1
  4      21      24      14
     15       5       6 
      2      12       9
         23      22 
--8<--
found: sum= 75.0000 var=  0.0000 fitness= 75.0000 age=0
-->8--
         16       4 
     20      19      18
      6       2       9 
 15      12      23       1
 22      17       8      10
      3      13      24 
     21      14      11
          7       5 
--8<--
found: sum= 76.0000 var=  0.0000 fitness= 76.0000 age=0
-->8--
          1      19 
     15       8       3
     18      20      24 
  9      14       2      10
 16       6      11      17
     13      23      12 
     22       5      21
          7       4 
--8<--
found: sum= 74.0000 var=  0.0000 fitness= 74.0000 age=0
-->8--
          2      20 
      1      11      10
     14      22       7 
  8      24       4      15
 13       3      16      23
     12       5       9 
     19      17       6
         18      21 
--8<--
found: sum= 76.0000 var=  0.0000 fitness= 76.0000 age=0
-->8--
         16       7 
      8      11      24
      9      10       1 
 19      22      23       2
  5       3      12      17
     18       6      21 
     15      20      13
         14       4 
--8<--
found: sum= 71.0000 var=  0.0000 fitness= 71.0000 age=0
-->8--
         14      22 
     23      11       4
      5      10       9 
 24       8      15       3
 19      13       7      21
      2      18      16 
     20      12       1
          6      17 
--8<--
found: sum= 74.0000 var=  0.0000 fitness= 74.0000 age=0
-->8--
          2      24 
     22      19       1
      5       3       9 
 21      23      18       6
 14       7      12      16
      4      11      13 
     17      20      10
         15       8 
--8<--
found: sum= 71.0000 var=  0.0000 fitness= 71.0000 age=0
-->8--
         12      16 
     24       7      15
     18       4       9 
 21       6      20       1
 11       2      17      19
     13      22       5 
      8       3      10
         23      14 
--8<--
found: sum= 82.0000 var=  0.0000 fitness= 82.0000 age=0
-->8--
         19       2 
      4      17      20
     18      15      21 
  1       9       7       5
  8      22      23      12
     24       6      14 
     11      16      13
          3      10 
--8<--
found: sum= 78.0000 var=  0.0000 fitness= 78.0000 age=0
-->8--
          6      18 
     10       3      15
     20      23      14 
 13      16       5      12
  2      19       4      22
      8      11      21 
      9      24       1
          7      17 
--8<--
found: sum= 79.0000 var=  0.0000 fitness= 79.0000 age=0
-->8--
          4       6 
     15      10       7
     14      19      24 
  2      17      13       1
 18       5      22      11
     23       3       8 
     12      16      21
         20       9 
--8<--
execution time: real 0.138249s user 0.118981s sys 0.000999s
GA: P=1024 K=512 sp=2 xover=2D/1 aging
generation #1: pop m= 76.152 v=60.694 f= 48.711
best: found: sum= 84.0000 var=  0.0000 fitness= 84.0000 age=1
-->8--
          8       6 
      3      20      13
     24      17      10 
 15      12      18       2
  4       7      14      19
     22      16      21 
     11      23       1
          5       9 
--8<--
found: sum= 82.0000 var=  0.0000 fitness= 82.0000 age=1
-->8--
         19       2 
      4      17      20
     18      15      21 
  1       9       7       5
  8      22      23      12
     24       6      14 
     11      16      13
          3      10 
--8<--
found: sum= 79.0000 var=  0.0000 fitness= 79.0000 age=1
-->8--
         11      20 
     18      14      19
     23       5      15 
 16       8       6       2
  3      17      22      10
     12      21      24 
      9       7       1
         13       4 
--8<--
found: sum= 76.0000 var=  0.0000 fitness= 76.0000 age=1
-->8--
         22      20 
      5      12      18
     23       3      21 
 16      11       2      15
  1      17      19       9
      8      24      10 
      7       6      13
         14       4 
--8<--
found: sum= 76.0000 var=  0.0000 fitness= 76.0000 age=1
-->8--
          3      18 
      7       4       1
     23      24      19 
 11      15      10       9
 13       2       5      17
     12      20      16 
     22       6      21
         14       8 
--8<--
found: sum= 75.0000 var=  0.0000 fitness= 75.0000 age=1
-->8--
          3       4 
     24      19      15
     12       8      18 
 14       9      11       1
 13      20      22      21
      7       5       2 
     10      17       6
         16      23 
--8<--
found: sum= 72.0000 var=  0.0000 fitness= 72.0000 age=1
-->8--
         21       9 
      4       2      16
     10      15      18 
 23      20      12      22
  3      11       6      13
      5       8       1 
     17      24      14
          7      19 
--8<--
found: sum= 78.0000 var=  0.0000 fitness= 78.0000 age=1
-->8--
          1      16 
     11      24       4
     13       6       8 
 19      23      20      10
  2      12       3      22
      9      14      15 
      5      21      18
         17       7 
--8<--
found: sum= 74.0000 var=  0.0000 fitness= 74.0000 age=1
-->8--
          2      20 
      1      11      10
     14      22       7 
  8      24       4      15
 13       3      16      23
     12       5       9 
     19      17       6
         18      21 
--8<--
found: sum= 81.0000 var=  0.0000 fitness= 81.0000 age=1
-->8--
         20       9 
      2      24      19
     16      14       8 
 12       5       7       6
 10      15      22      17
     23      18      21 
     11      13       3
          1       4 
--8<--
found: sum= 78.0000 var=  0.0000 fitness= 78.0000 age=1
-->8--
          3      21 
      4      12      13
     24      20       7 
 11      15       5       2
  1      10      19      23
     17       9      22 
     18       8      14
         16       6 
--8<--
found: sum= 79.0000 var=  0.0000 fitness= 79.0000 age=1
-->8--
          4       6 
     15      10       7
     14      19      24 
  2      17      13       1
 18       5      22      11
     23       3       8 
     12      16      21
         20       9 
--8<--
found: sum= 76.0000 var=  0.0000 fitness= 76.0000 age=1
-->8--
         23       4 
     13      22      21
      3       1       9 
 12      14      19      11
 17       6      20       2
     24      16      15 
      5       7       8
         18      10 
--8<--
found: sum= 76.0000 var=  0.0000 fitness= 76.0000 age=1
-->8--
         16       7 
      8      11      24
      9      10       1 
 19      22      23       2
  5       3      12      17
     18       6      21 
     15      20      13
         14       4 
--8<--
found: sum= 74.0000 var=  0.0000 fitness= 74.0000 age=1
-->8--
         22      11 
      3       5      24
     21       4       7 
  6      19      23       1
 17       2      16      14
      9      10      13 
     18      15      12
         20       8 
--8<--
found: sum= 71.0000 var=  0.0000 fitness= 71.0000 age=1
-->8--
         12      16 
     24       7      15
     18       4       9 
 21       6      20       1
 11       2      17      19
     13      22       5 
      8       3      10
         23      14 
--8<--
found: sum= 78.0000 var=  0.0000 fitness= 78.0000 age=1
-->8--
          6      18 
     10       3      15
     20      23      14 
 13      16       5      12
  2      19       4      22
      8      11      21 
      9      24       1
          7      17 
--8<--
found: sum= 76.0000 var=  0.0000 fitness= 76.0000 age=1
-->8--
          1      19 
     15       8       3
     18      20      24 
  9      14       2      10
 16       6      11      17
     13      23      12 
     22       5      21
          7       4 
--8<--
found: sum= 71.0000 var=  0.0000 fitness= 71.0000 age=1
-->8--
          5      11 
     20      21      10
      1      16       4 
  7       8       9      23
 24      19      17      15
     12       2       3 
      6      14      13
         18      22 
--8<--
found: sum= 71.0000 var=  0.0000 fitness= 71.0000 age=1
-->8--
         12       2 
     24       3      20
      7      21      17 
 15       4       8       9
 16      19      18      14
     10       1       5 
      6      13      11
         22      23 
--8<--
found: sum= 74.0000 var=  0.0000 fitness= 74.0000 age=1
-->8--
          2      24 
     22      19       1
      5       3       9 
 21      23      18       6
 14       7      12      16
      4      11      13 
     17      20      10
         15       8 
--8<--
found: sum= 73.0000 var=  0.0000 fitness= 73.0000 age=1
-->8--
         13      10 
      1      17      11
      2      16      15 
 20      24       4       8
 12       6       5      22
      9      18      19 
     23       3      21
         14       7 
--8<--
found: sum= 78.0000 var=  0.0000 fitness= 78.0000 age=1
-->8--
         16       3 
     10      18      17
     19       7      20 
 11       8      13       1
  4      21      24      14
     15       5       6 
      2      12       9
         23      22 
--8<--
found: sum= 78.0000 var=  0.0000 fitness= 78.0000 age=1
-->8--
          9      10 
      1      14      11
     17      13      18 
 20      24      12       5
  7       4       2      22
      6      23      19 
      8      16      15
         21       3 
--8<--
found: sum= 78.0000 var=  0.0000 fitness= 78.0000 age=1
-->8--
         24      12 
     14      15      13
      8      11       5 
  2       6      22      16
 19      20      10       4
     23       9      21 
      7      18       3
          1      17 
--8<--
found: sum= 77.0000 var=  0.0000 fitness= 77.0000 age=1
-->8--
         24      17 
      5      18       9
     21       6      11 
  2       3      16       4
 14      22      10      23
     15      20      13 
      1       7       8
         12      19 
--8<--
found: sum= 79.0000 var=  0.0000 fitness= 79.0000 age=1
-->8--
          6      16 
      1      24       3
     15      12      19 
 23      21       5      18
  2       4      20       7
     14      17      10 
      9      13      11
         22       8 
--8<--
found: sum= 76.0000 var=  0.0000 fitness= 76.0000 age=1
-->8--
          3      19 
      5       7       1
     20      23      22 
 17      18       4      15
  2      13       8      16
      6      10      11 
      9      14      12
         24      21 
--8<--
found: sum= 80.0000 var=  0.0000 fitness= 80.0000 age=1
-->8--
          1       4 
     23      17      16
     21      15       8 
  6       3      20      14
 13      18      22       5
     19       2      11 
     10      24       9
          7      12 
--8<--
found: sum= 78.0000 var=  0.0000 fitness= 78.0000 age=1
-->8--
          4      23 
     16       8       9
     24       5      22 
  2      21      11      15
 12       6      17      10
     13      18       3 
     14      20       1
          7      19 
--8<--
found: sum= 75.0000 var=  0.0000 fitness= 75.0000 age=1
-->8--
         16       4 
     20      19      18
      6       2       9 
 15      12      23       1
 22      17       8      10
      3      13      24 
     21      14      11
          7       5 
--8<--
found: sum= 77.0000 var=  0.0000 fitness= 77.0000 age=1
-->8--
          5      24 
     10      23       1
     13      14       4 
 15      12      11      17
  2      19       3      20
     16      18      22 
      9       7      21
          8       6 
--8<--
found: sum= 80.0000 var=  0.0000 fitness= 80.0000 age=1
-->8--
          7      16 
      2      18       1
     24      10      13 
 12      19      22      15
  5       6       3       4
     14      20      23 
     11       8      17
         21       9 
--8<--
found: sum= 80.0000 var=  0.0000 fitness= 80.0000 age=1
-->8--
         16       5 
     11      15      13
     12       2      22 
  8      24      23      17
  7      10       1       3
     19      20      14 
      9      18      21
          4       6 
--8<--
found: sum= 75.0000 var=  0.0000 fitness= 75.0000 age=1
-->8--
          8      10 
      1      15      23
     17      22       3 
 18      12       2      21
 13       9      11      24
      6      19      14 
      5      20       7
         16       4 
--8<--
found: sum= 71.0000 var=  0.0000 fitness= 71.0000 age=1
-->8--
         14      22 
     23      11       4
      5      10       9 
 24       8      15       3
 19      13       7      21
      2      18      16 
     20      12       1
          6      17 
--8<--
found: sum= 76.0000 var=  0.0000 fitness= 76.0000 age=1
-->8--
          3      13 
      8      21      16
     24      15      10 
  2       5       1      20
 17      19      22      11
      9      14      12 
      7       4       6
         23      18 
--8<--
found: sum= 80.0000 var=  0.0000 fitness= 80.0000 age=1
-->8--
          4      19 
     16       5      18
     24       9      21 
  6      22       8      12
  1       7      23       3
     20      11      13 
     10      17      14
         15       2 
--8<--
