found: sum= 71.0000 var=  0.0000 fitness= 71.0000 age=0
-->8--
         22      20 
      6       7      12
     10      18       9 
 15       8       5      11
  3      16      23       2
     19       1      21 
      4      14      13
         17      -1 
--8<--
found: sum= 75.0000 var=  0.0000 fitness= 75.0000 age=0
-->8--
          6      22 
     16      19      11
     12       2      14 
  3      20       7       8
  1      24      13      23
     15       9      10 
     18       5      21
          4      17 
--8<--
found: sum= 76.0000 var=  0.0000 fitness= 76.0000 age=0
-->8--
         23      12 
     10       9       8
     14      17      24 
 20       3       6       5
  1      22       7      19
     16      21      15 
     11       2      18
          4      13 
--8<--
found: sum= 83.0000 var=  0.0000 fitness= 83.0000 age=0
-->8--
          5      17 
     12      22       1
     13       8      24 
 18      23      11       7
  3       6      16       4
     20      19      21 
      9      15      10
         14       2 
--8<--
found: sum= 68.0000 var=  0.0000 fitness= 68.0000 age=0
-->8--
         23      14 
      5       9       3
     21       6      19 
 15       4      17       2
  1      20       8      12
      7      13      10 
     11      -1      16
         18      22 
--8<--
found: sum= 70.0000 var=  0.0000 fitness= 70.0000 age=0
-->8--
         17      14 
     12       7      -2
      2      21      22 
 23      11       8      18
  4      10       5       1
     20      15      16 
     13       9       6
          3      19 
--8<--
found: sum= 71.0000 var=  0.0000 fitness= 71.0000 age=0
-->8--
         23      19 
      4      14       8
     15      13      12 
 10       2       5      11
  1      22      20       7
     21       9      16 
     18       3      17
         -2       6 
--8<--
found: sum= 77.0000 var=  0.0000 fitness= 77.0000 age=0
-->8--
         21      23 
      6       5      13
     24      14      10 
  8       7      12      22
  4      16      19       3
     18       9      11 
     15      17       1
          2      20 
--8<--
found: sum= 77.0000 var=  0.0000 fitness= 77.0000 age=0
-->8--
         18      19 
     23      16       3
      4       7      22 
 20       9      10       2
  8      15      24      14
     21      12       5 
     11      17      13
          1       6 
--8<--
found: sum= 65.0000 var=  0.0000 fitness= 65.0000 age=0
-->8--
          3       2 
     18      20      17
     12       8       7 
 13       4      11      14
 -1      21      22       1
     16      -1      10 
      5       9       6
         15      19 
--8<--
found: sum= 71.0000 var=  0.0000 fitness= 71.0000 age=0
-->8--
         19      11 
     20      23       5
      1      -1      12 
 17       9      21       8
  7      15      14      10
     22      13       6 
      3      16      18
          2       4 
--8<--
found: sum= 72.0000 var=  0.0000 fitness= 72.0000 age=0
-->8--
         22       5 
      7      19       3
      8       2      23 
 21      14      20      16
  1      15       4      -1
     13      17      10 
      9      12      11
          6      18 
--8<--
found: sum= 69.0000 var=  0.0000 fitness= 69.0000 age=0
-->8--
          3      19 
     13      17      12
     22       8      15 
  4       6      -2       7
  2      21      20      11
     14      16      18 
     10       9       1
         -1       5 
--8<--
found: sum= 75.0000 var=  0.0000 fitness= 75.0000 age=0
-->8--
          4      11 
     18      23      14
     13       8      20 
 12       9      -1       7
  6      16      22      17
     19      21      10 
      3      15       2
          1       5 
--8<--
found: sum= 66.0000 var=  0.0000 fitness= 66.0000 age=0
-->8--
         17      23 
     15       8      20
     18       2      -1 
  7       6      14       3
  4      19      16      21
     12       9      13 
     10       5       1
         11      22 
--8<--
found: sum= 72.0000 var=  0.0000 fitness= 72.0000 age=0
-->8--
         19      24 
     11       6       5
     10       8      15 
 13      18      14      22
  1       7      16       3
     23       9       2 
     17       4      21
         12      20 
--8<--
found: sum= 80.0000 var=  0.0000 fitness= 80.0000 age=0
-->8--
          9      17 
     14      13       1
     16      21      20 
 19       7       8      22
  3      11      10       5
     24      23      15 
      4      12      18
          6       2 
--8<--
found: sum= 61.0000 var=  0.0000 fitness= 61.0000 age=0
-->8--
         18      20 
      2      14       3
     10       1      19 
  9      16       4      -2
 -3       8      17      12
     21      15      11 
     13       5       7
         -1       6 
--8<--
found: sum= 76.0000 var=  0.0000 fitness= 76.0000 age=0
-->8--
         16      10 
     14      19       3
     17       4      22 
 20       6      18       1
 -1      21      15       9
     13      12      11 
      2      23       8
          5       7 
--8<--
found: sum= 71.0000 var=  0.0000 fitness= 71.0000 age=0
-->8--
         22      23 
     13      10       4
     12       9      19 
 17       5       6      -1
  1      16      21      18
     20      14       8 
      3      11      15
          7       2 
--8<--
found: sum= 68.0000 var=  0.0000 fitness= 68.0000 age=0
-->8--
          3      21 
     19       5      18
     17      14      -2 
  4      10      12      22
  1      13      11       9
     23       8      16 
      2       7       6
         15      20 
--8<--
found: sum= 83.0000 var=  0.0000 fitness= 83.0000 age=0
-->8--
          1       4 
     20      21      19
     23       5      24 
  7      13      10       6
  8      17      22       3
     15      16      18 
     12      14       2
          9      11 
--8<--
found: sum= 67.0000 var=  0.0000 fitness= 67.0000 age=0
-->8--
         10      20 
     18      12       4
     13       8      14 
 11       6       9       7
  1      17      22      16
     19       5      -1 
     21       3      15
          2      23 
--8<--
found: sum= 59.0000 var=  0.0000 fitness= 59.0000 age=0
-->8--
          4       6 
     14      15      11
     18       1       9 
 10       7      17      12
  3      13       5      19
      8      16      -3 
      2      -1      20
         21      22 
--8<--
found: sum= 80.0000 var=  0.0000 fitness= 80.0000 age=0
-->8--
          1      10 
     22       5      17
     24      19      23 
  7       9       6      14
  4      15      13       8
     21      18      16 
     12      11       2
          3      20 
--8<--
found: sum= 82.0000 var=  0.0000 fitness= 82.0000 age=0
-->8--
         17       9 
     16      11      24
     22      10      13 
  8       6      15      12
  7      19      14       5
     20      18      23 
      1      21       2
          3       4 
--8<--
found: sum= 83.0000 var=  0.0000 fitness= 83.0000 age=0
-->8--
          9      10 
     23      13       3
     16      18      19 
 17       4      20       6
  8      14      12       5
     24      15      21 
      1      22       2
          7      11 
--8<--
found: sum= 70.0000 var=  0.0000 fitness= 70.0000 age=0
-->8--
         20      17 
      6       8       3
     21       4      22 
  7      11      16      -5
  2      14      13       5
     15      12      19 
     10      18      -1
          1       9 
--8<--
found: sum= 74.0000 var=  0.0000 fitness= 74.0000 age=0
-->8--
         13      20 
      8      23      -3
     10       6      21 
 15      14       7       5
  2      11      19       4
     22      17      18 
      9       3       1
         12      16 
--8<--
found: sum= 76.0000 var=  0.0000 fitness= 76.0000 age=0
-->8--
         10      20 
     17      14       6
     15      11      18 
  8       9       7      24
  4      21      23       3
     19       5       1 
     16      13      12
          2      22 
--8<--
found: sum= 80.0000 var=  0.0000 fitness= 80.0000 age=0
-->8--
         18      15 
      7      20       6
     24       8      17 
 11       3      14      19
  4      22      12       5
     16      21      13 
      9      10       1
          2      23 
--8<--
found: sum= 82.0000 var=  0.0000 fitness= 82.0000 age=0
-->8--
         13      19 
     10      24       4
     16       8      22 
  9      11       5       3
  6      17      20      14
     23      21      18 
      2       7       1
         12      15 
--8<--
found: sum= 75.0000 var=  0.0000 fitness= 75.0000 age=0
-->8--
         19      21 
     12      13      17
     18       5       4 
 11       8      15      24
  2      22       9       3
     14      16      20 
     10       6      23
          7       1 
--8<--
found: sum= 78.0000 var=  0.0000 fitness= 78.0000 age=0
-->8--
         18      22 
      7      20       6
     14      10      12 
 11       9       8      23
  5      15      17       2
     24      19      16 
     13       4      21
          3       1 
--8<--
found: sum= 77.0000 var=  0.0000 fitness= 77.0000 age=0
-->8--
         16      20 
      3      17      -3
     19      10      22 
  5      12      11       8
  4      14      21       2
     23       9      13 
      7      18       1
          6      15 
--8<--
found: sum= 71.0000 var=  0.0000 fitness= 71.0000 age=0
-->8--
         19      15 
      1      13       9
     20       7      17 
  6      11      10      16
  3       8      14       2
     23      21      12 
      4      -3      22
         18       5 
--8<--
found: sum= 77.0000 var=  0.0000 fitness= 77.0000 age=0
-->8--
          4      21 
     14      17       7
     22       5      18 
  8      15       9      10
 -3      12      20       1
     23      16      19 
      2      13       3
         11       6 
--8<--
found: sum= 83.0000 var=  0.0000 fitness= 83.0000 age=0
-->8--
          3       9 
     14      22      19
     21      10      12 
  6      13      11      24
  7      16      15       4
     20      18      17 
      5      23       2
          1       8 
--8<--
found: sum= 77.0000 var=  0.0000 fitness= 77.0000 age=0
-->8--
          7      13 
     24      16      18
     15       5       2 
 12      10      23       9
  1      19      14       8
     20       6      21 
      4      11      22
         17       3 
--8<--
found: sum= 81.0000 var=  0.0000 fitness= 81.0000 age=0
-->8--
          8       5 
     11      17      15
     22      13       7 
  9      10      24      23
  6      14       4       2
     20      16      21 
      1      18       3
         12      19 
--8<--
found: sum= 82.0000 var=  0.0000 fitness= 82.0000 age=0
-->8--
          8      17 
     18      15       2
     13      21      22 
 19       7       5       6
 11      12      23      10
     20      14      16 
      9      24       4
          3       1 
--8<--
found: sum= 79.0000 var=  0.0000 fitness= 79.0000 age=0
-->8--
         15      10 
      4      13       3
     17      18      24 
 16      12      11       2
  5       9       6      22
     20      23      14 
     19       7      21
          1       8 
--8<--
found: sum= 79.0000 var=  0.0000 fitness= 79.0000 age=0
-->8--
         15       9 
      8      14      23
     20       4      12 
 11      18      17      10
  1       5      13      21
     24      22       6 
      2      19       3
          7      16 
--8<--
found: sum= 80.0000 var=  0.0000 fitness= 80.0000 age=0
-->8--
         19      20 
      8      16       2
     14       6      24 
  7      17      12      18
  5      15       9       4
     22      21      13 
      1      11       3
         10      23 
--8<--
found: sum= 76.0000 var=  0.0000 fitness= 76.0000 age=0
-->8--
         16       6 
     17      23       3
      9       1      22 
 15      10      21       8
  4      18      14      -2
     20      12      13 
      5      19       7
          2      11 
--8<--
found: sum= 74.0000 var=  0.0000 fitness= 74.0000 age=0
-->8--
          2      17 
     21      23       5
     18       1      20 
 10       9       8      11
  6      19      15       7
     12      22      13 
      4      14      -6
          3      16 
--8<--
found: sum= 78.0000 var=  0.0000 fitness= 78.0000 age=0
-->8--
         11      18 
      5      22       9
     19       6       3 
  7      15      20      24
  2      12      17       4
     23       8      10 
     21      13      14
          1      16 
--8<--
found: sum= 80.0000 var=  0.0000 fitness= 80.0000 age=0
-->8--
          9      16 
     15      22       8
     19       5      23 
  7      10       6       3
  2      18      20      17
     24      21      11 
      4       1      13
         12      14 
--8<--
found: sum= 74.0000 var=  0.0000 fitness= 74.0000 age=0
-->8--
          5       7 
     19      16      20
     15      13      10 
 12       6       8      22
  1      17      21      11
     23       9       2 
     18       4      24
          3      14 
--8<--
found: sum= 84.0000 var=  0.0000 fitness= 84.0000 age=0
-->8--
         13       6 
      7      24       8
     18       5      21 
  1      17      20       2
 14      11      16       3
     23      15      22 
     19      12       9
          4      10 
--8<--
found: sum= 71.0000 var=  0.0000 fitness= 71.0000 age=0
-->8--
         16      12 
      9      13       7
     21      11      20 
  5       1       8       6
  3      18      19      22
     23      14      -4 
      4      10      15
          2      17 
--8<--
found: sum= 84.0000 var=  0.0000 fitness= 84.0000 age=0
-->8--
          1      19 
     15      22       3
     23       9      24 
  6      14       7      12
  5      16      21       2
     20      17      18 
      8      13      11
         10       4 
--8<--
found: sum= 77.0000 var=  0.0000 fitness= 77.0000 age=0
-->8--
         16      18 
     13      15       3
     22       7      20 
 19       4      14       5
  1      21       8      24
     10      23       6 
      9      12      17
          2      11 
--8<--
found: sum= 75.0000 var=  0.0000 fitness= 75.0000 age=0
-->8--
          7      20 
     19      12       3
     17      14      15 
 18       6      11       1
  2      10      21      23
     22      13       4 
      9       5       8
         16      24 
--8<--
found: sum= 78.0000 var=  0.0000 fitness= 78.0000 age=0
-->8--
         18       8 
      5      13      19
     17      15      22 
 14      10       1      21
  2      12      24       6
     23      16       4 
      9      11       3
          7      20 
--8<--
found: sum= 84.0000 var=  0.0000 fitness= 84.0000 age=0
-->8--
          4       1 
     17      20      18
     23       9      22 
  8      11      14       3
  6      15      16       5
     21      19      24 
     12      10       2
          7      13 
--8<--
found: sum= 83.0000 var=  0.0000 fitness= 83.0000 age=0
-->8--
          6      24 
     19      15       5
     22       9      14 
  2      12      16      13
 10      17      18       1
     20      11      21 
      4      23       7
          8       3 
--8<--
found: sum= 82.0000 var=  0.0000 fitness= 82.0000 age=0
-->8--
          8       5 
     12      20       9
     17      11      24 
 15      14      13       4
  3      10      16       6
     23      18      19 
     22       7      21
          2       1 
--8<--
found: sum= 84.0000 var=  0.0000 fitness= 84.0000 age=0
-->8--
         17      21 
      3      19       1
     24       8      23 
  9      13      12       4
  5      15      16       7
     18      20      22 
      6      14       2
         11      10 
--8<--
found: sum= 74.0000 var=  0.0000 fitness= 74.0000 age=0
-->8--
          1       2 
     16      20      23
     11      14      17 
 15      12      -2      13
  5      10      18       9
     21      22      19 
      6       8       3
          7       4 
--8<--
found: sum= 77.0000 var=  0.0000 fitness= 77.0000 age=0
-->8--
          5       9 
     22      16       6
     14      13      23 
 18       7      10       3
  1      20      12       8
     17      15      21 
      2      19      11
          4      -1 
--8<--
found: sum= 81.0000 var=  0.0000 fitness= 81.0000 age=0
-->8--
          1      19 
     21      20       3
     13      12      22 
 16      14       5       2
  4      10      23      18
     24      17      11 
      8      15       6
          7       9 
--8<--
found: sum= 78.0000 var=  0.0000 fitness= 78.0000 age=0
-->8--
         15      14 
      8      19       4
     21       6      23 
  7       9      12      -4
  2      17      16      11
     22      18      20 
      5      13      10
          3       1 
--8<--
found: sum= 80.0000 var=  0.0000 fitness= 80.0000 age=0
-->8--
         16      10 
      2      24      15
     20      12       5 
  8       6      14      13
  4      19      18       9
     23      11      21 
      3       7      22
         17       1 
--8<--
found: sum= 72.0000 var=  0.0000 fitness= 72.0000 age=0
-->8--
         12      17 
     11      18       5
     20       3      16 
  6       8      13       9
  1      15      14      21
     22      19      -1 
      2      10       7
          4      23 
--8<--
found: sum= 80.0000 var=  0.0000 fitness= 80.0000 age=0
-->8--
         17       7 
      4       6       9
     22      19      23 
 13      12      16      21
  5      10       8       1
     18      15      11 
     14      20      24
          3       2 
--8<--
found: sum= 81.0000 var=  0.0000 fitness= 81.0000 age=0
-->8--
         11      15 
      9      24       3
     22      10      12 
 13       5      17       8
  2      16      19      21
     23      14       4 
      1      20       6
          7      18 
--8<--
found: sum= 80.0000 var=  0.0000 fitness= 80.0000 age=0
-->8--
          5      14 
     13      16      11
     22       9      24 
  7      15       6      19
  4      12      21       2
     20      17       8 
      3      10       1
         18      23 
--8<--
found: sum= 71.0000 var=  0.0000 fitness= 71.0000 age=0
-->8--
          3      10 
      9      23      20
     21       7      -4 
  6       8      15      18
  1      13      12      11
     22      16      19 
      4       2      17
         14       5 
--8<--
found: sum= 83.0000 var=  0.0000 fitness= 83.0000 age=0
-->8--
         14      13 
     12      24       2
     22       4      19 
 11       7      21       8
  5      20      16      10
     18      15       9 
      6      23      17
          1       3 
--8<--
found: sum= 82.0000 var=  0.0000 fitness= 82.0000 age=0
-->8--
         11       9 
      8      19       4
     18      16      20 
 15      10      14       2
  3      13      17       5
     23      12      24 
     21       6      22
          7       1 
--8<--
found: sum= 79.0000 var=  0.0000 fitness= 79.0000 age=0
-->8--
          7      10 
     20      16       3
     12      13      22 
 21      11      15      24
  2      14       9       1
     19      17       8 
      6      18       4
          5      23 
--8<--
found: sum= 82.0000 var=  0.0000 fitness= 82.0000 age=0
-->8--
         10       2 
     14      17      18
     23      15      22 
 20       3       8       7
  4      21      16       5
     11      19      24 
     12      13       1
          6       9 
--8<--
found: sum= 79.0000 var=  0.0000 fitness= 79.0000 age=0
-->8--
          2      14 
     20      19      11
     23       7      15 
  9       8      13      22
  4      18      21       3
     17      12       5 
     10      16       1
          6      24 
--8<--
found: sum= 79.0000 var=  0.0000 fitness= 79.0000 age=0
-->8--
         17      24 
      3      18      12
     22       9      11 
  7      10       5      13
  1      20      21       6
     19      14      23 
     16       2      15
          8       4 
--8<--
found: sum= 72.0000 var=  0.0000 fitness= 72.0000 age=0
-->8--
          5       9 
     15      21      10
     13       6      19 
  8      12       7      11
  2      14      16       1
     23      17      18 
      3      -5      22
         20       4 
--8<--
found: sum= 82.0000 var=  0.0000 fitness= 82.0000 age=0
-->8--
         12      24 
      3      22       1
     19       9      20 
  5      17       6       4
  7      13      23      11
     21      14      18 
      8      10       2
         16      15 
--8<--
found: sum= 84.0000 var=  0.0000 fitness= 84.0000 age=0
-->8--
         11      19 
      6      22       7
     20      10      21 
  9      15       5       4
  3      13      23      14
     24      18      17 
     12      16       2
          1       8 
--8<--
found: sum= 81.0000 var=  0.0000 fitness= 81.0000 age=0
-->8--
          5      17 
     22      14       4
     19       9      24 
  8      12      13       2
  3      16      11      21
     23      20      10 
      6      15       7
          1      18 
--8<--
found: sum= 81.0000 var=  0.0000 fitness= 81.0000 age=0
-->8--
          2       5 
     16      21      11
     23       4      22 
  8      15      18      17
  3      12      13       1
     20      19      10 
     14       9       6
          7      24 
--8<--
found: sum= 79.0000 var=  0.0000 fitness= 79.0000 age=0
-->8--
         12       4 
      8      21      11
     17       7      20 
 10      14      16       5
  1      15       9       6
     22      18      23 
      2      19      13
          3      -3 
--8<--
found: sum= 78.0000 var=  0.0000 fitness= 78.0000 age=0
-->8--
          1      10 
     17      21       3
     22      13      23 
  9       4       8       7
  5      20      19       6
     18      14      15 
     -1      16       2
         11      12 
--8<--
found: sum= 83.0000 var=  0.0000 fitness= 83.0000 age=0
-->8--
         15      23 
      1      22       2
     24      10      20 
  7      11       6       9
  4      18      21      13
     19      17      14 
      5      16      12
          8       3 
--8<--
found: sum= 73.0000 var=  0.0000 fitness= 73.0000 age=0
-->8--
          5      17 
      3      23       4
     22       7      14 
  6      13       8      21
  1      11      15      16
     20      19      -1 
      2      12      10
          9      18 
--8<--
found: sum= 85.0000 var=  0.0000 fitness= 85.0000 age=0
-->8--
          6       2 
     16      20      13
     23       8      24 
  9      12      18       7
  3      17      11      10
     21      19      15 
      5      22       4
          1      14 
--8<--
found: sum= 83.0000 var=  0.0000 fitness= 83.0000 age=0
-->8--
         13      16 
      4      24       7
     19       8      18 
  6      15      10       1
  3      17      21      22
     23      12      11 
      9      20       5
          2      14 
--8<--
execution time: real 3.116935s user 0.009998s sys 0.001999s
GA: P=512 K=256 sp=3 xover=2D/1 aging
generation #24: pop m= 82.372 v=0.452 f= 79.560
best: found: sum= 85.0000 var=  0.0000 fitness= 85.0000 age=1
-->8--
          6       2 
     16      20      13
     23       8      24 
  9      12      18       7
  3      17      11      10
     21      19      15 
      5      22       4
          1      14 
--8<--
found: sum= 82.0000 var=  0.0000 fitness= 82.0000 age=13
-->8--
         17       9 
     16      11      24
     22      10      13 
  8       6      15      12
  7      19      14       5
     20      18      23 
      1      21       2
          3       4 
--8<--
found: sum= 83.0000 var=  0.0000 fitness= 83.0000 age=20
-->8--
          5      17 
     12      22       1
     13       8      24 
 18      23      11       7
  3       6      16       4
     20      19      21 
      9      15      10
         14       2 
--8<--
found: sum= 84.0000 var=  0.0000 fitness= 84.0000 age=7
-->8--
          4       1 
     17      20      18
     23       9      22 
  8      11      14       3
  6      15      16       5
     21      19      24 
     12      10       2
          7      13 
--8<--
found: sum= 81.0000 var=  0.0000 fitness= 81.0000 age=1
-->8--
          2       5 
     16      21      11
     23       4      22 
  8      15      18      17
  3      12      13       1
     20      19      10 
     14       9       6
          7      24 
--8<--
found: sum= 84.0000 var=  0.0000 fitness= 84.0000 age=2
-->8--
         11      19 
      6      22       7
     20      10      21 
  9      15       5       4
  3      13      23      14
     24      18      17 
     12      16       2
          1       8 
--8<--
found: sum= 84.0000 var=  0.0000 fitness= 84.0000 age=8
-->8--
          1      19 
     15      22       3
     23       9      24 
  6      14       7      12
  5      16      21       2
     20      17      18 
      8      13      11
         10       4 
--8<--
found: sum= 83.0000 var=  0.0000 fitness= 83.0000 age=10
-->8--
          3       9 
     14      22      19
     21      10      12 
  6      13      11      24
  7      16      15       4
     20      18      17 
      5      23       2
          1       8 
--8<--
found: sum= 82.0000 var=  0.0000 fitness= 82.0000 age=11
-->8--
         13      19 
     10      24       4
     16       8      22 
  9      11       5       3
  6      17      20      14
     23      21      18 
      2       7       1
         12      15 
--8<--
found: sum= 83.0000 var=  0.0000 fitness= 83.0000 age=1
-->8--
         15      23 
      1      22       2
     24      10      20 
  7      11       6       9
  4      18      21      13
     19      17      14 
      5      16      12
          8       3 
--8<--
found: sum= 78.0000 var=  0.0000 fitness= 78.0000 age=1
-->8--
          1      10 
     17      21       3
     22      13      23 
  9       4       8       7
  5      20      19       6
     18      14      15 
     -1      16       2
         11      12 
--8<--
found: sum= 83.0000 var=  0.0000 fitness= 83.0000 age=3
-->8--
         14      13 
     12      24       2
     22       4      19 
 11       7      21       8
  5      20      16      10
     18      15       9 
      6      23      17
          1       3 
--8<--
found: sum= 83.0000 var=  0.0000 fitness= 83.0000 age=1
-->8--
         13      16 
      4      24       7
     19       8      18 
  6      15      10       1
  3      17      21      22
     23      12      11 
      9      20       5
          2      14 
--8<--
found: sum= 82.0000 var=  0.0000 fitness= 82.0000 age=6
-->8--
          8       5 
     12      20       9
     17      11      24 
 15      14      13       4
  3      10      16       6
     23      18      19 
     22       7      21
          2       1 
--8<--
found: sum= 84.0000 var=  0.0000 fitness= 84.0000 age=6
-->8--
         17      21 
      3      19       1
     24       8      23 
  9      13      12       4
  5      15      16       7
     18      20      22 
      6      14       2
         11      10 
--8<--
found: sum= 82.0000 var=  0.0000 fitness= 82.0000 age=3
-->8--
         10       2 
     14      17      18
     23      15      22 
 20       3       8       7
  4      21      16       5
     11      19      24 
     12      13       1
          6       9 
--8<--
found: sum= 83.0000 var=  0.0000 fitness= 83.0000 age=13
-->8--
          9      10 
     23      13       3
     16      18      19 
 17       4      20       6
  8      14      12       5
     24      15      21 
      1      22       2
          7      11 
--8<--
found: sum= 73.0000 var=  0.0000 fitness= 73.0000 age=1
-->8--
          5      17 
      3      23       4
     22       7      14 
  6      13       8      21
  1      11      15      16
     20      19      -1 
      2      12      10
          9      18 
--8<--
found: sum= 82.0000 var=  0.0000 fitness= 82.0000 age=10
-->8--
          8      17 
     18      15       2
     13      21      22 
 19       7       5       6
 11      12      23      10
     20      14      16 
      9      24       4
          3       1 
--8<--
found: sum= 82.0000 var=  0.0000 fitness= 82.0000 age=3
-->8--
         11       9 
      8      19       4
     18      16      20 
 15      10      14       2
  3      13      17       5
     23      12      24 
     21       6      22
          7       1 
--8<--
found: sum= 79.0000 var=  0.0000 fitness= 79.0000 age=1
-->8--
         12       4 
      8      21      11
     17       7      20 
 10      14      16       5
  1      15       9       6
     22      18      23 
      2      19      13
          3      -3 
--8<--
found: sum= 82.0000 var=  0.0000 fitness= 82.0000 age=2
-->8--
         12      24 
      3      22       1
     19       9      20 
  5      17       6       4
  7      13      23      11
     21      14      18 
      8      10       2
         16      15 
--8<--
found: sum= 83.0000 var=  0.0000 fitness= 83.0000 age=7
-->8--
          6      24 
     19      15       5
     22       9      14 
  2      12      16      13
 10      17      18       1
     20      11      21 
      4      23       7
          8       3 
--8<--
found: sum= 83.0000 var=  0.0000 fitness= 83.0000 age=14
-->8--
          1       4 
     20      21      19
     23       5      24 
  7      13      10       6
  8      17      22       3
     15      16      18 
     12      14       2
          9      11 
--8<--
found: sum= 84.0000 var=  0.0000 fitness= 84.0000 age=8
-->8--
         13       6 
      7      24       8
     18       5      21 
  1      17      20       2
 14      11      16       3
     23      15      22 
     19      12       9
          4      10 
--8<--
