found: sum= 78.0000 var=  0.0000 fitness= 78.0000
-->8--
          5       3 
      6      22      21
     17      13      18 
 20      15       1       9
 10       2      24      19
     14      23       7 
     16      12       4
         11       8 
--8<--
found: sum= 75.0000 var=  0.0000 fitness= 75.0000
-->8--
         15      16 
     22      17      20
     12       2      19 
 14       7       1       6
 11      18      24      21
     13      23       4 
      3      10       5
          8       9 
--8<--
found: sum= 73.0000 var=  0.0000 fitness= 73.0000
-->8--
          9      11 
     23      12      13
      6      21      15 
 17       2       1      20
 14      24       3      16
     10      22      18 
      5       4      19
          8       7 
--8<--
found: sum= 74.0000 var=  0.0000 fitness= 74.0000
-->8--
         21      12 
     10      13      18
      9      20       7 
 22       1       4       8
  5      14      24      16
     23      11      15 
     17       3       2
          6      19 
--8<--
found: sum= 76.0000 var=  0.0000 fitness= 76.0000
-->8--
          7      13 
      1       5      11
     16      24      21 
  9      23       2       8
  6      10       3      20
     12      14      22 
     17       4      18
         19      15 
--8<--
found: sum= 72.0000 var=  0.0000 fitness= 72.0000
-->8--
         19       9 
     10      15       8
      4      18       1 
 22       6      21       5
 12      11      14      24
     17       2       7 
     23      16      13
          3      20 
--8<--
found: sum= 72.0000 var=  0.0000 fitness= 72.0000
-->8--
         24       2 
     12       6      22
     14       1      23 
 13      15      18      16
 11      10       8       4
      9      20       3 
      7       5      19
         21      17 
--8<--
found: sum= 78.0000 var=  0.0000 fitness= 78.0000
-->8--
         10      19 
     24      11       5
     18       7      16 
 12       8      20      14
  2      23       3       4
     15      17      21 
     13       9      22
          1       6 
--8<--
found: sum= 75.0000 var=  0.0000 fitness= 75.0000
-->8--
         13       3 
      2      17      10
     16      12      24 
 21      15       9      11
 14       1      18       7
      8      20       6 
     23       4      22
         19       5 
--8<--
found: sum= 76.0000 var=  0.0000 fitness= 76.0000
-->8--
         15      14 
     21       4      13
     11      24      19 
 18       1       2       6
  7      23      17      22
     16       9      10 
      5      20       8
          3      12 
--8<--
found: sum= 76.0000 var=  0.0000 fitness= 76.0000
-->8--
         16      13 
     22       6      24
      7       5      18 
 12      20      10      15
  3      23      14       2
     11       4      17 
      8      21      19
          9       1 
--8<--
found: sum= 78.0000 var=  0.0000 fitness= 78.0000
-->8--
          7       1 
      4      24      13
     14      20       8 
 18       9      12       2
 10       5      17      23
     22      15      16 
     11       6       3
         19      21 
--8<--
found: sum= 76.0000 var=  0.0000 fitness= 76.0000
-->8--
         16       6 
     15      10      22
     24       2      23 
 20       9      13       3
  8      14      21      12
      1      17       4 
     19      18       5
          7      11 
--8<--
found: sum= 73.0000 var=  0.0000 fitness= 73.0000
-->8--
         12      15 
      6       2      21
     20      14      18 
 17      19       3      13
  1       9       5      24
      7      23      10 
      4       8      16
         22      11 
--8<--
found: sum= 80.0000 var=  0.0000 fitness= 80.0000
-->8--
         12      14 
     19      23      13
     21       4      11 
 17       1      15       8
  7      18      20       2
     16      22      24 
     10       5       6
          9       3 
--8<--
found: sum= 74.0000 var=  0.0000 fitness= 74.0000
-->8--
         13      12 
     21      23       8
     10       2      15 
 17       5      14       6
 18      20       9      19
      4      24      11 
      3       7       1
         16      22 
--8<--
found: sum= 74.0000 var=  0.0000 fitness= 74.0000
-->8--
         16       3 
     13       5       6
      8      14      22 
  9      18      24      21
 17      10       1       2
     12       7       4 
     15      19      23
         11      20 
--8<--
found: sum= 80.0000 var=  0.0000 fitness= 80.0000
-->8--
         11       8 
     10      22      13
     20      16       2 
 17       1      19       5
 15       6      24       7
     21      14      23 
      9      12       3
         18       4 
--8<--
found: sum= 75.0000 var=  0.0000 fitness= 75.0000
-->8--
         12       8 
      5      10      17
     21      20      18 
 19       7       2      15
  3      24      13      16
      1       9      11 
      4      14       6
         23      22 
--8<--
found: sum= 69.0000 var=  0.0000 fitness= 69.0000
-->8--
         21      16 
     23       2      20
      9      13       6 
 24       1      12       8
 10      22      17      15
      3       4      11 
      7      14       5
         19      18 
--8<--
found: sum= 76.0000 var=  0.0000 fitness= 76.0000
-->8--
         17      15 
      4      20       7
     11      21       8 
 16       3       5      12
 10      23      18      14
     13       6      19 
      1       9       2
         24      22 
--8<--
found: sum= 79.0000 var=  0.0000 fitness= 79.0000
-->8--
         12       8 
      4      24       5
      2      20       6 
  9      17      16      21
 15      13       3      11
     23      10      22 
     14      18      19
          1       7 
--8<--
found: sum= 77.0000 var=  0.0000 fitness= 77.0000
-->8--
         23       5 
      3      24      11
     16       1      14 
  2      10      22       6
 21       9      20       7
     19      15       8 
     12       4      17
         18      13 
--8<--
found: sum= 80.0000 var=  0.0000 fitness= 80.0000
-->8--
         12       6 
     13      24       8
     17       5      19 
 10       9      18      15
 21       3      22       2
     20      23       4 
     11      16      14
          7       1 
--8<--
found: sum= 78.0000 var=  0.0000 fitness= 78.0000
-->8--
         17       7 
      6      20      10
     22      12      15 
 19       1      14      13
  4      24      16      18
      8      11       2 
      9      23      21
          3       5 
--8<--
found: sum= 74.0000 var=  0.0000 fitness= 74.0000
-->8--
         19      22 
     21      18       1
      3      11       7 
  9       2      15       8
 13      24      10      20
     23      12      14 
      6       5      16
          4      17 
--8<--
found: sum= 76.0000 var=  0.0000 fitness= 76.0000
-->8--
          2      24 
      4      11       9
     20      21       6 
  8      18       5      22
 14       3      17      19
     13      12       7 
     15      23      16
         10       1 
--8<--
found: sum= 75.0000 var=  0.0000 fitness= 75.0000
-->8--
         22      24 
      6      10      23
      9       7       3 
 11      21       8      13
 12       2      19      15
     20      18      17 
      5      16       1
         14       4 
--8<--
found: sum= 76.0000 var=  0.0000 fitness= 76.0000
-->8--
         12       8 
      5      18      21
     15       9       1 
 13      17      19       7
 11       6      23       4
     14       2      22 
     20      10      16
         24       3 
--8<--
found: sum= 78.0000 var=  0.0000 fitness= 78.0000
-->8--
         10      21 
     17      24       2
      3      16       9 
 12       8       6      15
 13      22       7      18
     20      19      23 
      5      11      14
          1       4 
--8<--
found: sum= 70.0000 var=  0.0000 fitness= 70.0000
-->8--
         18       8 
     20       2      22
      3      13      24 
 11      14       1       4
 23       9      21      15
     10      12       5 
     16       6       7
         17      19 
--8<--
found: sum= 78.0000 var=  0.0000 fitness= 78.0000
-->8--
          9       2 
     17      24      19
     10      15      11 
  6       3       7       8
 16      20      21      13
     23      12      18 
     14       4       1
          5      22 
--8<--
found: sum= 75.0000 var=  0.0000 fitness= 75.0000
-->8--
         17      12 
     20      24       9
      8       5      11 
 13       1      14      23
 16      15      19       2
     22      21       6 
      3       4      18
         10       7 
--8<--
found: sum= 78.0000 var=  0.0000 fitness= 78.0000
-->8--
         22      13 
      5       8      16
     24       1      17 
  3      18      23      12
  7      15       2       4
     11      19      20 
     14      10      21
          9       6 
--8<--
found: sum= 76.0000 var=  0.0000 fitness= 76.0000
-->8--
          4      15 
     22      24      13
     19       6       7 
 14       1      11       3
 20      17      18      21
      5      23      16 
     10       9       8
         12       2 
--8<--
found: sum= 75.0000 var=  0.0000 fitness= 75.0000
-->8--
          3      13 
     12      22       1
      8      16       5 
  2      14      18      20
 23       4       6      19
     24      17       7 
     11       9      21
         10      15 
--8<--
found: sum= 81.0000 var=  0.0000 fitness= 81.0000
-->8--
         12      19 
     13      24       2
     20       9      17 
 16       3      10      18
 11      23      14       7
      8      22      15 
      1      21       4
          6       5 
--8<--
found: sum= 78.0000 var=  0.0000 fitness= 78.0000
-->8--
         18      17 
     11      24       9
     19       5      10 
 14       1      13       3
 20      16      22       7
      8      21      23 
     12       6       4
         15       2 
--8<--
found: sum= 75.0000 var=  0.0000 fitness= 75.0000
-->8--
          2       4 
     14      12      20
      5      24       9 
 16      18       6      21
 11       3       7      13
     22      17      19 
     10       8      23
         15       1 
--8<--
found: sum= 76.0000 var=  0.0000 fitness= 76.0000
-->8--
         17       5 
      3       2      13
     24      11      22 
 12      19      23      10
  6       8       1       4
      7      14      16 
     20       9      15
         18      21 
--8<--
found: sum= 72.0000 var=  0.0000 fitness= 72.0000
-->8--
         19       9 
     20      11      17
      6       1      12 
 10      15      22      21
 14       3       8       7
     24      23       2 
      4       5      18
         13      16 
--8<--
found: sum= 78.0000 var=  0.0000 fitness= 78.0000
-->8--
         14       8 
     13      24       4
      6      20      17 
 10       1       5      11
 22      16      15      12
     23      21      18 
      9       2      19
          7       3 
--8<--
found: sum= 81.0000 var=  0.0000 fitness= 81.0000
-->8--
          9      10 
      7      16      14
     24       2      18 
  6      23      21       1
  3       5      22       4
     20       8      15 
     19      12      13
         17      11 
--8<--
found: sum= 77.0000 var=  0.0000 fitness= 77.0000
-->8--
         22       7 
     20      23      14
      4       2      13 
 15       6      18       3
 19      17      24      11
     16      10       8 
     12      21       5
          1       9 
--8<--
found: sum= 77.0000 var=  0.0000 fitness= 77.0000
-->8--
          4      15 
      7       6       1
     21      20      24 
 22      19      11       9
 10       2       8      12
      3      17      13 
     14      18       5
         23      16 
--8<--
found: sum= 75.0000 var=  0.0000 fitness= 75.0000
-->8--
          4      12 
     18       2      15
      8      20      21 
  1      23       5       6
 11      10      14      16
     22       3      13 
     24       9      19
          7      17 
--8<--
found: sum= 79.0000 var=  0.0000 fitness= 79.0000
-->8--
          1       5 
     14      23       6
      2      22      20 
  7      17       3      12
 11      18      15      19
     24       4      10 
      8      16      13
          9      21 
--8<--
found: sum= 77.0000 var=  0.0000 fitness= 77.0000
-->8--
         16       8 
     15       2       3
     19      21      20 
  5       4      23       1
 22      10      13      11
     17       6       9 
     14      18      24
         12       7 
--8<--
found: sum= 79.0000 var=  0.0000 fitness= 79.0000
-->8--
          9       2 
     19      24      11
     20       1      23 
 12       6      18       7
 16      15      22       4
     10      17       5 
      3      13      14
         21       8 
--8<--
found: sum= 79.0000 var=  0.0000 fitness= 79.0000
-->8--
          4       3 
      5      23      11
     13      24       6 
  7      10      12      19
 20      14       2      18
     15      17      22 
      8      16      21
          9       1 
--8<--
found: sum= 76.0000 var=  0.0000 fitness= 76.0000
-->8--
         12       1 
      5      20      14
      7      22       3 
 17      10      16      19
 13      18       2      21
     11       8      15 
      6      24       4
          9      23 
--8<--
found: sum= 76.0000 var=  0.0000 fitness= 76.0000
-->8--
         13      11 
     23       2      15
     20       8      19 
 22      10      21       5
  1       6      24       3
     17       7       4 
     12      18       9
         16      14 
--8<--
found: sum= 78.0000 var=  0.0000 fitness= 78.0000
-->8--
          8      22 
      2      23      13
     24      11       5 
  6      10       4      21
  7      15      20       9
     16      18      19 
     12       3       1
         14      17 
--8<--
found: sum= 81.0000 var=  0.0000 fitness= 81.0000
-->8--
         23       1 
      7      24      11
     16       5      21 
 18       6      19       3
  2      22      20       4
     17       9      14 
      8      13      10
         12      15 
--8<--
found: sum= 75.0000 var=  0.0000 fitness= 75.0000
-->8--
         19       5 
     17       3      23
     24       2      22 
  6      10      20      15
 18       9      13       1
      8      21       4 
      7      14      11
         16      12 
--8<--
found: sum= 78.0000 var=  0.0000 fitness= 78.0000
-->8--
         15       2 
      5      20      21
     16      14      12 
 19       8       9      17
 10      18      23       4
      7       6      13 
      1      22       3
         24      11 
--8<--
found: sum= 73.0000 var=  0.0000 fitness= 73.0000
-->8--
         24      19 
      8       3      21
      9       6      20 
  2      23       4      10
 16      12      15       7
     11      13      17 
     18       5       1
         14      22 
--8<--
found: sum= 78.0000 var=  0.0000 fitness= 78.0000
-->8--
         10       1 
      2       8      14
     18      16      19 
  7      24      20       5
 12       4       3      22
     13      11       9 
      6      23      17
         21      15 
--8<--
found: sum= 74.0000 var=  0.0000 fitness= 74.0000
-->8--
         19      15 
     12      22       3
     10       9       5 
 17       2      20      16
 14      13       6      23
     18      24       4 
      1      11       8
          7      21 
--8<--
found: sum= 75.0000 var=  0.0000 fitness= 75.0000
-->8--
         16      11 
     17      15      13
      8      18       6 
 14       1      12       7
 10      19      20       9
     23       5      21 
      4       2       3
         22      24 
--8<--
found: sum= 75.0000 var=  0.0000 fitness= 75.0000
-->8--
         19      17 
      9      23       2
      8      11       7 
 10       5      15      21
 18      14       6      22
     20      24       4 
      1      13      16
          3      12 
--8<--
found: sum= 79.0000 var=  0.0000 fitness= 79.0000
-->8--
          6       4 
     21      17       7
      1      23      12 
 10      11      16      15
 20      18       9       3
     19       2      24 
      5      22       8
         13      14 
--8<--
found: sum= 77.0000 var=  0.0000 fitness= 77.0000
-->8--
          1       7 
     22       3      10
     11      21      24 
  5      19      12       4
 14       8      15      13
     20       2       9 
      6      18      17
         23      16 
--8<--
found: sum= 75.0000 var=  0.0000 fitness= 75.0000
-->8--
          6       4 
     19      24      12
     14      11       2 
 16       1      22      17
 21      18       3       8
      5      20      23 
     15       7       9
         10      13 
--8<--
found: sum= 75.0000 var=  0.0000 fitness= 75.0000
-->8--
         22      11 
     20      19      13
      1       3      14 
 17      10      15      16
  2      24      18       4
     21       5       8 
      6      12      23
          7       9 
--8<--
found: sum= 75.0000 var=  0.0000 fitness= 75.0000
-->8--
          6      21 
      5      24      18
     19       9       1 
  4      12       2      22
 13      20      17      23
      7      15      10 
     16      14      11
          3       8 
--8<--
found: sum= 77.0000 var=  0.0000 fitness= 77.0000
-->8--
          6       3 
      1      24      13
     18       7      14 
  5      21      16       8
 12      11       2      22
     10      20      15 
     23       4      17
          9      19 
--8<--
found: sum= 81.0000 var=  0.0000 fitness= 81.0000
-->8--
          7      21 
      4      23       1
     13      16      11 
  3      18       9      12
  5      22      10      15
     20       6      24 
      2      14       8
         17      19 
--8<--
found: sum= 76.0000 var=  0.0000 fitness= 76.0000
-->8--
         12      24 
     20      21       5
     16       1      15 
  4       6      10       7
 19      14      23      13
     17      22       8 
     11       3      18
          9       2 
--8<--
found: sum= 75.0000 var=  0.0000 fitness= 75.0000
-->8--
         10       8 
      2      13      21
     18      20       7 
  5      12       6      22
 16       9       4      17
     15      24      19 
      1       3      11
         23      14 
--8<--
found: sum= 76.0000 var=  0.0000 fitness= 76.0000
-->8--
         20       6 
      3      24       8
     18       9      14 
 10       2      15      19
 22      11      23       1
     13      16       4 
     12       7      21
         17       5 
--8<--
found: sum= 68.0000 var=  0.0000 fitness= 68.0000
-->8--
         19      24 
     15       7      23
      1       6       5 
 12      20       3      14
 11      22      13      17
      2       4      16 
     21       9      18
         10       8 
--8<--
found: sum= 77.0000 var=  0.0000 fitness= 77.0000
-->8--
         20       8 
     13      21      17
     18       3      12 
  1       2      16      10
 15      19      23      11
     22      14       5 
      6       7       4
          9      24 
--8<--
found: sum= 77.0000 var=  0.0000 fitness= 77.0000
-->8--
         23       2 
      6      11       7
      3      19      21 
 13      15      17      20
 16      12      10       1
     18       4       8 
     14      24      22
          5       9 
--8<--
found: sum= 79.0000 var=  0.0000 fitness= 79.0000
-->8--
         20       1 
      5      18       9
      4      24      13 
 17       8      14       6
 12      15      11      19
     23       7      16 
      3      21       2
         10      22 
--8<--
found: sum= 78.0000 var=  0.0000 fitness= 78.0000
-->8--
          7      11 
     10      12       8
     17      18      13 
  3      14      16      15
 19       5       4      24
     20      21       6 
      9      22       2
          1      23 
--8<--
found: sum= 74.0000 var=  0.0000 fitness= 74.0000
-->8--
          4       5 
     15      22      16
      1      18       3 
 21      14      10      13
 23       7      19      17
      8       6      12 
      9      24       2
         20      11 
--8<--
found: sum= 75.0000 var=  0.0000 fitness= 75.0000
-->8--
          9      13 
      4      20      11
      1      22       3 
 17      19       6      21
 18       8       5      24
     12      15      16 
      7      23      14
         10       2 
--8<--
found: sum= 75.0000 var=  0.0000 fitness= 75.0000
-->8--
         17      13 
      4      18      11
      5      22       1 
  2       9      10      20
 23      12       8      15
     24      14      21 
      3       6       7
         16      19 
--8<--
found: sum= 76.0000 var=  0.0000 fitness= 76.0000
-->8--
          1      13 
     10      17       2
     16      12      21 
  9      20      11       6
 19       4       5      18
      8      24      15 
     23       3       7
         14      22 
--8<--
found: sum= 75.0000 var=  0.0000 fitness= 75.0000
-->8--
          6       4 
      7      10       1
     12      21      24 
 11      19      15      22
 20       5       2       9
      8      13       3 
     14      18      16
         17      23 
--8<--
found: sum= 79.0000 var=  0.0000 fitness= 79.0000
-->8--
         17       3 
     10      18      12
      9       1      22 
  4      24      23       7
 15       6      14       8
     21      11       5 
     19      20      16
          2      13 
--8<--
found: sum= 77.0000 var=  0.0000 fitness= 77.0000
-->8--
          1      19 
      4      20       2
     16      13      12 
 10      23      11      18
 14       6       3       9
      8      21      24 
     15       5      17
         22       7 
--8<--
found: sum= 80.0000 var=  0.0000 fitness= 80.0000
-->8--
          1      13 
      2      21       9
     22      10      12 
  8      24      15      14
  7      16      11       5
      3       4      23 
     20      19      17
         18       6 
--8<--
found: sum= 75.0000 var=  0.0000 fitness= 75.0000
-->8--
          1       5 
      3      13      23
     22      12      18 
 10      24       4      19
  8       2      16      11
      9      17       7 
     21       6      15
         20      14 
--8<--
found: sum= 73.0000 var=  0.0000 fitness= 73.0000
-->8--
          8      16 
     12       9       7
      2      24      11 
  5      18       6      19
 10      21       1      14
     17       3      22 
     13       4      20
         15      23 
--8<--
found: sum= 81.0000 var=  0.0000 fitness= 81.0000
-->8--
          4       5 
     18      20      14
     23      10       8 
 12       6      24       1
 16      11       9      17
     13      21      22 
      2      19       7
         15       3 
--8<--
found: sum= 80.0000 var=  0.0000 fitness= 80.0000
-->8--
          3      10 
      2      24       4
     22      20       5 
 14       9      17      16
 12      15      13      11
      8       6      18 
      7      23       1
         21      19 
--8<--
found: sum= 73.0000 var=  0.0000 fitness= 73.0000
-->8--
         17      13 
     20       2      14
      8      19      16 
 18       7       9       1
 10      24      11      15
      6       3      21 
     23      12       4
          5      22 
--8<--
found: sum= 78.0000 var=  0.0000 fitness= 78.0000
-->8--
          5       6 
      1      14      17
     15      22       3 
  9      21      16      20
 12      10       2      13
     11       7      24 
      8      23       4
         19      18 
--8<--
found: sum= 76.0000 var=  0.0000 fitness= 76.0000
-->8--
          6      12 
      7      14      21
     23       2      18 
  8      24       9      15
  4      16      20       3
      1       5      11 
     19      13      10
         22      17 
--8<--
found: sum= 76.0000 var=  0.0000 fitness= 76.0000
-->8--
         15      12 
     24       9      16
     19       1      17 
 13       8      21       5
 14       4      20       3
     18      22      10 
      2       7       6
         23      11 
--8<--
found: sum= 75.0000 var=  0.0000 fitness= 75.0000
-->8--
          7      10 
     23      22      11
      8       3      14 
 17      12      15      13
  1      19      24       5
     18       2       4 
     21       9      16
          6      20 
--8<--
found: sum= 76.0000 var=  0.0000 fitness= 76.0000
-->8--
          5      16 
      4       9      11
     14      21       7 
 10      23      12      19
 15       6       1      17
      8      13      20 
     24      22       2
          3      18 
--8<--
found: sum= 77.0000 var=  0.0000 fitness= 77.0000
-->8--
         14      13 
      1      23       5
     11      16       2 
 10      12      18       8
  4      21       3      22
     19       7      24 
      9       6      17
         15      20 
--8<--
found: sum= 81.0000 var=  0.0000 fitness= 81.0000
-->8--
         11       1 
     17       7      21
     19      22      18 
  8       5      12       2
 10      16      20      15
     23       6      14 
      9      24       4
          3      13 
--8<--
found: sum= 81.0000 var=  0.0000 fitness= 81.0000
-->8--
         13       9 
      5      20       1
     16      12      21 
 19      15      18       6
  2      22       4       8
      7      10      24 
     11      17      23
         14       3 
--8<--
found: sum= 82.0000 var=  0.0000 fitness= 82.0000
-->8--
         11       4 
      1      24       5
     19      15      20 
 16      12      14       2
  8       6      22       7
     21      13      17 
     10       9       3
         23      18 
--8<--
found: sum= 78.0000 var=  0.0000 fitness= 78.0000
-->8--
         14      21 
      4      13       1
     11      12      23 
 19      24       8      17
  2       6      18       7
     16      10       5 
     15      22       3
          9      20 
--8<--
found: sum= 79.0000 var=  0.0000 fitness= 79.0000
-->8--
         18       8 
     16      17       9
     22       1      21 
 12       5      23       2
 10      11      24       6
     19      15       3 
     14      13       4
          7      20 
--8<--
found: sum= 71.0000 var=  0.0000 fitness= 71.0000
-->8--
         10       4 
      8       7      23
     12      15       9 
  1      19      13      20
 16       5       2      24
     18      17       3 
     11       6      21
         14      22 
--8<--
found: sum= 75.0000 var=  0.0000 fitness= 75.0000
-->8--
          3      23 
      8      12       5
     14      16      10 
 19      22       9      18
 11       2      20       1
      7       6      17 
     24      15      13
         21       4 
--8<--
found: sum= 78.0000 var=  0.0000 fitness= 78.0000
-->8--
          4       6 
     21       2      18
     19      24      23 
  1       8       5      17
 13      22      10       3
     15       9      20 
     14      11      12
          7      16 
--8<--
found: sum= 78.0000 var=  0.0000 fitness= 78.0000
-->8--
          3      14 
     10      23       7
     16      20      12 
 11       6       2      18
 13      24       5      19
      8      21      22 
     15       9       4
          1      17 
--8<--
found: sum= 79.0000 var=  0.0000 fitness= 79.0000
-->8--
         20       2 
     14      10      22
     21       5      23 
 18       9      17       3
  1      11      13       8
     19      24      15 
     12       7       4
          6      16 
--8<--
found: sum= 79.0000 var=  0.0000 fitness= 79.0000
-->8--
          6       1 
     15      21      18
     19      14      22 
  9       4       3      10
 16      23      11      13
      8      24      20 
     12       5       2
          7      17 
--8<--
found: sum= 80.0000 var=  0.0000 fitness= 80.0000
-->8--
          8       1 
      6      24      10
     15      20      23 
  3       7       2       4
 22      21      16      18
     12      14      17 
      5       9      13
         19      11 
--8<--
found: sum= 75.0000 var=  0.0000 fitness= 75.0000
-->8--
          8       3 
     11      23      16
      1      17       2 
 20      15      14      18
  5      10      13       7
     24       6      21 
      9       4      12
         22      19 
--8<--
found: sum= 81.0000 var=  0.0000 fitness= 81.0000
-->8--
          5       7 
     12      23       4
     18      22      17 
 13       1       8       2
 24      14      15      19
     11      21      20 
      9      16       3
         10       6 
--8<--
found: sum= 80.0000 var=  0.0000 fitness= 80.0000
-->8--
          4      15 
     14      24       1
     18       7      17 
  6      13      16       5
 12      22       2      19
      9      20      21 
      8      11       3
         10      23 
--8<--
found: sum= 77.0000 var=  0.0000 fitness= 77.0000
-->8--
         10       9 
      4      20       3
     18      13      17 
 16      12      15       7
  1      24       5      11
      6       8      22 
     14       2      19
         23      21 
--8<--
found: sum= 80.0000 var=  0.0000 fitness= 80.0000
-->8--
          8       2 
      5      18      11
      6      20      14 
 13      23      15      16
  7      12       9       4
     19       1      22 
     24      21      10
          3      17 
--8<--
found: sum= 80.0000 var=  0.0000 fitness= 80.0000
-->8--
          5      18 
      9      20       7
     23       1      21 
  6      22      13       8
 11      15      10      12
      3      19      16 
     24      17       4
          2      14 
--8<--
found: sum= 77.0000 var=  0.0000 fitness= 77.0000
-->8--
         14       5 
     10      19      16
     11      20       9 
 15       3       8      24
  4      21      12      18
     23      13       6 
      1      17       7
          2      22 
--8<--
found: sum= 74.0000 var=  0.0000 fitness= 74.0000
-->8--
         16      12 
     20      22      15
      9       4       7 
 17       3      14      13
  6      18      11      19
     21      24      10 
      2       1       5
          8      23 
--8<--
found: sum= 77.0000 var=  0.0000 fitness= 77.0000
-->8--
          8       1 
     10      21      23
     19       3      14 
 13      16      15      17
  9      18       5       4
      2      20      22 
      6       7      11
         24      12 
--8<--
found: sum= 79.0000 var=  0.0000 fitness= 79.0000
-->8--
         12      21 
     13       5       2
     22      18      17 
  6       9      16      15
 19       3      10      14
     20      23       7 
      8      24      11
          1       4 
--8<--
found: sum= 78.0000 var=  0.0000 fitness= 78.0000
-->8--
          1       2 
     12      15      18
     23      10      19 
 24      17      14      13
  3       6       9      16
      5      22       7 
      4      21       8
         20      11 
--8<--
found: sum= 75.0000 var=  0.0000 fitness= 75.0000
-->8--
         24      15 
     23       3      16
     14       6      17 
 13       5      18       1
  2      22      20       7
     19       4      12 
      9      10       8
         11      21 
--8<--
found: sum= 79.0000 var=  0.0000 fitness= 79.0000
-->8--
         21       1 
     10      19       9
     15      11      16 
 12       3      23       2
 14      13      24       8
     22       5       6 
     18      17       7
          4      20 
--8<--
found: sum= 77.0000 var=  0.0000 fitness= 77.0000
-->8--
         22       6 
     13      24      15
     10       7      11 
  9       1      14       8
 16      23      20       5
     18      12      19 
     17       3       2
          4      21 
--8<--
found: sum= 79.0000 var=  0.0000 fitness= 79.0000
-->8--
         20       4 
      3       7       8
     21      17      24 
 18      11      19      12
 13       1       9      10
     15      22       5 
     16      23      14
          2       6 
--8<--
found: sum= 74.0000 var=  0.0000 fitness= 74.0000
-->8--
         18      13 
      2      24       7
      6      21       5 
 22       3       4      16
 23       9      20      19
     11      17      10 
     15      14       1
          8      12 
--8<--
found: sum= 75.0000 var=  0.0000 fitness= 75.0000
-->8--
         20      19 
     15      18      21
     17       3      13 
 16       2       1      11
 10      22      24      14
      8      23      12 
      9       7       5
          6       4 
--8<--
found: sum= 73.0000 var=  0.0000 fitness= 73.0000
-->8--
         18       4 
     20       6       3
      5      22      21 
 19       2      17      14
 23       9      13       1
     15      10       7 
     12      11       8
         16      24 
--8<--
found: sum= 78.0000 var=  0.0000 fitness= 78.0000
-->8--
          7       6 
      5      23       4
     10      21      11 
  8      12      13      18
 24      15       3      16
      9      14      17 
      1      20      22
         19       2 
--8<--
found: sum= 76.0000 var=  0.0000 fitness= 76.0000
-->8--
          8      12 
      7      11      14
     15      16       3 
 18      19      20       5
  1      13       2      22
     10       6      24 
     21      17       4
          9      23 
--8<--
found: sum= 80.0000 var=  0.0000 fitness= 80.0000
-->8--
          5       3 
      7      13      10
     18      20      22 
  8      17      12      16
 14       2       6       9
     21      23      15 
     19      11       1
          4      24 
--8<--
found: sum= 75.0000 var=  0.0000 fitness= 75.0000
-->8--
          4      11 
      3      14      24
     13      23       2 
 10      18       1      12
 17       8      20      19
      9       5      21 
     22      16       7
         15       6 
--8<--
found: sum= 71.0000 var=  0.0000 fitness= 71.0000
-->8--
          9      20 
     15      12      14
      7       6      16 
 11      22       3      17
  5      18      21       4
      8       1      10 
     23       2      13
         19      24 
--8<--
found: sum= 73.0000 var=  0.0000 fitness= 73.0000
-->8--
         20       8 
     21      17      11
      7       2      19 
 13       6      16       9
 15      14      23       5
     18      12       1 
     22       3      24
          4      10 
--8<--
found: sum= 81.0000 var=  0.0000 fitness= 81.0000
-->8--
         15       2 
      4      24       8
     18      19       7 
 11       1      21      13
 17      12      23       3
     22       5      14 
      6      20      10
         16       9 
--8<--
found: sum= 78.0000 var=  0.0000 fitness= 78.0000
-->8--
          2       1 
      6       7      21
     24      22      18 
 11      17       9      23
  4       3      15       5
     19      12       8 
     20      14      13
         10      16 
--8<--
found: sum= 77.0000 var=  0.0000 fitness= 77.0000
-->8--
          3       5 
     19      22      11
      2      24       9 
 15       7       6      13
 20      16      23      12
     17       1      14 
      4      21      10
         18       8 
--8<--
found: sum= 82.0000 var=  0.0000 fitness= 82.0000
-->8--
         21      12 
      8      23      14
     20       3      17 
  6       7      13      10
 16      22      18       9
     11      19      15 
      1      24       2
          5       4 
--8<--
found: sum= 79.0000 var=  0.0000 fitness= 79.0000
-->8--
          8       6 
     19      12       2
      7      22      23 
 21      11      14      10
 17       5       3       9
     18      24      20 
     16      15       4
          1      13 
--8<--
found: sum= 78.0000 var=  0.0000 fitness= 78.0000
-->8--
         17       9 
     16       2      11
      4      21      22 
  7      18      13      10
 14      20       1       8
     15       5      24 
     12      23      19
          3       6 
--8<--
found: sum= 73.0000 var=  0.0000 fitness= 73.0000
-->8--
         13      17 
     19       5      16
     22      10       2 
  7       4      23      18
 14      20       1       8
      6      15      21 
     12       9      24
         11       3 
--8<--
found: sum= 81.0000 var=  0.0000 fitness= 81.0000
-->8--
          7       1 
      3      20       2
     21      11      23 
  6      19      24      16
 13       8       4       9
     14      15       5 
     12      22      18
         10      17 
--8<--
found: sum= 78.0000 var=  0.0000 fitness= 78.0000
-->8--
          6      19 
      1      16       3
     24       8      11 
 13      23      21      14
 12       4       7       5
      2      15      20 
     22      17       9
         18      10 
--8<--
found: sum= 77.0000 var=  0.0000 fitness= 77.0000
-->8--
          3       1 
      8      17       6
     13      12      23 
 11      24      18      10
  9      16       5      14
      4       2       7 
     15      21      20
         19      22 
--8<--
found: sum= 81.0000 var=  0.0000 fitness= 81.0000
-->8--
          8       6 
     11      21      12
     20      17       9 
 10       4      16       3
 15      18      24       7
     14       2      22 
      5      19       1
         23      13 
--8<--
found: sum= 80.0000 var=  0.0000 fitness= 80.0000
-->8--
         20       5 
      2      12       8
     11      16      15 
  9      19      24       1
 14      10       4      13
     17       7      23 
     18      22       3
          6      21 
--8<--
found: sum= 80.0000 var=  0.0000 fitness= 80.0000
-->8--
          6       1 
      5      20       3
     11      21      22 
 12      17      13      10
  9      23       4       7
      8       2      24 
     14      15      16
         18      19 
--8<--
found: sum= 82.0000 var=  0.0000 fitness= 82.0000
-->8--
          5      12 
      6      11       4
     24      20      21 
  8      16      14       9
 10       2       7      18
     22      23      13 
      1      19       3
         15      17 
--8<--
found: sum= 72.0000 var=  0.0000 fitness= 72.0000
-->8--
          4      10 
     18      21       7
      3       9       1 
 23      17      24      19
  8       5       2      20
     16      15       6 
     12      13      22
         11      14 
--8<--
found: sum= 72.0000 var=  0.0000 fitness= 72.0000
-->8--
         18      11 
     24       3      13
     12       8      17 
 23       7      20       9
  1      19       4       6
     10      14      16 
     22       2      15
          5      21 
--8<--
found: sum= 76.0000 var=  0.0000 fitness= 76.0000
-->8--
          5       6 
      4       7      15
     18      23      17 
 11      19       8       9
  2      12       1      20
     14      13      21 
     24       3      16
         10      22 
--8<--
found: sum= 81.0000 var=  0.0000 fitness= 81.0000
-->8--
          2      15 
     10      20       4
      9      22       8 
  6      18      12       7
 14      13      11      19
     21       5      24 
     16      23      17
          3       1 
--8<--
found: sum= 80.0000 var=  0.0000 fitness= 80.0000
-->8--
          3      17 
      5      10       9
     20      18      19 
  8      24       7       6
  1      15      14      11
     12       2      23 
     13      16       4
         22      21 
--8<--
found: sum= 75.0000 var=  0.0000 fitness= 75.0000
-->8--
         21       1 
      4      17      14
     11      12       8 
  3      10      23       9
 22       5       7      15
     24      18      13 
     20       2      16
          6      19 
--8<--
found: sum= 79.0000 var=  0.0000 fitness= 79.0000
-->8--
          7       1 
      3      16      12
     24      21       6 
 15       8      23      18
 13       9       4      11
     10      14      17 
     19      22      20
          5       2 
--8<--
found: sum= 75.0000 var=  0.0000 fitness= 75.0000
-->8--
          7      18 
      9       8       1
     17      20      15 
 11      14      13      12
  6       5       4      21
     22      19      10 
     24       3      16
          2      23 
--8<--
found: sum= 81.0000 var=  0.0000 fitness= 81.0000
-->8--
          2      15 
     13       5       4
     23      22      21 
  8      16      14      11
  1       9      17       6
     24       3      12 
      7      20      10
         18      19 
--8<--
found: sum= 75.0000 var=  0.0000 fitness= 75.0000
-->8--
         12      15 
     11       1       2
     24      18      17 
  4       9      22      14
 23       8      13       3
      7       5       6 
     16      20      10
         19      21 
--8<--
found: sum= 78.0000 var=  0.0000 fitness= 78.0000
-->8--
          9       3 
      2      12      21
     22      13      18 
 16      20      11       8
 15       1      14      17
      4      19      10 
      7      24       6
         23       5 
--8<--
found: sum= 75.0000 var=  0.0000 fitness= 75.0000
-->8--
          8      13 
      2      22       4
     11      12      21 
 10      20       3       5
 17      16       9      23
      1      15      14 
     19       6       7
         18      24 
--8<--
found: sum= 79.0000 var=  0.0000 fitness= 79.0000
-->8--
          3      13 
      2      22       8
     24      18       7 
 19      10      11      12
  4       1      23      20
     21      16       6 
     17      15      14
          9       5 
--8<--
found: sum= 78.0000 var=  0.0000 fitness= 78.0000
-->8--
         22       6 
     15       3      19
     13      24      10 
 12       1      16       9
 11      18      17       5
     23       2      21 
      7      20       4
          8      14 
--8<--
found: sum= 76.0000 var=  0.0000 fitness= 76.0000
-->8--
          1       3 
      6       5      13
     24      21      18 
 12      19      16       9
  4       7      11      14
     10       2       8 
     20      15      17
         22      23 
--8<--
found: sum= 79.0000 var=  0.0000 fitness= 79.0000
-->8--
          3      13 
      6      21      12
     16      18       4 
 14      15      11       8
  5      19       9      23
     10       7      24 
      1      20       2
         22      17 
--8<--
found: sum= 78.0000 var=  0.0000 fitness= 78.0000
-->8--
          5       4 
      3      14       7
     24      23      18 
  6       9      12       8
 20       2      11      13
     17      21      16 
     15       1      19
         22      10 
--8<--
found: sum= 81.0000 var=  0.0000 fitness= 81.0000
-->8--
          7      13 
      9      19       5
     16       6      21 
 12      24      17      11
  4       2      10      14
     23      22       8 
     15      18       3
          1      20 
--8<--
found: sum= 76.0000 var=  0.0000 fitness= 76.0000
-->8--
          8       1 
     24      23      13
     12       7      15 
 20       2      17       9
 18      19      21      11
      5      10       3 
      6      22       4
         14      16 
--8<--
found: sum= 81.0000 var=  0.0000 fitness= 81.0000
-->8--
         13       8 
      9      21      14
     24       2      19 
  4      12      17       1
 20      18      22       7
      3      10      15 
     16      23       6
         11       5 
--8<--
found: sum= 79.0000 var=  0.0000 fitness= 79.0000
-->8--
         21       1 
      6       5      16
     23      15      24 
 17       9      18      10
  8       2      13       3
     20      22      11 
      4      12       7
         19      14 
--8<--
found: sum= 75.0000 var=  0.0000 fitness= 75.0000
-->8--
         17       6 
      1       9      15
     24      22      18 
 12       2       5       8
 21       3      23      14
     13      20       7 
     16       4      11
         19      10 
--8<--
found: sum= 78.0000 var=  0.0000 fitness= 78.0000
-->8--
         16      10 
      3       4      19
     18      20      24 
 22      17       1       8
  2       5      23      13
     14      12       9 
     11      21       7
         15       6 
--8<--
found: sum= 82.0000 var=  0.0000 fitness= 82.0000
-->8--
          3       4 
     20      19      15
     21       5      23 
  6      14      16      10
 13      11      24       1
     17      12       8 
     18      22       7
          2       9 
--8<--
found: sum= 76.0000 var=  0.0000 fitness= 76.0000
-->8--
         14      21 
     10      11       6
     24       9      22 
 18       8       7      12
  3      19      13       5
      4      20      17 
     15       2      23
         16       1 
--8<--
found: sum= 80.0000 var=  0.0000 fitness= 80.0000
-->8--
          5       8 
      3      15       6
     13      24      23 
 18      20       4       2
  7       1      17      22
     21      14      12 
      9      16      11
         19      10 
--8<--
found: sum= 78.0000 var=  0.0000 fitness= 78.0000
-->8--
         21       2 
      4      22      17
     16      12       7 
 19       3      18      11
  6      20      24      10
     14       1       8 
      5      23      13
         15       9 
--8<--
found: sum= 72.0000 var=  0.0000 fitness= 72.0000
-->8--
          6       7 
     20      21      24
      1       5       2 
 18      19      13      15
  4      22       3      23
      8      10      16 
     11      12      14
          9      17 
--8<--
found: sum= 81.0000 var=  0.0000 fitness= 81.0000
-->8--
          7      11 
      6      21      14
     19       4      15 
  9      24      16       3
  8       1      13      22
     20      23      12 
     17      18       5
          2      10 
--8<--
found: sum= 79.0000 var=  0.0000 fitness= 79.0000
-->8--
          1      20 
      9      16      11
     12      24       6 
  4      17       2      19
 13      15       7      23
     18      14      22 
      8      21       5
          3      10 
--8<--
found: sum= 77.0000 var=  0.0000 fitness= 77.0000
-->8--
         16      10 
     15      24      21
     19       2      11 
 12       1       9      13
  5      23      20      18
     17      22       6 
      4       8      14
          3       7 
--8<--
found: sum= 74.0000 var=  0.0000 fitness= 74.0000
-->8--
          8       3 
     11      16      20
     15      23       7 
 18       1       5      22
  6      24      19      12
     10       2       9 
     21      13      14
          4      17 
--8<--
found: sum= 80.0000 var=  0.0000 fitness= 80.0000
-->8--
         10      11 
     17      21       6
     15      12      14 
 20       5      16      22
  3      19       4       1
     18      24      23 
      8       9      13
          2       7 
--8<--
found: sum= 82.0000 var=  0.0000 fitness= 82.0000
-->8--
          8       1 
     10      22       9
     17      19      20 
 18       6      11       5
 15       2      21      12
     24      23      13 
     16      14       4
          3       7 
--8<--
found: sum= 80.0000 var=  0.0000 fitness= 80.0000
-->8--
          7      12 
      8      22       1
     23      18       3 
 13       2      24       9
  4      21       5      19
     17      10      20 
      6      15      14
         11      16 
--8<--
found: sum= 72.0000 var=  0.0000 fitness= 72.0000
-->8--
         24      20 
      7       5      23
     12       2      21 
  4      22       1      14
 13      11      19       8
     10      17       9 
     15       3       6
         16      18 
--8<--
found: sum= 78.0000 var=  0.0000 fitness= 78.0000
-->8--
         10       6 
     14       4       1
     23      22      24 
  9       5      21       8
 18      11       2       3
     12      17      20 
     15       7      19
         16      13 
--8<--
found: sum= 81.0000 var=  0.0000 fitness= 81.0000
-->8--
          3       9 
     18      21      13
     16      22       6 
 12       1      10      14
  8      24      17      15
     20       7      19 
      2      23       4
          5      11 
--8<--
found: sum= 80.0000 var=  0.0000 fitness= 80.0000
-->8--
          3      11 
     20      24      15
     21      10      13 
 17       2       7      12
  8      23      16      18
      9      22      14 
      1      19       4
          6       5 
--8<--
found: sum= 78.0000 var=  0.0000 fitness= 78.0000
-->8--
          9      19 
     15      24       1
     18       7      13 
 20       5      14      16
 10      23      21       3
      2       8      11 
     17      22      12
          6       4 
--8<--
found: sum= 76.0000 var=  0.0000 fitness= 76.0000
-->8--
         12       3 
      5      18      13
     14      19      21 
  9       8       2      15
 17      22      24       4
      6       1      10 
     20      11      23
         16       7 
--8<--
found: sum= 75.0000 var=  0.0000 fitness= 75.0000
-->8--
          7      22 
     20      24      17
      3       9       1 
  6      12       2      14
 15      23      19      21
     16      10      18 
      8      13       4
          5      11 
--8<--
found: sum= 74.0000 var=  0.0000 fitness= 74.0000
-->8--
         18      15 
     22       3      21
     13       4      24 
 12      14       7       6
  1      23      16      19
     11      10       2 
      5      17      20
          8       9 
--8<--
found: sum= 76.0000 var=  0.0000 fitness= 76.0000
-->8--
         24      11 
     12      14      22
     23       1      15 
 18       2      13       7
  8      19      20      16
      6      21       5 
      9      17       3
          4      10 
--8<--
found: sum= 81.0000 var=  0.0000 fitness= 81.0000
-->8--
         12       9 
      5      23       7
     24       3      22 
  6      14      17      11
 13       8      19      10
     16      20       2 
     15      18       1
          4      21 
--8<--
found: sum= 73.0000 var=  0.0000 fitness= 73.0000
-->8--
         20      14 
     23       2      16
      3       1      21 
 15      24      19       8
 13       7      10       9
     11      12       6 
      4      22      18
         17       5 
--8<--
found: sum= 76.0000 var=  0.0000 fitness= 76.0000
-->8--
         20       9 
     18      11      12
     21       2      23 
  7       4      19       8
 14      13      22       1
     17      16       3 
     15       5       6
         10      24 
--8<--
found: sum= 74.0000 var=  0.0000 fitness= 74.0000
-->8--
         19       4 
     23       7      13
      2       8      20 
 16      15      22       5
 10      17       9      12
     14       3       6 
      1      21      11
         18      24 
--8<--
found: sum= 76.0000 var=  0.0000 fitness= 76.0000
-->8--
          8      20 
      7       3      18
     24      11      19 
 17      23       5      22
  1       2      14       4
      9      21      12 
     15      13      10
         16       6 
--8<--
found: sum= 75.0000 var=  0.0000 fitness= 75.0000
-->8--
         19      14 
     17      18      24
     11       1      13 
 20       9       5       8
 12      16      21       6
      7      23      22 
     15       4       3
         10       2 
--8<--
found: sum= 74.0000 var=  0.0000 fitness= 74.0000
-->8--
         21      17 
      9      20      15
      6      10       5 
 14       8       7       1
 18      24      23      16
      4       2      22 
     12      13       3
         19      11 
--8<--
found: sum= 80.0000 var=  0.0000 fitness= 80.0000
-->8--
          9       1 
     11      23      14
     17      16       8 
 13       4      18       3
 20       2      19      10
     24      21      22 
     12       6       5
         15       7 
--8<--
found: sum= 79.0000 var=  0.0000 fitness= 79.0000
-->8--
         16       2 
     10      22       9
     11      17      15 
 20       3      14      12
 18      23       1      13
      4      21      24 
      7      19       6
          5       8 
--8<--
found: sum= 79.0000 var=  0.0000 fitness= 79.0000
-->8--
          3       5 
      6      11       7
     18      19      14 
  4      22      23       9
 10       1      12      13
     24       2       8 
     17      20      16
         15      21 
--8<--
found: sum= 80.0000 var=  0.0000 fitness= 80.0000
-->8--
          2       8 
     13      23       3
     20      21       6 
  7       1      19      22
 16      12       9      14
     24      18      10 
      4      17      15
          5      11 
--8<--
found: sum= 82.0000 var=  0.0000 fitness= 82.0000
-->8--
          9      14 
      4      22       2
     13      18      19 
  8      16       7      20
 15       6      12       3
     24      23      21 
     17      11       5
          1      10 
--8<--
found: sum= 73.0000 var=  0.0000 fitness= 73.0000
-->8--
         19      24 
      3      16      22
     11       4       1 
 13      20       6      23
  5      10      15       7
     14      18      21 
     12       2       9
         17       8 
--8<--
found: sum= 78.0000 var=  0.0000 fitness= 78.0000
-->8--
         24      12 
      3       6      19
     17       5      22 
  4      23      14      15
 10      13       2       9
     11      21      16 
      7      18      20
          8       1 
--8<--
found: sum= 74.0000 var=  0.0000 fitness= 74.0000
-->8--
         14      24 
      7       3       8
     20      11      16 
 15      19      12      10
 13       5       9      21
      2      18       6 
     22      23      17
          4       1 
--8<--
found: sum= 74.0000 var=  0.0000 fitness= 74.0000
-->8--
         20      10 
     15      21      16
      1       8       7 
 13       9      12       6
  5      24      18      14
     22       3      17 
      4       2      11
         19      23 
--8<--
found: sum= 73.0000 var=  0.0000 fitness= 73.0000
-->8--
         20      23 
     19       3      14
      1      13      12 
 22      17       8       9
  5      21      10      16
      7       4      18 
      2      24       6
         15      11 
--8<--
found: sum= 80.0000 var=  0.0000 fitness= 80.0000
-->8--
          7      21 
      9       3      11
     23      16      15 
  2      22      14      12
  6      10      13       8
     17       5      18 
      4      24       1
         20      19 
--8<--
found: sum= 81.0000 var=  0.0000 fitness= 81.0000
-->8--
          5       3 
     22      12      10
     20      21      19 
  2       1      16       8
 11      24      15       9
     23       4      14 
      6      17      13
          7      18 
--8<--
found: sum= 81.0000 var=  0.0000 fitness= 81.0000
-->8--
          7       1 
      2      15       8
     20      14      22 
  9      23      21       6
 12       4      16       5
     13       3      11 
     19      24      10
         18      17 
--8<--
found: sum= 72.0000 var=  0.0000 fitness= 72.0000
-->8--
         15      21 
     14      13       1
      7      18       9 
 23       5      10      22
 11       2      20       8
     24      17       3 
     19       4      12
          6      16 
--8<--
found: sum= 78.0000 var=  0.0000 fitness= 78.0000
-->8--
          3      13 
     11       4      14
     20      23      18 
  7      17       6      16
  8      21      10       9
      5       1      19 
     15      24       2
         12      22 
--8<--
found: sum= 74.0000 var=  0.0000 fitness= 74.0000
-->8--
         10      12 
      3      24      13
     15      14       4 
 19       8       7      23
 21       5      22      17
      6      18       1 
      9      20       2
         16      11 
--8<--
found: sum= 74.0000 var=  0.0000 fitness= 74.0000
-->8--
         13       9 
     16       1      24
     18      12       8 
  7      14      20       6
 10       3      21      17
     22       4       2 
     15      19       5
         11      23 
--8<--
found: sum= 75.0000 var=  0.0000 fitness= 75.0000
-->8--
          6      16 
     24       9       8
      4      10      21 
 15      22      11      14
 13       2      23       1
     19       7       5 
     12      17       3
         18      20 
--8<--
found: sum= 71.0000 var=  0.0000 fitness= 71.0000
-->8--
          9      17 
     10       2      20
      5      22       6 
  7      23       4      24
 12       3      18      11
     21       1       8 
     19      13      15
         14      16 
--8<--
found: sum= 76.0000 var=  0.0000 fitness= 76.0000
-->8--
          9       8 
     15      23      20
     21       1      14 
  3       7      10      11
 17      16      24      13
     12      18       4 
      5       6      22
         19       2 
--8<--
found: sum= 77.0000 var=  0.0000 fitness= 77.0000
-->8--
          5      16 
     18       8       1
     21      23      14 
 20       2      15      10
 13       4      24      11
     17       9       3 
      6      22      12
         19       7 
--8<--
found: sum= 76.0000 var=  0.0000 fitness= 76.0000
-->8--
          8       4 
      9      17      16
     11       7      22 
 12      24      10      21
 15      13       3      14
      1      19       6 
      2      23       5
         18      20 
--8<--
found: sum= 79.0000 var=  0.0000 fitness= 79.0000
-->8--
          8      16 
      4       3      12
     21      23      18 
 11      20       7      13
  6       2      22       9
     19       5      10 
     15      24       1
         14      17 
--8<--
found: sum= 70.0000 var=  0.0000 fitness= 70.0000
-->8--
         21       3 
     19       6      16
      8       5      17 
 20      11      23       9
 15       2       7      10
     14      22       4 
     13       1      12
         18      24 
--8<--
found: sum= 77.0000 var=  0.0000 fitness= 77.0000
-->8--
          5      22 
     24       1      13
     17      14       9 
  8      16      18      10
 11       2       6      19
     23      21      15 
      7      20      12
          4       3 
--8<--
found: sum= 78.0000 var=  0.0000 fitness= 78.0000
-->8--
          5      17 
      2      24      14
     23       6       7 
 11      18      10      16
 13       1      22      19
     12      21       4 
      9      20       3
         15       8 
--8<--
found: sum= 77.0000 var=  0.0000 fitness= 77.0000
-->8--
          5      11 
     12      23       8
     10      24       7 
 21       3       4      15
  2      19      18      16
     22       9      17 
      1       6      14
         20      13 
--8<--
found: sum= 84.0000 var=  0.0000 fitness= 84.0000
-->8--
         10       6 
      1      21      11
     22      16      18 
  9      14      12       2
 13       3      15      20
     23      24      17 
      8      19       5
          7       4 
--8<--
execution time: real 0.806232s user 0.017997s sys 0.012998s
GA: P=50 K=10 sp=2 xover=2D/1 optrpl=2 optskip=10 optmax=1.142857
generation #1057: pop m= 78.951 v= 58.993 f= 52.956 best_age=1
best: found: sum= 84.0000 var=  0.0000 fitness= 84.0000
-->8--
         10       6 
      1      21      11
     22      16      18 
  9      14      12       2
 13       3      15      20
     23      24      17 
      8      19       5
          7       4 
--8<--
found: sum= 77.0000 var=  0.0000 fitness= 77.0000
-->8--
          5      11 
     12      23       8
     10      24       7 
 21       3       4      15
  2      19      18      16
     22       9      17 
      1       6      14
         20      13 
--8<--
found: sum= 79.0000 var=  0.0000 fitness= 79.0000
-->8--
          8      16 
      4       3      12
     21      23      18 
 11      20       7      13
  6       2      22       9
     19       5      10 
     15      24       1
         14      17 
--8<--
found: sum= 78.0000 var=  0.0000 fitness= 78.0000
-->8--
          5      17 
      2      24      14
     23       6       7 
 11      18      10      16
 13       1      22      19
     12      21       4 
      9      20       3
         15       8 
--8<--
