found: sum= 71.0000 var=  0.0000 fitness= 71.0000
-->8--
         20      19 
     23       2      22
     16       3       4 
 10       7      21      12
  1      24       5      15
     13      11      14 
      9       6      17
          8      18 
--8<--
found: sum= 78.0000 var=  0.0000 fitness= 78.0000
-->8--
         23      18 
      5       9       6
     22       4      21 
  1      15      20       2
 11      12       3      19
     17      24      13 
     10       8      14
          7      16 
--8<--
found: sum= 78.0000 var=  0.0000 fitness= 78.0000
-->8--
          1      14 
     22      21       9
     24       8      15 
 20       2      11      13
  4      23      16      17
      5      18       6 
     10      19       7
          3      12 
--8<--
found: sum= 78.0000 var=  0.0000 fitness= 78.0000
-->8--
         12       2 
      5      11      19
     21      23      22 
 14       6       1      16
  3      24      17       4
     10       7      18 
     20       8      15
          9      13 
--8<--
found: sum= 76.0000 var=  0.0000 fitness= 76.0000
-->8--
         20       9 
     18       2      16
     12      21      22 
 14       3       6       5
 19      15      24      11
     13       7       8 
     17      23      10
          1       4 
--8<--
found: sum= 77.0000 var=  0.0000 fitness= 77.0000
-->8--
          2      22 
     23       6       9
     21       5      24 
  1      20      11      10
  3      19       8       7
     13      14      17 
     15       4      16
         12      18 
--8<--
found: sum= 77.0000 var=  0.0000 fitness= 77.0000
-->8--
          3       6 
      5      11       4
     12      24      13 
  7      22      19       8
 21       1       9      10
     14       2      18 
     23      17      15
         20      16 
--8<--
found: sum= 77.0000 var=  0.0000 fitness= 77.0000
-->8--
          5       8 
      9       3      19
     22      23       4 
  7      15      20      10
 13       6       2      17
     14      11      24 
     12      18       1
         16      21 
--8<--
found: sum= 76.0000 var=  0.0000 fitness= 76.0000
-->8--
          4      24 
      5       8      12
     22      19      11 
  3      18       2       6
 17       1      23      20
     15      13      14 
     21      10       9
         16       7 
--8<--
found: sum= 74.0000 var=  0.0000 fitness= 74.0000
-->8--
         21      16 
     23       3      11
      8      17      12 
  4       2      15       1
 14      24       9      18
     22       7      19 
     10       6      20
          5      13 
--8<--
found: sum= 82.0000 var=  0.0000 fitness= 82.0000
-->8--
          2       6 
      7      24       8
     22      18      21 
  3       9       5       1
 16      12      23      13
     20      15      19 
     17       4      11
         14      10 
--8<--
execution time: real 0.251336s user 0.005999s sys 0.000000s
GA: P=50 K=10 sp=2 xover=2D/1 optrpl=2 optskip=10 optmax=1.142857
generation #33: pop m= 77.311 v= 57.701 f= 50.579 best_age=1
best: found: sum= 82.0000 var=  0.0000 fitness= 82.0000
-->8--
          2       6 
      7      24       8
     22      18      21 
  3       9       5       1
 16      12      23      13
     20      15      19 
     17       4      11
         14      10 
--8<--
