found: sum= 73.0000 var=  0.0000 fitness= 73.0000
-->8--
         13      11 
     17      24      14
     10       4       2 
 21       5      18      12
  9      22      23      15
      6       1       3 
      8      20      19
         16       7 
--8<--
found: sum= 77.0000 var=  0.0000 fitness= 77.0000
-->8--
          1       3 
     22       9      23
     11      10      17 
 13      24      15       5
  2       6      18      14
     21       4       8 
      7      19      16
         20      12 
--8<--
found: sum= 76.0000 var=  0.0000 fitness= 76.0000
-->8--
         23       6 
     20       2      15
     17      13      24 
 12       1      16       9
 11      21       3       5
     14      22      19 
      8       4      18
          7      10 
--8<--
found: sum= 74.0000 var=  0.0000 fitness= 74.0000
-->8--
         18       2 
     22       1      21
     10      12      24 
  6      11      14       4
 13      15      17       8
     19       5       7 
     23       9      16
          3      20 
--8<--
found: sum= 71.0000 var=  0.0000 fitness= 71.0000
-->8--
         24      22 
     18       7      21
     13       5       2 
  3       4      14       9
 16      15      23      11
     20      10      12 
     17       1       6
          8      19 
--8<--
found: sum= 71.0000 var=  0.0000 fitness= 71.0000
-->8--
         20      14 
     16      17      21
      4       1       7 
  2      13      11      10
 18      22      19      15
     12       5       9 
      3       6      24
         23       8 
--8<--
found: sum= 77.0000 var=  0.0000 fitness= 77.0000
-->8--
          1       2 
     14       5       8
     11      24      20 
  9      22      18      13
 21       4       3       7
     10       6      16 
     15      23      17
         19      12 
--8<--
found: sum= 75.0000 var=  0.0000 fitness= 75.0000
-->8--
         22      12 
     24       1      14
     11      10      23 
 16       7      15       3
  6      17       5       9
     18      21      20 
      4       2      19
         13       8 
--8<--
found: sum= 75.0000 var=  0.0000 fitness= 75.0000
-->8--
         20      12 
     17      13      21
     11       5      18 
  7       9       6       4
 14      10      23      16
     24      22       8 
      3       1       2
         15      19 
--8<--
found: sum= 75.0000 var=  0.0000 fitness= 75.0000
-->8--
          6      14 
     12      21      10
     11      18       3 
  2       7       9      19
 24      15       4      17
     16      22      23 
      8       1      20
         13       5 
--8<--
found: sum= 74.0000 var=  0.0000 fitness= 74.0000
-->8--
         23      11 
     17       2      12
      8       3      22 
 16      21      24      10
  1      15       7       5
     13       4       6 
     14      19      20
          9      18 
--8<--
found: sum= 76.0000 var=  0.0000 fitness= 76.0000
-->8--
          5      11 
     22      23       9
      6      18       8 
 13       2       7      10
 14      20      17      15
     21      12      19 
      4       3       1
         16      24 
--8<--
found: sum= 79.0000 var=  0.0000 fitness= 79.0000
-->8--
         12       3 
     20       8      19
      5      11      24 
 10      23      14      16
 13       7       6       4
     21      18      15 
      2      22       1
          9      17 
--8<--
found: sum= 73.0000 var=  0.0000 fitness= 73.0000
-->8--
         16      14 
      7       2       8
     13      17      22 
 12      18      10       9
 21       5       3       6
      4      20      23 
     19       1      11
         24      15 
--8<--
found: sum= 76.0000 var=  0.0000 fitness= 76.0000
-->8--
         13      11 
     24      15      12
     16       3      18 
 21       5      17      20
 14      19      10       4
      1      22       7 
      2      23       6
          9       8 
--8<--
found: sum= 76.0000 var=  0.0000 fitness= 76.0000
-->8--
         15      16 
     23      18      13
      5       9      17 
 14       6       3      21
 20      12      22       2
     19      24      11 
      4      10       1
          7       8 
--8<--
found: sum= 74.0000 var=  0.0000 fitness= 74.0000
-->8--
         16      20 
     13      15       4
      6      23       3 
  8       1       9      12
 22      19       5      24
     18      17      21 
      2       7      14
         11      10 
--8<--
found: sum= 75.0000 var=  0.0000 fitness= 75.0000
-->8--
         14       5 
      6      19      11
      3      23       2 
 17      10      15      21
 16      22       4      13
      7       1      20 
      9      24      18
         12       8 
--8<--
found: sum= 76.0000 var=  0.0000 fitness= 76.0000
-->8--
         16      17 
     14      19      13
     11      15       4 
  9       1       8      12
 10      24      22       7
     21       6      23 
      3       2       5
         20      18 
--8<--
found: sum= 74.0000 var=  0.0000 fitness= 74.0000
-->8--
         14      18 
     12      21       4
     15       2       6 
 11      10      23       7
 16      17       3      13
      5      19      22 
     24       1       9
          8      20 
--8<--
found: sum= 78.0000 var=  0.0000 fitness= 78.0000
-->8--
          5       6 
      4      15      12
      7      24      19 
 11      23       2      22
 20       3      16       1
     14      10      18 
     13      17       9
         21       8 
--8<--
found: sum= 75.0000 var=  0.0000 fitness= 75.0000
-->8--
         23      22 
     11       2      21
      6       9      20 
  8      24       1      18
  5      17      10       7
     15      14      19 
     12      13      16
          4       3 
--8<--
found: sum= 73.0000 var=  0.0000 fitness= 73.0000
-->8--
         23      22 
     14       2      20
      6       4      17 
  1      24       8      11
 19      10      18       7
     13       9      12 
      5      15      16
         21       3 
--8<--
found: sum= 77.0000 var=  0.0000 fitness= 77.0000
-->8--
          3      20 
      2      18       7
     14      19       1 
 10      21      12      16
 15      11       9      17
      6       5      22 
     23      24       4
          8      13 
--8<--
found: sum= 75.0000 var=  0.0000 fitness= 75.0000
-->8--
          8       2 
     20      14      15
     16       7      19 
  1      10      18      17
 13      24      12       3
     11       4       6 
      5       9      21
         22      23 
--8<--
found: sum= 75.0000 var=  0.0000 fitness= 75.0000
-->8--
         21       2 
     24       3      23
      7       5      22 
 19      15      20      11
  6      10      13       1
     18      12       8 
     14      17       9
          4      16 
--8<--
found: sum= 76.0000 var=  0.0000 fitness= 76.0000
-->8--
          7       2 
      5      23       9
      8      19      12 
  3      14      11      13
 24       6      22      17
     21       4       1 
     20      15      16
         10      18 
--8<--
found: sum= 73.0000 var=  0.0000 fitness= 73.0000
-->8--
         19      17 
     21       1      20
     10       4      24 
 11      18       7      22
  3      23       6       5
      8      15       9 
     12      13      16
          2      14 
--8<--
found: sum= 79.0000 var=  0.0000 fitness= 79.0000
-->8--
          6       4 
      1      20       3
     19      15      24 
 12      18      13       9
 17       5      21      10
      8       7       2 
     23      22      11
         14      16 
--8<--
found: sum= 75.0000 var=  0.0000 fitness= 75.0000
-->8--
          8      15 
     12       3       2
     24      22      16 
 11       6      17      23
  7       9       1      14
     18      20       4 
     13      10      21
          5      19 
--8<--
found: sum= 75.0000 var=  0.0000 fitness= 75.0000
-->8--
          3      15 
     21      10      14
     24       6      17 
 18      11      13      22
  1      16       9       2
      5      20      12 
     19       7       4
          8      23 
--8<--
found: sum= 77.0000 var=  0.0000 fitness= 77.0000
-->8--
          3       5 
     22       9      16
     19      10      24 
  1      14      13      11
 17      18       2       6
      8      20      21 
     15       4       7
         12      23 
--8<--
found: sum= 80.0000 var=  0.0000 fitness= 80.0000
-->8--
         18       3 
      7       2      21
     15      16      24 
  1      22      14       9
 10      13       4       6
     19      11      23 
      8      17       5
         12      20 
--8<--
found: sum= 81.0000 var=  0.0000 fitness= 81.0000
-->8--
          3      15 
     10      19       4
     20       6      21 
  5      23      16       7
  8      12       2      17
     13      22      18 
     11      14      24
          9       1 
--8<--
found: sum= 77.0000 var=  0.0000 fitness= 77.0000
-->8--
         15       1 
      3      24      19
      9       4       6 
 11      22      23       5
 13      14       2      20
      8      12      21 
     10      17      18
         16       7 
--8<--
found: sum= 77.0000 var=  0.0000 fitness= 77.0000
-->8--
         20      12 
     22      24      13
      7       3      14 
 17       1      11       6
 15      18      21       9
     19      23      16 
      2       5       4
         10       8 
--8<--
found: sum= 80.0000 var=  0.0000 fitness= 80.0000
-->8--
          2      13 
      1      18      10
     14      23       9 
  6      22       7      12
 17       5       8      20
     16      15      24 
      4      19      11
         21       3 
--8<--
found: sum= 77.0000 var=  0.0000 fitness= 77.0000
-->8--
         19       4 
     18       6      14
      8      17      13 
 16       9      23      11
  5      24       1       7
     15       3      22 
      2      21      10
         12      20 
--8<--
found: sum= 72.0000 var=  0.0000 fitness= 72.0000
-->8--
         21      12 
     22      13       5
      4      11      16 
 18       1      15       3
 19      20      23       7
     10       2       8 
     17       9       6
         14      24 
--8<--
found: sum= 75.0000 var=  0.0000 fitness= 75.0000
-->8--
         12       2 
      8      16      21
     10       5       9 
  1      24      22      11
 18       3       4      14
     19      17      15 
      7       6      13
         23      20 
--8<--
found: sum= 74.0000 var=  0.0000 fitness= 74.0000
-->8--
         20      24 
      8      11      22
     21       4       6 
  9      10       7      12
 15      18      19      13
      1      16      17 
      2      14       5
         23       3 
--8<--
found: sum= 72.0000 var=  0.0000 fitness= 72.0000
-->8--
         18      14 
     20       6      16
     17       1      13 
 21      10      22      19
  7      12       4       3
      5      23      11 
     15       8       2
          9      24 
--8<--
found: sum= 75.0000 var=  0.0000 fitness= 75.0000
-->8--
         12       7 
     22       6      24
      1      21      14 
  5      13       3      18
 16      17      19      10
     23       2      11 
      4      20       8
          9      15 
--8<--
found: sum= 78.0000 var=  0.0000 fitness= 78.0000
-->8--
         14       2 
     10      23      20
      6       3      21 
  1      22       9      12
  8      24       7      11
     17      13      18 
      4       5      19
         15      16 
--8<--
found: sum= 71.0000 var=  0.0000 fitness= 71.0000
-->8--
         23      16 
     22      11      20
      1      12       3 
  8       2       9      13
 21      24      17      10
     15       7      19 
      5       6      18
         14       4 
--8<--
found: sum= 80.0000 var=  0.0000 fitness= 80.0000
-->8--
          8       1 
      3      10       4
     21      23      24 
  7      15      18      13
 17       6       2      11
     14      16      12 
      5      19      22
         20       9 
--8<--
found: sum= 79.0000 var=  0.0000 fitness= 79.0000
-->8--
         17      19 
      1      12      21
     24       2      22 
  8      23       3       9
  4      13      20      11
      7      18      14 
     15      16       5
         10       6 
--8<--
found: sum= 77.0000 var=  0.0000 fitness= 77.0000
-->8--
          2      18 
     22      24      12
     16      10       8 
 13       3       5      20
 11      15      23       7
     19      21      14 
      1       4       6
         17       9 
--8<--
found: sum= 80.0000 var=  0.0000 fitness= 80.0000
-->8--
         12       8 
      3      22       7
     10      17      21 
 19      16       5       1
 15      14      24      11
      6       4      18 
     20      23       2
         13       9 
--8<--
found: sum= 74.0000 var=  0.0000 fitness= 74.0000
-->8--
         19      10 
     12      14      22
     20       1      18 
  2       8       9      21
 16      17      15       7
     11      24       4 
      6       3       5
         13      23 
--8<--
found: sum= 80.0000 var=  0.0000 fitness= 80.0000
-->8--
          3      11 
      8      12       6
     14      19      23 
  2      24       9       5
 22       1      20      10
     17       7      13 
     18      21      15
         16       4 
--8<--
found: sum= 75.0000 var=  0.0000 fitness= 75.0000
-->8--
         24       6 
     13      17      18
      5      14       4 
  7       2      16       9
 20      19      23      11
     22       1      12 
     10      15       3
          8      21 
--8<--
found: sum= 74.0000 var=  0.0000 fitness= 74.0000
-->8--
         19      17 
      9       2      15
      8      13      21 
  7      23       6      12
 11       3       5      14
     22      24      16 
     20       1      18
          4      10 
--8<--
found: sum= 74.0000 var=  0.0000 fitness= 74.0000
-->8--
          3       8 
     16       1      20
     21      10      18 
 12      23      17       5
  9       7      11      19
      2       6       4 
     22      24      15
         13      14 
--8<--
found: sum= 76.0000 var=  0.0000 fitness= 76.0000
-->8--
         10      19 
     17       1       8
     23       7      21 
 12      18      20      14
 11       3      15       4
      9      13       2 
     22      24       6
          5      16 
--8<--
found: sum= 71.0000 var=  0.0000 fitness= 71.0000
-->8--
         21       5 
     17       1      12
      3      23      19 
 13       6      11       2
 15      20       7      22
     14       4      10 
      9       8      24
         16      18 
--8<--
found: sum= 75.0000 var=  0.0000 fitness= 75.0000
-->8--
          1       9 
     12      16       6
      2      23       7 
 13      21      14      15
 18      10       3      19
     11       4      17 
      8      22       5
         20      24 
--8<--
found: sum= 75.0000 var=  0.0000 fitness= 75.0000
-->8--
         15       1 
      7       2      20
      8      24      16 
  4      19      12      17
 23       3      11      10
     18       6       9 
      5      22      13
         21      14 
--8<--
found: sum= 72.0000 var=  0.0000 fitness= 72.0000
-->8--
          4      22 
     20       5      10
     12      16      11 
  1      15       8      17
 14       7      24       9
     23       2       3 
     21       6      18
         13      19 
--8<--
found: sum= 79.0000 var=  0.0000 fitness= 79.0000
-->8--
         19       2 
      3       5      21
     20      22      23 
 16      10       6      14
  4      18      15       9
     11       8      12 
     17      24       7
          1      13 
--8<--
found: sum= 77.0000 var=  0.0000 fitness= 77.0000
-->8--
         18       7 
     14      24       8
      3      13      19 
  9       5       6      11
 21      17      16      10
     22      20      15 
     12       2       1
          4      23 
--8<--
found: sum= 78.0000 var=  0.0000 fitness= 78.0000
-->8--
         15       8 
      2      23       6
     17      18       1 
  9       3      22      13
 24       4      20      10
     21      11      12 
     19      16       5
          7      14 
--8<--
found: sum= 77.0000 var=  0.0000 fitness= 77.0000
-->8--
         16       2 
     20      24      18
      4      12      13 
 15       1       8       9
 21      14      19      11
     22      23      17 
      6       5       3
          7      10 
--8<--
found: sum= 80.0000 var=  0.0000 fitness= 80.0000
-->8--
         19      17 
     12      20       8
     22       5      14 
  7       2      16       6
 21      10      24       9
     18      23      11 
     13      15       4
          1       3 
--8<--
found: sum= 78.0000 var=  0.0000 fitness= 78.0000
-->8--
         10       4 
     16      21       8
      2      24      18 
 12       5       3       7
 22      17      23      13
     20       6      14 
     19      15      11
          1       9 
--8<--
found: sum= 74.0000 var=  0.0000 fitness= 74.0000
-->8--
         22       7 
     17      19      16
      8       3      15 
 12       5      14       2
 20      23      18       4
      6      11      21 
      9       1      13
         24      10 
--8<--
found: sum= 77.0000 var=  0.0000 fitness= 77.0000
-->8--
          3      13 
      2      16       6
     20      17       1 
 11      19      24      12
 10       8       5      14
      9       4      21 
     23      18      22
         15       7 
--8<--
found: sum= 76.0000 var=  0.0000 fitness= 76.0000
-->8--
         19      22 
     16       3      10
      8       6      20 
 11      24      15       7
  9       1      17      12
     23      13       5 
     14      21      18
          4       2 
--8<--
found: sum= 81.0000 var=  0.0000 fitness= 81.0000
-->8--
         21       8 
     13      23      18
     19       3      14 
  9       2      15       5
 12      17      24       7
     22      20      16 
     10      11       6
          1       4 
--8<--
found: sum= 78.0000 var=  0.0000 fitness= 78.0000
-->8--
         17      10 
     19       1      11
     13      12      23 
 18      16      21       8
  3       4       5      14
     24      20       7 
      2      22      15
          6       9 
--8<--
found: sum= 77.0000 var=  0.0000 fitness= 77.0000
-->8--
         23      22 
      7       9       3
     24       4      20 
 17      10      19      12
  2      16      15       5
      8      13       6 
     21      18      14
          1      11 
--8<--
found: sum= 79.0000 var=  0.0000 fitness= 79.0000
-->8--
          4       2 
      5      16      11
     23      19      24 
 20      12       7      13
  6      15       9      18
      3      17       8 
     22      21      14
          1      10 
--8<--
found: sum= 79.0000 var=  0.0000 fitness= 79.0000
-->8--
          5      17 
      4      18       3
     20       9      24 
  2      23       8       7
 19       1      16      11
     14      22      13 
     21       6      10
         15      12 
--8<--
found: sum= 79.0000 var=  0.0000 fitness= 79.0000
-->8--
         22      10 
     12      15      13
     16       6      18 
  1       8      17       7
 14      21      24       9
     19       3       4 
      2      23       5
         11      20 
--8<--
found: sum= 80.0000 var=  0.0000 fitness= 80.0000
-->8--
          1       2 
     10      24       4
     16      23       8 
 12       6      19       5
  7      18      11      20
     21       3      17 
     15      14      22
          9      13 
--8<--
found: sum= 76.0000 var=  0.0000 fitness= 76.0000
-->8--
          7       8 
      1      24      13
     11      15      10 
 19      18       6      22
  2      23       9      17
      3       5      12 
     21      20      16
          4      14 
--8<--
found: sum= 81.0000 var=  0.0000 fitness= 81.0000
-->8--
          8       7 
     16      22      11
     17      12      15 
 20       6      14       2
  5      24      21      10
      9       4      19 
     18      23       1
          3      13 
--8<--
found: sum= 77.0000 var=  0.0000 fitness= 77.0000
-->8--
          3       1 
      5      11      19
     23      17      15 
 12      18      14      13
  6       8       4       7
     10      16      24 
     21       2      22
         20       9 
--8<--
found: sum= 74.0000 var=  0.0000 fitness= 74.0000
-->8--
         17       4 
     18      16      14
     15       5      24 
  8       3      11       6
 13      23      22       9
     12      10       2 
     21       1      19
          7      20 
--8<--
found: sum= 80.0000 var=  0.0000 fitness= 80.0000
-->8--
          8      14 
      5      18       1
     24      22      12 
 10       3      13      15
 11      23      17       7
      9       2      16 
     19      21      20
          6       4 
--8<--
found: sum= 77.0000 var=  0.0000 fitness= 77.0000
-->8--
          5      15 
     12      23      14
     24       3       2 
  7      10      20      21
  4      19      16      17
     13       9       1 
      6      22      18
          8      11 
--8<--
found: sum= 76.0000 var=  0.0000 fitness= 76.0000
-->8--
         13      16 
     23       2      22
     19       1      24 
  6      18      11       7
  3      21      17       5
      9       8      12 
     20      14      10
          4      15 
--8<--
found: sum= 79.0000 var=  0.0000 fitness= 79.0000
-->8--
         14       2 
      5      18       3
     11      21      20 
 24      10      15      12
  4      13      19       7
     17       1       6 
     16      23      22
          9       8 
--8<--
found: sum= 76.0000 var=  0.0000 fitness= 76.0000
-->8--
         21      11 
     19      13      18
      5      15      17 
 10       3       2       4
 12      24      23      14
     22       9      16 
      6       7       1
          8      20 
--8<--
found: sum= 75.0000 var=  0.0000 fitness= 75.0000
-->8--
          2      17 
     16       6      20
     23       4      13 
 12      24      15      14
 10       5      19       3
      1       8      11 
     22      21       9
         18       7 
--8<--
found: sum= 79.0000 var=  0.0000 fitness= 79.0000
-->8--
          5      19 
      7      14       1
     24       8      20 
  6      21      17      13
  3      15      16       9
     10       2       4 
     11      23      12
         18      22 
--8<--
found: sum= 72.0000 var=  0.0000 fitness= 72.0000
-->8--
         22      24 
     20      14       4
      7       1      13 
 17       8      16      10
 15      23      18      12
      2       6       3 
      9      21       5
         11      19 
--8<--
found: sum= 76.0000 var=  0.0000 fitness= 76.0000
-->8--
         15      22 
     11       2      13
     18       7      20 
  9      23      12       1
  8       4       6      16
     14      24      21 
     10       5       3
         19      17 
--8<--
found: sum= 73.0000 var=  0.0000 fitness= 73.0000
-->8--
         22      19 
      1      23       7
      2      11       5 
 18      14       8      17
 15      21      10      13
      3       9      20 
      4      12      16
         24       6 
--8<--
found: sum= 82.0000 var=  0.0000 fitness= 82.0000
-->8--
          5       8 
      3      14      12
     24      13      20 
  6      23      15       4
 11       1       9      18
     17      21      16 
      2      19      10
         22       7 
--8<--
found: sum= 70.0000 var=  0.0000 fitness= 70.0000
-->8--
         14      21 
     24       7      18
     16       4       1 
 15       5      19       2
 13       9      23      17
     12      10       8 
     11       6      20
         22       3 
--8<--
found: sum= 78.0000 var=  0.0000 fitness= 78.0000
-->8--
         11       1 
      7      13      17
     14       9      23 
  3      24      15      20
 19       6       8       2
     12      16      10 
     21      18       4
          5      22 
--8<--
found: sum= 77.0000 var=  0.0000 fitness= 77.0000
-->8--
         12      11 
      8      22      16
      4      10      13 
 24      21       5      14
  2      20       3      19
      6      18      23 
      7      17       1
          9      15 
--8<--
found: sum= 79.0000 var=  0.0000 fitness= 79.0000
-->8--
          1      13 
      9      10       8
     16      24       7 
  4      19      17      11
 15       2      12      14
     23       5      18 
      6      21       3
         22      20 
--8<--
found: sum= 76.0000 var=  0.0000 fitness= 76.0000
-->8--
          8      20 
      7       4       1
     17      24      13 
 11      16      14      15
  6       3      10      19
     23       9       5 
     21      18      12
          2      22 
--8<--
found: sum= 79.0000 var=  0.0000 fitness= 79.0000
-->8--
         11       2 
      6      24      12
      5      23      15 
  7      10       3      16
 21      17      22       9
     19       4      14 
     13      18      20
          8       1 
--8<--
found: sum= 81.0000 var=  0.0000 fitness= 81.0000
-->8--
          7       6 
      2      22       5
     21      20      13 
  4       9      15      12
 23      10      24       1
     14       3      16 
     18      19      11
         17       8 
--8<--
found: sum= 79.0000 var=  0.0000 fitness= 79.0000
-->8--
          2       3 
     21       9      14
     22      19      24 
  8       6      10      23
 11      15      13       4
     17      16       5 
      1      18       7
         12      20 
--8<--
found: sum= 80.0000 var=  0.0000 fitness= 80.0000
-->8--
         15      20 
      4       5       2
     24      13      22 
  3      19      18      14
 11       7       6       8
     16      17      12 
     10      21      23
          9       1 
--8<--
found: sum= 77.0000 var=  0.0000 fitness= 77.0000
-->8--
          6       7 
      4      24       5
     18      23       1 
  8       2      17      21
 15      22       3      16
     12      10      19 
     13      11      14
          9      20 
--8<--
found: sum= 78.0000 var=  0.0000 fitness= 78.0000
-->8--
          8       2 
     12       7      15
      9      22      19 
  3      20      13       6
 17      18       1      16
     11       4      23 
     10      21      24
         14       5 
--8<--
found: sum= 72.0000 var=  0.0000 fitness= 72.0000
-->8--
          4      16 
      5       6      24
     23      15       1 
 12      19      10      18
 13       2       9      14
      3      17      20 
     22       7       8
         21      11 
--8<--
found: sum= 78.0000 var=  0.0000 fitness= 78.0000
-->8--
         13       1 
      7      22      17
     16      12      15 
  6       8      11      10
 21      23      19      14
      4       5       9 
     20      24       3
          2      18 
--8<--
found: sum= 77.0000 var=  0.0000 fitness= 77.0000
-->8--
         17       2 
     10      13       8
      9      12      22 
 19      16      20       6
 14       4       1       7
     15      24      21 
     11       5       3
         18      23 
--8<--
found: sum= 73.0000 var=  0.0000 fitness= 73.0000
-->8--
         20      12 
      4       7      15
      2      23      13 
 16      17       3      22
  5       9      11       6
     24      10      18 
      8       1      19
         21      14 
--8<--
found: sum= 77.0000 var=  0.0000 fitness= 77.0000
-->8--
          2       3 
     12      20       7
      9      19      22 
 17      15       6      16
 18      13       1      24
      5      23       8 
     11      21      10
          4      14 
--8<--
found: sum= 75.0000 var=  0.0000 fitness= 75.0000
-->8--
         10      12 
     23       4      15
     24       1      22 
  6      13      21       3
 17       8      18       9
      7      14       2 
     19      16      20
         11       5 
--8<--
found: sum= 71.0000 var=  0.0000 fitness= 71.0000
-->8--
         19      21 
     20       1      10
     15       9      12 
  5       7      18      14
 16      24       2       8
      4      11      17 
      3       6      22
         23      13 
--8<--
found: sum= 76.0000 var=  0.0000 fitness= 76.0000
-->8--
          2      11 
     17      22       6
      9      23       1 
 12       3      13      20
 15      18       5      16
     19      14      21 
     10       8      24
          7       4 
--8<--
found: sum= 81.0000 var=  0.0000 fitness= 81.0000
-->8--
          6      18 
     12      17      16
     24       2      13 
  3      20      15      23
  9      14       8       1
     11      22      21 
      5      19       7
         10       4 
--8<--
found: sum= 79.0000 var=  0.0000 fitness= 79.0000
-->8--
          4       9 
      7      21      10
     22      12      11 
  1      13      16       8
 23       3      15      24
     17      20       5 
     18      19      14
          2       6 
--8<--
found: sum= 81.0000 var=  0.0000 fitness= 81.0000
-->8--
         11       4 
      3      24       1
     17      12      21 
  5      14      19       2
 23       9       7      10
     13      20      22 
     15       8       6
         16      18 
--8<--
found: sum= 81.0000 var=  0.0000 fitness= 81.0000
-->8--
          7       1 
      6      21      10
     14      16      11 
  9      17      22       8
 13       4       2      15
     24      20      23 
     18      12      19
          3       5 
--8<--
found: sum= 78.0000 var=  0.0000 fitness= 78.0000
-->8--
          4       2 
      6      17      12
     24       8      21 
  9      19      18       7
  5      10       3      13
     11      20      16 
     14       1      15
         22      23 
--8<--
found: sum= 79.0000 var=  0.0000 fitness= 79.0000
-->8--
          8      16 
      1      21      10
     12      24       2 
 15      13       6      14
  7       9      22      17
     23       5      18 
      3      19      11
         20       4 
--8<--
found: sum= 75.0000 var=  0.0000 fitness= 75.0000
-->8--
         15      12 
     14      22       9
     19       2      10 
 11       3      20       7
  4      21      24      13
     17       5       1 
      8       6      23
         18      16 
--8<--
found: sum= 72.0000 var=  0.0000 fitness= 72.0000
-->8--
         20      17 
     21       4       6
      2      22       7 
 23       3      16       1
 12      18       5      19
     14       8      24 
     10       9      11
         13      15 
--8<--
found: sum= 75.0000 var=  0.0000 fitness= 75.0000
-->8--
         13       6 
     11      24      17
     22       2       8 
 21       3      18       7
 14      10      23      15
      5      19       4 
     20      12       1
          9      16 
--8<--
found: sum= 79.0000 var=  0.0000 fitness= 79.0000
-->8--
          5      18 
      3      22       1
     17      12      10 
  9      20      16      19
  4      14       6      21
     15      11       7 
      2      24       8
         13      23 
--8<--
found: sum= 79.0000 var=  0.0000 fitness= 79.0000
-->8--
          3      18 
     12       4       5
     20      21      17 
  8      19      14       9
  6      11       1      22
     15      13      16 
      7      23      24
         10       2 
--8<--
found: sum= 75.0000 var=  0.0000 fitness= 75.0000
-->8--
         14      15 
     19       6       3
     16       9      22 
 17      11      20      12
 13      10       1      18
      8      24       2 
      5      21       4
          7      23 
--8<--
found: sum= 77.0000 var=  0.0000 fitness= 77.0000
-->8--
          1       3 
     10      17       2
     12      22      19 
 23      15      14      18
 16       5       8      11
      6      13       7 
     20      24       4
          9      21 
--8<--
found: sum= 79.0000 var=  0.0000 fitness= 79.0000
-->8--
          6      14 
      3      16      10
     13      23       7 
  5      18       9      12
 11       8      17      19
     24       4      15 
      2      20       1
         21      22 
--8<--
found: sum= 75.0000 var=  0.0000 fitness= 75.0000
-->8--
         18      12 
     23      17      13
      4       6      24 
 14       7       3      20
 15      16      21       5
     19      22       2 
      1       9      10
          8      11 
--8<--
found: sum= 76.0000 var=  0.0000 fitness= 76.0000
-->8--
         22      20 
      7      23       6
     17       4       5 
 11       3      18       1
 15      14      24      19
     16      13       9 
      2      10      12
         21       8 
--8<--
found: sum= 83.0000 var=  0.0000 fitness= 83.0000
-->8--
          7       6 
      2      22       4
     21      20      15 
  5      11      16       3
 12      10      17      18
     24       9      14 
     13      19      23
          8       1 
--8<--
found: sum= 75.0000 var=  0.0000 fitness= 75.0000
-->8--
         16      12 
     20      17      13
     11       7      23 
  8       4       3      14
 19      15      24      10
     18      22       1 
      9       5       2
          6      21 
--8<--
found: sum= 80.0000 var=  0.0000 fitness= 80.0000
-->8--
          3      19 
      4      15       7
     24      11      10 
 13      23      18      17
  5       6       1      12
      9      21      22 
      8      20      14
         16       2 
--8<--
found: sum= 82.0000 var=  0.0000 fitness= 82.0000
-->8--
          8      13 
      5      20       3
     24       6      17 
  1      19      23      10
 14       2      11      12
     22      21       9 
      4      18      16
         15       7 
--8<--
found: sum= 73.0000 var=  0.0000 fitness= 73.0000
-->8--
         13      17 
     21      12       2
      7      19       3 
 14       1      20       5
 22      18       6      15
     11       9      24 
      4       8      10
         23      16 
--8<--
found: sum= 83.0000 var=  0.0000 fitness= 83.0000
-->8--
         15       7 
      2      13      18
     21      12      19 
 11      20      14      17
  4       5       9       8
     22      23      16 
      6      24       1
          3      10 
--8<--
found: sum= 75.0000 var=  0.0000 fitness= 75.0000
-->8--
         20      14 
     19       5      17
     21       1      16 
 10       9      22       8
  4      13      24       2
     18       6       3 
     11      12       7
         15      23 
--8<--
found: sum= 73.0000 var=  0.0000 fitness= 73.0000
-->8--
         18      10 
     22       3      20
      4      24       5 
 13       2      11      15
 19      21       9      17
     14       6      16 
      8      23       7
          1      12 
--8<--
found: sum= 79.0000 var=  0.0000 fitness= 79.0000
-->8--
         18       4 
     17       1      12
      8      21      19 
  7      14      22       6
 11      15       2      10
     24       5      20 
      9      23      13
          3      16 
--8<--
found: sum= 78.0000 var=  0.0000 fitness= 78.0000
-->8--
          1       6 
     18      21      10
      2      16      17 
  4      20       8      23
 19       9      12       7
     24      13      11 
     14      15       5
          3      22 
--8<--
found: sum= 80.0000 var=  0.0000 fitness= 80.0000
-->8--
          3      14 
      1      24      15
     20      19       6 
 10      13       2      12
  8       7      21      16
     22      18      23 
     17       5       4
         11       9 
--8<--
found: sum= 75.0000 var=  0.0000 fitness= 75.0000
-->8--
         11      15 
     17       4       9
      1      18      23 
  2      24       6      21
 22      12       5       7
     14      10      13 
      3      20       8
         16      19 
--8<--
found: sum= 76.0000 var=  0.0000 fitness= 76.0000
-->8--
         17      15 
      6      22       1
      8      20       2 
 24       3      16       5
 18      11      19      21
     12       7      13 
     14      23      10
          9       4 
--8<--
found: sum= 76.0000 var=  0.0000 fitness= 76.0000
-->8--
          3      11 
     24      20      23
     15      12       4 
 21       2       6      13
  1      18      22      17
     19      16      14 
     10       8       7
          5       9 
--8<--
found: sum= 78.0000 var=  0.0000 fitness= 78.0000
-->8--
          5      15 
      2      21      13
     11      22       4 
 14      17       3      18
  7       6      10      24
     23      20      19 
     16      12       8
          1       9 
--8<--
found: sum= 79.0000 var=  0.0000 fitness= 79.0000
-->8--
          5      11 
      2      24      10
     15      14      17 
 22      19       3      16
  9       8      12      18
      6      23      13 
     21      20       7
          1       4 
--8<--
found: sum= 74.0000 var=  0.0000 fitness= 74.0000
-->8--
          7       4 
      2      10      22
     24      15       9 
  8      16      14      11
 19       1       5      17
      6      23      18 
     21       3      12
         20      13 
--8<--
found: sum= 76.0000 var=  0.0000 fitness= 76.0000
-->8--
         20       9 
     19       7      24
     15      10      12 
 11       5      14       3
  6      23      22       8
     16       2      17 
     18      13       1
          4      21 
--8<--
found: sum= 84.0000 var=  0.0000 fitness= 84.0000
-->8--
          8       2 
      5      20      14
     17      11      24 
  7      23      13       9
  3      16       6      10
     18      15      22 
     12      19       1
          4      21 
--8<--
found: sum= 78.0000 var=  0.0000 fitness= 78.0000
-->8--
          7      15 
     20      24       2
     16       8       6 
  4       3      23       1
 12      21      13      18
     22      10      17 
     11       5      14
          9      19 
--8<--
execution time: real 0.632517s user 0.019996s sys 0.012998s
GA: P=50 K=10 sp=2 xover=2D/1 optrpl=2 optskip=10 optmax=1.142857
generation #846: pop m= 77.794 v= 57.484 f= 50.458 best_age=1
best: found: sum= 84.0000 var=  0.0000 fitness= 84.0000
-->8--
          8       2 
      5      20      14
     17      11      24 
  7      23      13       9
  3      16       6      10
     18      15      22 
     12      19       1
          4      21 
--8<--
found: sum= 78.0000 var=  0.0000 fitness= 78.0000
-->8--
          7      15 
     20      24       2
     16       8       6 
  4       3      23       1
 12      21      13      18
     22      10      17 
     11       5      14
          9      19 
--8<--
