found: sum= 75.0000 var=  0.0000 fitness= 75.0000
-->8--
          5       8 
      2      23       4
     11      10      17 
  9      24      13      18
 12       3       6      14
     16      19       7 
     21       1      20
         15      22 
--8<--
found: sum= 81.0000 var=  0.0000 fitness= 81.0000
-->8--
         21      14 
      3      17      18
     19       1      22 
 10      20       9       7
  8      13      15      16
     11      23      12 
      4      24       2
          6       5 
--8<--
execution time: real 0.008083s user 0.006998s sys 0.000999s
GA: P=50 K=10 sp=2 xover=2D/1 optrpl=2 optskip=10 optmax=1.142857
generation #0: pop m= 75.743 v= 47.589 f= 54.134 best_age=0
best: found: sum= 81.0000 var=  0.0000 fitness= 81.0000
-->8--
         21      14 
      3      17      18
     19       1      22 
 10      20       9       7
  8      13      15      16
     11      23      12 
      4      24       2
          6       5 
--8<--
found: sum= 75.0000 var=  0.0000 fitness= 75.0000
-->8--
          5       8 
      2      23       4
     11      10      17 
  9      24      13      18
 12       3       6      14
     16      19       7 
     21       1      20
         15      22 
--8<--
