found: sum= 74.0000 var=  0.0000 fitness= 74.0000
-->8--
         20      18 
     24      12       5
     11       3      23 
 15       4      13       7
 22      21      16       6
      1      17       9 
     19      14       8
          2      10 
--8<--
found: sum= 80.0000 var=  0.0000 fitness= 80.0000
-->8--
         23       1 
     10      21      19
     16       4      18 
  2       6      17       3
 14      22      24       5
     20       7      13 
      8      12       9
         11      15 
--8<--
found: sum= 74.0000 var=  0.0000 fitness= 74.0000
-->8--
         22       8 
     24      10      19
     13       2      18 
  6       3      17      14
 15      21      20       1
     16      11       4 
      5       9      23
         12       7 
--8<--
found: sum= 71.0000 var=  0.0000 fitness= 71.0000
-->8--
         20      23 
     19       7       9
     11      10      14 
  1       4       8      12
 15      24      22      13
     16       3       2 
      6       5      18
         17      21 
--8<--
found: sum= 76.0000 var=  0.0000 fitness= 76.0000
-->8--
         23      22 
      8       1      15
     24       3      21 
  5      17      14      16
  4      20      13       2
      6       9      10 
     12      18      19
         11       7 
--8<--
found: sum= 77.0000 var=  0.0000 fitness= 77.0000
-->8--
          2      24 
     18       3       4
     22      20      21 
 14      12       5      15
 11       8      13      17
     10      19       6 
     16      23       7
          1       9 
--8<--
found: sum= 78.0000 var=  0.0000 fitness= 78.0000
-->8--
         14       9 
      6      20       1
     15      13      17 
  8      10      18      19
 21       2      12       7
     22      23       5 
     16      11       3
          4      24 
--8<--
found: sum= 74.0000 var=  0.0000 fitness= 74.0000
-->8--
         17       9 
     21      10      12
      4      20      15 
 11       2       8      14
 19      16      23       1
     22       5      13 
     18       6       3
          7      24 
--8<--
found: sum= 76.0000 var=  0.0000 fitness= 76.0000
-->8--
          3       4 
      5      21      17
      8      16       7 
 18      23      11       1
  6       9      15      20
     12       2      22 
     19      10      13
         24      14 
--8<--
found: sum= 72.0000 var=  0.0000 fitness= 72.0000
-->8--
         14      12 
     23       4      22
     13       7       6 
  9      11      21       3
  2      18       5      20
     19      10      17 
     16       1      15
          8      24 
--8<--
found: sum= 73.0000 var=  0.0000 fitness= 73.0000
-->8--
         22       9 
     20      13      18
     12       2      24 
 17       4       7      11
 14      16      23       3
     10      21       5 
      6       1       8
         19      15 
--8<--
found: sum= 73.0000 var=  0.0000 fitness= 73.0000
-->8--
         22       9 
     20      13      18
     12       2      24 
 17       4       7      11
 14      16      23       3
     10      21       5 
      6       1       8
         19      15 
--8<--
found: sum= 76.0000 var=  0.0000 fitness= 76.0000
-->8--
         23       4 
     22       6      21
      2       8      18 
 10      15      19       3
 12      20       5       7
     17       9      24 
      1      13      11
         16      14 
--8<--
found: sum= 76.0000 var=  0.0000 fitness= 76.0000
-->8--
          3       5 
      6      23       7
     16      10      17 
 24      18      14       2
 13       1      12      22
      4      21       9 
     19      11       8
         20      15 
--8<--
found: sum= 78.0000 var=  0.0000 fitness= 78.0000
-->8--
         18      23 
     12      17       7
      5       2      13 
  9      24      16       8
  6      20      15       4
     14       1      22 
     21      19      11
          3      10 
--8<--
found: sum= 75.0000 var=  0.0000 fitness= 75.0000
-->8--
         18      23 
     19      15       5
     12       2      13 
 10       9      17      20
 14      22       1       3
      8      24      21 
     11       6      16
          4       7 
--8<--
found: sum= 76.0000 var=  0.0000 fitness= 76.0000
-->8--
          5       8 
     23      15      13
      6      24      14 
 16       3       2      20
 12      18      19       4
     21      10      17 
      9       7       1
         11      22 
--8<--
found: sum= 78.0000 var=  0.0000 fitness= 78.0000
-->8--
          8      23 
      6       9       2
     21      10      18 
 11      24      16      17
  3      14       1       4
      5      13      22 
     12      15       7
         19      20 
--8<--
found: sum= 79.0000 var=  0.0000 fitness= 79.0000
-->8--
          7       8 
      2      24      15
      9      17      10 
  4      20       5      23
  6      22      12      16
     18       3      13 
     14      21      11
          1      19 
--8<--
found: sum= 77.0000 var=  0.0000 fitness= 77.0000
-->8--
          4       2 
     24      19       3
      8      21      10 
 13       1      22      16
 20      12       6       5
     23      15      18 
      9       7      14
         11      17 
--8<--
found: sum= 77.0000 var=  0.0000 fitness= 77.0000
-->8--
          3      23 
     17       7       1
     16      12      19 
 10      22      15      11
  2       9       5       6
     18      14      21 
     24       4      13
          8      20 
--8<--
found: sum= 80.0000 var=  0.0000 fitness= 80.0000
-->8--
          6       2 
      4      24       9
      7      21      19 
 14      18       5      12
 17       1      13      15
     23      22      16 
     20      11      10
          3       8 
--8<--
found: sum= 75.0000 var=  0.0000 fitness= 75.0000
-->8--
         18      21 
      3       8       5
     23      11       6 
  1      12      24      13
 16      19       2      10
      4       7      20 
     22      14      15
          9      17 
--8<--
found: sum= 79.0000 var=  0.0000 fitness= 79.0000
-->8--
          3      11 
     12       4      19
     22      14      16 
  1      24      15      17
  9      13       6       2
     10       7      23 
      8      20      18
         21       5 
--8<--
found: sum= 76.0000 var=  0.0000 fitness= 76.0000
-->8--
          2      10 
     21      15      11
      1      18      13 
  8      19       9       5
 17       7      20       6
     24       3      23 
     16       4      12
         22      14 
--8<--
found: sum= 82.0000 var=  0.0000 fitness= 82.0000
-->8--
          5       2 
      6      14      11
     18      23      20 
  7      16      12      22
  9      17       1       3
     15      13      24 
     10      19       4
          8      21 
--8<--
found: sum= 81.0000 var=  0.0000 fitness= 81.0000
-->8--
          9       2 
      3      14       6
     11      24      23 
 10      20      12      18
  8      13       7       4
     19       5      17 
     22      21      16
          1      15 
--8<--
found: sum= 72.0000 var=  0.0000 fitness= 72.0000
-->8--
         21      11 
      4       2      12
     16      15      13 
 23      14      19       7
  1      10       9       6
      8       5      18 
     22       3      17
         24      20 
--8<--
found: sum= 77.0000 var=  0.0000 fitness= 77.0000
-->8--
         21      11 
      3      15      24
     20       1       7 
  5      17      19       9
 10       2      16      18
     23      22       8 
     14      12       6
          4      13 
--8<--
found: sum= 76.0000 var=  0.0000 fitness= 76.0000
-->8--
          2      14 
     20      11       8
     19       6      24 
  1      18      13      15
 12      22      10       9
      4       7       5 
      3      17      16
         23      21 
--8<--
found: sum= 80.0000 var=  0.0000 fitness= 80.0000
-->8--
          3       5 
      1      23       2
     22      15      18 
 12      16      17       8
 10       9       4      13
     11      19      20 
     21       6      24
         14       7 
--8<--
found: sum= 84.0000 var=  0.0000 fitness= 84.0000
-->8--
          2      12 
      7      23       9
     21      13      22 
  3      18       5       6
  1      17      20      15
     24      11      16 
      8      14       4
         10      19 
--8<--
execution time: real 0.111229s user 0.007998s sys 0.001999s
GA: P=50 K=10 sp=2 xover=2D/1 optrpl=2 optskip=10 optmax=1.142857
generation #138: pop m= 78.594 v= 37.708 f= 60.567 best_age=1
best: found: sum= 84.0000 var=  0.0000 fitness= 84.0000
-->8--
          2      12 
      7      23       9
     21      13      22 
  3      18       5       6
  1      17      20      15
     24      11      16 
      8      14       4
         10      19 
--8<--
found: sum= 80.0000 var=  0.0000 fitness= 80.0000
-->8--
          3       5 
      1      23       2
     22      15      18 
 12      16      17       8
 10       9       4      13
     11      19      20 
     21       6      24
         14       7 
--8<--
found: sum= 76.0000 var=  0.0000 fitness= 76.0000
-->8--
          2      14 
     20      11       8
     19       6      24 
  1      18      13      15
 12      22      10       9
      4       7       5 
      3      17      16
         23      21 
--8<--
