found: sum= 79.0000 var=  0.0000 fitness= 79.0000 age=0
-->8--
          2       3 
      8      16      20
     19      10      23 
  6      24       7       5
 15       4      13      14
     11      21      17 
     12       9       1
         22      18 
--8<--
found: sum= 81.0000 var=  0.0000 fitness= 81.0000 age=0
-->8--
         13       5 
     18      22      16
     12       2      19 
 23      14      17       7
  6      15       9       8
     11      24      21 
     10      20       4
          1       3 
--8<--
found: sum= 77.0000 var=  0.0000 fitness= 77.0000 age=0
-->8--
          1      13 
      3      18      12
     21      19       5 
  4      15      10      11
  9       6      20      14
     22       7      17 
     16       2      23
         24       8 
--8<--
found: sum= 80.0000 var=  0.0000 fitness= 80.0000 age=0
-->8--
         24       6 
     13      19      16
     12      10      20 
 22       2       9       8
 11      15      23       3
     18      21      17 
      5      14       4
          7       1 
--8<--
found: sum= 77.0000 var=  0.0000 fitness= 77.0000 age=0
-->8--
         19      13 
      9       3      23
     24       5      22 
  1      17      11      20
  2      15       8      10
     18      21       6 
      4      12      16
          7      14 
--8<--
found: sum= 72.0000 var=  0.0000 fitness= 72.0000 age=0
-->8--
          6      11 
     13      12       4
      5      22      15 
 23      14       8      21
 10       1       3      18
     19      24       7 
      9       2      20
         17      16 
--8<--
found: sum= 77.0000 var=  0.0000 fitness= 77.0000 age=0
-->8--
         20      22 
     10      17       5
      6       3      23 
 14      21       7      15
  1      24      18       2
     11       4      12 
      9      16       8
         13      19 
--8<--
found: sum= 82.0000 var=  0.0000 fitness= 82.0000 age=0
-->8--
         11      12 
      4      16      13
     24      10      22 
  1      17       9      21
  3      18       8       7
     19      20      15 
      6      14      23
          5       2 
--8<--
found: sum= 75.0000 var=  0.0000 fitness= 75.0000 age=0
-->8--
         24       8 
      2      21      10
     16       3      11 
 20       9      22      12
  6      17       1      14
      7      23      15 
      4       5      13
         19      18 
--8<--
found: sum= 77.0000 var=  0.0000 fitness= 77.0000 age=0
-->8--
         14       9 
     12      13      10
     19       2      23 
 15      17      20       4
  8      11       3      22
      7      24       5 
      1      18       6
         16      21 
--8<--
found: sum= 78.0000 var=  0.0000 fitness= 78.0000 age=0
-->8--
          5      23 
     21      17       8
      4       9      20 
 15      22       1      11
  6      13      19       3
     18      14      24 
     10       7       2
         16      12 
--8<--
found: sum= 75.0000 var=  0.0000 fitness= 75.0000 age=0
-->8--
         17      11 
      5      22      15
     16       7       2 
  4       8      18       3
 21      14      19      20
     12       9      13 
     24      10      23
          6       1 
--8<--
found: sum= 72.0000 var=  0.0000 fitness= 72.0000 age=0
-->8--
         12      14 
     13      15      17
     10      21       3 
 18       1       2       6
 16      23      20      22
      4       5      19 
     24       9       8
          7      11 
--8<--
found: sum= 75.0000 var=  0.0000 fitness= 75.0000 age=0
-->8--
         17       4 
     11       1       8
     16      20      24 
 21      10      18       5
 13       3       2      19
     12      22       7 
      9      15      23
         14       6 
--8<--
found: sum= 77.0000 var=  0.0000 fitness= 77.0000 age=0
-->8--
         21      16 
     14      18      10
     17       1      13 
  7       6      19       9
 22      23       4      12
      2      24      20 
      5      15       3
          8      11 
--8<--
found: sum= 79.0000 var=  0.0000 fitness= 79.0000 age=0
-->8--
         14      13 
      4      24       7
     16      19       6 
  5       2      10      15
 23      22      18       9
     11       8      21 
     20      17      12
          1       3 
--8<--
found: sum= 77.0000 var=  0.0000 fitness= 77.0000 age=0
-->8--
         21       2 
     17      16       8
      1      10      19 
 20      12      22       9
 11      15      14       6
     18       4       7 
     13      24       5
          3      23 
--8<--
found: sum= 74.0000 var=  0.0000 fitness= 74.0000 age=0
-->8--
         13      12 
      7      10      21
      8      16       9 
 22      20       6      14
  2      17      11      19
      5       4      15 
      1      23       3
         24      18 
--8<--
found: sum= 75.0000 var=  0.0000 fitness= 75.0000 age=0
-->8--
         24      12 
      6      15      14
     10      19       7 
 11       1       8      13
 17      16      22       4
     20       9      21 
     23       2      18
          5       3 
--8<--
found: sum= 77.0000 var=  0.0000 fitness= 77.0000 age=0
-->8--
         18      10 
     13      14       6
     11      20      24 
  8       1       3       2
 19      15      22      17
     23      16       9 
      7       4       5
         12      21 
--8<--
found: sum= 81.0000 var=  0.0000 fitness= 81.0000 age=0
-->8--
         17       4 
      1      21      15
     12      11      20 
 18      19      10       9
  8       2      23      13
     22      16       6 
      3      24       7
         14       5 
--8<--
found: sum= 73.0000 var=  0.0000 fitness= 73.0000 age=0
-->8--
         22      19 
     20       4       3
     10       9      24 
  6       8      14      12
 17      11      16       2
     21      15       5 
     18       1      23
          7      13 
--8<--
found: sum= 83.0000 var=  0.0000 fitness= 83.0000 age=0
-->8--
         11      18 
     14       8      15
     24      16      21 
  6      10       5       4
  7      13      19      12
     23      20      22 
      9      17       2
          1       3 
--8<--
found: sum= 73.0000 var=  0.0000 fitness= 73.0000 age=0
-->8--
         10       9 
      3      16       8
     11      21       5 
 24      12      14       6
 20       4       7      23
      2      15      18 
     22      13       1
         17      19 
--8<--
found: sum= 77.0000 var=  0.0000 fitness= 77.0000 age=0
-->8--
          6       2 
     13      23      11
     24       4      22 
 20       7      15       1
  9      14      16      18
      3      21       5 
     12       8      17
         19      10 
--8<--
found: sum= 75.0000 var=  0.0000 fitness= 75.0000 age=0
-->8--
         23      24 
      9      12      17
     18      10       8 
 13       3       4       1
 14      20      22      21
      7      16      19 
     15      11       2
          6       5 
--8<--
found: sum= 79.0000 var=  0.0000 fitness= 79.0000 age=0
-->8--
         13      18 
      4      11       7
     24      22      12 
 20       5       9      16
 10       3      19      15
     17      21       8 
     14      23       6
          1       2 
--8<--
found: sum= 72.0000 var=  0.0000 fitness= 72.0000 age=0
-->8--
         11      10 
      8       3      23
     12      14      18 
 20      24       4      21
  2       5       6      22
      9      19       1 
      7      17      16
         15      13 
--8<--
found: sum= 77.0000 var=  0.0000 fitness= 77.0000 age=0
-->8--
          2       6 
     24      19      20
     12       3      21 
 13      17       8      11
 15       4      22       5
     16      23      10 
     18       7       1
          9      14 
--8<--
found: sum= 75.0000 var=  0.0000 fitness= 75.0000 age=0
-->8--
          2       1 
     13      11      24
     14      12       8 
  3      23      19      17
  9       4      10      16
     22       7       5 
      6      15      20
         21      18 
--8<--
found: sum= 79.0000 var=  0.0000 fitness= 79.0000 age=0
-->8--
         13       1 
     14       9      12
     21      18      16 
  8       4      23      11
  5      22       2       3
     19      10      24 
      7       6      17
         15      20 
--8<--
found: sum= 76.0000 var=  0.0000 fitness= 76.0000 age=0
-->8--
         24      14 
     10      20      16
     19       1      12 
 18       2      13       3
  7      22      23      21
      8      15       4 
      5      17       6
          9      11 
--8<--
found: sum= 74.0000 var=  0.0000 fitness= 74.0000 age=0
-->8--
          2       3 
      4      24      19
     14       7       6 
  8      23      15      21
 18       1      12       9
     10      16      11 
     22       5      17
         20      13 
--8<--
found: sum= 79.0000 var=  0.0000 fitness= 79.0000 age=0
-->8--
          9      12 
      7       2      13
     22      18      24 
  3      21      10       8
 11       5      19       4
     17       6      14 
     20      16       1
         15      23 
--8<--
found: sum= 75.0000 var=  0.0000 fitness= 75.0000 age=0
-->8--
         23      15 
     18       9      24
     20       1      16 
  8       4      10       2
 19      17      22      13
      7      21      12 
      5      11       3
         14       6 
--8<--
found: sum= 73.0000 var=  0.0000 fitness= 73.0000 age=0
-->8--
         24      16 
     10       3      18
     13      21       1 
 11       2      14       7
 17       8      19      12
     22       9      20 
     23       6      15
          5       4 
--8<--
execution time: real 0.122910s user 0.110983s sys 0.000000s
GA: P=1024 K=512 sp=2 xover=2D/1 aging
generation #1: pop m= 76.132 v=58.896 f= 49.077
best: found: sum= 83.0000 var=  0.0000 fitness= 83.0000 age=1
-->8--
         11      18 
     14       8      15
     24      16      21 
  6      10       5       4
  7      13      19      12
     23      20      22 
      9      17       2
          1       3 
--8<--
found: sum= 77.0000 var=  0.0000 fitness= 77.0000 age=1
-->8--
          6       2 
     13      23      11
     24       4      22 
 20       7      15       1
  9      14      16      18
      3      21       5 
     12       8      17
         19      10 
--8<--
found: sum= 75.0000 var=  0.0000 fitness= 75.0000 age=1
-->8--
         23      24 
      9      12      17
     18      10       8 
 13       3       4       1
 14      20      22      21
      7      16      19 
     15      11       2
          6       5 
--8<--
found: sum= 72.0000 var=  0.0000 fitness= 72.0000 age=1
-->8--
          6      11 
     13      12       4
      5      22      15 
 23      14       8      21
 10       1       3      18
     19      24       7 
      9       2      20
         17      16 
--8<--
found: sum= 81.0000 var=  0.0000 fitness= 81.0000 age=1
-->8--
         17       4 
      1      21      15
     12      11      20 
 18      19      10       9
  8       2      23      13
     22      16       6 
      3      24       7
         14       5 
--8<--
found: sum= 77.0000 var=  0.0000 fitness= 77.0000 age=1
-->8--
         18      10 
     13      14       6
     11      20      24 
  8       1       3       2
 19      15      22      17
     23      16       9 
      7       4       5
         12      21 
--8<--
found: sum= 77.0000 var=  0.0000 fitness= 77.0000 age=1
-->8--
         20      22 
     10      17       5
      6       3      23 
 14      21       7      15
  1      24      18       2
     11       4      12 
      9      16       8
         13      19 
--8<--
found: sum= 82.0000 var=  0.0000 fitness= 82.0000 age=1
-->8--
         11      12 
      4      16      13
     24      10      22 
  1      17       9      21
  3      18       8       7
     19      20      15 
      6      14      23
          5       2 
--8<--
found: sum= 77.0000 var=  0.0000 fitness= 77.0000 age=1
-->8--
         19      13 
      9       3      23
     24       5      22 
  1      17      11      20
  2      15       8      10
     18      21       6 
      4      12      16
          7      14 
--8<--
found: sum= 75.0000 var=  0.0000 fitness= 75.0000 age=1
-->8--
         17      11 
      5      22      15
     16       7       2 
  4       8      18       3
 21      14      19      20
     12       9      13 
     24      10      23
          6       1 
--8<--
found: sum= 75.0000 var=  0.0000 fitness= 75.0000 age=1
-->8--
         23      15 
     18       9      24
     20       1      16 
  8       4      10       2
 19      17      22      13
      7      21      12 
      5      11       3
         14       6 
--8<--
found: sum= 77.0000 var=  0.0000 fitness= 77.0000 age=1
-->8--
         21       2 
     17      16       8
      1      10      19 
 20      12      22       9
 11      15      14       6
     18       4       7 
     13      24       5
          3      23 
--8<--
found: sum= 77.0000 var=  0.0000 fitness= 77.0000 age=1
-->8--
         21      16 
     14      18      10
     17       1      13 
  7       6      19       9
 22      23       4      12
      2      24      20 
      5      15       3
          8      11 
--8<--
found: sum= 77.0000 var=  0.0000 fitness= 77.0000 age=1
-->8--
          2       6 
     24      19      20
     12       3      21 
 13      17       8      11
 15       4      22       5
     16      23      10 
     18       7       1
          9      14 
--8<--
found: sum= 81.0000 var=  0.0000 fitness= 81.0000 age=1
-->8--
         13       5 
     18      22      16
     12       2      19 
 23      14      17       7
  6      15       9       8
     11      24      21 
     10      20       4
          1       3 
--8<--
found: sum= 73.0000 var=  0.0000 fitness= 73.0000 age=1
-->8--
         22      19 
     20       4       3
     10       9      24 
  6       8      14      12
 17      11      16       2
     21      15       5 
     18       1      23
          7      13 
--8<--
found: sum= 80.0000 var=  0.0000 fitness= 80.0000 age=1
-->8--
         24       6 
     13      19      16
     12      10      20 
 22       2       9       8
 11      15      23       3
     18      21      17 
      5      14       4
          7       1 
--8<--
found: sum= 79.0000 var=  0.0000 fitness= 79.0000 age=1
-->8--
          2       3 
      8      16      20
     19      10      23 
  6      24       7       5
 15       4      13      14
     11      21      17 
     12       9       1
         22      18 
--8<--
found: sum= 77.0000 var=  0.0000 fitness= 77.0000 age=1
-->8--
          1      13 
      3      18      12
     21      19       5 
  4      15      10      11
  9       6      20      14
     22       7      17 
     16       2      23
         24       8 
--8<--
found: sum= 75.0000 var=  0.0000 fitness= 75.0000 age=1
-->8--
          2       1 
     13      11      24
     14      12       8 
  3      23      19      17
  9       4      10      16
     22       7       5 
      6      15      20
         21      18 
--8<--
found: sum= 79.0000 var=  0.0000 fitness= 79.0000 age=1
-->8--
         13      18 
      4      11       7
     24      22      12 
 20       5       9      16
 10       3      19      15
     17      21       8 
     14      23       6
          1       2 
--8<--
found: sum= 74.0000 var=  0.0000 fitness= 74.0000 age=1
-->8--
         13      12 
      7      10      21
      8      16       9 
 22      20       6      14
  2      17      11      19
      5       4      15 
      1      23       3
         24      18 
--8<--
found: sum= 73.0000 var=  0.0000 fitness= 73.0000 age=1
-->8--
         10       9 
      3      16       8
     11      21       5 
 24      12      14       6
 20       4       7      23
      2      15      18 
     22      13       1
         17      19 
--8<--
found: sum= 79.0000 var=  0.0000 fitness= 79.0000 age=1
-->8--
         13       1 
     14       9      12
     21      18      16 
  8       4      23      11
  5      22       2       3
     19      10      24 
      7       6      17
         15      20 
--8<--
found: sum= 72.0000 var=  0.0000 fitness= 72.0000 age=1
-->8--
         11      10 
      8       3      23
     12      14      18 
 20      24       4      21
  2       5       6      22
      9      19       1 
      7      17      16
         15      13 
--8<--
found: sum= 77.0000 var=  0.0000 fitness= 77.0000 age=1
-->8--
         14       9 
     12      13      10
     19       2      23 
 15      17      20       4
  8      11       3      22
      7      24       5 
      1      18       6
         16      21 
--8<--
found: sum= 75.0000 var=  0.0000 fitness= 75.0000 age=1
-->8--
         24      12 
      6      15      14
     10      19       7 
 11       1       8      13
 17      16      22       4
     20       9      21 
     23       2      18
          5       3 
--8<--
found: sum= 73.0000 var=  0.0000 fitness= 73.0000 age=1
-->8--
         24      16 
     10       3      18
     13      21       1 
 11       2      14       7
 17       8      19      12
     22       9      20 
     23       6      15
          5       4 
--8<--
found: sum= 79.0000 var=  0.0000 fitness= 79.0000 age=1
-->8--
         14      13 
      4      24       7
     16      19       6 
  5       2      10      15
 23      22      18       9
     11       8      21 
     20      17      12
          1       3 
--8<--
found: sum= 79.0000 var=  0.0000 fitness= 79.0000 age=1
-->8--
          9      12 
      7       2      13
     22      18      24 
  3      21      10       8
 11       5      19       4
     17       6      14 
     20      16       1
         15      23 
--8<--
found: sum= 75.0000 var=  0.0000 fitness= 75.0000 age=1
-->8--
         17       4 
     11       1       8
     16      20      24 
 21      10      18       5
 13       3       2      19
     12      22       7 
      9      15      23
         14       6 
--8<--
found: sum= 75.0000 var=  0.0000 fitness= 75.0000 age=1
-->8--
         24       8 
      2      21      10
     16       3      11 
 20       9      22      12
  6      17       1      14
      7      23      15 
      4       5      13
         19      18 
--8<--
found: sum= 74.0000 var=  0.0000 fitness= 74.0000 age=1
-->8--
          2       3 
      4      24      19
     14       7       6 
  8      23      15      21
 18       1      12       9
     10      16      11 
     22       5      17
         20      13 
--8<--
found: sum= 76.0000 var=  0.0000 fitness= 76.0000 age=1
-->8--
         24      14 
     10      20      16
     19       1      12 
 18       2      13       3
  7      22      23      21
      8      15       4 
      5      17       6
          9      11 
--8<--
found: sum= 78.0000 var=  0.0000 fitness= 78.0000 age=1
-->8--
          5      23 
     21      17       8
      4       9      20 
 15      22       1      11
  6      13      19       3
     18      14      24 
     10       7       2
         16      12 
--8<--
found: sum= 72.0000 var=  0.0000 fitness= 72.0000 age=1
-->8--
         12      14 
     13      15      17
     10      21       3 
 18       1       2       6
 16      23      20      22
      4       5      19 
     24       9       8
          7      11 
--8<--
