found: sum= 81.0000 var=  0.0000 fitness= 81.0000 age=0
-->8--
         15      18 
      4      14       1
     16      23      12 
 10       9      13      17
 21       6       8       7
     19      22      24 
     11      20       5
          3       2 
--8<--
found: sum= 82.0000 var=  0.0000 fitness= 82.0000 age=0
-->8--
          1      12 
     15      23       4
     18       8      13 
  7      17      22       2
 19      10       5      16
     11      20      24 
      6      21       3
         14       9 
--8<--
found: sum= 75.0000 var=  0.0000 fitness= 75.0000 age=0
-->8--
         18       6 
      2      12      14
      8      15      24 
 17      20       4      16
  5      22       1      11
      3      13      19 
     21       9      10
          7      23 
--8<--
found: sum= 77.0000 var=  0.0000 fitness= 77.0000 age=0
-->8--
          4      19 
     18      10       8
     12      16      11 
 15      17      13       9
  2       7       1      21
     24      23      22 
      3       6      20
         14       5 
--8<--
found: sum= 82.0000 var=  0.0000 fitness= 82.0000 age=0
-->8--
          3      11 
      4      24       1
     18      20       9 
  8      13      17       5
  6      15       7      21
     22      10      23 
      2      14      16
         19      12 
--8<--
found: sum= 84.0000 var=  0.0000 fitness= 84.0000 age=0
-->8--
          7       1 
     11      21       5
     17      19      20 
  2       9      18       3
 10      22      12       8
     24       4      23 
      6      15      14
         13      16 
--8<--
execution time: real 0.528637s user 0.053991s sys 0.001999s
jsgmd24: M=7 A=2 B=3 P=512 K=256 sp=3 xover=2D/3 mut=6 replace_worst=51 aging explosion=128@0.005000*128 swap=2 hexspin=2
generation #3: pop m= 80.447 v=3.312 f= 72.503
best: found: sum= 84.0000 var=  0.0000 fitness= 84.0000 age=1
-->8--
          7       1 
     11      21       5
     17      19      20 
  2       9      18       3
 10      22      12       8
     24       4      23 
      6      15      14
         13      16 
--8<--
found: sum= 75.0000 var=  0.0000 fitness= 75.0000 age=2
-->8--
         18       6 
      2      12      14
      8      15      24 
 17      20       4      16
  5      22       1      11
      3      13      19 
     21       9      10
          7      23 
--8<--
found: sum= 77.0000 var=  0.0000 fitness= 77.0000 age=2
-->8--
          4      19 
     18      10       8
     12      16      11 
 15      17      13       9
  2       7       1      21
     24      23      22 
      3       6      20
         14       5 
--8<--
found: sum= 82.0000 var=  0.0000 fitness= 82.0000 age=1
-->8--
          3      11 
      4      24       1
     18      20       9 
  8      13      17       5
  6      15       7      21
     22      10      23 
      2      14      16
         19      12 
--8<--
found: sum= 82.0000 var=  0.0000 fitness= 82.0000 age=2
-->8--
          1      12 
     15      23       4
     18       8      13 
  7      17      22       2
 19      10       5      16
     11      20      24 
      6      21       3
         14       9 
--8<--
found: sum= 81.0000 var=  0.0000 fitness= 81.0000 age=2
-->8--
         15      18 
      4      14       1
     16      23      12 
 10       9      13      17
 21       6       8       7
     19      22      24 
     11      20       5
          3       2 
--8<--
