found: sum= 85.0000 var=  0.0000 fitness= 85.0000 age=0
-->8--
          5      12 
      3      24       4
     20      11      19 
  9      22      15       8
  2      14      16       6
     18       7      21 
     13      23       1
         10      17 
--8<--
found: sum= 74.0000 var=  0.0000 fitness= 74.0000 age=0
-->8--
          6       2 
     11      14      22
      7      13      20 
 19      23       3      17
  9      15      12       4
      1       8      18 
     16      10      21
         24       5 
--8<--
found: sum= 75.0000 var=  0.0000 fitness= 75.0000 age=0
-->8--
         16      20 
      1      18      12
     19      10       8 
  5      11       7       4
 13      21      24      17
      6       2      15 
     23       9      22
         14       3 
--8<--
found: sum= 75.0000 var=  0.0000 fitness= 75.0000 age=0
-->8--
          3       1 
     23      12      21
     22      11      13 
 19       4      17      14
  6      16       7       9
      8      20      15 
     24       5      18
          2      10 
--8<--
found: sum= 75.0000 var=  0.0000 fitness= 75.0000 age=0
-->8--
          1      23 
     21      13       8
     24       4       9 
 11      12      18       6
 16       5      22      17
      7      14       3 
     10      19       2
         20      15 
--8<--
found: sum= 75.0000 var=  0.0000 fitness= 75.0000 age=0
-->8--
         23      17 
      2       4      16
      9      13      15 
  5      24      10       1
 11      18       7      22
      8       3      20 
      6      19      12
         21      14 
--8<--
found: sum= 74.0000 var=  0.0000 fitness= 74.0000 age=0
-->8--
          1       2 
     21      18      20
     15      13      17 
 11       6       4      24
 16      23       9       8
      3      19      12 
     14       5      22
         10       7 
--8<--
found: sum= 77.0000 var=  0.0000 fitness= 77.0000 age=0
-->8--
         15      19 
      5      13      11
     24       6      10 
  2      14      18       9
  8      17      21      16
     12       1       3 
      4      23       7
         20      22 
--8<--
found: sum= 76.0000 var=  0.0000 fitness= 76.0000 age=0
-->8--
          4       1 
      7      22       9
      8      21      10 
 24      14      13      12
 19       5       3      15
      6      20      23 
     16      11      17
         18       2 
--8<--
found: sum= 74.0000 var=  0.0000 fitness= 74.0000 age=0
-->8--
         11       7 
     23       3      21
      8       9      24 
 12      20      10       4
  2      18      16       5
     14       1      15 
     22       6      17
         13      19 
--8<--
found: sum= 75.0000 var=  0.0000 fitness= 75.0000 age=0
-->8--
          2       6 
     18      24      14
     11       4       5 
 19      16      22      21
 12      10       3       9
      7      20      15 
     17      13       1
          8      23 
--8<--
found: sum= 78.0000 var=  0.0000 fitness= 78.0000 age=0
-->8--
         21       3 
     11      20      13
     14       8      12 
  6       4      22       1
 23      16      10       9
     15      18      24 
     17       5      19
          7       2 
--8<--
found: sum= 75.0000 var=  0.0000 fitness= 75.0000 age=0
-->8--
          3      20 
     22       5       7
     21      18       9 
 13       6      16      10
  1      15      12      24
     19       8       4 
      2      17      11
         14      23 
--8<--
found: sum= 81.0000 var=  0.0000 fitness= 81.0000 age=0
-->8--
          1       2 
      7      14       6
     24      20      22 
 11      15      17       8
  3       9      16      13
     19       4       5 
     18      21      23
         10      12 
--8<--
found: sum= 79.0000 var=  0.0000 fitness= 79.0000 age=0
-->8--
          3       6 
      4       5      19
     24      22      17 
 16      21      10      13
  2       1       7       9
     15      18      23 
     20      11       8
         14      12 
--8<--
execution time: real 0.035487s user 0.004999s sys 0.000999s
GA: P=512 K=256 sp=2 xover=2D/1 aging
generation #1: pop m= 76.032 v= 87.116 f= 44.171
best: found: sum= 85.0000 var=  0.0000 fitness= 85.0000 age=1
-->8--
          5      12 
      3      24       4
     20      11      19 
  9      22      15       8
  2      14      16       6
     18       7      21 
     13      23       1
         10      17 
--8<--
found: sum= 74.0000 var=  0.0000 fitness= 74.0000 age=1
-->8--
          6       2 
     11      14      22
      7      13      20 
 19      23       3      17
  9      15      12       4
      1       8      18 
     16      10      21
         24       5 
--8<--
found: sum= 75.0000 var=  0.0000 fitness= 75.0000 age=1
-->8--
          1      23 
     21      13       8
     24       4       9 
 11      12      18       6
 16       5      22      17
      7      14       3 
     10      19       2
         20      15 
--8<--
found: sum= 75.0000 var=  0.0000 fitness= 75.0000 age=1
-->8--
         16      20 
      1      18      12
     19      10       8 
  5      11       7       4
 13      21      24      17
      6       2      15 
     23       9      22
         14       3 
--8<--
found: sum= 75.0000 var=  0.0000 fitness= 75.0000 age=1
-->8--
          3       1 
     23      12      21
     22      11      13 
 19       4      17      14
  6      16       7       9
      8      20      15 
     24       5      18
          2      10 
--8<--
found: sum= 79.0000 var=  0.0000 fitness= 79.0000 age=1
-->8--
          3       6 
      4       5      19
     24      22      17 
 16      21      10      13
  2       1       7       9
     15      18      23 
     20      11       8
         14      12 
--8<--
found: sum= 78.0000 var=  0.0000 fitness= 78.0000 age=1
-->8--
         21       3 
     11      20      13
     14       8      12 
  6       4      22       1
 23      16      10       9
     15      18      24 
     17       5      19
          7       2 
--8<--
found: sum= 75.0000 var=  0.0000 fitness= 75.0000 age=1
-->8--
          3      20 
     22       5       7
     21      18       9 
 13       6      16      10
  1      15      12      24
     19       8       4 
      2      17      11
         14      23 
--8<--
found: sum= 74.0000 var=  0.0000 fitness= 74.0000 age=1
-->8--
          1       2 
     21      18      20
     15      13      17 
 11       6       4      24
 16      23       9       8
      3      19      12 
     14       5      22
         10       7 
--8<--
found: sum= 75.0000 var=  0.0000 fitness= 75.0000 age=1
-->8--
         23      17 
      2       4      16
      9      13      15 
  5      24      10       1
 11      18       7      22
      8       3      20 
      6      19      12
         21      14 
--8<--
found: sum= 74.0000 var=  0.0000 fitness= 74.0000 age=1
-->8--
         11       7 
     23       3      21
      8       9      24 
 12      20      10       4
  2      18      16       5
     14       1      15 
     22       6      17
         13      19 
--8<--
found: sum= 77.0000 var=  0.0000 fitness= 77.0000 age=1
-->8--
         15      19 
      5      13      11
     24       6      10 
  2      14      18       9
  8      17      21      16
     12       1       3 
      4      23       7
         20      22 
--8<--
found: sum= 81.0000 var=  0.0000 fitness= 81.0000 age=1
-->8--
          1       2 
      7      14       6
     24      20      22 
 11      15      17       8
  3       9      16      13
     19       4       5 
     18      21      23
         10      12 
--8<--
found: sum= 76.0000 var=  0.0000 fitness= 76.0000 age=1
-->8--
          4       1 
      7      22       9
      8      21      10 
 24      14      13      12
 19       5       3      15
      6      20      23 
     16      11      17
         18       2 
--8<--
found: sum= 75.0000 var=  0.0000 fitness= 75.0000 age=1
-->8--
          2       6 
     18      24      14
     11       4       5 
 19      16      22      21
 12      10       3       9
      7      20      15 
     17      13       1
          8      23 
--8<--
