found: sum= 81.0000 var=  0.0000 fitness= 81.0000
-->8--
          1      19 
      7      14       9
     18      20       4 
 13      21      15      16
  5       2      12      10
     22      11      24 
      6      23       8
         17       3 
--8<--
found: sum= 82.0000 var=  0.0000 fitness= 82.0000
-->8--
          4      12 
     18      16       3
     13      20      24 
 10      11       7       6
 23       8      22       2
     17      14      21 
     15      19       5
          9       1 
--8<--
found: sum= 84.0000 var=  0.0000 fitness= 84.0000
-->8--
          7       1 
      5      24       6
     22      18      16 
 12       8      19       2
 14      13      17      10
     15       9      20 
     21      23       4
          3      11 
--8<--
execution time: real 2.472858s user 0.058991s sys 0.116982s
GA: P=50 K=10 sp=2 xover=2D/1 optrpl=2 optskip=10 optmax=1.142857
generation #11166: pop m= 77.709 v=119.719 f= 31.159 best_age=1
best: found: sum= 84.0000 var=  0.0000 fitness= 84.0000
-->8--
          7       1 
      5      24       6
     22      18      16 
 12       8      19       2
 14      13      17      10
     15       9      20 
     21      23       4
          3      11 
--8<--
