sum= 75.7143 var=596.2041 fitness=-43.9055
-->8--
         23      22 
     17      13       2
     21      15       9 
 11       8      19      16
  4      24      10       5
      1      14       3 
      6      18      20
         12       7 
--8<--
execution time: real 0.002486s user 0.000000s sys 0.001999s
GA: P=20 K=10 sp=3 xover_cuts=2
generation #1: pop m= 77.486 v=152.063 f= 36.111 best_age=1
best: sum= 83.5714 var=  0.2449 fitness= 81.1471
-->8--
         14      19 
     21       5      20
     24      22      12 
  8      16      11       4
  7      17      13       2
     10       1       6 
     23      18       9
         15       3 
--8<--
found: sum= 76.0000 var=  0.0000 fitness= 76.0000
-->8--
         23      22 
     17      13       2
     21      15       9 
 11       8      19      16
  4      24      10       5
      1      14       3 
      6      18      20
         12       7 
--8<--
