found: sum= 76.0000 var=  0.0000 fitness= 76.0000
-->8--
         15      10 
     16       7      12
     19       5      18 
  4      14      24      11
 21       1       9       8
     17      23       6 
     20      13      22
          2       3 
--8<--
found: sum= 71.0000 var=  0.0000 fitness= 71.0000
-->8--
         23      11 
     24       5      19
      4      13      22 
 17       2       1      10
 18      21      20      15
      9      14       3 
      7      12       6
          8      16 
--8<--
found: sum= 74.0000 var=  0.0000 fitness= 74.0000
-->8--
         19       5 
     22      14      13
      8       7      18 
  9       4      17       1
 12      20      24      11
     21       2       3 
     10       6      23
         15      16 
--8<--
found: sum= 76.0000 var=  0.0000 fitness= 76.0000
-->8--
         24       3 
     15      21       8
      2       5      20 
 17       9      19      14
 12      23       4       1
     13      16      18 
      7       6      10
         11      22 
--8<--
found: sum= 78.0000 var=  0.0000 fitness= 78.0000
-->8--
         18       1 
     21      19      11
     12       2      23 
  8       6      22       5
 13      24       4      10
     15      20      14 
      3       7      16
          9      17 
--8<--
found: sum= 78.0000 var=  0.0000 fitness= 78.0000
-->8--
          5      14 
      2       8      13
     24      18      15 
  9      21      10      11
 20       1      12       7
      3      16      23 
     22      17       6
         19       4 
--8<--
found: sum= 75.0000 var=  0.0000 fitness= 75.0000
-->8--
         11      19 
      4      24      16
     22       2       9 
 15      12       5       7
  3      17      18      23
      6      21      13 
     20       1      14
         10       8 
--8<--
found: sum= 78.0000 var=  0.0000 fitness= 78.0000
-->8--
         14       5 
     17      16      10
     23       1      24 
 20       7      22       3
 11       8      19       4
      9      21       6 
     15      12       2
         13      18 
--8<--
found: sum= 77.0000 var=  0.0000 fitness= 77.0000
-->8--
         13       6 
     16      18      14
     20       2      22 
 19       8      15      10
  4      21       7      12
      5      24      11 
      1       9      23
         17       3 
--8<--
found: sum= 78.0000 var=  0.0000 fitness= 78.0000
-->8--
         23      15 
     11      13       4
      8      22      19 
 18       1       5       7
 20      21      17      14
     10      12      16 
      9      24       3
          2       6 
--8<--
found: sum= 72.0000 var=  0.0000 fitness= 72.0000
-->8--
         14      24 
     19       3      15
     11      21       8 
 12       4       1      10
  9      16      23      17
     20       7      13 
     18       5      22
          6       2 
--8<--
found: sum= 74.0000 var=  0.0000 fitness= 74.0000
-->8--
         14      17 
     22       8      16
     23       6       3 
 18       1      24       5
 12      13      21       2
      7       9      19 
     20      10       4
         15      11 
--8<--
found: sum= 81.0000 var=  0.0000 fitness= 81.0000
-->8--
          7       2 
      3      19       4
     20      15      23 
 11      17      18      14
 10       1       9      12
     22      21       5 
     13      16      24
          8       6 
--8<--
found: sum= 77.0000 var=  0.0000 fitness= 77.0000
-->8--
          2      15 
     19      21       3
     14      20       5 
 12       1      13       6
 23      10      11      18
     17      22      24 
     16       4       7
          8       9 
--8<--
found: sum= 76.0000 var=  0.0000 fitness= 76.0000
-->8--
         21       5 
     19      13       8
     18       4      24 
  9       1      22       3
 17      15      14       6
     16      20       7 
     12       2      23
         11      10 
--8<--
found: sum= 78.0000 var=  0.0000 fitness= 78.0000
-->8--
          3       5 
      6      22      18
     11      12      14 
  8      24       7       9
 10       2      16      13
     23      17      19 
     20       1      21
         15       4 
--8<--
found: sum= 73.0000 var=  0.0000 fitness= 73.0000
-->8--
         15       3 
     20       2      23
     17       8      24 
 16      11      13       6
 18       1      19       4
     10      21       7 
     22       5       9
         14      12 
--8<--
found: sum= 71.0000 var=  0.0000 fitness= 71.0000
-->8--
         20       8 
     21       3      17
      4      14      13 
 18       9      16       1
 12      23       7      15
      5       2      19 
      6      11      22
         24      10 
--8<--
found: sum= 81.0000 var=  0.0000 fitness= 81.0000
-->8--
          6      16 
      5      21       2
     18      14      15 
 11      17      13       1
 12      19       8      20
      4      10      24 
      3      23       7
         22       9 
--8<--
found: sum= 84.0000 var=  0.0000 fitness= 84.0000
-->8--
          3       6 
      1      23       4
     24      16      20 
  7      17      15      11
 13       9       5      12
     14      22      21 
      2      18       8
         19      10 
--8<--
execution time: real 0.222085s user 0.007998s sys 0.000999s
GA: P=50 K=10 sp=2 xover=2D/1 optrpl=2 optskip=10 optmax=1.142857
generation #89: pop m= 78.566 v= 51.491 f= 52.577 best_age=1
best: found: sum= 84.0000 var=  0.0000 fitness= 84.0000
-->8--
          3       6 
      1      23       4
     24      16      20 
  7      17      15      11
 13       9       5      12
     14      22      21 
      2      18       8
         19      10 
--8<--
found: sum= 81.0000 var=  0.0000 fitness= 81.0000
-->8--
          6      16 
      5      21       2
     18      14      15 
 11      17      13       1
 12      19       8      20
      4      10      24 
      3      23       7
         22       9 
--8<--
