found: sum= 77.0000 var=  0.0000 fitness= 77.0000
-->8--
          2      12 
      1      23      10
     14      24       5 
 20      13       3      19
 15       9      11      18
      6      17      21 
      7      16       8
         22       4 
--8<--
found: sum= 77.0000 var=  0.0000 fitness= 77.0000
-->8--
         20      11 
     19      12      14
      6       2      17 
  1      18      21      15
 13      23       9       5
     16       4      10 
      3      24      22
          7       8 
--8<--
found: sum= 78.0000 var=  0.0000 fitness= 78.0000
-->8--
         21      20 
      5      11       3
     22       2      23 
 18      17      19       1
  4      10       6      16
      7      24      13 
      8      14       9
         15      12 
--8<--
found: sum= 73.0000 var=  0.0000 fitness= 73.0000
-->8--
         20       1 
     18       3      16
     17       7      22 
 23       8      24      11
 14       5      10       2
      6      19       4 
      9      13      12
         21      15 
--8<--
found: sum= 75.0000 var=  0.0000 fitness= 75.0000
-->8--
         21       9 
      1       4      17
     20       5      18 
 12      24      22      15
  2      10       6      11
      7       8       3 
     13      23      16
         14      19 
--8<--
found: sum= 71.0000 var=  0.0000 fitness= 71.0000
-->8--
         24      19 
     14       2      20
      5      22       1 
  6       4       7      15
 23      16       9      21
     17      13      18 
     10      12      11
          3       8 
--8<--
found: sum= 77.0000 var=  0.0000 fitness= 77.0000
-->8--
          2       3 
     23       7      16
     10      20      17 
 21      15      14       6
  9       4       5      24
     18      19      11 
      1      22       8
         13      12 
--8<--
found: sum= 77.0000 var=  0.0000 fitness= 77.0000
-->8--
         23      17 
      8       1      22
     20       6      18 
  7      19      13      15
  5       2      16       3
     24      21      12 
      9      10      14
         11       4 
--8<--
found: sum= 76.0000 var=  0.0000 fitness= 76.0000
-->8--
         19      18 
      2      23      16
     24       3       1 
 14       5      15       4
 10      11      22      21
     12      20      13 
      9       7       8
         17       6 
--8<--
found: sum= 76.0000 var=  0.0000 fitness= 76.0000
-->8--
         22      17 
     15       5      21
     23       1      20 
 18      10      12       2
  3      13      24      14
      9      16       4 
      8      19       6
         11       7 
--8<--
found: sum= 77.0000 var=  0.0000 fitness= 77.0000
-->8--
         21      24 
     10      23       5
     15       1       2 
 18       7      22       4
  3      14      17      19
     20      16      13 
      9      12      11
          6       8 
--8<--
found: sum= 79.0000 var=  0.0000 fitness= 79.0000
-->8--
         16      17 
      6      24      13
     21      11      12 
  3       1       2      14
 15      20      23      18
     19      22      10 
      5       9       8
          4       7 
--8<--
found: sum= 74.0000 var=  0.0000 fitness= 74.0000
-->8--
         23      22 
     16       1      18
     13       4      21 
 15      17       8      19
  2       7      14       9
     20      24       3 
      5      12      10
          6      11 
--8<--
found: sum= 78.0000 var=  0.0000 fitness= 78.0000
-->8--
          4      13 
      5       6      12
     18      21      16 
  9      24      10       8
 14       2      20       7
     11       1      17 
     23      22       3
         19      15 
--8<--
found: sum= 73.0000 var=  0.0000 fitness= 73.0000
-->8--
         15      22 
      8       7      11
     13      18       5 
  9      12      10      19
 14      24       6      17
      1       3      16 
     20      23       4
          2      21 
--8<--
found: sum= 81.0000 var=  0.0000 fitness= 81.0000
-->8--
          6      11 
      2      22       4
     21      13       7 
  9      17      24      12
 15       5      19       1
     14       3      18 
     20      23       8
         16      10 
--8<--
execution time: real 0.035042s user 0.008998s sys 0.000000s
GA: P=50 K=10 sp=2 xover=2D/1 optrpl=2 optskip=10 optmax=1.142857
generation #33: pop m= 77.434 v= 58.286 f= 50.361 best_age=1
best: found: sum= 81.0000 var=  0.0000 fitness= 81.0000
-->8--
          6      11 
      2      22       4
     21      13       7 
  9      17      24      12
 15       5      19       1
     14       3      18 
     20      23       8
         16      10 
--8<--
found: sum= 77.0000 var=  0.0000 fitness= 77.0000
-->8--
          2      12 
      1      23      10
     14      24       5 
 20      13       3      19
 15       9      11      18
      6      17      21 
      7      16       8
         22       4 
--8<--
found: sum= 79.0000 var=  0.0000 fitness= 79.0000
-->8--
         16      17 
      6      24      13
     21      11      12 
  3       1       2      14
 15      20      23      18
     19      22      10 
      5       9       8
          4       7 
--8<--
found: sum= 78.0000 var=  0.0000 fitness= 78.0000
-->8--
          4      13 
      5       6      12
     18      21      16 
  9      24      10       8
 14       2      20       7
     11       1      17 
     23      22       3
         19      15 
--8<--
