found: sum= 72.0000 var=  0.0000 fitness= 72.0000
-->8--
         20      14 
     21       8      16
     12       2      17 
 19       9      15      11
  1      18      22       4
     13       6       3 
      5       7      24
         23      10 
--8<--
found: sum= 79.0000 var=  0.0000 fitness= 79.0000
-->8--
          5      22 
      4      12       3
     18      17      24 
  6      23       1       2
  9       7      21      20
     16      10      11 
     19      14      15
         13       8 
--8<--
found: sum= 76.0000 var=  0.0000 fitness= 76.0000
-->8--
         16       2 
      6      20      12
      8      21      18 
 19       5       3      17
  9      22      24       4
     13       1      10 
     15      11       7
         14      23 
--8<--
found: sum= 75.0000 var=  0.0000 fitness= 75.0000
-->8--
         13       9 
     21      22      17
      6       1       8 
 20      12      18      19
 10      23      14       5
      4       7      11 
      2      24       3
         15      16 
--8<--
found: sum= 80.0000 var=  0.0000 fitness= 80.0000
-->8--
          7       2 
     21      19      20
     14       8      15 
 12      11      16      18
  3      17      22       4
     23       6       5 
      1      24      13
          9      10 
--8<--
found: sum= 81.0000 var=  0.0000 fitness= 81.0000
-->8--
          2       3 
      5      22       9
     23       8      20 
  6      21      19       7
 12       4      18      16
     15      11       1 
     17      24      13
         10      14 
--8<--
found: sum= 81.0000 var=  0.0000 fitness= 81.0000
-->8--
          5      13 
      2      21       3
     18      15      10 
 11      20      19       7
  8       1      22      14
     23       4       9 
     17      24       6
         12      16 
--8<--
found: sum= 80.0000 var=  0.0000 fitness= 80.0000
-->8--
          5       4 
      6      10       7
     20      22      24 
 21      17      13       3
  2       1       9      15
     19      18      16 
     23      11      14
          8      12 
--8<--
found: sum= 78.0000 var=  0.0000 fitness= 78.0000
-->8--
         21      22 
      2       5       6
     19       7      20 
 17      24      18      11
  4       1      16       3
     13      12      10 
     14      23       9
         15       8 
--8<--
found: sum= 79.0000 var=  0.0000 fitness= 79.0000
-->8--
         19       4 
      9      12      17
     13      24      21 
  6       2       1      16
 15      20      22      11
     23      10       8 
      3      18      14
          5       7 
--8<--
found: sum= 77.0000 var=  0.0000 fitness= 77.0000
-->8--
          1      19 
     17      23       2
     10      20       8 
 22       6       5      16
  3      15      24      13
     21       7      11 
      4      12      14
         18       9 
--8<--
found: sum= 78.0000 var=  0.0000 fitness= 78.0000
-->8--
         17       3 
      9      12       8
     23      10      24 
 22       7      21       6
 14       1      20       5
     11      19       2 
     16      18      15
         13       4 
--8<--
found: sum= 73.0000 var=  0.0000 fitness= 73.0000
-->8--
         20       9 
     11       2      23
     17       5      24 
 16      18      10      15
  3       7      19       1
     12      14       4 
     21       6       8
         13      22 
--8<--
found: sum= 74.0000 var=  0.0000 fitness= 74.0000
-->8--
          2      24 
     14       9      19
     13      15       4 
  5      21       3      18
  6       7      20      17
     22       8      12 
     16      10       1
         11      23 
--8<--
found: sum= 75.0000 var=  0.0000 fitness= 75.0000
-->8--
         11       7 
      9      21       4
     15      16       5 
 20       3      22       6
 19       8      24      17
     10       2       1 
     14      23      12
         18      13 
--8<--
found: sum= 78.0000 var=  0.0000 fitness= 78.0000
-->8--
         20      11 
     14      21       1
      4      17      15 
 16       2      13      18
 23      24      10       3
      9      12      19 
      5      22       7
          6       8 
--8<--
found: sum= 76.0000 var=  0.0000 fitness= 76.0000
-->8--
         24       5 
     14       8      23
      7       1      20 
  6      22      19       9
 21       3      16       2
     17      15      10 
     12      18       4
         11      13 
--8<--
found: sum= 80.0000 var=  0.0000 fitness= 80.0000
-->8--
          6       1 
      5      18       2
     11      24      21 
 12      16      14      10
 15       3      19       9
     23       4       7 
     13      20       8
         17      22 
--8<--
found: sum= 76.0000 var=  0.0000 fitness= 76.0000
-->8--
         12       5 
     16      20      15
     19       8       4 
  9       1      24      17
 23      14       7       3
     10      22      21 
     11       6       2
         13      18 
--8<--
found: sum= 80.0000 var=  0.0000 fitness= 80.0000
-->8--
         20      16 
     10      13       6
     24      12      18 
  4       1      15       2
  9      23       7      17
     19      22      21 
      8       5      14
          3      11 
--8<--
found: sum= 78.0000 var=  0.0000 fitness= 78.0000
-->8--
          7      11 
      9      23      13
     16       2      15 
 12      21      14      17
  8       1      18       4
     20      22      10 
     24       6       3
          5      19 
--8<--
found: sum= 80.0000 var=  0.0000 fitness= 80.0000
-->8--
         21      11 
     18      13       7
     17      10      23 
 14       1      16       3
  5      24      20      12
     19       9       6 
      2      22       8
          4      15 
--8<--
found: sum= 70.0000 var=  0.0000 fitness= 70.0000
-->8--
         21      24 
     23       5      16
     11       4       2 
 12       6      19       3
 17      14       9      22
     10      18      15 
     20       7      13
          1       8 
--8<--
found: sum= 76.0000 var=  0.0000 fitness= 76.0000
-->8--
         23      11 
     21      17      15
      8       3      16 
 19       4      14       2
 20      18      13       9
      7      24      22 
      5      10       1
         12       6 
--8<--
found: sum= 75.0000 var=  0.0000 fitness= 75.0000
-->8--
          3       2 
     10       8      21
     13      24       5 
 14      17      15       4
 18       6      12      16
      7       1      23 
     20      19      11
         22       9 
--8<--
found: sum= 82.0000 var=  0.0000 fitness= 82.0000
-->8--
          3       9 
      2      21       4
     24      10      23 
 11      22      15       5
  6       1      20      12
     18      14       7 
     13      17       8
         19      16 
--8<--
found: sum= 77.0000 var=  0.0000 fitness= 77.0000
-->8--
         24       2 
     10      16      15
      3      13      23 
 18      11       8       1
 17      21       4      19
      7      20      22 
      9      14      12
          6       5 
--8<--
found: sum= 81.0000 var=  0.0000 fitness= 81.0000
-->8--
          2       8 
      3      16       9
     24      15      23 
  7      21      10       5
 19       4      11      18
      6      20      14 
     17      22       1
         12      13 
--8<--
found: sum= 75.0000 var=  0.0000 fitness= 75.0000
-->8--
         12      23 
     11      24       7
     17      10       5 
 15       1       6      21
  9      20      22      19
     13      16       2 
      8      14      18
          4       3 
--8<--
found: sum= 81.0000 var=  0.0000 fitness= 81.0000
-->8--
          5      11 
     10      22       2
     18       7      15 
  8      19      24       9
 12       1      13      14
     23      17       6 
      3      21      20
         16       4 
--8<--
found: sum= 74.0000 var=  0.0000 fitness= 74.0000
-->8--
         19       2 
     22      12      18
      1       6      16 
 17      14      20       4
 10      23       8       5
      9       3      21 
     15      11       7
         13      24 
--8<--
found: sum= 73.0000 var=  0.0000 fitness= 73.0000
-->8--
         16      17 
     13      15      24
     20       1       7 
 18       8       9      19
  5      12      21       6
     10      22      11 
      4       2      14
         23       3 
--8<--
found: sum= 76.0000 var=  0.0000 fitness= 76.0000
-->8--
         21       6 
     12      16      10
     13       5      24 
 14       9      15      11
 19      17      23       2
      4       7       1 
     18      22       3
          8      20 
--8<--
found: sum= 72.0000 var=  0.0000 fitness= 72.0000
-->8--
         20      10 
     23       9      15
      2       1      24 
 21      17      13       3
 14       7      22       4
     11      12       6 
     18       8      19
         16       5 
--8<--
found: sum= 79.0000 var=  0.0000 fitness= 79.0000
-->8--
          3       2 
      7      22      10
     14      17       4 
  5      16      24       9
 18      15       6      13
     11       1      23 
     12      21       8
         19      20 
--8<--
found: sum= 75.0000 var=  0.0000 fitness= 75.0000
-->8--
          6      12 
      5       4      13
     24      20      15 
 17      16      11       8
 10       7      18      14
      1       3       9 
     19      22       2
         23      21 
--8<--
found: sum= 77.0000 var=  0.0000 fitness= 77.0000
-->8--
          5      18 
      9      23       8
     22       3      13 
 14      15      12       7
  4      21      24      11
      1       2      10 
     17      16      19
         20       6 
--8<--
found: sum= 73.0000 var=  0.0000 fitness= 73.0000
-->8--
         13      11 
      3      20       8
      1      22       7 
 17      14       5      10
 23       2      21      24
     16       9       6 
     12      15      18
         19       4 
--8<--
found: sum= 77.0000 var=  0.0000 fitness= 77.0000
-->8--
         19      24 
      4      12      11
     16      21       1 
 17       5       8      18
  2      14      22      15
     23       7      13 
      3      20       9
         10       6 
--8<--
found: sum= 81.0000 var=  0.0000 fitness= 81.0000
-->8--
         11       3 
      6      24      18
      7      13      22 
 17      20       1       4
  2      12      19      21
     23      16      14 
     10      15       9
          5       8 
--8<--
found: sum= 78.0000 var=  0.0000 fitness= 78.0000
-->8--
          1      12 
     20      24      15
     10      16       2 
 21       7       9      13
  4      22      19      18
     14       5      17 
     11      23       6
          3       8 
--8<--
found: sum= 77.0000 var=  0.0000 fitness= 77.0000
-->8--
         10      13 
      5      22      11
      1      21       2 
 24      18       8      19
  3      14       9      16
     17       7      23 
     15      20       6
          4      12 
--8<--
found: sum= 79.0000 var=  0.0000 fitness= 79.0000
-->8--
          7      17 
      8      23       5
     16      19       3 
 15       6      12       4
 10      21      20      22
     11       1      18 
     13      24      14
          9       2 
--8<--
found: sum= 77.0000 var=  0.0000 fitness= 77.0000
-->8--
          7      17 
      6      24      11
     20      18       3 
 10       2       4      12
  9      22      16      23
     14      15      19 
     13       5      21
          8       1 
--8<--
found: sum= 83.0000 var=  0.0000 fitness= 83.0000
-->8--
          2      11 
      6      15       1
     22      17      19 
  4      21      20      13
 10       3      14       5
     23       8      12 
     16      24       7
          9      18 
--8<--
execution time: real 0.159429s user 0.006998s sys 0.003999s
GA: P=50 K=10 sp=2 xover=2D/1 optrpl=2 optskip=10 optmax=1.142857
generation #191: pop m= 79.123 v= 43.536 f= 55.717 best_age=1
best: found: sum= 83.0000 var=  0.0000 fitness= 83.0000
-->8--
          2      11 
      6      15       1
     22      17      19 
  4      21      20      13
 10       3      14       5
     23       8      12 
     16      24       7
          9      18 
--8<--
found: sum= 82.0000 var=  0.0000 fitness= 82.0000
-->8--
          3       9 
      2      21       4
     24      10      23 
 11      22      15       5
  6       1      20      12
     18      14       7 
     13      17       8
         19      16 
--8<--
found: sum= 81.0000 var=  0.0000 fitness= 81.0000
-->8--
         11       3 
      6      24      18
      7      13      22 
 17      20       1       4
  2      12      19      21
     23      16      14 
     10      15       9
          5       8 
--8<--
found: sum= 78.0000 var=  0.0000 fitness= 78.0000
-->8--
          1      12 
     20      24      15
     10      16       2 
 21       7       9      13
  4      22      19      18
     14       5      17 
     11      23       6
          3       8 
--8<--
