found: sum= 79.0000 var=  0.0000 fitness= 79.0000
-->8--
         11      10 
     14      24      23
     16      12       3 
  8       2       7       9
 13      21      20      22
     19      17      18 
      1      15       5
          6       4 
--8<--
found: sum= 76.0000 var=  0.0000 fitness= 76.0000
-->8--
         12      11 
     21       1      17
     16       2      22 
 13      24      23       4
  3       5      14       6
     15       8       7 
      9      19      10
         20      18 
--8<--
found: sum= 79.0000 var=  0.0000 fitness= 79.0000
-->8--
         15      18 
      8      24      11
     21      10       9 
 16       1       7      17
 13      22      19       4
      6      20      23 
     14      12       3
          5       2 
--8<--
found: sum= 77.0000 var=  0.0000 fitness= 77.0000
-->8--
          8      10 
      7      16       4
     21      14      15 
 19      11      18      12
 20       1       9      17
      5      24       6 
     23      22       3
          2      13 
--8<--
found: sum= 77.0000 var=  0.0000 fitness= 77.0000
-->8--
         19       7 
     20      10       9
      8      17      22 
 14       3      12       4
 15      16      24       2
     21       5      13 
     23      11      18
          1       6 
--8<--
found: sum= 78.0000 var=  0.0000 fitness= 78.0000
-->8--
         16      13 
      2       1       9
     17      18      23 
  5      24      14       6
  7      15       3      12
     10       4      20 
      8      19      11
         22      21 
--8<--
found: sum= 80.0000 var=  0.0000 fitness= 80.0000
-->8--
         13      18 
     16      24       9
     22       3       6 
 14       2      20      11
 10      15      19       1
     17      21      23 
     12       8       5
          7       4 
--8<--
found: sum= 76.0000 var=  0.0000 fitness= 76.0000
-->8--
         13       8 
     22       7      12
      1      24      23 
 18       9       2      20
 15      16       6       4
     17      19      21 
      3      11       5
         10      14 
--8<--
found: sum= 72.0000 var=  0.0000 fitness= 72.0000
-->8--
         20       3 
     15       2      24
     10       6      16 
 17      19      21      11
  5       8      14       9
     13       4       1 
      7      18      23
         22      12 
--8<--
found: sum= 81.0000 var=  0.0000 fitness= 81.0000
-->8--
          4      15 
      5      24       1
     17      18      12 
  9      13      11       3
  7      21      10      23
     14       8      22 
      2      16      19
         20       6 
--8<--
found: sum= 81.0000 var=  0.0000 fitness= 81.0000
-->8--
          5      12 
     17      20       3
     10       7      21 
  4      22      18      11
 19       2       9       8
     24      23      14 
      1      16       6
         15      13 
--8<--
found: sum= 78.0000 var=  0.0000 fitness= 78.0000
-->8--
         10      23 
      7      20       1
     21       3      16 
 18      17      15      19
  9       5      14       2
      8      24      12 
      6      13      11
         22       4 
--8<--
found: sum= 79.0000 var=  0.0000 fitness= 79.0000
-->8--
          9       3 
     18      24       7
     10      12      17 
 11       6      16      22
 13      19      21       2
     20       5       1 
      4      23      14
          8      15 
--8<--
found: sum= 81.0000 var=  0.0000 fitness= 81.0000
-->8--
         11       6 
      3      18       5
     14      23      21 
  2      12       8      15
 24       9       7      17
     20      22      13 
      1      19       4
         10      16 
--8<--
found: sum= 75.0000 var=  0.0000 fitness= 75.0000
-->8--
         15       9 
      7      23      17
     18      11      12 
  8       1       3      24
 13      19      20      14
     16      21       2 
     10       4      22
          5       6 
--8<--
found: sum= 78.0000 var=  0.0000 fitness= 78.0000
-->8--
         20      10 
     18      15       1
     11       5      24 
 12       9      23       3
 16      13      22       4
     17       6       2 
     14      21       8
          7      19 
--8<--
found: sum= 76.0000 var=  0.0000 fitness= 76.0000
-->8--
         16      21 
     18      22      19
     10       2       1 
  7       8      11      14
 12      15      17      13
     24      23      20 
      6       3       4
          5       9 
--8<--
found: sum= 78.0000 var=  0.0000 fitness= 78.0000
-->8--
         21      17 
      8      11      18
      9       6      22 
  5      23       4      12
 15       7      24       3
     19      14      13 
      2      16      10
         20       1 
--8<--
found: sum= 74.0000 var=  0.0000 fitness= 74.0000
-->8--
          9       1 
     10       3      20
     11      24      14 
  4      17      12      19
  8      13       6       7
     21       2      16 
     18       5      23
         15      22 
--8<--
found: sum= 73.0000 var=  0.0000 fitness= 73.0000
-->8--
         11       9 
     20       6      15
     21       7      23 
  5       8      13      14
 12      17       4      16
     10      24       3 
      1       2      22
         19      18 
--8<--
found: sum= 82.0000 var=  0.0000 fitness= 82.0000
-->8--
          9       2 
      8      16      10
     24      11      23 
 19      14      20       1
 13       5      17       3
      7      15      18 
     21      22       6
         12       4 
--8<--
execution time: real 0.075850s user 0.008998s sys 0.001999s
GA: P=50 K=10 sp=2 xover=2D/1 optrpl=2 optskip=10 optmax=1.142857
generation #76: pop m= 77.589 v= 65.891 f= 49.018 best_age=1
best: found: sum= 82.0000 var=  0.0000 fitness= 82.0000
-->8--
          9       2 
      8      16      10
     24      11      23 
 19      14      20       1
 13       5      17       3
      7      15      18 
     21      22       6
         12       4 
--8<--
found: sum= 81.0000 var=  0.0000 fitness= 81.0000
-->8--
          4      15 
      5      24       1
     17      18      12 
  9      13      11       3
  7      21      10      23
     14       8      22 
      2      16      19
         20       6 
--8<--
found: sum= 78.0000 var=  0.0000 fitness= 78.0000
-->8--
         16      13 
      2       1       9
     17      18      23 
  5      24      14       6
  7      15       3      12
     10       4      20 
      8      19      11
         22      21 
--8<--
found: sum= 73.0000 var=  0.0000 fitness= 73.0000
-->8--
         11       9 
     20       6      15
     21       7      23 
  5       8      13      14
 12      17       4      16
     10      24       3 
      1       2      22
         19      18 
--8<--
found: sum= 72.0000 var=  0.0000 fitness= 72.0000
-->8--
         20       3 
     15       2      24
     10       6      16 
 17      19      21      11
  5       8      14       9
     13       4       1 
      7      18      23
         22      12 
--8<--
found: sum= 79.0000 var=  0.0000 fitness= 79.0000
-->8--
         15      18 
      8      24      11
     21      10       9 
 16       1       7      17
 13      22      19       4
      6      20      23 
     14      12       3
          5       2 
--8<--
