found: sum=  0.0000 var=  0.0000 fitness=  0.0000
-->8--
         14      11 
     22       9      12
     20       2      24 
 17      10      19       1
  8      18       7       3
      4      21      23 
     13       5       6
         16      15 
--8<--
found: sum=  0.0000 var=  0.0000 fitness=  0.0000
-->8--
          4       1 
     22      12      13
     15      19      16 
  2      10      21      11
 17      18       8       3
     20       6      23 
      5      24       7
          9      14 
--8<--
found: sum=  0.0000 var=  0.0000 fitness=  0.0000
-->8--
         23       9 
      6      22      13
     11      10       2 
 16       5      21      15
  1      20      17       3
     24       4      19 
     14       7      12
          8      18 
--8<--
found: sum=  0.0000 var=  0.0000 fitness=  0.0000
-->8--
          4       9 
     23      20      11
     24       1      17 
 16       8      22      13
  3      10      21       2
     19      18       5 
      6      15       7
         12      14 
--8<--
found: sum=  0.0000 var=  0.0000 fitness=  0.0000
-->8--
         11      15 
     16       2      13
     18      24      10 
  3       7      14       6
 23       5      19      12
     22       9      17 
     20      21       4
          1       8 
--8<--
sum= 76.1429 var=  0.1224 fitness= 74.4286
-->8--
          2      13 
     21      24      16
     12      15       4 
 14       1       3      18
 17      22      11      19
      9      23      20 
     10       6       8
          5       7 
--8<--
sum= 75.8571 var=  0.1224 fitness= 74.1429
-->8--
          8      12 
     17       2      11
     23       5      21 
 22      20      24       9
  1       6       7       4
      3      13      10 
     18      16      14
         19      15 
--8<--
sum= 78.1429 var=  0.1224 fitness= 76.4286
-->8--
          4       1 
     22      12      13
     15      19      16 
  2      10      21      11
 17      18       8       3
     20       6      23 
      5      24      14
          9       7 
--8<--
sum= 77.2857 var=  0.2041 fitness= 75.0726
-->8--
         16       2 
     21       5      13
     23      10      22 
  8       1      24       4
 17      15       6       9
     12      20      11 
     19       7      14
          3      18 
--8<--
sum= 78.5714 var=  0.2449 fitness= 76.1471
-->8--
          9       1 
     22      19      14
     17       3      23 
 10       8      18       7
 15      12      24       2
     16      13       4 
     20      11       5
          6      21 
--8<--
sum= 77.7143 var=  0.2041 fitness= 75.5012
-->8--
         16       1 
     14      10      18
     20       3      24 
  2      15      22       9
 13      23       7       4
      5       8      12 
      6      19      21
         17      11 
--8<--
sum= 78.7143 var=  0.2041 fitness= 76.5012
-->8--
          3       1 
     20      23      17
     21       4      24 
 15       8      10      14
 11      19      16       2
      5      22      13 
      6       9       7
         18      12 
--8<--
sum= 74.2857 var=  0.2041 fitness= 72.0726
-->8--
         16      15 
     20       2      17
      9       5      10 
  1      19      22      11
 24      14       8      13
      4       3       7 
      6      23      12
         21      18 
--8<--
sum= 76.1429 var=  0.1224 fitness= 74.4286
-->8--
          5       1 
     17      20       3
      9      15      18 
 14      12      21      11
  8      22       2      19
     13       6       7 
     10      23      24
          4      16 
--8<--
sum= 79.5714 var=  0.2449 fitness= 77.1471
-->8--
         11      15 
     22      14      21
     17       1      10 
  2       8      12      16
 18      24      19       3
      4       9      13 
     23       7       5
          6      20 
--8<--
sum= 78.7143 var=  0.2041 fitness= 76.5012
-->8--
         12       3 
     10      16      17
     22       7      14 
 15       9      19      13
  5      21      18      11
      4       2       1 
      6      23      24
         20       8 
--8<--
sum= 76.2857 var=  0.2041 fitness= 74.0726
-->8--
         21       7 
     19       1       9
      8      14      18 
 20      10      24      11
 17      16       4       3
      2       5      13 
     12      23      22
         15       6 
--8<--
sum= 73.1429 var=  0.1224 fitness= 71.4286
-->8--
          4      13 
      6      20      17
     24       1      14 
  3      21      11      23
  7      19      15       5
      2       9       8 
     18      12      10
         16      22 
--8<--
sum= 73.8571 var=  0.1224 fitness= 72.1429
-->8--
          5       2 
      7      17      10
     16      18      12 
 11      15      19      21
  6      22       3       9
      8       1      14 
      4      23      24
         20      13 
--8<--
sum= 78.1429 var=  0.1224 fitness= 76.4286
-->8--
         17       2 
      5      18      12
     24       1      23 
 16      13      22       9
  7      15       6       4
      3      21      14 
     11       8      10
         20      19 
--8<--
sum= 68.8571 var=  0.1224 fitness= 67.1429
-->8--
         11       1 
      4      14      15
     13      20      24 
  2      18       6       7
  3      23       8      16
     21       5      19 
     10       9      17
         12      22 
--8<--
found: sum= 78.0000 var=  0.0000 fitness= 78.0000
-->8--
         19      10 
     23       1      12
     16      14      21 
 22       2      17       6
  9      18       4       3
      8      20      24 
     11       5       7
         13      15 
--8<--
sum= 82.1429 var=  0.1224 fitness= 80.4286
-->8--
          2      15 
     16      19      17
     13       9      11 
  8      22      10      12
  6      14       3      21
     18      23      24 
      5      20       4
          1       7 
--8<--
sum= 75.7143 var=  0.2041 fitness= 73.5012
-->8--
         10       7 
     11      23      12
     24       1      14 
 22       8      20      13
  3      18       9       4
      2      21      17 
     15       5      19
         16       6 
--8<--
sum= 79.4286 var=  0.5306 fitness= 75.8600
-->8--
         22       7 
     18      13      11
      9       3      24 
 14      10      17       2
 15      23      21       5
      4       1       6 
      8      19      12
         20      16 
--8<--
found: sum= 81.0000 var=  0.0000 fitness= 81.0000
-->8--
          5      14 
      6      13      17
     18      24      12 
 11      15       1       2
  8      10      22      21
     19       9      23 
     16      20       3
          7       4 
--8<--
sum= 77.1429 var=  0.1224 fitness= 75.4286
-->8--
          1       8 
     15      23       5
     22       4      18 
 19      17      24      12
  6       7       9       3
     11      21      16 
     13      20      14
         10       2 
--8<--
sum= 78.1429 var=  0.1224 fitness= 76.4286
-->8--
         21      10 
     23       3      17
      9       2      24 
  1      18      20       7
 11      22       8       4
     15       6      13 
      5      16      14
         12      19 
--8<--
sum= 74.5714 var=  0.2449 fitness= 72.1471
-->8--
         11       1 
      6      10      23
     12      21       9 
  2      18      14      20
 17       5      13       3
     24       7      19 
      4      16       8
         22      15 
--8<--
sum= 73.5714 var=  0.2449 fitness= 71.1471
-->8--
         19      15 
     22       1      10
     21      13      17 
  7       3      23      11
 16       8      14       2
     24      18      12 
      4      20       6
          5       9 
--8<--
sum= 74.4286 var=  0.2449 fitness= 72.0042
-->8--
          5       3 
      8      24       4
     19      13      20 
 12      16      21       1
 11      10      18       2
     17       7      23 
     15      22       9
         14       6 
--8<--
sum= 80.7143 var=  0.2041 fitness= 78.5012
-->8--
          5       3 
     10      22      17
     16       1      19 
 24      23      15       7
  8       4      13       9
      2      21      14 
     18      12       6
         20      11 
--8<--
sum= 82.7143 var=  0.2041 fitness= 80.5012
-->8--
         11      13 
     22       4      16
     12      23       9 
 18       3      10      21
 19      17      14       1
      6       8      20 
      5      24       2
         15       7 
--8<--
sum= 78.2857 var=  0.2041 fitness= 76.0726
-->8--
          2      12 
      3      13       6
     20      22       9 
 10      18      16      14
  8      17       4      11
      5       1      24 
     15      19       7
         21      23 
--8<--
sum= 75.1429 var=  0.1224 fitness= 73.4286
-->8--
          7      15 
     14      16      18
     23       8       1 
  2       9      19      11
 17       6      22       3
     20      13      21 
     10       4       5
         24      12 
--8<--
sum= 83.1429 var=  0.1224 fitness= 81.4286
-->8--
         18       1 
      5      17      16
     15       4      24 
 14      23      20       7
  9       2      12       6
     19      21      13 
      8      22       3
         10      11 
--8<--
sum= 81.7143 var=  0.2041 fitness= 79.5012
-->8--
         14       1 
     12      15      11
      5      21      22 
  4      13      10      20
 19      23       7       3
     16       6      18 
      2      24       8
          9      17 
--8<--
sum= 79.5714 var=  0.2449 fitness= 77.1471
-->8--
         10       2 
      9      18      23
     22      13       6 
 20       4      14      24
  1      17      21       8
     12       7       3 
      5      19      15
         16      11 
--8<--
sum= 75.1429 var=  0.1224 fitness= 73.4286
-->8--
         18      16 
     20       6      14
      2       9      12 
  8      17      15      10
 19       3      21       1
     23       7      13 
     11       4       5
         24      22 
--8<--
sum= 80.7143 var=  0.2041 fitness= 78.5012
-->8--
          7      15 
      2      10      11
     13      20      16 
 24      23       3       4
  5       9      14      21
      1       6      17 
     19      18       8
         22      12 
--8<--
sum= 75.1429 var=  0.4082 fitness= 72.0130
-->8--
         23      18 
      5       2      12
     21       7      22 
 13      19      16       4
  3       1      10      14
     20      24      11 
     17       9      15
          6       8 
--8<--
sum= 71.7143 var=  0.2041 fitness= 69.5012
-->8--
         16      11 
     21       2       4
     20      17      24 
 10       1      19       6
 15      23      12       3
      8       5      13 
     14      18       7
          9      22 
--8<--
found: sum= 78.0000 var=  0.0000 fitness= 78.0000
-->8--
          7      18 
     22       1      17
      5      23       3 
  6      12       8      14
 19      13      10      11
     15       4      24 
     16       2       9
         20      21 
--8<--
sum= 75.7143 var=  0.2041 fitness= 73.5012
-->8--
         17      15 
     10       1      16
      2      23      19 
 18      24       3       6
  4       8      14      13
     21       5      22 
     12      20       7
         11       9 
--8<--
sum= 79.5714 var=  0.8163 fitness= 75.1452
-->8--
          4       1 
      3      20      16
     21      17      24 
  9      18       5      23
  6      14      10       8
     15      19      13 
     11      22      12
          2       7 
--8<--
sum= 83.8571 var=  0.4082 fitness= 80.7273
-->8--
         20      18 
     11       2      16
     17       5      23 
 14      24      15      10
  4       1      12       6
     19      22      13 
      7      21       8
          9       3 
--8<--
sum= 83.2857 var=  0.2041 fitness= 81.0726
-->8--
         12      17 
     14      22       4
     24       1      23 
  8      10      16       6
  2      20      15       5
     19      21      18 
     11       9       7
          3      13 
--8<--
found: sum= 70.0000 var=  0.0000 fitness= 70.0000
-->8--
          2      12 
      3      13       6
     20      22       9 
 10      18      16      11
  8      17       4      14
      5       1      24 
     15      19       7
         21      23 
--8<--
sum= 77.8571 var=  0.1224 fitness= 76.1429
-->8--
          7      19 
      8       5       1
     15      20      23 
  9      24      11       4
  3       6       2      21
     22      16      18 
     10      12      17
         13      14 
--8<--
sum= 83.2857 var=  0.4898 fitness= 79.8571
-->8--
         10      17 
     15      12       6
     18       4      24 
 16      23      19       5
  3       2      13       7
     20      21      14 
      8      22      11
          9       1 
--8<--
sum= 73.8571 var=  0.1224 fitness= 72.1429
-->8--
         14       1 
     12      15      11
      5      21      22 
  4      13      10      20
 19      23       7       3
     16       6      18 
      2      24      17
          9       8 
--8<--
sum= 80.1429 var=  0.1224 fitness= 78.4286
-->8--
          1      16 
      3      24       4
     23      17      13 
 12      14       8      15
 11       2      19      18
     20      22       9 
      7      21       6
         10       5 
--8<--
sum= 76.1429 var=  0.1224 fitness= 74.4286
-->8--
         18      15 
     21       5      17
      9       4      24 
  1      16       8       7
 14      20       3      19
     13      22      12 
      6       2      23
         10      11 
--8<--
sum= 78.1429 var=  0.1224 fitness= 76.4286
-->8--
         19      14 
     22      21       8
     11       1      20 
 12       5      15      10
  4      23      18       3
     24      17      13 
      2       6       9
          7      16 
--8<--
sum= 77.7143 var=  0.2041 fitness= 75.5012
-->8--
          3      10 
      6      24      21
     17      14       9 
  4      16       2      22
  5      18      23      13
     20       7      11 
     15      19      12
          1       8 
--8<--
sum= 77.8571 var=  0.1224 fitness= 76.1429
-->8--
         20      11 
     21      13      18
     12       4      17 
  1       8      15       3
 16      19       9      10
     22      23      24 
      5       2       6
          7      14 
--8<--
sum= 83.5714 var=  0.5306 fitness= 80.0029
-->8--
          4       1 
      2      18      11
     23      17      14 
  8      19      22      12
  7      10       6       5
     16       9      24 
     15      20       3
         13      21 
--8<--
sum= 78.1429 var=  0.1224 fitness= 76.4286
-->8--
         12      11 
      6       2      14
     18      17      22 
 13      21      10      16
  7       8       1       3
      9      19      24 
     15       5       4
         20      23 
--8<--
found: sum= 78.0000 var=  0.0000 fitness= 78.0000
-->8--
         18      23 
     19       9      17
     24       1      16 
  2       8      13       5
  4      20      22      12
     21      15      11 
      6      14       7
          3      10 
--8<--
sum= 75.8571 var=  0.1224 fitness= 74.1429
-->8--
          4       5 
     10      15       6
     21      16      19 
 22      12      17      13
 11       3       7      14
      9      23       8 
     24      18       2
          1      20 
--8<--
sum= 83.0000 var=  0.8571 fitness= 78.4644
-->8--
         17       9 
     18      23      21
      7      10       5 
 14       1       8      12
 15      20      13      16
     19      24      22 
      3       4       2
          6      11 
--8<--
sum= 79.0000 var=  0.2857 fitness= 76.3814
-->8--
         10      18 
     22       7      17
      2      11      14 
 16      24       9      20
  6       5      19       1
     23       8      13 
     15      21      12
          4       3 
--8<--
sum= 81.7143 var=  0.2041 fitness= 79.5012
-->8--
          2       5 
     21       7      17
     12      10      11 
  6      22      24       3
 13       1       9      23
     20       8       4 
     15      16      18
         14      19 
--8<--
sum= 79.5714 var=  0.2449 fitness= 77.1471
-->8--
          2      18 
     19       3      21
     13      22       4 
 12      16       7      14
  1      10      11      15
     23       9      24 
      5       8       6
         20      17 
--8<--
sum= 78.1429 var=  0.1224 fitness= 76.4286
-->8--
         19      23 
      2       4      11
     20       9      16 
  5      24      15      17
  8       3      14       6
     18      13      10 
     21      22      12
          1       7 
--8<--
sum= 78.7143 var=  0.2041 fitness= 76.5012
-->8--
          1      17 
      2      19      10
     15      18       9 
  6      23       5      12
  4       8      21      20
     22       3      11 
      7      14      13
         24      16 
--8<--
sum= 79.5714 var=  0.2449 fitness= 77.1471
-->8--
          1      11 
      5      24       3
     21      15      23 
  6      14       4       8
 12       7      18      17
     20      22      10 
     16       2       9
         13      19 
--8<--
sum= 77.0000 var=  0.2857 fitness= 74.3814
-->8--
         14      24 
      3      16       4
     20      11       2 
 10      15      22      23
  8       7       6       9
     19      18      17 
      1      21       5
         13      12 
--8<--
sum= 84.5714 var=  0.2449 fitness= 82.1471
-->8--
          7      14 
      8      23       2
     22       9      24 
  5      16      13      11
  4      18      12      10
     20      17      15 
      6      21       1
          3      19 
--8<--
sum= 76.7143 var=  0.2041 fitness= 74.5012
-->8--
          3      10 
     22      15       2
      1      21      16 
 13      14      12       8
 18       7      17       4
     23       5      19 
     11       6       9
         24      20 
--8<--
sum= 82.1429 var=  0.1224 fitness= 80.4286
-->8--
          5       8 
      2      11       3
     17      23      19 
  9      22      16      13
  7       4      14       6
     21       1      12 
     10      20      15
         24      18 
--8<--
sum= 81.1429 var=  0.1224 fitness= 79.4286
-->8--
          5      15 
     11       2      13
     17      24      16 
 14      18       7      22
  3      19       1      10
      6       8      21 
     12      23       4
          9      20 
--8<--
found: sum= 76.0000 var=  0.0000 fitness= 76.0000
-->8--
         16       5 
     10      24       4
      2      23       8 
 21       1      12       3
 17      20      13      18
     15       7      22 
     11       9       6
         14      19 
--8<--
sum= 83.5714 var=  0.2449 fitness= 81.1471
-->8--
          8      14 
     10      23       2
     18       6      24 
  7      19      15      12
  3      17      11       9
     20      16      13 
      5      22       1
          4      21 
--8<--
sum= 78.1429 var=  0.1224 fitness= 76.4286
-->8--
          9       1 
      5      17      23
     24       8      18 
 14      19      15      11
  3       2      16      12
     20      22      10 
      4      21       7
         13       6 
--8<--
sum= 81.8571 var=  0.1224 fitness= 80.1429
-->8--
          6       1 
      4      16       9
     18      21      23 
 11      17      12      13
 10      19       8       2
      7       5      24 
     15      22       3
         14      20 
--8<--
sum= 82.7143 var=  0.2041 fitness= 80.5012
-->8--
          1      14 
      4      21       6
     20      22      16 
  3      13       2      23
  8      18       9       7
     19      17      24 
     12       5      15
         10      11 
--8<--
sum= 82.5714 var=  0.2449 fitness= 80.1471
-->8--
          6      10 
      4       5      13
     24      23      15 
 11      18      14       8
  3       7       2      21
     17      16      20 
      9      19       1
         12      22 
--8<--
sum= 79.1429 var=  0.4082 fitness= 76.0130
-->8--
         18       1 
     10       5      14
     13      12      24 
  2      20      22      15
 19       7       6       3
     17      11       8 
      4      23       9
         16      21 
--8<--
sum= 79.2857 var=  0.2041 fitness= 77.0726
-->8--
         17       2 
      4       1      18
     14      20      23 
 12      24      16       6
  5       3       7       9
     22      10      19 
     13      21      15
         11       8 
--8<--
sum= 83.2857 var=  0.2041 fitness= 81.0726
-->8--
         19      23 
     11       3       2
      8      20      24 
 12      16       5      13
 14       9      21       4
     18       6      10 
      7      22       1
         15      17 
--8<--
sum= 77.1429 var=  0.1224 fitness= 75.4286
-->8--
         17      11 
     10      18       9
     19       3      16 
  8      12      22       2
  7      13      23      15
     20       6       1 
      5      21      24
         14       4 
--8<--
sum= 74.8571 var=  0.1224 fitness= 73.1429
-->8--
         22      18 
      4       1       2
     23      17      24 
  8       7      12      11
 20      10       9       5
      6      19      13 
     21       3      14
         15      16 
--8<--
sum= 81.1429 var=  0.1224 fitness= 79.4286
-->8--
          5       2 
      8      23       9
     19      12      24 
 18      17      14      11
  6       4      15       7
     20      22      13 
      1      21      10
         16       3 
--8<--
found: sum= 82.0000 var=  0.0000 fitness= 82.0000
-->8--
          4       6 
      5      22       3
     18      13      23 
 14      21      16       8
 10       1      15      12
     19      17       9 
     20      24      11
          2       7 
--8<--
found: sum= 85.0000 var=  0.0000 fitness= 85.0000
-->8--
         14       2 
      4      23       5
     18       9      24 
 19      15      20      11
  7       8      10       6
     16      21      12 
     13      22       1
          3      17 
--8<--
sum= 75.8571 var=  0.1224 fitness= 74.1429
-->8--
          6      14 
      2      19       3
     12      24      22 
 13      20       1       4
  7      10      17      16
     21      11      23 
     15      18       9
          8       5 
--8<--
sum= 80.7143 var=  0.2041 fitness= 78.5012
-->8--
         24      21 
     14       1      13
     11       7      23 
  5      18      10      19
  6      15      16       4
     20       9       3 
     12      17       8
          2      22 
--8<--
found: sum= 75.0000 var=  0.0000 fitness= 75.0000
-->8--
          2      18 
     15      16       5
     24       1      23 
  7      22      17      19
  8       6      14       4
     13      20       3 
      9      21      12
         11      10 
--8<--
sum= 81.7143 var=  0.2041 fitness= 79.5012
-->8--
          2      15 
     11       9       5
     16      22      24 
 14      21       6      12
  3       7       8      18
     20      17      13 
     10      23       1
          4      19 
--8<--
sum= 79.1429 var=  0.1224 fitness= 77.4286
-->8--
         18      15 
      6      10      12
     16       9      24 
  2      22      11      21
  5      17       8       4
     19      14      13 
      7      23       3
          1      20 
--8<--
sum= 79.7143 var=  0.2041 fitness= 77.5012
-->8--
          3       2 
      5      12       6
     18      24      21 
  7      20      17      13
  4      11       9       8
     22       1      14 
     15      23      19
         10      16 
--8<--
sum= 84.1429 var=  0.1224 fitness= 82.4286
-->8--
          3      16 
     13      24      14
     15       4       2 
  9      19      18      11
  6       8       7      17
     21      22      23 
     12       5       1
         10      20 
--8<--
sum= 76.0000 var=  0.5714 fitness= 72.2967
-->8--
          8      12 
      5      22       2
     19      13      24 
 18      17      11      10
  6       4      16       9
     20      23      14 
      1      21       3
         15       7 
--8<--
execution time: real 0.375837s user 0.241963s sys 0.000999s
GA: P=50 K=25 sp=3 xover=2D/1
generation #41: pop m= 80.146 v=  0.167 f= 78.385 best_age=26
best: found: sum= 85.0000 var=  0.0000 fitness= 85.0000
-->8--
          7      14 
      8      23       2
     22       9      24 
  5      16      13      11
  4      18      12      10
     20      17      15 
      6      21       1
          3      19 
--8<--
found: sum= 80.0000 var=  0.0000 fitness= 80.0000
-->8--
         17       2 
      4       1      18
     14      20      23 
 12      24      16       6
  5       3       7       9
     22      10      19 
     13      21      15
         11       8 
--8<--
found: sum= 79.0000 var=  0.0000 fitness= 79.0000
-->8--
         17      11 
     10      18       9
     19       3      16 
  8      12      22       2
  7      13      23      15
     20       6       1 
      5      21      24
         14       4 
--8<--
found: sum= 78.0000 var=  0.0000 fitness= 78.0000
-->8--
          3      16 
     13      24      14
     15       4       2 
  9      19      18      11
  6       8       7      17
     21      22      23 
     12       5       1
         10      20 
--8<--
found: sum= 84.0000 var=  0.0000 fitness= 84.0000
-->8--
          5       2 
      8      23       9
     19      12      24 
 18      17      14      11
  6       4      15       7
     20      22      13 
      1      21      10
         16       3 
--8<--
found: sum= 84.0000 var=  0.0000 fitness= 84.0000
-->8--
          8      12 
      5      22       2
     19      13      24 
 18      17      11      10
  6       4      16       9
     20      23      14 
      1      21       3
         15       7 
--8<--
found: sum= 81.0000 var=  0.0000 fitness= 81.0000
-->8--
         18      15 
      6      10      12
     16       9      24 
  2      22      11      21
  5      17       8       4
     19      14      13 
      7      23       3
          1      20 
--8<--
found: sum= 82.0000 var=  0.0000 fitness= 82.0000
-->8--
          3       2 
      5      12       6
     18      24      21 
  7      20      17      13
  4      11       9       8
     22       1      14 
     15      23      19
         10      16 
--8<--
found: sum= 83.0000 var=  0.0000 fitness= 83.0000
-->8--
         14       2 
      4      23       5
     18       9      24 
 19      15      20      11
  7       8      10       6
     16      21      12 
     13      22       1
          3      17 
--8<--
found: sum= 78.0000 var=  0.0000 fitness= 78.0000
-->8--
         11      15 
     16       2      13
     18      24      10 
  3       7      14       6
 23       5      19      12
     22       9      17 
     20      21       4
          1       8 
--8<--
