execution time: real 1132.394135s user 27.102879s sys 7.671833s
generation #788538: pop v=68.168327 f=49.853774
best(455284) sum=86.14286 var= 0.12245 fitness=84.42857

          2       1 
     10      24      18
     23      11      19 
  4      16      13      12
  8      14      17       3
     21      15      22 
      9      21       5
          7       6 

sum=81.000000 var=0.000000

          2       1 
     10      24      18
     14      11      23 
  8      20       4      12
 19      13      17       3
      7      16      22 
      9      15       5
         21       6 

