found: sum= 76.0000 var=  0.0000 fitness= 76.0000
-->8--
         15      10 
     16       7      12
     19       5      18 
  4      14      24      11
 21       1       9       8
     17      23       6 
     20      13      22
          2       3 
--8<--
found: sum= 71.0000 var=  0.0000 fitness= 71.0000
-->8--
         23      11 
     24       5      19
      4      13      22 
 17       2       1      10
 18      21      20      15
      9      14       3 
      7      12       6
          8      16 
--8<--
found: sum= 74.0000 var=  0.0000 fitness= 74.0000
-->8--
         19       5 
     22      14      13
      8       7      18 
  9       4      17       1
 12      20      24      11
     21       2       3 
     10       6      23
         15      16 
--8<--
found: sum= 76.0000 var=  0.0000 fitness= 76.0000
-->8--
         24       3 
     15      21       8
      2       5      20 
 17       9      19      14
 12      23       4       1
     13      16      18 
      7       6      10
         11      22 
--8<--
found: sum= 78.0000 var=  0.0000 fitness= 78.0000
-->8--
         18       1 
     21      19      11
     12       2      23 
  8       6      22       5
 13      24       4      10
     15      20      14 
      3       7      16
          9      17 
--8<--
found: sum= 77.0000 var=  0.0000 fitness= 77.0000
-->8--
         14      13 
      3      20       8
     17      11      15 
  7      12      10      18
 21      16       6      23
      4      22       5 
      2      24       1
          9      19 
--8<--
found: sum= 76.0000 var=  0.0000 fitness= 76.0000
-->8--
         21       7 
      8      23      17
     18       2      11 
  1       4      16      10
 20      19      22      12
     14      13       5 
      6       9      24
         15       3 
--8<--
found: sum= 79.0000 var=  0.0000 fitness= 79.0000
-->8--
          9      17 
      3      23       2
     16      24       5 
 15       4       8      22
  7      18      11      13
     19      14      20 
     10      12      21
          6       1 
--8<--
execution time: real 0.051904s user 0.008998s sys 0.000999s
GA: P=50 K=10 sp=2 xover=2D/1 optrpl=2 optskip=10 optmax=1.142857
generation #13: pop m= 77.469 v= 50.662 f= 53.574 best_age=1
best: found: sum= 79.0000 var=  0.0000 fitness= 79.0000
-->8--
          9      17 
      3      23       2
     16      24       5 
 15       4       8      22
  7      18      11      13
     19      14      20 
     10      12      21
          6       1 
--8<--
found: sum= 76.0000 var=  0.0000 fitness= 76.0000
-->8--
         15      10 
     16       7      12
     19       5      18 
  4      14      24      11
 21       1       9       8
     17      23       6 
     20      13      22
          2       3 
--8<--
