found: sum= 73.0000 var=  0.0000 fitness= 73.0000 age=0
-->8--
         24      15 
      6      17       1
      8      16       3 
 22       2      21      13
 14       4      20       7
     23      10       9 
     12       5      11
         19      18 
--8<--
found: sum= 79.0000 var=  0.0000 fitness= 79.0000 age=0
-->8--
         22       8 
      2      18      21
     24       4      11 
  6       9      17       7
  1      16      20      19
     23      13       5 
      3      14      12
         10      15 
--8<--
found: sum= 72.0000 var=  0.0000 fitness= 72.0000 age=0
-->8--
         13      18 
      4      11       7
     19      10      17 
 16      15       9      22
 14       5      21       1
      3      12       2 
     24       8       6
         20      23 
--8<--
found: sum= 74.0000 var=  0.0000 fitness= 74.0000 age=0
-->8--
         13      19 
     22       9       1
     14      12      10 
 24       4      23      16
  6      21       3       7
      5      11      15 
     18      17      20
          2       8 
--8<--
found: sum= 75.0000 var=  0.0000 fitness= 75.0000 age=0
-->8--
         10      22 
     15      13       1
     11      17      20 
  6       9       2       8
 18      19      24      16
     12       4       5 
     23      14      21
          3       7 
--8<--
found: sum= 75.0000 var=  0.0000 fitness= 75.0000 age=0
-->8--
         20      17 
     24      21       3
      5       1      14 
 10       4      19       2
 22      23      13       9
     11      15      18 
      8       6       7
         12      16 
--8<--
found: sum= 80.0000 var=  0.0000 fitness= 80.0000 age=0
-->8--
          6       3 
     16      15       8
     22      10      23 
 24      11      21       5
  2       7      13       1
     14      18      17 
     12       9       4
         20      19 
--8<--
found: sum= 72.0000 var=  0.0000 fitness= 72.0000 age=0
-->8--
         23      21 
      4       3       8
     18      15      19 
 14       9       6      20
 17      13       5      10
      1      24      12 
     11       7      22
         16       2 
--8<--
found: sum= 76.0000 var=  0.0000 fitness= 76.0000 age=0
-->8--
          4       5 
     10      18      19
     12       8       3 
  9      24      23      20
  2      13       7       6
     16       1      17 
     11      14      22
         21      15 
--8<--
found: sum= 79.0000 var=  0.0000 fitness= 79.0000 age=0
-->8--
         17      20 
      1      23       4
     12       7      22 
 10      19       3      13
  5      18      21       6
     15      11      14 
      2       9       8
         24      16 
--8<--
found: sum= 73.0000 var=  0.0000 fitness= 73.0000 age=0
-->8--
          1       9 
     19       3      15
     14      23       5 
 10      13      18      20
 22       2       6      17
     12      11       7 
     16      24       4
          8      21 
--8<--
found: sum= 78.0000 var=  0.0000 fitness= 78.0000 age=0
-->8--
          3      11 
     10      24       5
     15      12       4 
 20      14      22       8
 16       7       2      19
      6      21      23 
     17      18       1
          9      13 
--8<--
found: sum= 80.0000 var=  0.0000 fitness= 80.0000 age=0
-->8--
         16      24 
     10      17       2
     23       3      13 
  1      11      21       5
  7      20      19       8
     18       6      14 
      9      15       4
         12      22 
--8<--
found: sum= 76.0000 var=  0.0000 fitness= 76.0000 age=0
-->8--
         15      11 
     20      16      10
      4       8      14 
  9      13      17       5
  3      24      12       6
     23       2      22 
      7       1      18
         19      21 
--8<--
found: sum= 73.0000 var=  0.0000 fitness= 73.0000 age=0
-->8--
          1       7 
     15       8      11
      9      19      18 
 16      21      10      12
 22       3       6      23
      2      14       4 
     17      24       5
         13      20 
--8<--
found: sum= 81.0000 var=  0.0000 fitness= 81.0000 age=0
-->8--
          2       5 
     14      17      11
      7      21      15 
 10      20      12      18
  8      13       9       3
     23       6      24 
      4      19       1
         16      22 
--8<--
found: sum= 80.0000 var=  0.0000 fitness= 80.0000 age=0
-->8--
         16       5 
      1      20       9
     24      17       8 
  6       2      21      13
 23       3      19       4
     22      18      15 
     14      11      10
         12       7 
--8<--
found: sum= 80.0000 var=  0.0000 fitness= 80.0000 age=0
-->8--
          1       9 
      5      22      18
     23       8      12 
  4      21      11      19
 10       2      14      17
     20      24       7 
      3      16      13
         15       6 
--8<--
found: sum= 76.0000 var=  0.0000 fitness= 76.0000 age=0
-->8--
          6      10 
     16      24       3
     11      12       8 
 21       7      19       4
 15       5      20      23
     17      13       2 
     14      18      22
          9       1 
--8<--
found: sum= 79.0000 var=  0.0000 fitness= 79.0000 age=0
-->8--
          6       2 
     13      24       3
      5      23       9 
 22       8      18      11
  7      16       4      20
     21      10      17 
     12      19      15
          1      14 
--8<--
found: sum= 78.0000 var=  0.0000 fitness= 78.0000 age=0
-->8--
         21       8 
     22       4      19
     15       3      20 
  5      13      24       6
 18      10      16       1
     17      12      11 
     14      23       7
          2       9 
--8<--
found: sum= 70.0000 var=  0.0000 fitness= 70.0000 age=0
-->8--
          6      11 
     17       3      16
      8      21       9 
 14      15      10       7
 24       4       1      20
      5      19      23 
     18       2      12
         22      13 
--8<--
found: sum= 71.0000 var=  0.0000 fitness= 71.0000 age=0
-->8--
         21       8 
     24       6      10
      3      13      23 
 15       4      11       1
 19      14      22       9
     16       7       5 
     12       2      18
         20      17 
--8<--
found: sum= 75.0000 var=  0.0000 fitness= 75.0000 age=0
-->8--
         20      18 
      2      14       9
     24      11      22 
  6       4       1      16
 17      21      23       8
      3      15       5 
     10       7      12
         19      13 
--8<--
found: sum= 74.0000 var=  0.0000 fitness= 74.0000 age=0
-->8--
         20       3 
     11       1      17
     23      14      18 
 16       5      21      12
 19       2      10       7
      9      22       6 
      4      13       8
         24      15 
--8<--
found: sum= 78.0000 var=  0.0000 fitness= 78.0000 age=0
-->8--
         11      22 
      6      14       1
     13      15      16 
 12      19      10      18
  9       4       7       3
     21      23      24 
     20       2       5
          8      17 
--8<--
found: sum= 79.0000 var=  0.0000 fitness= 79.0000 age=0
-->8--
          4       1 
      9      10      21
     23      13      22 
  3      20      12      19
 16       2       8       7
     15      24      11 
     18      14       5
          6      17 
--8<--
found: sum= 76.0000 var=  0.0000 fitness= 76.0000 age=0
-->8--
         14      17 
     22      13      11
     12       7       5 
 15       8      23      21
 16       1      18       3
     24      19       6 
      2      20       4
         10       9 
--8<--
found: sum= 72.0000 var=  0.0000 fitness= 72.0000 age=0
-->8--
         14       6 
     10      19       7
     15      12       4 
 16       2      24      11
 13       8       9      21
     18      17       3 
     23       1      20
          5      22 
--8<--
found: sum= 76.0000 var=  0.0000 fitness= 76.0000 age=0
-->8--
          9       8 
      3      13      24
     19      20       7 
  2      12       4      16
  6      14      11      21
     23      15      17 
      5       1      22
         18      10 
--8<--
found: sum= 73.0000 var=  0.0000 fitness= 73.0000 age=0
-->8--
          7       1 
     23      22      19
     12       3       4 
 18       6      24      14
 20      15       9       5
      2      16      17 
     11       8      13
         21      10 
--8<--
found: sum= 78.0000 var=  0.0000 fitness= 78.0000 age=0
-->8--
          1       2 
     19      11       7
     24      20      23 
 12       3      15      22
  8      18       5       4
     13      17       9 
      6      10      21
         14      16 
--8<--
found: sum= 78.0000 var=  0.0000 fitness= 78.0000 age=0
-->8--
         14      21 
      7       5      19
     24      20      11 
 18       8       2       9
  3      10      16      17
     15      22      23 
      6      12       4
         13       1 
--8<--
found: sum= 81.0000 var=  0.0000 fitness= 81.0000 age=0
-->8--
          2       1 
      7      10      20
     22      16      21 
 11      24      13      19
  8       4       6       5
     12      18      17 
     15      23       3
          9      14 
--8<--
found: sum= 74.0000 var=  0.0000 fitness= 74.0000 age=0
-->8--
          1      10 
     21       3       2
     20      22      13 
 17       7      24       5
 16       6      11       9
      8       4      12 
     19      14      15
         23      18 
--8<--
found: sum= 77.0000 var=  0.0000 fitness= 77.0000 age=0
-->8--
         20       3 
      7       6      13
      4      24      21 
  2      16      10       9
 22      14       8      17
     19       5      12 
     15      23      11
          1      18 
--8<--
found: sum= 83.0000 var=  0.0000 fitness= 83.0000 age=0
-->8--
         12      19 
      7      17      14
     21       8      24 
  2      18       1       5
  3      23      20      11
     16      13      22 
      6      15       9
         10       4 
--8<--
found: sum= 73.0000 var=  0.0000 fitness= 73.0000 age=0
-->8--
         23      22 
      6       5      19
     24       4      14 
  2      11       9      10
 20      13      15      18
      3      21       7 
      8      12      17
         16       1 
--8<--
found: sum= 85.0000 var=  0.0000 fitness= 85.0000 age=0
-->8--
          9       7 
      3      19      10
     24      13      16 
 14      17      20       1
  2       5      12      15
     23      18      21 
      6      22       4
         11       8 
--8<--
found: sum= 77.0000 var=  0.0000 fitness= 77.0000 age=0
-->8--
         10       1 
     20      21      15
     14       9       8 
 12       3      23       4
  6      18       7      22
     24      17      13 
     11       5      19
          2      16 
--8<--
found: sum= 72.0000 var=  0.0000 fitness= 72.0000 age=0
-->8--
         15       7 
     16       6      11
     13      21       5 
 18       1      22      20
 23      14       4      12
      3      10       9 
      2      24       8
         19      17 
--8<--
found: sum= 78.0000 var=  0.0000 fitness= 78.0000 age=0
-->8--
          1       3 
     17      24       4
     12      16      10 
  9       8      21      13
 22      20       2      14
      7      11      18 
     15      19      23
          6       5 
--8<--
found: sum= 77.0000 var=  0.0000 fitness= 77.0000 age=0
-->8--
         12       3 
      7      22       1
      5      16      18 
 14      15      17      13
  4      19       8      10
     20       2      11 
     21       9      23
          6      24 
--8<--
found: sum= 76.0000 var=  0.0000 fitness= 76.0000 age=0
-->8--
          3       7 
     20      24      22
     13      12       5 
 14       4       6      11
 10      16      15      21
     19      23      18 
      8       1      17
          9       2 
--8<--
found: sum= 82.0000 var=  0.0000 fitness= 82.0000 age=0
-->8--
         16       4 
      7      24      13
     20       9      15 
  1       6      17       3
 14      19       8      21
     22      23      18 
      5      11      12
          2      10 
--8<--
found: sum= 74.0000 var=  0.0000 fitness= 74.0000 age=0
-->8--
         15       5 
     19       6      23
     22       9      13 
 10       3      18      17
 12      16      21       1
     11       7       4 
      2      14       8
         24      20 
--8<--
found: sum= 81.0000 var=  0.0000 fitness= 81.0000 age=0
-->8--
         17       9 
      8      12      20
     19       1      18 
  5      24      21       2
  6       4      16      13
     23      15      11 
      7      22      14
         10       3 
--8<--
found: sum= 79.0000 var=  0.0000 fitness= 79.0000 age=0
-->8--
          4      19 
      3      23      14
     12      13       1 
  8      24       9      15
  7       6      16      18
     22      11      20 
      2      17      10
         21       5 
--8<--
execution time: real 0.202625s user 0.118981s sys 0.001999s
GA: P=1024 K=512 sp=2 xover=2D/1 aging
generation #1: pop m= 76.162 v=58.191 f= 49.292
best: found: sum= 85.0000 var=  0.0000 fitness= 85.0000 age=1
-->8--
          9       7 
      3      19      10
     24      13      16 
 14      17      20       1
  2       5      12      15
     23      18      21 
      6      22       4
         11       8 
--8<--
found: sum= 74.0000 var=  0.0000 fitness= 74.0000 age=1
-->8--
         20       3 
     11       1      17
     23      14      18 
 16       5      21      12
 19       2      10       7
      9      22       6 
      4      13       8
         24      15 
--8<--
found: sum= 76.0000 var=  0.0000 fitness= 76.0000 age=1
-->8--
          4       5 
     10      18      19
     12       8       3 
  9      24      23      20
  2      13       7       6
     16       1      17 
     11      14      22
         21      15 
--8<--
found: sum= 76.0000 var=  0.0000 fitness= 76.0000 age=1
-->8--
         15      11 
     20      16      10
      4       8      14 
  9      13      17       5
  3      24      12       6
     23       2      22 
      7       1      18
         19      21 
--8<--
found: sum= 75.0000 var=  0.0000 fitness= 75.0000 age=1
-->8--
         20      18 
      2      14       9
     24      11      22 
  6       4       1      16
 17      21      23       8
      3      15       5 
     10       7      12
         19      13 
--8<--
found: sum= 74.0000 var=  0.0000 fitness= 74.0000 age=1
-->8--
         15       5 
     19       6      23
     22       9      13 
 10       3      18      17
 12      16      21       1
     11       7       4 
      2      14       8
         24      20 
--8<--
found: sum= 72.0000 var=  0.0000 fitness= 72.0000 age=1
-->8--
         13      18 
      4      11       7
     19      10      17 
 16      15       9      22
 14       5      21       1
      3      12       2 
     24       8       6
         20      23 
--8<--
found: sum= 79.0000 var=  0.0000 fitness= 79.0000 age=1
-->8--
          6       2 
     13      24       3
      5      23       9 
 22       8      18      11
  7      16       4      20
     21      10      17 
     12      19      15
          1      14 
--8<--
found: sum= 79.0000 var=  0.0000 fitness= 79.0000 age=1
-->8--
         17      20 
      1      23       4
     12       7      22 
 10      19       3      13
  5      18      21       6
     15      11      14 
      2       9       8
         24      16 
--8<--
found: sum= 75.0000 var=  0.0000 fitness= 75.0000 age=1
-->8--
         20      17 
     24      21       3
      5       1      14 
 10       4      19       2
 22      23      13       9
     11      15      18 
      8       6       7
         12      16 
--8<--
found: sum= 73.0000 var=  0.0000 fitness= 73.0000 age=1
-->8--
         24      15 
      6      17       1
      8      16       3 
 22       2      21      13
 14       4      20       7
     23      10       9 
     12       5      11
         19      18 
--8<--
found: sum= 77.0000 var=  0.0000 fitness= 77.0000 age=1
-->8--
         10       1 
     20      21      15
     14       9       8 
 12       3      23       4
  6      18       7      22
     24      17      13 
     11       5      19
          2      16 
--8<--
found: sum= 78.0000 var=  0.0000 fitness= 78.0000 age=1
-->8--
         21       8 
     22       4      19
     15       3      20 
  5      13      24       6
 18      10      16       1
     17      12      11 
     14      23       7
          2       9 
--8<--
found: sum= 76.0000 var=  0.0000 fitness= 76.0000 age=1
-->8--
         14      17 
     22      13      11
     12       7       5 
 15       8      23      21
 16       1      18       3
     24      19       6 
      2      20       4
         10       9 
--8<--
found: sum= 73.0000 var=  0.0000 fitness= 73.0000 age=1
-->8--
          1       7 
     15       8      11
      9      19      18 
 16      21      10      12
 22       3       6      23
      2      14       4 
     17      24       5
         13      20 
--8<--
found: sum= 77.0000 var=  0.0000 fitness= 77.0000 age=1
-->8--
         20       3 
      7       6      13
      4      24      21 
  2      16      10       9
 22      14       8      17
     19       5      12 
     15      23      11
          1      18 
--8<--
found: sum= 80.0000 var=  0.0000 fitness= 80.0000 age=1
-->8--
         16       5 
      1      20       9
     24      17       8 
  6       2      21      13
 23       3      19       4
     22      18      15 
     14      11      10
         12       7 
--8<--
found: sum= 81.0000 var=  0.0000 fitness= 81.0000 age=1
-->8--
          2       1 
      7      10      20
     22      16      21 
 11      24      13      19
  8       4       6       5
     12      18      17 
     15      23       3
          9      14 
--8<--
found: sum= 71.0000 var=  0.0000 fitness= 71.0000 age=1
-->8--
         21       8 
     24       6      10
      3      13      23 
 15       4      11       1
 19      14      22       9
     16       7       5 
     12       2      18
         20      17 
--8<--
found: sum= 73.0000 var=  0.0000 fitness= 73.0000 age=1
-->8--
          1       9 
     19       3      15
     14      23       5 
 10      13      18      20
 22       2       6      17
     12      11       7 
     16      24       4
          8      21 
--8<--
found: sum= 78.0000 var=  0.0000 fitness= 78.0000 age=1
-->8--
          1       3 
     17      24       4
     12      16      10 
  9       8      21      13
 22      20       2      14
      7      11      18 
     15      19      23
          6       5 
--8<--
found: sum= 80.0000 var=  0.0000 fitness= 80.0000 age=1
-->8--
         16      24 
     10      17       2
     23       3      13 
  1      11      21       5
  7      20      19       8
     18       6      14 
      9      15       4
         12      22 
--8<--
found: sum= 80.0000 var=  0.0000 fitness= 80.0000 age=1
-->8--
          1       9 
      5      22      18
     23       8      12 
  4      21      11      19
 10       2      14      17
     20      24       7 
      3      16      13
         15       6 
--8<--
found: sum= 79.0000 var=  0.0000 fitness= 79.0000 age=1
-->8--
          4      19 
      3      23      14
     12      13       1 
  8      24       9      15
  7       6      16      18
     22      11      20 
      2      17      10
         21       5 
--8<--
found: sum= 76.0000 var=  0.0000 fitness= 76.0000 age=1
-->8--
          6      10 
     16      24       3
     11      12       8 
 21       7      19       4
 15       5      20      23
     17      13       2 
     14      18      22
          9       1 
--8<--
found: sum= 75.0000 var=  0.0000 fitness= 75.0000 age=1
-->8--
         10      22 
     15      13       1
     11      17      20 
  6       9       2       8
 18      19      24      16
     12       4       5 
     23      14      21
          3       7 
--8<--
found: sum= 70.0000 var=  0.0000 fitness= 70.0000 age=1
-->8--
          6      11 
     17       3      16
      8      21       9 
 14      15      10       7
 24       4       1      20
      5      19      23 
     18       2      12
         22      13 
--8<--
found: sum= 83.0000 var=  0.0000 fitness= 83.0000 age=1
-->8--
         12      19 
      7      17      14
     21       8      24 
  2      18       1       5
  3      23      20      11
     16      13      22 
      6      15       9
         10       4 
--8<--
found: sum= 78.0000 var=  0.0000 fitness= 78.0000 age=1
-->8--
         11      22 
      6      14       1
     13      15      16 
 12      19      10      18
  9       4       7       3
     21      23      24 
     20       2       5
          8      17 
--8<--
found: sum= 79.0000 var=  0.0000 fitness= 79.0000 age=1
-->8--
         22       8 
      2      18      21
     24       4      11 
  6       9      17       7
  1      16      20      19
     23      13       5 
      3      14      12
         10      15 
--8<--
found: sum= 72.0000 var=  0.0000 fitness= 72.0000 age=1
-->8--
         15       7 
     16       6      11
     13      21       5 
 18       1      22      20
 23      14       4      12
      3      10       9 
      2      24       8
         19      17 
--8<--
found: sum= 79.0000 var=  0.0000 fitness= 79.0000 age=1
-->8--
          4       1 
      9      10      21
     23      13      22 
  3      20      12      19
 16       2       8       7
     15      24      11 
     18      14       5
          6      17 
--8<--
found: sum= 76.0000 var=  0.0000 fitness= 76.0000 age=1
-->8--
          9       8 
      3      13      24
     19      20       7 
  2      12       4      16
  6      14      11      21
     23      15      17 
      5       1      22
         18      10 
--8<--
found: sum= 81.0000 var=  0.0000 fitness= 81.0000 age=1
-->8--
          2       5 
     14      17      11
      7      21      15 
 10      20      12      18
  8      13       9       3
     23       6      24 
      4      19       1
         16      22 
--8<--
found: sum= 81.0000 var=  0.0000 fitness= 81.0000 age=1
-->8--
         17       9 
      8      12      20
     19       1      18 
  5      24      21       2
  6       4      16      13
     23      15      11 
      7      22      14
         10       3 
--8<--
found: sum= 80.0000 var=  0.0000 fitness= 80.0000 age=1
-->8--
          6       3 
     16      15       8
     22      10      23 
 24      11      21       5
  2       7      13       1
     14      18      17 
     12       9       4
         20      19 
--8<--
found: sum= 73.0000 var=  0.0000 fitness= 73.0000 age=1
-->8--
         23      22 
      6       5      19
     24       4      14 
  2      11       9      10
 20      13      15      18
      3      21       7 
      8      12      17
         16       1 
--8<--
found: sum= 82.0000 var=  0.0000 fitness= 82.0000 age=1
-->8--
         16       4 
      7      24      13
     20       9      15 
  1       6      17       3
 14      19       8      21
     22      23      18 
      5      11      12
          2      10 
--8<--
found: sum= 76.0000 var=  0.0000 fitness= 76.0000 age=1
-->8--
          3       7 
     20      24      22
     13      12       5 
 14       4       6      11
 10      16      15      21
     19      23      18 
      8       1      17
          9       2 
--8<--
found: sum= 78.0000 var=  0.0000 fitness= 78.0000 age=1
-->8--
         14      21 
      7       5      19
     24      20      11 
 18       8       2       9
  3      10      16      17
     15      22      23 
      6      12       4
         13       1 
--8<--
found: sum= 74.0000 var=  0.0000 fitness= 74.0000 age=1
-->8--
         13      19 
     22       9       1
     14      12      10 
 24       4      23      16
  6      21       3       7
      5      11      15 
     18      17      20
          2       8 
--8<--
found: sum= 77.0000 var=  0.0000 fitness= 77.0000 age=1
-->8--
         12       3 
      7      22       1
      5      16      18 
 14      15      17      13
  4      19       8      10
     20       2      11 
     21       9      23
          6      24 
--8<--
found: sum= 73.0000 var=  0.0000 fitness= 73.0000 age=1
-->8--
          7       1 
     23      22      19
     12       3       4 
 18       6      24      14
 20      15       9       5
      2      16      17 
     11       8      13
         21      10 
--8<--
found: sum= 74.0000 var=  0.0000 fitness= 74.0000 age=1
-->8--
          1      10 
     21       3       2
     20      22      13 
 17       7      24       5
 16       6      11       9
      8       4      12 
     19      14      15
         23      18 
--8<--
found: sum= 72.0000 var=  0.0000 fitness= 72.0000 age=1
-->8--
         14       6 
     10      19       7
     15      12       4 
 16       2      24      11
 13       8       9      21
     18      17       3 
     23       1      20
          5      22 
--8<--
found: sum= 78.0000 var=  0.0000 fitness= 78.0000 age=1
-->8--
          1       2 
     19      11       7
     24      20      23 
 12       3      15      22
  8      18       5       4
     13      17       9 
      6      10      21
         14      16 
--8<--
found: sum= 72.0000 var=  0.0000 fitness= 72.0000 age=1
-->8--
         23      21 
      4       3       8
     18      15      19 
 14       9       6      20
 17      13       5      10
      1      24      12 
     11       7      22
         16       2 
--8<--
found: sum= 78.0000 var=  0.0000 fitness= 78.0000 age=1
-->8--
          3      11 
     10      24       5
     15      12       4 
 20      14      22       8
 16       7       2      19
      6      21      23 
     17      18       1
          9      13 
--8<--
