found: sum= 74.0000 var=  0.0000 fitness= 74.0000
-->8--
         20      18 
     24      12       5
     11       3      23 
 15       4      13       7
 22      21      16       6
      1      17       9 
     19      14       8
          2      10 
--8<--
found: sum= 80.0000 var=  0.0000 fitness= 80.0000
-->8--
          5       1 
      9      24      12
     16      20      13 
  7       6      10      11
  8      22       4      19
     21      18      23 
      2       3      17
         14      15 
--8<--
found: sum= 69.0000 var=  0.0000 fitness= 69.0000
-->8--
         13      14 
     22       1      18
      8      23       6 
 19       2       7      20
 11      24       3      12
      5      10      21 
      9       4      15
         17      16 
--8<--
found: sum= 73.0000 var=  0.0000 fitness= 73.0000
-->8--
         13       8 
     23      16      20
      3       1      18 
  7      17      10       4
 19      22      21      11
      5       2       9 
      6      14      12
         24      15 
--8<--
found: sum= 75.0000 var=  0.0000 fitness= 75.0000
-->8--
          7      18 
     23       3      14
     19      21       6 
  5       2      13      12
 15      24      11      16
     10       4      17 
      9      20      22
          8       1 
--8<--
found: sum= 75.0000 var=  0.0000 fitness= 75.0000
-->8--
         19       5 
     12       7      15
     18      13      24 
  1       6      11       4
 16      20       3      23
     14      22      10 
      8       2      17
          9      21 
--8<--
found: sum= 73.0000 var=  0.0000 fitness= 73.0000
-->8--
         23      13 
     24       6       5
      8      10      20 
 16       2      19       1
 12      17      22       7
     18       3       4 
     11       9      21
         15      14 
--8<--
found: sum= 75.0000 var=  0.0000 fitness= 75.0000
-->8--
         24      20 
      6       5      21
     22       1      19 
  2      17       9      12
 13      11      14      18
     10      23       3 
      7      16       4
          8      15 
--8<--
found: sum= 75.0000 var=  0.0000 fitness= 75.0000
-->8--
          9      18 
      5      24      21
     20       1       7 
  2      16       4      17
 12      22      13      23
      3      19      11 
     15      10       8
          6      14 
--8<--
found: sum= 75.0000 var=  0.0000 fitness= 75.0000
-->8--
         24       8 
     19      18      13
      7       2      11 
 12       5      23       9
 15      20       4       6
     16      21      22 
      3       1      17
         14      10 
--8<--
found: sum= 76.0000 var=  0.0000 fitness= 76.0000
-->8--
          6       1 
      5       8      20
     18      24      21 
 11      15       2       3
 16      12       9      22
      4      14      19 
     23      10      17
         13       7 
--8<--
found: sum= 81.0000 var=  0.0000 fitness= 81.0000
-->8--
          4       1 
      3      16      10
     23      21      18 
  9      14      15      11
  8      22       7       6
      5       2      24 
     13      19      12
         20      17 
--8<--
execution time: real 0.053601s user 0.006998s sys 0.000999s
GA: P=50 K=10 sp=2 xover=2D/1 optrpl=2 optskip=10 optmax=1.142857
generation #28: pop m= 77.349 v= 53.291 f= 54.034 best_age=1
best: found: sum= 81.0000 var=  0.0000 fitness= 81.0000
-->8--
          4       1 
      3      16      10
     23      21      18 
  9      14      15      11
  8      22       7       6
      5       2      24 
     13      19      12
         20      17 
--8<--
found: sum= 76.0000 var=  0.0000 fitness= 76.0000
-->8--
          6       1 
      5       8      20
     18      24      21 
 11      15       2       3
 16      12       9      22
      4      14      19 
     23      10      17
         13       7 
--8<--
found: sum= 80.0000 var=  0.0000 fitness= 80.0000
-->8--
          5       1 
      9      24      12
     16      20      13 
  7       6      10      11
  8      22       4      19
     21      18      23 
      2       3      17
         14      15 
--8<--
found: sum= 75.0000 var=  0.0000 fitness= 75.0000
-->8--
         24       8 
     19      18      13
      7       2      11 
 12       5      23       9
 15      20       4       6
     16      21      22 
      3       1      17
         14      10 
--8<--
found: sum= 75.0000 var=  0.0000 fitness= 75.0000
-->8--
         19       5 
     12       7      15
     18      13      24 
  1       6      11       4
 16      20       3      23
     14      22      10 
      8       2      17
          9      21 
--8<--
