found: sum= 84.0000 var=  0.0000 fitness= 84.0000
-->8--
         11      18 
      2      23       1
     21       8      20 
 13      19      14       6
  9      12      15       5
     10      16      24 
      7      22       3
         17       4 
--8<--
found: sum= 81.0000 var=  0.0000 fitness= 81.0000
-->8--
          1      14 
     16      13       5
     17      15      24 
  9      19      10       4
 18      11      20       2
      7       6      21 
     12      23       3
         22       8 
--8<--
found: sum= 84.0000 var=  0.0000 fitness= 84.0000
-->8--
         20      13 
      6      21       2
     12      11      22 
  7      14      15       3
  8      19      16       5
     24       9      23 
      4      18       1
         10      17 
--8<--
found: sum= 73.0000 var=  0.0000 fitness= 73.0000
-->8--
          4      12 
     17      19      20
      6      13       1 
 23      14       8       9
  3      16      15      22
     11       7      18 
     24      10      21
          5       2 
--8<--
found: sum= 82.0000 var=  0.0000 fitness= 82.0000
-->8--
         20      17 
     13      16      10
     24       6      14 
  8       3      19       9
  2      22      21       4
     23      11      15 
      7      18      12
          1       5 
--8<--
found: sum= 80.0000 var=  0.0000 fitness= 80.0000
-->8--
          7       6 
     14      10      12
     19      22      13 
 21       8      17      16
  1      20       9       2
     11       4      23 
     18      24      15
          3       5 
--8<--
found: sum= 81.0000 var=  0.0000 fitness= 81.0000
-->8--
          7      11 
      3      23       5
      9      17      10 
 16      22      15       4
  1      13      12      21
     20       2      19 
      8      24      18
         14       6 
--8<--
found: sum= 79.0000 var=  0.0000 fitness= 79.0000
-->8--
          1      12 
     24      10      15
     13      23      16 
 17       8       3       7
  2      19      21      18
     20       5      14 
      9      22      11
          4       6 
--8<--
found: sum= 76.0000 var=  0.0000 fitness= 76.0000
-->8--
          8       7 
      1      17      11
     21       9      13 
 14      20      19      22
  5       6       4       2
     10      18      16 
     24       3      12
         15      23 
--8<--
found: sum= 83.0000 var=  0.0000 fitness= 83.0000
-->8--
          2       3 
     18      14       9
     13      21      24 
 11      15      12      16
  1      20       8       4
     23       7      19 
      6      22      10
          5      17 
--8<--
found: sum= 77.0000 var=  0.0000 fitness= 77.0000
-->8--
          7      16 
      3      19      10
     11      22       9 
  2      15       1      13
 23      21      12      18
      5       6      24 
     20      17       4
          8      14 
--8<--
found: sum= 78.0000 var=  0.0000 fitness= 78.0000
-->8--
          2      12 
     14      24       4
      7       9       6 
 13      22      23      10
  5      15       1      18
     16       8      20 
     19      17      21
          3      11 
--8<--
found: sum= 72.0000 var=  0.0000 fitness= 72.0000
-->8--
          2      10 
     24       4      12
      8      23      22 
  9      11       1      20
 21      16      18       5
      7       3       6 
     14      13      15
         19      17 
--8<--
found: sum= 85.0000 var=  0.0000 fitness= 85.0000
-->8--
         12       4 
      5      23      14
     17      13      20 
  8      15      11       3
  2      21      18       9
     22       7      24 
      6      19      16
         10       1 
--8<--
execution time: real 9.505831s user 0.203968s sys 0.441932s
GA: P=50 K=10 sp=2 xover=2D/1 optrpl=2 optskip=10 optmax=1.142857
generation #42069: pop m= 77.591 v=115.381 f= 32.398 best_age=1
best: found: sum= 85.0000 var=  0.0000 fitness= 85.0000
-->8--
         12       4 
      5      23      14
     17      13      20 
  8      15      11       3
  2      21      18       9
     22       7      24 
      6      19      16
         10       1 
--8<--
