found: sum= 77.0000 var=  0.0000 fitness= 77.0000 age=0
-->8--
          4      12 
      6       5      13
     22      17      21 
  1      23       9      24
  8       3      11      10
     20      14       2 
     18      15      19
          7      16 
--8<--
found: sum= 76.0000 var=  0.0000 fitness= 76.0000 age=0
-->8--
          2       4 
     10      17      15
     22      18       9 
 24       7      13      11
  3      12       6      14
      8      20      23 
     19       1       5
         16      21 
--8<--
found: sum= 75.0000 var=  0.0000 fitness= 75.0000 age=0
-->8--
          9      10 
     23      22      19
      7       8      11 
 12       6       5      24
 17      15      20       2
     18      21      13 
      1       4      14
         16       3 
--8<--
found: sum= 81.0000 var=  0.0000 fitness= 81.0000 age=0
-->8--
         13      16 
      6      22      10
     24       1      14 
 17      15      18      12
  2      19       5      11
      4      23      21 
      8      20       3
          7       9 
--8<--
found: sum= 80.0000 var=  0.0000 fitness= 80.0000 age=0
-->8--
          1       9 
     20      16       8
     17      23      18 
 10       3       6       2
 24      14      21      11
     12      13      22 
     19      15       5
          7       4 
--8<--
found: sum= 75.0000 var=  0.0000 fitness= 75.0000 age=0
-->8--
          9      15 
     20      24       2
     13       4       7 
 11       5      23       1
 12      16      19      22
     18       8       3 
     17      10      14
          6      21 
--8<--
found: sum= 78.0000 var=  0.0000 fitness= 78.0000 age=0
-->8--
         23       2 
      6      24      20
      7       1      22 
  3      17       9       4
 21      14      18      15
     16      19      10 
     13      11      12
          5       8 
--8<--
found: sum= 77.0000 var=  0.0000 fitness= 77.0000 age=0
-->8--
         15      17 
      5      14      10
     22       2      21 
  1      19      13      18
 11       8      12       4
     16      23       9 
      7       3       6
         20      24 
--8<--
found: sum= 76.0000 var=  0.0000 fitness= 76.0000 age=0
-->8--
          5      12 
     24      23      16
     11       9       3 
 17       4      13       8
 19       7      22      20
     18      21      10 
      1      15       2
         14       6 
--8<--
found: sum= 75.0000 var=  0.0000 fitness= 75.0000 age=0
-->8--
         12       1 
      2      10      18
     16      13      14 
 21      22      19      11
  5       8       9       7
      3       4      15 
     20      17       6
         23      24 
--8<--
found: sum= 75.0000 var=  0.0000 fitness= 75.0000 age=0
-->8--
          1      10 
     17       5      24
     19      22       6 
 13      11       8      16
  3      14       2      20
     15      18      23 
     12       7      21
          9       4 
--8<--
found: sum= 76.0000 var=  0.0000 fitness= 76.0000 age=0
-->8--
         24      12 
     16       7       8
      5       6      21 
 11      18      22       1
 17       2      15       3
     23      13      14 
     19      10       4
          9      20 
--8<--
found: sum= 76.0000 var=  0.0000 fitness= 76.0000 age=0
-->8--
         19       6 
      5      16      24
     18      11      10 
  1       7       9       8
 17      13      22      15
     20      14      12 
     23       4      21
          2       3 
--8<--
found: sum= 78.0000 var=  0.0000 fitness= 78.0000 age=0
-->8--
         17      20 
      6      21       4
     22       1       8 
  7      11      24      10
  2      23       3      19
     13      16      14 
      5      12      18
          9      15 
--8<--
found: sum= 75.0000 var=  0.0000 fitness= 75.0000 age=0
-->8--
         16      15 
      3      18      10
     14       7      24 
  4      17       1       2
 11      21      20      23
      8       9       5 
     12       6      22
         19      13 
--8<--
found: sum= 79.0000 var=  0.0000 fitness= 79.0000 age=0
-->8--
          1       6 
     19      23       7
      3      20      21 
 22      13       2       9
 14      11      18       5
     16      15      24 
     17       8      10
         12       4 
--8<--
found: sum= 82.0000 var=  0.0000 fitness= 82.0000 age=0
-->8--
         16      11 
      1      24       4
     20      14      12 
 13       7      17      10
 15       5      18       2
     22      21      23 
     19       9       3
          6       8 
--8<--
found: sum= 79.0000 var=  0.0000 fitness= 79.0000 age=0
-->8--
         13       4 
      1      18      12
      8      22      14 
 15      17       9      11
  6      23       5      16
     10       3      24 
     20      21      19
          2       7 
--8<--
found: sum= 77.0000 var=  0.0000 fitness= 77.0000 age=0
-->8--
          9      17 
      8      23       2
      5      18      10 
 24      14       7      11
  1      13      21      16
     20       4      12 
      6      15       3
         19      22 
--8<--
found: sum= 78.0000 var=  0.0000 fitness= 78.0000 age=0
-->8--
         14       3 
      4      12      17
      5      21      23 
 20      22       2      11
  9      15      10      13
      7       8      19 
      6      24      16
         18       1 
--8<--
found: sum= 74.0000 var=  0.0000 fitness= 74.0000 age=0
-->8--
          3      11 
     13       5       9
     10      23      22 
 21      20       4      16
  6       2       7       8
     15      18      17 
     24       1      12
         14      19 
--8<--
found: sum= 78.0000 var=  0.0000 fitness= 78.0000 age=0
-->8--
          7      23 
     13      11      16
     19       6       4 
  9      22      18       2
  5       8      10      20
     15      14      24 
      3      17       1
         21      12 
--8<--
found: sum= 78.0000 var=  0.0000 fitness= 78.0000 age=0
-->8--
          1      15 
     22       2       3
     10      24      23 
 12      19      11       8
 13       6      14       5
     18       4      17 
     21      20       7
          9      16 
--8<--
found: sum= 76.0000 var=  0.0000 fitness= 76.0000 age=0
-->8--
          5       2 
     16       3      15
     10      24      19 
 17      18      13      23
  8      11       6       1
     12       4      14 
     20      22       9
          7      21 
--8<--
found: sum= 78.0000 var=  0.0000 fitness= 78.0000 age=0
-->8--
         20       7 
      6      10       8
     13      14      22 
 21      15      17       3
 11      16      12       5
      2       4      19 
     23      24       1
          9      18 
--8<--
found: sum= 72.0000 var=  0.0000 fitness= 72.0000 age=0
-->8--
         13      14 
     23       7      20
     10       8       4 
 18      11      19       9
  5      12       1      22
     16      21      17 
      2       6      24
         15       3 
--8<--
found: sum= 82.0000 var=  0.0000 fitness= 82.0000 age=0
-->8--
          8      13 
      7      15       2
     24      17      23 
  1      11      12      14
 10      16      21       3
     20       5       9 
     18      19      22
          4       6 
--8<--
found: sum= 76.0000 var=  0.0000 fitness= 76.0000 age=0
-->8--
         12      17 
     10       9      19
     18       3       6 
 14      24      22      21
  2       5      15       1
     13       7      11 
     20      23      16
          8       4 
--8<--
found: sum= 74.0000 var=  0.0000 fitness= 74.0000 age=0
-->8--
         11       1 
     21       9       7
      6      13      20 
 23      14      24       2
 10      16       3      17
      5       4       8 
     12      22      19
         15      18 
--8<--
found: sum= 78.0000 var=  0.0000 fitness= 78.0000 age=0
-->8--
         12       9 
      5      18       4
     11      10      23 
 19      22      14       3
 13       6       2      21
      7      24      15 
     17      16       1
          8      20 
--8<--
found: sum= 76.0000 var=  0.0000 fitness= 76.0000 age=0
-->8--
          3       1 
     22      18      23
      7       2      20 
  9      24      12       5
  6      19       4      21
     11      15      14 
     13      10      16
          8      17 
--8<--
found: sum= 74.0000 var=  0.0000 fitness= 74.0000 age=0
-->8--
         14       8 
     23       4      13
      3      18       9 
 15      12      22       6
  5      19       2      11
     20       1      24 
      7      10      21
         17      16 
--8<--
found: sum= 74.0000 var=  0.0000 fitness= 74.0000 age=0
-->8--
          9       4 
     12      21      15
     11      19       1 
 16       2      14       8
 18      10      24      20
     17       5       7 
      6      13      22
         23       3 
--8<--
found: sum= 74.0000 var=  0.0000 fitness= 74.0000 age=0
-->8--
         11      15 
      7       5      10
     18      19      16 
  3      14       9      12
 13       2       8      23
     24      22       6 
      4       1      17
         21      20 
--8<--
found: sum= 79.0000 var=  0.0000 fitness= 79.0000 age=0
-->8--
         10       3 
     15      22      13
     19       7      14 
 16       6      20       4
  8      12      23       1
     18      11      17 
      9       5       2
         24      21 
--8<--
found: sum= 80.0000 var=  0.0000 fitness= 80.0000 age=0
-->8--
          3       8 
      2      21      14
     24      17      19 
  6      13       1      11
  5      12      22      18
     20      15       9 
     16       7      23
         10       4 
--8<--
found: sum= 77.0000 var=  0.0000 fitness= 77.0000 age=0
-->8--
          2      21 
     22      19      13
      9       5       7 
 11      20      12      10
  6      23      16      14
      8       1      18 
     17      24      15
          4       3 
--8<--
found: sum= 75.0000 var=  0.0000 fitness= 75.0000 age=0
-->8--
         14       9 
     17      21      20
     15       2       7 
 18       6      16      24
 13      19      22       1
      4      10       5 
     11      23       3
          8      12 
--8<--
found: sum= 74.0000 var=  0.0000 fitness= 74.0000 age=0
-->8--
         13      11 
     23      10      20
      4       6      15 
 22      18      12       7
  1       5      17      14
     24      16       9 
      2       8      21
         19       3 
--8<--
found: sum= 77.0000 var=  0.0000 fitness= 77.0000 age=0
-->8--
         10       8 
      2       3      14
     24      20      15 
 19      18      17      11
  5       4      12       9
      7       6      13 
     16      23       1
         21      22 
--8<--
found: sum= 79.0000 var=  0.0000 fitness= 79.0000 age=0
-->8--
          1      17 
     20       7       3
     22      24      10 
 21       5      18      11
  4       8      15       2
     19       9      23 
     16      14      12
         13       6 
--8<--
found: sum= 76.0000 var=  0.0000 fitness= 76.0000 age=0
-->8--
         14      20 
      1      24       4
     22       9       2 
  7       6      17      13
 10      15      21      18
     16       8       5 
     23      11      19
          3      12 
--8<--
found: sum= 81.0000 var=  0.0000 fitness= 81.0000 age=0
-->8--
         21       9 
      4      20      18
     23       5      12 
 14       8      17      10
  3      22      16       2
     11      13      24 
      1      15       7
         19       6 
--8<--
found: sum= 79.0000 var=  0.0000 fitness= 79.0000 age=0
-->8--
         13       1 
     14       2      16
     21      17      24 
  7      12      19      11
  9      20       6       4
     10       5      15 
      3      23       8
         18      22 
--8<--
found: sum= 77.0000 var=  0.0000 fitness= 77.0000 age=0
-->8--
         11       1 
     21       5      17
      8      12      18 
 14      20      24       3
 13       7      10       6
     15       4      16 
     19      23       2
          9      22 
--8<--
found: sum= 77.0000 var=  0.0000 fitness= 77.0000 age=0
-->8--
         13      21 
     15      22       2
     17       1       7 
  3       9      24      16
 18      20      19       5
     10       4       6 
     12      23      11
          8      14 
--8<--
found: sum= 77.0000 var=  0.0000 fitness= 77.0000 age=0
-->8--
         20       4 
     12      24       2
      3      17      14 
 21       1      16      13
 11      19      18       9
     22       6       7 
      5      15       8
         10      23 
--8<--
found: sum= 75.0000 var=  0.0000 fitness= 75.0000 age=0
-->8--
         22      15 
     10      12       7
     11       3      24 
 18      17      14       5
  4      19      21       9
      6       1       2 
     16      20      23
         13       8 
--8<--
found: sum= 81.0000 var=  0.0000 fitness= 81.0000 age=0
-->8--
         23       6 
      3      21      17
     11       5      22 
 13      18      10      14
  4      16      20       7
     19      12       8 
      1      24       2
          9      15 
--8<--
found: sum= 76.0000 var=  0.0000 fitness= 76.0000 age=0
-->8--
          9      24 
     18       7      21
     23       4       1 
  8      15      19       2
  6      11      22      12
     13       5      20 
     17      16      10
         14       3 
--8<--
found: sum= 71.0000 var=  0.0000 fitness= 71.0000 age=0
-->8--
         24       1 
      3       9      17
      4      23      19 
 18       8       2      21
 16      20      12      10
      5       6       7 
     15      11      13
         14      22 
--8<--
found: sum= 69.0000 var=  0.0000 fitness= 69.0000 age=0
-->8--
         16      20 
     13       5      14
      4       7      21 
  8      24       2      18
 23       9      10      15
      1      17       3 
     12      11       6
         19      22 
--8<--
found: sum= 78.0000 var=  0.0000 fitness= 78.0000 age=0
-->8--
          5       6 
     24       8      10
     21      19      23 
  2       1      12       3
 16      20      22      11
     18       4       7 
      9      13      17
         14      15 
--8<--
found: sum= 75.0000 var=  0.0000 fitness= 75.0000 age=0
-->8--
         21      10 
     23      16      11
      6       8      12 
 15       1      18       9
 17      22       7       5
     14      19      24 
     13       3      20
          4       2 
--8<--
found: sum= 75.0000 var=  0.0000 fitness= 75.0000 age=0
-->8--
          9      15 
      2      20      13
     24       6       3 
  5      14      18      21
  8       7      19       4
     17      11      10 
     16       1      12
         23      22 
--8<--
found: sum= 75.0000 var=  0.0000 fitness= 75.0000 age=0
-->8--
          9      17 
     14      15       5
      7       6      20 
 21      24      12      23
  8       4      16       1
     11      13       3 
     10      19      22
         18       2 
--8<--
found: sum= 72.0000 var=  0.0000 fitness= 72.0000 age=0
-->8--
         16       5 
     10      23      19
     13       9       2 
 11       1      14      22
 20      24      18       4
      3       6      12 
     17       7      21
         15       8 
--8<--
found: sum= 78.0000 var=  0.0000 fitness= 78.0000 age=0
-->8--
          3       9 
      1      24       2
     21      15      20 
  4      14       8      10
 13      19      17      11
      7       5      12 
     23       6      22
         18      16 
--8<--
found: sum= 75.0000 var=  0.0000 fitness= 75.0000 age=0
-->8--
         15      20 
     19      12      13
     22       4      10 
  6       3      16      17
 21      18      23       7
      5      11       2 
      9      24       1
          8      14 
--8<--
found: sum= 71.0000 var=  0.0000 fitness= 71.0000 age=0
-->8--
         12      15 
     21       1       7
      6      23      22 
 24       8       3      11
 10      19       2      20
      4      16      13 
     18       9      14
          5      17 
--8<--
found: sum= 76.0000 var=  0.0000 fitness= 76.0000 age=0
-->8--
         18       5 
      2      22      13
      6      16      19 
  9      12       1      14
 17      21       3      24
     11      23      15 
     10       7      20
          4       8 
--8<--
found: sum= 77.0000 var=  0.0000 fitness= 77.0000 age=0
-->8--
         18      10 
     13       9      21
     12      22      14 
  2       3       1       4
 24      17      23      20
     19      11      15 
      8      16       5
          6       7 
--8<--
found: sum= 81.0000 var=  0.0000 fitness= 81.0000 age=0
-->8--
          8       1 
      3      21      10
     23       7      22 
  9      19      20       5
 12      16       4       6
      2      15      24 
     18      13      11
         17      14 
--8<--
found: sum= 73.0000 var=  0.0000 fitness= 73.0000 age=0
-->8--
         23      20 
     13      18       3
      9       2      11 
 12       8      19      17
 16      21       1      10
      7      22      15 
     14       5       6
          4      24 
--8<--
found: sum= 75.0000 var=  0.0000 fitness= 75.0000 age=0
-->8--
         24      19 
      9       3      23
     20       6      16 
  4      13       8       1
  5      15      21      22
     18      12       7 
      2      11      10
         17      14 
--8<--
found: sum= 79.0000 var=  0.0000 fitness= 79.0000 age=0
-->8--
          8      13 
     15       1      14
     10      23      19 
 17      22       9      12
  2       4       3      16
     24      18      20 
      5      21      11
          7       6 
--8<--
found: sum= 74.0000 var=  0.0000 fitness= 74.0000 age=0
-->8--
         23       7 
     10      11       8
     19       9      18 
 20       2      21      17
 16      14       4       1
      3      24      13 
     22       6      12
          5      15 
--8<--
found: sum= 80.0000 var=  0.0000 fitness= 80.0000 age=0
-->8--
          4      14 
      2      22       7
     19      15      17 
  1      18       5      21
  9      23      11       6
     10       8      20 
      3      12      16
         24      13 
--8<--
found: sum= 76.0000 var=  0.0000 fitness= 76.0000 age=0
-->8--
         23       6 
      4      24      18
      7       5      22 
  8      13       1      20
 16      21      19      12
     11      17       2 
     10      14      15
          3       9 
--8<--
found: sum= 74.0000 var=  0.0000 fitness= 74.0000 age=0
-->8--
          3      18 
     16       6      15
     21      11      10 
 12      17      14      22
  9       7       1       4
      8      24      23 
     13       2       5
         20      19 
--8<--
found: sum= 81.0000 var=  0.0000 fitness= 81.0000 age=0
-->8--
         24       3 
      9      12      10
     18      11      23 
 14       7      22       1
  6      21      16       2
     15       4      17 
      8      20       5
         13      19 
--8<--
found: sum= 78.0000 var=  0.0000 fitness= 78.0000 age=0
-->8--
         19      13 
      2      24       4
      5       7      14 
 15      21      16      10
  8      11       1      20
     18      22      17 
      6      12       3
          9      23 
--8<--
found: sum= 71.0000 var=  0.0000 fitness= 71.0000 age=0
-->8--
         19      17 
     10       2      18
     11       8      23 
 20      21       3       5
  1      14      12      22
      4      13       6 
     15       9      24
         16       7 
--8<--
found: sum= 79.0000 var=  0.0000 fitness= 79.0000 age=0
-->8--
          2       4 
     16      23       6
      3      17      24 
 20      18       5       9
  8      11       7      22
     19      21      12 
      1      14      15
         13      10 
--8<--
found: sum= 77.0000 var=  0.0000 fitness= 77.0000 age=0
-->8--
          5       4 
     21      17       8
      3       9      24 
 20      22      15       1
 19       6      12      14
      7      13      11 
     10      23       2
         18      16 
--8<--
found: sum= 77.0000 var=  0.0000 fitness= 77.0000 age=0
-->8--
          4       1 
     15      14       9
      3      23      22 
 20      18       8      10
 12       7      19      13
     17       2       5 
     11      24       6
         16      21 
--8<--
found: sum= 79.0000 var=  0.0000 fitness= 79.0000 age=0
-->8--
         17      18 
     10      24      16
     21       3       6 
  5       4      12      19
 14      15      22       7
     20      23      13 
      9      11       2
          1       8 
--8<--
found: sum= 76.0000 var=  0.0000 fitness= 76.0000 age=0
-->8--
         14       1 
      9      23       4
      3      19      17 
 15       8      12       6
 21      24      11      20
      5       2      10 
      7      22      18
         16      13 
--8<--
found: sum= 79.0000 var=  0.0000 fitness= 79.0000 age=0
-->8--
          9      18 
     11       3       7
     21      22      24 
 10      13       5      17
  1      14       2      16
     20      23      15 
      6      12      19
          4       8 
--8<--
found: sum= 74.0000 var=  0.0000 fitness= 74.0000 age=0
-->8--
         21      20 
      2       9      17
     10       8      19 
  3      24       1       6
 16       7      23      12
     14      11      13 
     22       5      18
         15       4 
--8<--
found: sum= 77.0000 var=  0.0000 fitness= 77.0000 age=0
-->8--
          9      10 
      6      16       4
     13      21       7 
 23      12      19      14
  3       2      15      17
     24       8       5 
     22      20      11
          1      18 
--8<--
found: sum= 74.0000 var=  0.0000 fitness= 74.0000 age=0
-->8--
          7      12 
     14       6      24
     23      11       2 
  8      13      19      18
 16       5      22       3
      9       4      10 
     15      20       1
         21      17 
--8<--
found: sum= 82.0000 var=  0.0000 fitness= 82.0000 age=0
-->8--
         12      14 
      1      20       9
     24       4      22 
  8      21      13       6
  3      10      19      17
     16      15       5 
     11      23       2
          7      18 
--8<--
found: sum= 76.0000 var=  0.0000 fitness= 76.0000 age=0
-->8--
         14      13 
      3      15      24
     23       9       5 
  7      12      10      21
  4      19       6      16
     11      20      18 
      1       8      22
         17       2 
--8<--
found: sum= 79.0000 var=  0.0000 fitness= 79.0000 age=0
-->8--
          1      10 
     21       2      16
     13      20      24 
  6      22       7       3
 15       9       4      18
     14      17      23 
     12      19       5
          8      11 
--8<--
found: sum= 83.0000 var=  0.0000 fitness= 83.0000 age=0
-->8--
         11       2 
      1      24       5
     12      14      22 
  9      21      16       7
  8      15      13       6
     18       4      19 
     23      20      10
          3      17 
--8<--
found: sum= 78.0000 var=  0.0000 fitness= 78.0000 age=0
-->8--
          4      11 
     18       8       3
     17      19      22 
 10      12      15      20
 13       2       9       7
     24      21       5 
      1      14      23
         16       6 
--8<--
found: sum= 74.0000 var=  0.0000 fitness= 74.0000 age=0
-->8--
         23       2 
     15      22      19
      9       4       3 
 16       1      24      11
 13      17      20      10
     18       8       6 
      5      12       7
         14      21 
--8<--
found: sum= 73.0000 var=  0.0000 fitness= 73.0000 age=0
-->8--
         22       2 
     16      14      21
      8       6      10 
 12       7      20       4
 18      13       3      19
     15      24      17 
     11       1      23
          9       5 
--8<--
found: sum= 80.0000 var=  0.0000 fitness= 80.0000 age=0
-->8--
          4       3 
     18      24      13
     17       5      21 
  2      12      14      16
 19       7      22       1
     23      20       6 
     11       9       8
         10      15 
--8<--
found: sum= 77.0000 var=  0.0000 fitness= 77.0000 age=0
-->8--
          5      13 
     12      24       4
      8      11       6 
  9      17      19      16
 18      22       1      14
      3       7      21 
     20      23      15
          2      10 
--8<--
found: sum= 72.0000 var=  0.0000 fitness= 72.0000 age=0
-->8--
         12       8 
     18       1      10
     14      20      17 
 21       7      16       9
 15      13       5       3
      2      11      22 
     19       4       6
         23      24 
--8<--
found: sum= 78.0000 var=  0.0000 fitness= 78.0000 age=0
-->8--
         13      11 
     14      24       6
      1       9       5 
 22      17      23      16
 10       8       3      12
     20      18      19 
      7      21      15
          4       2 
--8<--
found: sum= 79.0000 var=  0.0000 fitness= 79.0000 age=0
-->8--
         12       3 
      2      23      14
     19      17      13 
 16       6       9       7
  1      22      21      24
     15       4       5 
     10      20      11
          8      18 
--8<--
found: sum= 72.0000 var=  0.0000 fitness= 72.0000 age=0
-->8--
          1       7 
     20      17       9
     12      19       2 
 16       3      18      11
 21       5      13      24
     15      14       4 
     22      10      23
          6       8 
--8<--
found: sum= 74.0000 var=  0.0000 fitness= 74.0000 age=0
-->8--
         19       7 
     11      23       3
      8       1      24 
 21      12      16      17
 14      13      10       2
      6      22       5 
     20       4      15
          9      18 
--8<--
found: sum= 73.0000 var=  0.0000 fitness= 73.0000 age=0
-->8--
          4       7 
     19      17      24
     12       1       3 
 11      20      21      13
 14      10       5      22
      6      16       9 
      8      18      23
         15       2 
--8<--
found: sum= 78.0000 var=  0.0000 fitness= 78.0000 age=0
-->8--
         24      22 
      1      20      15
     10       9       5 
  2      14       7      12
 13      23      19      17
     16       6      18 
      8      21       3
          4      11 
--8<--
found: sum= 74.0000 var=  0.0000 fitness= 74.0000 age=0
-->8--
         22       4 
      3      21      18
      5       6      14 
 20      17      11      10
  1      23       2      24
      8      15      13 
     12       9      16
          7      19 
--8<--
found: sum= 77.0000 var=  0.0000 fitness= 77.0000 age=0
-->8--
         12      24 
      9       3      15
     22      11       8 
 13      20      16      23
  1       7       4       5
     14      19      21 
     18      17       6
          2      10 
--8<--
found: sum= 78.0000 var=  0.0000 fitness= 78.0000 age=0
-->8--
         12       7 
      4      10       9
     18      20      24 
 22      14       8      11
  6      16       5      17
      2      15      13 
      1      23       3
         21      19 
--8<--
found: sum= 78.0000 var=  0.0000 fitness= 78.0000 age=0
-->8--
          4      15 
      6      13      16
     23      11       9 
  1      21      14       7
  5      10       2      22
     18      20      24 
     19       3      17
          8      12 
--8<--
found: sum= 79.0000 var=  0.0000 fitness= 79.0000 age=0
-->8--
          1      13 
     24      19      17
     18      14      10 
  7       3       6       5
  8      21      23      20
     22      12      15 
      9      11      16
          4       2 
--8<--
found: sum= 79.0000 var=  0.0000 fitness= 79.0000 age=0
-->8--
          2      22 
      7      18       1
     23      14      21 
  9      15       3      20
  5      19      17       6
      8      11      12 
     24      13      16
          4      10 
--8<--
found: sum= 78.0000 var=  0.0000 fitness= 78.0000 age=0
-->8--
          7      14 
      5      22      12
      8      13      15 
 11      23       2       4
  1      17      20      16
     18       3      21 
     24       6      19
         10       9 
--8<--
found: sum= 75.0000 var=  0.0000 fitness= 75.0000 age=0
-->8--
         14       1 
     15      17      11
      5      16      18 
 23       8      12      19
  6       9      20       2
     24      10       4 
      3       7      21
         22      13 
--8<--
found: sum= 76.0000 var=  0.0000 fitness= 76.0000 age=0
-->8--
         16      22 
     20       5       7
      2      10      15 
  4      23      17       3
 12      11      14       6
     24       1      21 
      9      13       8
         18      19 
--8<--
found: sum= 79.0000 var=  0.0000 fitness= 79.0000 age=0
-->8--
          6      14 
      9      11       5
     20      15      24 
 17      18      10      22
  4      12       1       3
      8      23      19 
      7      13      21
         16       2 
--8<--
found: sum= 74.0000 var=  0.0000 fitness= 74.0000 age=0
-->8--
          2       9 
     15       4       6
     14      23      24 
 21      16       8      10
 11       5      19      12
      7       3       1 
     17      20      13
         22      18 
--8<--
found: sum= 78.0000 var=  0.0000 fitness= 78.0000 age=0
-->8--
         20       3 
      2      22      13
      6       7      15 
 11      21      18      12
 10      14       1       9
     16      17      23 
      4       8       5
         19      24 
--8<--
found: sum= 74.0000 var=  0.0000 fitness= 74.0000 age=0
-->8--
         12      24 
     20       7      18
     11       2       4 
  9      22      19       5
  3      13      10      21
     16       8      15 
      6      17       1
         14      23 
--8<--
found: sum= 83.0000 var=  0.0000 fitness= 83.0000 age=0
-->8--
          3      11 
      5      18       2
     23      15      24 
  8      19      13      17
  7       6      16       4
     20      14       9 
     12      21      22
         10       1 
--8<--
found: sum= 75.0000 var=  0.0000 fitness= 75.0000 age=0
-->8--
         20      17 
     23       3       1
     13      11      22 
 16       5      21       6
 19      12       2      15
     10      24       9 
      7      18       8
          4      14 
--8<--
found: sum= 78.0000 var=  0.0000 fitness= 78.0000 age=0
-->8--
         19      13 
      5      24      14
     22       1      17 
  8       7       9       2
  6      23      18      21
     12      20      11 
      3       4      15
         16      10 
--8<--
found: sum= 84.0000 var=  0.0000 fitness= 84.0000 age=0
-->8--
          4       9 
     15      24      13
     23       1      19 
  6      17      18       2
  5      12      20       3
     21      16      22 
     14      11       8
         10       7 
--8<--
found: sum= 73.0000 var=  0.0000 fitness= 73.0000 age=0
-->8--
         13       8 
     23       5      22
      3      19      12 
  6      10       7       1
 16      21      14      15
     17       2      24 
     18       4       9
         11      20 
--8<--
execution time: real 0.464346s user 0.292955s sys 0.000999s
GA: P=1024 K=512 sp=2 xover=2D/1 aging
generation #3: pop m= 78.260 v=0.191 f= 76.268
best: found: sum= 84.0000 var=  0.0000 fitness= 84.0000 age=1
-->8--
          4       9 
     15      24      13
     23       1      19 
  6      17      18       2
  5      12      20       3
     21      16      22 
     14      11       8
         10       7 
--8<--
found: sum= 77.0000 var=  0.0000 fitness= 77.0000 age=2
-->8--
         10       8 
      2       3      14
     24      20      15 
 19      18      17      11
  5       4      12       9
      7       6      13 
     16      23       1
         21      22 
--8<--
found: sum= 78.0000 var=  0.0000 fitness= 78.0000 age=2
-->8--
         19      13 
      2      24       4
      5       7      14 
 15      21      16      10
  8      11       1      20
     18      22      17 
      6      12       3
          9      23 
--8<--
found: sum= 74.0000 var=  0.0000 fitness= 74.0000 age=1
-->8--
         12      24 
     20       7      18
     11       2       4 
  9      22      19       5
  3      13      10      21
     16       8      15 
      6      17       1
         14      23 
--8<--
found: sum= 77.0000 var=  0.0000 fitness= 77.0000 age=3
-->8--
          2      21 
     22      19      13
      9       5       7 
 11      20      12      10
  6      23      16      14
      8       1      18 
     17      24      15
          4       3 
--8<--
found: sum= 78.0000 var=  0.0000 fitness= 78.0000 age=1
-->8--
         12       7 
      4      10       9
     18      20      24 
 22      14       8      11
  6      16       5      17
      2      15      13 
      1      23       3
         21      19 
--8<--
found: sum= 81.0000 var=  0.0000 fitness= 81.0000 age=2
-->8--
         24       3 
      9      12      10
     18      11      23 
 14       7      22       1
  6      21      16       2
     15       4      17 
      8      20       5
         13      19 
--8<--
found: sum= 79.0000 var=  0.0000 fitness= 79.0000 age=1
-->8--
          9      18 
     11       3       7
     21      22      24 
 10      13       5      17
  1      14       2      16
     20      23      15 
      6      12      19
          4       8 
--8<--
found: sum= 79.0000 var=  0.0000 fitness= 79.0000 age=1
-->8--
          2      22 
      7      18       1
     23      14      21 
  9      15       3      20
  5      19      17       6
      8      11      12 
     24      13      16
          4      10 
--8<--
found: sum= 73.0000 var=  0.0000 fitness= 73.0000 age=1
-->8--
         13       8 
     23       5      22
      3      19      12 
  6      10       7       1
 16      21      14      15
     17       2      24 
     18       4       9
         11      20 
--8<--
found: sum= 73.0000 var=  0.0000 fitness= 73.0000 age=1
-->8--
          4       7 
     19      17      24
     12       1       3 
 11      20      21      13
 14      10       5      22
      6      16       9 
      8      18      23
         15       2 
--8<--
found: sum= 82.0000 var=  0.0000 fitness= 82.0000 age=1
-->8--
         12      14 
      1      20       9
     24       4      22 
  8      21      13       6
  3      10      19      17
     16      15       5 
     11      23       2
          7      18 
--8<--
found: sum= 77.0000 var=  0.0000 fitness= 77.0000 age=3
-->8--
         15      17 
      5      14      10
     22       2      21 
  1      19      13      18
 11       8      12       4
     16      23       9 
      7       3       6
         20      24 
--8<--
found: sum= 78.0000 var=  0.0000 fitness= 78.0000 age=3
-->8--
         17      20 
      6      21       4
     22       1       8 
  7      11      24      10
  2      23       3      19
     13      16      14 
      5      12      18
          9      15 
--8<--
found: sum= 74.0000 var=  0.0000 fitness= 74.0000 age=1
-->8--
         19       7 
     11      23       3
      8       1      24 
 21      12      16      17
 14      13      10       2
      6      22       5 
     20       4      15
          9      18 
--8<--
found: sum= 75.0000 var=  0.0000 fitness= 75.0000 age=1
-->8--
         20      17 
     23       3       1
     13      11      22 
 16       5      21       6
 19      12       2      15
     10      24       9 
      7      18       8
          4      14 
--8<--
found: sum= 77.0000 var=  0.0000 fitness= 77.0000 age=1
-->8--
         12      24 
      9       3      15
     22      11       8 
 13      20      16      23
  1       7       4       5
     14      19      21 
     18      17       6
          2      10 
--8<--
found: sum= 78.0000 var=  0.0000 fitness= 78.0000 age=1
-->8--
          7      14 
      5      22      12
      8      13      15 
 11      23       2       4
  1      17      20      16
     18       3      21 
     24       6      19
         10       9 
--8<--
found: sum= 80.0000 var=  0.0000 fitness= 80.0000 age=3
-->8--
          3       8 
      2      21      14
     24      17      19 
  6      13       1      11
  5      12      22      18
     20      15       9 
     16       7      23
         10       4 
--8<--
found: sum= 75.0000 var=  0.0000 fitness= 75.0000 age=2
-->8--
         15      20 
     19      12      13
     22       4      10 
  6       3      16      17
 21      18      23       7
      5      11       2 
      9      24       1
          8      14 
--8<--
found: sum= 80.0000 var=  0.0000 fitness= 80.0000 age=3
-->8--
          1       9 
     20      16       8
     17      23      18 
 10       3       6       2
 24      14      21      11
     12      13      22 
     19      15       5
          7       4 
--8<--
found: sum= 78.0000 var=  0.0000 fitness= 78.0000 age=1
-->8--
         13      11 
     14      24       6
      1       9       5 
 22      17      23      16
 10       8       3      12
     20      18      19 
      7      21      15
          4       2 
--8<--
found: sum= 76.0000 var=  0.0000 fitness= 76.0000 age=1
-->8--
         14       1 
      9      23       4
      3      19      17 
 15       8      12       6
 21      24      11      20
      5       2      10 
      7      22      18
         16      13 
--8<--
found: sum= 76.0000 var=  0.0000 fitness= 76.0000 age=3
-->8--
          5       2 
     16       3      15
     10      24      19 
 17      18      13      23
  8      11       6       1
     12       4      14 
     20      22       9
          7      21 
--8<--
found: sum= 79.0000 var=  0.0000 fitness= 79.0000 age=2
-->8--
          2       4 
     16      23       6
      3      17      24 
 20      18       5       9
  8      11       7      22
     19      21      12 
      1      14      15
         13      10 
--8<--
found: sum= 82.0000 var=  0.0000 fitness= 82.0000 age=3
-->8--
         16      11 
      1      24       4
     20      14      12 
 13       7      17      10
 15       5      18       2
     22      21      23 
     19       9       3
          6       8 
--8<--
found: sum= 76.0000 var=  0.0000 fitness= 76.0000 age=2
-->8--
         23       6 
      4      24      18
      7       5      22 
  8      13       1      20
 16      21      19      12
     11      17       2 
     10      14      15
          3       9 
--8<--
found: sum= 75.0000 var=  0.0000 fitness= 75.0000 age=2
-->8--
         22      15 
     10      12       7
     11       3      24 
 18      17      14       5
  4      19      21       9
      6       1       2 
     16      20      23
         13       8 
--8<--
found: sum= 78.0000 var=  0.0000 fitness= 78.0000 age=3
-->8--
          1      15 
     22       2       3
     10      24      23 
 12      19      11       8
 13       6      14       5
     18       4      17 
     21      20       7
          9      16 
--8<--
found: sum= 78.0000 var=  0.0000 fitness= 78.0000 age=3
-->8--
          7      23 
     13      11      16
     19       6       4 
  9      22      18       2
  5       8      10      20
     15      14      24 
      3      17       1
         21      12 
--8<--
found: sum= 79.0000 var=  0.0000 fitness= 79.0000 age=2
-->8--
         13       1 
     14       2      16
     21      17      24 
  7      12      19      11
  9      20       6       4
     10       5      15 
      3      23       8
         18      22 
--8<--
found: sum= 72.0000 var=  0.0000 fitness= 72.0000 age=1
-->8--
         12       8 
     18       1      10
     14      20      17 
 21       7      16       9
 15      13       5       3
      2      11      22 
     19       4       6
         23      24 
--8<--
found: sum= 78.0000 var=  0.0000 fitness= 78.0000 age=1
-->8--
          4      15 
      6      13      16
     23      11       9 
  1      21      14       7
  5      10       2      22
     18      20      24 
     19       3      17
          8      12 
--8<--
found: sum= 83.0000 var=  0.0000 fitness= 83.0000 age=1
-->8--
          3      11 
      5      18       2
     23      15      24 
  8      19      13      17
  7       6      16       4
     20      14       9 
     12      21      22
         10       1 
--8<--
found: sum= 77.0000 var=  0.0000 fitness= 77.0000 age=2
-->8--
          5       4 
     21      17       8
      3       9      24 
 20      22      15       1
 19       6      12      14
      7      13      11 
     10      23       2
         18      16 
--8<--
found: sum= 78.0000 var=  0.0000 fitness= 78.0000 age=1
-->8--
          4      11 
     18       8       3
     17      19      22 
 10      12      15      20
 13       2       9       7
     24      21       5 
      1      14      23
         16       6 
--8<--
found: sum= 76.0000 var=  0.0000 fitness= 76.0000 age=2
-->8--
         18       5 
      2      22      13
      6      16      19 
  9      12       1      14
 17      21       3      24
     11      23      15 
     10       7      20
          4       8 
--8<--
found: sum= 76.0000 var=  0.0000 fitness= 76.0000 age=2
-->8--
         14      20 
      1      24       4
     22       9       2 
  7       6      17      13
 10      15      21      18
     16       8       5 
     23      11      19
          3      12 
--8<--
found: sum= 76.0000 var=  0.0000 fitness= 76.0000 age=3
-->8--
          2       4 
     10      17      15
     22      18       9 
 24       7      13      11
  3      12       6      14
      8      20      23 
     19       1       5
         16      21 
--8<--
found: sum= 76.0000 var=  0.0000 fitness= 76.0000 age=3
-->8--
         19       6 
      5      16      24
     18      11      10 
  1       7       9       8
 17      13      22      15
     20      14      12 
     23       4      21
          2       3 
--8<--
found: sum= 78.0000 var=  0.0000 fitness= 78.0000 age=3
-->8--
         23       2 
      6      24      20
      7       1      22 
  3      17       9       4
 21      14      18      15
     16      19      10 
     13      11      12
          5       8 
--8<--
found: sum= 77.0000 var=  0.0000 fitness= 77.0000 age=2
-->8--
         18      10 
     13       9      21
     12      22      14 
  2       3       1       4
 24      17      23      20
     19      11      15 
      8      16       5
          6       7 
--8<--
found: sum= 76.0000 var=  0.0000 fitness= 76.0000 age=3
-->8--
          3       1 
     22      18      23
      7       2      20 
  9      24      12       5
  6      19       4      21
     11      15      14 
     13      10      16
          8      17 
--8<--
found: sum= 78.0000 var=  0.0000 fitness= 78.0000 age=2
-->8--
          3       9 
      1      24       2
     21      15      20 
  4      14       8      10
 13      19      17      11
      7       5      12 
     23       6      22
         18      16 
--8<--
found: sum= 81.0000 var=  0.0000 fitness= 81.0000 age=2
-->8--
          8       1 
      3      21      10
     23       7      22 
  9      19      20       5
 12      16       4       6
      2      15      24 
     18      13      11
         17      14 
--8<--
found: sum= 81.0000 var=  0.0000 fitness= 81.0000 age=2
-->8--
         23       6 
      3      21      17
     11       5      22 
 13      18      10      14
  4      16      20       7
     19      12       8 
      1      24       2
          9      15 
--8<--
found: sum= 75.0000 var=  0.0000 fitness= 75.0000 age=2
-->8--
         21      10 
     23      16      11
      6       8      12 
 15       1      18       9
 17      22       7       5
     14      19      24 
     13       3      20
          4       2 
--8<--
found: sum= 72.0000 var=  0.0000 fitness= 72.0000 age=1
-->8--
          1       7 
     20      17       9
     12      19       2 
 16       3      18      11
 21       5      13      24
     15      14       4 
     22      10      23
          6       8 
--8<--
found: sum= 76.0000 var=  0.0000 fitness= 76.0000 age=3
-->8--
         12      17 
     10       9      19
     18       3       6 
 14      24      22      21
  2       5      15       1
     13       7      11 
     20      23      16
          8       4 
--8<--
found: sum= 75.0000 var=  0.0000 fitness= 75.0000 age=2
-->8--
          9      17 
     14      15       5
      7       6      20 
 21      24      12      23
  8       4      16       1
     11      13       3 
     10      19      22
         18       2 
--8<--
found: sum= 78.0000 var=  0.0000 fitness= 78.0000 age=1
-->8--
         24      22 
      1      20      15
     10       9       5 
  2      14       7      12
 13      23      19      17
     16       6      18 
      8      21       3
          4      11 
--8<--
found: sum= 77.0000 var=  0.0000 fitness= 77.0000 age=2
-->8--
         11       1 
     21       5      17
      8      12      18 
 14      20      24       3
 13       7      10       6
     15       4      16 
     19      23       2
          9      22 
--8<--
found: sum= 74.0000 var=  0.0000 fitness= 74.0000 age=1
-->8--
         23       2 
     15      22      19
      9       4       3 
 16       1      24      11
 13      17      20      10
     18       8       6 
      5      12       7
         14      21 
--8<--
found: sum= 79.0000 var=  0.0000 fitness= 79.0000 age=1
-->8--
         12       3 
      2      23      14
     19      17      13 
 16       6       9       7
  1      22      21      24
     15       4       5 
     10      20      11
          8      18 
--8<--
found: sum= 76.0000 var=  0.0000 fitness= 76.0000 age=1
-->8--
         16      22 
     20       5       7
      2      10      15 
  4      23      17       3
 12      11      14       6
     24       1      21 
      9      13       8
         18      19 
--8<--
found: sum= 77.0000 var=  0.0000 fitness= 77.0000 age=3
-->8--
          9      17 
      8      23       2
      5      18      10 
 24      14       7      11
  1      13      21      16
     20       4      12 
      6      15       3
         19      22 
--8<--
found: sum= 79.0000 var=  0.0000 fitness= 79.0000 age=2
-->8--
          8      13 
     15       1      14
     10      23      19 
 17      22       9      12
  2       4       3      16
     24      18      20 
      5      21      11
          7       6 
--8<--
found: sum= 78.0000 var=  0.0000 fitness= 78.0000 age=1
-->8--
         20       3 
      2      22      13
      6       7      15 
 11      21      18      12
 10      14       1       9
     16      17      23 
      4       8       5
         19      24 
--8<--
found: sum= 79.0000 var=  0.0000 fitness= 79.0000 age=3
-->8--
         10       3 
     15      22      13
     19       7      14 
 16       6      20       4
  8      12      23       1
     18      11      17 
      9       5       2
         24      21 
--8<--
found: sum= 74.0000 var=  0.0000 fitness= 74.0000 age=1
-->8--
          2       9 
     15       4       6
     14      23      24 
 21      16       8      10
 11       5      19      12
      7       3       1 
     17      20      13
         22      18 
--8<--
found: sum= 79.0000 var=  0.0000 fitness= 79.0000 age=1
-->8--
          6      14 
      9      11       5
     20      15      24 
 17      18      10      22
  4      12       1       3
      8      23      19 
      7      13      21
         16       2 
--8<--
found: sum= 78.0000 var=  0.0000 fitness= 78.0000 age=2
-->8--
          5       6 
     24       8      10
     21      19      23 
  2       1      12       3
 16      20      22      11
     18       4       7 
      9      13      17
         14      15 
--8<--
found: sum= 74.0000 var=  0.0000 fitness= 74.0000 age=1
-->8--
         21      20 
      2       9      17
     10       8      19 
  3      24       1       6
 16       7      23      12
     14      11      13 
     22       5      18
         15       4 
--8<--
found: sum= 79.0000 var=  0.0000 fitness= 79.0000 age=3
-->8--
         13       4 
      1      18      12
      8      22      14 
 15      17       9      11
  6      23       5      16
     10       3      24 
     20      21      19
          2       7 
--8<--
found: sum= 78.0000 var=  0.0000 fitness= 78.0000 age=3
-->8--
         20       7 
      6      10       8
     13      14      22 
 21      15      17       3
 11      16      12       5
      2       4      19 
     23      24       1
          9      18 
--8<--
found: sum= 77.0000 var=  0.0000 fitness= 77.0000 age=2
-->8--
         13      21 
     15      22       2
     17       1       7 
  3       9      24      16
 18      20      19       5
     10       4       6 
     12      23      11
          8      14 
--8<--
found: sum= 76.0000 var=  0.0000 fitness= 76.0000 age=3
-->8--
         24      12 
     16       7       8
      5       6      21 
 11      18      22       1
 17       2      15       3
     23      13      14 
     19      10       4
          9      20 
--8<--
found: sum= 78.0000 var=  0.0000 fitness= 78.0000 age=3
-->8--
         14       3 
      4      12      17
      5      21      23 
 20      22       2      11
  9      15      10      13
      7       8      19 
      6      24      16
         18       1 
--8<--
found: sum= 79.0000 var=  0.0000 fitness= 79.0000 age=1
-->8--
          1      10 
     21       2      16
     13      20      24 
  6      22       7       3
 15       9       4      18
     14      17      23 
     12      19       5
          8      11 
--8<--
found: sum= 77.0000 var=  0.0000 fitness= 77.0000 age=1
-->8--
          4       1 
     15      14       9
      3      23      22 
 20      18       8      10
 12       7      19      13
     17       2       5 
     11      24       6
         16      21 
--8<--
found: sum= 80.0000 var=  0.0000 fitness= 80.0000 age=2
-->8--
          4      14 
      2      22       7
     19      15      17 
  1      18       5      21
  9      23      11       6
     10       8      20 
      3      12      16
         24      13 
--8<--
found: sum= 77.0000 var=  0.0000 fitness= 77.0000 age=1
-->8--
          5      13 
     12      24       4
      8      11       6 
  9      17      19      16
 18      22       1      14
      3       7      21 
     20      23      15
          2      10 
--8<--
found: sum= 76.0000 var=  0.0000 fitness= 76.0000 age=1
-->8--
         14      13 
      3      15      24
     23       9       5 
  7      12      10      21
  4      19       6      16
     11      20      18 
      1       8      22
         17       2 
--8<--
found: sum= 75.0000 var=  0.0000 fitness= 75.0000 age=1
-->8--
         14       1 
     15      17      11
      5      16      18 
 23       8      12      19
  6       9      20       2
     24      10       4 
      3       7      21
         22      13 
--8<--
found: sum= 74.0000 var=  0.0000 fitness= 74.0000 age=1
-->8--
         22       4 
      3      21      18
      5       6      14 
 20      17      11      10
  1      23       2      24
      8      15      13 
     12       9      16
          7      19 
--8<--
found: sum= 78.0000 var=  0.0000 fitness= 78.0000 age=3
-->8--
         12       9 
      5      18       4
     11      10      23 
 19      22      14       3
 13       6       2      21
      7      24      15 
     17      16       1
          8      20 
--8<--
found: sum= 78.0000 var=  0.0000 fitness= 78.0000 age=1
-->8--
         19      13 
      5      24      14
     22       1      17 
  8       7       9       2
  6      23      18      21
     12      20      11 
      3       4      15
         16      10 
--8<--
found: sum= 77.0000 var=  0.0000 fitness= 77.0000 age=2
-->8--
         20       4 
     12      24       2
      3      17      14 
 21       1      16      13
 11      19      18       9
     22       6       7 
      5      15       8
         10      23 
--8<--
found: sum= 74.0000 var=  0.0000 fitness= 74.0000 age=1
-->8--
          7      12 
     14       6      24
     23      11       2 
  8      13      19      18
 16       5      22       3
      9       4      10 
     15      20       1
         21      17 
--8<--
found: sum= 76.0000 var=  0.0000 fitness= 76.0000 age=3
-->8--
          5      12 
     24      23      16
     11       9       3 
 17       4      13       8
 19       7      22      20
     18      21      10 
      1      15       2
         14       6 
--8<--
found: sum= 77.0000 var=  0.0000 fitness= 77.0000 age=1
-->8--
          9      10 
      6      16       4
     13      21       7 
 23      12      19      14
  3       2      15      17
     24       8       5 
     22      20      11
          1      18 
--8<--
found: sum= 83.0000 var=  0.0000 fitness= 83.0000 age=1
-->8--
         11       2 
      1      24       5
     12      14      22 
  9      21      16       7
  8      15      13       6
     18       4      19 
     23      20      10
          3      17 
--8<--
found: sum= 81.0000 var=  0.0000 fitness= 81.0000 age=3
-->8--
         13      16 
      6      22      10
     24       1      14 
 17      15      18      12
  2      19       5      11
      4      23      21 
      8      20       3
          7       9 
--8<--
found: sum= 79.0000 var=  0.0000 fitness= 79.0000 age=1
-->8--
          1      13 
     24      19      17
     18      14      10 
  7       3       6       5
  8      21      23      20
     22      12      15 
      9      11      16
          4       2 
--8<--
found: sum= 81.0000 var=  0.0000 fitness= 81.0000 age=2
-->8--
         21       9 
      4      20      18
     23       5      12 
 14       8      17      10
  3      22      16       2
     11      13      24 
      1      15       7
         19       6 
--8<--
found: sum= 79.0000 var=  0.0000 fitness= 79.0000 age=1
-->8--
         17      18 
     10      24      16
     21       3       6 
  5       4      12      19
 14      15      22       7
     20      23      13 
      9      11       2
          1       8 
--8<--
found: sum= 76.0000 var=  0.0000 fitness= 76.0000 age=2
-->8--
          9      24 
     18       7      21
     23       4       1 
  8      15      19       2
  6      11      22      12
     13       5      20 
     17      16      10
         14       3 
--8<--
found: sum= 80.0000 var=  0.0000 fitness= 80.0000 age=1
-->8--
          4       3 
     18      24      13
     17       5      21 
  2      12      14      16
 19       7      22       1
     23      20       6 
     11       9       8
         10      15 
--8<--
found: sum= 82.0000 var=  0.0000 fitness= 82.0000 age=3
-->8--
          8      13 
      7      15       2
     24      17      23 
  1      11      12      14
 10      16      21       3
     20       5       9 
     18      19      22
          4       6 
--8<--
found: sum= 79.0000 var=  0.0000 fitness= 79.0000 age=2
-->8--
          1      17 
     20       7       3
     22      24      10 
 21       5      18      11
  4       8      15       2
     19       9      23 
     16      14      12
         13       6 
--8<--
found: sum= 77.0000 var=  0.0000 fitness= 77.0000 age=3
-->8--
          4      12 
      6       5      13
     22      17      21 
  1      23       9      24
  8       3      11      10
     20      14       2 
     18      15      19
          7      16 
--8<--
found: sum= 75.0000 var=  0.0000 fitness= 75.0000 age=2
-->8--
         24      19 
      9       3      23
     20       6      16 
  4      13       8       1
  5      15      21      22
     18      12       7 
      2      11      10
         17      14 
--8<--
found: sum= 79.0000 var=  0.0000 fitness= 79.0000 age=3
-->8--
          1       6 
     19      23       7
      3      20      21 
 22      13       2       9
 14      11      18       5
     16      15      24 
     17       8      10
         12       4 
--8<--
found: sum= 73.0000 var=  0.0000 fitness= 73.0000 age=1
-->8--
         22       2 
     16      14      21
      8       6      10 
 12       7      20       4
 18      13       3      19
     15      24      17 
     11       1      23
          9       5 
--8<--
found: sum= 75.0000 var=  0.0000 fitness= 75.0000 age=2
-->8--
          9      15 
      2      20      13
     24       6       3 
  5      14      18      21
  8       7      19       4
     17      11      10 
     16       1      12
         23      22 
--8<--
