found: sum=  0.0000 var=  0.0000 fitness=  0.0000
-->8--
         22       1 
     13       4      12
      2      23      19 
 15      11      16      10
  9      14       5       7
     24       6      18 
      3       8      17
         20      21 
--8<--
found: sum=  0.0000 var=  0.0000 fitness=  0.0000
-->8--
         20       8 
     24      15      12
      6       3      19 
 13       5      16       1
 17      18      22      11
     14       9       4 
      2       7      10
         23      21 
--8<--
found: sum=  0.0000 var=  0.0000 fitness=  0.0000
-->8--
         17      23 
     11       1      10
      4      14      15 
  7      24       8      19
 12       3       2      18
     21      20       9 
     16       5      22
          6      13 
--8<--
found: sum=  0.0000 var=  0.0000 fitness=  0.0000
-->8--
          3      22 
      1      23       2
     14      15       9 
  7      21       6      24
 16      11       5      20
      8      19      13 
     17      18      10
          4      12 
--8<--
found: sum=  0.0000 var=  0.0000 fitness=  0.0000
-->8--
         15      19 
      2      21       3
     24       1      20 
 16      18      17      13
  6      10      12       8
      7      23      11 
     14      22       9
          5       4 
--8<--
found: sum=  0.0000 var=  0.0000 fitness=  0.0000
-->8--
         23      14 
      9       7       1
      2      24      17 
 18       8      10      19
 22       3      12      11
     20      16       4 
      6      15       5
         13      21 
--8<--
execution time: real 0.097885s user 0.016997s sys 0.000000s
GA: P=50 K=25 sp=3 xover=2D/1
generation #0: pop m= 76.691 v=  0.218 f= 74.626 best_age=0
best: sum= 83.5714 var=  0.2449 fitness= 81.1471
-->8--
          3      15 
      5      24       8
     20      13      21 
  6      19       2      14
  4      16      22       1
     18      12      23 
     10      11       7
         17       9 
--8<--
found: sum= 75.0000 var=  0.0000 fitness= 75.0000
-->8--
         22       1 
     13       4      12
      2      23      19 
 15      11      16      10
  9      14       5       7
     24       6      18 
      3       8      17
         20      21 
--8<--
found: sum= 73.0000 var=  0.0000 fitness= 73.0000
-->8--
         20       8 
     24      15      12
      6       3      19 
 13       5      16       1
 17      18      22      11
     14       9       4 
      2       7      10
         23      21 
--8<--
found: sum= 71.0000 var=  0.0000 fitness= 71.0000
-->8--
         17      23 
     11       1      10
      4      14      15 
  7      24       8      19
 12       3       2      18
     21      20       9 
     16       5      22
          6      13 
--8<--
found: sum= 77.0000 var=  0.0000 fitness= 77.0000
-->8--
          3      22 
      1      23       2
     14      15       9 
  7      21       6      24
 16      11       5      20
      8      19      13 
     17      18      10
          4      12 
--8<--
found: sum= 81.0000 var=  0.0000 fitness= 81.0000
-->8--
         15      19 
      2      21       3
     24       1      20 
 16      18      17      13
  6      10      12       8
      7      23      11 
     14      22       9
          5       4 
--8<--
found: sum= 73.0000 var=  0.0000 fitness= 73.0000
-->8--
         23      14 
      9       7       1
      2      24      17 
 18       8      10      19
 22       3      12      11
     20      16       4 
      6      15       5
         13      21 
--8<--
