found: sum= 78.0000 var=  0.0000 fitness= 78.0000 age=0
-->8--
          1       3 
     12      15       5
     23      20      22 
  8       7      13       9
 19      11       6      24
     10      21       4 
      2      16      17
         18      14 
--8<--
found: sum= 83.0000 var=  0.0000 fitness= 83.0000 age=0
-->8--
         17      15 
      2      19       8
     16      11      23 
  6      18       7      13
  9      22       5      14
     12      20      21 
      1      24       3
          4      10 
--8<--
found: sum= 85.0000 var=  0.0000 fitness= 85.0000 age=0
-->8--
          2       6 
      4      21      11
     24      20      17 
 12      14      10       9
  5       7      15      16
     23      19      18 
      1      22       8
         13       3 
--8<--
found: sum= 82.0000 var=  0.0000 fitness= 82.0000 age=0
-->8--
         12       2 
      5      19      17
     18       8      22 
  1      20      14       6
  9      11      16       3
     23      13      21 
     24       7      15
          4      10 
--8<--
execution time: real 0.775625s user 0.057991s sys 0.000999s
jsgmd24: M=7 A=2 B=3 P=512 K=256 sp=3 xover=2D/3 mut=6 replace_worst=51 aging explosion=128@0.005000*128 swap=2 hexspin=2
generation #4: pop m= 81.846 v=2.225 f= 75.432
best: found: sum= 85.0000 var=  0.0000 fitness= 85.0000 age=1
-->8--
          2       6 
      4      21      11
     24      20      17 
 12      14      10       9
  5       7      15      16
     23      19      18 
      1      22       8
         13       3 
--8<--
found: sum= 82.0000 var=  0.0000 fitness= 82.0000 age=1
-->8--
         12       2 
      5      19      17
     18       8      22 
  1      20      14       6
  9      11      16       3
     23      13      21 
     24       7      15
          4      10 
--8<--
found: sum= 78.0000 var=  0.0000 fitness= 78.0000 age=3
-->8--
          1       3 
     12      15       5
     23      20      22 
  8       7      13       9
 19      11       6      24
     10      21       4 
      2      16      17
         18      14 
--8<--
found: sum= 83.0000 var=  0.0000 fitness= 83.0000 age=1
-->8--
         17      15 
      2      19       8
     16      11      23 
  6      18       7      13
  9      22       5      14
     12      20      21 
      1      24       3
          4      10 
--8<--
