found: sum= 78.0000 var=  0.0000 fitness= 78.0000
-->8--
         10       7 
     23      24      14
     18       2      16 
 19       1      15       9
  3      17      21      13
     20      22       4 
      6       8      12
          5      11 
--8<--
found: sum= 78.0000 var=  0.0000 fitness= 78.0000
-->8--
         12       1 
      7      24      21
     15       4      18 
 14      16      10      13
  5      17       8       9
     11      23      20 
      3       2      19
         22       6 
--8<--
found: sum= 71.0000 var=  0.0000 fitness= 71.0000
-->8--
         11       2 
     24       7      21
      6      19      17 
  8       4       5      14
 20      18      22      12
     15       3       1 
     16       9      13
         10      23 
--8<--
found: sum= 76.0000 var=  0.0000 fitness= 76.0000
-->8--
         21      13 
     22      10      15
      9       2      19 
 16      12      17       5
 14      18      23       1
      7       4      11 
     20      24       8
          3       6 
--8<--
found: sum= 73.0000 var=  0.0000 fitness= 73.0000
-->8--
         19      20 
     11       9      15
     21       1      10 
 22      12      18       8
 13       2      17      14
      3      23       6 
     24      16       4
          5       7 
--8<--
found: sum= 78.0000 var=  0.0000 fitness= 78.0000
-->8--
          8       1 
     10      24      15
     12       2      23 
  3      22      13       7
  9      21       4      17
     11      16      14 
      5       6      18
         19      20 
--8<--
found: sum= 80.0000 var=  0.0000 fitness= 80.0000
-->8--
          4      13 
      1      22      14
     12      24       2 
 11      17       5      15
  9      10      16      19
     21       8      23 
     18      20       7
          3       6 
--8<--
execution time: real 0.034361s user 0.007998s sys 0.000000s
GA: P=50 K=10 sp=2 xover=2D/1 optrpl=2 optskip=10 optmax=1.142857
generation #29: pop m= 77.620 v= 45.138 f= 54.014 best_age=1
best: found: sum= 80.0000 var=  0.0000 fitness= 80.0000
-->8--
          4      13 
      1      22      14
     12      24       2 
 11      17       5      15
  9      10      16      19
     21       8      23 
     18      20       7
          3       6 
--8<--
found: sum= 78.0000 var=  0.0000 fitness= 78.0000
-->8--
         10       7 
     23      24      14
     18       2      16 
 19       1      15       9
  3      17      21      13
     20      22       4 
      6       8      12
          5      11 
--8<--
found: sum= 78.0000 var=  0.0000 fitness= 78.0000
-->8--
         12       1 
      7      24      21
     15       4      18 
 14      16      10      13
  5      17       8       9
     11      23      20 
      3       2      19
         22       6 
--8<--
