found: sum= 76.0000 var=  0.0000 fitness= 76.0000 age=0
-->8--
          5      12 
     21      15       7
     10      14       4 
 17      11      24       2
 16      13       8      18
      9       6      20 
     23      22      19
          3       1 
--8<--
found: sum= 75.0000 var=  0.0000 fitness= 75.0000 age=0
-->8--
         22      16 
     23       4       9
     12      11      15 
  5       3      20      21
 14      24      10       1
     17       7       8 
      6      19      13
          2      18 
--8<--
found: sum= 77.0000 var=  0.0000 fitness= 77.0000 age=0
-->8--
         20      13 
      6      21       7
     24       1      19 
 12       5      16       3
 10      15      22       9
     11      18       8 
     17       2      23
         14       4 
--8<--
found: sum= 75.0000 var=  0.0000 fitness= 75.0000 age=0
-->8--
         23      22 
      8       1       2
     15       9      24 
  6      19      17       3
 20       5       7      11
     10      18      13 
     16      12      21
         14       4 
--8<--
found: sum= 77.0000 var=  0.0000 fitness= 77.0000 age=0
-->8--
          2       4 
     21      18      10
      6      22       3 
 24       8      20      13
  9      14       1      17
     16      12      23 
      5      19      15
         11       7 
--8<--
found: sum= 77.0000 var=  0.0000 fitness= 77.0000 age=0
-->8--
         24       6 
      1      13      14
     22      12      11 
 20       5      21       2
  3      23       7      19
      4       9      17 
     15      18      10
          8      16 
--8<--
found: sum= 78.0000 var=  0.0000 fitness= 78.0000 age=0
-->8--
         15       1 
     18      22       7
      8      11      14 
 17       4      23       5
 19      10       9       3
     20      21      24 
     13       2      16
         12       6 
--8<--
found: sum= 75.0000 var=  0.0000 fitness= 75.0000 age=0
-->8--
          4      13 
      3      18       8
     15      21       6 
 22      14       9      23
  5      12      17       1
      7       2      19 
     24      10      11
         20      16 
--8<--
found: sum= 80.0000 var=  0.0000 fitness= 80.0000 age=0
-->8--
         14      24 
      3      21       2
     15       5       9 
  4      22      19       7
  6      13      11      16
     20      10      18 
      8      17      23
         12       1 
--8<--
found: sum= 81.0000 var=  0.0000 fitness= 81.0000 age=0
-->8--
          7      20 
      5       9      10
     21      16      18 
  1      23       8      15
  6      19       2      14
     11      13      24 
      4      22      17
         12       3 
--8<--
found: sum= 75.0000 var=  0.0000 fitness= 75.0000 age=0
-->8--
         18      17 
      1       2       3
     20      19      10 
  7      15      24       6
 14       8       4      22
     11       5       9 
     12      23      13
         16      21 
--8<--
found: sum= 79.0000 var=  0.0000 fitness= 79.0000 age=0
-->8--
          4      11 
      2      23      12
     14      17      15 
 21      19       1      22
  3      13       5      20
      9      24      16 
      8      18       6
          7      10 
--8<--
found: sum= 78.0000 var=  0.0000 fitness= 78.0000 age=0
-->8--
          7      13 
     24      14       6
     16       8      19 
  2       9      18      11
 10      20      22       5
     21       1       3 
      4      17      23
         15      12 
--8<--
found: sum= 75.0000 var=  0.0000 fitness= 75.0000 age=0
-->8--
          3      22 
      5       7       2
     20      24       9 
 15      16      11      18
 13      10       6      14
      1       8      17 
     12      21      19
         23       4 
--8<--
found: sum= 77.0000 var=  0.0000 fitness= 77.0000 age=0
-->8--
         10      16 
      3      20      23
     22       9       5 
  1      13       4      11
 14      12      21      19
     15      18      17 
     24       6       8
          2       7 
--8<--
found: sum= 77.0000 var=  0.0000 fitness= 77.0000 age=0
-->8--
         24       9 
     19      18       8
      7       5      17 
 23       4      20      10
 12      15      22       2
     16      11       6 
     13      21      14
          1       3 
--8<--
found: sum= 71.0000 var=  0.0000 fitness= 71.0000 age=0
-->8--
         23      14 
     10       5       4
      1      17      24 
 18      15       7       6
 22      12      11      21
      3       9       2 
      8      20      16
         19      13 
--8<--
found: sum= 82.0000 var=  0.0000 fitness= 82.0000 age=0
-->8--
          7       5 
     10      12       4
     11      22      21 
  9      20      18       1
  6      17       3      15
     19       2      24 
     13      23      16
          8      14 
--8<--
found: sum= 77.0000 var=  0.0000 fitness= 77.0000 age=0
-->8--
         11       4 
     17      24       9
      7       2      23 
 19      16      15      13
  5      10      22       1
     20      12       3 
      6       8      18
         21      14 
--8<--
found: sum= 74.0000 var=  0.0000 fitness= 74.0000 age=0
-->8--
         23       1 
      3      20      21
      8      14       7 
 18       6      11       2
 10      19      15      22
     13       9      17 
      4       5      12
         24      16 
--8<--
found: sum= 75.0000 var=  0.0000 fitness= 75.0000 age=0
-->8--
          1       9 
     21      24       8
      4      12       7 
 19      13      15       2
 20       3      22      11
     16      10      18 
     17       6       5
         23      14 
--8<--
found: sum= 77.0000 var=  0.0000 fitness= 77.0000 age=0
-->8--
         10       9 
     11      13       3
      2      19      17 
  4      22      16      20
 18       7       8       1
     24       5      15 
      6      14      23
         21      12 
--8<--
found: sum= 77.0000 var=  0.0000 fitness= 77.0000 age=0
-->8--
         22      23 
      5       4       1
     17       9      24 
 18      20      16      12
  2       7      11       8
     13      14       6 
      3      21      15
         19      10 
--8<--
found: sum= 78.0000 var=  0.0000 fitness= 78.0000 age=0
-->8--
         16       8 
      2      21      17
     11       9      18 
  6      19       5       3
 12       7      24      15
     23      14      13 
     10       4      22
         20       1 
--8<--
found: sum= 82.0000 var=  0.0000 fitness= 82.0000 age=0
-->8--
          1      21 
      7      19       2
     24      13      22 
  3      18       5      11
  6      14       9      15
     17      23      20 
      4       8      12
         16      10 
--8<--
found: sum= 82.0000 var=  0.0000 fitness= 82.0000 age=0
-->8--
          4       7 
      3      18       5
     21      16      13 
  8      20      23      14
  1      15       2      11
     17       6      19 
     10      22      24
         12       9 
--8<--
found: sum= 78.0000 var=  0.0000 fitness= 78.0000 age=0
-->8--
         11      16 
     22      21      18
     14       1       5 
  4       9      17      10
 12      19       8      15
     20      24      23 
      2       7      13
          6       3 
--8<--
found: sum= 78.0000 var=  0.0000 fitness= 78.0000 age=0
-->8--
         21       1 
      4       5      22
     16      14      24 
  8      18      12       6
  7       9       2      19
     20      23      15 
      3      10      11
         13      17 
--8<--
found: sum= 80.0000 var=  0.0000 fitness= 80.0000 age=0
-->8--
         13       9 
     23      15      16
     24       3      19 
  7       2      18       8
  6      21      22       1
     20      14      12 
     11      10      17
          4       5 
--8<--
found: sum= 77.0000 var=  0.0000 fitness= 77.0000 age=0
-->8--
         13       6 
     19       1      21
      7      14      24 
  9      23      11       4
  3      17       2      16
     18      10      20 
     12      15      22
          5       8 
--8<--
found: sum= 78.0000 var=  0.0000 fitness= 78.0000 age=0
-->8--
          5       8 
     24      20      10
      3      12      22 
  4      14       6       1
 19      21      18      16
     17       7      15 
      9      13      23
         11       2 
--8<--
found: sum= 82.0000 var=  0.0000 fitness= 82.0000 age=0
-->8--
         20      18 
      2      13       1
     21      17      23 
  5       9      10      15
 11      14       8       7
     22      24      19 
      6      12      16
          4       3 
--8<--
found: sum= 79.0000 var=  0.0000 fitness= 79.0000 age=0
-->8--
         16      10 
     11      13      22
     15      20       8 
 21       4       6       5
  1      14      18      19
     24      17      23 
      9      12       2
          3       7 
--8<--
found: sum= 71.0000 var=  0.0000 fitness= 71.0000 age=0
-->8--
         17       1 
     10       8      18
      3      21       7 
 19      12      16      15
 20       6       2       9
     11      14      22 
     13       4      24
         23       5 
--8<--
found: sum= 82.0000 var=  0.0000 fitness= 82.0000 age=0
-->8--
          6       4 
      5      22       3
     23      19      20 
 17       7      14      18
  2      24       8       1
      9      10      21 
     11      15      16
         13      12 
--8<--
found: sum= 78.0000 var=  0.0000 fitness= 78.0000 age=0
-->8--
          7      14 
      4      22       8
     24       2      20 
 11      19      12      13
  1      18      21       3
      5       6       9 
     23      10      17
         16      15 
--8<--
found: sum= 82.0000 var=  0.0000 fitness= 82.0000 age=0
-->8--
          7      11 
     12      10       8
     14      20      17 
  5      19      16      21
 15       6       3       1
     23      18      24 
      4      22      13
          9       2 
--8<--
found: sum= 74.0000 var=  0.0000 fitness= 74.0000 age=0
-->8--
          9      21 
      3      19       5
     14       7      18 
 12      22       4      20
  1      23      10      16
      2       8       6 
     13      11      24
         17      15 
--8<--
found: sum= 77.0000 var=  0.0000 fitness= 77.0000 age=0
-->8--
          1      14 
     13       3      17
     19      18      15 
  8      23      10      21
  4      11       6       5
     12       9      20 
      7      16      24
         22       2 
--8<--
found: sum= 77.0000 var=  0.0000 fitness= 77.0000 age=0
-->8--
          5      11 
      4      19      12
     15      14      18 
 16      20       3       7
  8      17      21       6
      1       2      22 
     24      10       9
         23      13 
--8<--
found: sum= 75.0000 var=  0.0000 fitness= 75.0000 age=0
-->8--
          2      12 
      3       7      15
     23      24      11 
 20      16       6      13
 10       1      19      18
      5       9       8 
     22      21       4
         17      14 
--8<--
found: sum= 79.0000 var=  0.0000 fitness= 79.0000 age=0
-->8--
          1      13 
     10      22      11
     19      21       4 
 14       6       8      24
  5      20      17       3
     15       7      23 
      9      12       2
         16      18 
--8<--
found: sum= 76.0000 var=  0.0000 fitness= 76.0000 age=0
-->8--
          1       4 
      2      24       6
      5      21      11 
 17      23      10      20
  8       7      12      14
     16       3       9 
     13      15      18
         22      19 
--8<--
found: sum= 77.0000 var=  0.0000 fitness= 77.0000 age=0
-->8--
         21      24 
     17       4       2
      7      10      23 
  3      18      14       1
 12      22       8      11
     15       5      20 
      6      16       9
         13      19 
--8<--
found: sum= 77.0000 var=  0.0000 fitness= 77.0000 age=0
-->8--
          1       8 
     13      22      19
     14       7      11 
 17      20      10       9
  6      15       2      24
      5      23      21 
      4      12       3
         18      16 
--8<--
found: sum= 77.0000 var=  0.0000 fitness= 77.0000 age=0
-->8--
          9      22 
      2       6       4
     23      16      24 
 13      21       5       8
  1       7      18      19
     12      10       3 
     20      17      15
         11      14 
--8<--
found: sum= 78.0000 var=  0.0000 fitness= 78.0000 age=0
-->8--
         12      16 
      2      24       5
     23       3       8 
  1      14      22      10
 17       4      20      11
     19      15       7 
     18       9      21
         13       6 
--8<--
found: sum= 78.0000 var=  0.0000 fitness= 78.0000 age=0
-->8--
          9       7 
     15      14      12
     11      23      21 
 24       6       1      17
  8      10      20      16
     19      18       3 
      4      22      13
          5       2 
--8<--
found: sum= 78.0000 var=  0.0000 fitness= 78.0000 age=0
-->8--
          3      11 
     20      24       4
      7      23      10 
 16       1       6      21
 13      19      17      15
     22      12       9 
      5      18       8
          2      14 
--8<--
found: sum= 78.0000 var=  0.0000 fitness= 78.0000 age=0
-->8--
         20      16 
      1      24      11
     17       6      12 
  7      10       9       3
  8      14      18      23
     22      21      13 
      4       2      19
         15       5 
--8<--
found: sum= 76.0000 var=  0.0000 fitness= 76.0000 age=0
-->8--
          1       2 
     22       6      10
     16      17      23 
 21      14      18      15
  8       4      12       5
     13      11       3 
     20      19       7
          9      24 
--8<--
found: sum= 76.0000 var=  0.0000 fitness= 76.0000 age=0
-->8--
          2       4 
     14      23      15
     10      11       6 
 22      16      17      18
  7       9       3      24
     12      20       8 
     13      21       5
          1      19 
--8<--
found: sum= 79.0000 var=  0.0000 fitness= 79.0000 age=0
-->8--
         22      11 
     12      15      14
     10       2      24 
  5      18      13       8
 21      19       7       4
      6      20      23 
     16      17       9
          1       3 
--8<--
found: sum= 74.0000 var=  0.0000 fitness= 74.0000 age=0
-->8--
         14      21 
     16      15      20
      1       5      10 
  2      23       3      12
 17      18      19       8
     13       6      22 
     24       9      11
          4       7 
--8<--
found: sum= 82.0000 var=  0.0000 fitness= 82.0000 age=0
-->8--
          9       3 
     15      22       2
      6      18      24 
  7      12      13       1
 21      20      11      14
     16       8      19 
     10      23       4
          5      17 
--8<--
found: sum= 79.0000 var=  0.0000 fitness= 79.0000 age=0
-->8--
          1       3 
     14      18      12
     23      17      10 
 21       6      19      20
 16       2      13       8
     11      22       9 
     15      24       7
          5       4 
--8<--
found: sum= 75.0000 var=  0.0000 fitness= 75.0000 age=0
-->8--
          4      17 
     21      23       2
     13       5      10 
  8       9      18       1
 15      24      12      14
      6       7      20 
     16       3      11
         19      22 
--8<--
found: sum= 76.0000 var=  0.0000 fitness= 76.0000 age=0
-->8--
          1       5 
      9      10       7
     17      21      20 
 14      18      13      23
 16       8      12       2
      3       4       6 
     22      24      11
         15      19 
--8<--
found: sum= 77.0000 var=  0.0000 fitness= 77.0000 age=0
-->8--
         18       1 
      4      19      11
      5      23      17 
 21       8       6      15
  7      14      24       3
     22       2      12 
     13      10       9
         16      20 
--8<--
found: sum= 78.0000 var=  0.0000 fitness= 78.0000 age=0
-->8--
         15       4 
     19      16      21
     11      12       3 
  8       5      22      14
 13      24       9      10
     17       6      20 
      7      23      18
          1       2 
--8<--
found: sum= 76.0000 var=  0.0000 fitness= 76.0000 age=0
-->8--
          4       1 
      6      23       9
      7      17      16 
 20      19      10       3
 12      13      15      14
      5       2      18 
     21      11       8
         24      22 
--8<--
found: sum= 75.0000 var=  0.0000 fitness= 75.0000 age=0
-->8--
         13      22 
      1      16      19
     17       7       8 
 11      21       3      12
  5       6      20      23
     15      18       9 
     24      10       4
          2      14 
--8<--
found: sum= 78.0000 var=  0.0000 fitness= 78.0000 age=0
-->8--
         22       9 
      7      18      17
      4       8       6 
  1      19      20      11
 16      14       5      13
     24      12      23 
      3      15      21
         10       2 
--8<--
found: sum= 79.0000 var=  0.0000 fitness= 79.0000 age=0
-->8--
          1       2 
     16      23      15
     20      12      18 
 10       7       9       3
  6      19      21      24
     17      11       4 
      5      13      22
         14       8 
--8<--
found: sum= 77.0000 var=  0.0000 fitness= 77.0000 age=0
-->8--
         18       5 
     21      20      19
     11       3      22 
 14       4       8      12
 17      15      24       2
     16      23       9 
      6       7       1
         10      13 
--8<--
found: sum= 78.0000 var=  0.0000 fitness= 78.0000 age=0
-->8--
          6      16 
      3      18       4
     19       9      17 
 10      23      14      24
  2      11       1       7
     13      20      15 
      5       8      22
         21      12 
--8<--
found: sum= 75.0000 var=  0.0000 fitness= 75.0000 age=0
-->8--
          2      12 
      3       7      15
     23      24      11 
 20      16       6      13
 10       1      19      18
      5       9       8 
     22      21       4
         17      14 
--8<--
found: sum= 79.0000 var=  0.0000 fitness= 79.0000 age=0
-->8--
          1      17 
     15       5       4
     14      21      22 
  2      23      10       8
 13       7      12      11
     20       6      16 
     19      18       3
          9      24 
--8<--
found: sum= 78.0000 var=  0.0000 fitness= 78.0000 age=0
-->8--
         12      14 
      2      24      10
     13       5      17 
 15      22       8       4
 18       9      23       7
      1      11      19 
     21      16       3
         20       6 
--8<--
found: sum= 80.0000 var=  0.0000 fitness= 80.0000 age=0
-->8--
          5       1 
      2      21       3
     24      22      20 
 15       6      13       4
 11      14       8      19
     10      17      16 
     18       9      23
         12       7 
--8<--
found: sum= 80.0000 var=  0.0000 fitness= 80.0000 age=0
-->8--
         20       2 
      1       5      16
     13      22      24 
 14      19      11       4
 10       7      12       6
     17       9      23 
     21      18       3
          8      15 
--8<--
found: sum= 79.0000 var=  0.0000 fitness= 79.0000 age=0
-->8--
         13       1 
      4      22      14
     19       9      17 
  3      12      16      23
 18       7      11      10
     20      24       2 
      5      15      21
          8       6 
--8<--
found: sum= 81.0000 var=  0.0000 fitness= 81.0000 age=0
-->8--
          5       2 
      9      24      22
     13      10       6 
  4      20      17       1
  7      16      15      19
     21       3      23 
     12      18      14
         11       8 
--8<--
found: sum= 79.0000 var=  0.0000 fitness= 79.0000 age=0
-->8--
          2       5 
     17      22      10
     14      16       7 
 15       8      19      11
 12       9      23       6
     21       4      13 
      3      18       1
         24      20 
--8<--
found: sum= 83.0000 var=  0.0000 fitness= 83.0000 age=0
-->8--
          8       3 
      9      24      14
     18       2      21 
  7      22      19      15
  6      13      11       5
     17      16      12 
     10      23      20
          4       1 
--8<--
found: sum= 79.0000 var=  0.0000 fitness= 79.0000 age=0
-->8--
         13       7 
      6      16       9
     11      15      20 
 14      18      12       3
  4       8       5      17
     24      21      22 
      1       2      10
         23      19 
--8<--
found: sum= 81.0000 var=  0.0000 fitness= 81.0000 age=0
-->8--
         17       4 
     21      10      15
     13      14      16 
  8       6      22       9
 11      20      12       3
     23       7      19 
      5      24      18
          2       1 
--8<--
found: sum= 81.0000 var=  0.0000 fitness= 81.0000 age=0
-->8--
         21      22 
      3      12      11
     20       8      10 
  7      17      18       1
  2      19      15      13
     16       4      24 
      5      23       9
         14       6 
--8<--
found: sum= 79.0000 var=  0.0000 fitness= 79.0000 age=0
-->8--
          2       1 
     10      22      15
     16      18      19 
 21      11       4      12
  5      20       3      17
      6      23      24 
     13       8      14
          9       7 
--8<--
found: sum= 74.0000 var=  0.0000 fitness= 74.0000 age=0
-->8--
         21      14 
     18       8      11
     13       2      17 
 19      12      22       7
  6       4      10      15
     20      24       3 
     16       9       5
          1      23 
--8<--
found: sum= 76.0000 var=  0.0000 fitness= 76.0000 age=0
-->8--
         16       6 
      5      24      10
     22       2      20 
 19       7      14       8
  3      21      15      18
      4      17       1 
     13       9      11
         12      23 
--8<--
found: sum= 72.0000 var=  0.0000 fitness= 72.0000 age=0
-->8--
         22       4 
     21       3      23
      9      15      17 
 20       2      10       7
 12      18      19      13
     11       8       6 
      5      14      24
         16       1 
--8<--
found: sum= 75.0000 var=  0.0000 fitness= 75.0000 age=0
-->8--
         10      18 
     13       9       4
     15       5      20 
 21      23      19      16
  7       3      17       2
      6       8       1 
     12      24      14
         22      11 
--8<--
found: sum= 73.0000 var=  0.0000 fitness= 73.0000 age=0
-->8--
         16       5 
     23      10      19
      8      14      21 
 15       2       4      17
 13      24      22       6
     11       7       3 
     18      12      20
          1       9 
--8<--
found: sum= 78.0000 var=  0.0000 fitness= 78.0000 age=0
-->8--
          8      11 
     23      10       5
      3      15      16 
 13      19      21       4
 14       9       2      18
     20      12      17 
      7      24      22
          6       1 
--8<--
found: sum= 79.0000 var=  0.0000 fitness= 79.0000 age=0
-->8--
         19       8 
      2      22      10
     21       6      18 
 13       9      15       4
  5      14      23       3
     17      12      16 
     24       1       7
         11      20 
--8<--
found: sum= 83.0000 var=  0.0000 fitness= 83.0000 age=0
-->8--
          2      15 
     16      23       9
     22      14      21 
 10       6       1      11
  8      20      24       7
     17      18      19 
      3      13       5
         12       4 
--8<--
found: sum= 75.0000 var=  0.0000 fitness= 75.0000 age=0
-->8--
          3      19 
     13      11      12
     18      21       2 
 15       9      10      14
 23       4       7      20
      6      24      22 
     17      16       5
          8       1 
--8<--
found: sum= 74.0000 var=  0.0000 fitness= 74.0000 age=0
-->8--
         20       9 
      4       6      21
     12      17      18 
  8      15       3      10
 11      23       2      19
      5      14      22 
      1       7      13
         24      16 
--8<--
found: sum= 77.0000 var=  0.0000 fitness= 77.0000 age=0
-->8--
          9       3 
     20      12      23
     24       8      13 
  6       4      18      22
 14      19      17       2
     10      11       5 
      1      21       7
         15      16 
--8<--
found: sum= 80.0000 var=  0.0000 fitness= 80.0000 age=0
-->8--
         11      12 
      9       5      19
     20      22      21 
  2      13       1       7
  6      16      24      10
     23       4      17 
      8      14       3
         15      18 
--8<--
found: sum= 70.0000 var=  0.0000 fitness= 70.0000 age=0
-->8--
         17      16 
     21      11       6
      3      10      18 
 19       8       9       2
 20       7      22      15
     13      14       4 
     12       1       5
         23      24 
--8<--
found: sum= 75.0000 var=  0.0000 fitness= 75.0000 age=0
-->8--
         13       8 
      2      23      18
     15       1       3 
 12      21      22      24
 14       9       5      10
      4      17      11 
     20      19      16
          6       7 
--8<--
found: sum= 76.0000 var=  0.0000 fitness= 76.0000 age=0
-->8--
         24      10 
     11      17      15
      5       6      12 
 18      13      16       2
  1      19      14       9
     20       8      23 
      4       3      21
         22       7 
--8<--
found: sum= 80.0000 var=  0.0000 fitness= 80.0000 age=0
-->8--
         12       1 
      2      24      21
      8      11      20 
  6      23       3       4
  9      19      14      22
     15      10      17 
     13      16      18
          7       5 
--8<--
found: sum= 83.0000 var=  0.0000 fitness= 83.0000 age=0
-->8--
          5      17 
     12      19       6
     22       7      20 
  1      18      14      13
  8      11      24       2
     23       9      10 
     15      21      16
          4       3 
--8<--
found: sum= 79.0000 var=  0.0000 fitness= 79.0000 age=0
-->8--
         24       7 
      8      10      20
     23       3      22 
 16      11      17       2
  4      13      14       5
     12      21      19 
      6       9       1
         18      15 
--8<--
found: sum= 80.0000 var=  0.0000 fitness= 80.0000 age=0
-->8--
          4       9 
     21      20      19
     22       8       6 
 11       5      18      17
  2      16      10      14
     24      23      15 
      1      13       7
          3      12 
--8<--
found: sum= 81.0000 var=  0.0000 fitness= 81.0000 age=0
-->8--
          7      20 
     13      23       3
     17       5       8 
  2      16      22       4
 15      10       9      14
     21      19      24 
      1      12      11
         18       6 
--8<--
found: sum= 80.0000 var=  0.0000 fitness= 80.0000 age=0
-->8--
         17       1 
      2      24      11
     21       3      19 
  7      13      22      14
 10      20       6       4
      9      16      15 
     18      12      23
          5       8 
--8<--
found: sum= 82.0000 var=  0.0000 fitness= 82.0000 age=0
-->8--
         23      20 
     10      14       2
     11      15      18 
 19       9      13       5
  6      16      17       7
     21      12      22 
      8      24       4
          1       3 
--8<--
found: sum= 79.0000 var=  0.0000 fitness= 79.0000 age=0
-->8--
         14       8 
      4      10      18
     11      21      13 
  6      19       9      12
  1      22       5      16
     20       3      24 
     15      17       7
          2      23 
--8<--
found: sum= 83.0000 var=  0.0000 fitness= 83.0000 age=0
-->8--
         10      11 
     17      21      16
     15       2      24 
 14      18       9       8
  1      22      12       7
     13      20      23 
      6      19       4
          3       5 
--8<--
found: sum= 81.0000 var=  0.0000 fitness= 81.0000 age=0
-->8--
          2       1 
     14      23      18
     24      13      10 
 12       5      16      17
 19      15      11       7
      6      21      20 
      9      22       3
          8       4 
--8<--
found: sum= 81.0000 var=  0.0000 fitness= 81.0000 age=0
-->8--
          6      22 
      7      20       9
     16      13      12 
 17      19       5       1
  4      15      18      21
     10      11      24 
      8      23       2
         14       3 
--8<--
found: sum= 77.0000 var=  0.0000 fitness= 77.0000 age=0
-->8--
         15       1 
      4      11      22
     18      16      21 
 14      13       6       9
  2      20      19       5
     10       3      17 
     24       8      23
         12       7 
--8<--
found: sum= 81.0000 var=  0.0000 fitness= 81.0000 age=0
-->8--
         10       6 
      1      20       3
     24      14      21 
  5      12      17      15
 11      16      18       2
     13       4       8 
     22      19       9
          7      23 
--8<--
found: sum= 78.0000 var=  0.0000 fitness= 78.0000 age=0
-->8--
          2       8 
      7       6      19
     22      20      11 
  9      21      14      13
 12       4      18       5
     10       1      17 
     23      24      15
         16       3 
--8<--
found: sum= 82.0000 var=  0.0000 fitness= 82.0000 age=0
-->8--
          4      10 
      3      23       7
     20      11      16 
  6      21      15      24
  9      12       1       8
     14      22      18 
     13      19      17
          2       5 
--8<--
found: sum= 78.0000 var=  0.0000 fitness= 78.0000 age=0
-->8--
         17       4 
      5      24       7
     23       3      22 
 19       6      18      14
  9      20      10       2
      1      21      12 
     15       8      16
         13      11 
--8<--
found: sum= 79.0000 var=  0.0000 fitness= 79.0000 age=0
-->8--
         14       2 
     11      24      16
      7      20       9 
 21       3       8       4
 10      23      19      17
     15       6      22 
     12      18       1
          5      13 
--8<--
found: sum= 85.0000 var=  0.0000 fitness= 85.0000 age=0
-->8--
         14      11 
      4      16       2
     24      15      21 
  8      12      20       5
  1      18      13       3
     22       7      23 
     10      19       6
          9      17 
--8<--
found: sum= 79.0000 var=  0.0000 fitness= 79.0000 age=0
-->8--
          8      15 
     22      19      14
     24       1      17 
  6       5      13       9
 11      21      16       4
     12      23      20 
     18       3      10
          2       7 
--8<--
found: sum= 79.0000 var=  0.0000 fitness= 79.0000 age=0
-->8--
         11       8 
      5       9      16
     23      12      20 
  3      19      14      22
 13       6      18       1
     15      10       4 
     17      24      21
          7       2 
--8<--
found: sum= 79.0000 var=  0.0000 fitness= 79.0000 age=0
-->8--
          8      13 
     21      12       2
     15       9      23 
  1      14      20       4
 22       3      16       6
     24      17      10 
     19      11      18
          5       7 
--8<--
found: sum= 76.0000 var=  0.0000 fitness= 76.0000 age=0
-->8--
         19       1 
      6      15      17
      8      18       5 
  7      10      20       2
 23       4      11      22
     24      13      16 
     14      12      21
          9       3 
--8<--
found: sum= 78.0000 var=  0.0000 fitness= 78.0000 age=0
-->8--
         21      16 
      7      17       2
     14      15      10 
 11       4      18       5
  8      19       9      12
     22      13      24 
      1       3      23
         20       6 
--8<--
found: sum= 79.0000 var=  0.0000 fitness= 79.0000 age=0
-->8--
          2       3 
      4      21      11
     24      15      23 
 10      13       6      20
  1      19       9      14
     12      17       7 
      5       8      16
         18      22 
--8<--
found: sum= 79.0000 var=  0.0000 fitness= 79.0000 age=0
-->8--
         23      10 
      8      24      19
     16       2      11 
  3       6      13      17
 20      22      15       9
     12      21      14 
      5      18       4
          1       7 
--8<--
found: sum= 76.0000 var=  0.0000 fitness= 76.0000 age=0
-->8--
          8      10 
     24      23       6
     15       1      17 
 13       5      19       3
 14      22       9      12
      7      20      16 
      4       2      11
         21      18 
--8<--
found: sum= 80.0000 var=  0.0000 fitness= 80.0000 age=0
-->8--
          5      14 
      9      24       3
     19       6      22 
 12      17      11      21
  7      10      23       1
     15      13       2 
     16      18      20
          8       4 
--8<--
found: sum= 78.0000 var=  0.0000 fitness= 78.0000 age=0
-->8--
         14       9 
      2      18      16
     15       5      10 
 11      24      20       8
  1       4       6      13
     23      19      21 
     22       3      17
          7      12 
--8<--
found: sum= 79.0000 var=  0.0000 fitness= 79.0000 age=0
-->8--
         17      21 
      5      18      10
     24       8      13 
 15       7       9       4
  3      19      14      16
     11      22      23 
      1       6       2
         20      12 
--8<--
found: sum= 81.0000 var=  0.0000 fitness= 81.0000 age=0
-->8--
         10       4 
      5      24      21
     14       6       8 
  2      22      18      20
 13      11      15       3
     19       9      17 
      7      23       1
         12      16 
--8<--
found: sum= 82.0000 var=  0.0000 fitness= 82.0000 age=0
-->8--
          5       4 
     12      23       8
     22       3      20 
  9      17      24      11
  1      15       7      14
     18      16       6 
     10      21      13
          2      19 
--8<--
found: sum= 79.0000 var=  0.0000 fitness= 79.0000 age=0
-->8--
         12       3 
     17      10      19
     21       5      24 
 15      14      18       7
  2      16       4       6
     11      22      20 
      8       9      23
         13       1 
--8<--
found: sum= 80.0000 var=  0.0000 fitness= 80.0000 age=0
-->8--
          3      14 
     24       9      10
     19      20      23 
  2       5       4      13
 17      22      21       1
     15       8      18 
      7      16      11
         12       6 
--8<--
found: sum= 82.0000 var=  0.0000 fitness= 82.0000 age=0
-->8--
         21       2 
      4      18      19
     20       8      23 
  3      11      12      15
 16      10      17       1
     22      24      14 
      7      13       5
          6       9 
--8<--
found: sum= 81.0000 var=  0.0000 fitness= 81.0000 age=0
-->8--
         21      22 
      3      12      11
     20       8      10 
  7      17      18       1
  2      19      15      13
     16       4      24 
      5      23       9
         14       6 
--8<--
found: sum= 80.0000 var=  0.0000 fitness= 80.0000 age=0
-->8--
         20       7 
      4      18      24
     21       2      12 
 11      15      17       1
  3      14      19       8
     16      13      23 
      5      10       6
         22       9 
--8<--
found: sum= 80.0000 var=  0.0000 fitness= 80.0000 age=0
-->8--
          1      24 
     20       9       3
     22      17      15 
 19      11      12       5
  2      16      18       7
     10       6      23 
     14      21       8
         13       4 
--8<--
found: sum= 80.0000 var=  0.0000 fitness= 80.0000 age=0
-->8--
          4       7 
      8      15      14
     24      13      22 
 17      16       9       6
  2      10      20      18
     11      12       5 
      3      23      19
         21       1 
--8<--
found: sum= 73.0000 var=  0.0000 fitness= 73.0000 age=0
-->8--
          3      11 
     15      18      14
     17       1      16 
  8      19      13      21
 20       4      12       9
      5      24       2 
     23       7      22
         10       6 
--8<--
found: sum= 79.0000 var=  0.0000 fitness= 79.0000 age=0
-->8--
          5      14 
     12      24       2
     16       7      10 
  1      15      22      21
 18       9       3       4
     20      23      19 
     13       6      17
          8      11 
--8<--
execution time: real 0.574039s user 0.416936s sys 0.002999s
GA: P=1024 K=512 sp=2 xover=2D/1 aging
generation #4: pop m= 80.140 v=0.189 f= 78.146
best: found: sum= 85.0000 var=  0.0000 fitness= 85.0000 age=1
-->8--
         14      11 
      4      16       2
     24      15      21 
  8      12      20       5
  1      18      13       3
     22       7      23 
     10      19       6
          9      17 
--8<--
found: sum= 73.0000 var=  0.0000 fitness= 73.0000 age=1
-->8--
          3      11 
     15      18      14
     17       1      16 
  8      19      13      21
 20       4      12       9
      5      24       2 
     23       7      22
         10       6 
--8<--
found: sum= 79.0000 var=  0.0000 fitness= 79.0000 age=1
-->8--
          8      13 
     21      12       2
     15       9      23 
  1      14      20       4
 22       3      16       6
     24      17      10 
     19      11      18
          5       7 
--8<--
found: sum= 78.0000 var=  0.0000 fitness= 78.0000 age=3
-->8--
          7      14 
      4      22       8
     24       2      20 
 11      19      12      13
  1      18      21       3
      5       6       9 
     23      10      17
         16      15 
--8<--
found: sum= 78.0000 var=  0.0000 fitness= 78.0000 age=2
-->8--
         12      14 
      2      24      10
     13       5      17 
 15      22       8       4
 18       9      23       7
      1      11      19 
     21      16       3
         20       6 
--8<--
found: sum= 82.0000 var=  0.0000 fitness= 82.0000 age=3
-->8--
         20      18 
      2      13       1
     21      17      23 
  5       9      10      15
 11      14       8       7
     22      24      19 
      6      12      16
          4       3 
--8<--
found: sum= 79.0000 var=  0.0000 fitness= 79.0000 age=1
-->8--
          5      14 
     12      24       2
     16       7      10 
  1      15      22      21
 18       9       3       4
     20      23      19 
     13       6      17
          8      11 
--8<--
found: sum= 78.0000 var=  0.0000 fitness= 78.0000 age=3
-->8--
          3      11 
     20      24       4
      7      23      10 
 16       1       6      21
 13      19      17      15
     22      12       9 
      5      18       8
          2      14 
--8<--
found: sum= 82.0000 var=  0.0000 fitness= 82.0000 age=3
-->8--
          9       3 
     15      22       2
      6      18      24 
  7      12      13       1
 21      20      11      14
     16       8      19 
     10      23       4
          5      17 
--8<--
found: sum= 79.0000 var=  0.0000 fitness= 79.0000 age=3
-->8--
         16      10 
     11      13      22
     15      20       8 
 21       4       6       5
  1      14      18      19
     24      17      23 
      9      12       2
          3       7 
--8<--
found: sum= 83.0000 var=  0.0000 fitness= 83.0000 age=2
-->8--
          2      15 
     16      23       9
     22      14      21 
 10       6       1      11
  8      20      24       7
     17      18      19 
      3      13       5
         12       4 
--8<--
found: sum= 82.0000 var=  0.0000 fitness= 82.0000 age=4
-->8--
          7       5 
     10      12       4
     11      22      21 
  9      20      18       1
  6      17       3      15
     19       2      24 
     13      23      16
          8      14 
--8<--
found: sum= 79.0000 var=  0.0000 fitness= 79.0000 age=2
-->8--
          2       5 
     17      22      10
     14      16       7 
 15       8      19      11
 12       9      23       6
     21       4      13 
      3      18       1
         24      20 
--8<--
found: sum= 80.0000 var=  0.0000 fitness= 80.0000 age=2
-->8--
          5       1 
      2      21       3
     24      22      20 
 15       6      13       4
 11      14       8      19
     10      17      16 
     18       9      23
         12       7 
--8<--
found: sum= 79.0000 var=  0.0000 fitness= 79.0000 age=2
-->8--
          2       1 
     10      22      15
     16      18      19 
 21      11       4      12
  5      20       3      17
      6      23      24 
     13       8      14
          9       7 
--8<--
found: sum= 78.0000 var=  0.0000 fitness= 78.0000 age=4
-->8--
         15       1 
     18      22       7
      8      11      14 
 17       4      23       5
 19      10       9       3
     20      21      24 
     13       2      16
         12       6 
--8<--
found: sum= 80.0000 var=  0.0000 fitness= 80.0000 age=1
-->8--
          5      14 
      9      24       3
     19       6      22 
 12      17      11      21
  7      10      23       1
     15      13       2 
     16      18      20
          8       4 
--8<--
found: sum= 83.0000 var=  0.0000 fitness= 83.0000 age=2
-->8--
          8       3 
      9      24      14
     18       2      21 
  7      22      19      15
  6      13      11       5
     17      16      12 
     10      23      20
          4       1 
--8<--
found: sum= 82.0000 var=  0.0000 fitness= 82.0000 age=3
-->8--
          7      11 
     12      10       8
     14      20      17 
  5      19      16      21
 15       6       3       1
     23      18      24 
      4      22      13
          9       2 
--8<--
found: sum= 79.0000 var=  0.0000 fitness= 79.0000 age=3
-->8--
          1      13 
     10      22      11
     19      21       4 
 14       6       8      24
  5      20      17       3
     15       7      23 
      9      12       2
         16      18 
--8<--
found: sum= 79.0000 var=  0.0000 fitness= 79.0000 age=4
-->8--
          4      11 
      2      23      12
     14      17      15 
 21      19       1      22
  3      13       5      20
      9      24      16 
      8      18       6
          7      10 
--8<--
found: sum= 80.0000 var=  0.0000 fitness= 80.0000 age=1
-->8--
          3      14 
     24       9      10
     19      20      23 
  2       5       4      13
 17      22      21       1
     15       8      18 
      7      16      11
         12       6 
--8<--
found: sum= 78.0000 var=  0.0000 fitness= 78.0000 age=3
-->8--
         15       4 
     19      16      21
     11      12       3 
  8       5      22      14
 13      24       9      10
     17       6      20 
      7      23      18
          1       2 
--8<--
found: sum= 83.0000 var=  0.0000 fitness= 83.0000 age=2
-->8--
          5      17 
     12      19       6
     22       7      20 
  1      18      14      13
  8      11      24       2
     23       9      10 
     15      21      16
          4       3 
--8<--
found: sum= 79.0000 var=  0.0000 fitness= 79.0000 age=1
-->8--
         14       2 
     11      24      16
      7      20       9 
 21       3       8       4
 10      23      19      17
     15       6      22 
     12      18       1
          5      13 
--8<--
found: sum= 79.0000 var=  0.0000 fitness= 79.0000 age=3
-->8--
          1       2 
     16      23      15
     20      12      18 
 10       7       9       3
  6      19      21      24
     17      11       4 
      5      13      22
         14       8 
--8<--
found: sum= 78.0000 var=  0.0000 fitness= 78.0000 age=2
-->8--
          8      11 
     23      10       5
      3      15      16 
 13      19      21       4
 14       9       2      18
     20      12      17 
      7      24      22
          6       1 
--8<--
found: sum= 80.0000 var=  0.0000 fitness= 80.0000 age=1
-->8--
          4       7 
      8      15      14
     24      13      22 
 17      16       9       6
  2      10      20      18
     11      12       5 
      3      23      19
         21       1 
--8<--
found: sum= 78.0000 var=  0.0000 fitness= 78.0000 age=4
-->8--
          7      13 
     24      14       6
     16       8      19 
  2       9      18      11
 10      20      22       5
     21       1       3 
      4      17      23
         15      12 
--8<--
found: sum= 79.0000 var=  0.0000 fitness= 79.0000 age=2
-->8--
         13       1 
      4      22      14
     19       9      17 
  3      12      16      23
 18       7      11      10
     20      24       2 
      5      15      21
          8       6 
--8<--
found: sum= 79.0000 var=  0.0000 fitness= 79.0000 age=2
-->8--
          1      17 
     15       5       4
     14      21      22 
  2      23      10       8
 13       7      12      11
     20       6      16 
     19      18       3
          9      24 
--8<--
found: sum= 76.0000 var=  0.0000 fitness= 76.0000 age=1
-->8--
         19       1 
      6      15      17
      8      18       5 
  7      10      20       2
 23       4      11      22
     24      13      16 
     14      12      21
          9       3 
--8<--
found: sum= 78.0000 var=  0.0000 fitness= 78.0000 age=1
-->8--
          2       8 
      7       6      19
     22      20      11 
  9      21      14      13
 12       4      18       5
     10       1      17 
     23      24      15
         16       3 
--8<--
found: sum= 78.0000 var=  0.0000 fitness= 78.0000 age=4
-->8--
         11      16 
     22      21      18
     14       1       5 
  4       9      17      10
 12      19       8      15
     20      24      23 
      2       7      13
          6       3 
--8<--
found: sum= 80.0000 var=  0.0000 fitness= 80.0000 age=2
-->8--
         11      12 
      9       5      19
     20      22      21 
  2      13       1       7
  6      16      24      10
     23       4      17 
      8      14       3
         15      18 
--8<--
found: sum= 82.0000 var=  0.0000 fitness= 82.0000 age=3
-->8--
          6       4 
      5      22       3
     23      19      20 
 17       7      14      18
  2      24       8       1
      9      10      21 
     11      15      16
         13      12 
--8<--
found: sum= 82.0000 var=  0.0000 fitness= 82.0000 age=1
-->8--
          4      10 
      3      23       7
     20      11      16 
  6      21      15      24
  9      12       1       8
     14      22      18 
     13      19      17
          2       5 
--8<--
found: sum= 78.0000 var=  0.0000 fitness= 78.0000 age=3
-->8--
         22       9 
      7      18      17
      4       8       6 
  1      19      20      11
 16      14       5      13
     24      12      23 
      3      15      21
         10       2 
--8<--
found: sum= 79.0000 var=  0.0000 fitness= 79.0000 age=1
-->8--
         11       8 
      5       9      16
     23      12      20 
  3      19      14      22
 13       6      18       1
     15      10       4 
     17      24      21
          7       2 
--8<--
found: sum= 81.0000 var=  0.0000 fitness= 81.0000 age=1
-->8--
         10       6 
      1      20       3
     24      14      21 
  5      12      17      15
 11      16      18       2
     13       4       8 
     22      19       9
          7      23 
--8<--
found: sum= 78.0000 var=  0.0000 fitness= 78.0000 age=4
-->8--
          5       8 
     24      20      10
      3      12      22 
  4      14       6       1
 19      21      18      16
     17       7      15 
      9      13      23
         11       2 
--8<--
found: sum= 78.0000 var=  0.0000 fitness= 78.0000 age=3
-->8--
          9       7 
     15      14      12
     11      23      21 
 24       6       1      17
  8      10      20      16
     19      18       3 
      4      22      13
          5       2 
--8<--
found: sum= 79.0000 var=  0.0000 fitness= 79.0000 age=1
-->8--
         14       8 
      4      10      18
     11      21      13 
  6      19       9      12
  1      22       5      16
     20       3      24 
     15      17       7
          2      23 
--8<--
found: sum= 81.0000 var=  0.0000 fitness= 81.0000 age=1
-->8--
          6      22 
      7      20       9
     16      13      12 
 17      19       5       1
  4      15      18      21
     10      11      24 
      8      23       2
         14       3 
--8<--
found: sum= 80.0000 var=  0.0000 fitness= 80.0000 age=1
-->8--
         17       1 
      2      24      11
     21       3      19 
  7      13      22      14
 10      20       6       4
      9      16      15 
     18      12      23
          5       8 
--8<--
found: sum= 79.0000 var=  0.0000 fitness= 79.0000 age=2
-->8--
         13       7 
      6      16       9
     11      15      20 
 14      18      12       3
  4       8       5      17
     24      21      22 
      1       2      10
         23      19 
--8<--
found: sum= 78.0000 var=  0.0000 fitness= 78.0000 age=3
-->8--
         12      16 
      2      24       5
     23       3       8 
  1      14      22      10
 17       4      20      11
     19      15       7 
     18       9      21
         13       6 
--8<--
found: sum= 82.0000 var=  0.0000 fitness= 82.0000 age=1
-->8--
         23      20 
     10      14       2
     11      15      18 
 19       9      13       5
  6      16      17       7
     21      12      22 
      8      24       4
          1       3 
--8<--
found: sum= 78.0000 var=  0.0000 fitness= 78.0000 age=1
-->8--
         21      16 
      7      17       2
     14      15      10 
 11       4      18       5
  8      19       9      12
     22      13      24 
      1       3      23
         20       6 
--8<--
found: sum= 78.0000 var=  0.0000 fitness= 78.0000 age=4
-->8--
         16       8 
      2      21      17
     11       9      18 
  6      19       5       3
 12       7      24      15
     23      14      13 
     10       4      22
         20       1 
--8<--
found: sum= 81.0000 var=  0.0000 fitness= 81.0000 age=1
-->8--
         10       4 
      5      24      21
     14       6       8 
  2      22      18      20
 13      11      15       3
     19       9      17 
      7      23       1
         12      16 
--8<--
found: sum= 78.0000 var=  0.0000 fitness= 78.0000 age=3
-->8--
         20      16 
      1      24      11
     17       6      12 
  7      10       9       3
  8      14      18      23
     22      21      13 
      4       2      19
         15       5 
--8<--
found: sum= 79.0000 var=  0.0000 fitness= 79.0000 age=1
-->8--
         17      21 
      5      18      10
     24       8      13 
 15       7       9       4
  3      19      14      16
     11      22      23 
      1       6       2
         20      12 
--8<--
found: sum= 79.0000 var=  0.0000 fitness= 79.0000 age=1
-->8--
          8      15 
     22      19      14
     24       1      17 
  6       5      13       9
 11      21      16       4
     12      23      20 
     18       3      10
          2       7 
--8<--
found: sum= 79.0000 var=  0.0000 fitness= 79.0000 age=3
-->8--
         22      11 
     12      15      14
     10       2      24 
  5      18      13       8
 21      19       7       4
      6      20      23 
     16      17       9
          1       3 
--8<--
found: sum= 81.0000 var=  0.0000 fitness= 81.0000 age=2
-->8--
         21      22 
      3      12      11
     20       8      10 
  7      17      18       1
  2      19      15      13
     16       4      24 
      5      23       9
         14       6 
--8<--
found: sum= 80.0000 var=  0.0000 fitness= 80.0000 age=1
-->8--
         20       7 
      4      18      24
     21       2      12 
 11      15      17       1
  3      14      19       8
     16      13      23 
      5      10       6
         22       9 
--8<--
found: sum= 82.0000 var=  0.0000 fitness= 82.0000 age=4
-->8--
          1      21 
      7      19       2
     24      13      22 
  3      18       5      11
  6      14       9      15
     17      23      20 
      4       8      12
         16      10 
--8<--
found: sum= 79.0000 var=  0.0000 fitness= 79.0000 age=1
-->8--
         23      10 
      8      24      19
     16       2      11 
  3       6      13      17
 20      22      15       9
     12      21      14 
      5      18       4
          1       7 
--8<--
found: sum= 76.0000 var=  0.0000 fitness= 76.0000 age=1
-->8--
          8      10 
     24      23       6
     15       1      17 
 13       5      19       3
 14      22       9      12
      7      20      16 
      4       2      11
         21      18 
--8<--
found: sum= 80.0000 var=  0.0000 fitness= 80.0000 age=1
-->8--
          1      24 
     20       9       3
     22      17      15 
 19      11      12       5
  2      16      18       7
     10       6      23 
     14      21       8
         13       4 
--8<--
found: sum= 83.0000 var=  0.0000 fitness= 83.0000 age=1
-->8--
         10      11 
     17      21      16
     15       2      24 
 14      18       9       8
  1      22      12       7
     13      20      23 
      6      19       4
          3       5 
--8<--
found: sum= 79.0000 var=  0.0000 fitness= 79.0000 age=1
-->8--
         24       7 
      8      10      20
     23       3      22 
 16      11      17       2
  4      13      14       5
     12      21      19 
      6       9       1
         18      15 
--8<--
found: sum= 82.0000 var=  0.0000 fitness= 82.0000 age=1
-->8--
         21       2 
      4      18      19
     20       8      23 
  3      11      12      15
 16      10      17       1
     22      24      14 
      7      13       5
          6       9 
--8<--
found: sum= 80.0000 var=  0.0000 fitness= 80.0000 age=2
-->8--
         20       2 
      1       5      16
     13      22      24 
 14      19      11       4
 10       7      12       6
     17       9      23 
     21      18       3
          8      15 
--8<--
found: sum= 79.0000 var=  0.0000 fitness= 79.0000 age=1
-->8--
          2       3 
      4      21      11
     24      15      23 
 10      13       6      20
  1      19       9      14
     12      17       7 
      5       8      16
         18      22 
--8<--
found: sum= 79.0000 var=  0.0000 fitness= 79.0000 age=3
-->8--
          1       3 
     14      18      12
     23      17      10 
 21       6      19      20
 16       2      13       8
     11      22       9 
     15      24       7
          5       4 
--8<--
found: sum= 78.0000 var=  0.0000 fitness= 78.0000 age=1
-->8--
         14       9 
      2      18      16
     15       5      10 
 11      24      20       8
  1       4       6      13
     23      19      21 
     22       3      17
          7      12 
--8<--
found: sum= 82.0000 var=  0.0000 fitness= 82.0000 age=1
-->8--
          5       4 
     12      23       8
     22       3      20 
  9      17      24      11
  1      15       7      14
     18      16       6 
     10      21      13
          2      19 
--8<--
found: sum= 82.0000 var=  0.0000 fitness= 82.0000 age=4
-->8--
          4       7 
      3      18       5
     21      16      13 
  8      20      23      14
  1      15       2      11
     17       6      19 
     10      22      24
         12       9 
--8<--
found: sum= 81.0000 var=  0.0000 fitness= 81.0000 age=4
-->8--
          7      20 
      5       9      10
     21      16      18 
  1      23       8      15
  6      19       2      14
     11      13      24 
      4      22      17
         12       3 
--8<--
found: sum= 80.0000 var=  0.0000 fitness= 80.0000 age=4
-->8--
         14      24 
      3      21       2
     15       5       9 
  4      22      19       7
  6      13      11      16
     20      10      18 
      8      17      23
         12       1 
--8<--
found: sum= 79.0000 var=  0.0000 fitness= 79.0000 age=2
-->8--
         19       8 
      2      22      10
     21       6      18 
 13       9      15       4
  5      14      23       3
     17      12      16 
     24       1       7
         11      20 
--8<--
found: sum= 78.0000 var=  0.0000 fitness= 78.0000 age=2
-->8--
          6      16 
      3      18       4
     19       9      17 
 10      23      14      24
  2      11       1       7
     13      20      15 
      5       8      22
         21      12 
--8<--
found: sum= 78.0000 var=  0.0000 fitness= 78.0000 age=1
-->8--
         17       4 
      5      24       7
     23       3      22 
 19       6      18      14
  9      20      10       2
      1      21      12 
     15       8      16
         13      11 
--8<--
found: sum= 79.0000 var=  0.0000 fitness= 79.0000 age=1
-->8--
         12       3 
     17      10      19
     21       5      24 
 15      14      18       7
  2      16       4       6
     11      22      20 
      8       9      23
         13       1 
--8<--
found: sum= 80.0000 var=  0.0000 fitness= 80.0000 age=2
-->8--
         12       1 
      2      24      21
      8      11      20 
  6      23       3       4
  9      19      14      22
     15      10      17 
     13      16      18
          7       5 
--8<--
found: sum= 81.0000 var=  0.0000 fitness= 81.0000 age=1
-->8--
          7      20 
     13      23       3
     17       5       8 
  2      16      22       4
 15      10       9      14
     21      19      24 
      1      12      11
         18       6 
--8<--
found: sum= 80.0000 var=  0.0000 fitness= 80.0000 age=1
-->8--
          4       9 
     21      20      19
     22       8       6 
 11       5      18      17
  2      16      10      14
     24      23      15 
      1      13       7
          3      12 
--8<--
found: sum= 81.0000 var=  0.0000 fitness= 81.0000 age=1
-->8--
          2       1 
     14      23      18
     24      13      10 
 12       5      16      17
 19      15      11       7
      6      21      20 
      9      22       3
          8       4 
--8<--
found: sum= 80.0000 var=  0.0000 fitness= 80.0000 age=4
-->8--
         13       9 
     23      15      16
     24       3      19 
  7       2      18       8
  6      21      22       1
     20      14      12 
     11      10      17
          4       5 
--8<--
found: sum= 81.0000 var=  0.0000 fitness= 81.0000 age=2
-->8--
         17       4 
     21      10      15
     13      14      16 
  8       6      22       9
 11      20      12       3
     23       7      19 
      5      24      18
          2       1 
--8<--
found: sum= 77.0000 var=  0.0000 fitness= 77.0000 age=1
-->8--
         15       1 
      4      11      22
     18      16      21 
 14      13       6       9
  2      20      19       5
     10       3      17 
     24       8      23
         12       7 
--8<--
found: sum= 78.0000 var=  0.0000 fitness= 78.0000 age=4
-->8--
         21       1 
      4       5      22
     16      14      24 
  8      18      12       6
  7       9       2      19
     20      23      15 
      3      10      11
         13      17 
--8<--
found: sum= 81.0000 var=  0.0000 fitness= 81.0000 age=2
-->8--
          5       2 
      9      24      22
     13      10       6 
  4      20      17       1
  7      16      15      19
     21       3      23 
     12      18      14
         11       8 
--8<--
found: sum= 81.0000 var=  0.0000 fitness= 81.0000 age=1
-->8--
         21      22 
      3      12      11
     20       8      10 
  7      17      18       1
  2      19      15      13
     16       4      24 
      5      23       9
         14       6 
--8<--
