found: sum= 75.0000 var=  0.0000 fitness= 75.0000
-->8--
         16      12 
     23       8      19
      6       1      24 
 10      21      11       9
 14      22       7       4
      2      13      20 
      5      15      17
         18       3 
--8<--
found: sum= 84.0000 var=  0.0000 fitness= 84.0000
-->8--
          4       7 
     13      20       3
     14      21      24 
 10      12       9       6
 15      16      18       5
     17       8      22 
      1      23       2
         19      11 
--8<--
execution time: real 1.263329s user 0.027995s sys 0.065989s
GA: P=50 K=10 sp=2 xover=2D/1 optrpl=2 optskip=10 optmax=1.142857
generation #5605: pop m= 79.274 v=143.120 f= 30.238 best_age=1
best: found: sum= 84.0000 var=  0.0000 fitness= 84.0000
-->8--
          4       7 
     13      20       3
     14      21      24 
 10      12       9       6
 15      16      18       5
     17       8      22 
      1      23       2
         19      11 
--8<--
