found: sum=  0.0000 var=  0.0000 fitness=  0.0000
-->8--
         19       9 
     24      15      10
      8       1      23 
 14      11      20       3
 16       7      21       6
     22      18       5 
      2      17       4
         12      13 
--8<--
found: sum=  0.0000 var=  0.0000 fitness=  0.0000
-->8--
         11      15 
     21      23      14
     16       1      12 
 20       6      13       3
  7      19      17       9
     10      22      24 
      4       5       2
         18       8 
--8<--
found: sum=  0.0000 var=  0.0000 fitness=  0.0000
-->8--
          3       4 
     11      19       2
     22      17      23 
 15       9      16       6
 13       1      14      10
     21      24      12 
      7       8      18
         20       5 
--8<--
found: sum=  0.0000 var=  0.0000 fitness=  0.0000
-->8--
         20      24 
     19       7      15
     16       1      21 
 18       9       4      14
  5      13      23       8
     11      22       2 
      6       3      12
         17      10 
--8<--
found: sum=  0.0000 var=  0.0000 fitness=  0.0000
-->8--
         20       3 
     14      22      10
      1       8      15 
 24      12      19       5
  9      13      21      11
     18       4       6 
      2      23      16
         17       7 
--8<--
found: sum=  0.0000 var=  0.0000 fitness=  0.0000
-->8--
         22      14 
     13      21      11
      7       1      10 
  6       9      16       3
 12      19      24      18
     20       4       2 
      8       5      23
         17      15 
--8<--
found: sum=  0.0000 var=  0.0000 fitness=  0.0000
-->8--
          3      18 
     24       4      21
     15       7      12 
  1      23      14      13
  9      20      10       5
      8       2      22 
     16      19      17
         11       6 
--8<--
execution time: real 0.100376s user 0.016997s sys 0.000000s
GA: P=50 K=25 sp=3 xover=2D/1
generation #0: pop m= 76.226 v=  0.168 f= 74.399 best_age=0
best: sum= 84.1429 var=  0.1224 fitness= 82.4286
-->8--
          4       1 
      3      23      13
     15      18      17 
 10      21      12       5
 11       8       9      19
     20      16      22 
     14      24       7
          2       6 
--8<--
found: sum= 78.0000 var=  0.0000 fitness= 78.0000
-->8--
         19       9 
     24      15      10
      8       1      23 
 14      11      20       3
 16       7      21       6
     22      18       5 
      2      17       4
         12      13 
--8<--
found: sum= 78.0000 var=  0.0000 fitness= 78.0000
-->8--
         11      15 
     21      23      14
     16       1      12 
 20       6      13       3
  7      19      17       9
     10      22      24 
      4       5       2
         18       8 
--8<--
found: sum= 81.0000 var=  0.0000 fitness= 81.0000
-->8--
          3       4 
     11      19       2
     22      17      23 
 15       9      16       6
 13       1      14      10
     21      24      12 
      7       8      18
         20       5 
--8<--
found: sum= 72.0000 var=  0.0000 fitness= 72.0000
-->8--
         20      24 
     19       7      15
     16       1      21 
 18       9       4      14
  5      13      23       8
     11      22       2 
      6       3      12
         17      10 
--8<--
found: sum= 77.0000 var=  0.0000 fitness= 77.0000
-->8--
         20       3 
     14      22      10
      1       8      15 
 24      12      19       5
  9      13      21      11
     18       4       6 
      2      23      16
         17       7 
--8<--
found: sum= 73.0000 var=  0.0000 fitness= 73.0000
-->8--
         22      14 
     13      21      11
      7       1      10 
  6       9      16       3
 12      19      24      18
     20       4       2 
      8       5      23
         17      15 
--8<--
found: sum= 76.0000 var=  0.0000 fitness= 76.0000
-->8--
          3      18 
     24       4      21
     15       7      12 
  1      23      14      13
  9      20      10       5
      8       2      22 
     16      19      17
         11       6 
--8<--
