found: sum= 72.0000 var=  0.0000 fitness= 72.0000 age=0
-->8--
          3      20 
     23      22      10
      4       2      13 
 11      18       5      12
  9      24       7      21
      6      16      14 
     17       1      15
          8      19 
--8<--
found: sum= 81.0000 var=  0.0000 fitness= 81.0000 age=0
-->8--
         20       2 
      5      22      14
     11       4      21 
 13      19      18       7
 17       9       8       3
     12      23      24 
      6      15      10
         16       1 
--8<--
found: sum= 72.0000 var=  0.0000 fitness= 72.0000 age=0
-->8--
         21      17 
     13       1       2
     10      18      20 
 24       9      14      11
  6       4       5      15
     19      22       7 
     16       3      12
          8      23 
--8<--
found: sum= 79.0000 var=  0.0000 fitness= 79.0000 age=0
-->8--
          1      16 
     20      10       3
      5      21      18 
  4      22      11       9
  7      17       6      12
     24       2      23 
     13      15      14
          8      19 
--8<--
found: sum= 73.0000 var=  0.0000 fitness= 73.0000 age=0
-->8--
         12      13 
      2       4      24
     21      14      10 
  1      20       8      11
  5      19       9      18
      7       3      17 
     15       6      16
         23      22 
--8<--
found: sum= 78.0000 var=  0.0000 fitness= 78.0000 age=0
-->8--
          5      15 
      9      18      16
     22      10      12 
  1      14       7      23
  4      20      21       2
     17       6      13 
     24       8      19
          3      11 
--8<--
found: sum= 73.0000 var=  0.0000 fitness= 73.0000 age=0
-->8--
          1      14 
     16      15       4
      8      24      11 
 20       9       5       3
 19      10      13      23
      7      12      18 
     21       6      22
         17       2 
--8<--
found: sum= 72.0000 var=  0.0000 fitness= 72.0000 age=0
-->8--
          1       8 
     20      23      24
      5       2       6 
 17      21       9      22
 10      12      15       4
      7      13      16 
     19       3      14
         18      11 
--8<--
found: sum= 70.0000 var=  0.0000 fitness= 70.0000 age=0
-->8--
         23      17 
     24       4      19
      3      10       7 
 22       6      13       9
 11       8      21      18
     20      12       2 
     15      14       5
          1      16 
--8<--
found: sum= 70.0000 var=  0.0000 fitness= 70.0000 age=0
-->8--
          4       2 
     18      17      10
      1      14       8 
 22      16      19      24
 12      13       3       9
      6       5       7 
     20      11      23
         15      21 
--8<--
found: sum= 78.0000 var=  0.0000 fitness= 78.0000 age=0
-->8--
          8      20 
     12       6       5
     18      24      21 
  3      10       2      17
 14      22      16       7
     11       4      15 
      9      19      23
         13       1 
--8<--
found: sum= 76.0000 var=  0.0000 fitness= 76.0000 age=0
-->8--
         10      24 
     20      23       9
     14       2       5 
  3       7      13       1
 19      21      17      22
     12      16      18 
      4       8      11
         15       6 
--8<--
found: sum= 78.0000 var=  0.0000 fitness= 78.0000 age=0
-->8--
          2      18 
      3      11      16
     22      23       1 
  5      17       9      21
  7      15       4      19
     12      10      24 
     13      20      14
          8       6 
--8<--
found: sum= 76.0000 var=  0.0000 fitness= 76.0000 age=0
-->8--
         17      18 
      4      19       7
     22       2      20 
  1      12      10       9
 14      16      13      21
     11      23       3 
     15       5      24
          6       8 
--8<--
found: sum= 80.0000 var=  0.0000 fitness= 80.0000 age=0
-->8--
         16      18 
      6       8       3
     24      19      20 
 10       7      12      14
 13       4      15       2
     22      23      17 
      1       9      11
         21       5 
--8<--
found: sum= 76.0000 var=  0.0000 fitness= 76.0000 age=0
-->8--
         15       5 
      3      17      23
     24       4      18 
  7      13       9       6
 20      10      21      14
      2      19       8 
     12      11       1
         22      16 
--8<--
found: sum= 78.0000 var=  0.0000 fitness= 78.0000 age=0
-->8--
         23      10 
      9      24      20
      4       7       1 
 12      11      16       8
 19      14      17      15
     18      13      21 
      5      22       2
          6       3 
--8<--
found: sum= 72.0000 var=  0.0000 fitness= 72.0000 age=0
-->8--
         22       4 
     16      11       1
      2      15      21 
 13       6      20       7
 19      14       9      10
     18       8       5 
     17       3      23
         12      24 
--8<--
found: sum= 79.0000 var=  0.0000 fitness= 79.0000 age=0
-->8--
         16       5 
      3      14       2
     11      15      22 
 24      20      21       1
  9       7      12       6
      8       4      17 
     18      23      10
         19      13 
--8<--
found: sum= 74.0000 var=  0.0000 fitness= 74.0000 age=0
-->8--
          3       6 
     23      18      17
      5       1      13 
 22      24      19       2
  8       4      12      21
     11      14       7 
     20      16      10
          9      15 
--8<--
found: sum= 79.0000 var=  0.0000 fitness= 79.0000 age=0
-->8--
          2       3 
      5      15      10
     12      22      21 
  1      23       8      14
 19       6      16      11
     18       4       9 
     24      20      13
          7      17 
--8<--
found: sum= 78.0000 var=  0.0000 fitness= 78.0000 age=0
-->8--
          1       9 
     21       4       5
     14      22      23 
 13      16      15      10
  3       8      11      12
     24       6       7 
      2      18      17
         20      19 
--8<--
found: sum= 81.0000 var=  0.0000 fitness= 81.0000 age=0
-->8--
          4      10 
     11      14       2
     20      19      24 
 15      13      12       1
  6       9       5      17
     18      23      22 
      8       7      21
         16       3 
--8<--
found: sum= 78.0000 var=  0.0000 fitness= 78.0000 age=0
-->8--
          5       6 
      4      21       1
     19      11      16 
  8      18      23      12
 17       9       2      22
      7      15       3 
     10      24      20
         13      14 
--8<--
found: sum= 77.0000 var=  0.0000 fitness= 77.0000 age=0
-->8--
         22      15 
      1      12      18
     24       4       9 
  8      14      19      17
  3       7      10      16
     21      23       6 
     11      13      20
          2       5 
--8<--
found: sum= 77.0000 var=  0.0000 fitness= 77.0000 age=0
-->8--
          6       1 
      7      23      11
      4      22      12 
  3      15       8      24
 20      16      14       9
     19       2      10 
     18      17      13
          5      21 
--8<--
found: sum= 79.0000 var=  0.0000 fitness= 79.0000 age=0
-->8--
          8      12 
     15      19       2
      4      17      20 
 21      16       9       6
 13       3      10      11
     22      24      23 
     18       7      14
          5       1 
--8<--
found: sum= 71.0000 var=  0.0000 fitness= 71.0000 age=0
-->8--
         14       1 
     24      15      20
      2      10       3 
 18       6      22       8
 21       5      12      17
     19      16       9 
     13       7       4
         11      23 
--8<--
found: sum= 77.0000 var=  0.0000 fitness= 77.0000 age=0
-->8--
         20       2 
     14       7      15
     17      18      19 
 21       1      16      12
  3      24      13       9
     11       5       8 
      4      23       6
         10      22 
--8<--
found: sum= 77.0000 var=  0.0000 fitness= 77.0000 age=0
-->8--
          3       6 
      8       7      21
     22      24       4 
  5      13      15      16
 17      11      12      10
      9       2      20 
     14      23      19
         18       1 
--8<--
found: sum= 76.0000 var=  0.0000 fitness= 76.0000 age=0
-->8--
         18      19 
      4       2      16
     24      13      23 
 14      15       3       7
  6       8      20      22
      9      17       1 
     10      21       5
         11      12 
--8<--
found: sum= 78.0000 var=  0.0000 fitness= 78.0000 age=0
-->8--
          2      13 
     15      10       1
     12      22      18 
  4      17      14       9
 19       6       3      11
     20      16      23 
     24       7       8
          5      21 
--8<--
found: sum= 77.0000 var=  0.0000 fitness= 77.0000 age=0
-->8--
         17      22 
      5       7       6
     20       4      23 
  1      24      15      10
 19       2      18       3
     11      14       8 
     21      16      12
         13       9 
--8<--
found: sum= 73.0000 var=  0.0000 fitness= 73.0000 age=0
-->8--
          6       1 
     24       7       9
      5      21      22 
 23      10      13      18
 15      12      14       2
      8       3       4 
     11      19      17
         20      16 
--8<--
found: sum= 73.0000 var=  0.0000 fitness= 73.0000 age=0
-->8--
         17      21 
      9       4       1
     24      13      15 
 10       6      19      12
  8      11       2      20
     14      22       5 
      7       3      23
         16      18 
--8<--
found: sum= 79.0000 var=  0.0000 fitness= 79.0000 age=0
-->8--
          8      12 
     15      19       2
      4      17      20 
 21      16       9       6
 13       3      10      11
     22      24      23 
     18       7      14
          5       1 
--8<--
found: sum= 77.0000 var=  0.0000 fitness= 77.0000 age=0
-->8--
         11      14 
      1      13       3
     21      19      18 
  9      12      10       2
  5      24       4      23
      6       8      20 
     17       7      22
         15      16 
--8<--
found: sum= 83.0000 var=  0.0000 fitness= 83.0000 age=0
-->8--
          1      13 
     15      24       4
     23       2      19 
  5      18      21      14
  6      11       9       8
     20      22      12 
     10      17       7
          3      16 
--8<--
found: sum= 76.0000 var=  0.0000 fitness= 76.0000 age=0
-->8--
          1      22 
     21       7       3
     17      14      19 
 23      16      11       4
  6       2       9      13
     12      24      20 
     18       5      10
         15       8 
--8<--
found: sum= 82.0000 var=  0.0000 fitness= 82.0000 age=0
-->8--
         14       6 
      1      20       8
     11      13      17 
 15      23      18      10
  2       7      12       3
     24       9      22 
     21      16      19
          5       4 
--8<--
found: sum= 75.0000 var=  0.0000 fitness= 75.0000 age=0
-->8--
          7      11 
     21       8      18
      3      12      20 
 19      24       6       1
  4       2      17      15
     23      14      16 
     22       5      10
          9      13 
--8<--
found: sum= 77.0000 var=  0.0000 fitness= 77.0000 age=0
-->8--
         16      22 
      5      21       6
     24       3       7 
 10       8      18      20
 12      14      15       4
      9      19      13 
      1      11      17
         23       2 
--8<--
found: sum= 85.0000 var=  0.0000 fitness= 85.0000 age=0
-->8--
          5      11 
     13      22       3
     21       9      23 
  1      15      17       2
  6      18      14      10
     24      12      19 
      7      16      20
          8       4 
--8<--
found: sum= 76.0000 var=  0.0000 fitness= 76.0000 age=0
-->8--
         12      21 
     13       3       8
      9      17      23 
  5      22       4      20
 19       7       2      11
     14      24      16 
      6      15       1
         10      18 
--8<--
found: sum= 81.0000 var=  0.0000 fitness= 81.0000 age=0
-->8--
          5       1 
      2      13      16
     23      18      22 
  7      20      11      10
  6       4       9      17
     21      19      12 
     15      14      24
          8       3 
--8<--
found: sum= 77.0000 var=  0.0000 fitness= 77.0000 age=0
-->8--
         21      19 
     16       9       7
      4      17      22 
  2      10       3       1
 14      23      13      18
     24      11      20 
      8       6      12
          5      15 
--8<--
found: sum= 78.0000 var=  0.0000 fitness= 78.0000 age=0
-->8--
         15       7 
      1      20       2
     22      12      13 
 17       8      24      23
 10      16       4       3
      5      14      11 
     18      19      21
          6       9 
--8<--
found: sum= 79.0000 var=  0.0000 fitness= 79.0000 age=0
-->8--
         15      14 
      4      17       1
     24      10      18 
  2       9      19       7
 21       3      22       8
     20      16       5 
      6      11      13
         23      12 
--8<--
found: sum= 75.0000 var=  0.0000 fitness= 75.0000 age=0
-->8--
          3      12 
     20      15      17
     13      14      11 
 22      10       6      18
  4       5      24       9
     21      16       7 
     23       8      19
          2       1 
--8<--
found: sum= 72.0000 var=  0.0000 fitness= 72.0000 age=0
-->8--
         22       4 
      1       3      23
      7      24      12 
  2      15       6      11
 21       8       9      20
     19      10      14 
     17       5      16
         13      18 
--8<--
found: sum= 82.0000 var=  0.0000 fitness= 82.0000 age=0
-->8--
          3      15 
      6      22       9
     24       8      16 
  2      19      12       5
  4      10      20      18
     23      13      11 
     21      14      17
          1       7 
--8<--
found: sum= 76.0000 var=  0.0000 fitness= 76.0000 age=0
-->8--
          1      21 
     13      12      14
     24       6      16 
 15      20       7      18
  9       3      23       8
      5      17       4 
     22      19       2
         10      11 
--8<--
found: sum= 77.0000 var=  0.0000 fitness= 77.0000 age=0
-->8--
          4      18 
     10      11      12
     24       9      21 
  5      19       6      15
 14       7      13       2
      8      23      20 
     16       1      17
         22       3 
--8<--
found: sum= 75.0000 var=  0.0000 fitness= 75.0000 age=0
-->8--
          5       8 
     24       3      19
     17      14      10 
 15      12      21       1
 11       4       2      18
     16      22      23 
      7       6       9
         20      13 
--8<--
found: sum= 74.0000 var=  0.0000 fitness= 74.0000 age=0
-->8--
          4      13 
     19      14      10
      1      21      11 
 17      15       5       9
 12      23       3      24
      6       7      22 
      2      16       8
         20      18 
--8<--
found: sum= 75.0000 var=  0.0000 fitness= 75.0000 age=0
-->8--
         12      20 
     17       1      11
     19       3      22 
  5      23      18       2
 15       4       6      13
      9      21      14 
     24      10      16
          7       8 
--8<--
found: sum= 76.0000 var=  0.0000 fitness= 76.0000 age=0
-->8--
          4      14 
     13       2      10
     11      22      20 
 18      24       8      21
 12       6       7       1
      5       9      19 
     16      23      15
         17       3 
--8<--
found: sum= 80.0000 var=  0.0000 fitness= 80.0000 age=0
-->8--
          8       1 
     20      21      16
      2      12      23 
 18      17       7       3
  6      24      11      14
     13       9      22 
     10      19       4
          5      15 
--8<--
found: sum= 74.0000 var=  0.0000 fitness= 74.0000 age=0
-->8--
         22       2 
     20      11      17
      4      16       7 
 23       1      21       6
  8      14       9      12
     24      13      19 
     15       5      10
          3      18 
--8<--
found: sum= 74.0000 var=  0.0000 fitness= 74.0000 age=0
-->8--
          9      10 
     21       8       5
     16      17      12 
 13       3      22       6
 20       7       2      14
     15      23      18 
     24       1      11
          4      19 
--8<--
found: sum= 79.0000 var=  0.0000 fitness= 79.0000 age=0
-->8--
         24       4 
      5      20      21
     22       2      19 
 12       6      13       8
 11      18      23       7
     10      17       9 
     16      15      14
          3       1 
--8<--
found: sum= 78.0000 var=  0.0000 fitness= 78.0000 age=0
-->8--
          5       1 
     19      23      13
      7       2      21 
 24      22      18      16
  4      10      12       3
     11      14       8 
     17      20       9
          6      15 
--8<--
found: sum= 75.0000 var=  0.0000 fitness= 75.0000 age=0
-->8--
         10       1 
     22       2      23
     15      17      24 
 20       9       8       7
  4      16       6      12
     11      19      18 
     21       5      13
          3      14 
--8<--
found: sum= 79.0000 var=  0.0000 fitness= 79.0000 age=0
-->8--
          4      19 
     17      22       1
     13      11       8 
 14      12      18       7
 10      21       2      24
      9      15      20 
      5      23      16
          6       3 
--8<--
found: sum= 73.0000 var=  0.0000 fitness= 73.0000 age=0
-->8--
         13      19 
     15       1      20
     12       9      10 
  2      23      14      24
 11       8       3      18
     17      16       4 
      6      21       7
          5      22 
--8<--
found: sum= 81.0000 var=  0.0000 fitness= 81.0000 age=0
-->8--
         11       7 
      4      17       1
     18      19      23 
 15      12      14       6
 10       2      13       5
     24      21      20 
      9       3      16
         22       8 
--8<--
found: sum= 75.0000 var=  0.0000 fitness= 75.0000 age=0
-->8--
         22      14 
     21      10       6
      3      17       8 
 24       2      20       5
 18      13      19       7
     15       4      16 
      9      23       1
         11      12 
--8<--
found: sum= 74.0000 var=  0.0000 fitness= 74.0000 age=0
-->8--
          5      20 
     13      22      21
     15       2       3 
 14      17       6      19
  1      16      24      10
     11       9      12 
      8       7      18
         23       4 
--8<--
found: sum= 79.0000 var=  0.0000 fitness= 79.0000 age=0
-->8--
          6      13 
      1      23      16
     24       4      14 
 12      21       9      10
  3       8      22      19
     11      15       5 
     20      18      17
          7       2 
--8<--
found: sum= 76.0000 var=  0.0000 fitness= 76.0000 age=0
-->8--
          3      10 
     13      20      11
     17       9       5 
 15      14      21      12
 19       4       6      24
      7      22       8 
     18      23      16
          2       1 
--8<--
found: sum= 77.0000 var=  0.0000 fitness= 77.0000 age=0
-->8--
          4      12 
     20      13       9
      6      19       8 
 10      15      16       7
 17       5      21      14
     24       1      11 
      2      23      18
         22       3 
--8<--
found: sum= 78.0000 var=  0.0000 fitness= 78.0000 age=0
-->8--
         23       9 
      7      19      18
     15      13      11 
  3       1       8       6
 21      14      20      16
     24      22      17 
     12       4       5
          2      10 
--8<--
found: sum= 74.0000 var=  0.0000 fitness= 74.0000 age=0
-->8--
         19      14 
     21       3       8
      1      17      20 
 24      13      12       9
 18      11      15       2
      7       6      16 
      5      23       4
         22      10 
--8<--
execution time: real 0.318776s user 0.217966s sys 0.001999s
GA: P=1024 K=512 sp=2 xover=2D/1 aging
generation #2: pop m= 76.874 v=0.205 f= 74.793
best: found: sum= 85.0000 var=  0.0000 fitness= 85.0000 age=1
-->8--
          5      11 
     13      22       3
     21       9      23 
  1      15      17       2
  6      18      14      10
     24      12      19 
      7      16      20
          8       4 
--8<--
found: sum= 75.0000 var=  0.0000 fitness= 75.0000 age=1
-->8--
          3      12 
     20      15      17
     13      14      11 
 22      10       6      18
  4       5      24       9
     21      16       7 
     23       8      19
          2       1 
--8<--
found: sum= 77.0000 var=  0.0000 fitness= 77.0000 age=2
-->8--
         17      22 
      5       7       6
     20       4      23 
  1      24      15      10
 19       2      18       3
     11      14       8 
     21      16      12
         13       9 
--8<--
found: sum= 76.0000 var=  0.0000 fitness= 76.0000 age=2
-->8--
         10      24 
     20      23       9
     14       2       5 
  3       7      13       1
 19      21      17      22
     12      16      18 
      4       8      11
         15       6 
--8<--
found: sum= 78.0000 var=  0.0000 fitness= 78.0000 age=2
-->8--
         23      10 
      9      24      20
      4       7       1 
 12      11      16       8
 19      14      17      15
     18      13      21 
      5      22       2
          6       3 
--8<--
found: sum= 76.0000 var=  0.0000 fitness= 76.0000 age=1
-->8--
          1      21 
     13      12      14
     24       6      16 
 15      20       7      18
  9       3      23       8
      5      17       4 
     22      19       2
         10      11 
--8<--
found: sum= 77.0000 var=  0.0000 fitness= 77.0000 age=1
-->8--
         21      19 
     16       9       7
      4      17      22 
  2      10       3       1
 14      23      13      18
     24      11      20 
      8       6      12
          5      15 
--8<--
found: sum= 79.0000 var=  0.0000 fitness= 79.0000 age=2
-->8--
          8      12 
     15      19       2
      4      17      20 
 21      16       9       6
 13       3      10      11
     22      24      23 
     18       7      14
          5       1 
--8<--
found: sum= 79.0000 var=  0.0000 fitness= 79.0000 age=2
-->8--
         16       5 
      3      14       2
     11      15      22 
 24      20      21       1
  9       7      12       6
      8       4      17 
     18      23      10
         19      13 
--8<--
found: sum= 74.0000 var=  0.0000 fitness= 74.0000 age=1
-->8--
          5      20 
     13      22      21
     15       2       3 
 14      17       6      19
  1      16      24      10
     11       9      12 
      8       7      18
         23       4 
--8<--
found: sum= 75.0000 var=  0.0000 fitness= 75.0000 age=1
-->8--
          5       8 
     24       3      19
     17      14      10 
 15      12      21       1
 11       4       2      18
     16      22      23 
      7       6       9
         20      13 
--8<--
found: sum= 70.0000 var=  0.0000 fitness= 70.0000 age=2
-->8--
          4       2 
     18      17      10
      1      14       8 
 22      16      19      24
 12      13       3       9
      6       5       7 
     20      11      23
         15      21 
--8<--
found: sum= 81.0000 var=  0.0000 fitness= 81.0000 age=1
-->8--
         11       7 
      4      17       1
     18      19      23 
 15      12      14       6
 10       2      13       5
     24      21      20 
      9       3      16
         22       8 
--8<--
found: sum= 79.0000 var=  0.0000 fitness= 79.0000 age=2
-->8--
          2       3 
      5      15      10
     12      22      21 
  1      23       8      14
 19       6      16      11
     18       4       9 
     24      20      13
          7      17 
--8<--
found: sum= 76.0000 var=  0.0000 fitness= 76.0000 age=1
-->8--
          4      14 
     13       2      10
     11      22      20 
 18      24       8      21
 12       6       7       1
      5       9      19 
     16      23      15
         17       3 
--8<--
found: sum= 77.0000 var=  0.0000 fitness= 77.0000 age=1
-->8--
          4      18 
     10      11      12
     24       9      21 
  5      19       6      15
 14       7      13       2
      8      23      20 
     16       1      17
         22       3 
--8<--
found: sum= 82.0000 var=  0.0000 fitness= 82.0000 age=1
-->8--
          3      15 
      6      22       9
     24       8      16 
  2      19      12       5
  4      10      20      18
     23      13      11 
     21      14      17
          1       7 
--8<--
found: sum= 77.0000 var=  0.0000 fitness= 77.0000 age=2
-->8--
          6       1 
      7      23      11
      4      22      12 
  3      15       8      24
 20      16      14       9
     19       2      10 
     18      17      13
          5      21 
--8<--
found: sum= 78.0000 var=  0.0000 fitness= 78.0000 age=1
-->8--
         23       9 
      7      19      18
     15      13      11 
  3       1       8       6
 21      14      20      16
     24      22      17 
     12       4       5
          2      10 
--8<--
found: sum= 76.0000 var=  0.0000 fitness= 76.0000 age=1
-->8--
          3      10 
     13      20      11
     17       9       5 
 15      14      21      12
 19       4       6      24
      7      22       8 
     18      23      16
          2       1 
--8<--
found: sum= 73.0000 var=  0.0000 fitness= 73.0000 age=1
-->8--
         13      19 
     15       1      20
     12       9      10 
  2      23      14      24
 11       8       3      18
     17      16       4 
      6      21       7
          5      22 
--8<--
found: sum= 75.0000 var=  0.0000 fitness= 75.0000 age=1
-->8--
         22      14 
     21      10       6
      3      17       8 
 24       2      20       5
 18      13      19       7
     15       4      16 
      9      23       1
         11      12 
--8<--
found: sum= 79.0000 var=  0.0000 fitness= 79.0000 age=1
-->8--
          8      12 
     15      19       2
      4      17      20 
 21      16       9       6
 13       3      10      11
     22      24      23 
     18       7      14
          5       1 
--8<--
found: sum= 78.0000 var=  0.0000 fitness= 78.0000 age=2
-->8--
          8      20 
     12       6       5
     18      24      21 
  3      10       2      17
 14      22      16       7
     11       4      15 
      9      19      23
         13       1 
--8<--
found: sum= 72.0000 var=  0.0000 fitness= 72.0000 age=1
-->8--
         22       4 
      1       3      23
      7      24      12 
  2      15       6      11
 21       8       9      20
     19      10      14 
     17       5      16
         13      18 
--8<--
found: sum= 72.0000 var=  0.0000 fitness= 72.0000 age=2
-->8--
         21      17 
     13       1       2
     10      18      20 
 24       9      14      11
  6       4       5      15
     19      22       7 
     16       3      12
          8      23 
--8<--
found: sum= 77.0000 var=  0.0000 fitness= 77.0000 age=2
-->8--
         22      15 
      1      12      18
     24       4       9 
  8      14      19      17
  3       7      10      16
     21      23       6 
     11      13      20
          2       5 
--8<--
found: sum= 73.0000 var=  0.0000 fitness= 73.0000 age=2
-->8--
         12      13 
      2       4      24
     21      14      10 
  1      20       8      11
  5      19       9      18
      7       3      17 
     15       6      16
         23      22 
--8<--
found: sum= 73.0000 var=  0.0000 fitness= 73.0000 age=2
-->8--
          1      14 
     16      15       4
      8      24      11 
 20       9       5       3
 19      10      13      23
      7      12      18 
     21       6      22
         17       2 
--8<--
found: sum= 79.0000 var=  0.0000 fitness= 79.0000 age=1
-->8--
          6      13 
      1      23      16
     24       4      14 
 12      21       9      10
  3       8      22      19
     11      15       5 
     20      18      17
          7       2 
--8<--
found: sum= 81.0000 var=  0.0000 fitness= 81.0000 age=2
-->8--
         20       2 
      5      22      14
     11       4      21 
 13      19      18       7
 17       9       8       3
     12      23      24 
      6      15      10
         16       1 
--8<--
found: sum= 75.0000 var=  0.0000 fitness= 75.0000 age=1
-->8--
         10       1 
     22       2      23
     15      17      24 
 20       9       8       7
  4      16       6      12
     11      19      18 
     21       5      13
          3      14 
--8<--
found: sum= 78.0000 var=  0.0000 fitness= 78.0000 age=2
-->8--
          5       6 
      4      21       1
     19      11      16 
  8      18      23      12
 17       9       2      22
      7      15       3 
     10      24      20
         13      14 
--8<--
found: sum= 72.0000 var=  0.0000 fitness= 72.0000 age=2
-->8--
          1       8 
     20      23      24
      5       2       6 
 17      21       9      22
 10      12      15       4
      7      13      16 
     19       3      14
         18      11 
--8<--
found: sum= 80.0000 var=  0.0000 fitness= 80.0000 age=1
-->8--
          8       1 
     20      21      16
      2      12      23 
 18      17       7       3
  6      24      11      14
     13       9      22 
     10      19       4
          5      15 
--8<--
found: sum= 72.0000 var=  0.0000 fitness= 72.0000 age=2
-->8--
          3      20 
     23      22      10
      4       2      13 
 11      18       5      12
  9      24       7      21
      6      16      14 
     17       1      15
          8      19 
--8<--
found: sum= 77.0000 var=  0.0000 fitness= 77.0000 age=1
-->8--
         11      14 
      1      13       3
     21      19      18 
  9      12      10       2
  5      24       4      23
      6       8      20 
     17       7      22
         15      16 
--8<--
found: sum= 79.0000 var=  0.0000 fitness= 79.0000 age=1
-->8--
          4      19 
     17      22       1
     13      11       8 
 14      12      18       7
 10      21       2      24
      9      15      20 
      5      23      16
          6       3 
--8<--
found: sum= 70.0000 var=  0.0000 fitness= 70.0000 age=2
-->8--
         23      17 
     24       4      19
      3      10       7 
 22       6      13       9
 11       8      21      18
     20      12       2 
     15      14       5
          1      16 
--8<--
found: sum= 83.0000 var=  0.0000 fitness= 83.0000 age=1
-->8--
          1      13 
     15      24       4
     23       2      19 
  5      18      21      14
  6      11       9       8
     20      22      12 
     10      17       7
          3      16 
--8<--
found: sum= 77.0000 var=  0.0000 fitness= 77.0000 age=1
-->8--
         16      22 
      5      21       6
     24       3       7 
 10       8      18      20
 12      14      15       4
      9      19      13 
      1      11      17
         23       2 
--8<--
found: sum= 75.0000 var=  0.0000 fitness= 75.0000 age=1
-->8--
          7      11 
     21       8      18
      3      12      20 
 19      24       6       1
  4       2      17      15
     23      14      16 
     22       5      10
          9      13 
--8<--
found: sum= 74.0000 var=  0.0000 fitness= 74.0000 age=1
-->8--
          9      10 
     21       8       5
     16      17      12 
 13       3      22       6
 20       7       2      14
     15      23      18 
     24       1      11
          4      19 
--8<--
found: sum= 82.0000 var=  0.0000 fitness= 82.0000 age=1
-->8--
         14       6 
      1      20       8
     11      13      17 
 15      23      18      10
  2       7      12       3
     24       9      22 
     21      16      19
          5       4 
--8<--
found: sum= 74.0000 var=  0.0000 fitness= 74.0000 age=1
-->8--
         22       2 
     20      11      17
      4      16       7 
 23       1      21       6
  8      14       9      12
     24      13      19 
     15       5      10
          3      18 
--8<--
found: sum= 79.0000 var=  0.0000 fitness= 79.0000 age=1
-->8--
         15      14 
      4      17       1
     24      10      18 
  2       9      19       7
 21       3      22       8
     20      16       5 
      6      11      13
         23      12 
--8<--
found: sum= 75.0000 var=  0.0000 fitness= 75.0000 age=1
-->8--
         12      20 
     17       1      11
     19       3      22 
  5      23      18       2
 15       4       6      13
      9      21      14 
     24      10      16
          7       8 
--8<--
found: sum= 79.0000 var=  0.0000 fitness= 79.0000 age=1
-->8--
         24       4 
      5      20      21
     22       2      19 
 12       6      13       8
 11      18      23       7
     10      17       9 
     16      15      14
          3       1 
--8<--
found: sum= 74.0000 var=  0.0000 fitness= 74.0000 age=1
-->8--
          4      13 
     19      14      10
      1      21      11 
 17      15       5       9
 12      23       3      24
      6       7      22 
      2      16       8
         20      18 
--8<--
found: sum= 78.0000 var=  0.0000 fitness= 78.0000 age=2
-->8--
          1       9 
     21       4       5
     14      22      23 
 13      16      15      10
  3       8      11      12
     24       6       7 
      2      18      17
         20      19 
--8<--
found: sum= 78.0000 var=  0.0000 fitness= 78.0000 age=2
-->8--
          5      15 
      9      18      16
     22      10      12 
  1      14       7      23
  4      20      21       2
     17       6      13 
     24       8      19
          3      11 
--8<--
found: sum= 74.0000 var=  0.0000 fitness= 74.0000 age=1
-->8--
         19      14 
     21       3       8
      1      17      20 
 24      13      12       9
 18      11      15       2
      7       6      16 
      5      23       4
         22      10 
--8<--
found: sum= 76.0000 var=  0.0000 fitness= 76.0000 age=1
-->8--
          1      22 
     21       7       3
     17      14      19 
 23      16      11       4
  6       2       9      13
     12      24      20 
     18       5      10
         15       8 
--8<--
found: sum= 73.0000 var=  0.0000 fitness= 73.0000 age=2
-->8--
          6       1 
     24       7       9
      5      21      22 
 23      10      13      18
 15      12      14       2
      8       3       4 
     11      19      17
         20      16 
--8<--
found: sum= 78.0000 var=  0.0000 fitness= 78.0000 age=2
-->8--
          2      13 
     15      10       1
     12      22      18 
  4      17      14       9
 19       6       3      11
     20      16      23 
     24       7       8
          5      21 
--8<--
found: sum= 74.0000 var=  0.0000 fitness= 74.0000 age=2
-->8--
          3       6 
     23      18      17
      5       1      13 
 22      24      19       2
  8       4      12      21
     11      14       7 
     20      16      10
          9      15 
--8<--
found: sum= 77.0000 var=  0.0000 fitness= 77.0000 age=2
-->8--
          3       6 
      8       7      21
     22      24       4 
  5      13      15      16
 17      11      12      10
      9       2      20 
     14      23      19
         18       1 
--8<--
found: sum= 72.0000 var=  0.0000 fitness= 72.0000 age=2
-->8--
         22       4 
     16      11       1
      2      15      21 
 13       6      20       7
 19      14       9      10
     18       8       5 
     17       3      23
         12      24 
--8<--
found: sum= 81.0000 var=  0.0000 fitness= 81.0000 age=2
-->8--
          4      10 
     11      14       2
     20      19      24 
 15      13      12       1
  6       9       5      17
     18      23      22 
      8       7      21
         16       3 
--8<--
found: sum= 78.0000 var=  0.0000 fitness= 78.0000 age=1
-->8--
          5       1 
     19      23      13
      7       2      21 
 24      22      18      16
  4      10      12       3
     11      14       8 
     17      20       9
          6      15 
--8<--
found: sum= 76.0000 var=  0.0000 fitness= 76.0000 age=2
-->8--
         15       5 
      3      17      23
     24       4      18 
  7      13       9       6
 20      10      21      14
      2      19       8 
     12      11       1
         22      16 
--8<--
found: sum= 76.0000 var=  0.0000 fitness= 76.0000 age=2
-->8--
         17      18 
      4      19       7
     22       2      20 
  1      12      10       9
 14      16      13      21
     11      23       3 
     15       5      24
          6       8 
--8<--
found: sum= 76.0000 var=  0.0000 fitness= 76.0000 age=1
-->8--
         12      21 
     13       3       8
      9      17      23 
  5      22       4      20
 19       7       2      11
     14      24      16 
      6      15       1
         10      18 
--8<--
found: sum= 79.0000 var=  0.0000 fitness= 79.0000 age=2
-->8--
          1      16 
     20      10       3
      5      21      18 
  4      22      11       9
  7      17       6      12
     24       2      23 
     13      15      14
          8      19 
--8<--
found: sum= 76.0000 var=  0.0000 fitness= 76.0000 age=2
-->8--
         18      19 
      4       2      16
     24      13      23 
 14      15       3       7
  6       8      20      22
      9      17       1 
     10      21       5
         11      12 
--8<--
found: sum= 77.0000 var=  0.0000 fitness= 77.0000 age=1
-->8--
          4      12 
     20      13       9
      6      19       8 
 10      15      16       7
 17       5      21      14
     24       1      11 
      2      23      18
         22       3 
--8<--
found: sum= 71.0000 var=  0.0000 fitness= 71.0000 age=2
-->8--
         14       1 
     24      15      20
      2      10       3 
 18       6      22       8
 21       5      12      17
     19      16       9 
     13       7       4
         11      23 
--8<--
found: sum= 78.0000 var=  0.0000 fitness= 78.0000 age=1
-->8--
         15       7 
      1      20       2
     22      12      13 
 17       8      24      23
 10      16       4       3
      5      14      11 
     18      19      21
          6       9 
--8<--
found: sum= 73.0000 var=  0.0000 fitness= 73.0000 age=1
-->8--
         17      21 
      9       4       1
     24      13      15 
 10       6      19      12
  8      11       2      20
     14      22       5 
      7       3      23
         16      18 
--8<--
found: sum= 81.0000 var=  0.0000 fitness= 81.0000 age=1
-->8--
          5       1 
      2      13      16
     23      18      22 
  7      20      11      10
  6       4       9      17
     21      19      12 
     15      14      24
          8       3 
--8<--
found: sum= 77.0000 var=  0.0000 fitness= 77.0000 age=2
-->8--
         20       2 
     14       7      15
     17      18      19 
 21       1      16      12
  3      24      13       9
     11       5       8 
      4      23       6
         10      22 
--8<--
found: sum= 80.0000 var=  0.0000 fitness= 80.0000 age=2
-->8--
         16      18 
      6       8       3
     24      19      20 
 10       7      12      14
 13       4      15       2
     22      23      17 
      1       9      11
         21       5 
--8<--
found: sum= 78.0000 var=  0.0000 fitness= 78.0000 age=2
-->8--
          2      18 
      3      11      16
     22      23       1 
  5      17       9      21
  7      15       4      19
     12      10      24 
     13      20      14
          8       6 
--8<--
