found: sum= 72.0000 var=  0.0000 fitness= 72.0000
-->8--
         16      20 
      2       3      17
     22      23       5 
  8       6       4      11
 14      12      18      21
     10       9      13 
     19       7       1
         15      24 
--8<--
found: sum= 83.0000 var=  0.0000 fitness= 83.0000
-->8--
          4       7 
     15      24      12
     19      10      16 
  2      11      14       1
 18      20      23       8
     13       5      21 
     17      22       3
          6       9 
--8<--
found: sum= 84.0000 var=  0.0000 fitness= 84.0000
-->8--
          4       5 
      9      18      11
     16      17      19 
 10      20      14       1
 12       2      23       6
     24       8      21 
     15      22       3
         13       7 
--8<--
execution time: real 1.193595s user 0.031995s sys 0.051992s
GA: P=50 K=10 sp=2 xover=2D/1 optrpl=2 optskip=10 optmax=1.142857
generation #5321: pop m= 78.363 v=107.136 f= 34.958 best_age=1
best: found: sum= 84.0000 var=  0.0000 fitness= 84.0000
-->8--
          4       5 
      9      18      11
     16      17      19 
 10      20      14       1
 12       2      23       6
     24       8      21 
     15      22       3
         13       7 
--8<--
