found: sum= 77.0000 var=  0.0000 fitness= 77.0000
-->8--
         16      18 
     23      22      13
     11       2       8 
 12       3      14       1
 10      17      20      19
     24      21      15 
      6       5       9
          4       7 
--8<--
found: sum= 77.0000 var=  0.0000 fitness= 77.0000
-->8--
          7      19 
      4      24      13
     16      18       2 
 23       8       1      17
  5      14      15      20
     11      21      22 
     12      10       3
          9       6 
--8<--
found: sum= 78.0000 var=  0.0000 fitness= 78.0000
-->8--
         20      12 
      5      24       7
     18      10      14 
  8       1      11      22
 15      17      23       6
     19      16       2 
      9      13      21
          4       3 
--8<--
found: sum= 77.0000 var=  0.0000 fitness= 77.0000
-->8--
         20      17 
      3      13      19
     24       1       6 
  2      16      21       4
  9      11      18      23
     15      10       5 
      7      22       8
         12      14 
--8<--
found: sum= 75.0000 var=  0.0000 fitness= 75.0000
-->8--
         22       7 
      2      23      21
      9       1       3 
 10      18      20      16
 15      11      19      13
     12       6       4 
      8      24       5
         14      17 
--8<--
found: sum= 74.0000 var=  0.0000 fitness= 74.0000
-->8--
         23      19 
     17      22       4
      5       6      11 
 14       1      12       8
 16      18      13      21
     20      24       9 
      2       3      15
          7      10 
--8<--
found: sum= 80.0000 var=  0.0000 fitness= 80.0000
-->8--
         20       3 
     21      13      11
     16       8      23 
 12       2      22       9
 18      15      14       5
     17      19       7 
      1      24      10
          4       6 
--8<--
found: sum= 79.0000 var=  0.0000 fitness= 79.0000
-->8--
         22      18 
      5      24       9
     16       4      10 
 12       8      14      15
  7      13      21      17
     23      19       2 
      3      20       6
          1      11 
--8<--
found: sum= 78.0000 var=  0.0000 fitness= 78.0000
-->8--
          5      19 
      6       1       9
     22      23      12 
  4      21      14      16
 15       3      10       2
     13       7      24 
     17      18       8
         20      11 
--8<--
found: sum= 77.0000 var=  0.0000 fitness= 77.0000
-->8--
          5      14 
      4      11       3
     20      24      23 
  8      13       2       1
 21       6      17      22
      9      15      12 
     19      10      16
         18       7 
--8<--
found: sum= 77.0000 var=  0.0000 fitness= 77.0000
-->8--
          1       3 
      9       2      17
     23      18      22 
  8      24      15      12
  5       4      10       7
     13       6      11 
     19      14      20
         21      16 
--8<--
found: sum= 80.0000 var=  0.0000 fitness= 80.0000
-->8--
          7       1 
      4      20      21
     16      11      14 
 10      22      13       8
  6      17      12      15
      9       5      18 
      2      23      19
         24       3 
--8<--
found: sum= 79.0000 var=  0.0000 fitness= 79.0000
-->8--
         19      11 
     21      24      12
      8       4      15 
 16       3      13       2
  9      20      17      14
     23      22      18 
      6       7       5
          1      10 
--8<--
found: sum= 75.0000 var=  0.0000 fitness= 75.0000
-->8--
          6      17 
      9      23      16
      2      11       3 
 15      24       5      21
  1      14       8      20
     19      13      18 
      7      10       4
         12      22 
--8<--
found: sum= 74.0000 var=  0.0000 fitness= 74.0000
-->8--
          1      10 
     20      23      11
     18       7       4 
 15       5      19      22
  9      13      24       2
     14       6       3 
     17       8      21
         16      12 
--8<--
found: sum= 78.0000 var=  0.0000 fitness= 78.0000
-->8--
          2       3 
      8      18       4
      9      22      16 
 12      19      15      14
 10       5       6      20
     23      11       7 
      1      17      24
         21      13 
--8<--
found: sum= 79.0000 var=  0.0000 fitness= 79.0000
-->8--
          4       9 
     19      20      23
     24       1      14 
  6      11      12       8
 15      21      18       5
      2      16      22 
     17      13       7
         10       3 
--8<--
found: sum= 80.0000 var=  0.0000 fitness= 80.0000
-->8--
         22      19 
     20      13      12
      7       4      24 
 11      14       8       9
 10      15      18       5
     23      21      16 
      1      17       6
          3       2 
--8<--
found: sum= 80.0000 var=  0.0000 fitness= 80.0000
-->8--
          8       1 
      6      16       3
     15      18      19 
 12      17      23       5
 21      11       2       7
      4       9      24 
     14      22      13
         20      10 
--8<--
found: sum= 81.0000 var=  0.0000 fitness= 81.0000
-->8--
         22       3 
      4      15       8
      9      20      18 
  5      11      17       6
 13      24       7      10
     19       2      23 
     14      21      12
          1      16 
--8<--
found: sum= 76.0000 var=  0.0000 fitness= 76.0000
-->8--
         23      17 
     22       5       1
     13      10      24 
 20       3      19       2
 11      21       9       4
      8      14      18 
     15      12      16
          6       7 
--8<--
found: sum= 82.0000 var=  0.0000 fitness= 82.0000
-->8--
          3      16 
     10      23       1
     20      14      17 
  5      12      11      15
 19       2      22       9
     24      21       8 
      4      18       6
         13       7 
--8<--
found: sum= 76.0000 var=  0.0000 fitness= 76.0000
-->8--
          5      10 
     18      15      11
     22       4      16 
 17      12      20       9
  8      14      24       6
      3       2       1 
     21      23       7
         13      19 
--8<--
found: sum= 74.0000 var=  0.0000 fitness= 74.0000
-->8--
         16       8 
     19       5       6
      9      10      24 
 13      15      21       2
 18       7       1      23
     12      20       3 
     14      17      22
          4      11 
--8<--
found: sum= 77.0000 var=  0.0000 fitness= 77.0000
-->8--
          7      18 
      4      24      13
     19      11       2 
  8      12       9      15
 17       1      21      16
     20      23      14 
     22       6      10
          5       3 
--8<--
found: sum= 78.0000 var=  0.0000 fitness= 78.0000
-->8--
          3      10 
      7      24       6
     18      14       1 
  2      12      23      13
 22      16       4      17
      8       9      20 
     11      19       5
         15      21 
--8<--
found: sum= 75.0000 var=  0.0000 fitness= 75.0000
-->8--
         22       2 
     17       6       9
      7      13      21 
 14      10      24      20
 11      15       5       1
     18       8       4 
      3      19      16
         12      23 
--8<--
found: sum= 80.0000 var=  0.0000 fitness= 80.0000
-->8--
          7       3 
      4      23      21
     24       2      16 
 11      20      15      17
  6       9      12       1
     10      22      19 
     13       8       5
         18      14 
--8<--
found: sum= 80.0000 var=  0.0000 fitness= 80.0000
-->8--
          1       9 
      8      23      18
     20      15      10 
  6      13       5       3
 16      14      21      22
     11      12      19 
      2      17       7
         24       4 
--8<--
found: sum= 80.0000 var=  0.0000 fitness= 80.0000
-->8--
          5       8 
      6      10       2
     12      23      22 
  9      24      15      11
  3      13       4       7
     19       1      21 
     14      16      18
         17      20 
--8<--
found: sum= 75.0000 var=  0.0000 fitness= 75.0000
-->8--
         21       1 
     15      16      22
     10       5      18 
 12       8      13       2
 14      24      19       3
      7       6      20 
     23       4       9
         11      17 
--8<--
found: sum= 74.0000 var=  0.0000 fitness= 74.0000
-->8--
         22       6 
     23       2      17
     16       7      24 
 13       4      18       3
 12      14      11      10
     15      20       8 
     19       5      21
          1       9 
--8<--
found: sum= 77.0000 var=  0.0000 fitness= 77.0000
-->8--
          4       3 
      7      22       5
      1      24      12 
 18      19      11      20
 21       8       2       9
     10      13      23 
     15      17      16
         14       6 
--8<--
found: sum= 81.0000 var=  0.0000 fitness= 81.0000
-->8--
          3      11 
      1      14       2
     17      22      23 
 10      24       9       6
  8       4       7      16
     18      15      20 
     19      13      21
         12       5 
--8<--
found: sum= 72.0000 var=  0.0000 fitness= 72.0000
-->8--
         17       5 
     18       6      21
      8      22      16 
 15       1       2      12
  9      20      24      14
     19       3       4 
     10       7      11
         13      23 
--8<--
found: sum= 75.0000 var=  0.0000 fitness= 75.0000
-->8--
         22      20 
     10      15      19
      4       1       8 
  2      23      12      13
  6      16      14       7
     24       9      21 
     18       3      11
          5      17 
--8<--
found: sum= 77.0000 var=  0.0000 fitness= 77.0000
-->8--
         23       6 
      4      24      13
     15       9       3 
 12       2      22       1
 10      18      21      14
     20       5      16 
     19       7      17
          8      11 
--8<--
found: sum= 81.0000 var=  0.0000 fitness= 81.0000
-->8--
          1      11 
      7      16       3
     24      18      20 
  2      15      13       9
 14       4      21      12
     22      10       6 
     23      17      19
          5       8 
--8<--
found: sum= 80.0000 var=  0.0000 fitness= 80.0000
-->8--
         14      12 
      2      22       5
     17      15       7 
  6      10      19      24
 23       4      11       3
     20      21      16 
      9      18      13
          8       1 
--8<--
found: sum= 77.0000 var=  0.0000 fitness= 77.0000
-->8--
         18       8 
     15      16      22
     11      10       9 
 17       7      12      13
  1      20      24      14
     21       4       5 
      3      23      19
          6       2 
--8<--
found: sum= 80.0000 var=  0.0000 fitness= 80.0000
-->8--
         21      13 
      3      22       2
     23       5      18 
 19       6      20       9
  4      11      24       1
     17      14       8 
     16      12       7
         10      15 
--8<--
found: sum= 80.0000 var=  0.0000 fitness= 80.0000
-->8--
          2       8 
      7      24       9
     13      23      12 
  3      11       4      22
 20      15      21       5
     18       6      16 
     10      17      19
         14       1 
--8<--
found: sum= 71.0000 var=  0.0000 fitness= 71.0000
-->8--
         13      24 
     16      19       9
     17       2       7 
 23       4      10      12
  8      18      15      21
      1      22       6 
     11       5       3
         14      20 
--8<--
found: sum= 72.0000 var=  0.0000 fitness= 72.0000
-->8--
         19      20 
     21      13      12
      1       7       2 
 14      11      18       4
  6      23       8      16
     17       5      24 
     15       3      22
          9      10 
--8<--
found: sum= 80.0000 var=  0.0000 fitness= 80.0000
-->8--
          1      14 
     13      23       2
      4      15      21 
 18      24       5       7
  3      12      16       9
     19       8      22 
     10      11       6
         20      17 
--8<--
found: sum= 71.0000 var=  0.0000 fitness= 71.0000
-->8--
         17      20 
     21       2      22
      3       4      14 
 15      24       9       5
  8      10      23      13
     11       1       7 
     19      18       6
         12      16 
--8<--
found: sum= 74.0000 var=  0.0000 fitness= 74.0000
-->8--
         18      12 
     15       5      11
      7      20      10 
 13       9      16      14
  2      22       6       4
     21       1      24 
      8       3      23
         19      17 
--8<--
found: sum= 71.0000 var=  0.0000 fitness= 71.0000
-->8--
         15      17 
     12       1       9
      6      21      19 
  5      16       4      24
 23       7       3       8
     14      20      13 
     10       2      22
         18      11 
--8<--
found: sum= 79.0000 var=  0.0000 fitness= 79.0000
-->8--
          6      12 
      2      23       8
     10      14      13 
  5      24       9      15
 16      17       4      18
      7      11      20 
     19      22       1
          3      21 
--8<--
found: sum= 75.0000 var=  0.0000 fitness= 75.0000
-->8--
          8       9 
     19      24      21
     11      10       7 
 22       3       4      17
  6      15      20      13
     18      23      14 
      2       1       5
         16      12 
--8<--
found: sum= 80.0000 var=  0.0000 fitness= 80.0000
-->8--
          6       1 
      5       7      18
     22      21      23 
 14      19      10      12
  4      13       2      17
      8      15      16 
      9      24       3
         11      20 
--8<--
found: sum= 77.0000 var=  0.0000 fitness= 77.0000
-->8--
          9      20 
     21      16      17
     24       4       1 
  5       3      19       6
  8      14      22      18
     23      15      11 
      2      10       7
         13      12 
--8<--
found: sum= 76.0000 var=  0.0000 fitness= 76.0000
-->8--
          8      15 
      2      21      14
     18      22       1 
 19       5       3      17
  6      24      12      23
      4      10      20 
      9      16       7
         13      11 
--8<--
found: sum= 78.0000 var=  0.0000 fitness= 78.0000
-->8--
          4      16 
      3       5      14
     22      21      10 
  6      23      12      17
  9       7       2      19
     11      13      18 
     15      24       1
          8      20 
--8<--
found: sum= 79.0000 var=  0.0000 fitness= 79.0000
-->8--
          3      18 
      2      17      10
     22      14       5 
  9      21      15       4
 12       7      16      20
      8       6      19 
     23      24       1
         11      13 
--8<--
found: sum= 78.0000 var=  0.0000 fitness= 78.0000
-->8--
          2      13 
     10      15      11
     18      19      12 
  1      14       8       9
 16      24       6      20
      5       7      23 
      3      17       4
         22      21 
--8<--
found: sum= 78.0000 var=  0.0000 fitness= 78.0000
-->8--
         23       4 
      3       7      21
     20       6      22 
 15      19      18      17
  1      11      14       2
     12      10       5 
      8      24       9
         13      16 
--8<--
found: sum= 80.0000 var=  0.0000 fitness= 80.0000
-->8--
         12      14 
      5      24      17
     19       2       8 
  3      18      15      11
  4      16      22       1
     20       7      23 
     10       6      13
         21       9 
--8<--
found: sum= 78.0000 var=  0.0000 fitness= 78.0000
-->8--
          5      11 
     10      13      18
     24       3      17 
  4      23      16      22
  6      20       7       2
      1       9      14 
     19      21      15
          8      12 
--8<--
found: sum= 75.0000 var=  0.0000 fitness= 75.0000
-->8--
         23       5 
      4      17      16
      1      12      22 
 21      18       3      10
  2      13      15      19
     20      14       6 
      8       9       7
         11      24 
--8<--
found: sum= 74.0000 var=  0.0000 fitness= 74.0000
-->8--
          4      16 
      2      17       1
     12      21      11 
 22      18       8      23
  6       9       5      24
      7      13       3 
     10      20      14
         15      19 
--8<--
found: sum= 71.0000 var=  0.0000 fitness= 71.0000
-->8--
         21      16 
      3      22      19
      4       7       1 
 17      14       6      23
  2      24       8      20
     10      12      13 
      9       5      18
         11      15 
--8<--
found: sum= 81.0000 var=  0.0000 fitness= 81.0000
-->8--
          7       4 
      3      21       8
     16      15      23 
  1      19      10      17
 24       9       6       5
     12      22      20 
     11      13       2
         14      18 
--8<--
found: sum= 79.0000 var=  0.0000 fitness= 79.0000
-->8--
         13      20 
      2       3       1
     24      22      21 
  8      15      12      17
  4       5       9      14
     23      16       6 
      7      18      11
         10      19 
--8<--
found: sum= 74.0000 var=  0.0000 fitness= 74.0000
-->8--
         15      22 
     11       1      18
     24       3      21 
  5      20       9      17
  4       7      12      13
     14      23       2 
      6       8      10
         16      19 
--8<--
found: sum= 81.0000 var=  0.0000 fitness= 81.0000
-->8--
          8       1 
     17      21       5
     22      11      24 
 20       2      19       3
 18      10      16       4
      9      23      15 
     13      14       7
         12       6 
--8<--
found: sum= 79.0000 var=  0.0000 fitness= 79.0000
-->8--
          2      18 
     19       5       1
     23      20      24 
  8      10      11      21
  7       9      13       4
     22      16       6 
      3      15      12
         14      17 
--8<--
found: sum= 79.0000 var=  0.0000 fitness= 79.0000
-->8--
         13       5 
     12      21       9
     24       6      16 
 15       3      22       2
 19       8      17      18
     10      23       4 
      7      20      14
         11       1 
--8<--
found: sum= 77.0000 var=  0.0000 fitness= 77.0000
-->8--
         17       8 
     15       1       2
     21      19      23 
 20       4      24       9
  3      13      10       5
     16       7       6 
     12      18      14
         11      22 
--8<--
found: sum= 75.0000 var=  0.0000 fitness= 75.0000
-->8--
         21      15 
     19       1      23
     14       3      24 
 16      17       9       8
  6       4      22       5
     18      20       7 
     10      11       2
         12      13 
--8<--
found: sum= 79.0000 var=  0.0000 fitness= 79.0000
-->8--
          3       6 
      2      13       8
     22      21      24 
 12      18       7      11
  1       9      19      14
     17       5       4 
     10      15      20
         23      16 
--8<--
found: sum= 82.0000 var=  0.0000 fitness= 82.0000
-->8--
          4      12 
      8      20       3
     13      23      15 
  5      14       9      21
 17      11      19       2
     22       6      16 
      1      24      10
         18       7 
--8<--
found: sum= 82.0000 var=  0.0000 fitness= 82.0000
-->8--
          7       1 
      6      21      15
     18       8      23 
  2      22      14       4
 17       3      24       5
     20      11      12 
     19      16      10
         13       9 
--8<--
found: sum= 74.0000 var=  0.0000 fitness= 74.0000
-->8--
         19       8 
     20       2       4
      7      23      24 
 14       3      13       5
 22      12       6      15
     16      17      11 
      1      10       9
         18      21 
--8<--
found: sum= 79.0000 var=  0.0000 fitness= 79.0000
-->8--
          3      12 
      7       5      15
     24      17      16 
  4      23      14      19
  6       1      11      10
     21      13       9 
     22      20       8
          2      18 
--8<--
found: sum= 78.0000 var=  0.0000 fitness= 78.0000
-->8--
          6      21 
     10      20       3
     23       2      18 
  4      17      14      13
 11      22      16       8
      1       7       9 
     24      19      15
          5      12 
--8<--
found: sum= 70.0000 var=  0.0000 fitness= 70.0000
-->8--
         19      12 
     21      17      23
      1       3       4 
 14       9      11       7
 15      13      24      16
     18      10       8 
     22       2      20
          5       6 
--8<--
found: sum= 79.0000 var=  0.0000 fitness= 79.0000
-->8--
         15       3 
     10      24      18
      7       1      19 
  8      22      14       4
  6      20       9      21
     16      13      12 
      2      17       5
         11      23 
--8<--
found: sum= 73.0000 var=  0.0000 fitness= 73.0000
-->8--
         23       5 
     16       1      12
      2      22      19 
 20       9      14       6
 21      17       8      11
      4       3      15 
     18      24      13
          7      10 
--8<--
found: sum= 82.0000 var=  0.0000 fitness= 82.0000
-->8--
          2      12 
      9      20       5
     14      21      13 
  7      16      11      15
 17       6      24       1
     22       4      18 
     19      23      10
          8       3 
--8<--
found: sum= 77.0000 var=  0.0000 fitness= 77.0000
-->8--
          4      17 
      5      13       1
     21      12      23 
  7      22      11       6
  9      10       3      16
      8      19      18 
     24       2      20
         14      15 
--8<--
found: sum= 68.0000 var=  0.0000 fitness= 68.0000
-->8--
         18      24 
     19       1      11
     10      13      15 
 12       7       4      14
  8      22      17      16
      9       5       2 
     23       3      21
          6      20 
--8<--
found: sum= 74.0000 var=  0.0000 fitness= 74.0000
-->8--
         12      17 
      8       9       2
      7      24      21 
 23      14       1      16
  6      13       3      15
     11      19      18 
     22       4      10
          5      20 
--8<--
found: sum= 72.0000 var=  0.0000 fitness= 72.0000
-->8--
         18       5 
      9       2      22
     15      16      14 
 19      12      13       6
 11       7      21      17
      8       3       1 
     10      20      23
         24       4 
--8<--
found: sum= 75.0000 var=  0.0000 fitness= 75.0000
-->8--
          4       9 
      5       7      10
     19      23      15 
 12      17      11      20
  8       6       2      24
     13      16       3 
      1      18      22
         21      14 
--8<--
found: sum= 78.0000 var=  0.0000 fitness= 78.0000
-->8--
         14      17 
      7       1      20
     23       9      19 
 13      24      12      18
  3      11       6       2
      4      16      21 
     10      22       5
         15       8 
--8<--
found: sum= 82.0000 var=  0.0000 fitness= 82.0000
-->8--
          3      12 
     10      21       7
     20       6      13 
  1      22      23       5
 18       4       8       9
     17      19      24 
     11      15       2
         16      14 
--8<--
found: sum= 74.0000 var=  0.0000 fitness= 74.0000
-->8--
         16      21 
     14      20       7
     12       3       8 
 19       9      15      11
 10       1      22      13
     23      24       5 
      6       2      17
         18       4 
--8<--
found: sum= 72.0000 var=  0.0000 fitness= 72.0000
-->8--
         24      19 
     18       7      13
      2      20       4 
 14       1       9      11
 12      21      15      16
     22       6      17 
      5       8       3
         10      23 
--8<--
found: sum= 81.0000 var=  0.0000 fitness= 81.0000
-->8--
          8      14 
      6      21      15
     24       2      16 
 12      20      13      11
  7       1      22      10
     17      23       9 
     19      18       5
          3       4 
--8<--
found: sum= 75.0000 var=  0.0000 fitness= 75.0000
-->8--
          2      21 
     17      22       6
     11       3       7 
 10      20      16      14
  9      12       1      19
     13      23      18 
     15       4       5
          8      24 
--8<--
found: sum= 77.0000 var=  0.0000 fitness= 77.0000
-->8--
         14       6 
     19      21       7
      3      16       9 
 22       4      18      20
 15      10       5      13
     23      24      12 
      1      17      11
          2       8 
--8<--
found: sum= 76.0000 var=  0.0000 fitness= 76.0000
-->8--
          7       4 
      5       9      21
     23      19      11 
  8      13      12      15
 16       2       6      10
     14      24      22 
     18       1       3
         17      20 
--8<--
found: sum= 81.0000 var=  0.0000 fitness= 81.0000
-->8--
         14       5 
     22       6      17
     13      11      23 
 10      15      19       8
  2      20       4       3
     21      12      24 
      1      18       7
          9      16 
--8<--
found: sum= 78.0000 var=  0.0000 fitness= 78.0000
-->8--
          4       9 
      3      24      19
     18      23       1 
  5       6       2      22
 15      13      20      17
     21      14      16 
      8      10       7
         12      11 
--8<--
found: sum= 79.0000 var=  0.0000 fitness= 79.0000
-->8--
         16      21 
      8      20      10
     12       1      24 
  7      22       3       5
  2      19      23       6
     17      11      18 
     13       4      14
         15       9 
--8<--
found: sum= 75.0000 var=  0.0000 fitness= 75.0000
-->8--
         22       2 
      9      17      19
      1      15      16 
 20      11       6       4
  8      14      24      12
     21       5      13 
     18       7      23
         10       3 
--8<--
found: sum= 78.0000 var=  0.0000 fitness= 78.0000
-->8--
          4      24 
      3      12       6
     18      20      11 
  7      21       5       9
  8      14      17      13
     10       1      23 
     15      16       2
         22      19 
--8<--
found: sum= 78.0000 var=  0.0000 fitness= 78.0000
-->8--
          1      13 
      8      18      12
     14      20       5 
  4      17      10       7
 16       6      22      11
     21       3      23 
     15       9       2
         24      19 
--8<--
found: sum= 75.0000 var=  0.0000 fitness= 75.0000
-->8--
          1      21 
     16       2      18
     24       9      19 
  3      23       6      10
  8      13      17      11
      4       7      12 
     15      14       5
         22      20 
--8<--
found: sum= 79.0000 var=  0.0000 fitness= 79.0000
-->8--
          1       2 
     15      23       5
     24      13      20 
 11       3      16      12
 17      18       7      10
      6      22      14 
     21       8      19
          4       9 
--8<--
found: sum= 75.0000 var=  0.0000 fitness= 75.0000
-->8--
          2      16 
     24       3      17
     22      10       8 
 18      14      21      15
  9       5       6      13
      7      19      12 
     20      23      11
          1       4 
--8<--
found: sum= 75.0000 var=  0.0000 fitness= 75.0000
-->8--
         14       7 
     23      24      12
      8       1      15 
 19       5      16       6
 21      20      11      18
      2      22       9 
      4      17       3
         10      13 
--8<--
found: sum= 79.0000 var=  0.0000 fitness= 79.0000
-->8--
         15       1 
     10      24      20
      9       3      14 
 19      18      17       6
  7       5      23       8
     21      13      11 
     22      16      12
          2       4 
--8<--
found: sum= 75.0000 var=  0.0000 fitness= 75.0000
-->8--
         12      19 
      9       1      18
     23       6      21 
  3      24      10       2
  8      13      17      14
      4       5      11 
     16      15       7
         22      20 
--8<--
found: sum= 77.0000 var=  0.0000 fitness= 77.0000
-->8--
         18      15 
     17      21      11
      4      12       8 
 16       5      10      14
 22       7      24       1
     23      19      20 
      6       9       2
         13       3 
--8<--
found: sum= 78.0000 var=  0.0000 fitness= 78.0000
-->8--
          3      16 
      4      19       1
     11      20      10 
 23      21      12      17
  2      13       7      14
      8       5      18 
      6      24      15
         22       9 
--8<--
found: sum= 78.0000 var=  0.0000 fitness= 78.0000
-->8--
          2       6 
      3      17      13
     22      16      14 
 11      18      12      23
  9      10       1       4
      8      21      24 
     19       5       7
         15      20 
--8<--
found: sum= 75.0000 var=  0.0000 fitness= 75.0000
-->8--
          4      19 
     12      22       1
      3      21       2 
 24      13      10      20
 11      17       5      15
      7       9      23 
      8      18       6
         16      14 
--8<--
found: sum= 80.0000 var=  0.0000 fitness= 80.0000
-->8--
          4      11 
     12      15       1
      8      22      14 
  6      19      17      16
 10      13       7       5
     24       2      21 
     20      18       9
          3      23 
--8<--
found: sum= 76.0000 var=  0.0000 fitness= 76.0000
-->8--
         16       6 
     12      14       1
     19      10      23 
  3       5      22       7
 21      15       4      18
     13      20       2 
     11       9      24
          8      17 
--8<--
found: sum= 77.0000 var=  0.0000 fitness= 77.0000
-->8--
         19      24 
      7       6       2
      9      23      10 
 15      13      12      14
  3      17      11       8
     20       1      22 
      5      18      21
         16       4 
--8<--
found: sum= 84.0000 var=  0.0000 fitness= 84.0000
-->8--
          5      10 
      4      21       3
     20      15      22 
  7      19      13       1
 14       8      18       6
     16      11      24 
     23      17      12
          9       2 
--8<--
execution time: real 0.390683s user 0.012998s sys 0.008998s
GA: P=50 K=10 sp=2 xover=2D/1 optrpl=2 optskip=10 optmax=1.005952
generation #509: pop m= 78.960 v= 56.904 f= 51.945 best_age=1
best: found: sum= 84.0000 var=  0.0000 fitness= 84.0000
-->8--
          5      10 
      4      21       3
     20      15      22 
  7      19      13       1
 14       8      18       6
     16      11      24 
     23      17      12
          9       2 
--8<--
