found: sum= 77.0000 var=  0.0000 fitness= 77.0000
-->8--
          2      12 
      1      23      10
     14      24       5 
 20      13       3      19
 15       9      11      18
      6      17      21 
      7      16       8
         22       4 
--8<--
found: sum= 77.0000 var=  0.0000 fitness= 77.0000
-->8--
         20      11 
     19      12      14
      6       2      17 
  1      18      21      15
 13      23       9       5
     16       4      10 
      3      24      22
          7       8 
--8<--
found: sum= 78.0000 var=  0.0000 fitness= 78.0000
-->8--
         21      20 
      5      11       3
     22       2      23 
 18      17      19       1
  4      10       6      16
      7      24      13 
      8      14       9
         15      12 
--8<--
found: sum= 73.0000 var=  0.0000 fitness= 73.0000
-->8--
         20       1 
     18       3      16
     17       7      22 
 23       8      24      11
 14       5      10       2
      6      19       4 
      9      13      12
         21      15 
--8<--
found: sum= 75.0000 var=  0.0000 fitness= 75.0000
-->8--
         21       9 
      1       4      17
     20       5      18 
 12      24      22      15
  2      10       6      11
      7       8       3 
     13      23      16
         14      19 
--8<--
found: sum= 71.0000 var=  0.0000 fitness= 71.0000
-->8--
         24      19 
     14       2      20
      5      22       1 
  6       4       7      15
 23      16       9      21
     17      13      18 
     10      12      11
          3       8 
--8<--
found: sum= 77.0000 var=  0.0000 fitness= 77.0000
-->8--
          2       3 
     23       7      16
     10      20      17 
 21      15      14       6
  9       4       5      24
     18      19      11 
      1      22       8
         13      12 
--8<--
found: sum= 77.0000 var=  0.0000 fitness= 77.0000
-->8--
         23      17 
      8       1      22
     20       6      18 
  7      19      13      15
  5       2      16       3
     24      21      12 
      9      10      14
         11       4 
--8<--
found: sum= 76.0000 var=  0.0000 fitness= 76.0000
-->8--
         19      18 
      2      23      16
     24       3       1 
 14       5      15       4
 10      11      22      21
     12      20      13 
      9       7       8
         17       6 
--8<--
found: sum= 76.0000 var=  0.0000 fitness= 76.0000
-->8--
         22      17 
     15       5      21
     23       1      20 
 18      10      12       2
  3      13      24      14
      9      16       4 
      8      19       6
         11       7 
--8<--
found: sum= 77.0000 var=  0.0000 fitness= 77.0000
-->8--
         18       1 
     16      23      17
      8       3      22 
  4       9      11      10
 12      20      19      13
     24      15       2 
      7       6      14
          5      21 
--8<--
found: sum= 78.0000 var=  0.0000 fitness= 78.0000
-->8--
          8       3 
     12      20      21
     24      13      14 
 11       1       7       5
 15      23      16      17
      4      18      19 
     22       9       6
          2      10 
--8<--
found: sum= 76.0000 var=  0.0000 fitness= 76.0000
-->8--
         11       8 
      2      24       9
     12      13       4 
 10      14      18      16
 19      20       6      15
      1       5      17 
     21      22       3
          7      23 
--8<--
found: sum= 81.0000 var=  0.0000 fitness= 81.0000
-->8--
          7      21 
      6      13      16
     24      12      18 
 11      19       1      14
  2      17      23       5
      8       9      20 
     15      22       3
         10       4 
--8<--
found: sum= 76.0000 var=  0.0000 fitness= 76.0000
-->8--
         16       9 
     22       8       6
      5      23      19 
 17       2      11      12
 20      18      21       3
     14       1      10 
     15      24      13
          4       7 
--8<--
found: sum= 77.0000 var=  0.0000 fitness= 77.0000
-->8--
          4       1 
      5      21      13
      9      14      20 
  3      24       8      15
 22       2      18      10
     17      11       6 
     19      12      23
         16       7 
--8<--
found: sum= 79.0000 var=  0.0000 fitness= 79.0000
-->8--
         11      12 
      5      23       1
     22      15       4 
  2       3      24       9
 17      16       8      14
     19      13      20 
     18       7      10
          6      21 
--8<--
found: sum= 80.0000 var=  0.0000 fitness= 80.0000
-->8--
          1       2 
      9      21       4
     15      23      10 
  5      11      20       7
 14      17       3      16
     18       6      24 
     19      12      22
          8      13 
--8<--
found: sum= 79.0000 var=  0.0000 fitness= 79.0000
-->8--
          6       4 
      3      23      18
     20       5      10 
 14      22      19       1
  9      12       8      17
      2      13      24 
     15      16       7
         21      11 
--8<--
found: sum= 80.0000 var=  0.0000 fitness= 80.0000
-->8--
          3       2 
     23       4      17
     18      22      20 
  9      10      15       7
 19      11       8       6
     13      14      24 
     16      21      12
          5       1 
--8<--
found: sum= 76.0000 var=  0.0000 fitness= 76.0000
-->8--
          5       1 
     18      24       9
      7      20      12 
 15       2      10       6
 14      17      19      16
     21       8      13 
     23       3      11
          4      22 
--8<--
found: sum= 76.0000 var=  0.0000 fitness= 76.0000
-->8--
          1      13 
      4      17       8
     12      18      11 
 15      24       9      21
  2      16       6      19
      7       3      10 
      5      23      20
         22      14 
--8<--
found: sum= 75.0000 var=  0.0000 fitness= 75.0000
-->8--
         10       3 
     20      11      22
      4      24      14 
 15       6       1      19
 18      23       8      17
      9      13      16 
      7      21      12
          2       5 
--8<--
found: sum= 77.0000 var=  0.0000 fitness= 77.0000
-->8--
          4      12 
     14       5      16
     13      23      11 
  8      18      10       9
  6      17       7      19
     15       2      21 
      1      20       3
         22      24 
--8<--
found: sum= 77.0000 var=  0.0000 fitness= 77.0000
-->8--
         18       1 
      5      21      12
     23       2      17 
  9       8      24       6
 19       7      16       4
     11      20      10 
     22       3      13
         14      15 
--8<--
found: sum= 78.0000 var=  0.0000 fitness= 78.0000
-->8--
          2       1 
      4      18       3
      9      22      21 
 12      23      13       6
 11       8       7      14
     15       5      17 
     24      10      19
         16      20 
--8<--
found: sum= 82.0000 var=  0.0000 fitness= 82.0000
-->8--
         11      16 
     10      23       3
     19       2      18 
  6      17      20      13
 12       7      22       4
     21      14       5 
      1      24       8
         15       9 
--8<--
found: sum= 83.0000 var=  0.0000 fitness= 83.0000
-->8--
         17       1 
      4      16      14
     21       7      22 
 11      18      23       2
  6       3      19       5
     24      13      12 
     15      20      10
          8       9 
--8<--
found: sum= 77.0000 var=  0.0000 fitness= 77.0000
-->8--
         20      17 
     19       6      15
     22       3      13 
  4       7      23       1
 14      18       5      11
     12      21      24 
      2       8       9
         16      10 
--8<--
execution time: real 0.195888s user 0.006998s sys 0.001999s
GA: P=50 K=10 sp=2 xover=2D/1 optrpl=2 optskip=10 optmax=1.142857
generation #76: pop m= 78.569 v= 49.571 f= 55.013 best_age=1
best: found: sum= 83.0000 var=  0.0000 fitness= 83.0000
-->8--
         17       1 
      4      16      14
     21       7      22 
 11      18      23       2
  6       3      19       5
     24      13      12 
     15      20      10
          8       9 
--8<--
found: sum= 77.0000 var=  0.0000 fitness= 77.0000
-->8--
         18       1 
     16      23      17
      8       3      22 
  4       9      11      10
 12      20      19      13
     24      15       2 
      7       6      14
          5      21 
--8<--
found: sum= 77.0000 var=  0.0000 fitness= 77.0000
-->8--
         20      17 
     19       6      15
     22       3      13 
  4       7      23       1
 14      18       5      11
     12      21      24 
      2       8       9
         16      10 
--8<--
found: sum= 77.0000 var=  0.0000 fitness= 77.0000
-->8--
         18       1 
      5      21      12
     23       2      17 
  9       8      24       6
 19       7      16       4
     11      20      10 
     22       3      13
         14      15 
--8<--
found: sum= 82.0000 var=  0.0000 fitness= 82.0000
-->8--
         11      16 
     10      23       3
     19       2      18 
  6      17      20      13
 12       7      22       4
     21      14       5 
      1      24       8
         15       9 
--8<--
found: sum= 78.0000 var=  0.0000 fitness= 78.0000
-->8--
          2       1 
      4      18       3
      9      22      21 
 12      23      13       6
 11       8       7      14
     15       5      17 
     24      10      19
         16      20 
--8<--
found: sum= 81.0000 var=  0.0000 fitness= 81.0000
-->8--
          7      21 
      6      13      16
     24      12      18 
 11      19       1      14
  2      17      23       5
      8       9      20 
     15      22       3
         10       4 
--8<--
