found: sum= 78.0000 var=  0.0000 fitness= 78.0000 age=0
-->8--
          6      14 
      1      11       4
     23      24      20 
  9      13       5       3
 16       7      17      15
     10      12      18 
     22       8      21
         19       2 
--8<--
found: sum= 78.0000 var=  0.0000 fitness= 78.0000 age=0
-->8--
         15      21 
      2      17       1
     16      20      13 
 18       8       6       9
 10       7      23      24
     19      14       3 
     11      22      12
          5       4 
--8<--
found: sum= 72.0000 var=  0.0000 fitness= 72.0000 age=0
-->8--
          5      24 
     21      22       9
      7       6       3 
 20      11       8      23
 14      19      10      16
      1      18      12 
      2      15       4
         17      13 
--8<--
found: sum= 76.0000 var=  0.0000 fitness= 76.0000 age=0
-->8--
         12      17 
     23      16      14
      4       1      10 
 19      20      18      11
  7       2      13       3
     24      22      21 
      8       5       9
         15       6 
--8<--
found: sum= 79.0000 var=  0.0000 fitness= 79.0000 age=0
-->8--
          4       2 
      7      24       8
     19      20      16 
  1       5       9      23
 22      14      10      15
     18      21       6 
      3      12      13
         11      17 
--8<--
found: sum= 79.0000 var=  0.0000 fitness= 79.0000 age=0
-->8--
         10       9 
      2      15       5
     12      24      18 
  4      16       8      19
 21       6       3      14
     20      22      17 
      7      13      23
         11       1 
--8<--
found: sum= 78.0000 var=  0.0000 fitness= 78.0000 age=0
-->8--
         14       2 
      5       8       6
     12      23      24 
  9      16      15      19
 11      13      10       3
     17       1       7 
     21      22      18
          4      20 
--8<--
found: sum= 77.0000 var=  0.0000 fitness= 77.0000 age=0
-->8--
          6      17 
     24      18       7
     11       5       8 
 12      13      22      20
 10      15       3       1
     16      19      23 
     14       9       2
          4      21 
--8<--
found: sum= 77.0000 var=  0.0000 fitness= 77.0000 age=0
-->8--
          1       9 
     23      22       2
      5       6      14 
  7      20      24      11
 17      15       4       3
     13       8      21 
     12      10      18
         19      16 
--8<--
found: sum= 73.0000 var=  0.0000 fitness= 73.0000 age=0
-->8--
          2       9 
     18      17      21
     16       1      13 
 11      19      12      24
 15       7      14       4
      5      20       6 
     23       8       3
         10      22 
--8<--
found: sum= 77.0000 var=  0.0000 fitness= 77.0000 age=0
-->8--
          5       8 
     17       9      10
      7      16      19 
 18      23      15       2
 11      14       6      13
      4       3      22 
     20      24       1
         12      21 
--8<--
found: sum= 79.0000 var=  0.0000 fitness= 79.0000 age=0
-->8--
         15      20 
      1      11       8
     17      14      19 
  4      21       7      10
  6       9      23      18
     22       5       2 
     16      24      13
          3      12 
--8<--
found: sum= 74.0000 var=  0.0000 fitness= 74.0000 age=0
-->8--
         24      10 
      1       3      15
      5      23      19 
 13      18       4      22
  2      16       7       8
     20       6      14 
     11       9      21
         12      17 
--8<--
found: sum= 73.0000 var=  0.0000 fitness= 73.0000 age=0
-->8--
         23      20 
      7      16      21
     14       3       1 
  5      10      12      15
  9      13      18      19
     22      17       8 
      6       4       2
         11      24 
--8<--
found: sum= 78.0000 var=  0.0000 fitness= 78.0000 age=0
-->8--
         16       3 
     15      18      11
      2      14      23 
  1      13       9      19
 21      24      12       5
     17       6      10 
      4      20      22
          7       8 
--8<--
found: sum= 76.0000 var=  0.0000 fitness= 76.0000 age=0
-->8--
          6       5 
     21       4      16
     11      24      15 
  9      10      12      13
 18      20       3      14
      8       7      19 
     17      23      22
          1       2 
--8<--
found: sum= 76.0000 var=  0.0000 fitness= 76.0000 age=0
-->8--
         12       7 
      3      11      22
     24      10      18 
  6      16       8      19
 15      13       9       1
      2      20      21 
     23       4       5
         14      17 
--8<--
found: sum= 77.0000 var=  0.0000 fitness= 77.0000 age=0
-->8--
          7       2 
     14      10       5
      3      21      24 
 18      22      15      11
 17       1       6       8
     16      12      13 
      9      19       4
         20      23 
--8<--
found: sum= 74.0000 var=  0.0000 fitness= 74.0000 age=0
-->8--
         21       2 
      8       1      22
     20      18       7 
 13       6      24       5
 15       9       3      23
     11      14      12 
      4      19      10
         17      16 
--8<--
found: sum= 78.0000 var=  0.0000 fitness= 78.0000 age=0
-->8--
         18       6 
      4      13      17
     22       7      24 
  2      14      11      12
 16       5      20       8
     19      21       3 
     23       9      15
          1      10 
--8<--
found: sum= 76.0000 var=  0.0000 fitness= 76.0000 age=0
-->8--
         16      24 
      7      13      11
     22       6       2 
  1      12      20      10
  8      18      17       4
     15       3      23 
     21       5       9
         14      19 
--8<--
found: sum= 76.0000 var=  0.0000 fitness= 76.0000 age=0
-->8--
         16       5 
      2      18      24
     10      13       1 
 11      17      15      22
  8      21       3      12
      9       7      23 
     14      19      20
          6       4 
--8<--
found: sum= 80.0000 var=  0.0000 fitness= 80.0000 age=0
-->8--
         15      10 
      2      16      18
     19       4      12 
  6      24      20       3
 17       5      13      11
      9      14      21 
     22      23       1
          7       8 
--8<--
found: sum= 81.0000 var=  0.0000 fitness= 81.0000 age=0
-->8--
          1      18 
     15      16       8
     24       5      22 
  9      20      12      11
  7       4      19      14
     17      21       3 
      6      23      13
         10       2 
--8<--
found: sum= 75.0000 var=  0.0000 fitness= 75.0000 age=0
-->8--
          9       1 
      2      21       8
     20      17      12 
 18       6      16       7
 23       3      22      14
      5      11       4 
     19      13      15
         24      10 
--8<--
found: sum= 79.0000 var=  0.0000 fitness= 79.0000 age=0
-->8--
         11      12 
      1      16      13
     14      15      20 
  4      22       3      24
  8      10       6       7
     21      23      19 
     18       5      17
          2       9 
--8<--
found: sum= 80.0000 var=  0.0000 fitness= 80.0000 age=0
-->8--
         15       1 
     13      17       9
     16      12      18 
  6       7      23       2
 21       8      20      14
     22      10       3 
     11      24      19
          5       4 
--8<--
found: sum= 80.0000 var=  0.0000 fitness= 80.0000 age=0
-->8--
          6       3 
      1      24      14
     17      13      18 
  5      19       8      20
 12      16       9       2
     11      15      23 
     10       7      22
         21       4 
--8<--
found: sum= 77.0000 var=  0.0000 fitness= 77.0000 age=0
-->8--
         14      19 
      3      18      10
      2      17       9 
 16      23       4      21
  7       5      15       8
     24      13      20 
      1      12       6
         22      11 
--8<--
found: sum= 74.0000 var=  0.0000 fitness= 74.0000 age=0
-->8--
          9       3 
      8      14      11
     15      12      10 
 19      16      24       1
 18       2      13      20
      4       7       6 
     23      21      22
         17       5 
--8<--
found: sum= 76.0000 var=  0.0000 fitness= 76.0000 age=0
-->8--
         23      12 
      1       4       2
     20      19      18 
 22       9      21       8
  5       3      10      13
     17      14       6 
     16      15       7
         11      24 
--8<--
found: sum= 81.0000 var=  0.0000 fitness= 81.0000 age=0
-->8--
         17       2 
      1       4      13
     19      22      24 
 11      18      16       3
  7      12       5      10
     14       8      23 
     20      21       9
          6      15 
--8<--
found: sum= 74.0000 var=  0.0000 fitness= 74.0000 age=0
-->8--
          6       7 
     11      15      19
     23      14       3 
  4       5      16       1
 21      13      24      18
      8       2      12 
     22       9      17
         20      10 
--8<--
found: sum= 74.0000 var=  0.0000 fitness= 74.0000 age=0
-->8--
         17      20 
      8       9      18
      3      24       2 
 22      13       1      15
  5      10      14      23
     21      12      19 
     11      16       6
          4       7 
--8<--
found: sum= 74.0000 var=  0.0000 fitness= 74.0000 age=0
-->8--
          5      10 
     15      22      19
      9       3       4 
  1      20      16      11
 18      12       6      24
     14      17      13 
     21       8       7
          2      23 
--8<--
found: sum= 79.0000 var=  0.0000 fitness= 79.0000 age=0
-->8--
          9       2 
      5      21       4
     23      20      10 
 11       1      22      24
 12      17      13       3
     15       6       7 
     14      19      16
          8      18 
--8<--
found: sum= 80.0000 var=  0.0000 fitness= 80.0000 age=0
-->8--
          3       9 
     18      13       8
      7      15      21 
 16      24      14       4
  6       5      10      11
     22      12      20 
     23      17      19
          1       2 
--8<--
found: sum= 76.0000 var=  0.0000 fitness= 76.0000 age=0
-->8--
         19       6 
      5      16      20
     21       3      22 
  1      12       9      18
 17      14      15      10
     11      23       2 
      7       8      24
         13       4 
--8<--
found: sum= 79.0000 var=  0.0000 fitness= 79.0000 age=0
-->8--
         16      21 
     14      15      13
     22       2      20 
  5      10       8       6
 19      12      24       3
     11      23      18 
     17       9       1
          7       4 
--8<--
found: sum= 76.0000 var=  0.0000 fitness= 76.0000 age=0
-->8--
          5      19 
     14      10       9
     15      11       7 
 16      21      20       2
  3       4      12      22
     17       8      13 
      6      18      24
         23       1 
--8<--
found: sum= 72.0000 var=  0.0000 fitness= 72.0000 age=0
-->8--
         21      15 
      5       4      23
     13      10       8 
 16      19      12      24
  1       6       3      18
     17      22       7 
     14      11       9
          2      20 
--8<--
found: sum= 77.0000 var=  0.0000 fitness= 77.0000 age=0
-->8--
          6       2 
     14       9       4
      3      23      24 
 16      22      15      13
 17       1       5       8
     18      11      12 
      7      19      10
         21      20 
--8<--
found: sum= 75.0000 var=  0.0000 fitness= 75.0000 age=0
-->8--
         14       9 
     19      11      10
      7       6      16 
 12      18      23       2
 24       1       5      21
     13      22       8 
      4      20      17
         15       3 
--8<--
found: sum= 78.0000 var=  0.0000 fitness= 78.0000 age=0
-->8--
         23       9 
      1       8      14
     16      19      22 
  2      11       6      10
 20      24      15       7
      5       3      18 
     12      21      17
         13       4 
--8<--
found: sum= 74.0000 var=  0.0000 fitness= 74.0000 age=0
-->8--
          7       6 
     12      20      21
      9       4       5 
 11      22      18      19
 14      10       3      16
      8      17      13 
      1      15       2
         23      24 
--8<--
found: sum= 79.0000 var=  0.0000 fitness= 79.0000 age=0
-->8--
          2      11 
      9      24       8
     16       7      14 
 20      21      15       6
  4       5      12      22
     13      19      10 
      1      18      17
         23       3 
--8<--
found: sum= 78.0000 var=  0.0000 fitness= 78.0000 age=0
-->8--
         10      18 
      1      21      19
      9      13       4 
  8      24       3       6
 14       7      20      22
     16      11      23 
     15      17       2
         12       5 
--8<--
found: sum= 72.0000 var=  0.0000 fitness= 72.0000 age=0
-->8--
         23      22 
     18       8      21
      5       4       2 
  1      14      15      10
 13      20      12      24
     19       7       9 
      3      17      16
          6      11 
--8<--
found: sum= 79.0000 var=  0.0000 fitness= 79.0000 age=0
-->8--
         14      13 
      1       7      12
     15      20      21 
  8      22       6      16
  4      11      17       9
     19       3      10 
      5      23      24
         18       2 
--8<--
found: sum= 74.0000 var=  0.0000 fitness= 74.0000 age=0
-->8--
         11      12 
      6      15      21
      9      20       1 
 23      13       5      17
  4      18       8      19
      7      10      24 
      3      14      16
         22       2 
--8<--
found: sum= 83.0000 var=  0.0000 fitness= 83.0000 age=0
-->8--
         14       3 
      6      11       4
     23      19      24 
  5      10      22       1
  7      18      12       8
     20       2      16 
      9      21      17
         13      15 
--8<--
found: sum= 79.0000 var=  0.0000 fitness= 79.0000 age=0
-->8--
         20      16 
     12       5       4
     13      15      21 
  8      14      18       9
 11      23       6       1
     10       3      24 
     19      22       7
          2      17 
--8<--
found: sum= 78.0000 var=  0.0000 fitness= 78.0000 age=0
-->8--
          5      18 
     12      24       9
     19      16      10 
 15       2       1       4
  8      23      22      21
     11      14      20 
     17       6      13
          7       3 
--8<--
found: sum= 81.0000 var=  0.0000 fitness= 81.0000 age=0
-->8--
          4       2 
      8      22       9
     19      10      23 
 12      18      15       6
 13       3      11      21
     16      24       5 
     17      20       7
          1      14 
--8<--
found: sum= 78.0000 var=  0.0000 fitness= 78.0000 age=0
-->8--
          6       2 
     12      17      14
     21      15       8 
 18       7      22       1
  3      20       4      19
      9      10      24 
     23      11      13
          5      16 
--8<--
found: sum= 83.0000 var=  0.0000 fitness= 83.0000 age=0
-->8--
          7       6 
      1      24      20
     23      13      17 
  5      15       3       4
 10      19      21      16
     11      12      22 
      9      18       2
         14       8 
--8<--
found: sum= 80.0000 var=  0.0000 fitness= 80.0000 age=0
-->8--
         12      14 
      2      23       1
      8      11      18 
 15      24      13       3
 16       7       4      20
     10      21      22 
      6      19       5
         17       9 
--8<--
found: sum= 75.0000 var=  0.0000 fitness= 75.0000 age=0
-->8--
          2      10 
     13      22       5
      3      20      14 
 12      15       4       9
 21       7       6      24
     17      23      18 
     11       1       8
         16      19 
--8<--
found: sum= 80.0000 var=  0.0000 fitness= 80.0000 age=0
-->8--
         24      18 
      1      19       3
      8      15       9 
 10      13      16       7
 14      12      22       6
     23       2      20 
     17      21      11
          5       4 
--8<--
found: sum= 78.0000 var=  0.0000 fitness= 78.0000 age=0
-->8--
          4       6 
      2      24       1
     14      23      16 
 21      11       8      17
  7       3      15      13
     22      18       9 
     20       5      12
         10      19 
--8<--
found: sum= 82.0000 var=  0.0000 fitness= 82.0000 age=0
-->8--
         12       3 
     10      22       9
      8      14      23 
 21      16      11      19
  2      17       4       1
     18      20      24 
      7      15      13
          5       6 
--8<--
found: sum= 73.0000 var=  0.0000 fitness= 73.0000 age=0
-->8--
         24      14 
      6      21      20
      4       2       1 
 23      16      15      12
  3       5      17      19
     22      18       9 
     13       8      11
          7      10 
--8<--
found: sum= 78.0000 var=  0.0000 fitness= 78.0000 age=0
-->8--
          8       5 
      6       2      19
     24      17      23 
 15      21      12      16
  1       7       3      13
     10      18      11 
      9      20      22
         14       4 
--8<--
found: sum= 82.0000 var=  0.0000 fitness= 82.0000 age=0
-->8--
          4       3 
      2      16      15
     24      17      20 
  7      19      11       8
  5       9      12      21
     18      14      10 
     13      22       1
          6      23 
--8<--
found: sum= 82.0000 var=  0.0000 fitness= 82.0000 age=0
-->8--
          2       5 
      9      14       3
     16      21      24 
  4      20      15      17
 13       6       8       7
     23      12      11 
     18      22      10
          1      19 
--8<--
found: sum= 78.0000 var=  0.0000 fitness= 78.0000 age=0
-->8--
         11       8 
      1      17      13
      7      19       5 
  9      23      16      21
 10      14       2      12
     15       4      22 
     18      24       6
          3      20 
--8<--
found: sum= 81.0000 var=  0.0000 fitness= 81.0000 age=0
-->8--
          9      20 
      8      18       1
     10      13      22 
  4      23       7      17
 14       6      21       2
     24      11      12 
      5      19      15
         16       3 
--8<--
found: sum= 79.0000 var=  0.0000 fitness= 79.0000 age=0
-->8--
         21       3 
      7      23       9
      6      18      15 
 16       4      11       2
 22      14      19       8
     17      13      24 
      5      10      12
         20       1 
--8<--
found: sum= 78.0000 var=  0.0000 fitness= 78.0000 age=0
-->8--
         17       6 
     15       7      12
      1      18      24 
 14      20      11      19
  4      16       3       8
     23      10      13 
      5      22       9
          2      21 
--8<--
found: sum= 81.0000 var=  0.0000 fitness= 81.0000 age=0
-->8--
         18      12 
      3      21       2
     11       9      23 
 15      19      14      13
  8      22      10       1
      6       7      20 
      5      24       4
         17      16 
--8<--
found: sum= 78.0000 var=  0.0000 fitness= 78.0000 age=0
-->8--
          2       3 
      9      16      21
     23       6      15 
  1      22      17      14
  5       8      18      10
     19       7       4 
     11      13      24
         20      12 
--8<--
found: sum= 73.0000 var=  0.0000 fitness= 73.0000 age=0
-->8--
          6       9 
     24       1      21
     13      19      12 
 20      10      11      17
  5       3      14       4
     22      16      15 
     23       2      18
          7       8 
--8<--
found: sum= 75.0000 var=  0.0000 fitness= 75.0000 age=0
-->8--
         19      16 
     18      17      13
      5       4      15 
  1      12      10      23
 22      14      11       7
     21      24       9 
      2       8       3
          6      20 
--8<--
found: sum= 78.0000 var=  0.0000 fitness= 78.0000 age=0
-->8--
         16       3 
     15      18      11
      2      14      23 
  1      13       9      19
 21      24      12       5
     17       6      10 
      4      20      22
          7       8 
--8<--
found: sum= 74.0000 var=  0.0000 fitness= 74.0000 age=0
-->8--
         12      19 
     15      10      17
     24       4       2 
  3       9      22       6
  7      18      20       8
     13       1      16 
     14       5      21
         23      11 
--8<--
found: sum= 80.0000 var=  0.0000 fitness= 80.0000 age=0
-->8--
          3       1 
     11      16      21
     23      15      18 
  7      12       9       5
  4      10      20      22
     24      14       6 
      2      13      19
         17       8 
--8<--
found: sum= 75.0000 var=  0.0000 fitness= 75.0000 age=0
-->8--
         13      12 
      1      24      19
     15       6       4 
  3      16      10       9
 22       5      18      23
     14      20      11 
      8       7       2
         21      17 
--8<--
found: sum= 77.0000 var=  0.0000 fitness= 77.0000 age=0
-->8--
         17      14 
      9      23       3
      8      18      13 
 10       2       6      11
 22      20       7      19
     15      24      21 
     12       5       4
          1      16 
--8<--
found: sum= 81.0000 var=  0.0000 fitness= 81.0000 age=0
-->8--
         20      18 
      7      22      14
     11       5      10 
  1      16      12       4
 13      19      23       8
     21       6      24 
      3      17       2
         15       9 
--8<--
found: sum= 76.0000 var=  0.0000 fitness= 76.0000 age=0
-->8--
         11       7 
     18      21      12
      4       2      24 
  3      20      10       1
 23      17      13      22
      9      14       6 
      5      16       8
         15      19 
--8<--
found: sum= 79.0000 var=  0.0000 fitness= 79.0000 age=0
-->8--
          8      12 
      3      22       7
     20      11       4 
  1      15      23      16
 24       9       2      13
     10      19      21 
      6      18      14
         17       5 
--8<--
found: sum= 77.0000 var=  0.0000 fitness= 77.0000 age=0
-->8--
         16      15 
     18       8       5
      3      23      22 
 14       9       4       2
 13      21      19       6
     17       1      24 
     20      11      10
          7      12 
--8<--
found: sum= 79.0000 var=  0.0000 fitness= 79.0000 age=0
-->8--
          4       1 
     11       6      18
     24      22      19 
  7      12      13       5
 14       2       9      10
     20      21      23 
     16       3       8
         17      15 
--8<--
found: sum= 73.0000 var=  0.0000 fitness= 73.0000 age=0
-->8--
         20       3 
     19       4      22
     13      12      21 
 16       5      11      18
  7      15       6       9
     17      24       8 
      1       2      23
         14      10 
--8<--
found: sum= 79.0000 var=  0.0000 fitness= 79.0000 age=0
-->8--
         15       6 
      3      23      16
     11      14       1 
 12      13      19       9
  2      21       8      24
     20       4      18 
      7      22      17
          5      10 
--8<--
found: sum= 77.0000 var=  0.0000 fitness= 77.0000 age=0
-->8--
          1      20 
     18      16       5
     12       6      13 
  8      24      17      15
 23       7       2      11
      3      21      19 
     14      22       9
         10       4 
--8<--
found: sum= 79.0000 var=  0.0000 fitness= 79.0000 age=0
-->8--
          4       2 
     10      12      22
     24      18       6 
 17      11      19       7
  8       3      13      20
     16      15      14 
     21      23       5
          1       9 
--8<--
found: sum= 74.0000 var=  0.0000 fitness= 74.0000 age=0
-->8--
         13      22 
     24       7       2
      1      18      10 
 20      11      15       4
 12       9       5      17
     21      16      23 
     14       8       3
          6      19 
--8<--
found: sum= 77.0000 var=  0.0000 fitness= 77.0000 age=0
-->8--
          3       2 
     18      17      12
     11      20      19 
 16       8       7       1
 24      14       6      23
      4      22      21 
     15      13      10
          9       5 
--8<--
found: sum= 81.0000 var=  0.0000 fitness= 81.0000 age=0
-->8--
         18       5 
      6       4      12
     22      23      21 
 17       8      16       2
  3      11      13      15
     20      10      14 
      7      24       1
          9      19 
--8<--
found: sum= 79.0000 var=  0.0000 fitness= 79.0000 age=0
-->8--
         13      21 
      2      22      15
     18       5       4 
  7      19      12       8
 16       9      20      11
     10      14      24 
      6      17       1
         23       3 
--8<--
found: sum= 80.0000 var=  0.0000 fitness= 80.0000 age=0
-->8--
         21      22 
      1       9      16
     23       7      18 
 10      19       8       6
  5      12      20      13
     11      14      15 
     17      24       4
          2       3 
--8<--
found: sum= 70.0000 var=  0.0000 fitness= 70.0000 age=0
-->8--
         11      21 
     16       1      15
     14      19      10 
 22       9       4      20
  2      18      12      17
      5       8       7 
      3      13       6
         23      24 
--8<--
found: sum= 81.0000 var=  0.0000 fitness= 81.0000 age=0
-->8--
         12       7 
     11      20       4
     22       3      24 
  1      13      23      17
  8      19       9       2
     18      14       6 
      5      15      21
         10      16 
--8<--
found: sum= 78.0000 var=  0.0000 fitness= 78.0000 age=0
-->8--
         23       8 
     10       6      16
     14       3      24 
  7      22      21       2
  5      11       1      12
     19      20      18 
      4       9      13
         15      17 
--8<--
found: sum= 83.0000 var=  0.0000 fitness= 83.0000 age=0
-->8--
          1       4 
     10      20      23
     24      13      17 
  5      15       6       7
  9      19      18      14
     11      12      21 
      3      22       2
         16       8 
--8<--
found: sum= 81.0000 var=  0.0000 fitness= 81.0000 age=0
-->8--
          3      20 
      2      22       6
     19      11       9 
 15      24      13       8
  5       4      17      16
     14      12      18 
      7      23      10
         21       1 
--8<--
found: sum= 84.0000 var=  0.0000 fitness= 84.0000 age=0
-->8--
         13      18 
      9      21       4
     24      10      17 
 11       7      14       3
  8      19      22       5
     15      12      23 
      2      20       6
         16       1 
--8<--
found: sum= 78.0000 var=  0.0000 fitness= 78.0000 age=0
-->8--
         17      11 
     13      24       2
     18       5      16 
  9       1      20       8
 15      12      21      10
     23      19       3 
      4       6       7
         14      22 
--8<--
found: sum= 75.0000 var=  0.0000 fitness= 75.0000 age=0
-->8--
         18      17 
     22       2      15
      1      19       8 
 24      13      14       5
  4      10      16      12
     23       3      20 
     11      21       6
          7       9 
--8<--
found: sum= 78.0000 var=  0.0000 fitness= 78.0000 age=0
-->8--
          1      12 
     16       5      18
     22      10      19 
  3      24      14      13
 17       4       6      11
      8      20      15 
      2      21       9
         23       7 
--8<--
found: sum= 83.0000 var=  0.0000 fitness= 83.0000 age=0
-->8--
          9       4 
      5      16       6
     23      22      24 
  7       8      11       3
 12      15      10      14
     18      17      21 
      1      13       2
         19      20 
--8<--
found: sum= 77.0000 var=  0.0000 fitness= 77.0000 age=0
-->8--
         14       7 
      3      24      12
      2      18       6 
 17      16      10      11
 13       8       5      22
     21      20      23 
      4       9       1
         15      19 
--8<--
found: sum= 83.0000 var=  0.0000 fitness= 83.0000 age=0
-->8--
         11       7 
      6      24      13
     23       2      18 
  9      17      19       4
  5      21      10      12
      8      14      20 
     15      22       1
          3      16 
--8<--
found: sum= 75.0000 var=  0.0000 fitness= 75.0000 age=0
-->8--
          1       9 
     19      24       3
      2      16      15 
 23      13       8       7
 11      20      14      21
      6       4      10 
     22      18      17
          5      12 
--8<--
found: sum= 81.0000 var=  0.0000 fitness= 81.0000 age=0
-->8--
          6       8 
      7      15       3
     21      14      24 
 23      18      17       1
  5      10       9      11
      4      13      19 
     20      22       2
         12      16 
--8<--
found: sum= 79.0000 var=  0.0000 fitness= 79.0000 age=0
-->8--
         14       2 
      6      24      15
     13      21       5 
 16       1      12      23
 10      19       8       9
     20      18      22 
      4      11       3
          7      17 
--8<--
found: sum= 77.0000 var=  0.0000 fitness= 77.0000 age=0
-->8--
         16       9 
      2      24      17
     19       1       8 
  7      15      18       4
 20      11      10      14
      5      22      23 
     21       6      13
         12       3 
--8<--
found: sum= 82.0000 var=  0.0000 fitness= 82.0000 age=0
-->8--
          1      10 
      7      21       8
     20      14      18 
  2      19      11       3
 13       5      17       9
     23      16      24 
     12       4       6
         22      15 
--8<--
found: sum= 76.0000 var=  0.0000 fitness= 76.0000 age=0
-->8--
          5       2 
     23      24      10
      8      15      19 
 17       1       6       3
 14      20      21      18
     16      13       9 
     11       4       7
         12      22 
--8<--
found: sum= 80.0000 var=  0.0000 fitness= 80.0000 age=0
-->8--
          6      23 
     21       5       1
     24      20      13 
  8       4      18       3
 12      15      16      11
     17       7      19 
     10      22       2
          9      14 
--8<--
found: sum= 80.0000 var=  0.0000 fitness= 80.0000 age=0
-->8--
         10      11 
     14      15      12
     21       3      20 
  6      17      19       4
  5      18      22       7
     13       1       8 
      9      23       2
         16      24 
--8<--
found: sum= 73.0000 var=  0.0000 fitness= 73.0000 age=0
-->8--
          8      19 
      9      23      14
     11       2       5 
 17      20      10      24
  3      21       4      12
      1      16      18 
      6       7      13
         22      15 
--8<--
found: sum= 81.0000 var=  0.0000 fitness= 81.0000 age=0
-->8--
          1      15 
     13      24      11
     20       2      17 
  4      21      12       3
  7      19      22       9
     10       5      18 
     23      16      14
          8       6 
--8<--
found: sum= 80.0000 var=  0.0000 fitness= 80.0000 age=0
-->8--
          6       3 
      1      24      14
     17      13      18 
  5      19       8      20
 12      16       9       2
     11      15      23 
     10       7      22
         21       4 
--8<--
found: sum= 79.0000 var=  0.0000 fitness= 79.0000 age=0
-->8--
          6       2 
      9       8      14
     13      23      21 
 12      20      11      22
 10       5       3       4
     19      17      18 
     15      16       1
          7      24 
--8<--
found: sum= 82.0000 var=  0.0000 fitness= 82.0000 age=0
-->8--
          4       3 
      7      20       1
     21      18      24 
  2      12      16      13
 15       9      10       5
     23      17      14 
      6       8      11
         19      22 
--8<--
found: sum= 79.0000 var=  0.0000 fitness= 79.0000 age=0
-->8--
         11       4 
      6      15      10
     13      12      17 
  2      22      21      18
 16       3       1      14
     23      20       8 
      9      19       7
          5      24 
--8<--
found: sum= 81.0000 var=  0.0000 fitness= 81.0000 age=0
-->8--
          1       3 
     21      23      18
     12      14      17 
  8      10       6       4
 15      20      22      19
     16       9      13 
      5      24      11
          7       2 
--8<--
found: sum= 82.0000 var=  0.0000 fitness= 82.0000 age=0
-->8--
          4      12 
      2      22       1
     23      14      24 
 13      17       9      16
 11       3      20       5
     15      19       8 
      6      18      10
         21       7 
--8<--
found: sum= 76.0000 var=  0.0000 fitness= 76.0000 age=0
-->8--
          8      14 
      2      21       4
      9      20       7 
 19      16      10      23
  3       5      12       6
     24      13      18 
     11       1      17
         22      15 
--8<--
found: sum= 80.0000 var=  0.0000 fitness= 80.0000 age=0
-->8--
          2      18 
     24      12       7
      5      15      20 
  6      22       8      14
 17       9      16       3
     21      10      19 
     13      23      11
          4       1 
--8<--
found: sum= 75.0000 var=  0.0000 fitness= 75.0000 age=0
-->8--
         24       5 
     17       6      15
      7      18      23 
 13       3       8       1
 22      16      20      19
     14      10       4 
     12      21       9
          2      11 
--8<--
found: sum= 77.0000 var=  0.0000 fitness= 77.0000 age=0
-->8--
         21      13 
     10      16      14
      4      11      20 
  5      15       3      12
 22       7      23      17
     24      18       2 
      8      19       9
          1       6 
--8<--
found: sum= 80.0000 var=  0.0000 fitness= 80.0000 age=0
-->8--
          3      21 
     15      10       7
     22      19      14 
 20      11       9      12
  6       8      17       5
     13      16      23 
      1      18       2
         24       4 
--8<--
execution time: real 0.395577s user 0.389940s sys 0.002999s
GA: P=1024 K=512 sp=2 xover=2D/1 aging
generation #4: pop m= 79.786 v=0.188 f= 77.797
best: found: sum= 84.0000 var=  0.0000 fitness= 84.0000 age=1
-->8--
         13      18 
      9      21       4
     24      10      17 
 11       7      14       3
  8      19      22       5
     15      12      23 
      2      20       6
         16       1 
--8<--
found: sum= 78.0000 var=  0.0000 fitness= 78.0000 age=2
-->8--
         17       6 
     15       7      12
      1      18      24 
 14      20      11      19
  4      16       3       8
     23      10      13 
      5      22       9
          2      21 
--8<--
found: sum= 80.0000 var=  0.0000 fitness= 80.0000 age=2
-->8--
         21      22 
      1       9      16
     23       7      18 
 10      19       8       6
  5      12      20      13
     11      14      15 
     17      24       4
          2       3 
--8<--
found: sum= 81.0000 var=  0.0000 fitness= 81.0000 age=2
-->8--
         12       7 
     11      20       4
     22       3      24 
  1      13      23      17
  8      19       9       2
     18      14       6 
      5      15      21
         10      16 
--8<--
found: sum= 81.0000 var=  0.0000 fitness= 81.0000 age=2
-->8--
         18       5 
      6       4      12
     22      23      21 
 17       8      16       2
  3      11      13      15
     20      10      14 
      7      24       1
          9      19 
--8<--
found: sum= 79.0000 var=  0.0000 fitness= 79.0000 age=2
-->8--
         15       6 
      3      23      16
     11      14       1 
 12      13      19       9
  2      21       8      24
     20       4      18 
      7      22      17
          5      10 
--8<--
found: sum= 77.0000 var=  0.0000 fitness= 77.0000 age=1
-->8--
         14       7 
      3      24      12
      2      18       6 
 17      16      10      11
 13       8       5      22
     21      20      23 
      4       9       1
         15      19 
--8<--
found: sum= 78.0000 var=  0.0000 fitness= 78.0000 age=4
-->8--
         14       2 
      5       8       6
     12      23      24 
  9      16      15      19
 11      13      10       3
     17       1       7 
     21      22      18
          4      20 
--8<--
found: sum= 79.0000 var=  0.0000 fitness= 79.0000 age=1
-->8--
          6       2 
      9       8      14
     13      23      21 
 12      20      11      22
 10       5       3       4
     19      17      18 
     15      16       1
          7      24 
--8<--
found: sum= 77.0000 var=  0.0000 fitness= 77.0000 age=2
-->8--
         16      15 
     18       8       5
      3      23      22 
 14       9       4       2
 13      21      19       6
     17       1      24 
     20      11      10
          7      12 
--8<--
found: sum= 77.0000 var=  0.0000 fitness= 77.0000 age=4
-->8--
          1       9 
     23      22       2
      5       6      14 
  7      20      24      11
 17      15       4       3
     13       8      21 
     12      10      18
         19      16 
--8<--
found: sum= 79.0000 var=  0.0000 fitness= 79.0000 age=1
-->8--
         14       2 
      6      24      15
     13      21       5 
 16       1      12      23
 10      19       8       9
     20      18      22 
      4      11       3
          7      17 
--8<--
found: sum= 83.0000 var=  0.0000 fitness= 83.0000 age=3
-->8--
         14       3 
      6      11       4
     23      19      24 
  5      10      22       1
  7      18      12       8
     20       2      16 
      9      21      17
         13      15 
--8<--
found: sum= 79.0000 var=  0.0000 fitness= 79.0000 age=4
-->8--
         10       9 
      2      15       5
     12      24      18 
  4      16       8      19
 21       6       3      14
     20      22      17 
      7      13      23
         11       1 
--8<--
found: sum= 81.0000 var=  0.0000 fitness= 81.0000 age=2
-->8--
          9      20 
      8      18       1
     10      13      22 
  4      23       7      17
 14       6      21       2
     24      11      12 
      5      19      15
         16       3 
--8<--
found: sum= 75.0000 var=  0.0000 fitness= 75.0000 age=1
-->8--
         24       5 
     17       6      15
      7      18      23 
 13       3       8       1
 22      16      20      19
     14      10       4 
     12      21       9
          2      11 
--8<--
found: sum= 77.0000 var=  0.0000 fitness= 77.0000 age=4
-->8--
          6      17 
     24      18       7
     11       5       8 
 12      13      22      20
 10      15       3       1
     16      19      23 
     14       9       2
          4      21 
--8<--
found: sum= 79.0000 var=  0.0000 fitness= 79.0000 age=2
-->8--
          4       2 
     10      12      22
     24      18       6 
 17      11      19       7
  8       3      13      20
     16      15      14 
     21      23       5
          1       9 
--8<--
found: sum= 75.0000 var=  0.0000 fitness= 75.0000 age=1
-->8--
          1       9 
     19      24       3
      2      16      15 
 23      13       8       7
 11      20      14      21
      6       4      10 
     22      18      17
          5      12 
--8<--
found: sum= 80.0000 var=  0.0000 fitness= 80.0000 age=1
-->8--
         10      11 
     14      15      12
     21       3      20 
  6      17      19       4
  5      18      22       7
     13       1       8 
      9      23       2
         16      24 
--8<--
found: sum= 80.0000 var=  0.0000 fitness= 80.0000 age=1
-->8--
          2      18 
     24      12       7
      5      15      20 
  6      22       8      14
 17       9      16       3
     21      10      19 
     13      23      11
          4       1 
--8<--
found: sum= 82.0000 var=  0.0000 fitness= 82.0000 age=1
-->8--
          1      10 
      7      21       8
     20      14      18 
  2      19      11       3
 13       5      17       9
     23      16      24 
     12       4       6
         22      15 
--8<--
found: sum= 78.0000 var=  0.0000 fitness= 78.0000 age=3
-->8--
         23       9 
      1       8      14
     16      19      22 
  2      11       6      10
 20      24      15       7
      5       3      18 
     12      21      17
         13       4 
--8<--
found: sum= 79.0000 var=  0.0000 fitness= 79.0000 age=3
-->8--
          2      11 
      9      24       8
     16       7      14 
 20      21      15       6
  4       5      12      22
     13      19      10 
      1      18      17
         23       3 
--8<--
found: sum= 81.0000 var=  0.0000 fitness= 81.0000 age=1
-->8--
          1      15 
     13      24      11
     20       2      17 
  4      21      12       3
  7      19      22       9
     10       5      18 
     23      16      14
          8       6 
--8<--
found: sum= 81.0000 var=  0.0000 fitness= 81.0000 age=1
-->8--
          1       3 
     21      23      18
     12      14      17 
  8      10       6       4
 15      20      22      19
     16       9      13 
      5      24      11
          7       2 
--8<--
found: sum= 80.0000 var=  0.0000 fitness= 80.0000 age=3
-->8--
         24      18 
      1      19       3
      8      15       9 
 10      13      16       7
 14      12      22       6
     23       2      20 
     17      21      11
          5       4 
--8<--
found: sum= 81.0000 var=  0.0000 fitness= 81.0000 age=2
-->8--
         20      18 
      7      22      14
     11       5      10 
  1      16      12       4
 13      19      23       8
     21       6      24 
      3      17       2
         15       9 
--8<--
found: sum= 77.0000 var=  0.0000 fitness= 77.0000 age=1
-->8--
         16       9 
      2      24      17
     19       1       8 
  7      15      18       4
 20      11      10      14
      5      22      23 
     21       6      13
         12       3 
--8<--
found: sum= 76.0000 var=  0.0000 fitness= 76.0000 age=1
-->8--
          5       2 
     23      24      10
      8      15      19 
 17       1       6       3
 14      20      21      18
     16      13       9 
     11       4       7
         12      22 
--8<--
found: sum= 77.0000 var=  0.0000 fitness= 77.0000 age=3
-->8--
         14      19 
      3      18      10
      2      17       9 
 16      23       4      21
  7       5      15       8
     24      13      20 
      1      12       6
         22      11 
--8<--
found: sum= 79.0000 var=  0.0000 fitness= 79.0000 age=2
-->8--
          8      12 
      3      22       7
     20      11       4 
  1      15      23      16
 24       9       2      13
     10      19      21 
      6      18      14
         17       5 
--8<--
found: sum= 79.0000 var=  0.0000 fitness= 79.0000 age=3
-->8--
          9       2 
      5      21       4
     23      20      10 
 11       1      22      24
 12      17      13       3
     15       6       7 
     14      19      16
          8      18 
--8<--
found: sum= 80.0000 var=  0.0000 fitness= 80.0000 age=3
-->8--
         12      14 
      2      23       1
      8      11      18 
 15      24      13       3
 16       7       4      20
     10      21      22 
      6      19       5
         17       9 
--8<--
found: sum= 83.0000 var=  0.0000 fitness= 83.0000 age=1
-->8--
          9       4 
      5      16       6
     23      22      24 
  7       8      11       3
 12      15      10      14
     18      17      21 
      1      13       2
         19      20 
--8<--
found: sum= 78.0000 var=  0.0000 fitness= 78.0000 age=3
-->8--
         10      18 
      1      21      19
      9      13       4 
  8      24       3       6
 14       7      20      22
     16      11      23 
     15      17       2
         12       5 
--8<--
found: sum= 80.0000 var=  0.0000 fitness= 80.0000 age=1
-->8--
          6      23 
     21       5       1
     24      20      13 
  8       4      18       3
 12      15      16      11
     17       7      19 
     10      22       2
          9      14 
--8<--
found: sum= 79.0000 var=  0.0000 fitness= 79.0000 age=3
-->8--
         11      12 
      1      16      13
     14      15      20 
  4      22       3      24
  8      10       6       7
     21      23      19 
     18       5      17
          2       9 
--8<--
found: sum= 79.0000 var=  0.0000 fitness= 79.0000 age=2
-->8--
         13      21 
      2      22      15
     18       5       4 
  7      19      12       8
 16       9      20      11
     10      14      24 
      6      17       1
         23       3 
--8<--
found: sum= 80.0000 var=  0.0000 fitness= 80.0000 age=3
-->8--
         15       1 
     13      17       9
     16      12      18 
  6       7      23       2
 21       8      20      14
     22      10       3 
     11      24      19
          5       4 
--8<--
found: sum= 78.0000 var=  0.0000 fitness= 78.0000 age=3
-->8--
          8       5 
      6       2      19
     24      17      23 
 15      21      12      16
  1       7       3      13
     10      18      11 
      9      20      22
         14       4 
--8<--
found: sum= 79.0000 var=  0.0000 fitness= 79.0000 age=3
-->8--
         20      16 
     12       5       4
     13      15      21 
  8      14      18       9
 11      23       6       1
     10       3      24 
     19      22       7
          2      17 
--8<--
found: sum= 83.0000 var=  0.0000 fitness= 83.0000 age=3
-->8--
          7       6 
      1      24      20
     23      13      17 
  5      15       3       4
 10      19      21      16
     11      12      22 
      9      18       2
         14       8 
--8<--
found: sum= 78.0000 var=  0.0000 fitness= 78.0000 age=4
-->8--
         18       6 
      4      13      17
     22       7      24 
  2      14      11      12
 16       5      20       8
     19      21       3 
     23       9      15
          1      10 
--8<--
found: sum= 79.0000 var=  0.0000 fitness= 79.0000 age=3
-->8--
         14      13 
      1       7      12
     15      20      21 
  8      22       6      16
  4      11      17       9
     19       3      10 
      5      23      24
         18       2 
--8<--
found: sum= 79.0000 var=  0.0000 fitness= 79.0000 age=2
-->8--
         21       3 
      7      23       9
      6      18      15 
 16       4      11       2
 22      14      19       8
     17      13      24 
      5      10      12
         20       1 
--8<--
found: sum= 75.0000 var=  0.0000 fitness= 75.0000 age=1
-->8--
         18      17 
     22       2      15
      1      19       8 
 24      13      14       5
  4      10      16      12
     23       3      20 
     11      21       6
          7       9 
--8<--
found: sum= 78.0000 var=  0.0000 fitness= 78.0000 age=2
-->8--
          2       3 
      9      16      21
     23       6      15 
  1      22      17      14
  5       8      18      10
     19       7       4 
     11      13      24
         20      12 
--8<--
found: sum= 81.0000 var=  0.0000 fitness= 81.0000 age=3
-->8--
          4       2 
      8      22       9
     19      10      23 
 12      18      15       6
 13       3      11      21
     16      24       5 
     17      20       7
          1      14 
--8<--
found: sum= 82.0000 var=  0.0000 fitness= 82.0000 age=1
-->8--
          4      12 
      2      22       1
     23      14      24 
 13      17       9      16
 11       3      20       5
     15      19       8 
      6      18      10
         21       7 
--8<--
found: sum= 77.0000 var=  0.0000 fitness= 77.0000 age=1
-->8--
         21      13 
     10      16      14
      4      11      20 
  5      15       3      12
 22       7      23      17
     24      18       2 
      8      19       9
          1       6 
--8<--
found: sum= 78.0000 var=  0.0000 fitness= 78.0000 age=4
-->8--
          6      14 
      1      11       4
     23      24      20 
  9      13       5       3
 16       7      17      15
     10      12      18 
     22       8      21
         19       2 
--8<--
found: sum= 77.0000 var=  0.0000 fitness= 77.0000 age=4
-->8--
          5       8 
     17       9      10
      7      16      19 
 18      23      15       2
 11      14       6      13
      4       3      22 
     20      24       1
         12      21 
--8<--
found: sum= 78.0000 var=  0.0000 fitness= 78.0000 age=1
-->8--
         23       8 
     10       6      16
     14       3      24 
  7      22      21       2
  5      11       1      12
     19      20      18 
      4       9      13
         15      17 
--8<--
found: sum= 80.0000 var=  0.0000 fitness= 80.0000 age=3
-->8--
          6       3 
      1      24      14
     17      13      18 
  5      19       8      20
 12      16       9       2
     11      15      23 
     10       7      22
         21       4 
--8<--
found: sum= 79.0000 var=  0.0000 fitness= 79.0000 age=2
-->8--
          4       1 
     11       6      18
     24      22      19 
  7      12      13       5
 14       2       9      10
     20      21      23 
     16       3       8
         17      15 
--8<--
found: sum= 83.0000 var=  0.0000 fitness= 83.0000 age=1
-->8--
          1       4 
     10      20      23
     24      13      17 
  5      15       6       7
  9      19      18      14
     11      12      21 
      3      22       2
         16       8 
--8<--
found: sum= 78.0000 var=  0.0000 fitness= 78.0000 age=3
-->8--
          4       6 
      2      24       1
     14      23      16 
 21      11       8      17
  7       3      15      13
     22      18       9 
     20       5      12
         10      19 
--8<--
found: sum= 80.0000 var=  0.0000 fitness= 80.0000 age=2
-->8--
          3       1 
     11      16      21
     23      15      18 
  7      12       9       5
  4      10      20      22
     24      14       6 
      2      13      19
         17       8 
--8<--
found: sum= 81.0000 var=  0.0000 fitness= 81.0000 age=4
-->8--
          1      18 
     15      16       8
     24       5      22 
  9      20      12      11
  7       4      19      14
     17      21       3 
      6      23      13
         10       2 
--8<--
found: sum= 80.0000 var=  0.0000 fitness= 80.0000 age=1
-->8--
          6       3 
      1      24      14
     17      13      18 
  5      19       8      20
 12      16       9       2
     11      15      23 
     10       7      22
         21       4 
--8<--
found: sum= 78.0000 var=  0.0000 fitness= 78.0000 age=3
-->8--
          5      18 
     12      24       9
     19      16      10 
 15       2       1       4
  8      23      22      21
     11      14      20 
     17       6      13
          7       3 
--8<--
found: sum= 82.0000 var=  0.0000 fitness= 82.0000 age=3
-->8--
         12       3 
     10      22       9
      8      14      23 
 21      16      11      19
  2      17       4       1
     18      20      24 
      7      15      13
          5       6 
--8<--
found: sum= 82.0000 var=  0.0000 fitness= 82.0000 age=2
-->8--
          2       5 
      9      14       3
     16      21      24 
  4      20      15      17
 13       6       8       7
     23      12      11 
     18      22      10
          1      19 
--8<--
found: sum= 78.0000 var=  0.0000 fitness= 78.0000 age=1
-->8--
          1      12 
     16       5      18
     22      10      19 
  3      24      14      13
 17       4       6      11
      8      20      15 
      2      21       9
         23       7 
--8<--
found: sum= 77.0000 var=  0.0000 fitness= 77.0000 age=4
-->8--
          7       2 
     14      10       5
      3      21      24 
 18      22      15      11
 17       1       6       8
     16      12      13 
      9      19       4
         20      23 
--8<--
found: sum= 78.0000 var=  0.0000 fitness= 78.0000 age=4
-->8--
         16       3 
     15      18      11
      2      14      23 
  1      13       9      19
 21      24      12       5
     17       6      10 
      4      20      22
          7       8 
--8<--
found: sum= 79.0000 var=  0.0000 fitness= 79.0000 age=4
-->8--
         15      20 
      1      11       8
     17      14      19 
  4      21       7      10
  6       9      23      18
     22       5       2 
     16      24      13
          3      12 
--8<--
found: sum= 82.0000 var=  0.0000 fitness= 82.0000 age=1
-->8--
          4       3 
      7      20       1
     21      18      24 
  2      12      16      13
 15       9      10       5
     23      17      14 
      6       8      11
         19      22 
--8<--
found: sum= 78.0000 var=  0.0000 fitness= 78.0000 age=2
-->8--
         16       3 
     15      18      11
      2      14      23 
  1      13       9      19
 21      24      12       5
     17       6      10 
      4      20      22
          7       8 
--8<--
found: sum= 82.0000 var=  0.0000 fitness= 82.0000 age=3
-->8--
          4       3 
      2      16      15
     24      17      20 
  7      19      11       8
  5       9      12      21
     18      14      10 
     13      22       1
          6      23 
--8<--
found: sum= 73.0000 var=  0.0000 fitness= 73.0000 age=1
-->8--
          8      19 
      9      23      14
     11       2       5 
 17      20      10      24
  3      21       4      12
      1      16      18 
      6       7      13
         22      15 
--8<--
found: sum= 79.0000 var=  0.0000 fitness= 79.0000 age=1
-->8--
         11       4 
      6      15      10
     13      12      17 
  2      22      21      18
 16       3       1      14
     23      20       8 
      9      19       7
          5      24 
--8<--
found: sum= 78.0000 var=  0.0000 fitness= 78.0000 age=4
-->8--
         15      21 
      2      17       1
     16      20      13 
 18       8       6       9
 10       7      23      24
     19      14       3 
     11      22      12
          5       4 
--8<--
found: sum= 79.0000 var=  0.0000 fitness= 79.0000 age=4
-->8--
          4       2 
      7      24       8
     19      20      16 
  1       5       9      23
 22      14      10      15
     18      21       6 
      3      12      13
         11      17 
--8<--
found: sum= 81.0000 var=  0.0000 fitness= 81.0000 age=3
-->8--
         17       2 
      1       4      13
     19      22      24 
 11      18      16       3
  7      12       5      10
     14       8      23 
     20      21       9
          6      15 
--8<--
found: sum= 83.0000 var=  0.0000 fitness= 83.0000 age=1
-->8--
         11       7 
      6      24      13
     23       2      18 
  9      17      19       4
  5      21      10      12
      8      14      20 
     15      22       1
          3      16 
--8<--
found: sum= 77.0000 var=  0.0000 fitness= 77.0000 age=3
-->8--
          6       2 
     14       9       4
      3      23      24 
 16      22      15      13
 17       1       5       8
     18      11      12 
      7      19      10
         21      20 
--8<--
found: sum= 78.0000 var=  0.0000 fitness= 78.0000 age=2
-->8--
         11       8 
      1      17      13
      7      19       5 
  9      23      16      21
 10      14       2      12
     15       4      22 
     18      24       6
          3      20 
--8<--
found: sum= 78.0000 var=  0.0000 fitness= 78.0000 age=1
-->8--
         17      11 
     13      24       2
     18       5      16 
  9       1      20       8
 15      12      21      10
     23      19       3 
      4       6       7
         14      22 
--8<--
found: sum= 78.0000 var=  0.0000 fitness= 78.0000 age=3
-->8--
          6       2 
     12      17      14
     21      15       8 
 18       7      22       1
  3      20       4      19
      9      10      24 
     23      11      13
          5      16 
--8<--
found: sum= 77.0000 var=  0.0000 fitness= 77.0000 age=2
-->8--
          1      20 
     18      16       5
     12       6      13 
  8      24      17      15
 23       7       2      11
      3      21      19 
     14      22       9
         10       4 
--8<--
found: sum= 81.0000 var=  0.0000 fitness= 81.0000 age=1
-->8--
          3      20 
      2      22       6
     19      11       9 
 15      24      13       8
  5       4      17      16
     14      12      18 
      7      23      10
         21       1 
--8<--
found: sum= 80.0000 var=  0.0000 fitness= 80.0000 age=1
-->8--
          3      21 
     15      10       7
     22      19      14 
 20      11       9      12
  6       8      17       5
     13      16      23 
      1      18       2
         24       4 
--8<--
found: sum= 81.0000 var=  0.0000 fitness= 81.0000 age=1
-->8--
          6       8 
      7      15       3
     21      14      24 
 23      18      17       1
  5      10       9      11
      4      13      19 
     20      22       2
         12      16 
--8<--
found: sum= 81.0000 var=  0.0000 fitness= 81.0000 age=2
-->8--
         18      12 
      3      21       2
     11       9      23 
 15      19      14      13
  8      22      10       1
      6       7      20 
      5      24       4
         17      16 
--8<--
found: sum= 77.0000 var=  0.0000 fitness= 77.0000 age=2
-->8--
         17      14 
      9      23       3
      8      18      13 
 10       2       6      11
 22      20       7      19
     15      24      21 
     12       5       4
          1      16 
--8<--
found: sum= 79.0000 var=  0.0000 fitness= 79.0000 age=3
-->8--
         16      21 
     14      15      13
     22       2      20 
  5      10       8       6
 19      12      24       3
     11      23      18 
     17       9       1
          7       4 
--8<--
found: sum= 80.0000 var=  0.0000 fitness= 80.0000 age=3
-->8--
          3       9 
     18      13       8
      7      15      21 
 16      24      14       4
  6       5      10      11
     22      12      20 
     23      17      19
          1       2 
--8<--
found: sum= 77.0000 var=  0.0000 fitness= 77.0000 age=2
-->8--
          3       2 
     18      17      12
     11      20      19 
 16       8       7       1
 24      14       6      23
      4      22      21 
     15      13      10
          9       5 
--8<--
found: sum= 80.0000 var=  0.0000 fitness= 80.0000 age=4
-->8--
         15      10 
      2      16      18
     19       4      12 
  6      24      20       3
 17       5      13      11
      9      14      21 
     22      23       1
          7       8 
--8<--
found: sum= 76.0000 var=  0.0000 fitness= 76.0000 age=1
-->8--
          8      14 
      2      21       4
      9      20       7 
 19      16      10      23
  3       5      12       6
     24      13      18 
     11       1      17
         22      15 
--8<--
