found: sum= 76.0000 var=  0.0000 fitness= 76.0000 age=0
-->8--
         22      16 
      6      20       4
     15       2      21 
 14      11      13       8
  1      17      23      -1
     18      10      12 
      3      19       5
          9       7 
--8<--
found: sum= 76.0000 var=  0.0000 fitness= 76.0000 age=0
-->8--
         20      24 
     15      21       7
      6       5       3 
 17       9      16      11
  8      14      13      23
     22      19      10 
      2      18       4
          1      12 
--8<--
found: sum= 71.0000 var=  0.0000 fitness= 71.0000 age=0
-->8--
         17      12 
      2      18      11
     21       6      19 
 14       7       5       9
  4      15      22       3
     10      16      13 
     23      -1      20
          8       1 
--8<--
found: sum= 78.0000 var=  0.0000 fitness= 78.0000 age=0
-->8--
         18       1 
      2      20       8
     23      11      21 
  9       4      17       7
 10      19      12       5
     13      15      16 
      6      22      -1
          3      14 
--8<--
found: sum= 67.0000 var=  0.0000 fitness= 67.0000 age=0
-->8--
         21      19 
     13       5       1
     10       7      23 
 16      11      12       8
  2       6      17       9
     22      14      -2 
     18       3      15
          4      20 
--8<--
found: sum= 71.0000 var=  0.0000 fitness= 71.0000 age=0
-->8--
          6       7 
     15      21      18
      9       8       4 
 23      12      13      17
  2       3      19      -2
     22      16      20 
     14       5       1
         11      10 
--8<--
found: sum= 74.0000 var=  0.0000 fitness= 74.0000 age=0
-->8--
         20      11 
     10      19       1
      8       5      23 
 21      12      15       6
  3      13       7       9
     17      22      14 
      4      16      -3
          2      18 
--8<--
found: sum= 80.0000 var=  0.0000 fitness= 80.0000 age=0
-->8--
         22       3 
     19       4      20
     12      14      24 
 13       9      15       2
  8      17      18       5
     21       7      16 
      1      23       6
         11      10 
--8<--
found: sum= 69.0000 var=  0.0000 fitness= 69.0000 age=0
-->8--
         23       7 
      2       9      16
      8      21       4 
 18       6      12      19
  1      14       3      20
     22      13      11 
      5      17      15
         -2      10 
--8<--
found: sum= 67.0000 var=  0.0000 fitness= 67.0000 age=0
-->8--
          3      14 
     22      21       1
      5       4      18 
 19      12       9      -1
  2      16      11      20
     13      15      10 
     -1      17       6
          7       8 
--8<--
found: sum= 78.0000 var=  0.0000 fitness= 78.0000 age=0
-->8--
         21      10 
      8      23      12
      7       5      11 
 22      14      17      24
  1      18       9       4
     16      15      13 
      3      20      19
          6       2 
--8<--
found: sum= 68.0000 var=  0.0000 fitness= 68.0000 age=0
-->8--
         12      16 
      3      22       8
     20       2      13 
  5       9       7      -2
  1      14      21      18
     19      15      11 
     10       6      -2
          4      17 
--8<--
found: sum= 72.0000 var=  0.0000 fitness= 72.0000 age=0
-->8--
         20      23 
     13      15       1
     10       5      21 
 17       9       7       6
 -1      18      22       4
     19      11      12 
      2       8       3
         14      16 
--8<--
found: sum= 70.0000 var=  0.0000 fitness= 70.0000 age=0
-->8--
         13       9 
     15      14      21
     23       3       5 
 17       2      18      22
  1      20       8       6
      7      19      11 
     10      16       4
         -2      12 
--8<--
found: sum= 72.0000 var=  0.0000 fitness= 72.0000 age=0
-->8--
          9       5 
     16      21      20
     18       6       7 
 22       2      13      11
  1      17      19      -1
     12      15      23 
     14       4       3
         10       8 
--8<--
found: sum= 74.0000 var=  0.0000 fitness= 74.0000 age=0
-->8--
         24      21 
      9      16      13
     14       6       7 
 17       5      11       3
  8      10      23      18
     20      19      12 
     22       1      15
          2       4 
--8<--
found: sum= 72.0000 var=  0.0000 fitness= 72.0000 age=0
-->8--
         10       9 
     22       5       6
     13      15      21 
 18       7      16       1
  4      19      12       2
     11       3      20 
      8      17      23
         14      -3 
--8<--
found: sum= 73.0000 var=  0.0000 fitness= 73.0000 age=0
-->8--
          1      14 
     21      16       5
     22       6      13 
 11       7      19       2
  4      17       9      20
     12      15      10 
      3      18      -2
          8      23 
--8<--
found: sum= 74.0000 var=  0.0000 fitness= 74.0000 age=0
-->8--
         12       5 
     10      16      11
     19       4      15 
 14      13      23       1
  2       8       9      20
     18      17       6 
      7      21      22
          3      -1 
--8<--
found: sum= 81.0000 var=  0.0000 fitness= 81.0000 age=0
-->8--
         19       6 
      4      11      24
     18      20      17 
 12       9       3      16
  5      15      21       1
     22      13      23 
     10      14       2
          7       8 
--8<--
found: sum= 79.0000 var=  0.0000 fitness= 79.0000 age=0
-->8--
         15      17 
     10      11       3
     23       8      22 
 13      12      18       4
  7       5      20       1
     19      16      14 
      9       6      21
         24       2 
--8<--
found: sum= 80.0000 var=  0.0000 fitness= 80.0000 age=0
-->8--
         20       5 
      8      12      24
     11      19      17 
 18      10       3      16
  4      14      21       1
     23      13      22 
      9      15       2
          6       7 
--8<--
found: sum= 85.0000 var=  0.0000 fitness= 85.0000 age=0
-->8--
         17       4 
      7      18      15
     19      11      21 
 10      13      16       1
  6      14      22       5
     23       9      20 
      3      24       2
         12       8 
--8<--
execution time: real 1.832974s user 0.038994s sys 0.000000s
GA: P=512 K=256 sp=3 xover=2D/1 aging
generation #13: pop m= 79.059 v=1.039 f= 75.128
best: found: sum= 85.0000 var=  0.0000 fitness= 85.0000 age=1
-->8--
         17       4 
      7      18      15
     19      11      21 
 10      13      16       1
  6      14      22       5
     23       9      20 
      3      24       2
         12       8 
--8<--
found: sum= 78.0000 var=  0.0000 fitness= 78.0000 age=7
-->8--
         21      10 
      8      23      12
      7       5      11 
 22      14      17      24
  1      18       9       4
     16      15      13 
      3      20      19
          6       2 
--8<--
found: sum= 80.0000 var=  0.0000 fitness= 80.0000 age=1
-->8--
         20       5 
      8      12      24
     11      19      17 
 18      10       3      16
  4      14      21       1
     23      13      22 
      9      15       2
          6       7 
--8<--
found: sum= 78.0000 var=  0.0000 fitness= 78.0000 age=9
-->8--
         18       1 
      2      20       8
     23      11      21 
  9       4      17       7
 10      19      12       5
     13      15      16 
      6      22      -1
          3      14 
--8<--
found: sum= 79.0000 var=  0.0000 fitness= 79.0000 age=2
-->8--
         15      17 
     10      11       3
     23       8      22 
 13      12      18       4
  7       5      20       1
     19      16      14 
      9       6      21
         24       2 
--8<--
found: sum= 81.0000 var=  0.0000 fitness= 81.0000 age=2
-->8--
         19       6 
      4      11      24
     18      20      17 
 12       9       3      16
  5      15      21       1
     22      13      23 
     10      14       2
          7       8 
--8<--
found: sum= 80.0000 var=  0.0000 fitness= 80.0000 age=8
-->8--
         22       3 
     19       4      20
     12      14      24 
 13       9      15       2
  8      17      18       5
     21       7      16 
      1      23       6
         11      10 
--8<--
