execution time: real 0.043586s user 0.001999s sys 0.000000s
generation #1: pop v=255.859796 f=0.808388
best(1) sum=72.28571 var=23.34694 fitness=48.61450

         23       3 
     16      24       4
      2       1      22 
 17       9      19      10
 20      14       6       8
      5      15       7 
     11      18      21
         13      12 

sum=0.000000 var=0.000000

          0       0 
      0       0       0
      0       0       0 
  0       0       0       0
  0       0       0       0
      0       0       0 
      0       0       0
          0       0 

