found: sum= 73.0000 var=  0.0000 fitness= 73.0000
-->8--
         12      15 
     23       3      22
     13       1      24 
  7      21       8      18
  6      17      16       5
      9      10       2 
      4      14      20
         19      11 
--8<--
found: sum= 77.0000 var=  0.0000 fitness= 77.0000
-->8--
         22       3 
     15      21      14
      4       6      17 
 19       9      16       5
 12      20      24       8
     13       2       7 
      1      23      11
         18      10 
--8<--
found: sum= 79.0000 var=  0.0000 fitness= 79.0000
-->8--
          3       1 
     22      23       4
     13      10      24 
  9       8      17       6
 18      12      11       7
     19      21      14 
     20       2      15
          5      16 
--8<--
found: sum= 76.0000 var=  0.0000 fitness= 76.0000
-->8--
          1      20 
     17      24       6
     23       8       5 
 12       3      13       7
 19       9      21      14
     10      22      16 
     18       2      11
         15       4 
--8<--
found: sum= 75.0000 var=  0.0000 fitness= 75.0000
-->8--
         22      11 
     15       3      20
     23       2      18 
  6      10      21       7
  9      13      24       4
     14       5       1 
     19      16      12
          8      17 
--8<--
found: sum= 75.0000 var=  0.0000 fitness= 75.0000
-->8--
         12       6 
     21      23       8
      4      13      16 
 10       2       9      14
 17      24       5      20
     18      22      11 
      7       3      19
          1      15 
--8<--
found: sum= 78.0000 var=  0.0000 fitness= 78.0000
-->8--
         16       8 
     19      24      15
      6       9       2 
 12       4      20       1
 17      18      22      10
     21       5      23 
     13      14       3
          7      11 
--8<--
found: sum= 74.0000 var=  0.0000 fitness= 74.0000
-->8--
         23      12 
     18       5      24
     11       7      22 
 13      10       4       8
  9      16      20       6
     15      17      14 
     21       3       1
          2      19 
--8<--
found: sum= 75.0000 var=  0.0000 fitness= 75.0000
-->8--
         14      12 
      8      24      10
      3      19       4 
  9       7       6      23
 15      20      22       2
     21       1      18 
     11       5      13
         17      16 
--8<--
found: sum= 78.0000 var=  0.0000 fitness= 78.0000
-->8--
         20       3 
     19      21      13
     12       5      14 
  7       1      22       8
 11      24      10       6
     23      16      18 
      9       2      15
          4      17 
--8<--
found: sum= 78.0000 var=  0.0000 fitness= 78.0000
-->8--
         19      24 
      5      14       1
     21       6      17 
 22      13      16       3
  8       2      18       9
     12      23      15 
     20      11       4
         10       7 
--8<--
found: sum= 74.0000 var=  0.0000 fitness= 74.0000
-->8--
          8      21 
      2      11      10
     24       9       4 
 14      20      19      23
 12       1       7       6
      3      18      15 
     22      13      16
         17       5 
--8<--
found: sum= 76.0000 var=  0.0000 fitness= 76.0000
-->8--
          2       5 
      1      12      23
     19      24       3 
  7      18       9      21
  4      11       6      22
     17       8      15 
     16      14      20
         10      13 
--8<--
found: sum= 81.0000 var=  0.0000 fitness= 81.0000
-->8--
          2      21 
     22      13       3
     23       9      24 
  7      12      11       4
  6      18      14       8
     15      17      20 
     16      10      19
          5       1 
--8<--
found: sum= 79.0000 var=  0.0000 fitness= 79.0000
-->8--
          2      20 
     23      11       9
     12       7      22 
  6      24      10       5
  8      14      21       4
     15       3      17 
     13      18      19
         16       1 
--8<--
found: sum= 78.0000 var=  0.0000 fitness= 78.0000
-->8--
          4      12 
     22      14      21
      5      10      20 
  2      23       1      15
 18      19      17       9
     11       8      16 
     13      24       7
          3       6 
--8<--
found: sum= 82.0000 var=  0.0000 fitness= 82.0000
-->8--
          6       5 
      8      13      21
     19      20      22 
  3      16       1       2
 12      14      24      10
     18       7      23 
     17      15       4
         11       9 
--8<--
found: sum= 77.0000 var=  0.0000 fitness= 77.0000
-->8--
         17      19 
     12      24      18
     15       5       8 
 13       4       3      14
 16      23      22       9
      6      20      21 
      7      11       1
         10       2 
--8<--
found: sum= 75.0000 var=  0.0000 fitness= 75.0000
-->8--
         22      14 
     23      13      12
     10       2      18 
 19       5      16      17
  6      24       7       9
     11      21       8 
      1      15       4
          3      20 
--8<--
found: sum= 78.0000 var=  0.0000 fitness= 78.0000
-->8--
          6       2 
      7      16      10
     12      19       9 
 11      18      22       4
  3      13       5      14
     21       1      24 
     15       8      23
         20      17 
--8<--
found: sum= 77.0000 var=  0.0000 fitness= 77.0000
-->8--
         16       1 
     17      24      22
     11       2      19 
 20       7       9      12
 13      21      15      14
      5      23       8 
      4      18       3
          6      10 
--8<--
found: sum= 75.0000 var=  0.0000 fitness= 75.0000
-->8--
         16       6 
     22       2      20
      1      19      24 
 21      15       4      10
  3      18       5       9
     17      14      23 
     11       8      12
          7      13 
--8<--
found: sum= 77.0000 var=  0.0000 fitness= 77.0000
-->8--
          9      17 
     22       1      20
     23      10      21 
  2      12       8       7
  3      18      24      11
     19       5       6 
     16      15      14
          4      13 
--8<--
found: sum= 78.0000 var=  0.0000 fitness= 78.0000
-->8--
         20      22 
      3      21       7
     14      16       2 
 15       4      10      18
  9      19      23       1
     17       6      24 
     13      12       5
         11       8 
--8<--
found: sum= 81.0000 var=  0.0000 fitness= 81.0000
-->8--
          6      11 
      2      10      13
     21      20      23 
  7      22       4       5
  9      14      18      12
      8       3      19 
     15      24       1
         17      16 
--8<--
found: sum= 81.0000 var=  0.0000 fitness= 81.0000
-->8--
          3      14 
     19      15      13
     24      12      21 
  4       8       6       2
 11      16      22      23
     18      17       7 
      9      20       5
          1      10 
--8<--
found: sum= 78.0000 var=  0.0000 fitness= 78.0000
-->8--
         10       3 
      2      24       9
     20       6      22 
  8      16      14      19
 12      17      18       1
      5       7       4 
     13      15      11
         21      23 
--8<--
found: sum= 75.0000 var=  0.0000 fitness= 75.0000
-->8--
          5      18 
     20      10      15
     23       3      12 
  1      14      17      19
 22      13       4      16
      2      24       7 
      6      21       8
          9      11 
--8<--
found: sum= 76.0000 var=  0.0000 fitness= 76.0000
-->8--
         23      15 
     21      13      10
      6      12       2 
 17       1      24       4
 14      20      16       8
     18       3      22 
      9      19       5
          7      11 
--8<--
found: sum= 75.0000 var=  0.0000 fitness= 75.0000
-->8--
         19       6 
     14      20      17
     18       3       5 
 13       1      24       8
 16       4      21      10
     23      22       7 
     15       2      11
          9      12 
--8<--
found: sum= 76.0000 var=  0.0000 fitness= 76.0000
-->8--
          6       3 
     20       5      21
     24       2      23 
 11      19      22      10
  7      14       4       8
      1      15       9 
     16      18      13
         12      17 
--8<--
found: sum= 75.0000 var=  0.0000 fitness= 75.0000
-->8--
          9      24 
     23      15      20
     17       5       1 
  7       6      10      11
  8      21      19      12
     16      14      22 
      2       4       3
         18      13 
--8<--
found: sum= 83.0000 var=  0.0000 fitness= 83.0000
-->8--
          3      15 
      5      23      10
     24       6      21 
  4      22       8       2
  7      17      19      13
      9      11      20 
     12      18       1
         16      14 
--8<--
found: sum= 77.0000 var=  0.0000 fitness= 77.0000
-->8--
          8      11 
     10      20      17
     15       1       6 
 14      23      22       4
  9       3      21       5
     13       7      19 
     24      12       2
         18      16 
--8<--
found: sum= 78.0000 var=  0.0000 fitness= 78.0000
-->8--
          6      11 
     17      24      10
     21       7      14 
 16       3      12      20
 19      15      18       9
      4      23       5 
      1      22       2
         13       8 
--8<--
execution time: real 0.154323s user 0.007998s sys 0.001999s
GA: P=50 K=10 sp=2 xover=2D/1 optrpl=2 optskip=10 optmax=1.142857
generation #165: pop m= 78.780 v= 61.235 f= 53.035 best_age=1
best: found: sum= 83.0000 var=  0.0000 fitness= 83.0000
-->8--
          3      15 
      5      23      10
     24       6      21 
  4      22       8       2
  7      17      19      13
      9      11      20 
     12      18       1
         16      14 
--8<--
found: sum= 78.0000 var=  0.0000 fitness= 78.0000
-->8--
          6      11 
     17      24      10
     21       7      14 
 16       3      12      20
 19      15      18       9
      4      23       5 
      1      22       2
         13       8 
--8<--
found: sum= 77.0000 var=  0.0000 fitness= 77.0000
-->8--
          8      11 
     10      20      17
     15       1       6 
 14      23      22       4
  9       3      21       5
     13       7      19 
     24      12       2
         18      16 
--8<--
found: sum= 75.0000 var=  0.0000 fitness= 75.0000
-->8--
          9      24 
     23      15      20
     17       5       1 
  7       6      10      11
  8      21      19      12
     16      14      22 
      2       4       3
         18      13 
--8<--
found: sum= 76.0000 var=  0.0000 fitness= 76.0000
-->8--
          6       3 
     20       5      21
     24       2      23 
 11      19      22      10
  7      14       4       8
      1      15       9 
     16      18      13
         12      17 
--8<--
