found: sum= 76.0000 var=  0.0000 fitness= 76.0000 age=0
-->8--
         16      12 
     24       4      11
     14      10      20 
 21       8      19       2
  1      23       3      17
      9      13      15 
      7      18       5
          6      22 
--8<--
found: sum= 73.0000 var=  0.0000 fitness= 73.0000 age=0
-->8--
         11      12 
     23       3      21
      1      17      13 
 20      18       7      24
  4      16       5       9
     14      10      15 
      8      19       2
          6      22 
--8<--
found: sum= 59.0000 var=  0.0000 fitness= 59.0000 age=0
-->8--
         21      15 
     22       1      20
      7       3       8 
 18       5      12      17
  2      16      10      -2
     11      13      14 
      6       4      -1
          9      19 
--8<--
found: sum= 71.0000 var=  0.0000 fitness= 71.0000 age=0
-->8--
         20      22 
     23       5      10
      8       4      14 
 17      11      16       1
  2      12       9      13
     21      19      18 
      6      15       3
         -2       7 
--8<--
found: sum= 81.0000 var=  0.0000 fitness= 81.0000 age=0
-->8--
         12       3 
     18      24       9
     11       6      20 
 14      10      19       4
  2      23       8      17
     21      15      13 
      5      16       7
          1      22 
--8<--
found: sum= 77.0000 var=  0.0000 fitness= 77.0000 age=0
-->8--
         19      17 
     23      13       5
     12       2      22 
 21       8      18       4
 10      15      14      16
     11      20       3 
      6      24       7
          1       9 
--8<--
found: sum= 77.0000 var=  0.0000 fitness= 77.0000 age=0
-->8--
         13      11 
     21      16       3
      5      12      20 
 24      10      15       1
  6       9      17      22
     23      14       2 
      8      19      18
          4       7 
--8<--
found: sum= 73.0000 var=  0.0000 fitness= 73.0000 age=0
-->8--
         19      23 
     24       3      22
     17       1      18 
 14       9       6      15
  5      16      21      11
     12      20       2 
      8      13       7
          4      10 
--8<--
found: sum= 69.0000 var=  0.0000 fitness= 69.0000 age=0
-->8--
          4       6 
     19      11       9
     13      15      23 
 16       7       5       8
  2      10      12      22
     21      20      -1 
      1       3      17
         14      18 
--8<--
found: sum= 75.0000 var=  0.0000 fitness= 75.0000 age=0
-->8--
         13       8 
     17      22      11
     12       9       6 
 20       2      19       3
  5      15      14      23
     21      16      10 
     18       4      24
          1       7 
--8<--
found: sum= 76.0000 var=  0.0000 fitness= 76.0000 age=0
-->8--
          5      15 
     14      18       2
     13      17       1 
 20       9      23      11
  6       4      16      22
     24       7       3 
      8      21      10
         12      19 
--8<--
found: sum= 67.0000 var=  0.0000 fitness= 67.0000 age=0
-->8--
         16       8 
     22      14      23
      5      -2       9 
 17      12      15       6
  3      11      13      20
     19      18       4 
      2      10       1
          7      21 
--8<--
found: sum= 78.0000 var=  0.0000 fitness= 78.0000 age=0
-->8--
         23      24 
      2       9       6
     14      12      10 
 13      18      17       4
  3       8      16      11
     22       7      20 
     21      15      19
          5       1 
--8<--
found: sum= 78.0000 var=  0.0000 fitness= 78.0000 age=0
-->8--
         24      19 
      6      15      12
     10      14       5 
 20       9      13      22
  1      17      18       4
     21       7      16 
      2      23       3
          8      11 
--8<--
found: sum= 83.0000 var=  0.0000 fitness= 83.0000 age=0
-->8--
         11      10 
     13      23       5
     15       3      20 
 17      18      22       4
  2      19       7       9
     12      14      21 
      6      24       1
          8      16 
--8<--
execution time: real 1.685650s user 0.028995s sys 0.000000s
GA: P=512 K=256 sp=3 xover=2D/1 aging
generation #9: pop m= 76.840 v=1.273 f= 72.598
best: found: sum= 83.0000 var=  0.0000 fitness= 83.0000 age=1
-->8--
         11      10 
     13      23       5
     15       3      20 
 17      18      22       4
  2      19       7       9
     12      14      21 
      6      24       1
          8      16 
--8<--
found: sum= 78.0000 var=  0.0000 fitness= 78.0000 age=1
-->8--
         24      19 
      6      15      12
     10      14       5 
 20       9      13      22
  1      17      18       4
     21       7      16 
      2      23       3
          8      11 
--8<--
found: sum= 77.0000 var=  0.0000 fitness= 77.0000 age=4
-->8--
         19      17 
     23      13       5
     12       2      22 
 21       8      18       4
 10      15      14      16
     11      20       3 
      6      24       7
          1       9 
--8<--
found: sum= 78.0000 var=  0.0000 fitness= 78.0000 age=1
-->8--
         23      24 
      2       9       6
     14      12      10 
 13      18      17       4
  3       8      16      11
     22       7      20 
     21      15      19
          5       1 
--8<--
found: sum= 76.0000 var=  0.0000 fitness= 76.0000 age=7
-->8--
         16      12 
     24       4      11
     14      10      20 
 21       8      19       2
  1      23       3      17
      9      13      15 
      7      18       5
          6      22 
--8<--
found: sum= 81.0000 var=  0.0000 fitness= 81.0000 age=5
-->8--
         12       3 
     18      24       9
     11       6      20 
 14      10      19       4
  2      23       8      17
     21      15      13 
      5      16       7
          1      22 
--8<--
found: sum= 75.0000 var=  0.0000 fitness= 75.0000 age=2
-->8--
         13       8 
     17      22      11
     12       9       6 
 20       2      19       3
  5      15      14      23
     21      16      10 
     18       4      24
          1       7 
--8<--
found: sum= 76.0000 var=  0.0000 fitness= 76.0000 age=2
-->8--
          5      15 
     14      18       2
     13      17       1 
 20       9      23      11
  6       4      16      22
     24       7       3 
      8      21      10
         12      19 
--8<--
found: sum= 77.0000 var=  0.0000 fitness= 77.0000 age=4
-->8--
         13      11 
     21      16       3
      5      12      20 
 24      10      15       1
  6       9      17      22
     23      14       2 
      8      19      18
          4       7 
--8<--
