found: sum= 79.0000 var=  0.0000 fitness= 79.0000
-->8--
         22      18 
      4       1      17
     16      15      20 
 13      21       8       3
  6      12      14      10
     11       9      24 
     19      23       7
          5       2 
--8<--
found: sum= 80.0000 var=  0.0000 fitness= 80.0000
-->8--
         11      10 
     20       9      15
      6      22      21 
  7      12       3      19
 18      14      16       4
     23      13      17 
      5      24       8
          1       2 
--8<--
found: sum= 75.0000 var=  0.0000 fitness= 75.0000
-->8--
         11       5 
     10      21       6
      1      17      18 
  4      15       8       9
 24      12       7      20
     19      16      13 
     23       3      14
          2      22 
--8<--
found: sum= 83.0000 var=  0.0000 fitness= 83.0000
-->8--
          2       5 
     21      20      12
     19       7      24 
  6      14      15      13
 17      16       9       4
     11      22      18 
      3      23      10
          8       1 
--8<--
found: sum= 84.0000 var=  0.0000 fitness= 84.0000
-->8--
          6      19 
     13      20       7
     24      12      10 
 11       9      16      17
  1      18      14       5
     21      15      22 
      4      23       8
          3       2 
--8<--
found: sum= 81.0000 var=  0.0000 fitness= 81.0000
-->8--
          2       8 
     15      24       4
     21      13       9 
 19       6      23      16
  7      17      10       1
     11      12      22 
     20      18      14
          3       5 
--8<--
found: sum= 77.0000 var=  0.0000 fitness= 77.0000
-->8--
         11      15 
     19      24       9
     20       1      16 
 21       2      12      10
 13      17      22       3
      4      23      14 
     18       7       6
          8       5 
--8<--
found: sum= 81.0000 var=  0.0000 fitness= 81.0000
-->8--
         22      24 
      6       7       1
     19      18      20 
 17       9      11      12
  5      16      13       4
     15      14      21 
      3      23       8
         10       2 
--8<--
found: sum= 80.0000 var=  0.0000 fitness= 80.0000
-->8--
         20      14 
     12      15       6
     19       1      21 
  3      13      23       9
 18      22       4       7
      5      17      16 
     10      24       8
          2      11 
--8<--
found: sum= 85.0000 var=  0.0000 fitness= 85.0000
-->8--
          5       1 
     13      21       7
     16      20      19 
  2      10      17      14
 15      18       9       4
     24      11      22 
      3      23       8
          6      12 
--8<--
execution time: real 5.743972s user 0.115982s sys 0.264959s
GA: P=50 K=10 sp=2 xover=2D/1 optrpl=2 optskip=10 optmax=1.142857
generation #26298: pop m= 78.703 v=126.631 f= 31.107 best_age=1
best: found: sum= 85.0000 var=  0.0000 fitness= 85.0000
-->8--
          5       1 
     13      21       7
     16      20      19 
  2      10      17      14
 15      18       9       4
     24      11      22 
      3      23       8
          6      12 
--8<--
