found: sum= 76.0000 var=  0.0000 fitness= 76.0000
-->8--
         10       2 
      6      21      12
     17       3      15 
 14      19      23       7
 16       1       8      18
      9      22       5 
     20      13      24
         11       4 
--8<--
found: sum= 78.0000 var=  0.0000 fitness= 78.0000
-->8--
          3       1 
      8      22      18
     16      17      11 
  4      12       9      20
  7      24      14      19
     15       2       5 
      6      21      13
         10      23 
--8<--
found: sum= 79.0000 var=  0.0000 fitness= 79.0000
-->8--
         18      24 
     11      17      10
     20       1      23 
  5      12       4       7
  9      19      22       8
     14      21      15 
      3       6      13
         16       2 
--8<--
execution time: real 0.011906s user 0.006998s sys 0.000999s
GA: P=50 K=10 sp=2 xover=2D/1 optrpl=2 optskip=10 optmax=1.142857
generation #4: pop m= 77.077 v= 54.928 f= 53.401 best_age=1
best: found: sum= 79.0000 var=  0.0000 fitness= 79.0000
-->8--
         18      24 
     11      17      10
     20       1      23 
  5      12       4       7
  9      19      22       8
     14      21      15 
      3       6      13
         16       2 
--8<--
found: sum= 76.0000 var=  0.0000 fitness= 76.0000
-->8--
         10       2 
      6      21      12
     17       3      15 
 14      19      23       7
 16       1       8      18
      9      22       5 
     20      13      24
         11       4 
--8<--
