found: sum= 80.0000 var=  0.0000 fitness= 80.0000
-->8--
         10      16 
      6      20       4
     23      13      12 
  3       8      15       7
 18       9      11      14
     19      24      21 
      1       5       2
         22      17 
--8<--
found: sum= 85.0000 var=  0.0000 fitness= 85.0000
-->8--
          3       9 
      7      17       6
     24      16      23 
  1      18      14       8
  2      21       5      13
     19      11      22 
      4      20      12
         10      15 
--8<--
execution time: real 1.009986s user 0.016997s sys 0.057991s
GA: P=50 K=10 sp=2 xover=2D/1 optrpl=2 optskip=10 optmax=1.142857
generation #4561: pop m= 78.831 v=104.099 f= 35.264 best_age=1
best: found: sum= 85.0000 var=  0.0000 fitness= 85.0000
-->8--
          3       9 
      7      17       6
     24      16      23 
  1      18      14       8
  2      21       5      13
     19      11      22 
      4      20      12
         10      15 
--8<--
