found: sum= 73.0000 var=  0.0000 fitness= 73.0000
-->8--
         13      11 
     17      24      14
     10       4       2 
 21       5      18      12
  9      22      23      15
      6       1       3 
      8      20      19
         16       7 
--8<--
found: sum= 77.0000 var=  0.0000 fitness= 77.0000
-->8--
          1       3 
     22       9      23
     11      10      17 
 13      24      15       5
  2       6      18      14
     21       4       8 
      7      19      16
         20      12 
--8<--
found: sum= 76.0000 var=  0.0000 fitness= 76.0000
-->8--
         23       6 
     20       2      15
     17      13      24 
 12       1      16       9
 11      21       3       5
     14      22      19 
      8       4      18
          7      10 
--8<--
found: sum= 74.0000 var=  0.0000 fitness= 74.0000
-->8--
         18       2 
     22       1      21
     10      12      24 
  6      11      14       4
 13      15      17       8
     19       5       7 
     23       9      16
          3      20 
--8<--
found: sum= 77.0000 var=  0.0000 fitness= 77.0000
-->8--
          4      12 
     18       2      17
     20       9      16 
  1      24      21      15
  3       7       6       5
     22      10      14 
     19      11      23
          8      13 
--8<--
found: sum= 71.0000 var=  0.0000 fitness= 71.0000
-->8--
         24      11 
     20      15      12
      2       6      14 
 10       4      13       5
 17      22      23       9
     16       3       7 
     21       1      18
          8      19 
--8<--
found: sum= 73.0000 var=  0.0000 fitness= 73.0000
-->8--
         23       2 
     22      13      17
      1       6      14 
 20       8      21       5
 16      19      12       3
      9       7      18 
     24      10      15
          4      11 
--8<--
found: sum= 75.0000 var=  0.0000 fitness= 75.0000
-->8--
         23      24 
     11      13       7
     10       4      12 
  5      14      15       9
 21       3      20      18
     22      19       1 
      6      17      16
          8       2 
--8<--
found: sum= 75.0000 var=  0.0000 fitness= 75.0000
-->8--
         20      16 
     21       6       3
     15      11      22 
 23       2      17       9
 10      24       8       7
      1      13      12 
      4      19      18
         14       5 
--8<--
found: sum= 79.0000 var=  0.0000 fitness= 79.0000
-->8--
          5       1 
     21      20      13
     18       7      23 
 16       8      15      10
  2      24       3       9
     11      22      19 
     12       4      14
          6      17 
--8<--
found: sum= 78.0000 var=  0.0000 fitness= 78.0000
-->8--
         14      16 
     13      24       8
     22       3      15 
 11       2      12       5
  6      18      20      17
     19      23       9 
     10       1      21
          7       4 
--8<--
found: sum= 78.0000 var=  0.0000 fitness= 78.0000
-->8--
         11       9 
      6       8      16
     18      15      17 
  1      20      13      12
 14      21       7      10
      4       2      19 
      5      24      23
         22       3 
--8<--
found: sum= 76.0000 var=  0.0000 fitness= 76.0000
-->8--
          9       1 
     23      21       2
      7       6      22 
 20      10      24       8
 17      18       3       5
      4      15      14 
     11      12      13
         16      19 
--8<--
found: sum= 77.0000 var=  0.0000 fitness= 77.0000
-->8--
          3      17 
     11      16      13
     23      14       9 
  2      10       8       7
 19      22      18      20
      1       5      15 
     24      21      12
          4       6 
--8<--
found: sum= 71.0000 var=  0.0000 fitness= 71.0000
-->8--
         16      22 
      5       4      11
     13      15      10 
  2      18       9      20
 23      14       7      19
      1       8       6 
     24      21      12
          3      17 
--8<--
found: sum= 78.0000 var=  0.0000 fitness= 78.0000
-->8--
         17      12 
      2      19       9
     10      14      11 
  1      16      13       8
 22       6       5      21
     23      24      20 
     15       7      18
          3       4 
--8<--
found: sum= 77.0000 var=  0.0000 fitness= 77.0000
-->8--
          2      13 
      1      22      10
     24      16       7 
 14      12       9      23
  5      18      19      11
      4       3       8 
     15      20      21
         17       6 
--8<--
found: sum= 72.0000 var=  0.0000 fitness= 72.0000
-->8--
         23      19 
     17       1      21
      5      22       3 
  9       4       6      14
 20      10      18      15
     24      12      16 
     13      11       7
          2       8 
--8<--
found: sum= 81.0000 var=  0.0000 fitness= 81.0000
-->8--
          3      10 
      1      23       2
     18      16       9 
  8      20      21      22
  6      15       5       7
     14       4      17 
     13      24      19
         11      12 
--8<--
found: sum= 81.0000 var=  0.0000 fitness= 81.0000
-->8--
         17       3 
      6      10       7
     16      14      24 
  9      18      23       4
 11      12       1       8
     15      13      21 
      2      19      22
         20       5 
--8<--
found: sum= 80.0000 var=  0.0000 fitness= 80.0000
-->8--
          6       1 
     10      24      14
     17       7      13 
  9      16      21       3
 11      12       2      18
     15      22      23 
      4       8       5
         19      20 
--8<--
found: sum= 71.0000 var=  0.0000 fitness= 71.0000
-->8--
         21      12 
     16       5      19
     13      14      17 
 23       2       4      22
 18       7      24       3
      8      20       1 
     15      11       6
         10       9 
--8<--
found: sum= 78.0000 var=  0.0000 fitness= 78.0000
-->8--
          5       6 
     22       3      14
     13      23      24 
  7      12       8       9
 17      18       2      16
     11      15      19 
     10      20      21
          4       1 
--8<--
found: sum= 75.0000 var=  0.0000 fitness= 75.0000
-->8--
          7       4 
     18      24      20
     13       8       3 
 19       5      16      17
  2      22      23       6
     14       1      10 
     15      11       9
         12      21 
--8<--
found: sum= 82.0000 var=  0.0000 fitness= 82.0000
-->8--
         15      11 
      2      21       5
     18      16      22 
  8      10       7       4
 13       9      23      20
     24      17       6 
      1      19       3
         12      14 
--8<--
found: sum= 76.0000 var=  0.0000 fitness= 76.0000
-->8--
         16       9 
      5      17      14
     24      11       2 
 22       3      23       8
  1      20      15      10
      6       4      18 
     21      13       7
         12      19 
--8<--
found: sum= 81.0000 var=  0.0000 fitness= 81.0000
-->8--
          7       1 
     22      24       6
     14      12      23 
  8       2      15       3
 20      18      21      10
     19      13       9 
     11      16      17
          4       5 
--8<--
found: sum= 79.0000 var=  0.0000 fitness= 79.0000
-->8--
          3       9 
     16      17      22
     24       4       6 
 18      15      21      19
  1       7      12      10
     14      20      11 
     13      23       5
          2       8 
--8<--
found: sum= 76.0000 var=  0.0000 fitness= 76.0000
-->8--
          7       2 
     18      10       8
      6      23      16 
 22      12      17       5
 14      19       1      13
      3       4      24 
     20      21      11
          9      15 
--8<--
found: sum= 80.0000 var=  0.0000 fitness= 80.0000
-->8--
          8       6 
      2      14       7
     19      22      21 
  3      15      10      17
 23      16       5       9
      4      12      18 
     13      24      20
         11       1 
--8<--
found: sum= 82.0000 var=  0.0000 fitness= 82.0000
-->8--
          7       1 
     10      15       9
     14      12      23 
 13      24      22       3
 11       2       5       8
     18      17      21 
      6      19      16
         20       4 
--8<--
found: sum= 75.0000 var=  0.0000 fitness= 75.0000
-->8--
         24       2 
     10       5      20
     18       4      23 
 11      14      21       7
  1      16       3      13
     15      17       8 
     12       6      22
          9      19 
--8<--
found: sum= 74.0000 var=  0.0000 fitness= 74.0000
-->8--
         18       5 
      7      24      13
      4      15       8 
  3       6       9      17
 16      23      19      10
     22       2      11 
     14       1      20
         12      21 
--8<--
found: sum= 80.0000 var=  0.0000 fitness= 80.0000
-->8--
          8       2 
     20      19      22
     23       1      21 
  4       9      15       3
 17      13      24       6
     14      18      11 
      7      12       5
         16      10 
--8<--
found: sum= 78.0000 var=  0.0000 fitness= 78.0000
-->8--
         19       9 
     20      12      10
      8       2      21 
 13      17      24      14
  1      23       5       3
     16       7      11 
      4      22      15
          6      18 
--8<--
found: sum= 78.0000 var=  0.0000 fitness= 78.0000
-->8--
         13       9 
      1      15       8
     17      20       7 
 14      12      19      16
 11      18       5      10
      6       4      21 
      3      24      22
         23       2 
--8<--
found: sum= 75.0000 var=  0.0000 fitness= 75.0000
-->8--
         10      24 
     12      23       3
     16      13       5 
  8       1       7      18
  9      20      19      22
     21      15       4 
     11       6      14
          2      17 
--8<--
found: sum= 75.0000 var=  0.0000 fitness= 75.0000
-->8--
          1      21 
      4       8       6
     16      24      14 
 10      22       2      17
  3      13       5      18
     11       9      19 
     12       7      15
         23      20 
--8<--
found: sum= 73.0000 var=  0.0000 fitness= 73.0000
-->8--
         15       9 
      7      20       1
      4      24      11 
 13       3       8      14
 23      12      21      17
     18       5       2 
      6      10      19
         22      16 
--8<--
found: sum= 75.0000 var=  0.0000 fitness= 75.0000
-->8--
         11       9 
     20       4      13
     21       2      24 
 12      17      23       5
  1       8       6      10
     16      19       7 
     15       3      18
         14      22 
--8<--
found: sum= 77.0000 var=  0.0000 fitness= 77.0000
-->8--
         22      10 
     15      24      12
      8       6      18 
 14       2       7       4
 21      19      20      11
     13      23      17 
      1       5       3
         16       9 
--8<--
found: sum= 76.0000 var=  0.0000 fitness= 76.0000
-->8--
         22       4 
     21      11      14
      3      18      24 
 17       1       5       8
 19      16      23       9
     20      13       7 
     10      15      12
          2       6 
--8<--
found: sum= 77.0000 var=  0.0000 fitness= 77.0000
-->8--
          5      19 
      2      24      11
     23       9      13 
  8      14       1      18
  4      16      20      22
     12      17       3 
     15      10      21
          7       6 
--8<--
found: sum= 79.0000 var=  0.0000 fitness= 79.0000
-->8--
          7       8 
      1      21       5
     10      23      18 
 15      17       4      20
 12      22       2      16
      3      11      19 
      6      24       9
         13      14 
--8<--
found: sum= 79.0000 var=  0.0000 fitness= 79.0000
-->8--
         16      10 
     12      18       1
      4       5      23 
 15      24      22       6
 13       3      11       8
     20      14       9 
     19      21       7
          2      17 
--8<--
found: sum= 78.0000 var=  0.0000 fitness= 78.0000
-->8--
          3       7 
     24      23       9
      6      17      10 
 14       5      12      13
 19      16      20       1
     18       8      22 
      4      11      15
         21       2 
--8<--
found: sum= 73.0000 var=  0.0000 fitness= 73.0000
-->8--
         23      18 
     21       2      17
     11       1      16 
  9      15      19      13
 12       4      10       7
     22      24       8 
      3       6      20
         14       5 
--8<--
found: sum= 80.0000 var=  0.0000 fitness= 80.0000
-->8--
          9       7 
     14      23       4
     15      17      18 
  8       2      11      10
 22      20      24       5
     13       6      12 
     21      19      16
          1       3 
--8<--
found: sum= 77.0000 var=  0.0000 fitness= 77.0000
-->8--
         15       8 
      2      21      19
     24      14       9 
  4       1       6       7
 22      23      20      17
      3      13      18 
     16      10      11
         12       5 
--8<--
found: sum= 79.0000 var=  0.0000 fitness= 79.0000
-->8--
          4      12 
      5      20       8
     19      13       9 
 11      18      17      24
 14       7       1       6
     10      23      22 
     21      15       2
          3      16 
--8<--
found: sum= 76.0000 var=  0.0000 fitness= 76.0000
-->8--
         23      16 
     12      24      10
      8       2      13 
  5       7      11       6
 20      22      19       9
     14      15      18 
     21       3      17
          1       4 
--8<--
found: sum= 71.0000 var=  0.0000 fitness= 71.0000
-->8--
          9      17 
     23      11      19
      1       3       7 
  8      24      14      12
 20      16      10      15
      2       4      13 
      6      21      18
         22       5 
--8<--
found: sum= 77.0000 var=  0.0000 fitness= 77.0000
-->8--
         14       1 
      9      10      22
     24       3      23 
 13      17      18      11
 12       4      15       8
      7      20       2 
      6      19      16
         21       5 
--8<--
found: sum= 83.0000 var=  0.0000 fitness= 83.0000
-->8--
         15       2 
      3      20       5
     23      14      24 
  9       8      18       1
 22      11      19       4
     10      13      17 
     16      21       7
         12       6 
--8<--
execution time: real 0.137156s user 0.007998s sys 0.002999s
GA: P=50 K=10 sp=2 xover=2D/1 optrpl=2 optskip=10 optmax=1.142857
generation #162: pop m= 77.823 v= 63.953 f= 48.429 best_age=1
best: found: sum= 83.0000 var=  0.0000 fitness= 83.0000
-->8--
         15       2 
      3      20       5
     23      14      24 
  9       8      18       1
 22      11      19       4
     10      13      17 
     16      21       7
         12       6 
--8<--
found: sum= 79.0000 var=  0.0000 fitness= 79.0000
-->8--
          4      12 
      5      20       8
     19      13       9 
 11      18      17      24
 14       7       1       6
     10      23      22 
     21      15       2
          3      16 
--8<--
found: sum= 82.0000 var=  0.0000 fitness= 82.0000
-->8--
          7       1 
     10      15       9
     14      12      23 
 13      24      22       3
 11       2       5       8
     18      17      21 
      6      19      16
         20       4 
--8<--
found: sum= 79.0000 var=  0.0000 fitness= 79.0000
-->8--
         16      10 
     12      18       1
      4       5      23 
 15      24      22       6
 13       3      11       8
     20      14       9 
     19      21       7
          2      17 
--8<--
found: sum= 77.0000 var=  0.0000 fitness= 77.0000
-->8--
         14       1 
      9      10      22
     24       3      23 
 13      17      18      11
 12       4      15       8
      7      20       2 
      6      19      16
         21       5 
--8<--
found: sum= 81.0000 var=  0.0000 fitness= 81.0000
-->8--
         17       3 
      6      10       7
     16      14      24 
  9      18      23       4
 11      12       1       8
     15      13      21 
      2      19      22
         20       5 
--8<--
