found: sum= 69.0000 var=  0.0000 fitness= 69.0000 age=0
-->8--
          8      13 
     22      14      23
     12       3      18 
  4      10      -2      15
  7      20      21      11
     16      17       6 
      9       5       1
          2      19 
--8<--
found: sum= 80.0000 var=  0.0000 fitness= 80.0000 age=0
-->8--
         14       8 
     16      23      15
     10       6      19 
 21      11       9      18
  2      12      22       5
     24      20       7 
      4      17       1
          3      13 
--8<--
found: sum= 78.0000 var=  0.0000 fitness= 78.0000 age=0
-->8--
         14      19 
     21      12       3
     11      15      22 
 13       5       7      18
  2      24      17       8
     23      10       6 
      1      16      20
          4       9 
--8<--
found: sum= 75.0000 var=  0.0000 fitness= 75.0000 age=0
-->8--
         17      19 
      6      21       3
     13       7      20 
  9      11       5      16
  1      23      15      -3
     18      14      22 
      2       8       4
         10      12 
--8<--
found: sum= 73.0000 var=  0.0000 fitness= 73.0000 age=0
-->8--
         10      14 
     24       2       6
     20      13      15 
 18       4      23       1
  8      11       5      22
     12      17       7 
     21       9      16
          3      19 
--8<--
found: sum= 71.0000 var=  0.0000 fitness= 71.0000 age=0
-->8--
         10      19 
     23       9      11
      8       6      22 
 14      15       4       1
  2      12      21       7
     20      13      16 
      3       5      -1
         18      17 
--8<--
found: sum= 78.0000 var=  0.0000 fitness= 78.0000 age=0
-->8--
         17       1 
      7       3      14
     24      23      22 
 16       4      15       2
  6      20       5      13
      8      11      21 
     18      12      19
          9      10 
--8<--
found: sum= 82.0000 var=  0.0000 fitness= 82.0000 age=0
-->8--
         20      16 
      1      24      13
     21       4      10 
  8      12      15       2
  5      17      23      18
     19      11      14 
      6      22       3
          7       9 
--8<--
found: sum= 81.0000 var=  0.0000 fitness= 81.0000 age=0
-->8--
          6      21 
     12      24       3
     22       4      15 
 16      13      14       9
  1      10      17       8
     19      23      18 
      2       7       5
         20      11 
--8<--
found: sum= 72.0000 var=  0.0000 fitness= 72.0000 age=0
-->8--
         11      21 
     18      19       7
     14       6      -1 
  9       4      20       3
  5      17      12      16
     23      13      22 
     10       8      15
          1       2 
--8<--
found: sum= 70.0000 var=  0.0000 fitness= 70.0000 age=0
-->8--
          8       9 
     12      17       6
      5      18      22 
 23      10      -2      19
  3      15      16       4
     14      13      11 
      1       7      21
         20       2 
--8<--
found: sum= 81.0000 var=  0.0000 fitness= 81.0000 age=0
-->8--
          8      20 
     13      19       5
     21       6      22 
  1      14       9      15
  3      18      23      10
     24      11       2 
      4      17      12
          7      16 
--8<--
found: sum= 77.0000 var=  0.0000 fitness= 77.0000 age=0
-->8--
         15       7 
      9      18      17
     23       4      21 
  3       8      10       2
  5      16      19      13
     22      20      12 
      6      14      11
         -1       1 
--8<--
found: sum= 73.0000 var=  0.0000 fitness= 73.0000 age=0
-->8--
         21      13 
      3       4      22
     20      16      10 
  6       9       8      24
  2      17      12      14
     19      11       5 
      1       7      15
         18      23 
--8<--
found: sum= 82.0000 var=  0.0000 fitness= 82.0000 age=0
-->8--
          7       1 
     21      23      11
     13       8      15 
 19      10      24      12
  5      18       6       3
     17      16      22 
      9      20       4
          2      14 
--8<--
found: sum= 79.0000 var=  0.0000 fitness= 79.0000 age=0
-->8--
          8       7 
     20      23       1
      6       9      21 
 17      13      18      16
 11      10      15       5
     22      14       4 
     12      19      24
          2       3 
--8<--
found: sum= 80.0000 var=  0.0000 fitness= 80.0000 age=0
-->8--
          5       3 
     18      11      17
     23      14      22 
 15       9      13      24
  6      19       4       1
      8      21      16 
     10      20      12
          2       7 
--8<--
found: sum= 81.0000 var=  0.0000 fitness= 81.0000 age=0
-->8--
          3       8 
     21      13       7
     16      24      23 
 19       4       6      17
  2      18      14      10
     22      15      11 
      1      20      12
          5       9 
--8<--
found: sum= 77.0000 var=  0.0000 fitness= 77.0000 age=0
-->8--
         22      19 
     11      18       6
     15       9      17 
 23       2       8      20
  4      21      24       1
     12      13       7 
     10      16       3
          5      14 
--8<--
found: sum= 80.0000 var=  0.0000 fitness= 80.0000 age=0
-->8--
         13      18 
     10      17      22
     21      12       8 
  5       7       3      11
  4      20      24      19
     23      14      15 
      1      16       9
          6       2 
--8<--
found: sum= 78.0000 var=  0.0000 fitness= 78.0000 age=0
-->8--
         23      10 
     13      11       9
     14      12      21 
 17       5      15       7
  6      20       8       3
     16      18      24 
      1       4      22
         19       2 
--8<--
found: sum= 77.0000 var=  0.0000 fitness= 77.0000 age=0
-->8--
         13       1 
      4      21       5
     16      11      20 
 15      12      19       8
  2      10       7      14
     22      18       9 
     -2      23      17
          6       3 
--8<--
found: sum= 79.0000 var=  0.0000 fitness= 79.0000 age=0
-->8--
         14      17 
     11       9       4
     22      16      18 
  3       7      15      13
  6      21      12      19
     20       8       2 
      1      24      23
          5      10 
--8<--
found: sum= 84.0000 var=  0.0000 fitness= 84.0000 age=0
-->8--
          2       6 
     13      17       3
     21      19      23 
  8      12      16      11
  5      18       9       1
     20      10      24 
     14      15       4
          7      22 
--8<--
found: sum= 85.0000 var=  0.0000 fitness= 85.0000 age=0
-->8--
         18      10 
      2      21       7
     23       9      24 
  6      12      14       4
  8      17      20       1
     19      13      22 
     15      16       3
          5      11 
--8<--
found: sum= 73.0000 var=  0.0000 fitness= 73.0000 age=0
-->8--
         22      21 
      4       7      15
     18      16       5 
 11       6       9      20
  1      13      17      14
     24      12       8 
     19       3      23
          2      10 
--8<--
found: sum= 81.0000 var=  0.0000 fitness= 81.0000 age=0
-->8--
          1      12 
     20      22      14
     18      11      15 
 10       9       7       6
  5      16      21      24
     23      17       8 
      2      19       3
          4      13 
--8<--
found: sum= 75.0000 var=  0.0000 fitness= 75.0000 age=0
-->8--
         15      23 
      3      22      -3
     20       5      16 
  6      10      12      11
  1      17      18       4
     21      13      14 
      8       9       2
          7      19 
--8<--
found: sum= 77.0000 var=  0.0000 fitness= 77.0000 age=0
-->8--
         15      19 
     22       9       4
     18       7      24 
 12       6      14      16
  3      17      20       1
     21      13       2 
     10      11       8
          5      23 
--8<--
found: sum= 79.0000 var=  0.0000 fitness= 79.0000 age=0
-->8--
          4       5 
     23      16      20
     15       9      11 
 14      12      18       6
  1      13      19       3
     24       8      22 
     17       7      21
         10       2 
--8<--
found: sum= 82.0000 var=  0.0000 fitness= 82.0000 age=0
-->8--
          7       6 
     24      14      18
     17      15      21 
 13       5       8      11
  4      23      19       1
     20      12      22 
      9      16       3
          2      10 
--8<--
execution time: real 2.004231s user 0.010998s sys 0.000999s
GA: P=512 K=256 sp=3 xover=2D/1 aging
generation #13: pop m= 79.287 v=0.828 f= 75.750
best: found: sum= 85.0000 var=  0.0000 fitness= 85.0000 age=1
-->8--
         18      10 
      2      21       7
     23       9      24 
  6      12      14       4
  8      17      20       1
     19      13      22 
     15      16       3
          5      11 
--8<--
found: sum= 79.0000 var=  0.0000 fitness= 79.0000 age=1
-->8--
          4       5 
     23      16      20
     15       9      11 
 14      12      18       6
  1      13      19       3
     24       8      22 
     17       7      21
         10       2 
--8<--
found: sum= 81.0000 var=  0.0000 fitness= 81.0000 age=6
-->8--
          3       8 
     21      13       7
     16      24      23 
 19       4       6      17
  2      18      14      10
     22      15      11 
      1      20      12
          5       9 
--8<--
found: sum= 78.0000 var=  0.0000 fitness= 78.0000 age=2
-->8--
         23      10 
     13      11       9
     14      12      21 
 17       5      15       7
  6      20       8       3
     16      18      24 
      1       4      22
         19       2 
--8<--
found: sum= 80.0000 var=  0.0000 fitness= 80.0000 age=4
-->8--
         13      18 
     10      17      22
     21      12       8 
  5       7       3      11
  4      20      24      19
     23      14      15 
      1      16       9
          6       2 
--8<--
found: sum= 77.0000 var=  0.0000 fitness= 77.0000 age=1
-->8--
         15      19 
     22       9       4
     18       7      24 
 12       6      14      16
  3      17      20       1
     21      13       2 
     10      11       8
          5      23 
--8<--
found: sum= 78.0000 var=  0.0000 fitness= 78.0000 age=9
-->8--
         14      19 
     21      12       3
     11      15      22 
 13       5       7      18
  2      24      17       8
     23      10       6 
      1      16      20
          4       9 
--8<--
found: sum= 73.0000 var=  0.0000 fitness= 73.0000 age=1
-->8--
         22      21 
      4       7      15
     18      16       5 
 11       6       9      20
  1      13      17      14
     24      12       8 
     19       3      23
          2      10 
--8<--
found: sum= 81.0000 var=  0.0000 fitness= 81.0000 age=8
-->8--
          6      21 
     12      24       3
     22       4      15 
 16      13      14       9
  1      10      17       8
     19      23      18 
      2       7       5
         20      11 
--8<--
found: sum= 84.0000 var=  0.0000 fitness= 84.0000 age=1
-->8--
          2       6 
     13      17       3
     21      19      23 
  8      12      16      11
  5      18       9       1
     20      10      24 
     14      15       4
          7      22 
--8<--
found: sum= 81.0000 var=  0.0000 fitness= 81.0000 age=7
-->8--
          8      20 
     13      19       5
     21       6      22 
  1      14       9      15
  3      18      23      10
     24      11       2 
      4      17      12
          7      16 
--8<--
found: sum= 79.0000 var=  0.0000 fitness= 79.0000 age=2
-->8--
         14      17 
     11       9       4
     22      16      18 
  3       7      15      13
  6      21      12      19
     20       8       2 
      1      24      23
          5      10 
--8<--
found: sum= 82.0000 var=  0.0000 fitness= 82.0000 age=7
-->8--
          7       1 
     21      23      11
     13       8      15 
 19      10      24      12
  5      18       6       3
     17      16      22 
      9      20       4
          2      14 
--8<--
found: sum= 80.0000 var=  0.0000 fitness= 80.0000 age=6
-->8--
          5       3 
     18      11      17
     23      14      22 
 15       9      13      24
  6      19       4       1
      8      21      16 
     10      20      12
          2       7 
--8<--
found: sum= 78.0000 var=  0.0000 fitness= 78.0000 age=9
-->8--
         17       1 
      7       3      14
     24      23      22 
 16       4      15       2
  6      20       5      13
      8      11      21 
     18      12      19
          9      10 
--8<--
found: sum= 75.0000 var=  0.0000 fitness= 75.0000 age=1
-->8--
         15      23 
      3      22      -3
     20       5      16 
  6      10      12      11
  1      17      18       4
     21      13      14 
      8       9       2
          7      19 
--8<--
found: sum= 82.0000 var=  0.0000 fitness= 82.0000 age=8
-->8--
         20      16 
      1      24      13
     21       4      10 
  8      12      15       2
  5      17      23      18
     19      11      14 
      6      22       3
          7       9 
--8<--
found: sum= 79.0000 var=  0.0000 fitness= 79.0000 age=6
-->8--
          8       7 
     20      23       1
      6       9      21 
 17      13      18      16
 11      10      15       5
     22      14       4 
     12      19      24
          2       3 
--8<--
found: sum= 80.0000 var=  0.0000 fitness= 80.0000 age=9
-->8--
         14       8 
     16      23      15
     10       6      19 
 21      11       9      18
  2      12      22       5
     24      20       7 
      4      17       1
          3      13 
--8<--
found: sum= 82.0000 var=  0.0000 fitness= 82.0000 age=1
-->8--
          7       6 
     24      14      18
     17      15      21 
 13       5       8      11
  4      23      19       1
     20      12      22 
      9      16       3
          2      10 
--8<--
found: sum= 81.0000 var=  0.0000 fitness= 81.0000 age=1
-->8--
          1      12 
     20      22      14
     18      11      15 
 10       9       7       6
  5      16      21      24
     23      17       8 
      2      19       3
          4      13 
--8<--
