found: sum= 76.0000 var=  0.0000 fitness= 76.0000
-->8--
          1       9 
     17      13       6
     20      21      15 
  8       4      12       5
 23      10       7      19
     11      22      18 
     16       3      24
         14       2 
--8<--
found: sum= 76.0000 var=  0.0000 fitness= 76.0000
-->8--
         11       6 
     16      18      21
     19       4      12 
  2       8      15       9
 13      24      22      17
     10       3       1 
      5      20      23
         14       7 
--8<--
found: sum= 81.0000 var=  0.0000 fitness= 81.0000
-->8--
          1      10 
      7       8       3
     22      20      24 
  2      23      16       9
  4      11       6      12
     19       5      14 
     15      18      17
         13      21 
--8<--
execution time: real 0.039242s user 0.038994s sys 0.000000s
GA: P=50 K=10 sp=2 xover=2D/1 optrpl=2 optskip=10 optmax=1.005952
generation #0: pop m= 76.269 v= 61.779 f= 50.555 best_age=0
best: found: sum= 81.0000 var=  0.0000 fitness= 81.0000
-->8--
          1      10 
      7       8       3
     22      20      24 
  2      23      16       9
  4      11       6      12
     19       5      14 
     15      18      17
         13      21 
--8<--
found: sum= 76.0000 var=  0.0000 fitness= 76.0000
-->8--
          1       9 
     17      13       6
     20      21      15 
  8       4      12       5
 23      10       7      19
     11      22      18 
     16       3      24
         14       2 
--8<--
found: sum= 76.0000 var=  0.0000 fitness= 76.0000
-->8--
         11       6 
     16      18      21
     19       4      12 
  2       8      15       9
 13      24      22      17
     10       3       1 
      5      20      23
         14       7 
--8<--
