found: sum= 78.0000 var=  0.0000 fitness= 78.0000 age=0
-->8--
         21      24 
      1      11       7
     22      14       2 
 16       9      20      18
  5       3      19       4
     23      13      15 
     10      17       6
         12       8 
--8<--
found: sum= 76.0000 var=  0.0000 fitness= 76.0000 age=0
-->8--
         24       4 
      3       8      23
     15       6      17 
 16      20      18       2
  5       1      22      10
     19       9       7 
     12      14      13
         21      11 
--8<--
found: sum= 76.0000 var=  0.0000 fitness= 76.0000 age=0
-->8--
          1       2 
     18       3      17
     21      11      23 
 14      22      20      13
  5       6       7       4
      8      10       9 
     24      16      15
         12      19 
--8<--
found: sum= 77.0000 var=  0.0000 fitness= 77.0000 age=0
-->8--
          2       3 
     18      22       5
      6      17       9 
 11      12      21       4
 23       1       7      20
     24      19      16 
     15       8      13
         10      14 
--8<--
found: sum= 77.0000 var=  0.0000 fitness= 77.0000 age=0
-->8--
         23      18 
      5      15       1
      6       8      22 
  7      20      13       2
 14       9      24      12
     21       3       4 
     16      17      10
         11      19 
--8<--
found: sum= 76.0000 var=  0.0000 fitness= 76.0000 age=0
-->8--
          2       9 
      1      12      19
     16      24       4 
  6      21       8      17
 15       7      13      20
     11       3      14 
     22      23      18
         10       5 
--8<--
found: sum= 82.0000 var=  0.0000 fitness= 82.0000 age=0
-->8--
          8       1 
      6      18       9
     14      21      23 
 11      15      10       4
 17       5      24       2
     20       7      19 
     12      16      13
         22       3 
--8<--
found: sum= 73.0000 var=  0.0000 fitness= 73.0000 age=0
-->8--
          6      16 
      3       4      20
     21      15      11 
 13      24       7      14
  1      12      10      22
      2       5       9 
     17      18       8
         19      23 
--8<--
found: sum= 77.0000 var=  0.0000 fitness= 77.0000 age=0
-->8--
         12      23 
     20      11       9
      3       7      19 
 10      24       8      14
  5      22       1      17
     13      15      18 
      4      21      16
          2       6 
--8<--
found: sum= 78.0000 var=  0.0000 fitness= 78.0000 age=0
-->8--
         16       9 
      3      24       5
     11      23       2 
 17       1      15       4
 10      19      14      22
     20       6      21 
      8      12      18
         13       7 
--8<--
found: sum= 75.0000 var=  0.0000 fitness= 75.0000 age=0
-->8--
         14      21 
     20       4       1
      3      16      22 
  8      18      11       5
 24       9      15      12
     13       6      10 
     17      23       2
          7      19 
--8<--
found: sum= 80.0000 var=  0.0000 fitness= 80.0000 age=0
-->8--
          4       2 
      8      13      24
     22      14      20 
  1      19       7      12
 18      11      23       3
      9       6      15 
     16      21       5
         17      10 
--8<--
found: sum= 75.0000 var=  0.0000 fitness= 75.0000 age=0
-->8--
          7       5 
      4      24      12
      8      13       1 
 18      19      20      17
  9       6       3      23
     15      14      11 
      2      16      21
         22      10 
--8<--
found: sum= 76.0000 var=  0.0000 fitness= 76.0000 age=0
-->8--
         13      18 
      4       8       5
      9      19      16 
 11      23      10       6
 17       1      21       3
     15       2      20 
     24      12      14
         22       7 
--8<--
found: sum= 79.0000 var=  0.0000 fitness= 79.0000 age=0
-->8--
          8       3 
     13      19      12
     15       7      24 
 20      17      14      22
  1      16       2      11
     10      23       6 
      5      21       9
          4      18 
--8<--
found: sum= 77.0000 var=  0.0000 fitness= 77.0000 age=0
-->8--
          1       7 
      6       3      13
     21      24      18 
 11      22      12       5
  4       2       9      23
     17       8      10 
     15      16      14
         19      20 
--8<--
found: sum= 77.0000 var=  0.0000 fitness= 77.0000 age=0
-->8--
          2      16 
      4      12       5
     23      21      22 
 13      15       1      10
  9       3      20      18
     14      17       6 
     24       8      19
         11       7 
--8<--
found: sum= 77.0000 var=  0.0000 fitness= 77.0000 age=0
-->8--
          5       1 
     16       9      22
     20      19      23 
 14       8       3      18
  7      11      12      15
     17      24       6 
     13      10       4
          2      21 
--8<--
found: sum= 78.0000 var=  0.0000 fitness= 78.0000 age=0
-->8--
         14      21 
     10      18       6
     22       1      24 
  7      13       8      20
 11      16      17       4
      9      23       5 
     15      12       2
          3      19 
--8<--
found: sum= 77.0000 var=  0.0000 fitness= 77.0000 age=0
-->8--
          4      10 
     22      21      14
      8       5      24 
 15      17       3      16
 13      23      20       2
      1       9      12 
     18      19      11
          7       6 
--8<--
found: sum= 78.0000 var=  0.0000 fitness= 78.0000 age=0
-->8--
         11      21 
      4      15       9
     19       7      20 
  1      22       6      23
  8      12      14      13
     16      17       2 
      5      18      24
         10       3 
--8<--
found: sum= 80.0000 var=  0.0000 fitness= 80.0000 age=0
-->8--
         13      14 
     11      19      15
     23       6      10 
 18       8      16       3
  2      24      17      12
      5       9      22 
     20      21       4
          1       7 
--8<--
found: sum= 76.0000 var=  0.0000 fitness= 76.0000 age=0
-->8--
         20      11 
      8      14      17
     24       7      18 
  2       3       9      12
 15      19      22      10
     13      16       5 
     21       6       4
          1      23 
--8<--
found: sum= 77.0000 var=  0.0000 fitness= 77.0000 age=0
-->8--
         18       4 
     16       6       8
     13      23      15 
 11       1      21      12
  9      24       5       2
     19       3      22 
      7      10      20
         14      17 
--8<--
found: sum= 76.0000 var=  0.0000 fitness= 76.0000 age=0
-->8--
         22      17 
      1       5      11
     12      16      21 
  3      20       6      18
 13       4       7      14
     24      23      10 
      2       8       9
         15      19 
--8<--
found: sum= 74.0000 var=  0.0000 fitness= 74.0000 age=0
-->8--
         23       5 
      3       4      24
     20      18      22 
 17       6       1      15
 13      16      21       7
      2      12       8 
     19      14       9
         11      10 
--8<--
found: sum= 80.0000 var=  0.0000 fitness= 80.0000 age=0
-->8--
          4      16 
      3      15       7
     22      24      13 
  1      12       5      10
 19      17       8      23
      9      14      21 
      2      20       6
         18      11 
--8<--
found: sum= 78.0000 var=  0.0000 fitness= 78.0000 age=0
-->8--
         10       5 
     21      15       1
      2      14      19 
 22      16      24       3
 11       4       8       6
     23      12      18 
     17      13      20
          9       7 
--8<--
found: sum= 71.0000 var=  0.0000 fitness= 71.0000 age=0
-->8--
         21      13 
     18      11      10
      7      12       1 
  6       2      24      15
 19      14       3      20
     23      16       8 
      9       5      22
          4      17 
--8<--
found: sum= 74.0000 var=  0.0000 fitness= 74.0000 age=0
-->8--
          2      17 
     15       3       5
     10      21      24 
 18      23       4      22
  9       6       1      12
      8      19      11 
      7      14      13
         20      16 
--8<--
found: sum= 77.0000 var=  0.0000 fitness= 77.0000 age=0
-->8--
         14       3 
      4      16      24
     12      23       6 
 21       8       5      10
  1      22      17      19
     13       2      20 
     15      18      11
          7       9 
--8<--
found: sum= 75.0000 var=  0.0000 fitness= 75.0000 age=0
-->8--
          3       8 
      1      20       9
     19      21      12 
  4      11       5      24
 17      22       6      13
      2      10      15 
     18       7      14
         16      23 
--8<--
found: sum= 78.0000 var=  0.0000 fitness= 78.0000 age=0
-->8--
          1       4 
     23       2       8
     20      18      24 
  6      14      22       3
 16      10       5       7
     12       9      17 
     21      15      19
         11      13 
--8<--
found: sum= 76.0000 var=  0.0000 fitness= 76.0000 age=0
-->8--
          7       8 
      1      16       9
      5      24      15 
 12      23       4       3
 20       2      17      18
     14       6      19 
     22      11      13
         21      10 
--8<--
found: sum= 74.0000 var=  0.0000 fitness= 74.0000 age=0
-->8--
         14       2 
     17       1      24
      3      23      20 
 18      16       4      13
  8      10       9       6
     19      12      22 
     21       5      11
          7      15 
--8<--
found: sum= 79.0000 var=  0.0000 fitness= 79.0000 age=0
-->8--
          1      20 
     22      12       8
     15      23      14 
 11       6       2       9
  4      24      21      16
     19       3      17 
      5      18       7
         10      13 
--8<--
found: sum= 80.0000 var=  0.0000 fitness= 80.0000 age=0
-->8--
          1       6 
     13      23      12
     14       8      22 
 24      21       9      11
 10       7      16       2
      4      19      20 
     18      17       3
         15       5 
--8<--
found: sum= 80.0000 var=  0.0000 fitness= 80.0000 age=0
-->8--
         11       1 
      2      17       3
     15      21      22 
  8      14      16       4
 20      13       7      19
     10       9      12 
      6      24      23
         18       5 
--8<--
found: sum= 75.0000 var=  0.0000 fitness= 75.0000 age=0
-->8--
          6      10 
     24      19       5
      4      13      16 
  3       9      12      17
 22      23       7       2
     14      11      21 
      8       1      15
         18      20 
--8<--
found: sum= 77.0000 var=  0.0000 fitness= 77.0000 age=0
-->8--
          8       1 
     19      20      18
     11       3      22 
 17      16      13       7
  4      15      21       2
     14       9      12 
     23       6      24
         10       5 
--8<--
found: sum= 75.0000 var=  0.0000 fitness= 75.0000 age=0
-->8--
          8      23 
     16       5      12
     17      18       4 
  6      11      13      20
 14       3      21       2
     24       9      15 
      7      10       1
         22      19 
--8<--
found: sum= 82.0000 var=  0.0000 fitness= 82.0000 age=0
-->8--
          6       3 
     10      22      18
     23       9      17 
 20      12      13       7
  1      15      19       5
     11      14      21 
      2      16       4
         24       8 
--8<--
found: sum= 76.0000 var=  0.0000 fitness= 76.0000 age=0
-->8--
         21       7 
      5      20      22
     16       1      24 
 14      13       2       9
 11      18      23       8
      4      19      10 
     12       6       3
         17      15 
--8<--
found: sum= 77.0000 var=  0.0000 fitness= 77.0000 age=0
-->8--
         23       2 
      4      18       7
      8       9      21 
 22      15      20      14
  3       5      11      10
     24      17       1 
      6      13      19
         12      16 
--8<--
found: sum= 72.0000 var=  0.0000 fitness= 72.0000 age=0
-->8--
          7      22 
     13      11       4
      8      18      16 
 14      15       1       2
 17      12      21      23
      6       5       9 
     19      10      24
         20       3 
--8<--
found: sum= 77.0000 var=  0.0000 fitness= 77.0000 age=0
-->8--
         22       3 
      2       9      20
      4      23      21 
  5      17       1       6
 12      15      14      16
     24       7      19 
     10       8      18
         13      11 
--8<--
found: sum= 78.0000 var=  0.0000 fitness= 78.0000 age=0
-->8--
         15       5 
     16      12       8
      2      24      22 
 18       9       7       3
 19      13      21      11
     17       4      14 
     20      23      10
          1       6 
--8<--
found: sum= 75.0000 var=  0.0000 fitness= 75.0000 age=0
-->8--
         14      12 
      7      15      16
     13       8       3 
 11      18      21       5
 10      22       2      20
      1       4      24 
      6      19       9
         23      17 
--8<--
found: sum= 76.0000 var=  0.0000 fitness= 76.0000 age=0
-->8--
          5      12 
     16       1      21
     13      17      23 
 20      24       2      14
  3       7      18       4
      9       8      15 
     22      19      10
         11       6 
--8<--
found: sum= 77.0000 var=  0.0000 fitness= 77.0000 age=0
-->8--
         20      18 
      4       3       2
     22      19      24 
 15       9      11       6
  7      16      10      21
      8      12       5 
      1      23      14
         17      13 
--8<--
found: sum= 80.0000 var=  0.0000 fitness= 80.0000 age=0
-->8--
          2       4 
     20       5       7
     23      21      19 
  6       9      24      16
 13      15       3       1
     14       8      17 
     11      22      18
         10      12 
--8<--
found: sum= 75.0000 var=  0.0000 fitness= 75.0000 age=0
-->8--
         11      16 
      9      12      15
     22       4      10 
 13      17      18       6
  2       1      14      19
     20      21       8 
      7       3       5
         23      24 
--8<--
found: sum= 75.0000 var=  0.0000 fitness= 75.0000 age=0
-->8--
         12      17 
     14       8      19
     24       7      13 
 16      10      11      23
  3      21       4      15
      1      22       9 
      6      20       2
          5      18 
--8<--
found: sum= 81.0000 var=  0.0000 fitness= 81.0000 age=0
-->8--
          8       1 
      6      12       4
     20      19      22 
 14      16      23      10
  5       9       3       2
     17      11      21 
      7      13      15
         24      18 
--8<--
found: sum= 77.0000 var=  0.0000 fitness= 77.0000 age=0
-->8--
         11       5 
      3      14      17
     24       9      20 
  1      16      12      10
 21       7      18       4
      8      15      13 
     22       6      23
         19       2 
--8<--
found: sum= 77.0000 var=  0.0000 fitness= 77.0000 age=0
-->8--
         18       4 
      8       7      14
     10      23      13 
 21      11      16      17
  1      22       2       5
     12       3      24 
     15      19      20
          6       9 
--8<--
found: sum= 80.0000 var=  0.0000 fitness= 80.0000 age=0
-->8--
         18       4 
      1       9      21
     17      24      20 
 16      11       2      13
  3      14       7      15
     19      22      23 
      8      12       6
          5      10 
--8<--
found: sum= 78.0000 var=  0.0000 fitness= 78.0000 age=0
-->8--
          9      15 
     12      22       2
     24      10      18 
 23       1      11      21
  4      19      17       5
      7      20       6 
      3      13       8
         16      14 
--8<--
found: sum= 70.0000 var=  0.0000 fitness= 70.0000 age=0
-->8--
         20      14 
     10       5      24
      3       9      17 
 21      23       1      22
 12       4      15      13
      7      18       2 
      6      16      11
         19       8 
--8<--
found: sum= 78.0000 var=  0.0000 fitness= 78.0000 age=0
-->8--
         10       7 
      3      12      16
     23      19      18 
  9      11       6      15
  4      17      24      13
     14       1       2 
      5      21      22
         20       8 
--8<--
found: sum= 74.0000 var=  0.0000 fitness= 74.0000 age=0
-->8--
          3      19 
     12       2      11
     22      15      21 
 13      20       6      17
  7       4       5       9
      8      24      16 
     23       1      10
         14      18 
--8<--
found: sum= 76.0000 var=  0.0000 fitness= 76.0000 age=0
-->8--
          4       8 
     15      14      20
     23      18       5 
  3       2      11       9
 19      17      22      13
     12       6      16 
     24      10       1
          7      21 
--8<--
found: sum= 73.0000 var=  0.0000 fitness= 73.0000 age=0
-->8--
         22      21 
     19      11       7
     15       2      18 
  9       4      14      13
 24      20      10       6
      1      23      12 
     16       8       3
          5      17 
--8<--
found: sum= 77.0000 var=  0.0000 fitness= 77.0000 age=0
-->8--
          5       4 
     24      23      14
      1       6      11 
 20      18      19      13
  7      15      10       2
     16       9      22 
     17      12       3
          8      21 
--8<--
found: sum= 78.0000 var=  0.0000 fitness= 78.0000 age=0
-->8--
          2       5 
     19      17       9
     15      11      20 
 24      14      16      10
  6      12       3      21
      7      22       8 
      1      23       4
         13      18 
--8<--
found: sum= 75.0000 var=  0.0000 fitness= 75.0000 age=0
-->8--
         22      19 
      6       4       7
     24      14      13 
 10       5      18       3
 20       1      21      12
     15      16       8 
      9      11       2
         23      17 
--8<--
found: sum= 77.0000 var=  0.0000 fitness= 77.0000 age=0
-->8--
         24      20 
      4       6       2
     15      23      16 
 14       5      10       3
 19       7      21      18
     17      11       9 
      8      22      13
         12       1 
--8<--
found: sum= 77.0000 var=  0.0000 fitness= 77.0000 age=0
-->8--
          3      24 
     18       9       6
     23      13       5 
 16      11      20      17
  1       4      19       2
     22      10      14 
      8      12      15
         21       7 
--8<--
found: sum= 79.0000 var=  0.0000 fitness= 79.0000 age=0
-->8--
         14       1 
      9       4      17
     23      18      24 
  2      11      15      22
 10      13       6       7
     20      16       5 
      8      19      12
          3      21 
--8<--
found: sum= 79.0000 var=  0.0000 fitness= 79.0000 age=0
-->8--
         19       8 
      4      20      11
     21       2      15 
 14      13      23      22
  5      16       1       6
     10      24      12 
      9      17       7
          3      18 
--8<--
found: sum= 71.0000 var=  0.0000 fitness= 71.0000 age=0
-->8--
         16       6 
     14      22      10
      1       3      13 
 19      15      17       7
  8      23       4      18
      5       9      12 
     11       2      20
         21      24 
--8<--
found: sum= 77.0000 var=  0.0000 fitness= 77.0000 age=0
-->8--
         23       3 
      9      18      15
      1      14       5 
 11      12      22      20
 13      19       2       4
     21       8      24 
      7      16      17
          6      10 
--8<--
found: sum= 78.0000 var=  0.0000 fitness= 78.0000 age=0
-->8--
          6       2 
      3      15      14
      7      24      22 
  4      23       1      17
 18       5      16      10
     21       9      12 
     19      13       8
         11      20 
--8<--
found: sum= 77.0000 var=  0.0000 fitness= 77.0000 age=0
-->8--
          6      16 
     13      24       3
     22       5       8 
 11       7      21       1
 18       9      23      20
     10      12       4 
     15      17      19
         14       2 
--8<--
found: sum= 79.0000 var=  0.0000 fitness= 79.0000 age=0
-->8--
          8       4 
     10      24       7
     21       1      23 
 17      15      20      13
 14       9      12       5
      3      22       6 
     11      18       2
         16      19 
--8<--
found: sum= 78.0000 var=  0.0000 fitness= 78.0000 age=0
-->8--
          7      19 
     15       3       4
     16      20      22 
 11      17      10       9
 18       2       8       6
     14      21      23 
     24      12      13
          5       1 
--8<--
found: sum= 78.0000 var=  0.0000 fitness= 78.0000 age=0
-->8--
         11       8 
      5       6      20
     19      22      18 
  7      15       4       2
 12       1      23      17
     24      13      14 
     10       9      16
         21       3 
--8<--
found: sum= 76.0000 var=  0.0000 fitness= 76.0000 age=0
-->8--
          8       3 
      6       5      20
     14      22      11 
 13      21      15       9
 17       4      12      10
      7       2      19 
     23      24       1
         16      18 
--8<--
found: sum= 75.0000 var=  0.0000 fitness= 75.0000 age=0
-->8--
          4      15 
     23       9      20
     24       5      18 
 12      10       8       2
  6      22      17      14
      1      13      16 
     21       7      19
         11       3 
--8<--
found: sum= 79.0000 var=  0.0000 fitness= 79.0000 age=0
-->8--
          1       4 
     21      22       2
      6      20      24 
 16       9       7       8
 14      23      17      10
     11       3      13 
      5      19      12
         18      15 
--8<--
found: sum= 77.0000 var=  0.0000 fitness= 77.0000 age=0
-->8--
          4       2 
     23       8      20
      5      13      18 
 10      24      16       1
 12       7      11      17
     19       6      14 
     15      21       3
          9      22 
--8<--
found: sum= 77.0000 var=  0.0000 fitness= 77.0000 age=0
-->8--
         13       1 
      6      16      12
      5      23      22 
 11      14       3       2
 18       9      24      19
     20       4       7 
      8      15      17
         21      10 
--8<--
found: sum= 79.0000 var=  0.0000 fitness= 79.0000 age=0
-->8--
          2      12 
     13      22      16
     21       6      14 
 23      15       9       1
  5       8      17      18
      7      24      20 
     19      11       3
         10       4 
--8<--
found: sum= 81.0000 var=  0.0000 fitness= 81.0000 age=0
-->8--
          3       7 
      6      24      14
     17       9      23 
  8      22       4      19
  2      20      16       1
     12      10      18 
     15      11      21
         13       5 
--8<--
found: sum= 78.0000 var=  0.0000 fitness= 78.0000 age=0
-->8--
          6      14 
      4      18       7
     17      22       8 
  1      11       9      19
 10      15      16      23
     24       5       3 
      2      20      13
         12      21 
--8<--
found: sum= 80.0000 var=  0.0000 fitness= 80.0000 age=0
-->8--
          8       3 
     14      22      12
     16      18      19 
 23       2       6       1
  7      21      24      13
     11       9      17 
      4      15       5
         20      10 
--8<--
found: sum= 77.0000 var=  0.0000 fitness= 77.0000 age=0
-->8--
          3       6 
      8       9      16
     20      19      12 
  5      18      15      14
 17      10      11       1
      7       4      24 
     22      13       2
         21      23 
--8<--
found: sum= 80.0000 var=  0.0000 fitness= 80.0000 age=0
-->8--
          2      13 
      6      11       7
     23      24      20 
  8      14       5      12
  9      16       3      21
     10      18      19 
      4      17      22
         15       1 
--8<--
found: sum= 82.0000 var=  0.0000 fitness= 82.0000 age=0
-->8--
         19       3 
     14      13       7
     11      15      23 
  8      10      21       9
 20      16       2       5
     17      18      22 
      6      24      12
          1       4 
--8<--
found: sum= 78.0000 var=  0.0000 fitness= 78.0000 age=0
-->8--
          8      13 
     22      15      10
     20       7       9 
 19       6      24      17
 11       4      21       2
     18      16       5 
     14      23       1
          3      12 
--8<--
found: sum= 79.0000 var=  0.0000 fitness= 79.0000 age=0
-->8--
          8      11 
      5       7      12
     14      24      23 
 16      21       2       9
  1      10       4      22
     17      18      19 
      6      15      20
         13       3 
--8<--
found: sum= 79.0000 var=  0.0000 fitness= 79.0000 age=0
-->8--
          2      13 
      9      18       4
     23      10      20 
  3      17      14       5
 16      12      11      22
      8      15       7 
     24      19      21
          1       6 
--8<--
found: sum= 80.0000 var=  0.0000 fitness= 80.0000 age=0
-->8--
          6      13 
      3      20       4
     19      11      22 
 14      21      10      18
  1      17      12       2
      8       9      16 
      7      15      23
         24       5 
--8<--
found: sum= 81.0000 var=  0.0000 fitness= 81.0000 age=0
-->8--
          3      19 
     23      16       4
     24       9      21 
  1       6      12       5
 18      22      15       8
     10      17      20 
     11      14       2
          7      13 
--8<--
found: sum= 79.0000 var=  0.0000 fitness= 79.0000 age=0
-->8--
         10      18 
     13      15       7
     24      12       4 
 16       5      23       8
  1      22      14       9
     11       3      21 
     17      20       2
          6      19 
--8<--
found: sum= 77.0000 var=  0.0000 fitness= 77.0000 age=0
-->8--
          5       4 
      9      12      24
     23       8      10 
  1      20      19      16
  2      13       3      22
     18      14       7 
     11      15      21
          6      17 
--8<--
found: sum= 81.0000 var=  0.0000 fitness= 81.0000 age=0
-->8--
          6       8 
      9      17       4
     15      22      20 
  7      12      10       5
 16      13       1      24
     18      23      21 
      2      14      19
         11       3 
--8<--
found: sum= 73.0000 var=  0.0000 fitness= 73.0000 age=0
-->8--
          2      11 
     21       3      19
      9      15      24 
 12      23       1      16
  7       4      13      14
     18      17       5 
      8       6      22
         20      10 
--8<--
found: sum= 79.0000 var=  0.0000 fitness= 79.0000 age=0
-->8--
          5      14 
     24       7      18
     21      13      23 
 15       9       4       6
  2      20      16       8
     12      17      22 
     19      10       3
          1      11 
--8<--
found: sum= 79.0000 var=  0.0000 fitness= 79.0000 age=0
-->8--
          2      13 
      9      10       8
     23      11      22 
  1      24      15      14
  4       6       5       7
     21      18      16 
     12       3      17
         19      20 
--8<--
found: sum= 73.0000 var=  0.0000 fitness= 73.0000 age=0
-->8--
          3      22 
     23      13       5
      1      15      12 
 24      18       6      16
  9       4      10      21
     17      20       8 
      7      14      19
         11       2 
--8<--
found: sum= 80.0000 var=  0.0000 fitness= 80.0000 age=0
-->8--
         18      14 
     11      23       3
     15       4      16 
 17       9      20      12
 13      21       2       8
      5      24      22 
      1      19       6
         10       7 
--8<--
found: sum= 76.0000 var=  0.0000 fitness= 76.0000 age=0
-->8--
         22       7 
     16       9      23
     10       6      17 
 21      13      14       4
  2      11      24      12
     19       8       5 
     15      20       1
          3      18 
--8<--
found: sum= 77.0000 var=  0.0000 fitness= 77.0000 age=0
-->8--
          9      14 
     15      16       8
     17      19      13 
  3       1       7      10
 20      24      21      22
     12       5       4 
     11      23      18
          2       6 
--8<--
found: sum= 75.0000 var=  0.0000 fitness= 75.0000 age=0
-->8--
         10      16 
      2      22       4
     18      12      20 
 15      11       1      14
  9      17      13      24
      5      21       3 
      6       7       8
         19      23 
--8<--
found: sum= 77.0000 var=  0.0000 fitness= 77.0000 age=0
-->8--
         20      11 
      3       7      14
     24      17       5 
  9       6      23      19
 18       8      10       4
     12      13      16 
      1      21       2
         22      15 
--8<--
found: sum= 80.0000 var=  0.0000 fitness= 80.0000 age=0
-->8--
          1       4 
      9      23       5
     21      20      10 
  7       6      18      15
 14       8      12      22
     24      16       3 
     11      19      13
          2      17 
--8<--
found: sum= 76.0000 var=  0.0000 fitness= 76.0000 age=0
-->8--
         22      18 
     19      13       7
     11       9      21 
 17       2       8      15
 20      10      24       3
     16      23       5 
      1      14       4
         12       6 
--8<--
found: sum= 75.0000 var=  0.0000 fitness= 75.0000 age=0
-->8--
          7       6 
     16      13       4
      5      19      21 
 24      15      12       1
  8       9       3      18
     14      17      20 
     22       2      23
         11      10 
--8<--
found: sum= 81.0000 var=  0.0000 fitness= 81.0000 age=0
-->8--
         15      13 
      2      17       5
     20      19      21 
 10       8       6      11
 16       3      22       7
     24      23      14 
      4       9       1
         18      12 
--8<--
found: sum= 84.0000 var=  0.0000 fitness= 84.0000 age=0
-->8--
          2      14 
     10      19       7
     24       8      23 
  3      21      13      11
  5      16       6       9
     15      20      22 
      4      17       1
         12      18 
--8<--
found: sum= 77.0000 var=  0.0000 fitness= 77.0000 age=0
-->8--
         21      13 
      4      23       6
     14      12      22 
  8       3       1      16
 18      24      20       7
     10      17      11 
     19       5       9
          2      15 
--8<--
found: sum= 77.0000 var=  0.0000 fitness= 77.0000 age=0
-->8--
         10      16 
     24       6       8
      1      23      15 
 19      13       9       2
  7      17      12      18
     20       3      21 
     11      22       5
          4      14 
--8<--
found: sum= 77.0000 var=  0.0000 fitness= 77.0000 age=0
-->8--
         15       2 
     12       5      21
     22      20      23 
 18       3       6      17
  8      19      13      14
      7      16       4 
     10      24       9
          1      11 
--8<--
found: sum= 81.0000 var=  0.0000 fitness= 81.0000 age=0
-->8--
         13       9 
      7      24      23
     21       5      12 
 14      11       8      17
  1      18      19      15
     16      20      10 
      3      22       6
          2       4 
--8<--
found: sum= 78.0000 var=  0.0000 fitness= 78.0000 age=0
-->8--
         21      18 
     17      15      13
      4      10       8 
  5      11      14       6
 20      22      19       7
     16       2      24 
      3      23       9
         12       1 
--8<--
found: sum= 82.0000 var=  0.0000 fitness= 82.0000 age=0
-->8--
          5       7 
      4      18       8
     24      17      23 
  3      14       9      11
 16      15       6      20
     10      21      13 
      2      22      19
         12       1 
--8<--
found: sum= 78.0000 var=  0.0000 fitness= 78.0000 age=0
-->8--
         14       6 
     16      19      21
      1       5       7 
 15      23      20      13
  9       8      12       2
     22      10      24 
     18      17       4
          3      11 
--8<--
found: sum= 74.0000 var=  0.0000 fitness= 74.0000 age=0
-->8--
         20       3 
     18       1      11
     19      14      23 
 10       2      22      12
 17      21       6       4
      5       9       7 
     16      15      13
          8      24 
--8<--
found: sum= 80.0000 var=  0.0000 fitness= 80.0000 age=0
-->8--
         23       6 
      4      10      24
     20       9      15 
 18      14      16       7
  1       5      19       2
     22      17      21 
     11      12       8
         13       3 
--8<--
found: sum= 78.0000 var=  0.0000 fitness= 78.0000 age=0
-->8--
         22      24 
      3      23       1
      4       7      13 
  8      19      10       5
 14      15      21       9
     18       6      20 
     16      12      17
         11       2 
--8<--
found: sum= 75.0000 var=  0.0000 fitness= 75.0000 age=0
-->8--
          8      12 
     17      21       9
      6       7      22 
 15      16       4       5
 13      11      18      24
     14      19       2 
      1      10      23
         20       3 
--8<--
found: sum= 80.0000 var=  0.0000 fitness= 80.0000 age=0
-->8--
          4      15 
     10      24       7
     23      16       5 
 20       3      13      17
  1      14      22       2
     19      12      21 
      9       8       6
         18      11 
--8<--
found: sum= 76.0000 var=  0.0000 fitness= 76.0000 age=0
-->8--
         15      18 
      1       2       8
     11      23      22 
 13      24       3       6
  5       4      12      16
     19      10      17 
     14       9       7
         20      21 
--8<--
found: sum= 84.0000 var=  0.0000 fitness= 84.0000 age=0
-->8--
         11       3 
      9      21       5
     10      17      24 
  1      16      14       8
 19      15       4      12
     23      18      22 
      6      20       7
          2      13 
--8<--
found: sum= 82.0000 var=  0.0000 fitness= 82.0000 age=0
-->8--
          6       2 
     11      24      12
     23       3      22 
  9      15      19       8
 13      18       7      10
      4      20      16 
     14      21       1
          5      17 
--8<--
found: sum= 81.0000 var=  0.0000 fitness= 81.0000 age=0
-->8--
         16       5 
      1      15      14
     23      20       9 
 17       6      18       2
 10       3      21      19
     22      13      12 
      8      24       4
         11       7 
--8<--
found: sum= 77.0000 var=  0.0000 fitness= 77.0000 age=0
-->8--
         10      22 
      6      24       7
     20       4       1 
 11      13      19      17
 12      18      21       5
      3       2      14 
     15      23       8
         16       9 
--8<--
found: sum= 81.0000 var=  0.0000 fitness= 81.0000 age=0
-->8--
          4       1 
     12      23      22
     24       3      19 
  6      15      13       2
  7      21      20      10
      8       9      17 
     18      14      16
         11       5 
--8<--
found: sum= 81.0000 var=  0.0000 fitness= 81.0000 age=0
-->8--
          9      10 
     11       3      13
     20      23      24 
 18      15       8      14
  7       2      12       6
     19      21      17 
      1      22       4
         16       5 
--8<--
found: sum= 80.0000 var=  0.0000 fitness= 80.0000 age=0
-->8--
          4       5 
      6      21      18
     19       7      13 
 12      23      16       1
  3       8      17      11
     15       9      22 
     14      10       2
         24      20 
--8<--
found: sum= 83.0000 var=  0.0000 fitness= 83.0000 age=0
-->8--
          2      13 
     19      22       1
     24      12      20 
 11       4      15       6
  7      23       8      16
     14      21      18 
      3      17       9
          5      10 
--8<--
found: sum= 76.0000 var=  0.0000 fitness= 76.0000 age=0
-->8--
         10      12 
     18      11      14
     20      15      23 
  8       2       1      19
  9      21      24       5
     16      13       4 
     17       6       7
          3      22 
--8<--
found: sum= 79.0000 var=  0.0000 fitness= 79.0000 age=0
-->8--
          2      13 
      7      24       9
     20      11      18 
 21      15       4       5
  3      12      23      10
      8      14      19 
     17       6       1
         22      16 
--8<--
found: sum= 76.0000 var=  0.0000 fitness= 76.0000 age=0
-->8--
         21      11 
      5       8      13
     24      17      23 
 14       1       4      10
  6      16      20      12
     15      18       7 
      2       3       9
         22      19 
--8<--
found: sum= 80.0000 var=  0.0000 fitness= 80.0000 age=0
-->8--
          9       1 
      4      18      14
     23      24      15 
 20       2       8       6
  3      11      19      22
     21      16      10 
     12      13       5
          7      17 
--8<--
found: sum= 81.0000 var=  0.0000 fitness= 81.0000 age=0
-->8--
         15      14 
      4       9      12
     24      16      22 
  1      13       8      18
  3      19      20       7
     21       5       6 
      2      23      17
         11      10 
--8<--
found: sum= 84.0000 var=  0.0000 fitness= 84.0000 age=0
-->8--
          6       3 
     16      22      11
     10      12      23 
 14      18      13       9
  2      19       7       8
     21      15      24 
      5      20       1
          4      17 
--8<--
found: sum= 83.0000 var=  0.0000 fitness= 83.0000 age=0
-->8--
         16       7 
      8      22      12
     10      13      24 
 19      14       5      15
  9      11      17       4
     20      23      18 
      6      21       3
          2       1 
--8<--
found: sum= 76.0000 var=  0.0000 fitness= 76.0000 age=0
-->8--
         22      10 
     23      14       8
     12       2      18 
 13       3      24      15
 16      21       9       4
     11      17       6 
      7      19       5
          1      20 
--8<--
found: sum= 74.0000 var=  0.0000 fitness= 74.0000 age=0
-->8--
         20       9 
     16      18       5
      1      12      13 
 24       7      17       8
 15      21       3      11
      6      14      22 
      4      10      23
         19       2 
--8<--
found: sum= 74.0000 var=  0.0000 fitness= 74.0000 age=0
-->8--
         24      17 
     21       2      19
      5      18      12 
 16       4       6       1
 11      23      13      20
     15      10      22 
      9      14       7
          3       8 
--8<--
found: sum= 77.0000 var=  0.0000 fitness= 77.0000 age=0
-->8--
         16       9 
     10      23      24
     20       1       5 
 18       7      15       4
 13      11      22      14
      8      21      17 
      6      12       2
         19       3 
--8<--
found: sum= 83.0000 var=  0.0000 fitness= 83.0000 age=0
-->8--
          6      13 
      5      23       8
     24       9      18 
  3      16      12       7
 15       4      22      14
     21      20      10 
      2      19       1
         17      11 
--8<--
found: sum= 80.0000 var=  0.0000 fitness= 80.0000 age=0
-->8--
         12       2 
     19      13      16
     24       4      23 
  1       8      22      11
  9      18       7       3
     20      21      14 
     10       6      15
          5      17 
--8<--
found: sum= 78.0000 var=  0.0000 fitness= 78.0000 age=0
-->8--
          1       3 
     18      19       5
      7      20      10 
  9      13      21      15
 23       2       6       4
     24      16      22 
     17       8      12
         11      14 
--8<--
execution time: real 0.488944s user 0.386941s sys 0.001999s
GA: P=1024 K=512 sp=2 xover=2D/1 aging
generation #4: pop m= 79.764 v=0.184 f= 77.818
best: found: sum= 84.0000 var=  0.0000 fitness= 84.0000 age=1
-->8--
          6       3 
     16      22      11
     10      12      23 
 14      18      13       9
  2      19       7       8
     21      15      24 
      5      20       1
          4      17 
--8<--
found: sum= 81.0000 var=  0.0000 fitness= 81.0000 age=1
-->8--
          9      10 
     11       3      13
     20      23      24 
 18      15       8      14
  7       2      12       6
     19      21      17 
      1      22       4
         16       5 
--8<--
found: sum= 77.0000 var=  0.0000 fitness= 77.0000 age=4
-->8--
          1       7 
      6       3      13
     21      24      18 
 11      22      12       5
  4       2       9      23
     17       8      10 
     15      16      14
         19      20 
--8<--
found: sum= 78.0000 var=  0.0000 fitness= 78.0000 age=1
-->8--
         22      24 
      3      23       1
      4       7      13 
  8      19      10       5
 14      15      21       9
     18       6      20 
     16      12      17
         11       2 
--8<--
found: sum= 82.0000 var=  0.0000 fitness= 82.0000 age=1
-->8--
          5       7 
      4      18       8
     24      17      23 
  3      14       9      11
 16      15       6      20
     10      21      13 
      2      22      19
         12       1 
--8<--
found: sum= 76.0000 var=  0.0000 fitness= 76.0000 age=1
-->8--
         10      12 
     18      11      14
     20      15      23 
  8       2       1      19
  9      21      24       5
     16      13       4 
     17       6       7
          3      22 
--8<--
found: sum= 77.0000 var=  0.0000 fitness= 77.0000 age=3
-->8--
         23       2 
      4      18       7
      8       9      21 
 22      15      20      14
  3       5      11      10
     24      17       1 
      6      13      19
         12      16 
--8<--
found: sum= 80.0000 var=  0.0000 fitness= 80.0000 age=2
-->8--
         18      14 
     11      23       3
     15       4      16 
 17       9      20      12
 13      21       2       8
      5      24      22 
      1      19       6
         10       7 
--8<--
found: sum= 79.0000 var=  0.0000 fitness= 79.0000 age=3
-->8--
         14       1 
      9       4      17
     23      18      24 
  2      11      15      22
 10      13       6       7
     20      16       5 
      8      19      12
          3      21 
--8<--
found: sum= 78.0000 var=  0.0000 fitness= 78.0000 age=2
-->8--
          6      14 
      4      18       7
     17      22       8 
  1      11       9      19
 10      15      16      23
     24       5       3 
      2      20      13
         12      21 
--8<--
found: sum= 77.0000 var=  0.0000 fitness= 77.0000 age=2
-->8--
         23       3 
      9      18      15
      1      14       5 
 11      12      22      20
 13      19       2       4
     21       8      24 
      7      16      17
          6      10 
--8<--
found: sum= 77.0000 var=  0.0000 fitness= 77.0000 age=2
-->8--
          5       4 
      9      12      24
     23       8      10 
  1      20      19      16
  2      13       3      22
     18      14       7 
     11      15      21
          6      17 
--8<--
found: sum= 80.0000 var=  0.0000 fitness= 80.0000 age=3
-->8--
         18       4 
      1       9      21
     17      24      20 
 16      11       2      13
  3      14       7      15
     19      22      23 
      8      12       6
          5      10 
--8<--
found: sum= 79.0000 var=  0.0000 fitness= 79.0000 age=1
-->8--
          2      13 
      7      24       9
     20      11      18 
 21      15       4       5
  3      12      23      10
      8      14      19 
     17       6       1
         22      16 
--8<--
found: sum= 83.0000 var=  0.0000 fitness= 83.0000 age=1
-->8--
          2      13 
     19      22       1
     24      12      20 
 11       4      15       6
  7      23       8      16
     14      21      18 
      3      17       9
          5      10 
--8<--
found: sum= 80.0000 var=  0.0000 fitness= 80.0000 age=4
-->8--
          4       2 
      8      13      24
     22      14      20 
  1      19       7      12
 18      11      23       3
      9       6      15 
     16      21       5
         17      10 
--8<--
found: sum= 77.0000 var=  0.0000 fitness= 77.0000 age=1
-->8--
         10      16 
     24       6       8
      1      23      15 
 19      13       9       2
  7      17      12      18
     20       3      21 
     11      22       5
          4      14 
--8<--
found: sum= 78.0000 var=  0.0000 fitness= 78.0000 age=4
-->8--
         10       5 
     21      15       1
      2      14      19 
 22      16      24       3
 11       4       8       6
     23      12      18 
     17      13      20
          9       7 
--8<--
found: sum= 77.0000 var=  0.0000 fitness= 77.0000 age=3
-->8--
         11       5 
      3      14      17
     24       9      20 
  1      16      12      10
 21       7      18       4
      8      15      13 
     22       6      23
         19       2 
--8<--
found: sum= 82.0000 var=  0.0000 fitness= 82.0000 age=2
-->8--
         19       3 
     14      13       7
     11      15      23 
  8      10      21       9
 20      16       2       5
     17      18      22 
      6      24      12
          1       4 
--8<--
found: sum= 80.0000 var=  0.0000 fitness= 80.0000 age=2
-->8--
          2      13 
      6      11       7
     23      24      20 
  8      14       5      12
  9      16       3      21
     10      18      19 
      4      17      22
         15       1 
--8<--
found: sum= 78.0000 var=  0.0000 fitness= 78.0000 age=2
-->8--
         11       8 
      5       6      20
     19      22      18 
  7      15       4       2
 12       1      23      17
     24      13      14 
     10       9      16
         21       3 
--8<--
found: sum= 77.0000 var=  0.0000 fitness= 77.0000 age=1
-->8--
         21      13 
      4      23       6
     14      12      22 
  8       3       1      16
 18      24      20       7
     10      17      11 
     19       5       9
          2      15 
--8<--
found: sum= 78.0000 var=  0.0000 fitness= 78.0000 age=3
-->8--
          2       5 
     19      17       9
     15      11      20 
 24      14      16      10
  6      12       3      21
      7      22       8 
      1      23       4
         13      18 
--8<--
found: sum= 83.0000 var=  0.0000 fitness= 83.0000 age=1
-->8--
         16       7 
      8      22      12
     10      13      24 
 19      14       5      15
  9      11      17       4
     20      23      18 
      6      21       3
          2       1 
--8<--
found: sum= 77.0000 var=  0.0000 fitness= 77.0000 age=3
-->8--
         18       4 
      8       7      14
     10      23      13 
 21      11      16      17
  1      22       2       5
     12       3      24 
     15      19      20
          6       9 
--8<--
found: sum= 78.0000 var=  0.0000 fitness= 78.0000 age=3
-->8--
         15       5 
     16      12       8
      2      24      22 
 18       9       7       3
 19      13      21      11
     17       4      14 
     20      23      10
          1       6 
--8<--
found: sum= 75.0000 var=  0.0000 fitness= 75.0000 age=1
-->8--
          8      12 
     17      21       9
      6       7      22 
 15      16       4       5
 13      11      18      24
     14      19       2 
      1      10      23
         20       3 
--8<--
found: sum= 84.0000 var=  0.0000 fitness= 84.0000 age=1
-->8--
         11       3 
      9      21       5
     10      17      24 
  1      16      14       8
 19      15       4      12
     23      18      22 
      6      20       7
          2      13 
--8<--
found: sum= 79.0000 var=  0.0000 fitness= 79.0000 age=2
-->8--
          8      11 
      5       7      12
     14      24      23 
 16      21       2       9
  1      10       4      22
     17      18      19 
      6      15      20
         13       3 
--8<--
found: sum= 77.0000 var=  0.0000 fitness= 77.0000 age=4
-->8--
          4      10 
     22      21      14
      8       5      24 
 15      17       3      16
 13      23      20       2
      1       9      12 
     18      19      11
          7       6 
--8<--
found: sum= 79.0000 var=  0.0000 fitness= 79.0000 age=2
-->8--
          1       4 
     21      22       2
      6      20      24 
 16       9       7       8
 14      23      17      10
     11       3      13 
      5      19      12
         18      15 
--8<--
found: sum= 77.0000 var=  0.0000 fitness= 77.0000 age=4
-->8--
          2       3 
     18      22       5
      6      17       9 
 11      12      21       4
 23       1       7      20
     24      19      16 
     15       8      13
         10      14 
--8<--
found: sum= 81.0000 var=  0.0000 fitness= 81.0000 age=1
-->8--
         15      14 
      4       9      12
     24      16      22 
  1      13       8      18
  3      19      20       7
     21       5       6 
      2      23      17
         11      10 
--8<--
found: sum= 79.0000 var=  0.0000 fitness= 79.0000 age=2
-->8--
         10      18 
     13      15       7
     24      12       4 
 16       5      23       8
  1      22      14       9
     11       3      21 
     17      20       2
          6      19 
--8<--
found: sum= 81.0000 var=  0.0000 fitness= 81.0000 age=2
-->8--
          3      19 
     23      16       4
     24       9      21 
  1       6      12       5
 18      22      15       8
     10      17      20 
     11      14       2
          7      13 
--8<--
found: sum= 77.0000 var=  0.0000 fitness= 77.0000 age=4
-->8--
         12      23 
     20      11       9
      3       7      19 
 10      24       8      14
  5      22       1      17
     13      15      18 
      4      21      16
          2       6 
--8<--
found: sum= 79.0000 var=  0.0000 fitness= 79.0000 age=3
-->8--
         19       8 
      4      20      11
     21       2      15 
 14      13      23      22
  5      16       1       6
     10      24      12 
      9      17       7
          3      18 
--8<--
found: sum= 78.0000 var=  0.0000 fitness= 78.0000 age=4
-->8--
          1       4 
     23       2       8
     20      18      24 
  6      14      22       3
 16      10       5       7
     12       9      17 
     21      15      19
         11      13 
--8<--
found: sum= 78.0000 var=  0.0000 fitness= 78.0000 age=1
-->8--
         14       6 
     16      19      21
      1       5       7 
 15      23      20      13
  9       8      12       2
     22      10      24 
     18      17       4
          3      11 
--8<--
found: sum= 82.0000 var=  0.0000 fitness= 82.0000 age=4
-->8--
          8       1 
      6      18       9
     14      21      23 
 11      15      10       4
 17       5      24       2
     20       7      19 
     12      16      13
         22       3 
--8<--
found: sum= 80.0000 var=  0.0000 fitness= 80.0000 age=4
-->8--
         13      14 
     11      19      15
     23       6      10 
 18       8      16       3
  2      24      17      12
      5       9      22 
     20      21       4
          1       7 
--8<--
found: sum= 78.0000 var=  0.0000 fitness= 78.0000 age=4
-->8--
         16       9 
      3      24       5
     11      23       2 
 17       1      15       4
 10      19      14      22
     20       6      21 
      8      12      18
         13       7 
--8<--
found: sum= 77.0000 var=  0.0000 fitness= 77.0000 age=4
-->8--
         14       3 
      4      16      24
     12      23       6 
 21       8       5      10
  1      22      17      19
     13       2      20 
     15      18      11
          7       9 
--8<--
found: sum= 77.0000 var=  0.0000 fitness= 77.0000 age=2
-->8--
          4       2 
     23       8      20
      5      13      18 
 10      24      16       1
 12       7      11      17
     19       6      14 
     15      21       3
          9      22 
--8<--
found: sum= 77.0000 var=  0.0000 fitness= 77.0000 age=2
-->8--
          6      16 
     13      24       3
     22       5       8 
 11       7      21       1
 18       9      23      20
     10      12       4 
     15      17      19
         14       2 
--8<--
found: sum= 78.0000 var=  0.0000 fitness= 78.0000 age=1
-->8--
          1       3 
     18      19       5
      7      20      10 
  9      13      21      15
 23       2       6       4
     24      16      22 
     17       8      12
         11      14 
--8<--
found: sum= 77.0000 var=  0.0000 fitness= 77.0000 age=3
-->8--
         24      20 
      4       6       2
     15      23      16 
 14       5      10       3
 19       7      21      18
     17      11       9 
      8      22      13
         12       1 
--8<--
found: sum= 78.0000 var=  0.0000 fitness= 78.0000 age=1
-->8--
         21      18 
     17      15      13
      4      10       8 
  5      11      14       6
 20      22      19       7
     16       2      24 
      3      23       9
         12       1 
--8<--
found: sum= 79.0000 var=  0.0000 fitness= 79.0000 age=2
-->8--
          2      13 
      9      18       4
     23      10      20 
  3      17      14       5
 16      12      11      22
      8      15       7 
     24      19      21
          1       6 
--8<--
found: sum= 77.0000 var=  0.0000 fitness= 77.0000 age=2
-->8--
         20      11 
      3       7      14
     24      17       5 
  9       6      23      19
 18       8      10       4
     12      13      16 
      1      21       2
         22      15 
--8<--
found: sum= 80.0000 var=  0.0000 fitness= 80.0000 age=4
-->8--
          4      16 
      3      15       7
     22      24      13 
  1      12       5      10
 19      17       8      23
      9      14      21 
      2      20       6
         18      11 
--8<--
found: sum= 78.0000 var=  0.0000 fitness= 78.0000 age=2
-->8--
          6       2 
      3      15      14
      7      24      22 
  4      23       1      17
 18       5      16      10
     21       9      12 
     19      13       8
         11      20 
--8<--
found: sum= 80.0000 var=  0.0000 fitness= 80.0000 age=1
-->8--
         23       6 
      4      10      24
     20       9      15 
 18      14      16       7
  1       5      19       2
     22      17      21 
     11      12       8
         13       3 
--8<--
found: sum= 78.0000 var=  0.0000 fitness= 78.0000 age=4
-->8--
         21      24 
      1      11       7
     22      14       2 
 16       9      20      18
  5       3      19       4
     23      13      15 
     10      17       6
         12       8 
--8<--
found: sum= 84.0000 var=  0.0000 fitness= 84.0000 age=1
-->8--
          2      14 
     10      19       7
     24       8      23 
  3      21      13      11
  5      16       6       9
     15      20      22 
      4      17       1
         12      18 
--8<--
found: sum= 83.0000 var=  0.0000 fitness= 83.0000 age=1
-->8--
          6      13 
      5      23       8
     24       9      18 
  3      16      12       7
 15       4      22      14
     21      20      10 
      2      19       1
         17      11 
--8<--
found: sum= 78.0000 var=  0.0000 fitness= 78.0000 age=3
-->8--
         10       7 
      3      12      16
     23      19      18 
  9      11       6      15
  4      17      24      13
     14       1       2 
      5      21      22
         20       8 
--8<--
found: sum= 78.0000 var=  0.0000 fitness= 78.0000 age=3
-->8--
          9      15 
     12      22       2
     24      10      18 
 23       1      11      21
  4      19      17       5
      7      20       6 
      3      13       8
         16      14 
--8<--
found: sum= 74.0000 var=  0.0000 fitness= 74.0000 age=1
-->8--
         24      17 
     21       2      19
      5      18      12 
 16       4       6       1
 11      23      13      20
     15      10      22 
      9      14       7
          3       8 
--8<--
found: sum= 81.0000 var=  0.0000 fitness= 81.0000 age=1
-->8--
          4       1 
     12      23      22
     24       3      19 
  6      15      13       2
  7      21      20      10
      8       9      17 
     18      14      16
         11       5 
--8<--
found: sum= 76.0000 var=  0.0000 fitness= 76.0000 age=1
-->8--
         15      18 
      1       2       8
     11      23      22 
 13      24       3       6
  5       4      12      16
     19      10      17 
     14       9       7
         20      21 
--8<--
found: sum= 81.0000 var=  0.0000 fitness= 81.0000 age=2
-->8--
          3       7 
      6      24      14
     17       9      23 
  8      22       4      19
  2      20      16       1
     12      10      18 
     15      11      21
         13       5 
--8<--
found: sum= 77.0000 var=  0.0000 fitness= 77.0000 age=3
-->8--
          8       1 
     19      20      18
     11       3      22 
 17      16      13       7
  4      15      21       2
     14       9      12 
     23       6      24
         10       5 
--8<--
found: sum= 77.0000 var=  0.0000 fitness= 77.0000 age=3
-->8--
          3      24 
     18       9       6
     23      13       5 
 16      11      20      17
  1       4      19       2
     22      10      14 
      8      12      15
         21       7 
--8<--
found: sum= 79.0000 var=  0.0000 fitness= 79.0000 age=2
-->8--
          5      14 
     24       7      18
     21      13      23 
 15       9       4       6
  2      20      16       8
     12      17      22 
     19      10       3
          1      11 
--8<--
found: sum= 76.0000 var=  0.0000 fitness= 76.0000 age=1
-->8--
         22      10 
     23      14       8
     12       2      18 
 13       3      24      15
 16      21       9       4
     11      17       6 
      7      19       5
          1      20 
--8<--
found: sum= 77.0000 var=  0.0000 fitness= 77.0000 age=4
-->8--
          2      16 
      4      12       5
     23      21      22 
 13      15       1      10
  9       3      20      18
     14      17       6 
     24       8      19
         11       7 
--8<--
found: sum= 80.0000 var=  0.0000 fitness= 80.0000 age=1
-->8--
          4       5 
      6      21      18
     19       7      13 
 12      23      16       1
  3       8      17      11
     15       9      22 
     14      10       2
         24      20 
--8<--
found: sum= 78.0000 var=  0.0000 fitness= 78.0000 age=4
-->8--
         14      21 
     10      18       6
     22       1      24 
  7      13       8      20
 11      16      17       4
      9      23       5 
     15      12       2
          3      19 
--8<--
found: sum= 77.0000 var=  0.0000 fitness= 77.0000 age=1
-->8--
         16       9 
     10      23      24
     20       1       5 
 18       7      15       4
 13      11      22      14
      8      21      17 
      6      12       2
         19       3 
--8<--
found: sum= 74.0000 var=  0.0000 fitness= 74.0000 age=1
-->8--
         20       3 
     18       1      11
     19      14      23 
 10       2      22      12
 17      21       6       4
      5       9       7 
     16      15      13
          8      24 
--8<--
found: sum= 74.0000 var=  0.0000 fitness= 74.0000 age=1
-->8--
         20       9 
     16      18       5
      1      12      13 
 24       7      17       8
 15      21       3      11
      6      14      22 
      4      10      23
         19       2 
--8<--
found: sum= 77.0000 var=  0.0000 fitness= 77.0000 age=3
-->8--
         22       3 
      2       9      20
      4      23      21 
  5      17       1       6
 12      15      14      16
     24       7      19 
     10       8      18
         13      11 
--8<--
found: sum= 79.0000 var=  0.0000 fitness= 79.0000 age=2
-->8--
          2      12 
     13      22      16
     21       6      14 
 23      15       9       1
  5       8      17      18
      7      24      20 
     19      11       3
         10       4 
--8<--
found: sum= 80.0000 var=  0.0000 fitness= 80.0000 age=1
-->8--
         12       2 
     19      13      16
     24       4      23 
  1       8      22      11
  9      18       7       3
     20      21      14 
     10       6      15
          5      17 
--8<--
found: sum= 81.0000 var=  0.0000 fitness= 81.0000 age=1
-->8--
         15      13 
      2      17       5
     20      19      21 
 10       8       6      11
 16       3      22       7
     24      23      14 
      4       9       1
         18      12 
--8<--
found: sum= 80.0000 var=  0.0000 fitness= 80.0000 age=4
-->8--
         11       1 
      2      17       3
     15      21      22 
  8      14      16       4
 20      13       7      19
     10       9      12 
      6      24      23
         18       5 
--8<--
found: sum= 80.0000 var=  0.0000 fitness= 80.0000 age=1
-->8--
          4      15 
     10      24       7
     23      16       5 
 20       3      13      17
  1      14      22       2
     19      12      21 
      9       8       6
         18      11 
--8<--
found: sum= 76.0000 var=  0.0000 fitness= 76.0000 age=1
-->8--
         21      11 
      5       8      13
     24      17      23 
 14       1       4      10
  6      16      20      12
     15      18       7 
      2       3       9
         22      19 
--8<--
found: sum= 81.0000 var=  0.0000 fitness= 81.0000 age=3
-->8--
          8       1 
      6      12       4
     20      19      22 
 14      16      23      10
  5       9       3       2
     17      11      21 
      7      13      15
         24      18 
--8<--
found: sum= 80.0000 var=  0.0000 fitness= 80.0000 age=2
-->8--
          8       3 
     14      22      12
     16      18      19 
 23       2       6       1
  7      21      24      13
     11       9      17 
      4      15       5
         20      10 
--8<--
found: sum= 78.0000 var=  0.0000 fitness= 78.0000 age=4
-->8--
         11      21 
      4      15       9
     19       7      20 
  1      22       6      23
  8      12      14      13
     16      17       2 
      5      18      24
         10       3 
--8<--
found: sum= 77.0000 var=  0.0000 fitness= 77.0000 age=4
-->8--
         18       4 
     16       6       8
     13      23      15 
 11       1      21      12
  9      24       5       2
     19       3      22 
      7      10      20
         14      17 
--8<--
found: sum= 77.0000 var=  0.0000 fitness= 77.0000 age=4
-->8--
          5       1 
     16       9      22
     20      19      23 
 14       8       3      18
  7      11      12      15
     17      24       6 
     13      10       4
          2      21 
--8<--
found: sum= 77.0000 var=  0.0000 fitness= 77.0000 age=1
-->8--
         15       2 
     12       5      21
     22      20      23 
 18       3       6      17
  8      19      13      14
      7      16       4 
     10      24       9
          1      11 
--8<--
found: sum= 81.0000 var=  0.0000 fitness= 81.0000 age=1
-->8--
         16       5 
      1      15      14
     23      20       9 
 17       6      18       2
 10       3      21      19
     22      13      12 
      8      24       4
         11       7 
--8<--
found: sum= 79.0000 var=  0.0000 fitness= 79.0000 age=4
-->8--
          8       3 
     13      19      12
     15       7      24 
 20      17      14      22
  1      16       2      11
     10      23       6 
      5      21       9
          4      18 
--8<--
found: sum= 79.0000 var=  0.0000 fitness= 79.0000 age=4
-->8--
          1      20 
     22      12       8
     15      23      14 
 11       6       2       9
  4      24      21      16
     19       3      17 
      5      18       7
         10      13 
--8<--
found: sum= 77.0000 var=  0.0000 fitness= 77.0000 age=1
-->8--
         10      22 
      6      24       7
     20       4       1 
 11      13      19      17
 12      18      21       5
      3       2      14 
     15      23       8
         16       9 
--8<--
found: sum= 77.0000 var=  0.0000 fitness= 77.0000 age=2
-->8--
          9      14 
     15      16       8
     17      19      13 
  3       1       7      10
 20      24      21      22
     12       5       4 
     11      23      18
          2       6 
--8<--
found: sum= 77.0000 var=  0.0000 fitness= 77.0000 age=2
-->8--
         13       1 
      6      16      12
      5      23      22 
 11      14       3       2
 18       9      24      19
     20       4       7 
      8      15      17
         21      10 
--8<--
found: sum= 78.0000 var=  0.0000 fitness= 78.0000 age=2
-->8--
          7      19 
     15       3       4
     16      20      22 
 11      17      10       9
 18       2       8       6
     14      21      23 
     24      12      13
          5       1 
--8<--
found: sum= 82.0000 var=  0.0000 fitness= 82.0000 age=1
-->8--
          6       2 
     11      24      12
     23       3      22 
  9      15      19       8
 13      18       7      10
      4      20      16 
     14      21       1
          5      17 
--8<--
found: sum= 77.0000 var=  0.0000 fitness= 77.0000 age=2
-->8--
          3       6 
      8       9      16
     20      19      12 
  5      18      15      14
 17      10      11       1
      7       4      24 
     22      13       2
         21      23 
--8<--
found: sum= 82.0000 var=  0.0000 fitness= 82.0000 age=3
-->8--
          6       3 
     10      22      18
     23       9      17 
 20      12      13       7
  1      15      19       5
     11      14      21 
      2      16       4
         24       8 
--8<--
found: sum= 77.0000 var=  0.0000 fitness= 77.0000 age=3
-->8--
          5       4 
     24      23      14
      1       6      11 
 20      18      19      13
  7      15      10       2
     16       9      22 
     17      12       3
          8      21 
--8<--
found: sum= 80.0000 var=  0.0000 fitness= 80.0000 age=3
-->8--
          2       4 
     20       5       7
     23      21      19 
  6       9      24      16
 13      15       3       1
     14       8      17 
     11      22      18
         10      12 
--8<--
found: sum= 78.0000 var=  0.0000 fitness= 78.0000 age=2
-->8--
          8      13 
     22      15      10
     20       7       9 
 19       6      24      17
 11       4      21       2
     18      16       5 
     14      23       1
          3      12 
--8<--
found: sum= 81.0000 var=  0.0000 fitness= 81.0000 age=1
-->8--
         13       9 
      7      24      23
     21       5      12 
 14      11       8      17
  1      18      19      15
     16      20      10 
      3      22       6
          2       4 
--8<--
found: sum= 80.0000 var=  0.0000 fitness= 80.0000 age=2
-->8--
          1       4 
      9      23       5
     21      20      10 
  7       6      18      15
 14       8      12      22
     24      16       3 
     11      19      13
          2      17 
--8<--
found: sum= 77.0000 var=  0.0000 fitness= 77.0000 age=3
-->8--
         20      18 
      4       3       2
     22      19      24 
 15       9      11       6
  7      16      10      21
      8      12       5 
      1      23      14
         17      13 
--8<--
found: sum= 77.0000 var=  0.0000 fitness= 77.0000 age=4
-->8--
         23      18 
      5      15       1
      6       8      22 
  7      20      13       2
 14       9      24      12
     21       3       4 
     16      17      10
         11      19 
--8<--
found: sum= 79.0000 var=  0.0000 fitness= 79.0000 age=2
-->8--
          8       4 
     10      24       7
     21       1      23 
 17      15      20      13
 14       9      12       5
      3      22       6 
     11      18       2
         16      19 
--8<--
found: sum= 80.0000 var=  0.0000 fitness= 80.0000 age=4
-->8--
          1       6 
     13      23      12
     14       8      22 
 24      21       9      11
 10       7      16       2
      4      19      20 
     18      17       3
         15       5 
--8<--
found: sum= 79.0000 var=  0.0000 fitness= 79.0000 age=2
-->8--
          2      13 
      9      10       8
     23      11      22 
  1      24      15      14
  4       6       5       7
     21      18      16 
     12       3      17
         19      20 
--8<--
found: sum= 80.0000 var=  0.0000 fitness= 80.0000 age=1
-->8--
          9       1 
      4      18      14
     23      24      15 
 20       2       8       6
  3      11      19      22
     21      16      10 
     12      13       5
          7      17 
--8<--
found: sum= 80.0000 var=  0.0000 fitness= 80.0000 age=2
-->8--
          6      13 
      3      20       4
     19      11      22 
 14      21      10      18
  1      17      12       2
      8       9      16 
      7      15      23
         24       5 
--8<--
found: sum= 81.0000 var=  0.0000 fitness= 81.0000 age=2
-->8--
          6       8 
      9      17       4
     15      22      20 
  7      12      10       5
 16      13       1      24
     18      23      21 
      2      14      19
         11       3 
--8<--
