found: sum= 73.0000 var=  0.0000 fitness= 73.0000
-->8--
         12      15 
     23       3      22
     13       1      24 
  7      21       8      18
  6      17      16       5
      9      10       2 
      4      14      20
         19      11 
--8<--
found: sum= 77.0000 var=  0.0000 fitness= 77.0000
-->8--
          2      17 
      5      18       4
     19      10      15 
  7      23      13       6
 11       9       1      20
      8      21      22 
     24       3      16
         12      14 
--8<--
found: sum= 76.0000 var=  0.0000 fitness= 76.0000
-->8--
          4      14 
      3       5      15
     23      19      17 
  9      22       6      20
  1      11       2      13
     10      16      18 
      8       7      12
         24      21 
--8<--
found: sum= 76.0000 var=  0.0000 fitness= 76.0000
-->8--
         20      19 
     13      22       8
      7      11      14 
 10       3       2      23
 18      21      15       6
     17      24      16 
      1       4       5
          9      12 
--8<--
found: sum= 78.0000 var=  0.0000 fitness= 78.0000
-->8--
         20       5 
     14      24      22
      3       2      21 
  6      15       4       8
 17      18      23      10
     19      16      12 
     13      11       7
          1       9 
--8<--
found: sum= 77.0000 var=  0.0000 fitness= 77.0000
-->8--
          8      18 
      7       4      20
     19      16      10 
  5      23       9      14
 11      13       1      21
      6      15      22 
      2      24      12
         17       3 
--8<--
found: sum= 79.0000 var=  0.0000 fitness= 79.0000
-->8--
          6      13 
      5      24       8
     20      10      17 
  2      14       7       3
 23       9      21      12
     11      18      19 
     22       4       1
         15      16 
--8<--
found: sum= 78.0000 var=  0.0000 fitness= 78.0000
-->8--
          3      10 
      7      11       9
     15      24      16 
  5      18       8      13
 22      14      12       6
      4       2      23 
     17      21       1
         20      19 
--8<--
found: sum= 81.0000 var=  0.0000 fitness= 81.0000
-->8--
          6      10 
      3      23       8
     21      11      16 
  7      17      13      24
 12       5      15       9
     19      20       4 
     14      22       2
          1      18 
--8<--
found: sum= 77.0000 var=  0.0000 fitness= 77.0000
-->8--
         24       6 
     22      15      10
      2      13      19 
 16       1      14       9
 17      23      21       3
     18       5      11 
      4      20       8
          7      12 
--8<--
found: sum= 71.0000 var=  0.0000 fitness= 71.0000
-->8--
         20       7 
     17       1      10
      6      16      13 
 12      11      24       5
 19      15       3      22
      8       2       4 
      9      23      18
         14      21 
--8<--
found: sum= 81.0000 var=  0.0000 fitness= 81.0000
-->8--
          5       1 
      6      22       2
     13      21      23 
 10      14      12      19
  9      11       8      16
     24      15       3 
      7      20      17
          4      18 
--8<--
found: sum= 75.0000 var=  0.0000 fitness= 75.0000
-->8--
          3      21 
     10       1       4
     14      24      12 
 17      23      13      11
  6       8       5      15
      7       2      19 
     20      22       9
         16      18 
--8<--
found: sum= 79.0000 var=  0.0000 fitness= 79.0000
-->8--
         13       6 
      5      24       8
     14      19      12 
  7       4      10      18
  9      23      21      15
     22       2       3 
     11      20      17
          1      16 
--8<--
found: sum= 80.0000 var=  0.0000 fitness= 80.0000
-->8--
          2      19 
     12       6      14
     24      13      18 
  3      23      10       8
  4      17      16       7
      9       1      21 
     11      22       5
         20      15 
--8<--
found: sum= 76.0000 var=  0.0000 fitness= 76.0000
-->8--
          2      15 
     20      23      13
     24       3      12 
  9       4      10      18
 11      22      16      19
      6      21       1 
      5      14       7
          8      17 
--8<--
found: sum= 80.0000 var=  0.0000 fitness= 80.0000
-->8--
          3       8 
      2      24       7
     17      12       6 
 16      22      23      10
  5       1      18       9
     19       4      14 
     21      20      11
         15      13 
--8<--
found: sum= 79.0000 var=  0.0000 fitness= 79.0000
-->8--
         10       2 
      5      24      16
     12       7       8 
 18      21      22       6
  4      13       1      19
     11      15      23 
     14      17       3
          9      20 
--8<--
found: sum= 79.0000 var=  0.0000 fitness= 79.0000
-->8--
         23      14 
      2       6       1
     16      17      22 
 12      15      19       9
  8      21       4       5
      7       3      20 
     13      24      10
         11      18 
--8<--
found: sum= 77.0000 var=  0.0000 fitness= 77.0000
-->8--
         19       6 
     10      24      14
      3      20       5 
 17       1       8       7
 21      13      23      18
     22      12      16 
      4      15       9
         11       2 
--8<--
found: sum= 75.0000 var=  0.0000 fitness= 75.0000
-->8--
          4      18 
     20       1      12
     23      21      15 
  5       6       8      19
 16      22       7      17
      3      11       9 
     13      24      14
          2      10 
--8<--
found: sum= 76.0000 var=  0.0000 fitness= 76.0000
-->8--
         16       9 
     23       4      14
      1       8      22 
 18      24      19       7
 11       2       6      10
     20      17      12 
     13      21       5
          3      15 
--8<--
found: sum= 80.0000 var=  0.0000 fitness= 80.0000
-->8--
         21       1 
     18      20      10
     15       2      23 
 17       4      24       7
  8      22      12       5
     14      16       9 
      3      19      11
          6      13 
--8<--
found: sum= 75.0000 var=  0.0000 fitness= 75.0000
-->8--
          7       8 
      6      18      24
     11      13      10 
 23      20       2       9
  4       5      19      14
     12      16      21 
     17       3       1
         22      15 
--8<--
found: sum= 75.0000 var=  0.0000 fitness= 75.0000
-->8--
         21      12 
      5       4      11
     16      15      20 
 18      14      13      22
  8      10      17       1
      9       6       2 
     19      24      23
          7       3 
--8<--
found: sum= 77.0000 var=  0.0000 fitness= 77.0000
-->8--
         19      15 
     23       9       8
     13       7      16 
  5       6      22       1
 12      17       4      14
     24      21      20 
     10       3      18
          2      11 
--8<--
found: sum= 81.0000 var=  0.0000 fitness= 81.0000
-->8--
          6       2 
      7      13      12
     16      19      18 
 11      20      17       8
  3      10      14       9
     21       1      15 
     23      22      24
          4       5 
--8<--
found: sum= 81.0000 var=  0.0000 fitness= 81.0000
-->8--
          2      12 
      3      18      14
     22      16      10 
  1      20      11      15
  6       9       4      17
     23      21      24 
     13       8       5
          7      19 
--8<--
found: sum= 77.0000 var=  0.0000 fitness= 77.0000
-->8--
         18       2 
      3      10       8
     16      24      11 
  1       6      22      13
 23      14       7       5
     17       4      19 
      9      12      15
         21      20 
--8<--
found: sum= 81.0000 var=  0.0000 fitness= 81.0000
-->8--
          7      12 
      1      20      10
     24      15      13 
  6      14      11      16
 23       5      17       3
      9      19      21 
     22      18       4
          8       2 
--8<--
found: sum= 78.0000 var=  0.0000 fitness= 78.0000
-->8--
          1      15 
      5      24       3
     11      19       7 
 13      18      10      22
 12       8       2      14
     16      21      23 
      4       9       6
         20      17 
--8<--
found: sum= 77.0000 var=  0.0000 fitness= 77.0000
-->8--
         10      15 
     20      14       3
     11      21      18 
 23       1       6       4
  7      22       8      24
     13      19      17 
      9      12       5
          2      16 
--8<--
found: sum= 80.0000 var=  0.0000 fitness= 80.0000
-->8--
          1      13 
      7      14       2
     16      24      12 
 10      18      15      23
  6      11       9       4
     19       3      17 
      5      22      21
         20       8 
--8<--
found: sum= 77.0000 var=  0.0000 fitness= 77.0000
-->8--
          5       4 
      6      23      21
     24      11       1 
  3       8      17      22
 18      15      19       2
      9       7      16 
     20      12      10
         14      13 
--8<--
found: sum= 72.0000 var=  0.0000 fitness= 72.0000
-->8--
         17      23 
     18       6      14
     13      11       2 
 15       7      16       1
  5      22      12      21
     10       4      20 
      3       9       8
         24      19 
--8<--
found: sum= 76.0000 var=  0.0000 fitness= 76.0000
-->8--
         15       7 
      1      23      18
      9      16       2 
 20      12      10      13
  6      24      11      21
      5       3      19 
      8      22       4
         14      17 
--8<--
found: sum= 78.0000 var=  0.0000 fitness= 78.0000
-->8--
         17      18 
      9      20       1
     23       7       8 
 12       2      24       6
 21       4      22       5
     16      19      13 
     15      10      11
         14       3 
--8<--
found: sum= 78.0000 var=  0.0000 fitness= 78.0000
-->8--
          7       4 
     18      24      12
      5       3      15 
  8      21      20      16
 19      11       1      17
     14      22       9 
      2      23      13
          6      10 
--8<--
found: sum= 78.0000 var=  0.0000 fitness= 78.0000
-->8--
          2       4 
      9      19      13
     10      21       7 
 16      17      14      23
  3      20       5      11
     12       1      18 
     15      24      22
          6       8 
--8<--
found: sum= 77.0000 var=  0.0000 fitness= 77.0000
-->8--
          8       1 
     21      15      16
     24       3      23 
 13       6      19      12
 14      18       9       4
      2      22      10 
     17      11      20
          7       5 
--8<--
found: sum= 79.0000 var=  0.0000 fitness= 79.0000
-->8--
          5       7 
     20      16      10
     23      13       9 
 17       2      24       4
 14       1      21      15
     22      18       6 
      8      19       3
         11      12 
--8<--
found: sum= 77.0000 var=  0.0000 fitness= 77.0000
-->8--
          1       3 
      7       8      13
     16      23      24 
 17      22       6       4
 15       2      14      18
      5      10      11 
     20      21      12
         19       9 
--8<--
found: sum= 78.0000 var=  0.0000 fitness= 78.0000
-->8--
          9       7 
      3      24       6
     20      10      17 
 11      12      14      21
  1      15       5      13
     19      22       8 
     16       2      23
          4      18 
--8<--
found: sum= 72.0000 var=  0.0000 fitness= 72.0000
-->8--
          9      12 
      7       2      18
     24      14      15 
  3      16      11      20
  6      10       4      21
     13      17       1 
     19       5      22
          8      23 
--8<--
found: sum= 77.0000 var=  0.0000 fitness= 77.0000
-->8--
          1       9 
      5      22      15
     17      21       2 
 10      11       8      16
  3      13      18      19
     23       6      14 
     24       7      20
          4      12 
--8<--
found: sum= 80.0000 var=  0.0000 fitness= 80.0000
-->8--
          7      11 
      4      12       9
     16      19      23 
  5      22       6      21
 10      13       2       8
     14      18      20 
     17      15      24
          3       1 
--8<--
found: sum= 76.0000 var=  0.0000 fitness= 76.0000
-->8--
          3      11 
      8      18       5
     14      21       2 
  9      12      19      22
 24       7      16       4
     10       1      13 
     20      23       6
         15      17 
--8<--
found: sum= 80.0000 var=  0.0000 fitness= 80.0000
-->8--
         10       1 
      3      13      14
     15      22      19 
  8      17      11       2
  6      16       5      20
     18       9      23 
     21      12      24
          4       7 
--8<--
found: sum= 71.0000 var=  0.0000 fitness= 71.0000
-->8--
         13      24 
     18       4       7
     11       2      20 
  1      23      14      19
 22       6       5      10
      8      21       3 
     15       9      17
         12      16 
--8<--
found: sum= 77.0000 var=  0.0000 fitness= 77.0000
-->8--
         23       3 
      1       6      18
     11      19      15 
 22      17      16      13
  5      14       7       2
      8       4      24 
     10      21      12
         20       9 
--8<--
found: sum= 75.0000 var=  0.0000 fitness= 75.0000
-->8--
         13       9 
     10      22      23
     17       8       2 
 15       5      11       4
 20       6      21      18
     12      24      19 
     14       3       7
         16       1 
--8<--
found: sum= 80.0000 var=  0.0000 fitness= 80.0000
-->8--
          3      10 
      2      24      14
     20      19       4 
  6      12       9       5
 11      15      17      22
     16       8      23 
      7      13      18
         21       1 
--8<--
found: sum= 77.0000 var=  0.0000 fitness= 77.0000
-->8--
         11       4 
     10      13      24
      5      21       6 
  7      17       9      18
 12      14       1      20
     22      15      23 
      2      16       3
          8      19 
--8<--
found: sum= 80.0000 var=  0.0000 fitness= 80.0000
-->8--
          4      11 
      5       6      17
     23      18      19 
  7      24       9      16
  3      13       2      12
     10      14      22 
      8      20      21
         15       1 
--8<--
found: sum= 76.0000 var=  0.0000 fitness= 76.0000
-->8--
         24       6 
      4       5       3
     10      19      22 
  9      14      21       1
 18       2       8      17
     23      12       7 
     11      13      16
         15      20 
--8<--
found: sum= 78.0000 var=  0.0000 fitness= 78.0000
-->8--
         17       2 
     10       3      14
      6      22      21 
  9      20      16      11
 19       1      12       5
     23       7      13 
      8      24      18
         15       4 
--8<--
found: sum= 75.0000 var=  0.0000 fitness= 75.0000
-->8--
          9      17 
     14      11      10
      5      20      13 
  1      16       4      19
  8      22       6      12
     23       7      21 
      3       2      15
         18      24 
--8<--
found: sum= 78.0000 var=  0.0000 fitness= 78.0000
-->8--
          5       2 
      3      11      10
     15      24      18 
 12      20      13      21
 16       9       8       1
      6       4      17 
     14      23      19
         22       7 
--8<--
found: sum= 73.0000 var=  0.0000 fitness= 73.0000
-->8--
         20      19 
     24       9      21
     13       3      11 
 22       4      10      17
  5      15      18       1
     14      23      16 
      7       2       8
         12       6 
--8<--
found: sum= 76.0000 var=  0.0000 fitness= 76.0000
-->8--
         11      18 
      5       6      16
     24      22       4 
 14       8      10      17
  2      15       1      23
     13      20      21 
      7      12       3
          9      19 
--8<--
found: sum= 76.0000 var=  0.0000 fitness= 76.0000
-->8--
         21       3 
     12      22      14
      1      16      13 
 18       4       8      17
  6      24       9      10
     23      15      19 
      5       2      20
          7      11 
--8<--
found: sum= 75.0000 var=  0.0000 fitness= 75.0000
-->8--
         12       9 
      1      19      10
     11      18       6 
  5      14      13      15
 20       4       3      22
     21      23      16 
      8       2      24
         17       7 
--8<--
found: sum= 78.0000 var=  0.0000 fitness= 78.0000
-->8--
          4       6 
      3      24       7
     15       9      19 
  8      23      13      12
  5      17       2      11
     10      14      21 
     20       1      18
         16      22 
--8<--
found: sum= 79.0000 var=  0.0000 fitness= 79.0000
-->8--
          6      13 
      3      19       4
     14      22       1 
 18      15      20      16
 10       5       9      12
     17       8      21 
      2      23      11
         24       7 
--8<--
found: sum= 77.0000 var=  0.0000 fitness= 77.0000
-->8--
         10      12 
      2      21      18
     11      20       1 
  6      13       5       7
 16      17      19      22
     14       3      23 
      4      15       9
         24       8 
--8<--
found: sum= 78.0000 var=  0.0000 fitness= 78.0000
-->8--
          3       1 
     11      20       2
     18      17      24 
 13       9      14       5
 10      22      12       8
      6       4      15 
     16       7      21
         23      19 
--8<--
found: sum= 79.0000 var=  0.0000 fitness= 79.0000
-->8--
          4      10 
      5      14      12
     18      23       9 
  1      15      11      13
 17      20       3      19
      8       7      24 
     16      22       2
          6      21 
--8<--
found: sum= 76.0000 var=  0.0000 fitness= 76.0000
-->8--
         18      10 
     19      23      24
      9       1       2 
 11       6      16       3
 15      14      22      20
     21      17      13 
      5      12       8
          7       4 
--8<--
found: sum= 72.0000 var=  0.0000 fitness= 72.0000
-->8--
         23      24 
     19       6      12
     21       1      16 
  5       2      13      15
 18      22      14      11
      4      20       3 
      9      10       8
          7      17 
--8<--
found: sum= 80.0000 var=  0.0000 fitness= 80.0000
-->8--
         10       5 
      2      22       6
     16      11      15 
  3      19      21      12
 24      14       8       1
      4       7      23 
     18      20      13
         17       9 
--8<--
found: sum= 79.0000 var=  0.0000 fitness= 79.0000
-->8--
          2       7 
      3      21       9
     11      22      15 
 18      20       5      19
  8      10      16       1
     12       6      23 
     24      13      17
         14       4 
--8<--
found: sum= 72.0000 var=  0.0000 fitness= 72.0000
-->8--
         16      11 
     19       7      17
     21       3      24 
  8       6      10       9
 20      12      23       4
      5      18       2 
     22       1      15
         14      13 
--8<--
found: sum= 81.0000 var=  0.0000 fitness= 81.0000
-->8--
          7       5 
      4      13      15
     22      11      19 
 10      24      18      16
  9       2       3       8
     14      23      17 
     21      20       6
          1      12 
--8<--
found: sum= 78.0000 var=  0.0000 fitness= 78.0000
-->8--
         11       8 
      3      24       4
     13      22      18 
 14       5       2      23
 19      17      12       7
     10      20      16 
     21       9       6
          1      15 
--8<--
found: sum= 79.0000 var=  0.0000 fitness= 79.0000
-->8--
          4       2 
      5      14      11
     23      18      24 
 21      15      10       9
  3       1      13      17
     16      22       6 
     20      12       7
          8      19 
--8<--
found: sum= 74.0000 var=  0.0000 fitness= 74.0000
-->8--
         18       6 
     17      19      14
     15       1      24 
 22       4      10       9
 11      20      16       8
      2      23       7 
      5       3      12
         21      13 
--8<--
found: sum= 74.0000 var=  0.0000 fitness= 74.0000
-->8--
         15      20 
      7       1       3
     18      16      23 
  9      17      11       4
 14       6       2      21
     10      22      13 
     12       5      24
         19       8 
--8<--
found: sum= 78.0000 var=  0.0000 fitness= 78.0000
-->8--
          5      14 
     10      18      13
     20      21       9 
 15       4       3       2
 16      11      17      24
     12      22      23 
     19       8       1
          6       7 
--8<--
found: sum= 76.0000 var=  0.0000 fitness= 76.0000
-->8--
          6      23 
     13       5       2
     24      21      14 
 20       7      11      12
  8       1      17       4
     16      19      18 
     15       3      10
         22       9 
--8<--
found: sum= 76.0000 var=  0.0000 fitness= 76.0000
-->8--
         22       1 
     10      23      14
      7       6      11 
 20       8      21       9
  2      24      13       3
     15       4      19 
     16       5      17
         12      18 
--8<--
found: sum= 77.0000 var=  0.0000 fitness= 77.0000
-->8--
          4       7 
      5      24      11
     15      16       2 
 14      13      17      23
 10       3       8       6
     22      20      21 
     19       1       9
         12      18 
--8<--
found: sum= 69.0000 var=  0.0000 fitness= 69.0000
-->8--
         15      11 
     20       1      22
      2      14      12 
 23      17       9      10
 18       5      16       3
      4       8      19 
     21       7       6
         24      13 
--8<--
found: sum= 73.0000 var=  0.0000 fitness= 73.0000
-->8--
          2      16 
     12      18      15
      8      20       1 
 22      13       3      24
 10      11       5      17
      9      21      23 
      7       6      14
         19       4 
--8<--
found: sum= 77.0000 var=  0.0000 fitness= 77.0000
-->8--
         12      13 
      7      24      19
     17       6      14 
 15      11       1      23
  9      21      20       3
      4      18      16 
      2      10       8
         22       5 
--8<--
found: sum= 82.0000 var=  0.0000 fitness= 82.0000
-->8--
          3       2 
      8      14       4
     15      24      22 
  5      18      16      12
 10      11       6       9
     23       7      17 
      1      19      20
         21      13 
--8<--
found: sum= 78.0000 var=  0.0000 fitness= 78.0000
-->8--
          7      14 
      2       1      10
     23      21      15 
 13      24      17      12
  4       5       3      11
      9       8      20 
     18      22      19
         16       6 
--8<--
found: sum= 78.0000 var=  0.0000 fitness= 78.0000
-->8--
         10       1 
     20       3      19
      9      12      22 
  6      24      21       5
  8      15       2      11
     16       4      17 
      7      23      14
         13      18 
--8<--
found: sum= 75.0000 var=  0.0000 fitness= 75.0000
-->8--
         16      22 
     20      11       4
      2      23       8 
  9       3       7      12
 19      18      10      21
     24      14      17 
      5      13      15
          1       6 
--8<--
found: sum= 81.0000 var=  0.0000 fitness= 81.0000
-->8--
         12      13 
      3      23      14
     20       4      16 
  9      19      11      15
 10      22       8       7
      1      17      24 
      2      21       5
         18       6 
--8<--
found: sum= 79.0000 var=  0.0000 fitness= 79.0000
-->8--
          6       1 
      2      18      11
     19      10      23 
  9      24      16      13
  8       5       3       7
     14      21      17 
     15       4      22
         20      12 
--8<--
found: sum= 77.0000 var=  0.0000 fitness= 77.0000
-->8--
          4      14 
      2      21       6
     15      17       9 
  8      18      10      12
 11      24       5      22
      1       3      19 
     16      20       7
         13      23 
--8<--
found: sum= 78.0000 var=  0.0000 fitness= 78.0000
-->8--
          8      13 
     23       4      19
     22       7      20 
 10      14      15       6
 11      16       2      17
      5      24      18 
      9      21       1
          3      12 
--8<--
found: sum= 72.0000 var=  0.0000 fitness= 72.0000
-->8--
          9      10 
     24       1      22
      5      16      21 
 14      17       2      13
  6      23       3      15
      7      11      18 
     19       8      12
          4      20 
--8<--
found: sum= 75.0000 var=  0.0000 fitness= 75.0000
-->8--
          5      16 
      2      10      20
     21      13       4 
 15      24      12      19
 11       1       8       9
      3      17      23 
     22      14       7
         18       6 
--8<--
found: sum= 78.0000 var=  0.0000 fitness= 78.0000
-->8--
         22      19 
      4      21      10
     17       9      18 
 15       5       1       2
 11      16      24      20
     14      23      13 
     12       7       8
          6       3 
--8<--
found: sum= 79.0000 var=  0.0000 fitness= 79.0000
-->8--
          7      14 
     18       3      20
     24       6      19 
  9      21      17      13
  4       5       8      12
     16      22      10 
      2      23      15
         11       1 
--8<--
found: sum= 76.0000 var=  0.0000 fitness= 76.0000
-->8--
          3       4 
     22      24       8
      7      15       9 
 13       5      16      18
 14      17      21      11
     20       2       1 
      6      19      23
         12      10 
--8<--
found: sum= 75.0000 var=  0.0000 fitness= 75.0000
-->8--
          6      15 
     23       1      11
     17      21      14 
 19       7      13      24
  3      20       2       4
      9      12      18 
      8      16       5
         10      22 
--8<--
found: sum= 79.0000 var=  0.0000 fitness= 79.0000
-->8--
         13       1 
      4      24      14
     17      10      22 
 15      11       8       3
 12       6      21      20
     18      23       5 
     16       9       2
          7      19 
--8<--
found: sum= 75.0000 var=  0.0000 fitness= 75.0000
-->8--
          3       1 
     14      12      24
     20       9       7 
 23      17      22      19
  5       2       4      10
      8      21      13 
     11      15       6
         18      16 
--8<--
found: sum= 79.0000 var=  0.0000 fitness= 79.0000
-->8--
         17      12 
      5      22      13
     18      10       2 
 15       7      20       1
  6      14      24      21
     19       4      11 
      3      23       9
         16       8 
--8<--
found: sum= 73.0000 var=  0.0000 fitness= 73.0000
-->8--
         14      13 
     21       7      17
     10       2      23 
 16      19      11      15
  5      20      12       8
      3       9       4 
      1      18      24
         22       6 
--8<--
found: sum= 80.0000 var=  0.0000 fitness= 80.0000
-->8--
          5      15 
      2      23      13
     22      12       9 
  7      16       8      20
 14       4      19       6
     17      21      18 
     24      11       1
          3      10 
--8<--
found: sum= 78.0000 var=  0.0000 fitness= 78.0000
-->8--
         17       2 
     12       1      19
     18       9      23 
  3      21      24      10
  8      13       4       6
     15       7      11 
      5      22      14
         16      20 
--8<--
found: sum= 80.0000 var=  0.0000 fitness= 80.0000
-->8--
          6       4 
      5      12      18
     19      17      15 
  9      21      14       3
 16       7       1      23
      8      20      24 
     13      22      11
         10       2 
--8<--
found: sum= 83.0000 var=  0.0000 fitness= 83.0000
-->8--
          2       1 
      5      18      11
     14      21      22 
 13      23      10      15
  4       9      12       7
     20       8      17 
      3      24      16
         19       6 
--8<--
execution time: real 0.387402s user 0.008998s sys 0.003999s
GA: P=50 K=10 sp=2 xover=2D/1 optrpl=2 optskip=10 optmax=1.142857
generation #510: pop m= 79.380 v= 57.913 f= 51.699 best_age=1
best: found: sum= 83.0000 var=  0.0000 fitness= 83.0000
-->8--
          2       1 
      5      18      11
     14      21      22 
 13      23      10      15
  4       9      12       7
     20       8      17 
      3      24      16
         19       6 
--8<--
