found: sum= 78.0000 var=  0.0000 fitness= 78.0000
-->8--
         15       4 
      5       6      21
     22      14      23 
 17      16      10       3
  2       1      19      12
     20      18      11 
     24       8       9
          7      13 
--8<--
found: sum= 76.0000 var=  0.0000 fitness= 76.0000
-->8--
         21      10 
      6       5       8
     13      22      20 
 12       9      11       3
  4      14      18       7
     24       2      17 
     16       1      15
         19      23 
--8<--
found: sum= 84.0000 var=  0.0000 fitness= 84.0000
-->8--
          5       8 
      3      15      11
     20      19      24 
  4      22       7       9
  1      14      10      13
     23      12      21 
     16      17       6
          2      18 
--8<--
execution time: real 0.644515s user 0.016997s sys 0.033994s
GA: P=50 K=10 sp=2 xover=2D/1 optrpl=2 optskip=10 optmax=1.142857
generation #2891: pop m= 78.329 v=120.860 f= 32.172 best_age=1
best: found: sum= 84.0000 var=  0.0000 fitness= 84.0000
-->8--
          5       8 
      3      15      11
     20      19      24 
  4      22       7       9
  1      14      10      13
     23      12      21 
     16      17       6
          2      18 
--8<--
