found: sum= 70.0000 var=  0.0000 fitness= 70.0000 age=0
-->8--
          4      19 
     17       9       8
     20      14      21 
 11       6      -1      12
  3      23      10      15
      7      18      13 
     16       5       2
          1      22 
--8<--
found: sum= 74.0000 var=  0.0000 fitness= 74.0000 age=0
-->8--
         11      23 
      6      20      -2
      8      14       7 
 17      15      12       2
  3       9      19      16
     22       5      18 
      4      21       1
         13      10 
--8<--
found: sum= 73.0000 var=  0.0000 fitness= 73.0000 age=0
-->8--
         13      18 
      9      21       1
     15       4      10 
 20      11      19       8
 -1       5      12      17
     23      22       7 
      3      14       2
          6      16 
--8<--
found: sum= 75.0000 var=  0.0000 fitness= 75.0000 age=0
-->8--
         19      24 
     23       3      14
      5      12      18 
 11      13       4      15
  8      16      21      10
     22       9       7 
      6      20       1
          2      17 
--8<--
found: sum= 72.0000 var=  0.0000 fitness= 72.0000 age=0
-->8--
         21      18 
      6       9      10
     16      17      14 
 15       3       4      20
  5      22      19      13
     11       7       2 
     23       8      12
          1      24 
--8<--
found: sum= 73.0000 var=  0.0000 fitness= 73.0000 age=0
-->8--
          8       9 
     14      18      21
      6       3       5 
 16      24      17      20
  1       4      10      19
     22      15       2 
      7      12      23
         13      11 
--8<--
found: sum= 75.0000 var=  0.0000 fitness= 75.0000 age=0
-->8--
         20       7 
      9      19       6
     18       5      21 
 13       4      17       2
  3      23      15       8
     14      11      12 
      1      16      22
         10      -1 
--8<--
found: sum= 78.0000 var=  0.0000 fitness= 78.0000 age=0
-->8--
          5       2 
     22      24      17
     15       8      11 
 12       4      16       7
  6      23      13      10
     18      14      21 
     19       1       9
          3      20 
--8<--
found: sum= 74.0000 var=  0.0000 fitness= 74.0000 age=0
-->8--
         24      10 
      9       7      13
     14       8      17 
 16      12      19      20
  3       6      11       2
     23      18       5 
     22       4      15
          1      21 
--8<--
found: sum= 77.0000 var=  0.0000 fitness= 77.0000 age=0
-->8--
          4      10 
     19      13       3
     14      16      18 
  7      11      17       1
  2      20      15       5
     23      -2      21 
      8      22      12
          6       9 
--8<--
found: sum= 71.0000 var=  0.0000 fitness= 71.0000 age=0
-->8--
         11       7 
     20       9      23
     19       4      18 
  5       8      10      13
  6      16      12       3
     17      21      15 
      1       2      -1
         14      22 
--8<--
found: sum= 71.0000 var=  0.0000 fitness= 71.0000 age=0
-->8--
          7      20 
     23      15       1
     13       4      21 
 16       9      10      -1
  3      12      22       8
     18      14      11 
     19       2      17
          6       5 
--8<--
found: sum= 77.0000 var=  0.0000 fitness= 77.0000 age=0
-->8--
         20       4 
     12       7      16
     10      17      18 
 22      11      15       8
  5       6      19       3
     23       9      14 
      2      13      21
         24       1 
--8<--
found: sum= 74.0000 var=  0.0000 fitness= 74.0000 age=0
-->8--
         19      21 
     15       9      22
     18       5       6 
 13       8      11       4
  3      12      14      23
     20      24      16 
     10       1       2
          7      17 
--8<--
found: sum= 76.0000 var=  0.0000 fitness= 76.0000 age=0
-->8--
         24      16 
      8       4       2
     13      15      18 
 19      12      21       1
  6       3      11      20
     23      14       5 
     10      17       7
          9      22 
--8<--
found: sum= 75.0000 var=  0.0000 fitness= 75.0000 age=0
-->8--
         15       6 
     11       9      12
     22      10      18 
 16       8      20      21
  3       7      13       1
     19      17       2 
     23       5      14
          4      24 
--8<--
found: sum= 80.0000 var=  0.0000 fitness= 80.0000 age=0
-->8--
         14       6 
      5      23       9
     10      20      18 
 24       8       4      22
  7      12      21       2
     19      15      13 
     16      17      11
          1       3 
--8<--
found: sum= 78.0000 var=  0.0000 fitness= 78.0000 age=0
-->8--
         19       3 
      2      22      23
     21       1       5 
 14      13      24      18
  4      11       9      12
     15      20      10 
      7      17       6
          8      16 
--8<--
found: sum= 73.0000 var=  0.0000 fitness= 73.0000 age=0
-->8--
          8      -1 
     14      13      23
     17      12      22 
  1       9       4      10
  7      18      19       3
     21      11      15 
     16       2       6
          5      20 
--8<--
found: sum= 78.0000 var=  0.0000 fitness= 78.0000 age=0
-->8--
         21      14 
      7      24      11
     12       4      17 
 16      10       8       9
  3      19      15      23
     18      22       6 
      1      13      20
          5       2 
--8<--
found: sum= 80.0000 var=  0.0000 fitness= 80.0000 age=0
-->8--
          6      15 
     22      18       5
     16       8      21 
 17      10      13      20
  7      11      14       9
     19      24       3 
      2      23       4
          1      12 
--8<--
found: sum= 73.0000 var=  0.0000 fitness= 73.0000 age=0
-->8--
         23      13 
      6      22       7
      9       3      20 
 17      10       8      -4
  1      15      19      14
     21      18      16 
      2       5       4
         12      11 
--8<--
found: sum= 81.0000 var=  0.0000 fitness= 81.0000 age=0
-->8--
         17      19 
     11      24       5
     16       4      15 
 12       9      14       3
  1      23      21       6
     20      10      22 
     13       8       2
          7      18 
--8<--
found: sum= 69.0000 var=  0.0000 fitness= 69.0000 age=0
-->8--
          1      15 
     12      23      13
     16       9       2 
 17       8       7      11
  4       5      18      21
     19      22      10 
      6       3      -4
         14      20 
--8<--
found: sum= 61.0000 var=  0.0000 fitness= 61.0000 age=0
-->8--
         18      21 
     20      10      12
     11      -2      -2 
  9       4      22      19
  6      14       8       1
     17      15      13 
      3       7       2
          5      16 
--8<--
found: sum= 75.0000 var=  0.0000 fitness= 75.0000 age=0
-->8--
          8      -1 
     22      20      14
      9       3      16 
 17      13      23       2
  5      12       6       7
     19      18      21 
      1      15       4
         10      11 
--8<--
found: sum= 75.0000 var=  0.0000 fitness= 75.0000 age=0
-->8--
         22       3 
      5      23       8
     14       2      19 
 21       9      20       4
  1      12      17      -1
     18      15      16 
      7      10       6
         13      11 
--8<--
found: sum= 78.0000 var=  0.0000 fitness= 78.0000 age=0
-->8--
         22      17 
      9      24       6
      8       5      11 
 18      10      15      12
  3      16      13       7
     23      19      20 
      2       4      21
         14       1 
--8<--
found: sum= 80.0000 var=  0.0000 fitness= 80.0000 age=0
-->8--
         21      17 
     10      23       3
     15       4      13 
 14       7      20       1
  9      16      22      18
     19      11       6 
      8      24      12
          2       5 
--8<--
found: sum= 82.0000 var=  0.0000 fitness= 82.0000 age=0
-->8--
         12      18 
     20      23       7
     10       6      15 
 19      11      13       9
  1      17      21       8
     24      14      16 
      3      22       5
          2       4 
--8<--
found: sum= 70.0000 var=  0.0000 fitness= 70.0000 age=0
-->8--
          5      12 
     16      20       9
      3       4      19 
  8      22       6      11
  1      13      15       2
     23      10      17 
     21      -4      18
          7      14 
--8<--
found: sum= 77.0000 var=  0.0000 fitness= 77.0000 age=0
-->8--
         22       9 
      7      16      21
     15       4      10 
 14      13      17       6
  5      11      12       8
     19      20      24 
     23       1       2
          3      18 
--8<--
found: sum= 64.0000 var=  0.0000 fitness= 64.0000 age=0
-->8--
         11      15 
     21       5      10
      8       7      14 
  9      12      13      -1
  2      17      -3      19
     16      18      22 
      3       6       1
          4      20 
--8<--
found: sum= 72.0000 var=  0.0000 fitness= 72.0000 age=0
-->8--
         17      21 
     13       6       4
      3      14      16 
 18      19      11       8
  1       9      20       2
     22      -1      15 
     12      23       5
          7      10 
--8<--
found: sum= 76.0000 var=  0.0000 fitness= 76.0000 age=0
-->8--
         22       6 
      7       9       2
     11      23      24 
 21       4      12      15
 13      10      19       5
     17       8       1 
     20      18      14
          3      16 
--8<--
found: sum= 76.0000 var=  0.0000 fitness= 76.0000 age=0
-->8--
          8       5 
     13      19      10
     16       9      15 
 20      11      18      22
  1       7      14       4
     21      17       3 
     23       6      12
          2      24 
--8<--
found: sum= 84.0000 var=  0.0000 fitness= 84.0000 age=0
-->8--
          5      13 
     17      21       3
     24      11      20 
 15       6      16       4
  7      18      10      12
     14      23      22 
      8      19       1
          2       9 
--8<--
execution time: real 1.802451s user 0.017997s sys 0.000999s
GA: P=512 K=256 sp=3 xover=2D/1 aging
generation #13: pop m= 78.444 v=1.049 f= 74.715
best: found: sum= 84.0000 var=  0.0000 fitness= 84.0000 age=1
-->8--
          5      13 
     17      21       3
     24      11      20 
 15       6      16       4
  7      18      10      12
     14      23      22 
      8      19       1
          2       9 
--8<--
found: sum= 80.0000 var=  0.0000 fitness= 80.0000 age=6
-->8--
         14       6 
      5      23       9
     10      20      18 
 24       8       4      22
  7      12      21       2
     19      15      13 
     16      17      11
          1       3 
--8<--
found: sum= 80.0000 var=  0.0000 fitness= 80.0000 age=6
-->8--
          6      15 
     22      18       5
     16       8      21 
 17      10      13      20
  7      11      14       9
     19      24       3 
      2      23       4
          1      12 
--8<--
found: sum= 76.0000 var=  0.0000 fitness= 76.0000 age=1
-->8--
          8       5 
     13      19      10
     16       9      15 
 20      11      18      22
  1       7      14       4
     21      17       3 
     23       6      12
          2      24 
--8<--
found: sum= 81.0000 var=  0.0000 fitness= 81.0000 age=5
-->8--
         17      19 
     11      24       5
     16       4      15 
 12       9      14       3
  1      23      21       6
     20      10      22 
     13       8       2
          7      18 
--8<--
found: sum= 80.0000 var=  0.0000 fitness= 80.0000 age=3
-->8--
         21      17 
     10      23       3
     15       4      13 
 14       7      20       1
  9      16      22      18
     19      11       6 
      8      24      12
          2       5 
--8<--
found: sum= 82.0000 var=  0.0000 fitness= 82.0000 age=3
-->8--
         12      18 
     20      23       7
     10       6      15 
 19      11      13       9
  1      17      21       8
     24      14      16 
      3      22       5
          2       4 
--8<--
found: sum= 77.0000 var=  0.0000 fitness= 77.0000 age=7
-->8--
         20       4 
     12       7      16
     10      17      18 
 22      11      15       8
  5       6      19       3
     23       9      14 
      2      13      21
         24       1 
--8<--
found: sum= 78.0000 var=  0.0000 fitness= 78.0000 age=4
-->8--
         22      17 
      9      24       6
      8       5      11 
 18      10      15      12
  3      16      13       7
     23      19      20 
      2       4      21
         14       1 
--8<--
found: sum= 77.0000 var=  0.0000 fitness= 77.0000 age=2
-->8--
         22       9 
      7      16      21
     15       4      10 
 14      13      17       6
  5      11      12       8
     19      20      24 
     23       1       2
          3      18 
--8<--
found: sum= 78.0000 var=  0.0000 fitness= 78.0000 age=6
-->8--
         21      14 
      7      24      11
     12       4      17 
 16      10       8       9
  3      19      15      23
     18      22       6 
      1      13      20
          5       2 
--8<--
found: sum= 78.0000 var=  0.0000 fitness= 78.0000 age=6
-->8--
         19       3 
      2      22      23
     21       1       5 
 14      13      24      18
  4      11       9      12
     15      20      10 
      7      17       6
          8      16 
--8<--
found: sum= 78.0000 var=  0.0000 fitness= 78.0000 age=8
-->8--
          5       2 
     22      24      17
     15       8      11 
 12       4      16       7
  6      23      13      10
     18      14      21 
     19       1       9
          3      20 
--8<--
found: sum= 76.0000 var=  0.0000 fitness= 76.0000 age=1
-->8--
         22       6 
      7       9       2
     11      23      24 
 21       4      12      15
 13      10      19       5
     17       8       1 
     20      18      14
          3      16 
--8<--
