found: sum=  0.0000 var=  0.0000 fitness=  0.0000
-->8--
         22      18 
      9       8      14
     17      13      19 
  6       7       4      12
 21       5      24      16
     20      23       1 
     11      15       3
          2      10 
--8<--
found: sum=  0.0000 var=  0.0000 fitness=  0.0000
-->8--
         21      23 
      5      24      10
     12       3      17 
 16      13       1       6
  2      20      22      18
     15      19      14 
      9       8      11
          7       4 
--8<--
found: sum=  0.0000 var=  0.0000 fitness=  0.0000
-->8--
          6      16 
     23      24       8
     14       5      10 
 13       2      11       7
 18      15      20      17
     12      21       9 
      3       1      19
         22       4 
--8<--
found: sum=  0.0000 var=  0.0000 fitness=  0.0000
-->8--
         24       7 
     23      15      14
      6       4      19 
 13       3      16       8
 12      20      22       1
     21      10       9 
     17       5      11
          2      18 
--8<--
execution time: real 0.094598s user 0.010998s sys 0.001999s
GA: P=50 K=25 sp=3 xover=2D/1
generation #0: pop m= 75.866 v=  0.211 f= 73.808 best_age=0
best: sum= 81.2857 var=  0.2041 fitness= 79.0726
-->8--
         10       9 
     11      15       6
     22       5      24 
  8      18      23       2
  1      12      21       4
     20       3       7 
     16      17      14
         13      19 
--8<--
found: sum= 76.0000 var=  0.0000 fitness= 76.0000
-->8--
         22      18 
      9       8      14
     17      13      19 
  6       7       4      12
 21       5      24      16
     20      23       1 
     11      15       3
          2      10 
--8<--
found: sum= 78.0000 var=  0.0000 fitness= 78.0000
-->8--
         21      23 
      5      24      10
     12       3      17 
 16      13       1       6
  2      20      22      18
     15      19      14 
      9       8      11
          7       4 
--8<--
found: sum= 74.0000 var=  0.0000 fitness= 74.0000
-->8--
          6      16 
     23      24       8
     14       5      10 
 13       2      11       7
 18      15      20      17
     12      21       9 
      3       1      19
         22       4 
--8<--
found: sum= 75.0000 var=  0.0000 fitness= 75.0000
-->8--
         24       7 
     23      15      14
      6       4      19 
 13       3      16       8
 12      20      22       1
     21      10       9 
     17       5      11
          2      18 
--8<--
