execution time: real 0.006097s user 0.000000s sys 0.000999s
GA: P=10 K=7 sp=3 xover_cuts=2
generation #2: pop m= 77.543 v= 75.865 f= 53.120 var0cnt=1 bage=1
best: sum= 82.7143 var=  0.2041 fitness= 80.5012
-->8--
         10       5 
      1      24       3
     23      16      19 
 11       9      15       8
  2      17      22      13
     20       4       6 
     14      21      18
          7      12 
--8<--
found: sum= 79.0000 var=  0.0000 fitness= 79.0000
-->8--
         14       5 
      3      21       1
     20      19      23 
 11       2      10      22
 16      24       9       8
      6      15       7 
     12      18      13
          4      17 
--8<--
