found: sum= 78.0000 var=  0.0000 fitness= 78.0000
-->8--
         10       7 
     23      24      14
     18       2      16 
 19       1      15       9
  3      17      21      13
     20      22       4 
      6       8      12
          5      11 
--8<--
found: sum= 79.0000 var=  0.0000 fitness= 79.0000
-->8--
          2       1 
     15       7      20
      9      24      19 
  4      22       8      18
 11      17       5       6
     16       3      23 
     10      21      13
         12      14 
--8<--
found: sum= 78.0000 var=  0.0000 fitness= 78.0000
-->8--
          5       6 
      4       9      23
     19      24      14 
 13      17       2       7
  8      11      21      18
     10       3      16 
     20      22      15
         12       1 
--8<--
found: sum= 77.0000 var=  0.0000 fitness= 77.0000
-->8--
          3       8 
     16      12       9
      1      24      10 
 13      21      14      17
 15       7       6      11
     20       5      19 
     18      23       2
          4      22 
--8<--
found: sum= 82.0000 var=  0.0000 fitness= 82.0000
-->8--
          9      14 
     19      13      17
     24       2      20 
  3      15      16      12
 11       8      23       1
     21      18      10 
      7      22       4
          6       5 
--8<--
execution time: real 0.037181s user 0.008998s sys 0.001999s
GA: P=50 K=10 sp=2 xover=2D/1 optrpl=2 optskip=10 optmax=1.005952
generation #33: pop m= 77.403 v= 50.681 f= 55.303 best_age=1
best: found: sum= 82.0000 var=  0.0000 fitness= 82.0000
-->8--
          9      14 
     19      13      17
     24       2      20 
  3      15      16      12
 11       8      23       1
     21      18      10 
      7      22       4
          6       5 
--8<--
found: sum= 78.0000 var=  0.0000 fitness= 78.0000
-->8--
         10       7 
     23      24      14
     18       2      16 
 19       1      15       9
  3      17      21      13
     20      22       4 
      6       8      12
          5      11 
--8<--
found: sum= 77.0000 var=  0.0000 fitness= 77.0000
-->8--
          3       8 
     16      12       9
      1      24      10 
 13      21      14      17
 15       7       6      11
     20       5      19 
     18      23       2
          4      22 
--8<--
