found: sum= 73.0000 var=  0.0000 fitness= 73.0000
-->8--
         20       8 
     17      22       7
      1       9      13 
 15       4      14       5
 18      19      24       6
     16       3      11 
     12       2      10
         21      23 
--8<--
found: sum= 76.0000 var=  0.0000 fitness= 76.0000
-->8--
         14       9 
     15      10      16
      6       8      11 
 20      23      22       5
  2       1      19       7
     24       3      12 
     18      17       4
         13      21 
--8<--
found: sum= 72.0000 var=  0.0000 fitness= 72.0000
-->8--
         15      19 
     16       2      23
      1      20       5 
  7      18       3      22
 13       9      10      21
     24      12      11 
      6      17      14
          4       8 
--8<--
found: sum= 75.0000 var=  0.0000 fitness= 75.0000
-->8--
          6      22 
     11      17      14
     15       2       7 
 10      24      13       9
  3       4      12      18
     19      20      16 
      8       1       5
         23      21 
--8<--
found: sum= 76.0000 var=  0.0000 fitness= 76.0000
-->8--
          4      17 
      2      22      14
     21       3      11 
 10      24       9      12
  7       6      15      16
      8      19      13 
     20       5       1
         18      23 
--8<--
found: sum= 83.0000 var=  0.0000 fitness= 83.0000
-->8--
          5       4 
      8      18      10
     24      11      21 
  6      17      19      12
 13       1      15       9
     22      20       7 
      3      23       2
         14      16 
--8<--
execution time: real 0.022449s user 0.006998s sys 0.000000s
GA: P=50 K=10 sp=2 xover=2D/1 optrpl=2 optskip=10 optmax=1.142857
generation #15: pop m= 77.960 v= 52.546 f= 53.721 best_age=1
best: found: sum= 83.0000 var=  0.0000 fitness= 83.0000
-->8--
          5       4 
      8      18      10
     24      11      21 
  6      17      19      12
 13       1      15       9
     22      20       7 
      3      23       2
         14      16 
--8<--
