sum= 73.7143 var=  0.2041 fitness= 71.5012
-->8--
         22       2 
     21      23      12
      1      18       5 
 14      11       6      20
 16       3      24      17
     10      19      13 
     15       7       9
          4       8 
--8<--
execution time: real 0.002229s user 0.000000s sys 0.001999s
GA: P=20 K=10 sp=3 xover_cuts=2
generation #1: pop m= 76.550 v=197.227 f= 24.534 best_age=1
best: sum= 82.1429 var=  0.1224 fitness= 80.4286
-->8--
         20       4 
     12       8       3
      2      21       5 
  7      24       9      18
 19      11      15      17
     14      22      13 
      6      23      16
         10       1 
--8<--
found: sum= 76.0000 var=  0.0000 fitness= 76.0000
-->8--
         22       2 
     21      23      12
      1      18       5 
 14      11       6      20
 16       3      24      17
     10      19      13 
     15       7       9
          4       8 
--8<--
