execution time: real 0.002150s user 0.001999s sys 0.000999s
GA: P=10 K=7 sp=3 xover_cuts=2
generation #1: pop v=82.783673 f=50.644017
best: sum=79.714286 var=0.204082 fitness=77.501152 age=1

         12       5 
      8      24      10
     13      21       4 
 22       2      16      23
 14       9      17       1
     20      15      19 
     11      18       7
          6       3 

found: sum=77.000000 var=0.000000 fitness=77.000000

         20      10 
     16      17      11
      9      12      14 
 15       3      13       1
  8      23      24      21
     19       2       4 
      6      22       7
          5      18 

