found: sum= 75.0000 var=  0.0000 fitness= 75.0000
-->8--
         22      17 
      5       4      16
     24      11      13 
 21       9      14       3
  1       2      20      15
     18      19      10 
      7       6      12
         23       8 
--8<--
found: sum= 75.0000 var=  0.0000 fitness= 75.0000
-->8--
         16       5 
     23      24      13
      8       1      21 
 15       3      11      17
 19      18      20       2
     12      22       4 
     10       6       9
          7      14 
--8<--
found: sum= 79.0000 var=  0.0000 fitness= 79.0000
-->8--
         13       1 
      8      21       7
     15       4      24 
 19      18      22      14
 11      10       2       5
      6      23      12 
     20      17       9
          3      16 
--8<--
found: sum= 73.0000 var=  0.0000 fitness= 73.0000
-->8--
          7       1 
     22      12      19
      9       8      17 
  4      15      16       5
 20      11       2      23
     14      21      10 
     18       3      24
          6      13 
--8<--
found: sum= 76.0000 var=  0.0000 fitness= 76.0000
-->8--
          2       4 
      1      16       7
     12      21      19 
  5      24       9      23
 22       3       6      11
     10      13       8 
     17      15      14
         18      20 
--8<--
found: sum= 78.0000 var=  0.0000 fitness= 78.0000
-->8--
         21       9 
      6      24      18
     16       7       3 
  2       4      17      20
 19      23      15       1
     14      12      22 
     13      11      10
          5       8 
--8<--
found: sum= 71.0000 var=  0.0000 fitness= 71.0000
-->8--
         21      13 
      4       9      12
      1      22       8 
 18      14       7      23
 19      17       6      16
      2       5      11 
      3      24      15
         20      10 
--8<--
found: sum= 75.0000 var=  0.0000 fitness= 75.0000
-->8--
          6       9 
     19       8      20
      4      14      21 
 22      24       3      11
  7       1      23       5
     17      10      12 
     18      13       2
         16      15 
--8<--
found: sum= 78.0000 var=  0.0000 fitness= 78.0000
-->8--
         23      10 
     21      14      12
     13       1      19 
  2       6      22       7
 15      24       5       8
     18      20      17 
      4       9      16
          3      11 
--8<--
found: sum= 78.0000 var=  0.0000 fitness= 78.0000
-->8--
         22       1 
     11      21      16
      2      18       9 
 17       4      13      10
  8      24      12      14
     23       7      20 
      6      15       5
          3      19 
--8<--
found: sum= 75.0000 var=  0.0000 fitness= 75.0000
-->8--
         13       1 
     23       5      10
      9      22      21 
 18       3      16      17
  7      24       2       4
     14       8      15 
      6      11      19
         12      20 
--8<--
found: sum= 78.0000 var=  0.0000 fitness= 78.0000
-->8--
          9      12 
      3      19       8
     24      22      11 
 15       1       6      20
 10      21      23       2
      7       5      16 
     18      13      17
         14       4 
--8<--
found: sum= 79.0000 var=  0.0000 fitness= 79.0000
-->8--
         12       9 
      3      19      18
     11      10       7 
  1      24      16      14
  6      22       2      17
     15       5      23 
     13      20       8
          4      21 
--8<--
found: sum= 72.0000 var=  0.0000 fitness= 72.0000
-->8--
         21      11 
     22       1      13
      9      15      14 
 20       4      18      17
  7      24       5       2
      8       6      16 
     19      12      23
          3      10 
--8<--
found: sum= 77.0000 var=  0.0000 fitness= 77.0000
-->8--
          3       2 
      4      13       5
     12      24      19 
  9      21      14      16
  8      10       7      15
     17       1       6 
     20      18      22
         11      23 
--8<--
found: sum= 80.0000 var=  0.0000 fitness= 80.0000
-->8--
          9      11 
      5      17       1
     13      21      18 
  2      15      12      14
 19       8       4      10
     23      20      22 
     16       7       3
          6      24 
--8<--
found: sum= 79.0000 var=  0.0000 fitness= 79.0000
-->8--
         16       6 
      2      22       3
     11      21      17 
 18       7      10       5
 15       4      14      20
     24      23      13 
      1       8      12
         19       9 
--8<--
found: sum= 76.0000 var=  0.0000 fitness= 76.0000
-->8--
         15       5 
      6      19      18
     13       1      16 
 12      22      17      10
 24       2      11      14
      3      23       8 
     20      21       9
          7       4 
--8<--
found: sum= 80.0000 var=  0.0000 fitness= 80.0000
-->8--
          7       2 
      4      23      14
     21       1      18 
  8      24      22      10
 16       5      15       3
      6      13      12 
     17      20      11
         19       9 
--8<--
found: sum= 80.0000 var=  0.0000 fitness= 80.0000
-->8--
          6      18 
      5      13       1
     10      22      17 
  8      24       9       7
 15       2      12      16
     21      11      19 
      3      20      14
         23       4 
--8<--
found: sum= 80.0000 var=  0.0000 fitness= 80.0000
-->8--
          6      15 
     19       2      11
     21      12      24 
 10      20      16       1
  7       4      23       3
     18       5      13 
     17      22       9
         14       8 
--8<--
found: sum= 74.0000 var=  0.0000 fitness= 74.0000
-->8--
          5      14 
      3      20      15
     18       4      11 
  6      24      10      21
 13       1      16       9
     12      19       7 
     17       2      22
         23       8 
--8<--
found: sum= 80.0000 var=  0.0000 fitness= 80.0000
-->8--
          5      12 
      2      20       7
     17      22      10 
 19      14       9       8
  3      16       6      23
     11      13      24 
     21      18      15
          1       4 
--8<--
found: sum= 81.0000 var=  0.0000 fitness= 81.0000
-->8--
         14      13 
      3      21      12
     22       2      18 
 11      19      15      10
  8      17       5       9
      4      23      24 
     20      16       6
          1       7 
--8<--
found: sum= 79.0000 var=  0.0000 fitness= 79.0000
-->8--
          4      11 
     10       6      16
     14      24      15 
 20      21       7       9
  3       2      13      17
     19      12      18 
     22      23       5
          1       8 
--8<--
found: sum= 76.0000 var=  0.0000 fitness= 76.0000
-->8--
          5      14 
      7       6      11
     21      20      13 
 10      17      12       8
  9       3       2      18
     16      22      23 
     15       1      24
         19       4 
--8<--
found: sum= 77.0000 var=  0.0000 fitness= 77.0000
-->8--
         13       9 
     17      15      11
     23       2      24 
 22       7      16       8
 10      14      20       6
      1      18       3 
     21      19       5
          4      12 
--8<--
found: sum= 76.0000 var=  0.0000 fitness= 76.0000
-->8--
          7      24 
     20      10       9
     14      13       2 
  6      12      18       1
 17       4      21      19
     23       8      15 
      3      16       5
         22      11 
--8<--
found: sum= 74.0000 var=  0.0000 fitness= 74.0000
-->8--
         13      14 
     17      23      21
     10       8       2 
 16       3       6      24
  5      18      19      11
     22      20      12 
      4       1      15
          9       7 
--8<--
found: sum= 81.0000 var=  0.0000 fitness= 81.0000
-->8--
         16      10 
     15      13       6
     22      11      24 
 12       4      17       9
 18       5      23       1
     20      21       7 
      2      19       8
         14       3 
--8<--
found: sum= 75.0000 var=  0.0000 fitness= 75.0000
-->8--
         17      20 
      4       3       2
     24      11      21 
  7      16      18      15
 13       6       1      12
      9      23       8 
     22      10      14
          5      19 
--8<--
found: sum= 76.0000 var=  0.0000 fitness= 76.0000
-->8--
          3      15 
     11      22       2
      6      20       4 
 18      14      13      21
 17      12      10       5
      9       7      23 
      8      16       1
         24      19 
--8<--
found: sum= 79.0000 var=  0.0000 fitness= 79.0000
-->8--
         18      14 
      8      22      10
     19       7       6 
  4       5      20      16
 15      24      21       3
     12       2      13 
     17      23      11
          1       9 
--8<--
found: sum= 81.0000 var=  0.0000 fitness= 81.0000
-->8--
         17       3 
      7      19      12
     21       2      23 
  6      15      22       5
 13      18      20       1
      8       4      10 
     16      24      14
         11       9 
--8<--
found: sum= 76.0000 var=  0.0000 fitness= 76.0000
-->8--
          1      12 
      4      19       2
     13      24      10 
  8      15       9      11
  6      16       7      22
     18       5      17 
     20       3      21
         14      23 
--8<--
found: sum= 71.0000 var=  0.0000 fitness= 71.0000
-->8--
         17      12 
      8      10      18
     13       1      14 
 11      22      16      23
 19       2       6       3
      4      24       9 
     21       5      20
         15       7 
--8<--
found: sum= 77.0000 var=  0.0000 fitness= 77.0000
-->8--
          6      13 
     11      18       3
     21       4      19 
 16      17      20      15
  5      10       2      14
      8      24       7 
      1      12      23
         22       9 
--8<--
found: sum= 72.0000 var=  0.0000 fitness= 72.0000
-->8--
         20      13 
     21       4       2
      1      23      19 
 17       3      11       7
 22      14       5      18
     15      16      12 
     10       9      24
          8       6 
--8<--
found: sum= 77.0000 var=  0.0000 fitness= 77.0000
-->8--
         19       8 
      2      15       1
     16      12      21 
  9      13      20       7
 23      10       4      22
      6      18       3 
      5      24      17
         14      11 
--8<--
found: sum= 78.0000 var=  0.0000 fitness= 78.0000
-->8--
          6       1 
     15      24       4
      7      23       8 
 22       3      18      13
 20       5      12      16
     21      17      11 
     14      19      10
          2       9 
--8<--
found: sum= 76.0000 var=  0.0000 fitness= 76.0000
-->8--
         24      17 
      1      10       8
     21       2      20 
 16      18      19      13
  4      11       3       7
      6      23      14 
      5       9      15
         22      12 
--8<--
found: sum= 78.0000 var=  0.0000 fitness= 78.0000
-->8--
          4       9 
      7      21       6
      8      16      15 
 17      22      11      13
  2      10       1      14
     19      18      24 
      5       3      12
         23      20 
--8<--
found: sum= 75.0000 var=  0.0000 fitness= 75.0000
-->8--
         12       4 
      5      19       6
     18      13      16 
 21       8      17      15
 14       3      24       1
     11      10       2 
     22       9      23
         20       7 
--8<--
found: sum= 83.0000 var=  0.0000 fitness= 83.0000
-->8--
         15       1 
      8      23       4
     18      16      20 
  2       3      19       5
 14      24      12       6
     22       9      21 
     10      11      17
          7      13 
--8<--
execution time: real 0.147021s user 0.007998s sys 0.000000s
GA: P=50 K=10 sp=2 xover=2D/1 optrpl=2 optskip=10 optmax=1.142857
generation #180: pop m= 78.269 v= 55.761 f= 52.124 best_age=1
best: found: sum= 83.0000 var=  0.0000 fitness= 83.0000
-->8--
         15       1 
      8      23       4
     18      16      20 
  2       3      19       5
 14      24      12       6
     22       9      21 
     10      11      17
          7      13 
--8<--
found: sum= 80.0000 var=  0.0000 fitness= 80.0000
-->8--
          6      18 
      5      13       1
     10      22      17 
  8      24       9       7
 15       2      12      16
     21      11      19 
      3      20      14
         23       4 
--8<--
