found: sum= 75.0000 var=  0.0000 fitness= 75.0000
-->8--
         10      20 
      1       2       7
     16      22      11 
 17      24      13      15
  4       8       3      12
      6       5      21 
     23      19       9
         14      18 
--8<--
found: sum= 77.0000 var=  0.0000 fitness= 77.0000
-->8--
         10      22 
     18      23       9
     11       7      13 
 12       8       3       1
 15      14      21      20
     17      24      19 
      4       2       5
         16       6 
--8<--
found: sum= 78.0000 var=  0.0000 fitness= 78.0000
-->8--
          6       4 
      8      23      15
     21       1      22 
  3      19      13       5
  9      14      20      16
     12      11       2 
      7      10      17
         24      18 
--8<--
found: sum= 71.0000 var=  0.0000 fitness= 71.0000
-->8--
         15      23 
     20       4      12
      2       8      21 
 11      22       3      17
 18       5      14      10
     13      19       6 
      1       9      16
         24       7 
--8<--
found: sum= 77.0000 var=  0.0000 fitness= 77.0000
-->8--
         22      10 
     20      16      13
     15       1      23 
 12       3      14       9
 11      17      18       8
     19      24       5 
      4       7       2
          6      21 
--8<--
found: sum= 71.0000 var=  0.0000 fitness= 71.0000
-->8--
         21       4 
     20      10      17
      5       3      18 
 24      12      19       7
  6      22       1      15
      2      14      11 
     16       9      23
          8      13 
--8<--
found: sum= 75.0000 var=  0.0000 fitness= 75.0000
-->8--
          4       8 
      9      15       2
     14      17      21 
 13      16      12      10
 11      20       7       6
      1       3      19 
     22       5      18
         24      23 
--8<--
found: sum= 77.0000 var=  0.0000 fitness= 77.0000
-->8--
          8      16 
     22      23       9
     13       1       4 
 20      10      24       3
  5      14      21       6
     15       7      19 
     12      11       2
         18      17 
--8<--
found: sum= 79.0000 var=  0.0000 fitness= 79.0000
-->8--
         17      10 
     16      22      21
     18       2      13 
  7       4      11       1
 12      24      15      20
     14      23      19 
      3       9       8
          6       5 
--8<--
found: sum= 73.0000 var=  0.0000 fitness= 73.0000
-->8--
         20      22 
     17      23      11
      8       1       3 
 14       4      13       2
 18      24      15      21
      5      16      19 
      9       7      10
         12       6 
--8<--
found: sum= 73.0000 var=  0.0000 fitness= 73.0000
-->8--
         17       6 
     18      24      21
      8       1      11 
 15       5      10       9
 20      12      22      19
     13      23       2 
     14       7       3
          4      16 
--8<--
found: sum= 81.0000 var=  0.0000 fitness= 81.0000
-->8--
          9      13 
      6      23      12
     24       1      17 
 11      18      15      16
 10       4      21       5
     14      22       7 
     19      20       3
          2       8 
--8<--
found: sum= 80.0000 var=  0.0000 fitness= 80.0000
-->8--
          6       3 
     18      23      14
     11       1      19 
  9      21      20      17
  5      24       2       7
     10      12      15 
      4      22      13
          8      16 
--8<--
execution time: real 0.038751s user 0.007998s sys 0.000999s
GA: P=50 K=10 sp=2 xover=2D/1 optrpl=2 optskip=10 optmax=1.142857
generation #33: pop m= 78.143 v= 48.183 f= 54.346 best_age=1
best: found: sum= 81.0000 var=  0.0000 fitness= 81.0000
-->8--
          9      13 
      6      23      12
     24       1      17 
 11      18      15      16
 10       4      21       5
     14      22       7 
     19      20       3
          2       8 
--8<--
found: sum= 80.0000 var=  0.0000 fitness= 80.0000
-->8--
          6       3 
     18      23      14
     11       1      19 
  9      21      20      17
  5      24       2       7
     10      12      15 
      4      22      13
          8      16 
--8<--
found: sum= 73.0000 var=  0.0000 fitness= 73.0000
-->8--
         17       6 
     18      24      21
      8       1      11 
 15       5      10       9
 20      12      22      19
     13      23       2 
     14       7       3
          4      16 
--8<--
found: sum= 78.0000 var=  0.0000 fitness= 78.0000
-->8--
          6       4 
      8      23      15
     21       1      22 
  3      19      13       5
  9      14      20      16
     12      11       2 
      7      10      17
         24      18 
--8<--
found: sum= 79.0000 var=  0.0000 fitness= 79.0000
-->8--
         17      10 
     16      22      21
     18       2      13 
  7       4      11       1
 12      24      15      20
     14      23      19 
      3       9       8
          6       5 
--8<--
