found: sum= 79.0000 var=  0.0000 fitness= 79.0000
-->8--
         13       9 
     23       5      11
     12      19      15 
  4       7      20      14
 16      22       8       1
     18       3      21 
     10      24       6
          2      17 
--8<--
found: sum= 76.0000 var=  0.0000 fitness= 76.0000
-->8--
          4       8 
     12      22       1
     16      19      17 
 13       3       9       2
 20      10      24      18
     14      11       6 
     21       5       7
         15      23 
--8<--
found: sum= 76.0000 var=  0.0000 fitness= 76.0000
-->8--
         23      18 
     24      15       5
      6       7      19 
 20       1      12       2
 10      22      13      16
     17      21      14 
      4       9       8
          3      11 
--8<--
found: sum= 75.0000 var=  0.0000 fitness= 75.0000
-->8--
         21      22 
     16      24       8
      1       4       6 
 13       9      11      14
 17      12      19       7
     23      20      18 
      2       3      10
         15       5 
--8<--
found: sum= 77.0000 var=  0.0000 fitness= 77.0000
-->8--
         21      18 
      9       1      19
     20       2      23 
  7      24      14       6
  3      12      10      16
     11      15       8 
     13      22       5
          4      17 
--8<--
found: sum= 75.0000 var=  0.0000 fitness= 75.0000
-->8--
         23      13 
     21       6      16
     10       4      17 
  5      11      19      14
 22      12      20       2
     15       9       3 
      8      24      18
          7       1 
--8<--
found: sum= 76.0000 var=  0.0000 fitness= 76.0000
-->8--
         16      18 
      3      22      19
     21       1       7 
 17      13       9      10
  5       6      23      15
     14      24      12 
      8       4       2
         20      11 
--8<--
found: sum= 76.0000 var=  0.0000 fitness= 76.0000
-->8--
         20       3 
      4      16      23
     22       6      18 
 19       8      10      14
  5      21       7      15
      1      24      12 
     17      11      13
          2       9 
--8<--
found: sum= 78.0000 var=  0.0000 fitness= 78.0000
-->8--
         10      18 
      3      23      21
     14       8       2 
  4      20       6       9
  7      16      15      24
     17      13      22 
      1      12       5
         19      11 
--8<--
found: sum= 76.0000 var=  0.0000 fitness= 76.0000
-->8--
          9      10 
      8      17      18
     12      24       3 
 16       6       4       5
  7      21      19      22
     14       2      23 
     13      11       1
         15      20 
--8<--
found: sum= 81.0000 var=  0.0000 fitness= 81.0000
-->8--
          7       3 
      5      23       6
     11      17      19 
  4      18      13      10
 12      15      16      14
     21       2       9 
     20      22      24
          1       8 
--8<--
found: sum= 81.0000 var=  0.0000 fitness= 81.0000
-->8--
         20       1 
     12       4      23
     18      10      24 
  9      17      19       6
  8      13       7       3
     16      15      22 
     14      21       5
          2      11 
--8<--
found: sum= 72.0000 var=  0.0000 fitness= 72.0000
-->8--
         17      22 
     21      11      15
     10       6       4 
 16       7      14       2
  8      13      23      24
     18       9       5 
      1      12       3
         19      20 
--8<--
found: sum= 76.0000 var=  0.0000 fitness= 76.0000
-->8--
          1       4 
     15      17      19
      2      23       5 
 11      18       8      20
 10      14       6      24
     21       7      13 
      9      22      12
          3      16 
--8<--
found: sum= 77.0000 var=  0.0000 fitness= 77.0000
-->8--
          4      13 
      2      21      10
     19      16       9 
  5      15       8      22
 11      20       1      14
      7      17      23 
     24       6      18
          3      12 
--8<--
found: sum= 82.0000 var=  0.0000 fitness= 82.0000
-->8--
          5      16 
      7      19      10
     20      14      22 
  4      17       1      23
  6      11      21       2
     24      18      13 
      8      12       3
          9      15 
--8<--
execution time: real 0.055928s user 0.009998s sys 0.000999s
GA: P=50 K=10 sp=2 xover=2D/1 optrpl=2 optskip=10 optmax=1.142857
generation #52: pop m= 77.951 v= 45.838 f= 55.848 best_age=1
best: found: sum= 82.0000 var=  0.0000 fitness= 82.0000
-->8--
          5      16 
      7      19      10
     20      14      22 
  4      17       1      23
  6      11      21       2
     24      18      13 
      8      12       3
          9      15 
--8<--
found: sum= 79.0000 var=  0.0000 fitness= 79.0000
-->8--
         13       9 
     23       5      11
     12      19      15 
  4       7      20      14
 16      22       8       1
     18       3      21 
     10      24       6
          2      17 
--8<--
