found: sum= 77.0000 var=  0.0000 fitness= 77.0000
-->8--
          6       5 
     18      22      13
     10      20       3 
 21       1      14      16
 19       2      17      12
     24      23      15 
      8      11       7
          9       4 
--8<--
found: sum= 83.0000 var=  0.0000 fitness= 83.0000
-->8--
         13       7 
      4      24      11
     21      16      19 
 14       5       6      20
  8      18      23       3
     17      15      12 
      1      22       2
         10       9 
--8<--
execution time: real 0.815273s user 0.017997s sys 0.039993s
GA: P=50 K=10 sp=2 xover=2D/1 optrpl=2 optskip=10 optmax=1.142857
generation #3508: pop m= 79.206 v=110.675 f= 34.539 best_age=1
best: found: sum= 83.0000 var=  0.0000 fitness= 83.0000
-->8--
         13       7 
      4      24      11
     21      16      19 
 14       5       6      20
  8      18      23       3
     17      15      12 
      1      22       2
         10       9 
--8<--
