found: sum= 77.0000 var=  0.0000 fitness= 77.0000
-->8--
         12      17 
      4       6       9
     16      20      23 
 11      19       2      22
  5       8      15      14
     18      13       1 
      7      21       3
         10      24 
--8<--
found: sum= 78.0000 var=  0.0000 fitness= 78.0000
-->8--
         24      13 
      2      15      14
     12      21       8 
  6       4       7       9
 18      22      23      11
     16       1      20 
     17      19       5
          3      10 
--8<--
found: sum= 79.0000 var=  0.0000 fitness= 79.0000
-->8--
         15       5 
     21      14      13
      9      19      18 
  8       1      10       6
 17      24      22      12
     20       3      11 
      7      23       4
          2      16 
--8<--
found: sum= 80.0000 var=  0.0000 fitness= 80.0000
-->8--
          6       7 
      5      15      10
     24       9      23 
  1      21      16      13
  2      12       3      11
     20      19      14 
      8       4      22
         17      18 
--8<--
execution time: real 0.014577s user 0.006998s sys 0.000000s
GA: P=50 K=10 sp=2 xover=2D/1 optrpl=2 optskip=10 optmax=1.142857
generation #6: pop m= 76.426 v= 49.379 f= 54.669 best_age=1
best: found: sum= 80.0000 var=  0.0000 fitness= 80.0000
-->8--
          6       7 
      5      15      10
     24       9      23 
  1      21      16      13
  2      12       3      11
     20      19      14 
      8       4      22
         17      18 
--8<--
found: sum= 79.0000 var=  0.0000 fitness= 79.0000
-->8--
         15       5 
     21      14      13
      9      19      18 
  8       1      10       6
 17      24      22      12
     20       3      11 
      7      23       4
          2      16 
--8<--
found: sum= 78.0000 var=  0.0000 fitness= 78.0000
-->8--
         24      13 
      2      15      14
     12      21       8 
  6       4       7       9
 18      22      23      11
     16       1      20 
     17      19       5
          3      10 
--8<--
found: sum= 77.0000 var=  0.0000 fitness= 77.0000
-->8--
         12      17 
      4       6       9
     16      20      23 
 11      19       2      22
  5       8      15      14
     18      13       1 
      7      21       3
         10      24 
--8<--
