found: sum= 77.0000 var=  0.0000 fitness= 77.0000
-->8--
          3      17 
     20       1      14
     23       6      18 
  5      24      21      10
  7       2       9      11
     16      15       8 
     13      19       4
         12      22 
--8<--
found: sum= 78.0000 var=  0.0000 fitness= 78.0000
-->8--
          2      11 
     22       6      13
     24       4      23 
 10      20      21       3
  7       1      14       5
     16      18      12 
     15       9       8
         19      17 
--8<--
found: sum= 75.0000 var=  0.0000 fitness= 75.0000
-->8--
         19      15 
     20       2      16
     21       1      24 
 11      12      17       4
 10      13       9       7
      8      23      14 
      3       6       5
         22      18 
--8<--
found: sum= 80.0000 var=  0.0000 fitness= 80.0000
-->8--
         17      12 
     13      24      18
     14       5       2 
  1       7      19       4
 16      20      21      11
     22       8      23 
      9      15      10
          6       3 
--8<--
found: sum= 72.0000 var=  0.0000 fitness= 72.0000
-->8--
         16      11 
     17       4      22
      5      10      24 
  9      20       1       3
 15      21      14      23
      2       6       7 
     13      18      19
         12       8 
--8<--
found: sum= 72.0000 var=  0.0000 fitness= 72.0000
-->8--
         11      13 
     22       3      21
      4      24       6 
 20       8       5      16
  2      15      19       9
     23       1      17 
     12       7      10
         14      18 
--8<--
found: sum= 78.0000 var=  0.0000 fitness= 78.0000
-->8--
          6      18 
      3       4      17
     23      20      11 
  7      22       8       2
  9       1      14      19
     16      13      24 
     21      12       5
         15      10 
--8<--
found: sum= 72.0000 var=  0.0000 fitness= 72.0000
-->8--
          7       1 
     14      10      22
      5      20       6 
  2      16      13       9
 17       8      11      21
     24       4      12 
     18       3      19
         15      23 
--8<--
found: sum= 78.0000 var=  0.0000 fitness= 78.0000
-->8--
         10       9 
     17      24      18
     19       7      15 
 12       1       5       8
 21      22      23      11
      3      20      16 
      6      13       4
         14       2 
--8<--
found: sum= 78.0000 var=  0.0000 fitness= 78.0000
-->8--
         14      15 
     19       3      18
     21      12      24 
  5       9       6       4
 10      16      13       8
     17      22      23 
      1       2      11
         20       7 
--8<--
found: sum= 80.0000 var=  0.0000 fitness= 80.0000
-->8--
          8       4 
     15      18      21
     17      19       5 
  6       3      13       9
 12      20      23      16
     22       2      14 
      1      24      10
         11       7 
--8<--
found: sum= 76.0000 var=  0.0000 fitness= 76.0000
-->8--
         15      20 
      6       8       1
     17       7      22 
 16      23      18      13
  5      12       2      10
      3      14      11 
     24      19       9
          4      21 
--8<--
found: sum= 74.0000 var=  0.0000 fitness= 74.0000
-->8--
          2      21 
     22       4      14
     17      23       1 
 13       6      11      15
 20      10      19      12
      8       5      16 
      9      24       3
         18       7 
--8<--
found: sum= 74.0000 var=  0.0000 fitness= 74.0000
-->8--
          9      11 
     18      23      12
     17       6       7 
 19       1      15      14
 13       8      24      10
     16      20       4 
      5       3      21
         22       2 
--8<--
found: sum= 79.0000 var=  0.0000 fitness= 79.0000
-->8--
         17       9 
      6      20      19
      7      18      10 
 12      11       3      15
 14      22      23       4
     13       2      24 
     16      21       1
          5       8 
--8<--
found: sum= 76.0000 var=  0.0000 fitness= 76.0000
-->8--
          2      24 
     14      15      23
     18       6       3 
  7      21       5      16
  1      12      22      11
     17      10      19 
     20       8      13
          9       4 
--8<--
found: sum= 76.0000 var=  0.0000 fitness= 76.0000
-->8--
         22      23 
      4      24       2
     17       8       5 
 10       1      14      19
 12      15      20      11
     21      18       7 
      3       6      16
         13       9 
--8<--
found: sum= 81.0000 var=  0.0000 fitness= 81.0000
-->8--
         13       1 
     12      24      16
     19      11      22 
  9       2       7       6
 10      21      23       8
     20      17      15 
     14       5      18
          4       3 
--8<--
found: sum= 77.0000 var=  0.0000 fitness= 77.0000
-->8--
         20       9 
     23      22      12
      7       2      15 
 13       3      17       6
 14      21      10      11
     19      24      18 
      1       4      16
          8       5 
--8<--
found: sum= 70.0000 var=  0.0000 fitness= 70.0000
-->8--
         21      20 
     23       4      18
     11       5       1 
  7       6      22       2
 19      10      24      13
     17       3       8 
     15       9      12
         16      14 
--8<--
found: sum= 84.0000 var=  0.0000 fitness= 84.0000
-->8--
          6       9 
      7      24      16
     20      10      23 
  5      17       2       4
 14      15      21      12
     13      19      22 
      8      18       1
         11       3 
--8<--
execution time: real 0.069634s user 0.007998s sys 0.000999s
GA: P=50 K=10 sp=2 xover=2D/1 optrpl=2 optskip=10 optmax=1.142857
generation #76: pop m= 78.309 v= 61.421 f= 48.066 best_age=1
best: found: sum= 84.0000 var=  0.0000 fitness= 84.0000
-->8--
          6       9 
      7      24      16
     20      10      23 
  5      17       2       4
 14      15      21      12
     13      19      22 
      8      18       1
         11       3 
--8<--
found: sum= 75.0000 var=  0.0000 fitness= 75.0000
-->8--
         19      15 
     20       2      16
     21       1      24 
 11      12      17       4
 10      13       9       7
      8      23      14 
      3       6       5
         22      18 
--8<--
