found: sum= 67.0000 var=  0.0000 fitness= 67.0000 age=0
-->8--
         14      20 
     19      16      -1
      7       8      13 
 17       3      11      10
  4      15      12      -1
     21      18      22 
      6       5       1
          2       9 
--8<--
found: sum= 69.0000 var=  0.0000 fitness= 69.0000 age=0
-->8--
         21       6 
      5      -1      22
     23      14       9 
 17       7      19       3
  2      12      13      10
      8       4      15 
     11      16      20
         18       1 
--8<--
found: sum= 76.0000 var=  0.0000 fitness= 76.0000 age=0
-->8--
         24      11 
     14       9      21
     20       4      18 
 16       5      13      17
  2      23      19       8
     10      12       1 
      3      22       7
          6      15 
--8<--
found: sum= 77.0000 var=  0.0000 fitness= 77.0000 age=0
-->8--
          6      11 
     20      23      16
     10       1      24 
 18      17       2      19
  5      14      21       3
     13      22       8 
      9       7       4
         12      15 
--8<--
found: sum= 71.0000 var=  0.0000 fitness= 71.0000 age=0
-->8--
         22      13 
     16       4      15
     12       3      17 
 21      14      19      11
  8       7       5       1
      9      23      18 
     10      20      -1
          2       6 
--8<--
found: sum= 80.0000 var=  0.0000 fitness= 80.0000 age=0
-->8--
         22       2 
      5      15      14
     21       6      24 
  7      11      19       3
  1      17      18      12
     23       9       4 
     10      13      16
          8      20 
--8<--
found: sum= 78.0000 var=  0.0000 fitness= 78.0000 age=0
-->8--
         20      19 
     13      14       8
      9       6      24 
 22      16       7       1
  2      11      15      10
     18      23      21 
     17       4       3
          5      12 
--8<--
found: sum= 76.0000 var=  0.0000 fitness= 76.0000 age=0
-->8--
         21      24 
     17       9       5
      7      12      18 
 14      10       8       2
  3      23      22      15
     19       1      11 
      4      16       6
         13      20 
--8<--
found: sum= 79.0000 var=  0.0000 fitness= 79.0000 age=0
-->8--
         21       6 
      7      20      24
     14       1      11 
 10      16      17       4
  2      18      15      23
     19      12       9 
      5      22       8
          3      13 
--8<--
found: sum= 78.0000 var=  0.0000 fitness= 78.0000 age=0
-->8--
          7      16 
     24      20       3
      6      10      15 
 22      11      14       1
  4      17      21      19
     18       5       8 
     13      23       9
          2      12 
--8<--
found: sum= 79.0000 var=  0.0000 fitness= 79.0000 age=0
-->8--
         17       3 
      1      12      13
     21      22      19 
 16       6      10      20
  5       8      15       4
     23      18      11 
     14       9       2
          7      24 
--8<--
found: sum= 77.0000 var=  0.0000 fitness= 77.0000 age=0
-->8--
         15      16 
     22      18      13
      7       6      21 
  8       9       3      14
 10      19      23      12
     24      17       4 
      5      11       2
          1      20 
--8<--
found: sum= 75.0000 var=  0.0000 fitness= 75.0000 age=0
-->8--
         17      16 
     12      22       2
     13       7      10 
 23       4      18       6
  5      11      14      24
     19      21       3 
     15       8       9
          1      20 
--8<--
found: sum= 74.0000 var=  0.0000 fitness= 74.0000 age=0
-->8--
         18      23 
     11      10       2
      8      20      13 
 17       7       6      24
  9      14      12       3
     19      15      16 
      1       4      22
         21       5 
--8<--
found: sum= 69.0000 var=  0.0000 fitness= 69.0000 age=0
-->8--
          4      19 
     22       9       3
      7      11      14 
 18      16      13       2
  1       6      15       5
     21       8      20 
     23      -1      17
         12      10 
--8<--
found: sum= 72.0000 var=  0.0000 fitness= 72.0000 age=0
-->8--
          4      15 
     11      16      13
     21       8       2 
  7      12      18       3
  1       9      20      19
     22       5      10 
     23      14       6
         -1      17 
--8<--
found: sum= 70.0000 var=  0.0000 fitness= 70.0000 age=0
-->8--
         21      20 
      3      10      14
     16       2      17 
  5      18       7      19
  1       8      23       6
     22      12      -2 
     11      13       9
          4      15 
--8<--
found: sum= 65.0000 var=  0.0000 fitness= 65.0000 age=0
-->8--
         18      19 
     13      14       2
     12       5      15 
 22       3      10      -1
  1      20      21      11
      7       6       9 
     16      17       4
         -1       8 
--8<--
found: sum= 72.0000 var=  0.0000 fitness= 72.0000 age=0
-->8--
         14      23 
     16      18       8
     15       2       4 
 11       7      17      -1
  5      12      13      19
     22      21      20 
      1       6       3
         10       9 
--8<--
found: sum= 74.0000 var=  0.0000 fitness= 74.0000 age=0
-->8--
         11      10 
     16      21      15
     17       5       9 
 13       4      14       8
  6      12      19       1
     22      20      23 
     -1       3       2
         18       7 
--8<--
found: sum= 76.0000 var=  0.0000 fitness= 76.0000 age=0
-->8--
         20      14 
      2      23       7
     12       4      22 
  9      15       6      13
  3      16      17       8
     21      18      10 
      5      19      11
         -3       1 
--8<--
found: sum= 78.0000 var=  0.0000 fitness= 78.0000 age=0
-->8--
         24      11 
      1      17      10
      5      12      20 
 13      19       8      21
  4      14       9       2
     23      16      18 
      3       7       6
         15      22 
--8<--
found: sum= 79.0000 var=  0.0000 fitness= 79.0000 age=0
-->8--
         14      21 
      4      22      16
     13       9       1 
 11      17      10      12
  8       6      18      23
     24      19      15 
      7      20       2
          3       5 
--8<--
found: sum= 76.0000 var=  0.0000 fitness= 76.0000 age=0
-->8--
         14      12 
      3      13      22
     21       8      11 
  6      17      10       9
  4       5      20       7
     23      16      19 
     -1      18       1
         15       2 
--8<--
found: sum= 74.0000 var=  0.0000 fitness= 74.0000 age=0
-->8--
         16      18 
     19      21      17
      1       3       7 
 20      14       8      22
  4      11      23       2
     24      15      12 
     10       5       6
          9      13 
--8<--
found: sum= 75.0000 var=  0.0000 fitness= 75.0000 age=0
-->8--
         10      12 
     23      21      13
     11       4      20 
 16       6       5      17
  9      14      22       8
     19      24       3 
      2       1      18
         15       7 
--8<--
found: sum= 79.0000 var=  0.0000 fitness= 79.0000 age=0
-->8--
         17      21 
      2      23      14
     22       8       1 
 10       7      12      11
  9      18      15      24
     13      19      16 
      5      20       3
          4       6 
--8<--
found: sum= 78.0000 var=  0.0000 fitness= 78.0000 age=0
-->8--
         22       4 
     11      10       5
      8      21      24 
 16       6      14       2
 15      13       7      12
     20      17      19 
      1       9      23
         18       3 
--8<--
found: sum= 75.0000 var=  0.0000 fitness= 75.0000 age=0
-->8--
          8      13 
     15      21       4
     17       3      20 
  5      11      14       1
  7      12      16       6
     23      19      18 
      9       2      22
         10      -2 
--8<--
found: sum= 82.0000 var=  0.0000 fitness= 82.0000 age=0
-->8--
          6      23 
     16       8      12
     24      15      19 
 11      13       5       9
  3      10      22       7
     21      17      20 
      2      18       1
         14       4 
--8<--
found: sum= 78.0000 var=  0.0000 fitness= 78.0000 age=0
-->8--
         20       5 
     11      21      10
      9       4      22 
 19      13      16       1
  2      12      18      14
     23      15       7 
     17       8      24
          3       6 
--8<--
found: sum= 82.0000 var=  0.0000 fitness= 82.0000 age=0
-->8--
         14       5 
     23      20      13
     12       4      22 
 15       9      18       7
  8      17      10       6
     21      24      19 
      3      16       2
          1      11 
--8<--
found: sum= 63.0000 var=  0.0000 fitness= 63.0000 age=0
-->8--
         17      22 
     15      19      -3
      9       1       8 
 18       2      16      12
  3      20      10       4
     11      14      13 
      5       6      21
          7      -1 
--8<--
found: sum= 77.0000 var=  0.0000 fitness= 77.0000 age=0
-->8--
         10      17 
     13      22       1
     21       7      16 
 20       4      14      24
  2      19      15       5
     11      18       3 
      9      12       6
          8      23 
--8<--
found: sum= 68.0000 var=  0.0000 fitness= 68.0000 age=0
-->8--
          2       9 
     21      22       4
     10       5      13 
 14       8      15      19
  1      17      11       7
     18      12       3 
      6      -1      20
         16      23 
--8<--
found: sum= 72.0000 var=  0.0000 fitness= 72.0000 age=0
-->8--
         22      16 
      3      15      12
     17       9       7 
 10       6      13       4
  2      14      19      21
     23      11       8 
      5      18      20
          1      -4 
--8<--
found: sum= 71.0000 var=  0.0000 fitness= 71.0000 age=0
-->8--
         20      14 
      9      22       4
      8       2      17 
 16      10      12       5
  1      15      19      11
     21      13       7 
     -2       6       3
         18      23 
--8<--
found: sum= 70.0000 var=  0.0000 fitness= 70.0000 age=0
-->8--
         11      10 
     21      19      23
      9       8      -2 
 15       2      12      22
  6      18      16       5
     20      14      17 
      4      13       7
          1       3 
--8<--
found: sum= 81.0000 var=  0.0000 fitness= 81.0000 age=0
-->8--
         10      11 
     19      24       3
      9       7      23 
 14      12      13       4
  8      16      15       5
     22      18      21 
     17       6       1
          2      20 
--8<--
found: sum= 78.0000 var=  0.0000 fitness= 78.0000 age=0
-->8--
         22       6 
      7      19      21
     13       8       4 
 17       9      20       2
  5      11      12      24
     23      18      16 
      1      15       3
         10      14 
--8<--
found: sum= 71.0000 var=  0.0000 fitness= 71.0000 age=0
-->8--
          5      21 
     15      18      -3
     23       6      20 
 13       4       9      17
  3      16      22       2
     12      14       1 
     10       8       7
         11      19 
--8<--
found: sum= 82.0000 var=  0.0000 fitness= 82.0000 age=0
-->8--
         15       2 
      5      21       9
     17      14      20 
 13      10      16       3
  8      11      12      24
     23      19       7 
      1      22      18
          6       4 
--8<--
found: sum= 70.0000 var=  0.0000 fitness= 70.0000 age=0
-->8--
         17       1 
     10      16       3
      9      11      21 
 14       7      18       4
  5      15       6      23
     20      13      -2 
      8      12      22
          2      19 
--8<--
found: sum= 79.0000 var=  0.0000 fitness= 79.0000 age=0
-->8--
         13      10 
      5      20       3
     24       9      19 
 11       8      18       7
  2      12      17      14
     22      15       4 
     23       6      21
          1      16 
--8<--
found: sum= 70.0000 var=  0.0000 fitness= 70.0000 age=0
-->8--
         20      21 
     11      15      -3
     14       6      22 
 18       4       9      13
  3      12      23       1
     19      16       2 
      8       5       7
         10      17 
--8<--
found: sum= 83.0000 var=  0.0000 fitness= 83.0000 age=0
-->8--
         10      14 
     20      13       9
     23      11      24 
 19       6      12       1
  4      15      21       8
     16      18      17 
      5      22       3
          7       2 
--8<--
found: sum= 77.0000 var=  0.0000 fitness= 77.0000 age=0
-->8--
         21      17 
      9      16       3
     13      10      20 
 19       8      11       2
  1      12      22      15
     24      14       7 
     18       5       6
          4      23 
--8<--
found: sum= 74.0000 var=  0.0000 fitness= 74.0000 age=0
-->8--
         11      23 
      8      16      18
     22       5      -1 
  6      12      13       9
  3      10      19      14
     21      15      20 
      7      17       1
          4       2 
--8<--
found: sum= 77.0000 var=  0.0000 fitness= 77.0000 age=0
-->8--
         13       7 
     11      22      10
     19       3      14 
  5       9      21       4
  8      20       6      15
     16      18      17 
      2      23      12
         -2       1 
--8<--
found: sum= 79.0000 var=  0.0000 fitness= 79.0000 age=0
-->8--
         14       7 
      1      19       8
     20      10      24 
  5      15      11      23
  4      22      12       6
     13       9       3 
      2      16      21
         17      18 
--8<--
found: sum= 78.0000 var=  0.0000 fitness= 78.0000 age=0
-->8--
          1      17 
     15      22      -3
     23       7      19 
  9      10      16       5
  2      14      13       4
     20      18      21 
      8      12       3
          6      11 
--8<--
found: sum= 78.0000 var=  0.0000 fitness= 78.0000 age=0
-->8--
          5       1 
     24      14      20
      7      10      22 
 16      18      11      13
  4      12       8      15
     21      19       9 
      3      17       2
          6      23 
--8<--
found: sum= 78.0000 var=  0.0000 fitness= 78.0000 age=0
-->8--
         13       4 
     10       7      21
     24      22      16 
 11       2       8       3
  6      18      19      20
     17       9      12 
      5      14       1
         15      23 
--8<--
found: sum= 69.0000 var=  0.0000 fitness= 69.0000 age=0
-->8--
         22       4 
      1      21      19
     11       6       2 
 15       8      17      12
  3       9      13       7
     23      16      18 
     14      -3       5
         10      20 
--8<--
found: sum= 81.0000 var=  0.0000 fitness= 81.0000 age=0
-->8--
         15       2 
      8      24      17
     16      11       6 
 20       7      21       3
  5      10      19      18
     23      13      14 
      4      22       1
          9      12 
--8<--
found: sum= 77.0000 var=  0.0000 fitness= 77.0000 age=0
-->8--
         19      10 
      2      11      21
     24      14       3 
  9       7      18      13
  1      16       5      23
     20      17      15 
      8      12      22
          4       6 
--8<--
found: sum= 73.0000 var=  0.0000 fitness= 73.0000 age=0
-->8--
         15      10 
     18      17      23
      1       8       3 
 19      14      12      20
  6      11       4      21
     22      24      13 
      5       9       7
          2      16 
--8<--
found: sum= 73.0000 var=  0.0000 fitness= 73.0000 age=0
-->8--
          7      15 
     12      20      23
     22       2      -1 
  3      10      14      17
  1      16      13      11
     21      18      19 
      4       9       6
          5       8 
--8<--
found: sum= 77.0000 var=  0.0000 fitness= 77.0000 age=0
-->8--
         21      10 
      7      24       3
      8       2      20 
 14      15      18       6
  4      17      13      11
     19      12       9 
     23       5      22
          1      16 
--8<--
found: sum= 75.0000 var=  0.0000 fitness= 75.0000 age=0
-->8--
         14       5 
     10       7      13
     23      20      21 
 12       1       9       4
  2      18      16      17
     19      11       8 
     -1      22      15
          6       3 
--8<--
found: sum= 74.0000 var=  0.0000 fitness= 74.0000 age=0
-->8--
         16       4 
      3      14       7
     18      12      17 
  8      11      20      19
  1      13      -3       6
     23      21      15 
      5      10       9
          2      22 
--8<--
found: sum= 77.0000 var=  0.0000 fitness= 77.0000 age=0
-->8--
         10      22 
     14      12       4
     18      16      17 
 11       7       6       2
  5      15      20       9
     21      13      23 
      8      19       3
          1      -1 
--8<--
found: sum= 81.0000 var=  0.0000 fitness= 81.0000 age=0
-->8--
          6      17 
     19      16       9
     21       7      22 
 11      12      10       5
  2      15      13       8
     20      24      23 
     18       3      14
          1       4 
--8<--
found: sum= 74.0000 var=  0.0000 fitness= 74.0000 age=0
-->8--
          1      16 
     21      20       6
     18      10      13 
 12       4       9       2
  3      15      19       8
     22      17      23 
      7      -1      11
         14       5 
--8<--
found: sum= 70.0000 var=  0.0000 fitness= 70.0000 age=0
-->8--
         18      17 
      8      16      -2
     15       4      22 
 14       9      13       6
  1      11      12       7
     20      21      10 
     -3      19       3
          2       5 
--8<--
found: sum= 71.0000 var=  0.0000 fitness= 71.0000 age=0
-->8--
         23      20 
      4      11       9
     17       6      22 
  7      10       3       2
  1      15      19      13
     21      18      12 
      5      -2       8
         14      16 
--8<--
found: sum= 75.0000 var=  0.0000 fitness= 75.0000 age=0
-->8--
         17      16 
      3      13       4
     18       9      23 
 11      15      10       5
  1       8      12       6
     22      21      19 
     -3       7       2
         20      14 
--8<--
found: sum= 73.0000 var=  0.0000 fitness= 73.0000 age=0
-->8--
          5       2 
     19      18       7
     14       9      21 
 11       8      16       3
  4      13      17       1
     23      10      15 
      6      -1      12
         22      20 
--8<--
found: sum= 84.0000 var=  0.0000 fitness= 84.0000 age=0
-->8--
          5       6 
     17      23       9
     15      16      19 
 20       8      11      10
  4      13      22       1
     24      14      21 
      3      18       2
         12       7 
--8<--
found: sum= 72.0000 var=  0.0000 fitness= 72.0000 age=0
-->8--
          8      12 
     16      20      23
     15       7      -3 
 10       6      13      21
  1      18      17       5
     22      11      19 
      4      14       9
          3       2 
--8<--
execution time: real 2.214154s user 0.047992s sys 0.000999s
GA: P=512 K=256 sp=3 xover=2D/1 aging
generation #16: pop m= 80.326 v=0.776 f= 76.840
best: found: sum= 84.0000 var=  0.0000 fitness= 84.0000 age=1
-->8--
          5       6 
     17      23       9
     15      16      19 
 20       8      11      10
  4      13      22       1
     24      14      21 
      3      18       2
         12       7 
--8<--
found: sum= 72.0000 var=  0.0000 fitness= 72.0000 age=1
-->8--
          8      12 
     16      20      23
     15       7      -3 
 10       6      13      21
  1      18      17       5
     22      11      19 
      4      14       9
          3       2 
--8<--
found: sum= 73.0000 var=  0.0000 fitness= 73.0000 age=1
-->8--
          5       2 
     19      18       7
     14       9      21 
 11       8      16       3
  4      13      17       1
     23      10      15 
      6      -1      12
         22      20 
--8<--
found: sum= 82.0000 var=  0.0000 fitness= 82.0000 age=7
-->8--
          6      23 
     16       8      12
     24      15      19 
 11      13       5       9
  3      10      22       7
     21      17      20 
      2      18       1
         14       4 
--8<--
found: sum= 80.0000 var=  0.0000 fitness= 80.0000 age=13
-->8--
         22       2 
      5      15      14
     21       6      24 
  7      11      19       3
  1      17      18      12
     23       9       4 
     10      13      16
          8      20 
--8<--
found: sum= 82.0000 var=  0.0000 fitness= 82.0000 age=7
-->8--
         14       5 
     23      20      13
     12       4      22 
 15       9      18       7
  8      17      10       6
     21      24      19 
      3      16       2
          1      11 
--8<--
found: sum= 75.0000 var=  0.0000 fitness= 75.0000 age=1
-->8--
         17      16 
      3      13       4
     18       9      23 
 11      15      10       5
  1       8      12       6
     22      21      19 
     -3       7       2
         20      14 
--8<--
found: sum= 81.0000 var=  0.0000 fitness= 81.0000 age=2
-->8--
          6      17 
     19      16       9
     21       7      22 
 11      12      10       5
  2      15      13       8
     20      24      23 
     18       3      14
          1       4 
--8<--
found: sum= 81.0000 var=  0.0000 fitness= 81.0000 age=6
-->8--
         10      11 
     19      24       3
      9       7      23 
 14      12      13       4
  8      16      15       5
     22      18      21 
     17       6       1
          2      20 
--8<--
found: sum= 83.0000 var=  0.0000 fitness= 83.0000 age=4
-->8--
         10      14 
     20      13       9
     23      11      24 
 19       6      12       1
  4      15      21       8
     16      18      17 
      5      22       3
          7       2 
--8<--
found: sum= 82.0000 var=  0.0000 fitness= 82.0000 age=5
-->8--
         15       2 
      5      21       9
     17      14      20 
 13      10      16       3
  8      11      12      24
     23      19       7 
      1      22      18
          6       4 
--8<--
found: sum= 81.0000 var=  0.0000 fitness= 81.0000 age=3
-->8--
         15       2 
      8      24      17
     16      11       6 
 20       7      21       3
  5      10      19      18
     23      13      14 
      4      22       1
          9      12 
--8<--
