found: sum= 71.0000 var=  0.0000 fitness= 71.0000
-->8--
         13       1 
     23       3      22
     12      18      19 
  6       2       8       9
 20      24      14      11
      7       5      10 
     15       4      17
         16      21 
--8<--
found: sum= 68.0000 var=  0.0000 fitness= 68.0000
-->8--
          5      14 
     24      18      16
      9       4       1 
 17       8      15      21
 10      22      13      11
      2       6       7 
     12       3      20
         23      19 
--8<--
found: sum= 80.0000 var=  0.0000 fitness= 80.0000
-->8--
          5       8 
      3      23       4
     17      10      19 
 13      22      16      11
 15       1       7      18
     12      24       9 
      2      20       6
         21      14 
--8<--
execution time: real 0.009448s user 0.004999s sys 0.001999s
GA: P=50 K=10 sp=2 xover=2D/1 optrpl=2 optskip=10 optmax=1.142857
generation #3: pop m= 76.106 v= 62.493 f= 48.928 best_age=1
best: found: sum= 80.0000 var=  0.0000 fitness= 80.0000
-->8--
          5       8 
      3      23       4
     17      10      19 
 13      22      16      11
 15       1       7      18
     12      24       9 
      2      20       6
         21      14 
--8<--
found: sum= 71.0000 var=  0.0000 fitness= 71.0000
-->8--
         13       1 
     23       3      22
     12      18      19 
  6       2       8       9
 20      24      14      11
      7       5      10 
     15       4      17
         16      21 
--8<--
