execution time: real 0.037230s user 0.036994s sys 0.000999s
GA: P=10 K=7 sp=3 xover_cuts=2
generation #23: pop v=36.204082 f=70.310263
best: sum=85.142857 var=0.122449 fitness=83.428571 age=15

          5       2 
      6      23       4
     17      20      24 
  9      14      12       7
  8      16      10      11
     21      13      22 
     15      19      18
          1       3 

found: sum=80.000000 var=0.000000 fitness=80.000000

          2       1 
     13      23       3
     20      16      15 
 14       6      22       9
 11      12      19       8
     17       5       7 
     24      18      10
          4      21 

