found: sum=  0.0000 var=  0.0000 fitness=  0.0000
-->8--
         14      11 
     22       9      12
     20       2      24 
 17      10      19       1
  8      18       7       3
      4      21      23 
     13       5       6
         16      15 
--8<--
found: sum=  0.0000 var=  0.0000 fitness=  0.0000
-->8--
          4       1 
     22      12      13
     15      19      16 
  2      10      21      11
 17      18       8       3
     20       6      23 
      5      24       7
          9      14 
--8<--
found: sum=  0.0000 var=  0.0000 fitness=  0.0000
-->8--
         23       9 
      6      22      13
     11      10       2 
 16       5      21      15
  1      20      17       3
     24       4      19 
     14       7      12
          8      18 
--8<--
found: sum=  0.0000 var=  0.0000 fitness=  0.0000
-->8--
          4       9 
     23      20      11
     24       1      17 
 16       8      22      13
  3      10      21       2
     19      18       5 
      6      15       7
         12      14 
--8<--
found: sum=  0.0000 var=  0.0000 fitness=  0.0000
-->8--
         11      15 
     16       2      13
     18      24      10 
  3       7      14       6
 23       5      19      12
     22       9      17 
     20      21       4
          1       8 
--8<--
sum= 76.1429 var=  0.1224 fitness= 74.4286
-->8--
          2      13 
     21      24      16
     12      15       4 
 14       1       3      18
 17      22      11      19
      9      23      20 
     10       6       8
          5       7 
--8<--
sum= 75.8571 var=  0.1224 fitness= 74.1429
-->8--
          8      12 
     17       2      11
     23       5      21 
 22      20      24       9
  1       6       7       4
      3      13      10 
     18      16      14
         19      15 
--8<--
sum= 78.1429 var=  0.1224 fitness= 76.4286
-->8--
          4       1 
     22      12      13
     15      19      16 
  2      10      21      11
 17      18       8       3
     20       6      23 
      5      24      14
          9       7 
--8<--
sum= 77.2857 var=  0.2041 fitness= 75.0726
-->8--
         16       2 
     21       5      13
     23      10      22 
  8       1      24       4
 17      15       6       9
     12      20      11 
     19       7      14
          3      18 
--8<--
sum= 78.5714 var=  0.2449 fitness= 76.1471
-->8--
          9       1 
     22      19      14
     17       3      23 
 10       8      18       7
 15      12      24       2
     16      13       4 
     20      11       5
          6      21 
--8<--
sum= 77.7143 var=  0.2041 fitness= 75.5012
-->8--
         16       1 
     14      10      18
     20       3      24 
  2      15      22       9
 13      23       7       4
      5       8      12 
      6      19      21
         17      11 
--8<--
sum= 78.7143 var=  0.2041 fitness= 76.5012
-->8--
          3       1 
     20      23      17
     21       4      24 
 15       8      10      14
 11      19      16       2
      5      22      13 
      6       9       7
         18      12 
--8<--
sum= 74.2857 var=  0.2041 fitness= 72.0726
-->8--
         16      15 
     20       2      17
      9       5      10 
  1      19      22      11
 24      14       8      13
      4       3       7 
      6      23      12
         21      18 
--8<--
sum= 76.1429 var=  0.1224 fitness= 74.4286
-->8--
          5       1 
     17      20       3
      9      15      18 
 14      12      21      11
  8      22       2      19
     13       6       7 
     10      23      24
          4      16 
--8<--
sum= 74.1429 var=  0.1224 fitness= 72.4286
-->8--
         16       2 
     19      23      20
     10       3      12 
 15       6      17      11
  4      24      22       1
     18       5      14 
      9       8       7
         13      21 
--8<--
sum= 76.7143 var=  0.4898 fitness= 73.2857
-->8--
          6       1 
     23      12      10
      8      22      17 
 24       4      13      15
  2      16       9       7
     21      11      14 
     19       3      18
          5      20 
--8<--
sum= 77.8571 var=  0.1224 fitness= 76.1429
-->8--
         12       1 
     17      24       9
     16      10      15 
  4       2      22       7
 21      18      23       3
     20       6      11 
      5      19       8
         13      14 
--8<--
sum= 73.7143 var=  0.2041 fitness= 71.5012
-->8--
         20       2 
      6      19      16
     21       1      24 
  3      13      18       4
  5      23      17       7
     15       8      10 
      9      11      22
         14      12 
--8<--
sum= 79.5714 var=  0.2449 fitness= 77.1471
-->8--
         11      15 
     22      14      21
     17       1      10 
  2       8      12      16
 18      24      19       3
      4       9      13 
     23       7       5
          6      20 
--8<--
sum= 75.1429 var=  0.1224 fitness= 73.4286
-->8--
          2      16 
      1      22      12
     20       7      14 
  8      23       4      15
  6      13      18      21
      5      10       3 
     19      11      24
         17       9 
--8<--
sum= 74.7143 var=  0.2041 fitness= 72.5012
-->8--
          4       1 
     22      12      13
     15      19      16 
  2      10      21      11
 17      18       8       3
     20       6      23 
      5      24       7
          9      14 
--8<--
sum= 81.5714 var=  0.2449 fitness= 79.1471
-->8--
          8      15 
     22      14       9
      5       6      20 
 23      21      12      18
  1       2      19       3
     24      16       4 
     10      13       7
         11      17 
--8<--
found: sum= 82.0000 var=  0.0000 fitness= 82.0000
-->8--
          4       1 
     22      12      13
     15      19      16 
  2      10      21      11
 17      18       8       3
     20       6      23 
      5      24      14
          9       7 
--8<--
sum= 76.1429 var=  0.1224 fitness= 74.4286
-->8--
          7      11 
     12      23       2
     10       1      18 
 21      24      22       8
  3       6       4       9
     13      20      16 
     19       5      15
         14      17 
--8<--
sum= 77.1429 var=  0.4082 fitness= 74.0130
-->8--
         12      15 
     11      24       2
     16      14       6 
 19       1      17      10
 22       7      18       4
     13      21      23 
     20       8       5
          9       3 
--8<--
sum= 74.2857 var=  0.2041 fitness= 72.0726
-->8--
          4      19 
     15      23       1
     10       3       5 
  6      20      24      21
 14      17       2      12
      8       9      11 
      7      18      22
         16      13 
--8<--
sum= 79.5714 var=  0.2449 fitness= 77.1471
-->8--
         15      17 
      5      19      11
     18      14      13 
  2      12       9      10
  8      21      24       4
     22       3      23 
      1      20       6
         16       7 
--8<--
sum= 81.1429 var=  0.1224 fitness= 79.4286
-->8--
         20       9 
      4       3       2
     15      19      24 
 10      18      22      11
 14       5       8       1
     17       7      13 
     21      23      12
          6      16 
--8<--
sum= 79.5714 var=  0.2449 fitness= 77.1471
-->8--
         21       7 
     11       4      17
     24      14      16 
 13       3      19      10
  9      22      18       2
      6       1      12 
     20      23       8
          5      15 
--8<--
sum= 79.5714 var=  0.2449 fitness= 77.1471
-->8--
         15      17 
      5      19      11
     18      14      13 
  2      12       9      10
  8      21      24       4
     22       3      23 
      1      20       6
         16       7 
--8<--
sum= 80.5714 var=  0.2449 fitness= 78.1471
-->8--
         16      11 
     19       5      15
     23       7      20 
 17      10      22      14
  1       8       9       2
     21      24      13 
      6      18      12
          3       4 
--8<--
sum= 75.8571 var=  0.1224 fitness= 74.1429
-->8--
          9       3 
     17      15       5
     19      13      23 
  6      10      24      11
 18      14       1       2
     16      21      22 
      8      20       7
          4      12 
--8<--
sum= 77.7143 var=  0.2041 fitness= 75.5012
-->8--
         20      13 
      7       8      16
     15       5      21 
 17      22      14      23
  1      10       2       6
     12      24      11 
      9      18       3
          4      19 
--8<--
sum= 79.1429 var=  0.1224 fitness= 77.4286
-->8--
         17      12 
     24       2      13
     16       4      23 
 14       9      18       7
  8      19       1      20
      6      21       3 
     11      10      22
          5      15 
--8<--
sum= 76.8571 var=  0.4082 fitness= 73.7273
-->8--
         11      16 
      5      22       8
      9      17       3 
  1      14      12       2
 21      10      19      24
     23       6      18 
     20      15       7
          4      13 
--8<--
sum= 80.5714 var=  0.2449 fitness= 78.1471
-->8--
         23       6 
     10      12      21
     18       2      22 
  3      17      19       7
  5      15      16       4
     24      13      14 
      1      20      11
          9       8 
--8<--
sum= 77.1429 var=  0.4082 fitness= 74.0130
-->8--
          9      12 
      7      20      16
     15       6      24 
 13      23       2      11
 10      18      14       8
      1      17      21 
      3      19       4
         22       5 
--8<--
sum= 79.8571 var=  0.1224 fitness= 78.1429
-->8--
         13       1 
     16      22      18
      2       4      15 
  3      20      17      11
 19      23       8      14
     10       5      12 
      6      24       7
          9      21 
--8<--
sum= 84.1429 var=  0.4082 fitness= 81.0130
-->8--
         19       1 
      7      22      16
     18       2      24 
 15      14      17       5
  4      21      20       3
     10       8      13 
     11      23       6
          9      12 
--8<--
sum= 80.1429 var=  0.1224 fitness= 78.4286
-->8--
          7       4 
     13      24      20
     14       1       5 
  2      18      23      21
 22       6      17       3
     15      12       8 
     16      19      10
          9      11 
--8<--
sum= 81.8571 var=  0.1224 fitness= 80.1429
-->8--
         16      18 
      5      24      14
     20       1      13 
  2      15      11      21
 10      22       9       8
     12      23      19 
      4      17       7
          3       6 
--8<--
sum= 76.1429 var=  0.1224 fitness= 74.4286
-->8--
         19       1 
      7      22      16
     18       2      24 
 15      14      17       5
  4      21      20       3
     10       8      13 
     11      23       6
          9      12 
--8<--
execution time: real 0.441781s user 0.111982s sys 0.000999s
GA: P=50 K=25 sp=3 xover=2D/1
generation #18: pop m= 79.771 v=  0.194 f= 77.812 best_age=1
best: sum= 84.8571 var=  0.1224 fitness= 83.1429
-->8--
          3       1 
      4      20       7
     24      16      18 
  2      17      23       9
 10      11       5       8
     21      13      22 
     15      19      14
          6      12 
--8<--
found: sum= 78.0000 var=  0.0000 fitness= 78.0000
-->8--
          5       1 
     17      20       3
      9      15      18 
 14      12      21      11
  8      22       2      19
     13       6       7 
     10      23      24
          4      16 
--8<--
found: sum= 81.0000 var=  0.0000 fitness= 81.0000
-->8--
         16      18 
      5      24      14
     20       1      13 
  2      15      11      21
 10      22       9       8
     12      23      19 
      4      17       7
          3       6 
--8<--
found: sum= 81.0000 var=  0.0000 fitness= 81.0000
-->8--
         12       1 
     17      24       9
     16      10      15 
  4       2      22       7
 21      18      23       3
     20       6      11 
      5      19       8
         13      14 
--8<--
found: sum= 83.0000 var=  0.0000 fitness= 83.0000
-->8--
         15      17 
      5      19      11
     18      14      13 
  2      12       9      10
  8      21      24       4
     22       3      23 
      1      20       6
         16       7 
--8<--
found: sum= 83.0000 var=  0.0000 fitness= 83.0000
-->8--
          9       3 
     17      15       5
     19      13      23 
  6      10      24      11
 18      14       1       2
     16      21      22 
      8      20       7
          4      12 
--8<--
found: sum= 82.0000 var=  0.0000 fitness= 82.0000
-->8--
         19       1 
      7      22      16
     18       2      24 
 15      14      17       5
  4      21      20       3
     10       8      13 
     11      23       6
          9      12 
--8<--
found: sum= 82.0000 var=  0.0000 fitness= 82.0000
-->8--
          4       1 
     22      12      13
     15      19      16 
  2      10      21      11
 17      18       8       3
     20       6      23 
      5      24       7
          9      14 
--8<--
