found: sum= 77.0000 var=  0.0000 fitness= 77.0000 age=0
-->8--
         21       7 
     20      11      22
      9       4      19 
 18      12      14       1
  2      13      10      16
     23      24      17 
      3       6       5
          8      15 
--8<--
found: sum= 65.0000 var=  0.0000 fitness= 65.0000 age=0
-->8--
         19      10 
     17      21       9
      1       2      15 
 22       5       8      11
  3      18      20       4
     16      12       7 
      6      14      -1
         -1      13 
--8<--
found: sum= 81.0000 var=  0.0000 fitness= 81.0000 age=0
-->8--
         12      18 
     15      22       1
     13      10      14 
  7       9      16       5
  8      23      20       2
     21       3      24 
     17      11      19
          6       4 
--8<--
found: sum= 72.0000 var=  0.0000 fitness= 72.0000 age=0
-->8--
         20      13 
      5      15       7
     21       8      10 
  9       3      19      11
  1      16      12       2
     22      14      18 
      4      -1      23
         17       6 
--8<--
found: sum= 70.0000 var=  0.0000 fitness= 70.0000 age=0
-->8--
         14      23 
     19       4      17
     16       6      21 
 13      11      -1       2
  1      22      20      10
      7      12      18 
     15       9       3
          5       8 
--8<--
found: sum= 64.0000 var=  0.0000 fitness= 64.0000 age=0
-->8--
         22      13 
     17      11      15
      4       2      16 
 21       8       7       3
  1      18      19      14
     12      10       5 
      6      -2      23
         20       9 
--8<--
found: sum= 72.0000 var=  0.0000 fitness= 72.0000 age=0
-->8--
         13       3 
     19      23       9
      4       1      21 
 11      12      15      20
  5      18      10      -1
     22      16       7 
      6       8      14
          2      17 
--8<--
found: sum= 70.0000 var=  0.0000 fitness= 70.0000 age=0
-->8--
         21      17 
      2      16       9
     10      15       8 
 20       6       5       3
 -1      23      14      22
     12       7      18 
     13      11       1
          4      19 
--8<--
found: sum= 70.0000 var=  0.0000 fitness= 70.0000 age=0
-->8--
          4       7 
     18      22      20
     16       2      -2 
 12       8      21      13
  1      10      15      17
     23      14       6 
      9      11      19
          3       5 
--8<--
found: sum= 72.0000 var=  0.0000 fitness= 72.0000 age=0
-->8--
          5      21 
     22      11       2
     18      10      20 
  9       6       8      16
  4      12      17      -2
     23      19      13 
     14       1      15
          3       7 
--8<--
found: sum= 75.0000 var=  0.0000 fitness= 75.0000 age=0
-->8--
          8      20 
     17      19      13
     15       6       1 
  7      10      16       3
  2      18      21      22
     23       4      12 
     11       5       9
         14      24 
--8<--
found: sum= 81.0000 var=  0.0000 fitness= 81.0000 age=0
-->8--
          6       2 
     21      15       4
     19      13      24 
 14       7      23       1
  9      12      10      18
     20      16       5 
      8      22      11
          3      17 
--8<--
found: sum= 73.0000 var=  0.0000 fitness= 73.0000 age=0
-->8--
          6       5 
     24      15      21
     13       4      10 
 17      11      18       8
  2       7      14      22
     23      19       1 
      9       3      20
         12      16 
--8<--
found: sum= 70.0000 var=  0.0000 fitness= 70.0000 age=0
-->8--
          2      19 
     23       9      20
     11      15      -1 
 16      10       8      17
  5       7      18       6
     21      12      22 
     14      13       1
          3       4 
--8<--
found: sum= 82.0000 var=  0.0000 fitness= 82.0000 age=0
-->8--
         12      10 
     21      18      17
      9       3      14 
 15      19      20       8
  5      11      16       2
     23      13      22 
      7      24       1
          4       6 
--8<--
found: sum= 79.0000 var=  0.0000 fitness= 79.0000 age=0
-->8--
         21      18 
     23       8      14
     12       4      22 
 16      11      13       2
  5      15      17       1
     20      19      24 
      6       9       3
         10       7 
--8<--
found: sum= 83.0000 var=  0.0000 fitness= 83.0000 age=0
-->8--
         15      10 
      4      21      18
     23      12      16 
 11       8       6       7
  2      19      24      17
     20      14      13 
      3      22       1
          5       9 
--8<--
found: sum= 74.0000 var=  0.0000 fitness= 74.0000 age=0
-->8--
          6      19 
     23       4      14
     13      21       1 
 16       7      15      17
  2      12      11      20
     24       8      10 
      9      18       5
          3      22 
--8<--
found: sum= 77.0000 var=  0.0000 fitness= 77.0000 age=0
-->8--
          8      11 
     19      23       1
      5      12      24 
 20      10       6       4
  9      16      18      22
     17      15       3 
     14      13       7
          2      21 
--8<--
found: sum= 82.0000 var=  0.0000 fitness= 82.0000 age=0
-->8--
          7       6 
     14      11       9
     23      19      22 
 13       8      15       1
  4      18      20       3
     16       2      21 
     24      17      10
          5      12 
--8<--
found: sum= 73.0000 var=  0.0000 fitness= 73.0000 age=0
-->8--
         18      12 
     13      20       5
      9       6      16 
 22       7      14      17
  2      10      15       8
     23      21       3 
      1      19       4
         -1      11 
--8<--
found: sum= 71.0000 var=  0.0000 fitness= 71.0000 age=0
-->8--
         15       2 
      7       9      13
     22      10      19 
  6       8      18       3
 -2      17      14       1
     20       4      16 
     -3      21       5
         12      11 
--8<--
found: sum= 83.0000 var=  0.0000 fitness= 83.0000 age=0
-->8--
          4      13 
     20      21       6
     23       7      24 
 14       8      12       1
  5      16      18       9
     17      22      19 
     15      11       3
          2      10 
--8<--
found: sum= 79.0000 var=  0.0000 fitness= 79.0000 age=0
-->8--
         21       3 
     12      16       6
      8      13      23 
 17       9      18       2
 11      14      10      22
     20      15       4 
      5      24       7
          1      19 
--8<--
found: sum= 80.0000 var=  0.0000 fitness= 80.0000 age=0
-->8--
         18       7 
      8      19      11
     20       5      24 
 13      10      14       3
  4      12      22      16
     21      17       1 
      9      15       2
          6      23 
--8<--
found: sum= 75.0000 var=  0.0000 fitness= 75.0000 age=0
-->8--
          2      17 
     12      23      -3
     21       1      19 
  6      16      18      10
  5      14       4       9
     13      22      15 
      8      11       3
          7      20 
--8<--
found: sum= 77.0000 var=  0.0000 fitness= 77.0000 age=0
-->8--
         17      20 
      5       9       2
     18      16      23 
  6      12       7      14
  4      13      21      11
     24       8       1 
     19      10      22
          3      15 
--8<--
found: sum= 81.0000 var=  0.0000 fitness= 81.0000 age=0
-->8--
          8      11 
     23      22       2
     12       9      24 
 17       7      13       5
  6      21      16       4
     18      15      19 
     14      10      20
          3       1 
--8<--
found: sum= 82.0000 var=  0.0000 fitness= 82.0000 age=0
-->8--
          8       4 
      9      24       1
     17      13      21 
 18      11      19      14
  2      12       7       5
     22      20      16 
     15      10       6
          3      23 
--8<--
found: sum= 85.0000 var=  0.0000 fitness= 85.0000 age=0
-->8--
          1       7 
     17      24      12
     15       9      23 
  8      19      10      14
  4      18      16       2
     21      13      20 
      5      22       3
          6      11 
--8<--
found: sum= 75.0000 var=  0.0000 fitness= 75.0000 age=0
-->8--
          7      19 
     20      21      -4
     18       4      23 
 10       5      12       9
 13      15      17       3
     14      22      11 
      6      16       1
          2       8 
--8<--
found: sum= 83.0000 var=  0.0000 fitness= 83.0000 age=0
-->8--
         12      11 
     21      18      10
      8       5      22 
 16      19      17       9
  4      13      14       1
     23      15      20 
      2      24       3
          6       7 
--8<--
found: sum= 76.0000 var=  0.0000 fitness= 76.0000 age=0
-->8--
          5      13 
     22      16      14
     18       8       6 
  9       7      19       3
  1      20      10      23
     21      12      15 
      2       4      11
         17      24 
--8<--
found: sum= 79.0000 var=  0.0000 fitness= 79.0000 age=0
-->8--
          1       3 
     20      23      16
     21       8       7 
 11       6      22       4
  5      19       9      24
     17      15      13 
     12      14      18
          2      10 
--8<--
found: sum= 78.0000 var=  0.0000 fitness= 78.0000 age=0
-->8--
         17       6 
      8      19       9
     22       7      14 
 11       5      23      18
  3      16      12       1
     21      15      10 
      2       4      24
         20      13 
--8<--
found: sum= 75.0000 var=  0.0000 fitness= 75.0000 age=0
-->8--
         14       8 
      1      21      11
     22       5      20 
  7      12      10       4
  2      13      17       9
     19      18      15 
     16       6      -4
          3      23 
--8<--
found: sum= 84.0000 var=  0.0000 fitness= 84.0000 age=0
-->8--
         16      13 
      9      20       7
     23       5      24 
  4      11      15       3
  6      18      21       2
     22      14      19 
      1      12      10
         17       8 
--8<--
found: sum= 79.0000 var=  0.0000 fitness= 79.0000 age=0
-->8--
          3       8 
     18      21      14
     17       7      19 
  9      13      10      15
  4      16      22       1
     20      11      12 
     24       6      23
          2       5 
--8<--
execution time: real 2.547201s user 0.043993s sys 0.001999s
GA: P=512 K=256 sp=3 xover=2D/1 aging
generation #16: pop m= 79.770 v=0.785 f= 76.369
best: found: sum= 85.0000 var=  0.0000 fitness= 85.0000 age=1
-->8--
          1       7 
     17      24      12
     15       9      23 
  8      19      10      14
  4      18      16       2
     21      13      20 
      5      22       3
          6      11 
--8<--
found: sum= 79.0000 var=  0.0000 fitness= 79.0000 age=1
-->8--
          3       8 
     18      21      14
     17       7      19 
  9      13      10      15
  4      16      22       1
     20      11      12 
     24       6      23
          2       5 
--8<--
found: sum= 83.0000 var=  0.0000 fitness= 83.0000 age=4
-->8--
          4      13 
     20      21       6
     23       7      24 
 14       8      12       1
  5      16      18       9
     17      22      19 
     15      11       3
          2      10 
--8<--
found: sum= 79.0000 var=  0.0000 fitness= 79.0000 age=7
-->8--
         21      18 
     23       8      14
     12       4      22 
 16      11      13       2
  5      15      17       1
     20      19      24 
      6       9       3
         10       7 
--8<--
found: sum= 83.0000 var=  0.0000 fitness= 83.0000 age=7
-->8--
         15      10 
      4      21      18
     23      12      16 
 11       8       6       7
  2      19      24      17
     20      14      13 
      3      22       1
          5       9 
--8<--
found: sum= 78.0000 var=  0.0000 fitness= 78.0000 age=1
-->8--
         17       6 
      8      19       9
     22       7      14 
 11       5      23      18
  3      16      12       1
     21      15      10 
      2       4      24
         20      13 
--8<--
found: sum= 80.0000 var=  0.0000 fitness= 80.0000 age=3
-->8--
         18       7 
      8      19      11
     20       5      24 
 13      10      14       3
  4      12      22      16
     21      17       1 
      9      15       2
          6      23 
--8<--
found: sum= 81.0000 var=  0.0000 fitness= 81.0000 age=13
-->8--
         12      18 
     15      22       1
     13      10      14 
  7       9      16       5
  8      23      20       2
     21       3      24 
     17      11      19
          6       4 
--8<--
found: sum= 79.0000 var=  0.0000 fitness= 79.0000 age=1
-->8--
          1       3 
     20      23      16
     21       8       7 
 11       6      22       4
  5      19       9      24
     17      15      13 
     12      14      18
          2      10 
--8<--
found: sum= 83.0000 var=  0.0000 fitness= 83.0000 age=1
-->8--
         12      11 
     21      18      10
      8       5      22 
 16      19      17       9
  4      13      14       1
     23      15      20 
      2      24       3
          6       7 
--8<--
found: sum= 76.0000 var=  0.0000 fitness= 76.0000 age=1
-->8--
          5      13 
     22      16      14
     18       8       6 
  9       7      19       3
  1      20      10      23
     21      12      15 
      2       4      11
         17      24 
--8<--
found: sum= 75.0000 var=  0.0000 fitness= 75.0000 age=1
-->8--
         14       8 
      1      21      11
     22       5      20 
  7      12      10       4
  2      13      17       9
     19      18      15 
     16       6      -4
          3      23 
--8<--
found: sum= 82.0000 var=  0.0000 fitness= 82.0000 age=8
-->8--
         12      10 
     21      18      17
      9       3      14 
 15      19      20       8
  5      11      16       2
     23      13      22 
      7      24       1
          4       6 
--8<--
found: sum= 84.0000 var=  0.0000 fitness= 84.0000 age=1
-->8--
         16      13 
      9      20       7
     23       5      24 
  4      11      15       3
  6      18      21       2
     22      14      19 
      1      12      10
         17       8 
--8<--
found: sum= 81.0000 var=  0.0000 fitness= 81.0000 age=2
-->8--
          8      11 
     23      22       2
     12       9      24 
 17       7      13       5
  6      21      16       4
     18      15      19 
     14      10      20
          3       1 
--8<--
found: sum= 82.0000 var=  0.0000 fitness= 82.0000 age=6
-->8--
          7       6 
     14      11       9
     23      19      22 
 13       8      15       1
  4      18      20       3
     16       2      21 
     24      17      10
          5      12 
--8<--
found: sum= 82.0000 var=  0.0000 fitness= 82.0000 age=1
-->8--
          8       4 
      9      24       1
     17      13      21 
 18      11      19      14
  2      12       7       5
     22      20      16 
     15      10       6
          3      23 
--8<--
found: sum= 75.0000 var=  0.0000 fitness= 75.0000 age=1
-->8--
          7      19 
     20      21      -4
     18       4      23 
 10       5      12       9
 13      15      17       3
     14      22      11 
      6      16       1
          2       8 
--8<--
found: sum= 79.0000 var=  0.0000 fitness= 79.0000 age=4
-->8--
         21       3 
     12      16       6
      8      13      23 
 17       9      18       2
 11      14      10      22
     20      15       4 
      5      24       7
          1      19 
--8<--
found: sum= 81.0000 var=  0.0000 fitness= 81.0000 age=8
-->8--
          6       2 
     21      15       4
     19      13      24 
 14       7      23       1
  9      12      10      18
     20      16       5 
      8      22      11
          3      17 
--8<--
