execution time: real 0.001992s user 0.001999s sys 0.000000s
GA: P=10 K=7 sp=3 xover_cuts=2
generation #1: pop v=134.134694 f=44.163361
best: sum=80.142857 var=0.122449 fitness=78.428571 age=1

          4       1 
      6      22      12
     13      14      16 
 10      21      15      17
  3      24       5       8
      9       2      19 
     18      20      23
          7      11 

found: sum=76.000000 var=0.000000 fitness=76.000000

         15      18 
     21       1      19
      3      14      20 
  2      22       4       7
 10      16       8      13
     23      12      24 
      5       9       6
         11      17 

