found: sum=  0.0000 var=  0.0000 fitness=  0.0000
-->8--
         10      17 
      6      18       2
      1      21       4 
  3      20      14      15
 23       5       9      12
     24       7      22 
     16      11       8
         13      19 
--8<--
found: sum=  0.0000 var=  0.0000 fitness=  0.0000
-->8--
         11      15 
     19       1      20
     21      12      23 
 14      13       6       5
  3      24       4      17
      2      18      22 
      7      16       8
         10       9 
--8<--
found: sum=  0.0000 var=  0.0000 fitness=  0.0000
-->8--
         21       8 
     23      19      15
      7       3       6 
 16       2      24       4
 17      13      22       5
     20      11      14 
     10       9      18
         12       1 
--8<--
found: sum=  0.0000 var=  0.0000 fitness=  0.0000
-->8--
         15       7 
      2      22      14
     24      16       3 
 13       1      18       9
  4      21      19      20
     17       5      11 
      6      23      10
          8      12 
--8<--
sum= 74.7143 var=  0.2041 fitness= 72.5012
-->8--
         17       5 
     18       2      15
     10       7      24 
 16      22      23      13
  6       1       9       4
     21      14       3 
     12      20      19
          8      11 
--8<--
sum= 74.7143 var=  0.2041 fitness= 72.5012
-->8--
         23      16 
     13      24      15
      4       8       7 
  6       3       5      14
 19      21      20      12
     22      18      17 
     11       1      10
          2       9 
--8<--
execution time: real 0.094314s user 0.015997s sys 0.000000s
GA: P=50 K=25 sp=3 xover=2D/1
generation #1: pop m= 76.817 v=  0.195 f= 74.810 best_age=1
best: sum= 83.7143 var=  0.2041 fitness= 81.5012
-->8--
          8       3 
     15      22       5
     20      18      19 
 16       1      17      11
  9      14      10       6
     23      24      21 
      2      13      12
          7       4 
--8<--
found: sum= 76.0000 var=  0.0000 fitness= 76.0000
-->8--
         10      17 
      6      18       2
      1      21       4 
  3      20      14      15
 23       5       9      12
     24       7      22 
     16      11       8
         13      19 
--8<--
found: sum= 77.0000 var=  0.0000 fitness= 77.0000
-->8--
         11      15 
     19       1      20
     21      12      23 
 14      13       6       5
  3      24       4      17
      2      18      22 
      7      16       8
         10       9 
--8<--
found: sum= 76.0000 var=  0.0000 fitness= 76.0000
-->8--
         17       5 
     18       2      15
     10       7      24 
 16      22      23      13
  6       1       9       4
     21      14       3 
     12      20      19
          8      11 
--8<--
found: sum= 80.0000 var=  0.0000 fitness= 80.0000
-->8--
         15       7 
      2      22      14
     24      16       3 
 13       1      18       9
  4      21      19      20
     17       5      11 
      6      23      10
          8      12 
--8<--
found: sum= 75.0000 var=  0.0000 fitness= 75.0000
-->8--
         23      16 
     13      24      15
      4       8       7 
  6       3       5      14
 19      21      20      12
     22      18      17 
     11       1      10
          2       9 
--8<--
