found: sum= 80.0000 var=  0.0000 fitness= 80.0000
-->8--
         15      17 
      1      24       2
     21      12      20 
 13       7       5       3
  6      23      14      22
     10      19      16 
     11       9       4
          8      18 
--8<--
execution time: real 0.355663s user 0.009998s sys 0.019996s
GA: P=50 K=10 sp=2 xover=2D/1 optrpl=2 optskip=10 optmax=1.142857
generation #1606: pop m= 77.237 v=121.583 f= 28.790 best_age=1
best: found: sum= 80.0000 var=  0.0000 fitness= 80.0000
-->8--
         15      17 
      1      24       2
     21      12      20 
 13       7       5       3
  6      23      14      22
     10      19      16 
     11       9       4
          8      18 
--8<--
