found: sum= 78.0000 var=  0.0000 fitness= 78.0000
-->8--
         15      12 
     16       9      13
     23       5      21 
  1      10      18       4
 17      19       2      11
      8      24      22 
      6       7      20
         14       3 
--8<--
found: sum= 76.0000 var=  0.0000 fitness= 76.0000
-->8--
         19      12 
     21      10      15
     16       2      24 
 11       8      13       1
  6      17      22       7
     18      14       9 
      4       3      23
         20       5 
--8<--
found: sum= 74.0000 var=  0.0000 fitness= 74.0000
-->8--
         10      11 
     21      18      23
      6      16       2 
 15       3       4      22
  9      24      14      12
     17      13      20 
      8       7      19
          5       1 
--8<--
found: sum= 78.0000 var=  0.0000 fitness= 78.0000
-->8--
         16       9 
      5      20       8
     12      15       4 
  1      10      22      13
 21      11      18       7
     23       2      14 
     19      17       3
          6      24 
--8<--
found: sum= 76.0000 var=  0.0000 fitness= 76.0000
-->8--
         14       2 
      7      24      16
     18      10      13 
 21       3      11      22
  8      17      23       6
      9      12       1 
      4      15      20
         19       5 
--8<--
found: sum= 81.0000 var=  0.0000 fitness= 81.0000
-->8--
          9      17 
      4      11       2
     24      23      22 
  3      10       6      14
 16      20       7      13
      8      15      19 
      5      21       1
         12      18 
--8<--
found: sum= 75.0000 var=  0.0000 fitness= 75.0000
-->8--
         16       7 
     21       9      17
     11       8      22 
 15      10      12      14
 13       2      20       1
     24      23       6 
      4       3       5
         19      18 
--8<--
found: sum= 77.0000 var=  0.0000 fitness= 77.0000
-->8--
         10      15 
     24       3      16
     14       6      19 
 17      20      18       4
 12       9       2      13
      5      22      21 
      7      23       1
         11       8 
--8<--
found: sum= 83.0000 var=  0.0000 fitness= 83.0000
-->8--
          8      23 
      9      18       4
     24       7      16 
  6      17      15       1
  3      19      20      10
     14       5      21 
     11      22       2
         12      13 
--8<--
execution time: real 0.037776s user 0.007998s sys 0.002999s
GA: P=50 K=10 sp=2 xover=2D/1 optrpl=2 optskip=10 optmax=1.142857
generation #32: pop m= 76.594 v= 62.201 f= 47.310 best_age=1
best: found: sum= 83.0000 var=  0.0000 fitness= 83.0000
-->8--
          8      23 
      9      18       4
     24       7      16 
  6      17      15       1
  3      19      20      10
     14       5      21 
     11      22       2
         12      13 
--8<--
found: sum= 74.0000 var=  0.0000 fitness= 74.0000
-->8--
         10      11 
     21      18      23
      6      16       2 
 15       3       4      22
  9      24      14      12
     17      13      20 
      8       7      19
          5       1 
--8<--
found: sum= 81.0000 var=  0.0000 fitness= 81.0000
-->8--
          9      17 
      4      11       2
     24      23      22 
  3      10       6      14
 16      20       7      13
      8      15      19 
      5      21       1
         12      18 
--8<--
