found: sum= 78.0000 var=  0.0000 fitness= 78.0000
-->8--
         18       1 
     11      13      14
      5      16      22 
 21      15      12       2
  4       9       6      17
     24      20      19 
     10       7       3
          8      23 
--8<--
found: sum= 84.0000 var=  0.0000 fitness= 84.0000
-->8--
         14       3 
      2      24       7
     19      12      16 
  9      13      22       6
  4      18       8      15
     21      11      17 
     10      23      20
          1       5 
--8<--
execution time: real 0.753641s user 0.016997s sys 0.038994s
GA: P=50 K=10 sp=2 xover=2D/1 optrpl=2 optskip=10 optmax=1.142857
generation #3363: pop m= 78.389 v= 90.673 f= 38.824 best_age=1
best: found: sum= 84.0000 var=  0.0000 fitness= 84.0000
-->8--
         14       3 
      2      24       7
     19      12      16 
  9      13      22       6
  4      18       8      15
     21      11      17 
     10      23      20
          1       5 
--8<--
