found: sum= 74.0000 var=  0.0000 fitness= 74.0000
-->8--
          8      19 
     14       3      18
     23       2      15 
 10      24      17      12
  6       4      16       1
      7      11      13 
     21       9       5
         22      20 
--8<--
found: sum= 80.0000 var=  0.0000 fitness= 80.0000
-->8--
          5       6 
      7      19      14
     11      23      10 
  9      15       8       4
  3      20      13      24
     22       1      21 
     18      17      12
          2      16 
--8<--
found: sum= 78.0000 var=  0.0000 fitness= 78.0000
-->8--
         22       1 
     10      16       5
      4       9      24 
 21      17      23       6
 14       7       3       2
     15      19      20 
     18      11      12
          8      13 
--8<--
found: sum= 77.0000 var=  0.0000 fitness= 77.0000
-->8--
          2      22 
      9      17      16
     24      11       1 
 15      14      10       3
  5      13      21      23
      6       8      19 
     12      18       4
         20       7 
--8<--
found: sum= 72.0000 var=  0.0000 fitness= 72.0000
-->8--
         20      24 
     15       3       8
      2      23      13 
 21       9       1       6
 19      11      16      22
     10      12      14 
      4      18       7
         17       5 
--8<--
found: sum= 79.0000 var=  0.0000 fitness= 79.0000
-->8--
         14      22 
      4      24       1
     20       9      13 
 18       8      10       2
  6      12      21      17
     15      19      16 
      3       7      11
         23       5 
--8<--
found: sum= 73.0000 var=  0.0000 fitness= 73.0000
-->8--
         18      17 
      3      24      16
     11      13       2 
 22       4       1      12
 10      21      20      23
      5      14      15 
      6       8       9
         19       7 
--8<--
found: sum= 78.0000 var=  0.0000 fitness= 78.0000
-->8--
         23       1 
     10      19      21
     15       4      13 
  9       7      20      16
 11      12      18       6
     24      17       5 
      8      14       2
          3      22 
--8<--
found: sum= 79.0000 var=  0.0000 fitness= 79.0000
-->8--
          3       9 
      1      17       6
     22      15      24 
 10      21       8       4
  7       5      18      23
     14      12       2 
     19      16      11
         13      20 
--8<--
found: sum= 79.0000 var=  0.0000 fitness= 79.0000
-->8--
          1       2 
     13      14      12
     20      21      24 
  4      10       6      15
 18      16       3      22
     11      23       9 
      7      17       8
          5      19 
--8<--
found: sum= 77.0000 var=  0.0000 fitness= 77.0000
-->8--
         18       5 
     11      10      24
     12      23       7 
 21       3       8       9
 13       6      20      14
     22      17      19 
     16      15       2
          1       4 
--8<--
found: sum= 79.0000 var=  0.0000 fitness= 79.0000
-->8--
         12       3 
      9       8      19
     24       6      22 
 15      20      21       4
 11       2      13       1
      7      17      18 
     14      16      10
         23       5 
--8<--
found: sum= 75.0000 var=  0.0000 fitness= 75.0000
-->8--
         21       7 
     19       6      18
     20       5      15 
  1       4      24       2
 23      11       9      17
     16      22       8 
     13      10      12
          3      14 
--8<--
found: sum= 84.0000 var=  0.0000 fitness= 84.0000
-->8--
          4       5 
     10      18      11
     21      14      23 
 12      17      13       7
  8       2      16       6
     24      22      19 
      1      15       9
         20       3 
--8<--
execution time: real 0.048333s user 0.006998s sys 0.001999s
GA: P=50 K=10 sp=2 xover=2D/1 optrpl=2 optskip=10 optmax=1.142857
generation #54: pop m= 77.680 v= 48.793 f= 53.927 best_age=1
best: found: sum= 84.0000 var=  0.0000 fitness= 84.0000
-->8--
          4       5 
     10      18      11
     21      14      23 
 12      17      13       7
  8       2      16       6
     24      22      19 
      1      15       9
         20       3 
--8<--
found: sum= 75.0000 var=  0.0000 fitness= 75.0000
-->8--
         21       7 
     19       6      18
     20       5      15 
  1       4      24       2
 23      11       9      17
     16      22       8 
     13      10      12
          3      14 
--8<--
found: sum= 79.0000 var=  0.0000 fitness= 79.0000
-->8--
         12       3 
      9       8      19
     24       6      22 
 15      20      21       4
 11       2      13       1
      7      17      18 
     14      16      10
         23       5 
--8<--
found: sum= 80.0000 var=  0.0000 fitness= 80.0000
-->8--
          5       6 
      7      19      14
     11      23      10 
  9      15       8       4
  3      20      13      24
     22       1      21 
     18      17      12
          2      16 
--8<--
