found: sum= 76.0000 var=  0.0000 fitness= 76.0000 age=0
-->8--
         13      24 
      4      12       2
     14      16      21 
  7      17       1      23
  6      22       9      19
     10      11       3 
      8      20      15
          5      18 
--8<--
found: sum= 79.0000 var=  0.0000 fitness= 79.0000 age=0
-->8--
         10      20 
     19       8      14
     23      18      13 
  9       1       6       7
  5      17      16      22
     24      21      15 
      3      12       4
          2      11 
--8<--
found: sum= 62.0000 var=  0.0000 fitness= 62.0000 age=0
-->8--
         11       1 
     16      22      21
     12      -1      -1 
 14       2      20      15
  8      19       5      13
      7      17      10 
      6       9       3
          4      18 
--8<--
found: sum= 73.0000 var=  0.0000 fitness= 73.0000 age=0
-->8--
         19      22 
     18       8       4
     21       6      16 
 10       1      17      13
  3      15      14       2
     23      20      11 
     -2      12       7
          5       9 
--8<--
found: sum= 75.0000 var=  0.0000 fitness= 75.0000 age=0
-->8--
         22      10 
      4       6      21
     16       8      23 
  3      19       7       5
  2      15      14       9
     20      12      17 
     -1      18       1
         11      13 
--8<--
found: sum= 79.0000 var=  0.0000 fitness= 79.0000 age=0
-->8--
         24      22 
      3       6       4
     21      17      16 
  5       8      14      15
  7      18      12       9
     20      10      13 
      1      19       2
         11      23 
--8<--
found: sum= 67.0000 var=  0.0000 fitness= 67.0000 age=0
-->8--
          5      19 
     22      11      18
     20       6      14 
 13       3      -1      17
  1      21      23      12
      9      15       2 
      8       4      16
         10       7 
--8<--
found: sum= 67.0000 var=  0.0000 fitness= 67.0000 age=0
-->8--
         20      18 
     21       7      23
      9       2       4 
 19       8      13       5
 -2      17      12      11
     16      15      22 
     10       3       1
          6      14 
--8<--
found: sum= 70.0000 var=  0.0000 fitness= 70.0000 age=0
-->8--
         20      15 
      3      23      21
      6       2      -1 
  9      16      10      19
  5      12      13      11
     22      17      18 
      8       7       1
          4      14 
--8<--
found: sum= 78.0000 var=  0.0000 fitness= 78.0000 age=0
-->8--
          8       3 
     13      20      22
     19      17       7 
  5       1       9      23
 11      18      21      14
     24      12       4 
      6      16      15
          2      10 
--8<--
found: sum= 78.0000 var=  0.0000 fitness= 78.0000 age=0
-->8--
          6      22 
     24      14      16
     18       9       2 
 13       7      15      10
  8      11      19      20
     21      17      12 
      5      23       3
          1       4 
--8<--
found: sum= 74.0000 var=  0.0000 fitness= 74.0000 age=0
-->8--
         23      16 
     10      22      -2
      6       5      19 
 18       8      14       1
  4      21      11       9
     17      15      20 
      7      12      13
          2       3 
--8<--
found: sum= 78.0000 var=  0.0000 fitness= 78.0000 age=0
-->8--
         14       3 
     12      21      18
     20       7      16 
 10       4      13      11
  6      15      17      19
     23      22       2 
      9       8      24
          1       5 
--8<--
found: sum= 70.0000 var=  0.0000 fitness= 70.0000 age=0
-->8--
         22      15 
     16       1      20
     19       7       6 
  9       5      21       3
  2      12       8      14
     23      17      18 
     -3      10       4
         11      13 
--8<--
found: sum= 77.0000 var=  0.0000 fitness= 77.0000 age=0
-->8--
          1      11 
     22      21      15
     18       5      23 
 12      10       2      19
  6      24      16       4
      7      20      13 
      9       3      17
         14       8 
--8<--
found: sum= 70.0000 var=  0.0000 fitness= 70.0000 age=0
-->8--
         10      11 
     17      22       6
     15       1      14 
 23       5      16       7
  2      21       8      12
      4      19      13 
     20       9      18
         -3       3 
--8<--
found: sum= 80.0000 var=  0.0000 fitness= 80.0000 age=0
-->8--
         20      11 
      6      23      14
     13       3      17 
  8      15      12       7
  1      19      10      16
     24      21      18 
      9       5       4
          2      22 
--8<--
found: sum= 79.0000 var=  0.0000 fitness= 79.0000 age=0
-->8--
          7       9 
     24      21      10
      3       6      20 
 22      18      13      14
  5       8      19       2
     23      15      11 
      4      17      16
         12       1 
--8<--
found: sum= 75.0000 var=  0.0000 fitness= 75.0000 age=0
-->8--
         22       4 
      8      16       6
      3      11      21 
 13      15      17       2
 10      20       7      19
     14       5       9 
      1      12      18
         23      24 
--8<--
found: sum= 80.0000 var=  0.0000 fitness= 80.0000 age=0
-->8--
         21       9 
     15      20      10
     11       5      23 
 19       8      13       7
  4      14      18       3
     24      22      16 
      2       6       1
         12      17 
--8<--
found: sum= 77.0000 var=  0.0000 fitness= 77.0000 age=0
-->8--
         23      10 
      5      22      13
     17       3      11 
 14       7      18      24
  4      16      21       2
     19      12       1 
      9      15      20
          6       8 
--8<--
found: sum= 78.0000 var=  0.0000 fitness= 78.0000 age=0
-->8--
         16      22 
     10      20       5
     18       8      14 
 15       6       9       3
  4      11      23      17
     24      21      12 
     13       2      19
          7       1 
--8<--
found: sum= 82.0000 var=  0.0000 fitness= 82.0000 age=0
-->8--
         10      17 
     11      19      13
     24      15      12 
  7       3       6       9
  8      22      20      21
     18      16      14 
      2      23       4
          1       5 
--8<--
found: sum= 72.0000 var=  0.0000 fitness= 72.0000 age=0
-->8--
          5      15 
     23      21      10
      9       6      13 
 19       8       7      12
  1      17      20      -2
     18      14      22 
     16       3       2
          4      11 
--8<--
found: sum= 76.0000 var=  0.0000 fitness= 76.0000 age=0
-->8--
         17      13 
      4      18       3
     19       6      16 
  7      12      20       1
  2      15       9       8
     21      14      22 
     10      11      -3
          5      23 
--8<--
found: sum= 78.0000 var=  0.0000 fitness= 78.0000 age=0
-->8--
          1       4 
     24      20       7
     22       5      19 
 16       6      23      18
  8      14      13       3
     12      17       2 
     11      15      10
          9      21 
--8<--
found: sum= 77.0000 var=  0.0000 fitness= 77.0000 age=0
-->8--
         16      -1 
      7      23      17
     19       4      22 
  6       8      12      13
 10      20      18       1
     14      15      11 
      2      21       3
          5       9 
--8<--
found: sum= 80.0000 var=  0.0000 fitness= 80.0000 age=0
-->8--
         20       6 
      8      12      11
     19      14      22 
 13       7      15       5
  4      16      18       3
     21      10      17 
     23       9      24
          1       2 
--8<--
found: sum= 76.0000 var=  0.0000 fitness= 76.0000 age=0
-->8--
         24      18 
      9      20       5
      3       4      15 
 19      16      14       6
  8      13       7      11
     17      22      23 
     10       2       1
         12      21 
--8<--
found: sum= 83.0000 var=  0.0000 fitness= 83.0000 age=0
-->8--
         16       6 
     12      24       9
     17      10      13 
 15       4      21       5
  8      19       7      14
     20      22      23 
      3      18       2
          1      11 
--8<--
found: sum= 83.0000 var=  0.0000 fitness= 83.0000 age=0
-->8--
         11      10 
     13      20       6
     17       7      22 
  5      15      18      19
  2      21      14       1
     23       8       9 
      4      24      12
          3      16 
--8<--
found: sum= 78.0000 var=  0.0000 fitness= 78.0000 age=0
-->8--
         21       9 
      7      24      18
      5       2      10 
 14      19      15      16
  4      13      12       3
     23      17      22 
     11       6       1
          8      20 
--8<--
found: sum= 79.0000 var=  0.0000 fitness= 79.0000 age=0
-->8--
         16       8 
      9      23      19
     22       4      14 
 13       5      11       3
  6      21      20      24
     12      18       7 
     10      17       2
          1      15 
--8<--
found: sum= 78.0000 var=  0.0000 fitness= 78.0000 age=0
-->8--
         16      19 
      8      20       4
     21       3      15 
 13      10      17       5
  7      18       6      12
      9      24      23 
     11       2       1
         14      22 
--8<--
found: sum= 76.0000 var=  0.0000 fitness= 76.0000 age=0
-->8--
         15       3 
     17      21      22
      4      10       2 
 13       9      18       8
  7      20       5      19
     23      14      24 
     12       6      11
          1      16 
--8<--
found: sum= 83.0000 var=  0.0000 fitness= 83.0000 age=0
-->8--
          2       8 
     21      19      16
     20      12      18 
 14       9      10      15
  7      22      13       3
     11      17      24 
      4      23       1
          6       5 
--8<--
found: sum= 82.0000 var=  0.0000 fitness= 82.0000 age=0
-->8--
         12       7 
      3      21       1
     19      18      24 
  5       9      11       6
 10      17      13       8
     22      14      20 
      2       4      16
         23      15 
--8<--
found: sum= 79.0000 var=  0.0000 fitness= 79.0000 age=0
-->8--
          5      11 
     18      16      21
     23      10       1 
  8       7      20      19
  4      13      14       3
     24      15      22 
     12       9       2
          6      17 
--8<--
found: sum= 82.0000 var=  0.0000 fitness= 82.0000 age=0
-->8--
         22      10 
      5      18       4
     13       9      21 
 11      15      20      12
  3      17       7       6
     23      14      16 
      1      19       2
          8      24 
--8<--
found: sum= 80.0000 var=  0.0000 fitness= 80.0000 age=0
-->8--
         10      19 
      8      20       6
     24       5      18 
  4      13      12      23
  1      17      22       3
     21      11       2 
      9      15      14
          7      16 
--8<--
found: sum= 76.0000 var=  0.0000 fitness= 76.0000 age=0
-->8--
         21       8 
      7      22      16
     15       5      14 
  9       6      11      20
  4      18      19      10
     24      17       2 
     13       3      23
          1      12 
--8<--
found: sum= 71.0000 var=  0.0000 fitness= 71.0000 age=0
-->8--
         11      22 
     15      13      10
     23       6      12 
  7       3       8       9
  1      19      21       4
     18      14      17 
      2      -2      16
         20       5 
--8<--
found: sum= 84.0000 var=  0.0000 fitness= 84.0000 age=0
-->8--
         24      13 
      2      21       3
     18      10      22 
  8       9      15       6
 12      17      14       4
     20      19      23 
      5      16       1
          7      11 
--8<--
found: sum= 71.0000 var=  0.0000 fitness= 71.0000 age=0
-->8--
          7      11 
     18      21       3
     16       1      20 
  4       8      15      -3
  2      22      12      10
     19      13      17 
     -2      14       6
          5       9 
--8<--
found: sum= 72.0000 var=  0.0000 fitness= 72.0000 age=0
-->8--
         21      18 
     10       4      -1
      7      14      22 
 11      16      15      19
  2      13       6       1
     23       8       9 
      5      20      12
          3      17 
--8<--
found: sum= 73.0000 var=  0.0000 fitness= 73.0000 age=0
-->8--
         13       7 
     11      22      21
     18       3       8 
 16       6      12       5
 -3      17      15      10
     19      20      23 
     14       2       4
          1       9 
--8<--
found: sum= 83.0000 var=  0.0000 fitness= 83.0000 age=0
-->8--
          9      12 
     13      21      10
     23       6      14 
  7      11      20       3
  2      22       5      17
     18      19      24 
      8      15       4
          1      16 
--8<--
found: sum= 83.0000 var=  0.0000 fitness= 83.0000 age=0
-->8--
         23       6 
      4      18      11
     22       3      24 
  9      13      21       5
  7      15      12       1
     17      19      20 
      8      14      16
         10       2 
--8<--
found: sum= 80.0000 var=  0.0000 fitness= 80.0000 age=0
-->8--
          4      14 
     16      21       6
     13       9      22 
 10      17       8       2
  5      12      19      11
     23      15      18 
     20       3      24
          7       1 
--8<--
found: sum= 76.0000 var=  0.0000 fitness= 76.0000 age=0
-->8--
         21      10 
      5      22       7
     16       4      14 
 11       8      19       9
  3      20      13       6
     18      12      15 
      1      23      -4
          2      17 
--8<--
found: sum= 76.0000 var=  0.0000 fitness= 76.0000 age=0
-->8--
         20      12 
      6      23      10
     18       1      16 
  5       8      14      11
  2      21      19      -1
     22      13      17 
      4       9       3
          7      15 
--8<--
found: sum= 78.0000 var=  0.0000 fitness= 78.0000 age=0
-->8--
         15      23 
     10      18      12
     20       4      16 
  3      11       5       6
  1      22      19      24
     21      17       8 
      2       7      13
          9      14 
--8<--
found: sum= 81.0000 var=  0.0000 fitness= 81.0000 age=0
-->8--
         11      24 
     16      19       6
     23       7      15 
  8       5      10       9
  2      21      18      17
     22      20      12 
      3      14       4
          1      13 
--8<--
found: sum= 82.0000 var=  0.0000 fitness= 82.0000 age=0
-->8--
         12       6 
     14      23      13
     21       7       9 
 11       5      24       3
  4      19      10      16
     22      17      20 
      8      15       2
          1      18 
--8<--
found: sum= 73.0000 var=  0.0000 fitness= 73.0000 age=0
-->8--
         13       2 
     11      23      15
     14       4      12 
 10       8      17      22
  3      18       7       6
     20      19       9 
     -5      16       1
          5      21 
--8<--
found: sum= 84.0000 var=  0.0000 fitness= 84.0000 age=0
-->8--
          9      20 
     14      19      10
     22       8      11 
  5      12      16       1
  7      17      18      15
     21      13      23 
      3      24       2
          6       4 
--8<--
found: sum= 72.0000 var=  0.0000 fitness= 72.0000 age=0
-->8--
         14      11 
      8      16       2
     17       7      21 
  4      10      15      -5
  1      18       9      12
     22      13      20 
     -3      19       5
          3       6 
--8<--
found: sum= 80.0000 var=  0.0000 fitness= 80.0000 age=0
-->8--
         10      12 
     11      17       9
     23       5      19 
  3      14      18       8
  2      16       7      24
     22      20       4 
      6      15      21
          1      13 
--8<--
found: sum= 83.0000 var=  0.0000 fitness= 83.0000 age=0
-->8--
          9       4 
     19      22      13
     20       6      14 
 10       7      24       1
  5      18      11      12
     23      17      21 
      8      15       3
          2      16 
--8<--
found: sum= 70.0000 var=  0.0000 fitness= 70.0000 age=0
-->8--
         13       5 
     22      14      15
      6       8      18 
 21       7      10      11
 -3      20      16      12
     19       9       3 
      4      17       2
          1      23 
--8<--
found: sum= 81.0000 var=  0.0000 fitness= 81.0000 age=0
-->8--
         15      13 
      9      21      11
     18       6      14 
  8      12      16       7
  2      17      20      19
     24      10       5 
      4      23       1
          3      22 
--8<--
found: sum= 83.0000 var=  0.0000 fitness= 83.0000 age=0
-->8--
         17       9 
     12      22      11
     24       3      20 
  8       5      18      15
  6      21      13       1
     19      23      16 
      2      14       7
          4      10 
--8<--
found: sum= 78.0000 var=  0.0000 fitness= 78.0000 age=0
-->8--
          9      10 
     15      21       6
     13       2      23 
  4      18      16      12
  7      14      11      -4
     22      17      20 
      5      19       8
          1       3 
--8<--
found: sum= 83.0000 var=  0.0000 fitness= 83.0000 age=0
-->8--
          7       3 
     16      20       8
     22      12      21 
  4       6      19      14
 10      18      13      11
     23      15       5 
      2      24       9
          1      17 
--8<--
found: sum= 79.0000 var=  0.0000 fitness= 79.0000 age=0
-->8--
          6      10 
     11      21       1
     20       9      22 
  7      12      16       3
  2      15      13       8
     23      14      17 
      5      18      19
          4      -2 
--8<--
found: sum= 79.0000 var=  0.0000 fitness= 79.0000 age=0
-->8--
         11      19 
     17      10       2
     21      13      20 
  8       7      15       1
  9      18      14       6
     16      12      23 
      4       5      22
         24       3 
--8<--
found: sum= 84.0000 var=  0.0000 fitness= 84.0000 age=0
-->8--
         13      10 
     11      24      14
     15       9      21 
  8      12       6       3
  4      22      16      18
     23      19      20 
      1      17       5
          2       7 
--8<--
found: sum= 76.0000 var=  0.0000 fitness= 76.0000 age=0
-->8--
         17       8 
      6      23      -1
     10       7      20 
 18      13      19       3
  2      11      12       1
     22      14      21 
     15       9       4
          5      16 
--8<--
found: sum= 81.0000 var=  0.0000 fitness= 81.0000 age=0
-->8--
          8       4 
     13      17      14
     20      12      15 
  7      11      19       9
  6      16       5      23
     21      18      10 
      3      22       2
          1      24 
--8<--
found: sum= 85.0000 var=  0.0000 fitness= 85.0000 age=0
-->8--
         10      12 
     14      23       8
     19      13      18 
  9       6      11       3
  5      22      17      15
     24      16      21 
      1      20       4
          2       7 
--8<--
found: sum= 79.0000 var=  0.0000 fitness= 79.0000 age=0
-->8--
         19      23 
      7      16      18
     15       8      13 
  2      14       1       4
  5      21      24      20
     22      11      17 
     10      12       6
          3       9 
--8<--
execution time: real 2.444962s user 0.026995s sys 0.003999s
GA: P=512 K=256 sp=3 xover=2D/1 aging
generation #21: pop m= 81.704 v=0.588 f= 78.599
best: found: sum= 85.0000 var=  0.0000 fitness= 85.0000 age=1
-->8--
         10      12 
     14      23       8
     19      13      18 
  9       6      11       3
  5      22      17      15
     24      16      21 
      1      20       4
          2       7 
--8<--
found: sum= 81.0000 var=  0.0000 fitness= 81.0000 age=2
-->8--
          8       4 
     13      17      14
     20      12      15 
  7      11      19       9
  6      16       5      23
     21      18      10 
      3      22       2
          1      24 
--8<--
found: sum= 83.0000 var=  0.0000 fitness= 83.0000 age=7
-->8--
          9      12 
     13      21      10
     23       6      14 
  7      11      20       3
  2      22       5      17
     18      19      24 
      8      15       4
          1      16 
--8<--
found: sum= 83.0000 var=  0.0000 fitness= 83.0000 age=11
-->8--
         11      10 
     13      20       6
     17       7      22 
  5      15      18      19
  2      21      14       1
     23       8       9 
      4      24      12
          3      16 
--8<--
found: sum= 84.0000 var=  0.0000 fitness= 84.0000 age=5
-->8--
          9      20 
     14      19      10
     22       8      11 
  5      12      16       1
  7      17      18      15
     21      13      23 
      3      24       2
          6       4 
--8<--
found: sum= 79.0000 var=  0.0000 fitness= 79.0000 age=1
-->8--
         19      23 
      7      16      18
     15       8      13 
  2      14       1       4
  5      21      24      20
     22      11      17 
     10      12       6
          3       9 
--8<--
found: sum= 83.0000 var=  0.0000 fitness= 83.0000 age=11
-->8--
         16       6 
     12      24       9
     17      10      13 
 15       4      21       5
  8      19       7      14
     20      22      23 
      3      18       2
          1      11 
--8<--
found: sum= 83.0000 var=  0.0000 fitness= 83.0000 age=4
-->8--
          9       4 
     19      22      13
     20       6      14 
 10       7      24       1
  5      18      11      12
     23      17      21 
      8      15       3
          2      16 
--8<--
found: sum= 81.0000 var=  0.0000 fitness= 81.0000 age=5
-->8--
         11      24 
     16      19       6
     23       7      15 
  8       5      10       9
  2      21      18      17
     22      20      12 
      3      14       4
          1      13 
--8<--
found: sum= 84.0000 var=  0.0000 fitness= 84.0000 age=2
-->8--
         13      10 
     11      24      14
     15       9      21 
  8      12       6       3
  4      22      16      18
     23      19      20 
      1      17       5
          2       7 
--8<--
found: sum= 82.0000 var=  0.0000 fitness= 82.0000 age=9
-->8--
         22      10 
      5      18       4
     13       9      21 
 11      15      20      12
  3      17       7       6
     23      14      16 
      1      19       2
          8      24 
--8<--
found: sum= 82.0000 var=  0.0000 fitness= 82.0000 age=13
-->8--
         10      17 
     11      19      13
     24      15      12 
  7       3       6       9
  8      22      20      21
     18      16      14 
      2      23       4
          1       5 
--8<--
found: sum= 83.0000 var=  0.0000 fitness= 83.0000 age=4
-->8--
         17       9 
     12      22      11
     24       3      20 
  8       5      18      15
  6      21      13       1
     19      23      16 
      2      14       7
          4      10 
--8<--
found: sum= 82.0000 var=  0.0000 fitness= 82.0000 age=5
-->8--
         12       6 
     14      23      13
     21       7       9 
 11       5      24       3
  4      19      10      16
     22      17      20 
      8      15       2
          1      18 
--8<--
found: sum= 81.0000 var=  0.0000 fitness= 81.0000 age=4
-->8--
         15      13 
      9      21      11
     18       6      14 
  8      12      16       7
  2      17      20      19
     24      10       5 
      4      23       1
          3      22 
--8<--
found: sum= 83.0000 var=  0.0000 fitness= 83.0000 age=10
-->8--
          2       8 
     21      19      16
     20      12      18 
 14       9      10      15
  7      22      13       3
     11      17      24 
      4      23       1
          6       5 
--8<--
found: sum= 83.0000 var=  0.0000 fitness= 83.0000 age=3
-->8--
          7       3 
     16      20       8
     22      12      21 
  4       6      19      14
 10      18      13      11
     23      15       5 
      2      24       9
          1      17 
--8<--
found: sum= 84.0000 var=  0.0000 fitness= 84.0000 age=7
-->8--
         24      13 
      2      21       3
     18      10      22 
  8       9      15       6
 12      17      14       4
     20      19      23 
      5      16       1
          7      11 
--8<--
found: sum= 82.0000 var=  0.0000 fitness= 82.0000 age=10
-->8--
         12       7 
      3      21       1
     19      18      24 
  5       9      11       6
 10      17      13       8
     22      14      20 
      2       4      16
         23      15 
--8<--
found: sum= 83.0000 var=  0.0000 fitness= 83.0000 age=7
-->8--
         23       6 
      4      18      11
     22       3      24 
  9      13      21       5
  7      15      12       1
     17      19      20 
      8      14      16
         10       2 
--8<--
