found: sum= 73.0000 var=  0.0000 fitness= 73.0000 age=0
-->8--
         24      15 
      6      17       1
      8      16       3 
 22       2      21      13
 14       4      20       7
     23      10       9 
     12       5      11
         19      18 
--8<--
found: sum= 79.0000 var=  0.0000 fitness= 79.0000 age=0
-->8--
         22       8 
      2      18      21
     24       4      11 
  6       9      17       7
  1      16      20      19
     23      13       5 
      3      14      12
         10      15 
--8<--
found: sum= 72.0000 var=  0.0000 fitness= 72.0000 age=0
-->8--
         13      18 
      4      11       7
     19      10      17 
 16      15       9      22
 14       5      21       1
      3      12       2 
     24       8       6
         20      23 
--8<--
found: sum= 74.0000 var=  0.0000 fitness= 74.0000 age=0
-->8--
         13      19 
     22       9       1
     14      12      10 
 24       4      23      16
  6      21       3       7
      5      11      15 
     18      17      20
          2       8 
--8<--
found: sum= 75.0000 var=  0.0000 fitness= 75.0000 age=0
-->8--
         10      22 
     15      13       1
     11      17      20 
  6       9       2       8
 18      19      24      16
     12       4       5 
     23      14      21
          3       7 
--8<--
found: sum= 78.0000 var=  0.0000 fitness= 78.0000 age=0
-->8--
         12       7 
     19       8      23
     24       9      15 
  2       6      16      10
 17      11      14       3
     18      22      20 
     21       5       4
          1      13 
--8<--
found: sum= 79.0000 var=  0.0000 fitness= 79.0000 age=0
-->8--
         17      20 
      1      23       4
     12       7      22 
 10      19       3      13
  5      18      21       6
     15      11      14 
      2       9       8
         24      16 
--8<--
found: sum= 73.0000 var=  0.0000 fitness= 73.0000 age=0
-->8--
          1       9 
     19       3      15
     14      23       5 
 10      13      18      20
 22       2       6      17
     12      11       7 
     16      24       4
          8      21 
--8<--
found: sum= 74.0000 var=  0.0000 fitness= 74.0000 age=0
-->8--
         21      20 
     11      14       6
     17       3      24 
  5       8       7      19
  9      23      18       4
     12      15       2 
     13       1      16
         10      22 
--8<--
found: sum= 81.0000 var=  0.0000 fitness= 81.0000 age=0
-->8--
          2       5 
     14      17      11
      7      21      15 
 10      20      12      18
  8      13       9       3
     23       6      24 
      4      19       1
         16      22 
--8<--
found: sum= 80.0000 var=  0.0000 fitness= 80.0000 age=0
-->8--
         16       5 
      1      20       9
     24      17       8 
  6       2      21      13
 23       3      19       4
     22      18      15 
     14      11      10
         12       7 
--8<--
found: sum= 80.0000 var=  0.0000 fitness= 80.0000 age=0
-->8--
          1       9 
      5      22      18
     23       8      12 
  4      21      11      19
 10       2      14      17
     20      24       7 
      3      16      13
         15       6 
--8<--
found: sum= 76.0000 var=  0.0000 fitness= 76.0000 age=0
-->8--
          6      10 
     16      24       3
     11      12       8 
 21       7      19       4
 15       5      20      23
     17      13       2 
     14      18      22
          9       1 
--8<--
found: sum= 79.0000 var=  0.0000 fitness= 79.0000 age=0
-->8--
          6       2 
     13      24       3
      5      23       9 
 22       8      18      11
  7      16       4      20
     21      10      17 
     12      19      15
          1      14 
--8<--
found: sum= 78.0000 var=  0.0000 fitness= 78.0000 age=0
-->8--
         21       8 
     22       4      19
     15       3      20 
  5      13      24       6
 18      10      16       1
     17      12      11 
     14      23       7
          2       9 
--8<--
found: sum= 70.0000 var=  0.0000 fitness= 70.0000 age=0
-->8--
          6      11 
     17       3      16
      8      21       9 
 14      15      10       7
 24       4       1      20
      5      19      23 
     18       2      12
         22      13 
--8<--
found: sum= 71.0000 var=  0.0000 fitness= 71.0000 age=0
-->8--
         21       8 
     24       6      10
      3      13      23 
 15       4      11       1
 19      14      22       9
     16       7       5 
     12       2      18
         20      17 
--8<--
found: sum= 75.0000 var=  0.0000 fitness= 75.0000 age=0
-->8--
         20      18 
      2      14       9
     24      11      22 
  6       4       1      16
 17      21      23       8
      3      15       5 
     10       7      12
         19      13 
--8<--
found: sum= 74.0000 var=  0.0000 fitness= 74.0000 age=0
-->8--
         20       3 
     11       1      17
     23      14      18 
 16       5      21      12
 19       2      10       7
      9      22       6 
      4      13       8
         24      15 
--8<--
found: sum= 76.0000 var=  0.0000 fitness= 76.0000 age=0
-->8--
          4       1 
     24       6      23
     22      17      11 
  2       3      18       8
 12      21      10       9
     16       7      20 
     13       5      15
         14      19 
--8<--
found: sum= 78.0000 var=  0.0000 fitness= 78.0000 age=0
-->8--
         15      17 
      2      21      12
     23      13       9 
  5       4       6      24
 11      19      14       7
     16      22      18 
     10       3       1
          8      20 
--8<--
found: sum= 78.0000 var=  0.0000 fitness= 78.0000 age=0
-->8--
          7      12 
     13      14      11
     23       2      15 
 16      19      24       5
  1      10      20       6
      9       3       8 
     17      21      22
         18       4 
--8<--
found: sum= 76.0000 var=  0.0000 fitness= 76.0000 age=0
-->8--
          9      24 
      4      10       2
     23      18      17 
 19      12       5       3
  1      13      21      14
      8       7      16 
     22       6      15
         20      11 
--8<--
found: sum= 75.0000 var=  0.0000 fitness= 75.0000 age=0
-->8--
          6       4 
     10      13      15
      3      21      14 
 24      22       8      12
  5       1       7      11
     20      16      23 
     19       2      18
         17       9 
--8<--
found: sum= 68.0000 var=  0.0000 fitness= 68.0000 age=0
-->8--
          2      21 
     22       8       9
     14      19       6 
 23       3       5      12
 11      13      18      20
      4      10       7 
     16       1      15
         24      17 
--8<--
found: sum= 80.0000 var=  0.0000 fitness= 80.0000 age=0
-->8--
          5      15 
      8      23      11
     18      10       7 
 17      16      14      21
  3      20       1      13
      6      19      24 
      4      22      12
          9       2 
--8<--
found: sum= 74.0000 var=  0.0000 fitness= 74.0000 age=0
-->8--
          8       1 
     18      19      16
      6       3      24 
 17      20      11      15
  9      10       7      13
     12      23       4 
      2       5      21
         22      14 
--8<--
found: sum= 75.0000 var=  0.0000 fitness= 75.0000 age=0
-->8--
         11      19 
      1       2      15
     24      14       9 
 10      23      16      18
  5       6       3       8
      7      13      21 
     20      12      22
         17       4 
--8<--
found: sum= 79.0000 var=  0.0000 fitness= 79.0000 age=0
-->8--
         11       9 
     12       8       5
     17      15      20 
 19      16      22       2
  6      18       7       4
      3       1      24 
     21      23      14
         13      10 
--8<--
found: sum= 71.0000 var=  0.0000 fitness= 71.0000 age=0
-->8--
         16       7 
     15      12      20
     17      10       3 
 21       1      19       4
  6      18       9      23
      8      14      13 
     24       2      11
          5      22 
--8<--
found: sum= 74.0000 var=  0.0000 fitness= 74.0000 age=0
-->8--
          3      20 
     22      10      17
      8      12      11 
  5      19       4       7
 13       6      15      21
     23      18      16 
      1       2      14
         24       9 
--8<--
found: sum= 81.0000 var=  0.0000 fitness= 81.0000 age=0
-->8--
         17      15 
      5      20      21
     19       2       7 
  8      18      16      11
  3       9      22      13
     24      14      12 
     10      23       4
          1       6 
--8<--
found: sum= 75.0000 var=  0.0000 fitness= 75.0000 age=0
-->8--
          1       2 
     13       6      24
     23      11      18 
  4      21      14      17
 10       5      16       3
     12       8       7 
     19       9      20
         22      15 
--8<--
found: sum= 74.0000 var=  0.0000 fitness= 74.0000 age=0
-->8--
          1       3 
     13      17      15
     12       8      20 
  5      23      11       9
 21       6       2      22
      7      24      10 
     19       4      16
         14      18 
--8<--
found: sum= 77.0000 var=  0.0000 fitness= 77.0000 age=0
-->8--
         12      15 
     19      10      11
     22       1      17 
  5      13      23       3
 14       2      18       7
     21      20       9 
      4       6      16
         24       8 
--8<--
found: sum= 77.0000 var=  0.0000 fitness= 77.0000 age=0
-->8--
         20      14 
     24       2      16
     15      13       9 
 21       3      23       4
  5      11      17       6
     22      10      18 
      8      19      12
          7       1 
--8<--
found: sum= 81.0000 var=  0.0000 fitness= 81.0000 age=0
-->8--
         18      19 
      1      24       4
     22       5      16 
 15      11      13      17
  3      21       8       7
      9      23      20 
      2      14      10
         12       6 
--8<--
found: sum= 76.0000 var=  0.0000 fitness= 76.0000 age=0
-->8--
         16       8 
      5       1      19
     23      24      22 
 13       7       2       4
 12      10      18      21
     11      15       9 
     20      14      17
          6       3 
--8<--
found: sum= 81.0000 var=  0.0000 fitness= 81.0000 age=0
-->8--
          1       6 
     11      24       2
     14      23       9 
 20       8      17      22
  4      16       5       7
     19      12      21 
     13      18      10
          3      15 
--8<--
found: sum= 74.0000 var=  0.0000 fitness= 74.0000 age=0
-->8--
          8       4 
     22      18      16
     15      10      14 
 21       1      12      17
 11      23      19       5
      3       9       7 
     24      13      20
          2       6 
--8<--
found: sum= 76.0000 var=  0.0000 fitness= 76.0000 age=0
-->8--
          7      10 
     12       1       2
     13      22      24 
  6      21      17       8
 19       3       4      18
     14       9       5 
     11      23      20
         16      15 
--8<--
found: sum= 75.0000 var=  0.0000 fitness= 75.0000 age=0
-->8--
         24       5 
     16       7      22
      3      17      20 
 14       8       4       1
 12      23      21      18
     15       2      11 
      6      19       9
         10      13 
--8<--
found: sum= 81.0000 var=  0.0000 fitness= 81.0000 age=0
-->8--
         18      17 
      3       1       4
     24      21      22 
  8      14      16       2
 13       7      11      10
     15      12      20 
     19      23       6
          5       9 
--8<--
found: sum= 76.0000 var=  0.0000 fitness= 76.0000 age=0
-->8--
          3       2 
     20      23      18
      8       1      10 
 15      21      22       4
  7      14       5      16
     11      13      19 
     12       9       6
         17      24 
--8<--
found: sum= 81.0000 var=  0.0000 fitness= 81.0000 age=0
-->8--
         10      17 
     15      19      18
     24       2       3 
  8      11      22      14
  1      21      13       9
     16      12      20 
      4      23       6
          5       7 
--8<--
found: sum= 78.0000 var=  0.0000 fitness= 78.0000 age=0
-->8--
         14      15 
      6      23      16
     24       8       9 
 19       3       7      21
  1      18      22       2
     13      20      17 
     11       4      10
         12       5 
--8<--
found: sum= 79.0000 var=  0.0000 fitness= 79.0000 age=0
-->8--
          1      12 
      8      24       3
      7      16      14 
 21      23      10      20
  4      15       2      11
      9      13      22 
     18      19       6
          5      17 
--8<--
found: sum= 76.0000 var=  0.0000 fitness= 76.0000 age=0
-->8--
         21       1 
     12       5      11
     18      17      23 
 20       3      19       7
 16      15      13       8
      4       9       6 
     10      24      22
         14       2 
--8<--
found: sum= 76.0000 var=  0.0000 fitness= 76.0000 age=0
-->8--
          9      10 
     16      20      24
     14       2      13 
 12      15       7       6
  3      11      23      19
     21      18       8 
     17       4       1
          5      22 
--8<--
found: sum= 79.0000 var=  0.0000 fitness= 79.0000 age=0
-->8--
          7       8 
     16      15       9
     17      22      13 
 23       2      12       3
  4      14      24       6
     19       5      21 
     20      10       1
         11      18 
--8<--
found: sum= 78.0000 var=  0.0000 fitness= 78.0000 age=0
-->8--
          5      21 
     22      23       2
      8       1      16 
  3      19      15       6
 24      10      13      11
     14      20      17 
      4      12       7
         18       9 
--8<--
found: sum= 74.0000 var=  0.0000 fitness= 74.0000 age=0
-->8--
          8      10 
     23      14      24
      7       2      13 
 18      20      11      17
  6       1      21       3
     22      19       9 
     15       5       4
         12      16 
--8<--
found: sum= 77.0000 var=  0.0000 fitness= 77.0000 age=0
-->8--
         13      18 
     14      24       8
      4       1      19 
  5      21       7      10
  9      22      15       6
     16      11      20 
     23       2      17
          3      12 
--8<--
found: sum= 75.0000 var=  0.0000 fitness= 75.0000 age=0
-->8--
          8       5 
     18      11      15
     17      19      16 
  1       2       9       7
 21      12      13      24
     22      20       6 
      4       3      23
         14      10 
--8<--
found: sum= 78.0000 var=  0.0000 fitness= 78.0000 age=0
-->8--
          2       3 
     23       9      10
     15      13      24 
  8      16      19      12
 17       1      11       5
     21      18       7 
      4      14       6
         20      22 
--8<--
found: sum= 78.0000 var=  0.0000 fitness= 78.0000 age=0
-->8--
          2      17 
     20       3       8
     13      24      22 
 21      16       4      14
  7      10      15       5
     11       9      18 
      6      23       1
         19      12 
--8<--
found: sum= 75.0000 var=  0.0000 fitness= 75.0000 age=0
-->8--
          7       9 
     12      24       8
      5      17       6 
 16      10      11      21
  4      22      14       3
     18       1      20 
     19       2      23
         13      15 
--8<--
found: sum= 80.0000 var=  0.0000 fitness= 80.0000 age=0
-->8--
          7       6 
     14      23      10
     19       2      18 
  4      15      21       3
 12      17      24       9
     13       1       5 
     11      22       8
         16      20 
--8<--
found: sum= 78.0000 var=  0.0000 fitness= 78.0000 age=0
-->8--
          5       4 
      8      22      13
     16      12      17 
 23      15      10       1
  6       7      20       9
     11      14      21 
     19       3      18
         24       2 
--8<--
found: sum= 80.0000 var=  0.0000 fitness= 80.0000 age=0
-->8--
          8       1 
      3      11      17
     15      24      21 
  5      19       6      22
 16       2       9       4
     23      20      18 
     10      12       7
         13      14 
--8<--
found: sum= 74.0000 var=  0.0000 fitness= 74.0000 age=0
-->8--
          2      13 
     18      15       8
     24      14       3 
  6       1      21      20
 19      17      10       4
      7      11      16 
     22       5      23
         12       9 
--8<--
found: sum= 77.0000 var=  0.0000 fitness= 77.0000 age=0
-->8--
          2      13 
      1      15       6
     23      19      21 
 12      17       3      20
 11       4      16       8
     10      18       9 
     14       7       5
         24      22 
--8<--
found: sum= 73.0000 var=  0.0000 fitness= 73.0000 age=0
-->8--
         14       3 
     16       6      24
     15      17      13 
 23       5      10      20
  7      11      21       8
     12       9       1 
      4      18       2
         19      22 
--8<--
found: sum= 73.0000 var=  0.0000 fitness= 73.0000 age=0
-->8--
         24       1 
     16       7      18
      2      14      13 
 22      10      20      23
  6      12       8       4
     21       9       5 
     11      17      19
          3      15 
--8<--
found: sum= 73.0000 var=  0.0000 fitness= 73.0000 age=0
-->8--
         20      14 
      1      15      12
     16       8       2 
 17      13      22      21
  5       4      19       6
     18       7       3 
     24      11      23
          9      10 
--8<--
found: sum= 79.0000 var=  0.0000 fitness= 79.0000 age=0
-->8--
         14      15 
      1      22      16
     17       5      19 
 11      20       2       4
  6      18      10      23
      7      24      21 
      8       9       3
         13      12 
--8<--
found: sum= 70.0000 var=  0.0000 fitness= 70.0000 age=0
-->8--
         10      22 
     19       3       1
      2      24       6 
 21      12      14      23
 20       4       9       5
     11       7      13 
     16      15      18
         17       8 
--8<--
found: sum= 69.0000 var=  0.0000 fitness= 69.0000 age=0
-->8--
         22      14 
     12      10      17
      5      18       7 
 13       2       3       9
 20      21      24      15
      8       1      11 
     19       4       6
         16      23 
--8<--
found: sum= 78.0000 var=  0.0000 fitness= 78.0000 age=0
-->8--
         18       1 
     10      24      19
     16       2      21 
 17       8      11      15
  5      23      12      13
      9      22       6 
      3      14      20
          7       4 
--8<--
found: sum= 82.0000 var=  0.0000 fitness= 82.0000 age=0
-->8--
          5      13 
      8      10      11
     15      23      19 
  9      21       6       7
 16       1      14      12
     20      17      24 
      4      22       2
         18       3 
--8<--
found: sum= 77.0000 var=  0.0000 fitness= 77.0000 age=0
-->8--
          7       2 
      9      16      22
     24      13      20 
 11       8       4      23
 19      14      21       3
      1      17       6 
     12      18      10
         15       5 
--8<--
found: sum= 74.0000 var=  0.0000 fitness= 74.0000 age=0
-->8--
         15      23 
      1      20       4
     24      11       2 
 13       3      14      22
  7      17      21       6
     10       8       9 
     18       5      12
         16      19 
--8<--
found: sum= 74.0000 var=  0.0000 fitness= 74.0000 age=0
-->8--
         22      11 
      5      17       9
      2      12      21 
 15      16       4       1
 14      24      10      18
      3       8      20 
     13       7      23
         19       6 
--8<--
found: sum= 76.0000 var=  0.0000 fitness= 76.0000 age=0
-->8--
          3      13 
      8      23       7
      2      18       9 
 15      22       6      14
 20      16       4      19
      1      10      24 
     11      21      12
         17       5 
--8<--
found: sum= 78.0000 var=  0.0000 fitness= 78.0000 age=0
-->8--
         17       7 
      4       3      19
     22      23      21 
 11       9       5       8
 12      10      18      20
     14      13       6 
      2      24      16
         15       1 
--8<--
found: sum= 77.0000 var=  0.0000 fitness= 77.0000 age=0
-->8--
         11      14 
     15      18      19
      8      13       6 
 10      12       7       3
  5      22      21      16
     20       2      24 
      1       9      17
         23       4 
--8<--
found: sum= 78.0000 var=  0.0000 fitness= 78.0000 age=0
-->8--
          7      10 
     13      18      24
      8       9       6 
 12      23      11      22
  4      14      16       2
     17       5      21 
     19      20       1
          3      15 
--8<--
found: sum= 81.0000 var=  0.0000 fitness= 81.0000 age=0
-->8--
          2      11 
      1      23       6
     22      16      18 
 14      17       7       8
  3      12      24      15
     13       5       9 
     10      20      19
         21       4 
--8<--
found: sum= 79.0000 var=  0.0000 fitness= 79.0000 age=0
-->8--
          4       7 
     11      21      17
     13      16       6 
  5      14      12      18
  9      15      19       2
     23       3      22 
     20      10       1
          8      24 
--8<--
found: sum= 76.0000 var=  0.0000 fitness= 76.0000 age=0
-->8--
         21       4 
      6      20      11
     15       9      22 
 16       5      10       2
 14      23      17      18
      3      12       7 
     24      13      19
          1       8 
--8<--
found: sum= 79.0000 var=  0.0000 fitness= 79.0000 age=0
-->8--
         23      10 
      8      24      11
     20       1      15 
 16       3      18       9
  7      14      21       4
     19      22      12 
      2       5      13
         17       6 
--8<--
found: sum= 75.0000 var=  0.0000 fitness= 75.0000 age=0
-->8--
          1       2 
     13       6      24
     23      11      18 
  4      21      14      17
 10       5      16       3
     12       8       7 
     19       9      20
         22      15 
--8<--
found: sum= 82.0000 var=  0.0000 fitness= 82.0000 age=0
-->8--
          9       1 
      8      24      17
     16       2      20 
  3      23      18       5
  4      22       6      12
     14      11      21 
      7      15      10
         13      19 
--8<--
found: sum= 76.0000 var=  0.0000 fitness= 76.0000 age=0
-->8--
          2      22 
     10       7      11
     20      13      15 
 18      24       8      23
  3       6       4      12
      5      21      14 
      9      19       1
         16      17 
--8<--
found: sum= 75.0000 var=  0.0000 fitness= 75.0000 age=0
-->8--
          6       7 
     23      10      13
      9      19      24 
  5       8       2       3
 16      17      14      21
     20      15      11 
     18       1      22
          4      12 
--8<--
found: sum= 77.0000 var=  0.0000 fitness= 77.0000 age=0
-->8--
         23       8 
      7      11      14
     19      15      16 
 22       2      13      21
 18       6      17       1
     10      24       9 
      5      20       3
         12       4 
--8<--
found: sum= 75.0000 var=  0.0000 fitness= 75.0000 age=0
-->8--
         17      19 
     18       8       7
      6       3      24 
  4      23      14      21
 15      11       2       5
     16      22       9 
     13      12      10
          1      20 
--8<--
found: sum= 79.0000 var=  0.0000 fitness= 79.0000 age=0
-->8--
          7       4 
     19      18      16
      3      15      14 
  2      17      12      21
 11      22       8       1
     24       5      23 
      9      13      10
          6      20 
--8<--
found: sum= 75.0000 var=  0.0000 fitness= 75.0000 age=0
-->8--
         17       9 
      2      13      24
     22       1      21 
  8      20       7       3
  6      14      15      19
      5      18      10 
     11       4      12
         23      16 
--8<--
found: sum= 77.0000 var=  0.0000 fitness= 77.0000 age=0
-->8--
          1      11 
      4       3      18
     23      24      13 
  5      22       8      17
 15       2      12       7
     10       9      20 
     19      16      14
         21       6 
--8<--
found: sum= 75.0000 var=  0.0000 fitness= 75.0000 age=0
-->8--
          7       1 
     18      21       6
      4      11      13 
 19      14      23       5
 12      16       9      22
     10       2       3 
      8      24      17
         15      20 
--8<--
found: sum= 78.0000 var=  0.0000 fitness= 78.0000 age=0
-->8--
          5       8 
     13      22      14
     15      17      10 
  4       6       7       9
 19      23      24      16
     11       1      12 
     21      20      18
          2       3 
--8<--
found: sum= 77.0000 var=  0.0000 fitness= 77.0000 age=0
-->8--
          7      10 
     16      24      13
     23       4       5 
  1       3      21      12
 22      20      18       2
      8      11      19 
     17       6      14
         15       9 
--8<--
found: sum= 77.0000 var=  0.0000 fitness= 77.0000 age=0
-->8--
         24       7 
     15       9      14
     13       4      21 
  1      12      22       3
 16      17       2      10
     18      20      19 
     11       5       8
          6      23 
--8<--
found: sum= 79.0000 var=  0.0000 fitness= 79.0000 age=0
-->8--
         14      20 
      3      19       5
     18       2      11 
 12      23      22       7
  1      10       9       6
     15      13      24 
     16       8       4
         17      21 
--8<--
found: sum= 77.0000 var=  0.0000 fitness= 77.0000 age=0
-->8--
         11      24 
     19      20       1
      8       9       6 
  7      10      17       3
 18      21      16      12
     13       4      23 
     22      15      14
          2       5 
--8<--
found: sum= 75.0000 var=  0.0000 fitness= 75.0000 age=0
-->8--
         12       9 
     13       2      16
     11      23      18 
  6      14       7       3
 19       1      10      22
     24      20      15 
     21       5       8
          4      17 
--8<--
found: sum= 76.0000 var=  0.0000 fitness= 76.0000 age=0
-->8--
         17      12 
     15       7       8
      1      22      24 
 20      14       3       4
 13       5      21      18
     23      11       6 
      2      19       9
         16      10 
--8<--
found: sum= 78.0000 var=  0.0000 fitness= 78.0000 age=0
-->8--
          6      12 
     13       7      22
     23      14      21 
  8      15       2       9
  5      11      19      24
     16      17       3 
     10      20      18
          4       1 
--8<--
found: sum= 79.0000 var=  0.0000 fitness= 79.0000 age=0
-->8--
         23      16 
     10       7       9
     19       6      24 
 13      14      17       8
  1      20       4      15
     12      18      11 
      5      22      21
          2       3 
--8<--
found: sum= 76.0000 var=  0.0000 fitness= 76.0000 age=0
-->8--
         17      23 
     19       4       1
     13       8      24 
 21      15      16       5
 11       7      10       3
      9      20      18 
      6      12       2
         22      14 
--8<--
found: sum= 76.0000 var=  0.0000 fitness= 76.0000 age=0
-->8--
          2      18 
      1      19      10
     24       8       4 
  6      22      17      20
  9       3       5      23
     12      21       7 
     11      14      13
         15      16 
--8<--
found: sum= 78.0000 var=  0.0000 fitness= 78.0000 age=0
-->8--
         23      10 
     14       5      22
      8      15      19 
 21      13       7      12
  1      17      20       4
     18       6      16 
     11      24       3
          2       9 
--8<--
found: sum= 72.0000 var=  0.0000 fitness= 72.0000 age=0
-->8--
         23       8 
      3       9      10
      1      21      22 
 17      15       2      18
 20       6      12      14
     13      16       4 
      7      11      24
         19       5 
--8<--
found: sum= 77.0000 var=  0.0000 fitness= 77.0000 age=0
-->8--
         19      22 
      6      24      20
      9       1       2 
  4      18       8      16
 15      17      21       7
     14      12      23 
     11      13       3
         10       5 
--8<--
found: sum= 75.0000 var=  0.0000 fitness= 75.0000 age=0
-->8--
          2       1 
     20       8      21
     18      14      16 
  3      13      15       9
  7      11      17      12
     23       5       6 
     22       4      19
         10      24 
--8<--
found: sum= 77.0000 var=  0.0000 fitness= 77.0000 age=0
-->8--
          4       5 
      3       8      12
     22      19      24 
  2      21       9       7
 16       1      13      18
     15      14       6 
     17      10      23
         20      11 
--8<--
found: sum= 77.0000 var=  0.0000 fitness= 77.0000 age=0
-->8--
         21       1 
      4      15      20
     14      16      13 
  3       7      12       2
 18      11      23      17
     24       8      10 
      6       9       5
         19      22 
--8<--
found: sum= 81.0000 var=  0.0000 fitness= 81.0000 age=0
-->8--
          2       6 
      7      22       9
     12      20      19 
  3      18       5       8
 21       4      24      11
     23      10      14 
     13      15       1
         16      17 
--8<--
found: sum= 82.0000 var=  0.0000 fitness= 82.0000 age=0
-->8--
         22      21 
      7      16       3
     20       8      15 
 10       9      19       1
  2      17      18       6
     24      11      23 
     13      12      14
          5       4 
--8<--
found: sum= 82.0000 var=  0.0000 fitness= 82.0000 age=0
-->8--
          5       7 
      8      24       4
     20      16      12 
 13       9      19       1
 11       6      14      15
     23      18      21 
      3      10      17
         22       2 
--8<--
found: sum= 79.0000 var=  0.0000 fitness= 79.0000 age=0
-->8--
          8      14 
     23      20      10
      3       7      15 
 12      18      13       9
  5      19      16       2
     22       6      24 
     17      11      21
          4       1 
--8<--
found: sum= 79.0000 var=  0.0000 fitness= 79.0000 age=0
-->8--
         13       1 
     20      22      11
      2      10      19 
 24      12      16      14
  3      15      17       5
     23       9       8 
      7      21      18
          4       6 
--8<--
found: sum= 79.0000 var=  0.0000 fitness= 79.0000 age=0
-->8--
         13       9 
     18       1      21
     24      17      23 
  4       6       8      10
 12      22       7      15
     11      19      16 
      2      20      14
          5       3 
--8<--
found: sum= 80.0000 var=  0.0000 fitness= 80.0000 age=0
-->8--
          3      14 
     22       2      17
     21      19      20 
  1      13       8      12
  6      16       9       7
     23      15      24 
      5      10       4
         11      18 
--8<--
found: sum= 80.0000 var=  0.0000 fitness= 80.0000 age=0
-->8--
          6       9 
     15      11      16
     20      18      22 
  8      10       4       2
 23       5      24       7
     14      19      21 
     13      12       3
         17       1 
--8<--
found: sum= 77.0000 var=  0.0000 fitness= 77.0000 age=0
-->8--
         20      19 
      5      17       2
      4      23       7 
 18       8       9      13
 15      21      10      16
     11       6      22 
      3      24      14
         12       1 
--8<--
found: sum= 80.0000 var=  0.0000 fitness= 80.0000 age=0
-->8--
          2       1 
     16      24      22
     17      10      19 
 15      11       4      23
  3      21      20       5
     13      14       9 
      6      18      12
          8       7 
--8<--
found: sum= 83.0000 var=  0.0000 fitness= 83.0000 age=0
-->8--
          7      11 
     21      18       3
     20      16      13 
 14       1      22       4
  6      19      15       5
     23      10      24 
     12      17       8
          2       9 
--8<--
found: sum= 78.0000 var=  0.0000 fitness= 78.0000 age=0
-->8--
         19       6 
     21      18      20
      1       8      10 
  5      11      16       7
 14      23      17      13
     24       3      15 
      2      22      12
          4       9 
--8<--
found: sum= 78.0000 var=  0.0000 fitness= 78.0000 age=0
-->8--
         10       7 
      1      17      20
     23      11      14 
  2      16       9      19
 12       3      15      13
     22      24       8 
      5       6      21
         18       4 
--8<--
found: sum= 77.0000 var=  0.0000 fitness= 77.0000 age=0
-->8--
         11      12 
      2      22      10
     15       7       8 
  1      20      18      13
 23       4       9      24
     14      19       5 
      3      21      17
         16       6 
--8<--
found: sum= 76.0000 var=  0.0000 fitness= 76.0000 age=0
-->8--
         18      23 
     12      14      15
     24       3       2 
  9       5      19      21
  1      17      22       8
     20      10       4 
      6      16      11
          7      13 
--8<--
found: sum= 78.0000 var=  0.0000 fitness= 78.0000 age=0
-->8--
         24      16 
      9      21       1
      4      12      17 
 13       8      11       6
 15      18       7      14
     20      22      23 
     10       5       2
          3      19 
--8<--
found: sum= 81.0000 var=  0.0000 fitness= 81.0000 age=0
-->8--
          2      24 
     15      19       1
     21      11      18 
 12      13       8       5
  3      23      20      14
      9       6      16 
     17      22       7
          4      10 
--8<--
found: sum= 79.0000 var=  0.0000 fitness= 79.0000 age=0
-->8--
          4       3 
     11      24      19
     18       2      17 
 12      20      14       1
 16       8      22      15
      5      13      10 
      9      21       6
         23       7 
--8<--
found: sum= 81.0000 var=  0.0000 fitness= 81.0000 age=0
-->8--
         17       2 
      9       7       6
     22      23      24 
 11       3      19      14
  8      16       5       1
     21      15      18 
     12      13      10
          4      20 
--8<--
found: sum= 75.0000 var=  0.0000 fitness= 75.0000 age=0
-->8--
         20      13 
     17      19       7
      3       4      23 
 15      12       9       1
 21      18      10      24
      6      22       8 
     11      16       5
          2      14 
--8<--
found: sum= 79.0000 var=  0.0000 fitness= 79.0000 age=0
-->8--
         16       5 
     10      22      23
     20       4      17 
  2       7       8       3
 14      24      21      19
     12      15      11 
      6      13       1
          9      18 
--8<--
found: sum= 80.0000 var=  0.0000 fitness= 80.0000 age=0
-->8--
          6      13 
     20      11       2
     23      19      18 
  9       1      17      12
 21      16       5       4
     10      22      24 
      3      14       8
         15       7 
--8<--
found: sum= 78.0000 var=  0.0000 fitness= 78.0000 age=0
-->8--
          1      11 
     18       3      14
     23      21      24 
  2      12       5       6
 13      20       4      17
      8      16      22 
     15      10       7
          9      19 
--8<--
found: sum= 78.0000 var=  0.0000 fitness= 78.0000 age=0
-->8--
          3      18 
      6      16       2
     14      17       5 
 10      22      20      12
  8       1       7      15
     23      11      19 
     21      13       4
          9      24 
--8<--
found: sum= 81.0000 var=  0.0000 fitness= 81.0000 age=0
-->8--
          8       4 
      7      23       5
     17      16      11 
 14      10      22      24
  1      19       2       9
     20      12      13 
      6      21      18
          3      15 
--8<--
found: sum= 77.0000 var=  0.0000 fitness= 77.0000 age=0
-->8--
          4       5 
      2      21      17
     23      20       3 
 19       7      11      15
  9       1      14      22
     18      24      12 
     16       8      13
         10       6 
--8<--
found: sum= 76.0000 var=  0.0000 fitness= 76.0000 age=0
-->8--
         17      16 
     11      10      15
     13      24       6 
  7       1       5      12
 14      19      23       9
     22       4      21 
     20       8       2
          3      18 
--8<--
found: sum= 79.0000 var=  0.0000 fitness= 79.0000 age=0
-->8--
          6       4 
     24      13      22
     20       2      17 
  3      14      21       9
 16       7      12       5
     19      23      15 
      1      11       8
         18      10 
--8<--
found: sum= 76.0000 var=  0.0000 fitness= 76.0000 age=0
-->8--
          1      21 
     16      13      11
     24       7      10 
  2      15      14      22
  9       3      19       5
     23      18       6 
     20       4      12
          8      17 
--8<--
found: sum= 75.0000 var=  0.0000 fitness= 75.0000 age=0
-->8--
          1       5 
     10       6      18
     22      17      21 
  3      19       8      24
 12       4       7      13
     15      20       2 
     16       9      23
         11      14 
--8<--
found: sum= 83.0000 var=  0.0000 fitness= 83.0000 age=0
-->8--
          1      19 
     11       9       2
     23      21      20 
  3      18      12       6
  7       8      10      13
     24      14      22 
      5      17       4
         15      16 
--8<--
found: sum= 82.0000 var=  0.0000 fitness= 82.0000 age=0
-->8--
         10      20 
      7      22       9
     23      12      13 
  2       8       6      11
 15      18      14      21
     16      24      17 
      4      19       3
          1       5 
--8<--
found: sum= 82.0000 var=  0.0000 fitness= 82.0000 age=0
-->8--
          9       4 
      6       7      11
     22      20      23 
  2      18      17      12
 13       8       5      10
     19      14      15 
      1      24      21
         16       3 
--8<--
found: sum= 84.0000 var=  0.0000 fitness= 84.0000 age=0
-->8--
          6      12 
     14      19       2
     21      15      23 
  7       9      13       5
 16      20      17       4
     11      10      22 
      1      24       3
         18       8 
--8<--
found: sum= 79.0000 var=  0.0000 fitness= 79.0000 age=0
-->8--
         11       2 
      8      20      14
     12       4      23 
 17      24      16      19
  3      10       7       9
     13      18       5 
      1      22      21
         15       6 
--8<--
found: sum= 80.0000 var=  0.0000 fitness= 80.0000 age=0
-->8--
          3      12 
      5      24      10
     17      22       4 
  7       9       8      13
 16      20      19      15
     11       2      21 
      6      23       1
         18      14 
--8<--
found: sum= 79.0000 var=  0.0000 fitness= 79.0000 age=0
-->8--
         10       2 
     12      21      23
     17       6       9 
 22      13      18      14
  7      16      15       3
      4      11      20 
      5      24       1
         19       8 
--8<--
found: sum= 83.0000 var=  0.0000 fitness= 83.0000 age=0
-->8--
          7       3 
     10       8      21
     23      16      20 
  2      19      15       1
 11       4      12      13
     24      17      22 
     14      18       5
          6       9 
--8<--
found: sum= 79.0000 var=  0.0000 fitness= 79.0000 age=0
-->8--
         12       2 
      4      24      17
     16      15      20 
 14       8       1      11
 18      13      19       6
     10      23      22 
     21       3       7
          9       5 
--8<--
found: sum= 79.0000 var=  0.0000 fitness= 79.0000 age=0
-->8--
         16       3 
     14      20       6
      4      15      18 
 19      10      17       2
  9      13      23      12
     24       1       7 
      8      22      21
         11       5 
--8<--
found: sum= 83.0000 var=  0.0000 fitness= 83.0000 age=0
-->8--
         11       6 
      8      20      14
     22      21      10 
  4       1      12       7
 15      17      13      18
     24      19      23 
      5      16       3
          2       9 
--8<--
found: sum= 78.0000 var=  0.0000 fitness= 78.0000 age=0
-->8--
         24       3 
     13      19      14
     15       1      23 
  9       6      18       4
 16      21      20       8
     11      12       5 
      7      17       2
         10      22 
--8<--
found: sum= 76.0000 var=  0.0000 fitness= 76.0000 age=0
-->8--
         12      11 
      5      16      22
     21       8       4 
 17      14      15      18
  2      13      23       6
      9       3      10 
      7      20      19
         24       1 
--8<--
found: sum= 78.0000 var=  0.0000 fitness= 78.0000 age=0
-->8--
         14       5 
     23       1       9
     13      20      24 
  2       7      19       3
 17      18      10       6
     21       4      16 
     12      15      22
          8      11 
--8<--
found: sum= 76.0000 var=  0.0000 fitness= 76.0000 age=0
-->8--
         17       2 
     22      21      11
      1       6      20 
  8       9      16      10
 15      24      18       7
     19       3       5 
     12      14      13
          4      23 
--8<--
found: sum= 81.0000 var=  0.0000 fitness= 81.0000 age=0
-->8--
         20      19 
      6      23       4
     11       5      17 
  3      16      13       1
  9      24      21      15
     18       2      14 
      8      22      12
          7      10 
--8<--
found: sum= 79.0000 var=  0.0000 fitness= 79.0000 age=0
-->8--
          1      24 
     17      15       2
     20      16      14 
 13      10       8       7
  9       5      21      23
     22      19       6 
      3      18       4
         12      11 
--8<--
found: sum= 74.0000 var=  0.0000 fitness= 74.0000 age=0
-->8--
         20      22 
      2      13       8
     18       6      11 
 12      15      14      23
  9      19      16       7
      1       4       3 
      5      24      10
         21      17 
--8<--
found: sum= 80.0000 var=  0.0000 fitness= 80.0000 age=0
-->8--
          4       9 
     24      23       7
     11       1      18 
  6      17      22       8
 12      21      14       3
     13       5      15 
     19      20      16
          2      10 
--8<--
found: sum= 76.0000 var=  0.0000 fitness= 76.0000 age=0
-->8--
          7      23 
     20       3      10
     24       6      22 
 15      16      12      17
  1      11      13       4
      9      18       8 
      5      14       2
         19      21 
--8<--
found: sum= 78.0000 var=  0.0000 fitness= 78.0000 age=0
-->8--
          3       5 
     18      10      19
     15      24      16 
 20       8       4      22
  1      13      23       2
     21       6      11 
     12      17      14
          9       7 
--8<--
found: sum= 80.0000 var=  0.0000 fitness= 80.0000 age=0
-->8--
          2      14 
     21      23       6
     22       4      17 
 10       8      16       9
 18      19      13       1
      3      20      24 
     15      11       7
         12       5 
--8<--
found: sum= 80.0000 var=  0.0000 fitness= 80.0000 age=0
-->8--
          9       4 
     14      20      19
     11       5      24 
 15      21       8      16
  1      10      13       2
     22      23      17 
      7       6       3
         12      18 
--8<--
found: sum= 80.0000 var=  0.0000 fitness= 80.0000 age=0
-->8--
          5       6 
     10      22      18
     14      16       7 
  4      13      11      19
  8      17      20       2
     24       3      21 
     15      12       1
          9      23 
--8<--
found: sum= 81.0000 var=  0.0000 fitness= 81.0000 age=0
-->8--
          3       1 
      2      24       4
     19      16      14 
 18      17      22      20
  5       9       6       7
     13      11      12 
     10      23       8
         15      21 
--8<--
found: sum= 80.0000 var=  0.0000 fitness= 80.0000 age=0
-->8--
          8      18 
      3      22       9
     16      12      13 
  4      19       6       2
  7      23      15      20
     11       5      24 
     10      14       1
         17      21 
--8<--
found: sum= 77.0000 var=  0.0000 fitness= 77.0000 age=0
-->8--
          7       2 
     15       9      16
      1      24      22 
 18      21       4      23
 12       5       6       3
     20      17      19 
     10      14       8
         11      13 
--8<--
found: sum= 83.0000 var=  0.0000 fitness= 83.0000 age=0
-->8--
          6       2 
      9      18      19
     23       5      24 
  1      22      15       3
 10      11      17       4
     16      13      20 
      8      14       7
         21      12 
--8<--
found: sum= 76.0000 var=  0.0000 fitness= 76.0000 age=0
-->8--
         10      19 
     14       4       5
     21      24      23 
 20       3       1       6
  2      18      22      11
     12       8      13 
     15       7      17
         16       9 
--8<--
found: sum= 82.0000 var=  0.0000 fitness= 82.0000 age=0
-->8--
          3       5 
      6      14      15
     23      19      16 
 20      17      13      10
  2       8      18       4
     12       7      21 
      9      24       1
         22      11 
--8<--
found: sum= 81.0000 var=  0.0000 fitness= 81.0000 age=0
-->8--
          2      18 
     21      14       5
      6      15      20 
  8      23       9      13
  3      17      16       4
     24       1      19 
      7      22      11
         10      12 
--8<--
found: sum= 81.0000 var=  0.0000 fitness= 81.0000 age=0
-->8--
          3      21 
      4      23       2
     12      15      19 
  9      24       1      11
  8       6      17      20
     22      18      13 
      5      16      10
         14       7 
--8<--
found: sum= 79.0000 var=  0.0000 fitness= 79.0000 age=0
-->8--
          2      24 
     13      19       6
     22      12       1 
  7      11      17      16
 15      14       4      18
     10      21      23 
      5      20       8
          9       3 
--8<--
found: sum= 82.0000 var=  0.0000 fitness= 82.0000 age=0
-->8--
         13      20 
      2      17       6
     24       5      23 
  4      21      11      10
  8       7      16       3
     18      22      19 
     14       9      15
         12       1 
--8<--
found: sum= 85.0000 var=  0.0000 fitness= 85.0000 age=0
-->8--
          6       5 
     17      23      15
     19       8      18 
  9      12      16       3
 11      14      22       2
     20      13      24 
      7      21       1
         10       4 
--8<--
found: sum= 74.0000 var=  0.0000 fitness= 74.0000 age=0
-->8--
         23      20 
      9      15       1
      4      21       7 
 18       2      10       3
 16      22      11      24
     12       8      19 
     14      13      17
          5       6 
--8<--
found: sum= 77.0000 var=  0.0000 fitness= 77.0000 age=0
-->8--
          2       7 
      9      21      22
     16      12       1 
  4      17      14      13
  6      15       8      18
     19      11      23 
     24       5      20
          3      10 
--8<--
found: sum= 80.0000 var=  0.0000 fitness= 80.0000 age=0
-->8--
         10       3 
     12      24      16
     21       6      23 
 15       7       8       9
  1      19      18      20
     17      22       2 
      4      13      11
          5      14 
--8<--
found: sum= 83.0000 var=  0.0000 fitness= 83.0000 age=0
-->8--
          4      16 
     13      17       2
     20      21      18 
 15       8       9       5
  7      19      23       6
     14       3      22 
     12      24      10
         11       1 
--8<--
found: sum= 81.0000 var=  0.0000 fitness= 81.0000 age=0
-->8--
          1      16 
     11      13       3
     18      14      23 
 17      24      12      15
  5       8       4       7
      9      19      20 
     21      22       6
          2      10 
--8<--
found: sum= 83.0000 var=  0.0000 fitness= 83.0000 age=0
-->8--
          1      11 
     18      17      13
     24      15      20 
  2       8       7       6
 16      10      22       9
     23      21      19 
      3      12       5
         14       4 
--8<--
found: sum= 78.0000 var=  0.0000 fitness= 78.0000 age=0
-->8--
          3       4 
     24       2      20
     23      15      18 
  6      11      19      12
 21       1      10       5
     16      22      14 
      9      17       7
         13       8 
--8<--
found: sum= 80.0000 var=  0.0000 fitness= 80.0000 age=0
-->8--
         21      15 
      3       2       8
     23      17      20 
  9      14      18       6
 11       4       5       7
     19      22      24 
     10      12       1
         13      16 
--8<--
found: sum= 83.0000 var=  0.0000 fitness= 83.0000 age=0
-->8--
          2       4 
     11      16      14
     19      12      22 
  3      23      15      20
  5       9       6       7
     24      18      13 
     10      21      17
          1       8 
--8<--
found: sum= 80.0000 var=  0.0000 fitness= 80.0000 age=0
-->8--
          2       1 
      7      20      19
     22      23       5 
 16       6      12      24
  3      18      13       9
     15       8      17 
     14      21      11
          4      10 
--8<--
execution time: real 0.801923s user 0.563914s sys 0.004999s
GA: P=1024 K=512 sp=2 xover=2D/1 aging
generation #5: pop m= 80.749 v=0.193 f= 78.740
best: found: sum= 85.0000 var=  0.0000 fitness= 85.0000 age=1
-->8--
          6       5 
     17      23      15
     19       8      18 
  9      12      16       3
 11      14      22       2
     20      13      24 
      7      21       1
         10       4 
--8<--
found: sum= 79.0000 var=  0.0000 fitness= 79.0000 age=2
-->8--
          8      14 
     23      20      10
      3       7      15 
 12      18      13       9
  5      19      16       2
     22       6      24 
     17      11      21
          4       1 
--8<--
found: sum= 80.0000 var=  0.0000 fitness= 80.0000 age=2
-->8--
          3      14 
     22       2      17
     21      19      20 
  1      13       8      12
  6      16       9       7
     23      15      24 
      5      10       4
         11      18 
--8<--
found: sum= 79.0000 var=  0.0000 fitness= 79.0000 age=3
-->8--
         23      16 
     10       7       9
     19       6      24 
 13      14      17       8
  1      20       4      15
     12      18      11 
      5      22      21
          2       3 
--8<--
found: sum= 81.0000 var=  0.0000 fitness= 81.0000 age=4
-->8--
         10      17 
     15      19      18
     24       2       3 
  8      11      22      14
  1      21      13       9
     16      12      20 
      4      23       6
          5       7 
--8<--
found: sum= 82.0000 var=  0.0000 fitness= 82.0000 age=1
-->8--
          9       4 
      6       7      11
     22      20      23 
  2      18      17      12
 13       8       5      10
     19      14      15 
      1      24      21
         16       3 
--8<--
found: sum= 81.0000 var=  0.0000 fitness= 81.0000 age=2
-->8--
          8       4 
      7      23       5
     17      16      11 
 14      10      22      24
  1      19       2       9
     20      12      13 
      6      21      18
          3      15 
--8<--
found: sum= 80.0000 var=  0.0000 fitness= 80.0000 age=1
-->8--
          2       1 
      7      20      19
     22      23       5 
 16       6      12      24
  3      18      13       9
     15       8      17 
     14      21      11
          4      10 
--8<--
found: sum= 83.0000 var=  0.0000 fitness= 83.0000 age=2
-->8--
          1      19 
     11       9       2
     23      21      20 
  3      18      12       6
  7       8      10      13
     24      14      22 
      5      17       4
         15      16 
--8<--
found: sum= 80.0000 var=  0.0000 fitness= 80.0000 age=5
-->8--
          5      15 
      8      23      11
     18      10       7 
 17      16      14      21
  3      20       1      13
      6      19      24 
      4      22      12
          9       2 
--8<--
found: sum= 82.0000 var=  0.0000 fitness= 82.0000 age=3
-->8--
          5      13 
      8      10      11
     15      23      19 
  9      21       6       7
 16       1      14      12
     20      17      24 
      4      22       2
         18       3 
--8<--
found: sum= 80.0000 var=  0.0000 fitness= 80.0000 age=2
-->8--
          6      13 
     20      11       2
     23      19      18 
  9       1      17      12
 21      16       5       4
     10      22      24 
      3      14       8
         15       7 
--8<--
found: sum= 81.0000 var=  0.0000 fitness= 81.0000 age=2
-->8--
          2       6 
      7      22       9
     12      20      19 
  3      18       5       8
 21       4      24      11
     23      10      14 
     13      15       1
         16      17 
--8<--
found: sum= 81.0000 var=  0.0000 fitness= 81.0000 age=1
-->8--
         20      19 
      6      23       4
     11       5      17 
  3      16      13       1
  9      24      21      15
     18       2      14 
      8      22      12
          7      10 
--8<--
found: sum= 82.0000 var=  0.0000 fitness= 82.0000 age=1
-->8--
          3       5 
      6      14      15
     23      19      16 
 20      17      13      10
  2       8      18       4
     12       7      21 
      9      24       1
         22      11 
--8<--
found: sum= 81.0000 var=  0.0000 fitness= 81.0000 age=4
-->8--
          1       6 
     11      24       2
     14      23       9 
 20       8      17      22
  4      16       5       7
     19      12      21 
     13      18      10
          3      15 
--8<--
found: sum= 79.0000 var=  0.0000 fitness= 79.0000 age=2
-->8--
          6       4 
     24      13      22
     20       2      17 
  3      14      21       9
 16       7      12       5
     19      23      15 
      1      11       8
         18      10 
--8<--
found: sum= 78.0000 var=  0.0000 fitness= 78.0000 age=1
-->8--
         14       5 
     23       1       9
     13      20      24 
  2       7      19       3
 17      18      10       6
     21       4      16 
     12      15      22
          8      11 
--8<--
found: sum= 79.0000 var=  0.0000 fitness= 79.0000 age=1
-->8--
         10       2 
     12      21      23
     17       6       9 
 22      13      18      14
  7      16      15       3
      4      11      20 
      5      24       1
         19       8 
--8<--
found: sum= 83.0000 var=  0.0000 fitness= 83.0000 age=1
-->8--
          1      11 
     18      17      13
     24      15      20 
  2       8       7       6
 16      10      22       9
     23      21      19 
      3      12       5
         14       4 
--8<--
found: sum= 79.0000 var=  0.0000 fitness= 79.0000 age=5
-->8--
          6       2 
     13      24       3
      5      23       9 
 22       8      18      11
  7      16       4      20
     21      10      17 
     12      19      15
          1      14 
--8<--
found: sum= 76.0000 var=  0.0000 fitness= 76.0000 age=1
-->8--
         12      11 
      5      16      22
     21       8       4 
 17      14      15      18
  2      13      23       6
      9       3      10 
      7      20      19
         24       1 
--8<--
found: sum= 79.0000 var=  0.0000 fitness= 79.0000 age=5
-->8--
         17      20 
      1      23       4
     12       7      22 
 10      19       3      13
  5      18      21       6
     15      11      14 
      2       9       8
         24      16 
--8<--
found: sum= 81.0000 var=  0.0000 fitness= 81.0000 age=4
-->8--
         18      17 
      3       1       4
     24      21      22 
  8      14      16       2
 13       7      11      10
     15      12      20 
     19      23       6
          5       9 
--8<--
found: sum= 83.0000 var=  0.0000 fitness= 83.0000 age=1
-->8--
         11       6 
      8      20      14
     22      21      10 
  4       1      12       7
 15      17      13      18
     24      19      23 
      5      16       3
          2       9 
--8<--
found: sum= 79.0000 var=  0.0000 fitness= 79.0000 age=4
-->8--
          1      12 
      8      24       3
      7      16      14 
 21      23      10      20
  4      15       2      11
      9      13      22 
     18      19       6
          5      17 
--8<--
found: sum= 82.0000 var=  0.0000 fitness= 82.0000 age=2
-->8--
          5       7 
      8      24       4
     20      16      12 
 13       9      19       1
 11       6      14      15
     23      18      21 
      3      10      17
         22       2 
--8<--
found: sum= 80.0000 var=  0.0000 fitness= 80.0000 age=2
-->8--
          6       9 
     15      11      16
     20      18      22 
  8      10       4       2
 23       5      24       7
     14      19      21 
     13      12       3
         17       1 
--8<--
found: sum= 79.0000 var=  0.0000 fitness= 79.0000 age=3
-->8--
          4       7 
     11      21      17
     13      16       6 
  5      14      12      18
  9      15      19       2
     23       3      22 
     20      10       1
          8      24 
--8<--
found: sum= 78.0000 var=  0.0000 fitness= 78.0000 age=1
-->8--
         24       3 
     13      19      14
     15       1      23 
  9       6      18       4
 16      21      20       8
     11      12       5 
      7      17       2
         10      22 
--8<--
found: sum= 80.0000 var=  0.0000 fitness= 80.0000 age=4
-->8--
          7       6 
     14      23      10
     19       2      18 
  4      15      21       3
 12      17      24       9
     13       1       5 
     11      22       8
         16      20 
--8<--
found: sum= 79.0000 var=  0.0000 fitness= 79.0000 age=4
-->8--
          7       8 
     16      15       9
     17      22      13 
 23       2      12       3
  4      14      24       6
     19       5      21 
     20      10       1
         11      18 
--8<--
found: sum= 80.0000 var=  0.0000 fitness= 80.0000 age=4
-->8--
          8       1 
      3      11      17
     15      24      21 
  5      19       6      22
 16       2       9       4
     23      20      18 
     10      12       7
         13      14 
--8<--
found: sum= 79.0000 var=  0.0000 fitness= 79.0000 age=1
-->8--
          1      24 
     17      15       2
     20      16      14 
 13      10       8       7
  9       5      21      23
     22      19       6 
      3      18       4
         12      11 
--8<--
found: sum= 79.0000 var=  0.0000 fitness= 79.0000 age=4
-->8--
         14      15 
      1      22      16
     17       5      19 
 11      20       2       4
  6      18      10      23
      7      24      21 
      8       9       3
         13      12 
--8<--
found: sum= 83.0000 var=  0.0000 fitness= 83.0000 age=1
-->8--
          2       4 
     11      16      14
     19      12      22 
  3      23      15      20
  5       9       6       7
     24      18      13 
     10      21      17
          1       8 
--8<--
found: sum= 80.0000 var=  0.0000 fitness= 80.0000 age=5
-->8--
         16       5 
      1      20       9
     24      17       8 
  6       2      21      13
 23       3      19       4
     22      18      15 
     14      11      10
         12       7 
--8<--
found: sum= 81.0000 var=  0.0000 fitness= 81.0000 age=4
-->8--
         18      19 
      1      24       4
     22       5      16 
 15      11      13      17
  3      21       8       7
      9      23      20 
      2      14      10
         12       6 
--8<--
found: sum= 81.0000 var=  0.0000 fitness= 81.0000 age=1
-->8--
          3       1 
      2      24       4
     19      16      14 
 18      17      22      20
  5       9       6       7
     13      11      12 
     10      23       8
         15      21 
--8<--
found: sum= 83.0000 var=  0.0000 fitness= 83.0000 age=2
-->8--
          7      11 
     21      18       3
     20      16      13 
 14       1      22       4
  6      19      15       5
     23      10      24 
     12      17       8
          2       9 
--8<--
found: sum= 83.0000 var=  0.0000 fitness= 83.0000 age=1
-->8--
          7       3 
     10       8      21
     23      16      20 
  2      19      15       1
 11       4      12      13
     24      17      22 
     14      18       5
          6       9 
--8<--
found: sum= 79.0000 var=  0.0000 fitness= 79.0000 age=3
-->8--
         23      10 
      8      24      11
     20       1      15 
 16       3      18       9
  7      14      21       4
     19      22      12 
      2       5      13
         17       6 
--8<--
found: sum= 80.0000 var=  0.0000 fitness= 80.0000 age=1
-->8--
         10       3 
     12      24      16
     21       6      23 
 15       7       8       9
  1      19      18      20
     17      22       2 
      4      13      11
          5      14 
--8<--
found: sum= 82.0000 var=  0.0000 fitness= 82.0000 age=1
-->8--
         13      20 
      2      17       6
     24       5      23 
  4      21      11      10
  8       7      16       3
     18      22      19 
     14       9      15
         12       1 
--8<--
found: sum= 80.0000 var=  0.0000 fitness= 80.0000 age=5
-->8--
          1       9 
      5      22      18
     23       8      12 
  4      21      11      19
 10       2      14      17
     20      24       7 
      3      16      13
         15       6 
--8<--
found: sum= 83.0000 var=  0.0000 fitness= 83.0000 age=1
-->8--
          6       2 
      9      18      19
     23       5      24 
  1      22      15       3
 10      11      17       4
     16      13      20 
      8      14       7
         21      12 
--8<--
found: sum= 79.0000 var=  0.0000 fitness= 79.0000 age=2
-->8--
          4       3 
     11      24      19
     18       2      17 
 12      20      14       1
 16       8      22      15
      5      13      10 
      9      21       6
         23       7 
--8<--
found: sum= 80.0000 var=  0.0000 fitness= 80.0000 age=1
-->8--
          2      14 
     21      23       6
     22       4      17 
 10       8      16       9
 18      19      13       1
      3      20      24 
     15      11       7
         12       5 
--8<--
found: sum= 79.0000 var=  0.0000 fitness= 79.0000 age=2
-->8--
         13       1 
     20      22      11
      2      10      19 
 24      12      16      14
  3      15      17       5
     23       9       8 
      7      21      18
          4       6 
--8<--
found: sum= 80.0000 var=  0.0000 fitness= 80.0000 age=1
-->8--
          4       9 
     24      23       7
     11       1      18 
  6      17      22       8
 12      21      14       3
     13       5      15 
     19      20      16
          2      10 
--8<--
found: sum= 76.0000 var=  0.0000 fitness= 76.0000 age=1
-->8--
          7      23 
     20       3      10
     24       6      22 
 15      16      12      17
  1      11      13       4
      9      18       8 
      5      14       2
         19      21 
--8<--
found: sum= 77.0000 var=  0.0000 fitness= 77.0000 age=1
-->8--
          2       7 
      9      21      22
     16      12       1 
  4      17      14      13
  6      15       8      18
     19      11      23 
     24       5      20
          3      10 
--8<--
found: sum= 81.0000 var=  0.0000 fitness= 81.0000 age=3
-->8--
          2      11 
      1      23       6
     22      16      18 
 14      17       7       8
  3      12      24      15
     13       5       9 
     10      20      19
         21       4 
--8<--
found: sum= 79.0000 var=  0.0000 fitness= 79.0000 age=1
-->8--
         12       2 
      4      24      17
     16      15      20 
 14       8       1      11
 18      13      19       6
     10      23      22 
     21       3       7
          9       5 
--8<--
found: sum= 78.0000 var=  0.0000 fitness= 78.0000 age=1
-->8--
          3       4 
     24       2      20
     23      15      18 
  6      11      19      12
 21       1      10       5
     16      22      14 
      9      17       7
         13       8 
--8<--
found: sum= 80.0000 var=  0.0000 fitness= 80.0000 age=1
-->8--
          5       6 
     10      22      18
     14      16       7 
  4      13      11      19
  8      17      20       2
     24       3      21 
     15      12       1
          9      23 
--8<--
found: sum= 80.0000 var=  0.0000 fitness= 80.0000 age=1
-->8--
          9       4 
     14      20      19
     11       5      24 
 15      21       8      16
  1      10      13       2
     22      23      17 
      7       6       3
         12      18 
--8<--
found: sum= 79.0000 var=  0.0000 fitness= 79.0000 age=1
-->8--
          2      24 
     13      19       6
     22      12       1 
  7      11      17      16
 15      14       4      18
     10      21      23 
      5      20       8
          9       3 
--8<--
found: sum= 79.0000 var=  0.0000 fitness= 79.0000 age=1
-->8--
         16       3 
     14      20       6
      4      15      18 
 19      10      17       2
  9      13      23      12
     24       1       7 
      8      22      21
         11       5 
--8<--
found: sum= 82.0000 var=  0.0000 fitness= 82.0000 age=3
-->8--
          9       1 
      8      24      17
     16       2      20 
  3      23      18       5
  4      22       6      12
     14      11      21 
      7      15      10
         13      19 
--8<--
found: sum= 79.0000 var=  0.0000 fitness= 79.0000 age=1
-->8--
         11       2 
      8      20      14
     12       4      23 
 17      24      16      19
  3      10       7       9
     13      18       5 
      1      22      21
         15       6 
--8<--
found: sum= 79.0000 var=  0.0000 fitness= 79.0000 age=5
-->8--
         22       8 
      2      18      21
     24       4      11 
  6       9      17       7
  1      16      20      19
     23      13       5 
      3      14      12
         10      15 
--8<--
found: sum= 82.0000 var=  0.0000 fitness= 82.0000 age=2
-->8--
         10      20 
      7      22       9
     23      12      13 
  2       8       6      11
 15      18      14      21
     16      24      17 
      4      19       3
          1       5 
--8<--
found: sum= 81.0000 var=  0.0000 fitness= 81.0000 age=1
-->8--
          2      18 
     21      14       5
      6      15      20 
  8      23       9      13
  3      17      16       4
     24       1      19 
      7      22      11
         10      12 
--8<--
found: sum= 82.0000 var=  0.0000 fitness= 82.0000 age=2
-->8--
         22      21 
      7      16       3
     20       8      15 
 10       9      19       1
  2      17      18       6
     24      11      23 
     13      12      14
          5       4 
--8<--
found: sum= 79.0000 var=  0.0000 fitness= 79.0000 age=3
-->8--
          7       4 
     19      18      16
      3      15      14 
  2      17      12      21
 11      22       8       1
     24       5      23 
      9      13      10
          6      20 
--8<--
found: sum= 79.0000 var=  0.0000 fitness= 79.0000 age=2
-->8--
         13       9 
     18       1      21
     24      17      23 
  4       6       8      10
 12      22       7      15
     11      19      16 
      2      20      14
          5       3 
--8<--
found: sum= 80.0000 var=  0.0000 fitness= 80.0000 age=1
-->8--
          8      18 
      3      22       9
     16      12      13 
  4      19       6       2
  7      23      15      20
     11       5      24 
     10      14       1
         17      21 
--8<--
found: sum= 76.0000 var=  0.0000 fitness= 76.0000 age=1
-->8--
         17       2 
     22      21      11
      1       6      20 
  8       9      16      10
 15      24      18       7
     19       3       5 
     12      14      13
          4      23 
--8<--
found: sum= 83.0000 var=  0.0000 fitness= 83.0000 age=1
-->8--
          4      16 
     13      17       2
     20      21      18 
 15       8       9       5
  7      19      23       6
     14       3      22 
     12      24      10
         11       1 
--8<--
found: sum= 80.0000 var=  0.0000 fitness= 80.0000 age=1
-->8--
         21      15 
      3       2       8
     23      17      20 
  9      14      18       6
 11       4       5       7
     19      22      24 
     10      12       1
         13      16 
--8<--
found: sum= 77.0000 var=  0.0000 fitness= 77.0000 age=1
-->8--
          7       2 
     15       9      16
      1      24      22 
 18      21       4      23
 12       5       6       3
     20      17      19 
     10      14       8
         11      13 
--8<--
found: sum= 78.0000 var=  0.0000 fitness= 78.0000 age=2
-->8--
          3      18 
      6      16       2
     14      17       5 
 10      22      20      12
  8       1       7      15
     23      11      19 
     21      13       4
          9      24 
--8<--
found: sum= 81.0000 var=  0.0000 fitness= 81.0000 age=5
-->8--
          2       5 
     14      17      11
      7      21      15 
 10      20      12      18
  8      13       9       3
     23       6      24 
      4      19       1
         16      22 
--8<--
found: sum= 81.0000 var=  0.0000 fitness= 81.0000 age=1
-->8--
          1      16 
     11      13       3
     18      14      23 
 17      24      12      15
  5       8       4       7
      9      19      20 
     21      22       6
          2      10 
--8<--
found: sum= 81.0000 var=  0.0000 fitness= 81.0000 age=2
-->8--
         17       2 
      9       7       6
     22      23      24 
 11       3      19      14
  8      16       5       1
     21      15      18 
     12      13      10
          4      20 
--8<--
found: sum= 81.0000 var=  0.0000 fitness= 81.0000 age=5
-->8--
         17      15 
      5      20      21
     19       2       7 
  8      18      16      11
  3       9      22      13
     24      14      12 
     10      23       4
          1       6 
--8<--
found: sum= 81.0000 var=  0.0000 fitness= 81.0000 age=2
-->8--
          2      24 
     15      19       1
     21      11      18 
 12      13       8       5
  3      23      20      14
      9       6      16 
     17      22       7
          4      10 
--8<--
found: sum= 80.0000 var=  0.0000 fitness= 80.0000 age=1
-->8--
          3      12 
      5      24      10
     17      22       4 
  7       9       8      13
 16      20      19      15
     11       2      21 
      6      23       1
         18      14 
--8<--
found: sum= 79.0000 var=  0.0000 fitness= 79.0000 age=5
-->8--
         11       9 
     12       8       5
     17      15      20 
 19      16      22       2
  6      18       7       4
      3       1      24 
     21      23      14
         13      10 
--8<--
found: sum= 81.0000 var=  0.0000 fitness= 81.0000 age=1
-->8--
          3      21 
      4      23       2
     12      15      19 
  9      24       1      11
  8       6      17      20
     22      18      13 
      5      16      10
         14       7 
--8<--
found: sum= 84.0000 var=  0.0000 fitness= 84.0000 age=1
-->8--
          6      12 
     14      19       2
     21      15      23 
  7       9      13       5
 16      20      17       4
     11      10      22 
      1      24       3
         18       8 
--8<--
found: sum= 79.0000 var=  0.0000 fitness= 79.0000 age=3
-->8--
         14      20 
      3      19       5
     18       2      11 
 12      23      22       7
  1      10       9       6
     15      13      24 
     16       8       4
         17      21 
--8<--
found: sum= 80.0000 var=  0.0000 fitness= 80.0000 age=2
-->8--
          2       1 
     16      24      22
     17      10      19 
 15      11       4      23
  3      21      20       5
     13      14       9 
      6      18      12
          8       7 
--8<--
found: sum= 74.0000 var=  0.0000 fitness= 74.0000 age=1
-->8--
         23      20 
      9      15       1
      4      21       7 
 18       2      10       3
 16      22      11      24
     12       8      19 
     14      13      17
          5       6 
--8<--
found: sum= 74.0000 var=  0.0000 fitness= 74.0000 age=1
-->8--
         20      22 
      2      13       8
     18       6      11 
 12      15      14      23
  9      19      16       7
      1       4       3 
      5      24      10
         21      17 
--8<--
found: sum= 78.0000 var=  0.0000 fitness= 78.0000 age=1
-->8--
          3       5 
     18      10      19
     15      24      16 
 20       8       4      22
  1      13      23       2
     21       6      11 
     12      17      14
          9       7 
--8<--
found: sum= 76.0000 var=  0.0000 fitness= 76.0000 age=1
-->8--
         10      19 
     14       4       5
     21      24      23 
 20       3       1       6
  2      18      22      11
     12       8      13 
     15       7      17
         16       9 
--8<--
found: sum= 78.0000 var=  0.0000 fitness= 78.0000 age=2
-->8--
          1      11 
     18       3      14
     23      21      24 
  2      12       5       6
 13      20       4      17
      8      16      22 
     15      10       7
          9      19 
--8<--
found: sum= 79.0000 var=  0.0000 fitness= 79.0000 age=2
-->8--
         16       5 
     10      22      23
     20       4      17 
  2       7       8       3
 14      24      21      19
     12      15      11 
      6      13       1
          9      18 
--8<--
