found: sum= 76.0000 var=  0.0000 fitness= 76.0000 age=0
-->8--
         24       3 
      2      23      15
      4       7      17 
 14      16      11       9
  1      19      13      20
     22      10       6 
     12       8      21
          5      18 
--8<--
found: sum= 75.0000 var=  0.0000 fitness= 75.0000 age=0
-->8--
          4       8 
     11       5      10
     13      22      16 
 12      20      14      17
  6       9       3      23
     15       7       2 
     19      24      18
          1      21 
--8<--
found: sum= 76.0000 var=  0.0000 fitness= 76.0000 age=0
-->8--
         17      18 
      3      20       2
     10      15       8 
 19      11      13      24
  6       9      16       1
     21      12      14 
     23       7      22
          4       5 
--8<--
found: sum= 79.0000 var=  0.0000 fitness= 79.0000 age=0
-->8--
         12      24 
      1      21       4
     16       6      10 
  3      23      14      18
 17       5      22       2
     15       9      13 
     11      20       7
         19       8 
--8<--
found: sum= 78.0000 var=  0.0000 fitness= 78.0000 age=0
-->8--
         11       5 
     12       1      19
     17      22      23 
  6      15       8      14
 20      16      10       2
      4       7      21 
     18      24      13
          9       3 
--8<--
found: sum= 76.0000 var=  0.0000 fitness= 76.0000 age=0
-->8--
         12      18 
     20      11       5
      9      23      17 
 16       1       2      14
 19       7      22      15
     24      21       6 
      3      13       4
          8      10 
--8<--
found: sum= 73.0000 var=  0.0000 fitness= 73.0000 age=0
-->8--
         21      11 
     13      17       8
      7       6      12 
  4       9      19      23
 20      15       2      16
     18      22       1 
      5      10      14
          3      24 
--8<--
found: sum= 74.0000 var=  0.0000 fitness= 74.0000 age=0
-->8--
          6      12 
     23       8      14
     15       5      16 
  9      17      19       1
  3      10      21      13
     20       2       4 
     11       7      22
         24      18 
--8<--
found: sum= 74.0000 var=  0.0000 fitness= 74.0000 age=0
-->8--
          1      16 
     24      11       8
      5      13      19 
 12      20       7       3
  6      21       4      18
     10       9      23 
     17       2      22
         15      14 
--8<--
found: sum= 76.0000 var=  0.0000 fitness= 76.0000 age=0
-->8--
         19      13 
     11      12      24
     22       4      20 
  2       8       3       6
 18      17      21      16
      9      23      10 
      5       7      14
         15       1 
--8<--
found: sum= 80.0000 var=  0.0000 fitness= 80.0000 age=0
-->8--
         13      10 
      1      22      11
     24       2      16 
  4      18      19       9
 12       5      21       8
     17      15       7 
     23      14      20
          6       3 
--8<--
found: sum= 78.0000 var=  0.0000 fitness= 78.0000 age=0
-->8--
         12      23 
     13       9      11
     20      21       8 
  7       3       6       5
 10      22      24      17
     16       2      18 
     15      19      14
          4       1 
--8<--
found: sum= 77.0000 var=  0.0000 fitness= 77.0000 age=0
-->8--
          2       1 
     10       4      21
     14      23      16 
  3      24      12       8
  9       5       6      17
     22       7      18 
     13      11      15
         19      20 
--8<--
found: sum= 74.0000 var=  0.0000 fitness= 74.0000 age=0
-->8--
          2      10 
      8      24       6
     13      20       3 
  5       7      11      12
 21      19      16      15
      9       1      17 
     23       4      14
         18      22 
--8<--
found: sum= 80.0000 var=  0.0000 fitness= 80.0000 age=0
-->8--
         14      13 
      3      24      18
     23       7       2 
 17       9      16       8
  6      15      21      11
     10      12      22 
     20      19       5
          4       1 
--8<--
found: sum= 76.0000 var=  0.0000 fitness= 76.0000 age=0
-->8--
          7       5 
     24       9      23
     11       8      18 
 10      17      13       2
 14       4      22      15
     20      12       6 
      3      16      19
         21       1 
--8<--
found: sum= 74.0000 var=  0.0000 fitness= 74.0000 age=0
-->8--
         16      12 
     21       8      15
     24       2      18 
  7       3      19       4
 11      23      10      14
      6      17       9 
      1       5      13
         22      20 
--8<--
found: sum= 77.0000 var=  0.0000 fitness= 77.0000 age=0
-->8--
          7       6 
     12      13      22
     24       3      23 
 11      18      10      20
  8      14      15       5
      2      17       4 
      9      19       1
         16      21 
--8<--
found: sum= 77.0000 var=  0.0000 fitness= 77.0000 age=0
-->8--
          7       6 
      4      17      10
     11      16      13 
 12      22      15      24
  8       1       2      20
     23      21       3 
      5      18      14
          9      19 
--8<--
found: sum= 79.0000 var=  0.0000 fitness= 79.0000 age=0
-->8--
         23      12 
      3      17       9
     21      10      24 
  8       5       7      13
 14      20      15       4
     11      22      16 
     18       6      19
          2       1 
--8<--
found: sum= 73.0000 var=  0.0000 fitness= 73.0000 age=0
-->8--
         20      11 
     18       9       5
     12      10      16 
  6       4      22       7
 21      13      23       2
     17       1       3 
     19       8      14
         15      24 
--8<--
found: sum= 76.0000 var=  0.0000 fitness= 76.0000 age=0
-->8--
          1       2 
     17      20       6
      3      23      18 
 19      12       7       5
 21      10       9      13
     11      15      24 
     14       4       8
         22      16 
--8<--
found: sum= 76.0000 var=  0.0000 fitness= 76.0000 age=0
-->8--
          7      22 
      1      13       5
     19      12      21 
 10      24       3       4
  6       8      15      17
      9      14      16 
     23       2      18
         20      11 
--8<--
found: sum= 80.0000 var=  0.0000 fitness= 80.0000 age=0
-->8--
         24       4 
      3      19       9
      5      15      20 
  7      14      13      12
 23      10       6      11
     21      22      18 
      8      17       1
          2      16 
--8<--
found: sum= 78.0000 var=  0.0000 fitness= 78.0000 age=0
-->8--
         12       6 
     18      24      15
     11       9       8 
 14       4      16       5
  7      19      10      17
     23      20      22 
     13       2      21
          1       3 
--8<--
found: sum= 73.0000 var=  0.0000 fitness= 73.0000 age=0
-->8--
         23      17 
     19      10      11
      1       8      21 
 14      12       6       4
 20      24       5      15
      2      18      22 
     13       9      16
          7       3 
--8<--
found: sum= 78.0000 var=  0.0000 fitness= 78.0000 age=0
-->8--
          2       6 
     10      11      18
     14      19      20 
 13      22       4      23
 16       1      15       7
     12      17       9 
     21      24       5
          3       8 
--8<--
found: sum= 79.0000 var=  0.0000 fitness= 79.0000 age=0
-->8--
         21      16 
      1      24       8
     23       6       7 
 11       4      18       2
 15       9      20      13
     17      22      19 
     14       5      10
         12       3 
--8<--
found: sum= 79.0000 var=  0.0000 fitness= 79.0000 age=0
-->8--
         12      14 
      2      24       6
     20       3      19 
  4      18      13       5
 22       7      17      10
      8      21      15 
     23       9      16
         11       1 
--8<--
found: sum= 76.0000 var=  0.0000 fitness= 76.0000 age=0
-->8--
         14       4 
     19      16      13
      7      17      11 
 10       3      15       1
 21      12      20      24
     23       9       5 
      6      18      22
          8       2 
--8<--
found: sum= 75.0000 var=  0.0000 fitness= 75.0000 age=0
-->8--
          3      12 
      8       5       7
     22      23      18 
  4      14      10      19
 17       2       6       9
     16      20      13 
     15       1      24
         21      11 
--8<--
found: sum= 76.0000 var=  0.0000 fitness= 76.0000 age=0
-->8--
         15       2 
      6       3      11
     13      17      23 
  7      22      20      12
 10       5       4      16
     19       8       1 
     14      21      24
          9      18 
--8<--
found: sum= 75.0000 var=  0.0000 fitness= 75.0000 age=0
-->8--
          2      15 
     20      21       6
      5      23       1 
 19       4       9      13
  7      24      12      18
     16       3      22 
      8      10      11
         14      17 
--8<--
found: sum= 73.0000 var=  0.0000 fitness= 73.0000 age=0
-->8--
         24       9 
      1      18      10
      5       2      19 
  4      23      15       8
 17      11      16      12
     13       6       3 
     22       7      21
         14      20 
--8<--
found: sum= 78.0000 var=  0.0000 fitness= 78.0000 age=0
-->8--
          7       3 
     19       1      12
     22      21      23 
  9       8      18      13
 10       5       6      14
     24      20       4 
      2      16      15
         11      17 
--8<--
found: sum= 78.0000 var=  0.0000 fitness= 78.0000 age=0
-->8--
          1      22 
     11       7       4
     24      12      19 
  2      23      14      13
  5       3       6      16
     21      20      10 
     17       9      15
          8      18 
--8<--
found: sum= 77.0000 var=  0.0000 fitness= 77.0000 age=0
-->8--
          9      17 
      5      16       3
     23       6      20 
 10      18      15      21
 13       2      12       8
     11      24       1 
      7      14       4
         19      22 
--8<--
found: sum= 75.0000 var=  0.0000 fitness= 75.0000 age=0
-->8--
         12      14 
     18      24      19
      3       1      13 
  6      17       4      23
 20      21      22       2
      8      10      11 
     15      16       7
          5       9 
--8<--
found: sum= 78.0000 var=  0.0000 fitness= 78.0000 age=0
-->8--
         13      10 
      6      18      12
     17      16      15 
  2       8       7       9
 22      24       3      23
      5      20      21 
      4      14       1
         11      19 
--8<--
found: sum= 81.0000 var=  0.0000 fitness= 81.0000 age=0
-->8--
          2      18 
      8      21      11
     23       3      16 
 13      24      12      17
  5       6      14       7
     10      22      15 
      4      20       9
         19       1 
--8<--
found: sum= 79.0000 var=  0.0000 fitness= 79.0000 age=0
-->8--
          5       1 
      7      24      18
     19      14       2 
  6      10      20       3
 13      15       9      23
     16      11      22 
      8      12       4
         17      21 
--8<--
found: sum= 75.0000 var=  0.0000 fitness= 75.0000 age=0
-->8--
          4       2 
      3      21       9
      5      22      13 
 15      20       8      24
 12       7       1      23
     16      17       6 
     10      14      18
         11      19 
--8<--
found: sum= 77.0000 var=  0.0000 fitness= 77.0000 age=0
-->8--
         17      16 
     23       7      19
     12       8      22 
 18      10       5       1
  3      20      21       4
     14      13      24 
     15       6       2
          9      11 
--8<--
found: sum= 79.0000 var=  0.0000 fitness= 79.0000 age=0
-->8--
          8      10 
      7      18      17
     23      14      19 
  2       9       1       3
 13      12      21      24
     20      22      11 
      5       4      15
         16       6 
--8<--
found: sum= 78.0000 var=  0.0000 fitness= 78.0000 age=0
-->8--
          1       2 
      6       9      15
     21      23      12 
 13      18      17      19
 11       7      10       4
      8       3      16 
     14      24       5
         22      20 
--8<--
found: sum= 71.0000 var=  0.0000 fitness= 71.0000 age=0
-->8--
         13      22 
     16      14       7
     15       1       6 
 10      12      21       5
 24       2      17      19
      8      18       3 
     11       9       4
         23      20 
--8<--
found: sum= 74.0000 var=  0.0000 fitness= 74.0000 age=0
-->8--
          8       2 
     23       7      15
     13       5      24 
  9      18      21      10
 11      17      12       3
      6       1       4 
     20      16      19
         14      22 
--8<--
found: sum= 78.0000 var=  0.0000 fitness= 78.0000 age=0
-->8--
         19      22 
      6       2      13
     24       4      21 
  1      23      16      10
 12       7       8       5
     11      20      18 
      9      14       3
         17      15 
--8<--
found: sum= 70.0000 var=  0.0000 fitness= 70.0000 age=0
-->8--
          8      13 
     22      17      12
     11       9       5 
 19       3      14       1
 15      18      24      20
      4       2       6 
     23       7      10
         16      21 
--8<--
found: sum= 74.0000 var=  0.0000 fitness= 74.0000 age=0
-->8--
         12       5 
     23      19      16
      1       2      14 
  3      17      18      15
 10      22       6      13
     21       9       8 
     11       7      20
          4      24 
--8<--
found: sum= 81.0000 var=  0.0000 fitness= 81.0000 age=0
-->8--
         16      14 
      3      19       1
     24       6      20 
 12      13      21       8
  4      23       7      10
      5      11      15 
      2      22       9
         18      17 
--8<--
found: sum= 78.0000 var=  0.0000 fitness= 78.0000 age=0
-->8--
         21      19 
     12      22      17
     16       1       4 
 11       6      15      18
  8      13      20       7
     24      23      14 
      5      10       2
          3       9 
--8<--
found: sum= 79.0000 var=  0.0000 fitness= 79.0000 age=0
-->8--
          2       6 
      5      21       4
     17      14      15 
 24      20      19       9
  3       7       1      12
      8      18      23 
     22      11      16
         13      10 
--8<--
found: sum= 74.0000 var=  0.0000 fitness= 74.0000 age=0
-->8--
         21       9 
     11      14      23
      5       1      12 
 16      22      15       6
  4       8      18      20
     19      10       3 
     13      17      24
          7       2 
--8<--
found: sum= 74.0000 var=  0.0000 fitness= 74.0000 age=0
-->8--
          1       4 
     24      20      12
      9       7       8 
 22      13      23      19
  6       3      17       5
     21      11       2 
     15      10      16
         14      18 
--8<--
found: sum= 79.0000 var=  0.0000 fitness= 79.0000 age=0
-->8--
          6       7 
      2      15      11
     24      14      12 
  5      18      20      21
  1       9      10      13
     22       8       3 
     17      19      23
          4      16 
--8<--
found: sum= 77.0000 var=  0.0000 fitness= 77.0000 age=0
-->8--
         21       6 
      2      24       9
      8      15      10 
 17       7      13      14
 11      16      23      12
     18       3       5 
      1      20      22
         19       4 
--8<--
found: sum= 78.0000 var=  0.0000 fitness= 78.0000 age=0
-->8--
         21      18 
     19       2       6
      9      13      24 
  8      14      15       5
 17      10       4       7
     20      22      23 
     11      12       1
          3      16 
--8<--
found: sum= 80.0000 var=  0.0000 fitness= 80.0000 age=0
-->8--
          9      17 
     10      19      12
     23       8      18 
  3      11       6      13
  7      21      20      22
     15      14       1 
      4      24       5
          2      16 
--8<--
found: sum= 75.0000 var=  0.0000 fitness= 75.0000 age=0
-->8--
         18       7 
     14      20      15
     16       1      21 
 22       6      11       8
  3      24      10      13
      4      23      12 
     17       2      19
          5       9 
--8<--
found: sum= 83.0000 var=  0.0000 fitness= 83.0000 age=0
-->8--
          3      22 
      6      23       4
     24      15       9 
  8      12      10       7
  5      14      19      17
     20      13      21 
     16      18       1
          2      11 
--8<--
found: sum= 82.0000 var=  0.0000 fitness= 82.0000 age=0
-->8--
          5       2 
     23      22       4
     10      15      18 
 17       7      21       9
 11      13      12       6
     24      14      16 
      3      20       1
          8      19 
--8<--
found: sum= 80.0000 var=  0.0000 fitness= 80.0000 age=0
-->8--
          7      19 
      9      24       5
     12       8      21 
 10      20       3      11
  2      14      17      13
     22      18      15 
      4       6       1
         16      23 
--8<--
found: sum= 76.0000 var=  0.0000 fitness= 76.0000 age=0
-->8--
         13       7 
     23       8      12
      4      18      22 
 17      10       9      21
 20      19       5       3
      6      15      16 
      1      24      14
         11       2 
--8<--
found: sum= 79.0000 var=  0.0000 fitness= 79.0000 age=0
-->8--
          3       9 
     17      12       1
     19      13      21 
 16      15      23       8
 20       4       2      11
      5      22      14 
      6      24       7
         18      10 
--8<--
found: sum= 77.0000 var=  0.0000 fitness= 77.0000 age=0
-->8--
          1       7 
     14       8      16
     12      22      13 
 15      20      11      10
  4       3       2      17
     23      19      24 
      9       5      21
         18       6 
--8<--
found: sum= 73.0000 var=  0.0000 fitness= 73.0000 age=0
-->8--
          1      19 
      9      16       8
     13      12       7 
 23      22      11      15
  4       5       2      18
      6      21      20 
     14       3      10
         24      17 
--8<--
found: sum= 77.0000 var=  0.0000 fitness= 77.0000 age=0
-->8--
         13      24 
     16      21       5
      1       3      10 
 22      23      14      12
  6       7      19       2
     18      11      20 
     17      15       4
          9       8 
--8<--
found: sum= 77.0000 var=  0.0000 fitness= 77.0000 age=0
-->8--
          2      16 
     15      21       3
      5      20      13 
  7      14       4      18
 23      11      22       1
     17       6      19 
      9      10      12
         24       8 
--8<--
found: sum= 78.0000 var=  0.0000 fitness= 78.0000 age=0
-->8--
          1       2 
     10      23       5
     18      15       9 
  6      11      24      14
 19       4      16      12
     20       8       3 
      7      17      21
         22      13 
--8<--
found: sum= 72.0000 var=  0.0000 fitness= 72.0000 age=0
-->8--
          8       7 
     21       3      14
      9      11      15 
 12      20      22      18
 24       1       5       2
      6      13      10 
     16      17      23
         19       4 
--8<--
found: sum= 76.0000 var=  0.0000 fitness= 76.0000 age=0
-->8--
          3      13 
     23       8      14
     24      11       9 
 10       7      21      22
  4      12       5      17
     19      20       2 
      6      18      16
          1      15 
--8<--
found: sum= 78.0000 var=  0.0000 fitness= 78.0000 age=0
-->8--
          3      15 
     13      11      10
     18      14      21 
  4      19       7      20
 12       9       5       2
     16      24      23 
     22       1      17
          6       8 
--8<--
found: sum= 75.0000 var=  0.0000 fitness= 75.0000 age=0
-->8--
          5      17 
      6      15      11
     23       7      21 
 16      19       4       8
  3      12       9      20
      2      24      13 
     14       1      18
         22      10 
--8<--
found: sum= 76.0000 var=  0.0000 fitness= 76.0000 age=0
-->8--
         20      21 
      1       9       2
     16      11      23 
  8      19      10      15
  5       6      17       4
     22      13       7 
     18       3      24
         14      12 
--8<--
found: sum= 75.0000 var=  0.0000 fitness= 75.0000 age=0
-->8--
          1      14 
     20      17       3
      4      21      15 
  6      12       5      16
 19      10      18       8
     24       9      13 
     23       2      22
          7      11 
--8<--
found: sum= 77.0000 var=  0.0000 fitness= 77.0000 age=0
-->8--
          6      12 
     22       5      24
      7      14      20 
  3      23       2       4
  9      17      11      21
     18      10      19 
      1      16      13
         15       8 
--8<--
found: sum= 74.0000 var=  0.0000 fitness= 74.0000 age=0
-->8--
         10      17 
     21      23      20
      4       5       6 
  9      11       3      18
 16      12      24      15
     22      19       8 
     13       7       2
          1      14 
--8<--
found: sum= 77.0000 var=  0.0000 fitness= 77.0000 age=0
-->8--
          1      12 
      9       6      13
     24      22      19 
  4      15       5       7
 14      17       2      21
      3      16      23 
     20      10      18
         11       8 
--8<--
found: sum= 76.0000 var=  0.0000 fitness= 76.0000 age=0
-->8--
         22      16 
      1      24       6
     15      10      13 
  5       4       7      21
 18      23      12       9
     11      20      14 
     17       3       8
          2      19 
--8<--
found: sum= 73.0000 var=  0.0000 fitness= 73.0000 age=0
-->8--
          4       6 
     11      20      18
     13      16       1 
 22       9      12      21
 17      10       7       8
      2      19      24 
     23       5       3
         14      15 
--8<--
found: sum= 77.0000 var=  0.0000 fitness= 77.0000 age=0
-->8--
          1       3 
     22      23       7
      4      16      19 
 18      11       9       2
 21      13       8      15
     10      20      24 
     12       5       6
         17      14 
--8<--
found: sum= 74.0000 var=  0.0000 fitness= 74.0000 age=0
-->8--
          1      11 
     18       7      16
     20       6      19 
  2      22      15      14
  5       8      13       9
     17      10       4 
     12       3      21
         24      23 
--8<--
found: sum= 80.0000 var=  0.0000 fitness= 80.0000 age=0
-->8--
         11      10 
      2      24       8
     16      18       5 
 14       9      15      17
  6      12       4      20
     23      22      19 
      7      13       1
          3      21 
--8<--
found: sum= 73.0000 var=  0.0000 fitness= 73.0000 age=0
-->8--
         12      23 
     19      22      17
      4       2       6 
  9      14       3       5
 15      24      20      21
      7      10      18 
     11       8       1
         13      16 
--8<--
found: sum= 77.0000 var=  0.0000 fitness= 77.0000 age=0
-->8--
          7      22 
     10      24       2
     19       6       5 
 17      11      18      21
  1      14       8      12
     15      20      13 
     16       9       4
          3      23 
--8<--
found: sum= 78.0000 var=  0.0000 fitness= 78.0000 age=0
-->8--
          4      10 
     24      16      14
      9       6      17 
 21      19      15      12
  2      22       3      11
      5      13      20 
      7      23      18
          8       1 
--8<--
found: sum= 75.0000 var=  0.0000 fitness= 75.0000 age=0
-->8--
          2      15 
     20      21       6
      5      23       1 
 19       4       9      13
  7      24      12      18
     16       3      22 
      8      10      11
         14      17 
--8<--
found: sum= 75.0000 var=  0.0000 fitness= 75.0000 age=0
-->8--
         13      11 
      9       2       5
      8      23      24 
 19      20      10       6
 15      12       3      14
      1       7      18 
     16      22      21
         17       4 
--8<--
execution time: real 0.303859s user 0.228965s sys 0.002999s
GA: P=1024 K=512 sp=2 xover=2D/1 aging
generation #2: pop m= 76.944 v=0.198 f= 74.905
best: found: sum= 83.0000 var=  0.0000 fitness= 83.0000 age=1
-->8--
          3      22 
      6      23       4
     24      15       9 
  8      12      10       7
  5      14      19      17
     20      13      21 
     16      18       1
          2      11 
--8<--
found: sum= 77.0000 var=  0.0000 fitness= 77.0000 age=2
-->8--
          9      17 
      5      16       3
     23       6      20 
 10      18      15      21
 13       2      12       8
     11      24       1 
      7      14       4
         19      22 
--8<--
found: sum= 78.0000 var=  0.0000 fitness= 78.0000 age=2
-->8--
          2       6 
     10      11      18
     14      19      20 
 13      22       4      23
 16       1      15       7
     12      17       9 
     21      24       5
          3       8 
--8<--
found: sum= 76.0000 var=  0.0000 fitness= 76.0000 age=2
-->8--
         24       3 
      2      23      15
      4       7      17 
 14      16      11       9
  1      19      13      20
     22      10       6 
     12       8      21
          5      18 
--8<--
found: sum= 78.0000 var=  0.0000 fitness= 78.0000 age=1
-->8--
          1       2 
     10      23       5
     18      15       9 
  6      11      24      14
 19       4      16      12
     20       8       3 
      7      17      21
         22      13 
--8<--
found: sum= 80.0000 var=  0.0000 fitness= 80.0000 age=1
-->8--
          7      19 
      9      24       5
     12       8      21 
 10      20       3      11
  2      14      17      13
     22      18      15 
      4       6       1
         16      23 
--8<--
found: sum= 74.0000 var=  0.0000 fitness= 74.0000 age=2
-->8--
         16      12 
     21       8      15
     24       2      18 
  7       3      19       4
 11      23      10      14
      6      17       9 
      1       5      13
         22      20 
--8<--
found: sum= 75.0000 var=  0.0000 fitness= 75.0000 age=1
-->8--
          5      17 
      6      15      11
     23       7      21 
 16      19       4       8
  3      12       9      20
      2      24      13 
     14       1      18
         22      10 
--8<--
found: sum= 76.0000 var=  0.0000 fitness= 76.0000 age=2
-->8--
         15       2 
      6       3      11
     13      17      23 
  7      22      20      12
 10       5       4      16
     19       8       1 
     14      21      24
          9      18 
--8<--
found: sum= 80.0000 var=  0.0000 fitness= 80.0000 age=2
-->8--
         13      10 
      1      22      11
     24       2      16 
  4      18      19       9
 12       5      21       8
     17      15       7 
     23      14      20
          6       3 
--8<--
found: sum= 79.0000 var=  0.0000 fitness= 79.0000 age=1
-->8--
          6       7 
      2      15      11
     24      14      12 
  5      18      20      21
  1       9      10      13
     22       8       3 
     17      19      23
          4      16 
--8<--
found: sum= 76.0000 var=  0.0000 fitness= 76.0000 age=1
-->8--
         13       7 
     23       8      12
      4      18      22 
 17      10       9      21
 20      19       5       3
      6      15      16 
      1      24      14
         11       2 
--8<--
found: sum= 78.0000 var=  0.0000 fitness= 78.0000 age=2
-->8--
         13      10 
      6      18      12
     17      16      15 
  2       8       7       9
 22      24       3      23
      5      20      21 
      4      14       1
         11      19 
--8<--
found: sum= 76.0000 var=  0.0000 fitness= 76.0000 age=1
-->8--
          3      13 
     23       8      14
     24      11       9 
 10       7      21      22
  4      12       5      17
     19      20       2 
      6      18      16
          1      15 
--8<--
found: sum= 71.0000 var=  0.0000 fitness= 71.0000 age=2
-->8--
         13      22 
     16      14       7
     15       1       6 
 10      12      21       5
 24       2      17      19
      8      18       3 
     11       9       4
         23      20 
--8<--
found: sum= 73.0000 var=  0.0000 fitness= 73.0000 age=2
-->8--
         21      11 
     13      17       8
      7       6      12 
  4       9      19      23
 20      15       2      16
     18      22       1 
      5      10      14
          3      24 
--8<--
found: sum= 74.0000 var=  0.0000 fitness= 74.0000 age=2
-->8--
          8       2 
     23       7      15
     13       5      24 
  9      18      21      10
 11      17      12       3
      6       1       4 
     20      16      19
         14      22 
--8<--
found: sum= 73.0000 var=  0.0000 fitness= 73.0000 age=2
-->8--
         20      11 
     18       9       5
     12      10      16 
  6       4      22       7
 21      13      23       2
     17       1       3 
     19       8      14
         15      24 
--8<--
found: sum= 78.0000 var=  0.0000 fitness= 78.0000 age=2
-->8--
         12      23 
     13       9      11
     20      21       8 
  7       3       6       5
 10      22      24      17
     16       2      18 
     15      19      14
          4       1 
--8<--
found: sum= 75.0000 var=  0.0000 fitness= 75.0000 age=2
-->8--
         12      14 
     18      24      19
      3       1      13 
  6      17       4      23
 20      21      22       2
      8      10      11 
     15      16       7
          5       9 
--8<--
found: sum= 80.0000 var=  0.0000 fitness= 80.0000 age=1
-->8--
         11      10 
      2      24       8
     16      18       5 
 14       9      15      17
  6      12       4      20
     23      22      19 
      7      13       1
          3      21 
--8<--
found: sum= 81.0000 var=  0.0000 fitness= 81.0000 age=2
-->8--
          2      18 
      8      21      11
     23       3      16 
 13      24      12      17
  5       6      14       7
     10      22      15 
      4      20       9
         19       1 
--8<--
found: sum= 75.0000 var=  0.0000 fitness= 75.0000 age=2
-->8--
          4       8 
     11       5      10
     13      22      16 
 12      20      14      17
  6       9       3      23
     15       7       2 
     19      24      18
          1      21 
--8<--
found: sum= 77.0000 var=  0.0000 fitness= 77.0000 age=2
-->8--
         17      16 
     23       7      19
     12       8      22 
 18      10       5       1
  3      20      21       4
     14      13      24 
     15       6       2
          9      11 
--8<--
found: sum= 78.0000 var=  0.0000 fitness= 78.0000 age=2
-->8--
          1      22 
     11       7       4
     24      12      19 
  2      23      14      13
  5       3       6      16
     21      20      10 
     17       9      15
          8      18 
--8<--
found: sum= 78.0000 var=  0.0000 fitness= 78.0000 age=2
-->8--
         21      19 
     12      22      17
     16       1       4 
 11       6      15      18
  8      13      20       7
     24      23      14 
      5      10       2
          3       9 
--8<--
found: sum= 75.0000 var=  0.0000 fitness= 75.0000 age=2
-->8--
          3      12 
      8       5       7
     22      23      18 
  4      14      10      19
 17       2       6       9
     16      20      13 
     15       1      24
         21      11 
--8<--
found: sum= 77.0000 var=  0.0000 fitness= 77.0000 age=2
-->8--
          7       6 
      4      17      10
     11      16      13 
 12      22      15      24
  8       1       2      20
     23      21       3 
      5      18      14
          9      19 
--8<--
found: sum= 72.0000 var=  0.0000 fitness= 72.0000 age=1
-->8--
          8       7 
     21       3      14
      9      11      15 
 12      20      22      18
 24       1       5       2
      6      13      10 
     16      17      23
         19       4 
--8<--
found: sum= 74.0000 var=  0.0000 fitness= 74.0000 age=2
-->8--
          6      12 
     23       8      14
     15       5      16 
  9      17      19       1
  3      10      21      13
     20       2       4 
     11       7      22
         24      18 
--8<--
found: sum= 75.0000 var=  0.0000 fitness= 75.0000 age=1
-->8--
          2      15 
     20      21       6
      5      23       1 
 19       4       9      13
  7      24      12      18
     16       3      22 
      8      10      11
         14      17 
--8<--
found: sum= 77.0000 var=  0.0000 fitness= 77.0000 age=1
-->8--
          2      16 
     15      21       3
      5      20      13 
  7      14       4      18
 23      11      22       1
     17       6      19 
      9      10      12
         24       8 
--8<--
found: sum= 79.0000 var=  0.0000 fitness= 79.0000 age=2
-->8--
         12      24 
      1      21       4
     16       6      10 
  3      23      14      18
 17       5      22       2
     15       9      13 
     11      20       7
         19       8 
--8<--
found: sum= 79.0000 var=  0.0000 fitness= 79.0000 age=2
-->8--
          5       1 
      7      24      18
     19      14       2 
  6      10      20       3
 13      15       9      23
     16      11      22 
      8      12       4
         17      21 
--8<--
found: sum= 73.0000 var=  0.0000 fitness= 73.0000 age=1
-->8--
         12      23 
     19      22      17
      4       2       6 
  9      14       3       5
 15      24      20      21
      7      10      18 
     11       8       1
         13      16 
--8<--
found: sum= 78.0000 var=  0.0000 fitness= 78.0000 age=1
-->8--
         21      18 
     19       2       6
      9      13      24 
  8      14      15       5
 17      10       4       7
     20      22      23 
     11      12       1
          3      16 
--8<--
found: sum= 76.0000 var=  0.0000 fitness= 76.0000 age=2
-->8--
          1       2 
     17      20       6
      3      23      18 
 19      12       7       5
 21      10       9      13
     11      15      24 
     14       4       8
         22      16 
--8<--
found: sum= 79.0000 var=  0.0000 fitness= 79.0000 age=1
-->8--
          3       9 
     17      12       1
     19      13      21 
 16      15      23       8
 20       4       2      11
      5      22      14 
      6      24       7
         18      10 
--8<--
found: sum= 76.0000 var=  0.0000 fitness= 76.0000 age=2
-->8--
         14       4 
     19      16      13
      7      17      11 
 10       3      15       1
 21      12      20      24
     23       9       5 
      6      18      22
          8       2 
--8<--
found: sum= 82.0000 var=  0.0000 fitness= 82.0000 age=1
-->8--
          5       2 
     23      22       4
     10      15      18 
 17       7      21       9
 11      13      12       6
     24      14      16 
      3      20       1
          8      19 
--8<--
found: sum= 73.0000 var=  0.0000 fitness= 73.0000 age=1
-->8--
          1      19 
      9      16       8
     13      12       7 
 23      22      11      15
  4       5       2      18
      6      21      20 
     14       3      10
         24      17 
--8<--
found: sum= 81.0000 var=  0.0000 fitness= 81.0000 age=2
-->8--
         16      14 
      3      19       1
     24       6      20 
 12      13      21       8
  4      23       7      10
      5      11      15 
      2      22       9
         18      17 
--8<--
found: sum= 74.0000 var=  0.0000 fitness= 74.0000 age=1
-->8--
         10      17 
     21      23      20
      4       5       6 
  9      11       3      18
 16      12      24      15
     22      19       8 
     13       7       2
          1      14 
--8<--
found: sum= 73.0000 var=  0.0000 fitness= 73.0000 age=2
-->8--
         24       9 
      1      18      10
      5       2      19 
  4      23      15       8
 17      11      16      12
     13       6       3 
     22       7      21
         14      20 
--8<--
found: sum= 80.0000 var=  0.0000 fitness= 80.0000 age=2
-->8--
         24       4 
      3      19       9
      5      15      20 
  7      14      13      12
 23      10       6      11
     21      22      18 
      8      17       1
          2      16 
--8<--
found: sum= 76.0000 var=  0.0000 fitness= 76.0000 age=1
-->8--
         22      16 
      1      24       6
     15      10      13 
  5       4       7      21
 18      23      12       9
     11      20      14 
     17       3       8
          2      19 
--8<--
found: sum= 78.0000 var=  0.0000 fitness= 78.0000 age=1
-->8--
          4      10 
     24      16      14
      9       6      17 
 21      19      15      12
  2      22       3      11
      5      13      20 
      7      23      18
          8       1 
--8<--
found: sum= 75.0000 var=  0.0000 fitness= 75.0000 age=1
-->8--
          1      14 
     20      17       3
      4      21      15 
  6      12       5      16
 19      10      18       8
     24       9      13 
     23       2      22
          7      11 
--8<--
found: sum= 76.0000 var=  0.0000 fitness= 76.0000 age=2
-->8--
         17      18 
      3      20       2
     10      15       8 
 19      11      13      24
  6       9      16       1
     21      12      14 
     23       7      22
          4       5 
--8<--
found: sum= 80.0000 var=  0.0000 fitness= 80.0000 age=1
-->8--
          9      17 
     10      19      12
     23       8      18 
  3      11       6      13
  7      21      20      22
     15      14       1 
      4      24       5
          2      16 
--8<--
found: sum= 77.0000 var=  0.0000 fitness= 77.0000 age=1
-->8--
          6      12 
     22       5      24
      7      14      20 
  3      23       2       4
  9      17      11      21
     18      10      19 
      1      16      13
         15       8 
--8<--
found: sum= 78.0000 var=  0.0000 fitness= 78.0000 age=2
-->8--
          1       2 
      6       9      15
     21      23      12 
 13      18      17      19
 11       7      10       4
      8       3      16 
     14      24       5
         22      20 
--8<--
found: sum= 75.0000 var=  0.0000 fitness= 75.0000 age=2
-->8--
          2      15 
     20      21       6
      5      23       1 
 19       4       9      13
  7      24      12      18
     16       3      22 
      8      10      11
         14      17 
--8<--
found: sum= 78.0000 var=  0.0000 fitness= 78.0000 age=2
-->8--
         12       6 
     18      24      15
     11       9       8 
 14       4      16       5
  7      19      10      17
     23      20      22 
     13       2      21
          1       3 
--8<--
found: sum= 77.0000 var=  0.0000 fitness= 77.0000 age=2
-->8--
          2       1 
     10       4      21
     14      23      16 
  3      24      12       8
  9       5       6      17
     22       7      18 
     13      11      15
         19      20 
--8<--
found: sum= 78.0000 var=  0.0000 fitness= 78.0000 age=2
-->8--
          7       3 
     19       1      12
     22      21      23 
  9       8      18      13
 10       5       6      14
     24      20       4 
      2      16      15
         11      17 
--8<--
found: sum= 75.0000 var=  0.0000 fitness= 75.0000 age=1
-->8--
         13      11 
      9       2       5
      8      23      24 
 19      20      10       6
 15      12       3      14
      1       7      18 
     16      22      21
         17       4 
--8<--
found: sum= 79.0000 var=  0.0000 fitness= 79.0000 age=2
-->8--
         23      12 
      3      17       9
     21      10      24 
  8       5       7      13
 14      20      15       4
     11      22      16 
     18       6      19
          2       1 
--8<--
found: sum= 77.0000 var=  0.0000 fitness= 77.0000 age=1
-->8--
          1       3 
     22      23       7
      4      16      19 
 18      11       9       2
 21      13       8      15
     10      20      24 
     12       5       6
         17      14 
--8<--
found: sum= 76.0000 var=  0.0000 fitness= 76.0000 age=1
-->8--
         20      21 
      1       9       2
     16      11      23 
  8      19      10      15
  5       6      17       4
     22      13       7 
     18       3      24
         14      12 
--8<--
found: sum= 77.0000 var=  0.0000 fitness= 77.0000 age=1
-->8--
         21       6 
      2      24       9
      8      15      10 
 17       7      13      14
 11      16      23      12
     18       3       5 
      1      20      22
         19       4 
--8<--
found: sum= 74.0000 var=  0.0000 fitness= 74.0000 age=1
-->8--
          1      11 
     18       7      16
     20       6      19 
  2      22      15      14
  5       8      13       9
     17      10       4 
     12       3      21
         24      23 
--8<--
found: sum= 70.0000 var=  0.0000 fitness= 70.0000 age=2
-->8--
          8      13 
     22      17      12
     11       9       5 
 19       3      14       1
 15      18      24      20
      4       2       6 
     23       7      10
         16      21 
--8<--
found: sum= 74.0000 var=  0.0000 fitness= 74.0000 age=2
-->8--
          2      10 
      8      24       6
     13      20       3 
  5       7      11      12
 21      19      16      15
      9       1      17 
     23       4      14
         18      22 
--8<--
found: sum= 74.0000 var=  0.0000 fitness= 74.0000 age=2
-->8--
          1       4 
     24      20      12
      9       7       8 
 22      13      23      19
  6       3      17       5
     21      11       2 
     15      10      16
         14      18 
--8<--
found: sum= 77.0000 var=  0.0000 fitness= 77.0000 age=1
-->8--
          7      22 
     10      24       2
     19       6       5 
 17      11      18      21
  1      14       8      12
     15      20      13 
     16       9       4
          3      23 
--8<--
found: sum= 74.0000 var=  0.0000 fitness= 74.0000 age=2
-->8--
         12       5 
     23      19      16
      1       2      14 
  3      17      18      15
 10      22       6      13
     21       9       8 
     11       7      20
          4      24 
--8<--
found: sum= 78.0000 var=  0.0000 fitness= 78.0000 age=2
-->8--
         19      22 
      6       2      13
     24       4      21 
  1      23      16      10
 12       7       8       5
     11      20      18 
      9      14       3
         17      15 
--8<--
found: sum= 76.0000 var=  0.0000 fitness= 76.0000 age=2
-->8--
         12      18 
     20      11       5
      9      23      17 
 16       1       2      14
 19       7      22      15
     24      21       6 
      3      13       4
          8      10 
--8<--
found: sum= 76.0000 var=  0.0000 fitness= 76.0000 age=2
-->8--
          7       5 
     24       9      23
     11       8      18 
 10      17      13       2
 14       4      22      15
     20      12       6 
      3      16      19
         21       1 
--8<--
found: sum= 78.0000 var=  0.0000 fitness= 78.0000 age=2
-->8--
         11       5 
     12       1      19
     17      22      23 
  6      15       8      14
 20      16      10       2
      4       7      21 
     18      24      13
          9       3 
--8<--
found: sum= 78.0000 var=  0.0000 fitness= 78.0000 age=1
-->8--
          3      15 
     13      11      10
     18      14      21 
  4      19       7      20
 12       9       5       2
     16      24      23 
     22       1      17
          6       8 
--8<--
found: sum= 79.0000 var=  0.0000 fitness= 79.0000 age=2
-->8--
          2       6 
      5      21       4
     17      14      15 
 24      20      19       9
  3       7       1      12
      8      18      23 
     22      11      16
         13      10 
--8<--
found: sum= 73.0000 var=  0.0000 fitness= 73.0000 age=1
-->8--
          4       6 
     11      20      18
     13      16       1 
 22       9      12      21
 17      10       7       8
      2      19      24 
     23       5       3
         14      15 
--8<--
found: sum= 74.0000 var=  0.0000 fitness= 74.0000 age=2
-->8--
         21       9 
     11      14      23
      5       1      12 
 16      22      15       6
  4       8      18      20
     19      10       3 
     13      17      24
          7       2 
--8<--
found: sum= 76.0000 var=  0.0000 fitness= 76.0000 age=2
-->8--
          7      22 
      1      13       5
     19      12      21 
 10      24       3       4
  6       8      15      17
      9      14      16 
     23       2      18
         20      11 
--8<--
found: sum= 74.0000 var=  0.0000 fitness= 74.0000 age=2
-->8--
          1      16 
     24      11       8
      5      13      19 
 12      20       7       3
  6      21       4      18
     10       9      23 
     17       2      22
         15      14 
--8<--
found: sum= 77.0000 var=  0.0000 fitness= 77.0000 age=1
-->8--
          1       7 
     14       8      16
     12      22      13 
 15      20      11      10
  4       3       2      17
     23      19      24 
      9       5      21
         18       6 
--8<--
found: sum= 80.0000 var=  0.0000 fitness= 80.0000 age=2
-->8--
         14      13 
      3      24      18
     23       7       2 
 17       9      16       8
  6      15      21      11
     10      12      22 
     20      19       5
          4       1 
--8<--
found: sum= 79.0000 var=  0.0000 fitness= 79.0000 age=2
-->8--
         12      14 
      2      24       6
     20       3      19 
  4      18      13       5
 22       7      17      10
      8      21      15 
     23       9      16
         11       1 
--8<--
found: sum= 79.0000 var=  0.0000 fitness= 79.0000 age=2
-->8--
          8      10 
      7      18      17
     23      14      19 
  2       9       1       3
 13      12      21      24
     20      22      11 
      5       4      15
         16       6 
--8<--
found: sum= 75.0000 var=  0.0000 fitness= 75.0000 age=1
-->8--
         18       7 
     14      20      15
     16       1      21 
 22       6      11       8
  3      24      10      13
      4      23      12 
     17       2      19
          5       9 
--8<--
found: sum= 75.0000 var=  0.0000 fitness= 75.0000 age=2
-->8--
          4       2 
      3      21       9
      5      22      13 
 15      20       8      24
 12       7       1      23
     16      17       6 
     10      14      18
         11      19 
--8<--
found: sum= 76.0000 var=  0.0000 fitness= 76.0000 age=2
-->8--
         19      13 
     11      12      24
     22       4      20 
  2       8       3       6
 18      17      21      16
      9      23      10 
      5       7      14
         15       1 
--8<--
found: sum= 77.0000 var=  0.0000 fitness= 77.0000 age=1
-->8--
         13      24 
     16      21       5
      1       3      10 
 22      23      14      12
  6       7      19       2
     18      11      20 
     17      15       4
          9       8 
--8<--
found: sum= 77.0000 var=  0.0000 fitness= 77.0000 age=1
-->8--
          1      12 
      9       6      13
     24      22      19 
  4      15       5       7
 14      17       2      21
      3      16      23 
     20      10      18
         11       8 
--8<--
found: sum= 79.0000 var=  0.0000 fitness= 79.0000 age=2
-->8--
         21      16 
      1      24       8
     23       6       7 
 11       4      18       2
 15       9      20      13
     17      22      19 
     14       5      10
         12       3 
--8<--
found: sum= 77.0000 var=  0.0000 fitness= 77.0000 age=2
-->8--
          7       6 
     12      13      22
     24       3      23 
 11      18      10      20
  8      14      15       5
      2      17       4 
      9      19       1
         16      21 
--8<--
found: sum= 73.0000 var=  0.0000 fitness= 73.0000 age=2
-->8--
         23      17 
     19      10      11
      1       8      21 
 14      12       6       4
 20      24       5      15
      2      18      22 
     13       9      16
          7       3 
--8<--
