found: sum= 77.0000 var=  0.0000 fitness= 77.0000
-->8--
          3      17 
     20       1      14
     23       6      18 
  5      24      21      10
  7       2       9      11
     16      15       8 
     13      19       4
         12      22 
--8<--
found: sum= 78.0000 var=  0.0000 fitness= 78.0000
-->8--
          2      11 
     22       6      13
     24       4      23 
 10      20      21       3
  7       1      14       5
     16      18      12 
     15       9       8
         19      17 
--8<--
found: sum= 75.0000 var=  0.0000 fitness= 75.0000
-->8--
         19      15 
     20       2      16
     21       1      24 
 11      12      17       4
 10      13       9       7
      8      23      14 
      3       6       5
         22      18 
--8<--
found: sum= 77.0000 var=  0.0000 fitness= 77.0000
-->8--
          5       6 
      4      13       2
     22      23       9 
  7      10      24      11
 14      16       1      17
      8       3      15 
     20      18      19
         12      21 
--8<--
found: sum= 73.0000 var=  0.0000 fitness= 73.0000
-->8--
         16      18 
     19       9      23
      4       1      20 
  8      24       2       5
  6      21      22      17
     10       3       7 
     11      15      12
         13      14 
--8<--
found: sum= 79.0000 var=  0.0000 fitness= 79.0000
-->8--
         16      15 
     20      24      10
     13       5      11 
  7       1      14      12
 17      18      19       2
     23      22      21 
      9       3       8
          4       6 
--8<--
found: sum= 83.0000 var=  0.0000 fitness= 83.0000
-->8--
          4       1 
      9      24       2
     20      21      13 
  6       5      22       3
 17      12      15      14
     23       8      16 
     10      19      18
         11       7 
--8<--
execution time: real 0.019334s user 0.006998s sys 0.000999s
GA: P=50 K=10 sp=2 xover=2D/1 optrpl=2 optskip=10 optmax=1.005952
generation #12: pop m= 76.777 v= 52.629 f= 53.518 best_age=1
best: found: sum= 83.0000 var=  0.0000 fitness= 83.0000
-->8--
          4       1 
      9      24       2
     20      21      13 
  6       5      22       3
 17      12      15      14
     23       8      16 
     10      19      18
         11       7 
--8<--
found: sum= 73.0000 var=  0.0000 fitness= 73.0000
-->8--
         16      18 
     19       9      23
      4       1      20 
  8      24       2       5
  6      21      22      17
     10       3       7 
     11      15      12
         13      14 
--8<--
found: sum= 77.0000 var=  0.0000 fitness= 77.0000
-->8--
          3      17 
     20       1      14
     23       6      18 
  5      24      21      10
  7       2       9      11
     16      15       8 
     13      19       4
         12      22 
--8<--
found: sum= 77.0000 var=  0.0000 fitness= 77.0000
-->8--
          5       6 
      4      13       2
     22      23       9 
  7      10      24      11
 14      16       1      17
      8       3      15 
     20      18      19
         12      21 
--8<--
found: sum= 78.0000 var=  0.0000 fitness= 78.0000
-->8--
          2      11 
     22       6      13
     24       4      23 
 10      20      21       3
  7       1      14       5
     16      18      12 
     15       9       8
         19      17 
--8<--
found: sum= 75.0000 var=  0.0000 fitness= 75.0000
-->8--
         19      15 
     20       2      16
     21       1      24 
 11      12      17       4
 10      13       9       7
      8      23      14 
      3       6       5
         22      18 
--8<--
