found: sum= 65.0000 var=  0.0000 fitness= 65.0000 age=0
-->8--
         11       4 
      1      20      -1
     16      15       5 
 12       2      22       7
  3      18      -1      19
     14       9      13 
     10       6      17
          8      21 
--8<--
found: sum= 82.0000 var=  0.0000 fitness= 82.0000 age=0
-->8--
         19       2 
      6      24      13
     20       4      18 
  7       9      21       3
 11      12      22       1
     23      14      17 
     10       8       5
         15      16 
--8<--
found: sum= 83.0000 var=  0.0000 fitness= 83.0000 age=0
-->8--
         17      16 
      7      23       2
     12       3      20 
  8      21      19       1
 11       9      13       6
     22      18      24 
     15      14       4
          5      10 
--8<--
found: sum= 68.0000 var=  0.0000 fitness= 68.0000 age=0
-->8--
         14       1 
     13      15      10
     12       9      22 
  8       5      11      -1
  6      16      20      -1
     21       7      17 
      4       2      19
         18       3 
--8<--
found: sum= 69.0000 var=  0.0000 fitness= 69.0000 age=0
-->8--
         17       7 
     10      19      13
      5       4      11 
 22      14      15      23
  2       6       9      -1
     20      21      12 
     18       3       8
          1      16 
--8<--
execution time: real 0.785711s user 0.013997s sys 0.000000s
GA: P=512 K=256 sp=3 xover=2D/1 aging
generation #4: pop m= 71.482 v=4.256 f= 63.730
best: found: sum= 83.0000 var=  0.0000 fitness= 83.0000 age=1
-->8--
         17      16 
      7      23       2
     12       3      20 
  8      21      19       1
 11       9      13       6
     22      18      24 
     15      14       4
          5      10 
--8<--
found: sum= 69.0000 var=  0.0000 fitness= 69.0000 age=1
-->8--
         17       7 
     10      19      13
      5       4      11 
 22      14      15      23
  2       6       9      -1
     20      21      12 
     18       3       8
          1      16 
--8<--
found: sum= 65.0000 var=  0.0000 fitness= 65.0000 age=2
-->8--
         11       4 
      1      20      -1
     16      15       5 
 12       2      22       7
  3      18      -1      19
     14       9      13 
     10       6      17
          8      21 
--8<--
found: sum= 68.0000 var=  0.0000 fitness= 68.0000 age=1
-->8--
         14       1 
     13      15      10
     12       9      22 
  8       5      11      -1
  6      16      20      -1
     21       7      17 
      4       2      19
         18       3 
--8<--
found: sum= 82.0000 var=  0.0000 fitness= 82.0000 age=1
-->8--
         19       2 
      6      24      13
     20       4      18 
  7       9      21       3
 11      12      22       1
     23      14      17 
     10       8       5
         15      16 
--8<--
