found: sum= 81.0000 var=  0.0000 fitness= 81.0000 age=0
-->8--
         11      23 
     20       7       2
     22       8      24 
  1      13      17       9
  5      19       6      10
     21      18      15 
      3      16      12
          4      14 
--8<--
found: sum= 73.0000 var=  0.0000 fitness= 73.0000 age=0
-->8--
         22       3 
     17       8      21
      9      10      11 
 16       7      20      24
  4      18      12       1
     19       6       5 
      2      13      23
         15      14 
--8<--
execution time: real 0.698108s user 0.010998s sys 0.003999s
GA: P=512 K=256 sp=3 xover=2D/1 aging
generation #3: pop m= 71.128 v=10.372 f= 58.395
best: found: sum= 81.0000 var=  0.0000 fitness= 81.0000 age=1
-->8--
         11      23 
     20       7       2
     22       8      24 
  1      13      17       9
  5      19       6      10
     21      18      15 
      3      16      12
          4      14 
--8<--
found: sum= 73.0000 var=  0.0000 fitness= 73.0000 age=1
-->8--
         22       3 
     17       8      21
      9      10      11 
 16       7      20      24
  4      18      12       1
     19       6       5 
      2      13      23
         15      14 
--8<--
