execution time: real 0.002514s user 0.002999s sys 0.000999s
GA: P=10 K=7 sp=3 xover_cuts=2
generation #1: pop v=74.200000 f=50.926896
best: sum=82.285714 var=0.204082 fitness=80.072581 age=1

         16       2 
      4      18      21
     15      17      13 
  8      12      11      20
 14      10       9       7
     23      24      22 
      6      19       3
          1       5 

found: sum=75.000000 var=0.000000 fitness=75.000000

         24      17 
      6       3      22
      9      10      21 
  1      23       2      12
  8      19      16      11
     15       5      13 
     18      14      20
          4       7 

