found: sum=  0.0000 var=  0.0000 fitness=  0.0000
-->8--
         16       1 
      8      11      23
     12      15      20 
 21      14       6       9
  3      24      10      18
      2       7      13 
      4      22      19
         17       5 
--8<--
found: sum=  0.0000 var=  0.0000 fitness=  0.0000
-->8--
         14      23 
      9      21       1
     16       7      17 
 18      15      13      10
  3       6      22       8
     24      19      12 
      2      20       4
         11       5 
--8<--
found: sum=  0.0000 var=  0.0000 fitness=  0.0000
-->8--
         20      10 
      6      14       3
     18      19       9 
 24       1      23       8
  2      16       4      13
     17      15      21 
      7      11       5
         12      22 
--8<--
found: sum=  0.0000 var=  0.0000 fitness=  0.0000
-->8--
          5      12 
      1      23      11
     15      18       9 
 10      13       2       7
 14      19      20      21
      4       3      16 
     17       8       6
         24      22 
--8<--
sum= 73.1429 var=  0.1224 fitness= 71.4286
-->8--
         17       4 
      2      23       6
      3      24      18 
 21       7       1      10
 16      14      22      13
     15       8      12 
     11       9       5
         19      20 
--8<--
sum= 75.2857 var=  0.2041 fitness= 73.0726
-->8--
          3       6 
     18      23      22
     20       4       9 
 21       7      11      13
  1      24      12      14
      2      17      16 
      8       5      15
         19      10 
--8<--
sum= 78.7143 var=  0.2041 fitness= 76.5012
-->8--
          8      23 
      6      16       1
     18      13      11 
 14      20      17      22
  5       9       3       7
     15      19      21 
     12      24      10
          2       4 
--8<--
sum= 78.1429 var=  0.1224 fitness= 76.4286
-->8--
          4      19 
     12      23       8
      6      20       2 
 21      14       7      16
  1      13      15      17
     24      10      22 
      9      18      11
          5       3 
--8<--
sum= 76.7143 var=  0.2041 fitness= 74.5012
-->8--
          2       5 
      1      16      14
     20      19      12 
 13      23      15       9
 10       4      17       6
     11       3      22 
     21      24       7
         18       8 
--8<--
sum= 77.7143 var=  0.2041 fitness= 75.5012
-->8--
          3      18 
      6       5      16
     20      24       2 
 11      19      12      15
  9       4      17      10
     14       1      21 
     22      23       7
         13       8 
--8<--
sum= 78.1429 var=  0.1224 fitness= 76.4286
-->8--
          5      13 
      2      20      11
     16      23      10 
 12      15       4      18
  7      17      19       9
     14       3      21 
      1      24       6
         22       8 
--8<--
execution time: real 0.113210s user 0.037994s sys 0.000999s
GA: P=50 K=25 sp=3 xover=2D/1
generation #4: pop m= 78.031 v=  0.212 f= 75.939 best_age=1
best: sum= 83.8571 var=  0.1224 fitness= 82.1429
-->8--
          9       3 
      7      23       4
     20      10      19 
 17      15      24       2
  5      13       6      12
     14      16      21 
     11      22      18
          8       1 
--8<--
found: sum= 81.0000 var=  0.0000 fitness= 81.0000
-->8--
          5      13 
      2      20      11
     16      23      10 
 12      15       4      18
  7      17      19       9
     14       3      21 
      1      24       6
         22       8 
--8<--
found: sum= 81.0000 var=  0.0000 fitness= 81.0000
-->8--
          8      23 
      6      16       1
     18      13      11 
 14      20      17      22
  5       9       3       7
     15      19      21 
     12      24      10
          2       4 
--8<--
found: sum= 82.0000 var=  0.0000 fitness= 82.0000
-->8--
         14      23 
      9      21       1
     16       7      17 
 18      15      13      10
  3       6      22       8
     24      19      12 
      2      20       4
         11       5 
--8<--
found: sum= 77.0000 var=  0.0000 fitness= 77.0000
-->8--
          3      18 
      6       5      16
     20      24       2 
 11      19      12      15
  9       4      17      10
     14       1      21 
     22      23       7
         13       8 
--8<--
found: sum= 75.0000 var=  0.0000 fitness= 75.0000
-->8--
          5      12 
      1      23      11
     15      18       9 
 10      13       2       7
 14      19      20      21
      4       3      16 
     17       8       6
         24      22 
--8<--
