found: sum=  0.0000 var=  0.0000 fitness=  0.0000
-->8--
         16       1 
      8      11      23
     12      15      20 
 21      14       6       9
  3      24      10      18
      2       7      13 
      4      22      19
         17       5 
--8<--
found: sum=  0.0000 var=  0.0000 fitness=  0.0000
-->8--
         14      23 
      9      21       1
     16       7      17 
 18      15      13      10
  3       6      22       8
     24      19      12 
      2      20       4
         11       5 
--8<--
found: sum=  0.0000 var=  0.0000 fitness=  0.0000
-->8--
         20      10 
      6      14       3
     18      19       9 
 24       1      23       8
  2      16       4      13
     17      15      21 
      7      11       5
         12      22 
--8<--
found: sum=  0.0000 var=  0.0000 fitness=  0.0000
-->8--
          5      12 
      1      23      11
     15      18       9 
 10      13       2       7
 14      19      20      21
      4       3      16 
     17       8       6
         24      22 
--8<--
sum= 73.1429 var=  0.1224 fitness= 71.4286
-->8--
         17       4 
      2      23       6
      3      24      18 
 21       7       1      10
 16      14      22      13
     15       8      12 
     11       9       5
         19      20 
--8<--
sum= 75.2857 var=  0.2041 fitness= 73.0726
-->8--
          3       6 
     18      23      22
     20       4       9 
 21       7      11      13
  1      24      12      14
      2      17      16 
      8       5      15
         19      10 
--8<--
sum= 78.7143 var=  0.2041 fitness= 76.5012
-->8--
          8      23 
      6      16       1
     18      13      11 
 14      20      17      22
  5       9       3       7
     15      19      21 
     12      24      10
          2       4 
--8<--
sum= 78.1429 var=  0.1224 fitness= 76.4286
-->8--
          4      19 
     12      23       8
      6      20       2 
 21      14       7      16
  1      13      15      17
     24      10      22 
      9      18      11
          5       3 
--8<--
sum= 76.7143 var=  0.2041 fitness= 74.5012
-->8--
          2       5 
      1      16      14
     20      19      12 
 13      23      15       9
 10       4      17       6
     11       3      22 
     21      24       7
         18       8 
--8<--
sum= 80.0000 var=  0.2857 fitness= 77.3814
-->8--
         21      10 
      2      16      15
     11      12       8 
  1      17      18       3
 19       7       5      22
     24      20      23 
      6      13      14
          9       4 
--8<--
sum= 81.7143 var=  0.2041 fitness= 79.5012
-->8--
          8      23 
      6      16       1
     18      13      11 
 14      20      17       7
  5       9       3      22
     15      19      21 
     12      24      10
          2       4 
--8<--
sum= 77.1429 var=  0.1224 fitness= 75.4286
-->8--
         11       1 
     18      21      22
     13       6      20 
 23       9       8       5
 10      19      12      16
      4      24      17 
      2      15       3
         14       7 
--8<--
sum= 79.8571 var=  0.4082 fitness= 76.7273
-->8--
         18      21 
     15      23      12
      6      10       8 
 11       4       2      13
 16      19      17      14
     20      24      22 
      9       1       7
          3       5 
--8<--
sum= 73.5714 var=  0.2449 fitness= 71.1471
-->8--
         14      23 
      5      16       7
     17      24       4 
  6       1       3      21
 11      22      19      12
     20       8      18 
      2      10       9
         15      13 
--8<--
sum= 78.1429 var=  0.1224 fitness= 76.4286
-->8--
          5      13 
      2      20      11
     16      23      10 
 12      15       4      18
  7      17      19       9
     14       3      21 
      1      24       6
         22       8 
--8<--
sum= 77.1429 var=  0.6939 fitness= 73.0620
-->8--
          8      15 
      3      20      14
     11      18       1 
 16      17       9      19
  2       7       4      21
     24      22      23 
     13       6      12
          5      10 
--8<--
sum= 81.7143 var=  0.2041 fitness= 79.5012
-->8--
         14       7 
     10      16      11
     17      24      21 
  8       1       3      13
 19      22      20       2
     15      12      23 
      9      18       4
          6       5 
--8<--
sum= 80.7143 var=  0.2041 fitness= 78.5012
-->8--
          1      23 
     12       8      15
     19      21       4 
 10      17       7      20
  2       6       9      16
     24      18      22 
     14      13      11
          3       5 
--8<--
sum= 74.7143 var=  0.2041 fitness= 72.5012
-->8--
          9       6 
     10      17      20
     19      13      22 
 11      12       2      14
  1      21      24      15
     16       8       3 
      7      23       4
          5      18 
--8<--
sum= 80.7143 var=  0.2041 fitness= 78.5012
-->8--
         12       2 
      8      24      17
     11      20       6 
 19       4      10      18
  7      22       9      21
     16      14      15 
      1      23      13
          3       5 
--8<--
sum= 77.8571 var=  0.1224 fitness= 76.1429
-->8--
         10       7 
     11       2      19
     17      23      21 
  9      15       6      20
  5      18       3      16
     14      13      12 
      8      24       4
          1      22 
--8<--
sum= 82.5714 var=  0.2449 fitness= 80.1471
-->8--
          2       5 
      1      16      14
     20      19      12 
 13      23      15       9
 10       4      17       6
     11       3      22 
     21      24       7
         18       8 
--8<--
execution time: real 0.118066s user 0.049992s sys 0.000999s
GA: P=50 K=25 sp=3 xover=2D/1
generation #7: pop m= 78.609 v=  0.195 f= 76.717 best_age=1
best: sum= 85.0000 var=  0.2857 fitness= 82.3814
-->8--
         15       3 
      8      24      11
     21      12      23 
 14       5      13       1
  7      16      20      10
     22      19      18 
      2      17       6
          9       4 
--8<--
found: sum= 79.0000 var=  0.0000 fitness= 79.0000
-->8--
         21      10 
      2      16      15
     11      12       8 
  1      17      18       3
 19       7       5      22
     24      20      23 
      6      13      14
          9       4 
--8<--
found: sum= 77.0000 var=  0.0000 fitness= 77.0000
-->8--
          8      15 
      3      20      14
     11      18       1 
 16      17       9      19
  2       7       4      21
     24      22      23 
     13       6      12
          5      10 
--8<--
found: sum= 81.0000 var=  0.0000 fitness= 81.0000
-->8--
          5      13 
      2      20      11
     16      23      10 
 12      15       4      18
  7      17      19       9
     14       3      21 
      1      24       6
         22       8 
--8<--
found: sum= 82.0000 var=  0.0000 fitness= 82.0000
-->8--
         14       7 
     10      16      11
     17      24      21 
  8       1       3      13
 19      22      20       2
     15      12      23 
      9      18       4
          6       5 
--8<--
found: sum= 82.0000 var=  0.0000 fitness= 82.0000
-->8--
         14      23 
      9      21       1
     16       7      17 
 18      15      13      10
  3       6      22       8
     24      19      12 
      2      20       4
         11       5 
--8<--
found: sum= 81.0000 var=  0.0000 fitness= 81.0000
-->8--
          8      23 
      6      16       1
     18      13      11 
 14      20      17       7
  5       9       3      22
     15      19      21 
     12      24      10
          2       4 
--8<--
found: sum= 81.0000 var=  0.0000 fitness= 81.0000
-->8--
          2       5 
      1      16      14
     20      19      12 
 13      23      15       9
 10       4      17       6
     11       3      22 
     21      24       7
         18       8 
--8<--
found: sum= 81.0000 var=  0.0000 fitness= 81.0000
-->8--
          2       5 
      1      16      14
     20      19      12 
 13      23      15       9
 10       4      17       6
     11       3      22 
     21      24       7
         18       8 
--8<--
found: sum= 80.0000 var=  0.0000 fitness= 80.0000
-->8--
          9       6 
     10      17      20
     19      13      22 
 11      12       2      14
  1      21      24      15
     16       8       3 
      7      23       4
          5      18 
--8<--
