found: sum= 69.0000 var=  0.0000 fitness= 69.0000 age=0
-->8--
         10      14 
     22      13       2
     11       4      16 
 19       9      20       5
  3      12       7      23
     15      17      -2 
      6      18       8
          1      21 
--8<--
found: sum= 81.0000 var=  0.0000 fitness= 81.0000 age=0
-->8--
          4       9 
     11      20      22
     21       8      16 
  5      17       6       7
  2      12      23      19
     24      15      10 
     13      14       1
          3      18 
--8<--
found: sum= 80.0000 var=  0.0000 fitness= 80.0000 age=0
-->8--
         10      17 
     13      24       5
     21       4      19 
  6       8      11      18
  2      20      22       9
     23      15       1 
      7      12      16
          3      14 
--8<--
found: sum= 79.0000 var=  0.0000 fitness= 79.0000 age=0
-->8--
         21      17 
      3      24       6
     11       1      16 
 13      19      15      18
  5      22       8      10
      9      14      12 
      7      23       2
          4      20 
--8<--
found: sum= 78.0000 var=  0.0000 fitness= 78.0000 age=0
-->8--
          8      23 
     19      22       5
      7       4      10 
 17      18      14      21
  3       9      20       1
     24      13      12 
      6      15       2
         11      16 
--8<--
found: sum= 76.0000 var=  0.0000 fitness= 76.0000 age=0
-->8--
          4       5 
     17      22       6
      8      11      20 
 10      14      12       3
  9      16      21       7
     19       2      13 
      1      23      18
         15      -1 
--8<--
found: sum= 73.0000 var=  0.0000 fitness= 73.0000 age=0
-->8--
         15       3 
      9      22       1
     16       4      20 
 19       7      23       6
  2      17      14      11
     12       8      -1 
      5      21      18
         10      13 
--8<--
found: sum= 65.0000 var=  0.0000 fitness= 65.0000 age=0
-->8--
         21      20 
     19      12      17
      4       2       3 
 22       7      11       8
  5       9      13      16
     18      23      14 
     15      -1       6
          1      10 
--8<--
found: sum= 65.0000 var=  0.0000 fitness= 65.0000 age=0
-->8--
         15      14 
     10      20      16
      1       6      -2 
 19      13      11      23
  3       8       9      17
     21      18       7 
     12       4       5
          2      22 
--8<--
found: sum= 75.0000 var=  0.0000 fitness= 75.0000 age=0
-->8--
          1       3 
     16      14       8
     18      15      22 
 20      11      13      23
  2       7      10      -2
     17      19       9 
      5      21       4
          6      12 
--8<--
found: sum= 76.0000 var=  0.0000 fitness= 76.0000 age=0
-->8--
         12      19 
     23      21       3
      4       5      10 
 16      11      18      20
  8      15      13       9
     22      14       6 
      7      17       2
          1      24 
--8<--
found: sum= 80.0000 var=  0.0000 fitness= 80.0000 age=0
-->8--
         22      24 
     15      18       2
      6       5      12 
 13      14      19       1
  7      17      16      11
     23       9      21 
      8      20       4
          3      10 
--8<--
found: sum= 82.0000 var=  0.0000 fitness= 82.0000 age=0
-->8--
         14       5 
      2      19       1
     20      23      24 
 15       4      10      21
  9      16      17       3
     18      12       7 
      6      22      11
          8      13 
--8<--
found: sum= 82.0000 var=  0.0000 fitness= 82.0000 age=0
-->8--
          1       6 
     11      24       7
     23      10      18 
  3      13      17      21
  4      19       8       2
     20      15      16 
      5       9      12
         14      22 
--8<--
found: sum= 75.0000 var=  0.0000 fitness= 75.0000 age=0
-->8--
         14      -3 
      8      22      21
     23       5      11 
  9       3      19      15
  7      20      10       4
     13      18      16 
      6      17       2
          1      12 
--8<--
found: sum= 71.0000 var=  0.0000 fitness= 71.0000 age=0
-->8--
         21      22 
      4      23       3
     10       5      11 
 15       8       7      17
  2      20      18      12
     16      13       6 
      9      14       1
         -1      19 
--8<--
found: sum= 80.0000 var=  0.0000 fitness= 80.0000 age=0
-->8--
         22      20 
     15      17       4
     13       5      18 
 12       8      16      14
  3      23      19       6
     21       9       7 
      2      24      11
          1      10 
--8<--
found: sum= 73.0000 var=  0.0000 fitness= 73.0000 age=0
-->8--
         19       8 
     10      23       3
     11       6      16 
 21       4      17      22
  2      15      13      -2
     20      18       7 
      1      14       9
          5      12 
--8<--
found: sum= 68.0000 var=  0.0000 fitness= 68.0000 age=0
-->8--
         13       7 
      1      22      12
     18       3      15 
  8      11       9       2
  6       5      21       4
     20      19      17 
     10      -2      14
         16      -1 
--8<--
found: sum= 80.0000 var=  0.0000 fitness= 80.0000 age=0
-->8--
          8      20 
     24      22       4
      7       9      12 
 17      10      13       1
  5      18      14      19
     23      16      21 
      6      15       3
          2      11 
--8<--
found: sum= 81.0000 var=  0.0000 fitness= 81.0000 age=0
-->8--
         22      11 
     16      24      10
      7       4      13 
 14       8      19       3
 15      20      18       5
     17      12      23 
      9      21       1
          2       6 
--8<--
found: sum= 78.0000 var=  0.0000 fitness= 78.0000 age=0
-->8--
         22      19 
      2      10       1
     21      14      18 
 11       9      16      15
  5      12       4      17
     20      23       8 
      7      13      24
          3       6 
--8<--
found: sum= 80.0000 var=  0.0000 fitness= 80.0000 age=0
-->8--
         21       3 
      2      22       7
     15      14      24 
 23       6      10       4
  1      19      11      13
     16      20      18 
      8       5       9
         12      17 
--8<--
found: sum= 81.0000 var=  0.0000 fitness= 81.0000 age=0
-->8--
         19       2 
      5      12      22
     21      14      13 
 15      10      18       6
  8      11       4      17
     16      24      23 
      9      20       3
          1       7 
--8<--
found: sum= 71.0000 var=  0.0000 fitness= 71.0000 age=0
-->8--
         20      18 
      2      21       4
     15       6      14 
 13       7       8       5
  1      16      23      22
     19      11      -1 
      3      12      17
         10       9 
--8<--
found: sum= 78.0000 var=  0.0000 fitness= 78.0000 age=0
-->8--
          2      12 
     24      22       8
     13       6      20 
 18      11      10       3
  1      16      21      17
     19      14       7 
     15       9      23
          5       4 
--8<--
found: sum= 80.0000 var=  0.0000 fitness= 80.0000 age=0
-->8--
         16      15 
     10      22       8
     23       3      18 
  5       6      14      11
  7      19      21      12
     20      17       4 
      2      13       1
          9      24 
--8<--
found: sum= 81.0000 var=  0.0000 fitness= 81.0000 age=0
-->8--
         13      10 
      8       9       4
     21      23      20 
 11       7      15       1
  5      18       6      17
     19      12      22 
     16      14       3
          2      24 
--8<--
found: sum= 80.0000 var=  0.0000 fitness= 80.0000 age=0
-->8--
         14      15 
      6      18      22
     20       5      16 
  8      17       4      21
  1      11      19       7
     23      24      13 
      3      10      12
          9       2 
--8<--
found: sum= 72.0000 var=  0.0000 fitness= 72.0000 age=0
-->8--
         16       1 
      9      18      14
      6       8      19 
 10      15      12       2
  3      17      13       4
     21       7      22 
     23      -1      11
          5      20 
--8<--
found: sum= 80.0000 var=  0.0000 fitness= 80.0000 age=0
-->8--
         23      13 
      1      16       3
     10      18      19 
 15      12      11      21
  4      22       9       6
     17       8      14 
      2      24       5
          7      20 
--8<--
found: sum= 64.0000 var=  0.0000 fitness= 64.0000 age=0
-->8--
         19      16 
     14      13       6
      1       9      21 
 20       8      -1       3
  2      15      22       7
     18      11      12 
     -1       4      10
         17       5 
--8<--
found: sum= 64.0000 var=  0.0000 fitness= 64.0000 age=0
-->8--
         15       2 
     10      20      12
      5       3      13 
 17      11      14       6
  1       9       8       7
     21      19      16 
     -2      18       4
         -1      -1 
--8<--
found: sum= 80.0000 var=  0.0000 fitness= 80.0000 age=0
-->8--
         22      19 
      4      17       8
     21       6       7 
  9      10      23      13
  5      15      12       1
     20      14      24 
     18      11       3
          2      16 
--8<--
found: sum= 78.0000 var=  0.0000 fitness= 78.0000 age=0
-->8--
         14       5 
     20      24      23
     13       1       3 
 12       6      22      17
  8      18      15       2
     21      16      19 
      4      10      11
          9       7 
--8<--
found: sum= 82.0000 var=  0.0000 fitness= 82.0000 age=0
-->8--
         24       5 
      2      16      18
     12      15      20 
 10      13       8      17
  3      23      14       1
     21       9      22 
      4      19       7
          6      11 
--8<--
found: sum= 78.0000 var=  0.0000 fitness= 78.0000 age=0
-->8--
         11       4 
     19      14       9
     16       8      21 
 13      10      22       1
  2      17       3      24
     20      18       7 
      5      12      23
          6      15 
--8<--
found: sum= 82.0000 var=  0.0000 fitness= 82.0000 age=0
-->8--
         10      19 
      2      23       5
     17       8      16 
  7      22      11      24
  4      12      15       3
     20      14      13 
      9      21       1
          6      18 
--8<--
found: sum= 81.0000 var=  0.0000 fitness= 81.0000 age=0
-->8--
         17       9 
      2      23       4
     19       8      21 
 11      12      16       1
  3      14      18      20
     22      13       5 
     10      15      24
          7       6 
--8<--
found: sum= 78.0000 var=  0.0000 fitness= 78.0000 age=0
-->8--
         17      11 
      3      23       1
     18       8      21 
 10       9      14       7
  4      15      19       5
     22      13      12 
      6      20      -2
          2      16 
--8<--
found: sum= 82.0000 var=  0.0000 fitness= 82.0000 age=0
-->8--
         14       1 
      3      13      24
     22      21      19 
  2       9       4      17
  6      20      16       8
     23      12      18 
      7      15      10
          5      11 
--8<--
found: sum= 76.0000 var=  0.0000 fitness= 76.0000 age=0
-->8--
         13      11 
     19      20       4
      9       5      21 
 17      10      15       6
  1      16      12       8
     23      18      14 
      2      22       7
         -5       3 
--8<--
found: sum= 76.0000 var=  0.0000 fitness= 76.0000 age=0
-->8--
          9       8 
     11      19      13
     21       6      23 
  4      10       7      -4
  2      17      20      12
     22      16      18 
      1       5      14
         15       3 
--8<--
found: sum= 75.0000 var=  0.0000 fitness= 75.0000 age=0
-->8--
         21      19 
      2      23       7
     12       3      15 
 16      14       8       5
  4      18      22      24
     11      10       1 
      6      13      20
         17       9 
--8<--
found: sum= 72.0000 var=  0.0000 fitness= 72.0000 age=0
-->8--
          2       7 
     23      12      19
     15      11      20 
  8       9       3      10
  1      17      14       4
     22      18      21 
      5      -3      16
         13       6 
--8<--
found: sum= 75.0000 var=  0.0000 fitness= 75.0000 age=0
-->8--
         10      14 
      9      18       3
     23      11      21 
  6       4       8      12
  5      20      19      16
     17      13      -1 
      2      22       7
          1      15 
--8<--
found: sum= 75.0000 var=  0.0000 fitness= 75.0000 age=0
-->8--
          1      18 
     14      23      -2
     19       7      17 
  3      11      12      15
  6      16       8      10
     20      21      13 
      4       9       2
          5      22 
--8<--
found: sum= 75.0000 var=  0.0000 fitness= 75.0000 age=0
-->8--
         18       5 
      3      10      11
     23      12      15 
  8       9      22      17
  2      20      -2       4
     13      14      19 
      1      21      16
          6       7 
--8<--
found: sum= 77.0000 var=  0.0000 fitness= 77.0000 age=0
-->8--
          5       2 
     11      16       4
     15      18      20 
  8      12      17       9
  6      13      10      -1
     23       7      22 
     19      14      21
          1       3 
--8<--
found: sum= 79.0000 var=  0.0000 fitness= 79.0000 age=0
-->8--
         14       4 
      2      18      20
     21       5      15 
  6      19      17       3
  1      10      12      24
     22      16       8 
     13      11       9
          7      23 
--8<--
found: sum= 80.0000 var=  0.0000 fitness= 80.0000 age=0
-->8--
         15       7 
      4      21      18
     20       9       6 
  8      11      19      24
  3      16      12       5
     22      13      14 
     10      17       1
          2      23 
--8<--
found: sum= 77.0000 var=  0.0000 fitness= 77.0000 age=0
-->8--
          8       9 
     19      23       3
     15       5      20 
 10       7      17      -1
  2      22      12      11
     21      14      18 
      6      13       4
          1      16 
--8<--
found: sum= 78.0000 var=  0.0000 fitness= 78.0000 age=0
-->8--
          6      13 
     16      23       8
     19      10       7 
 14       4      17       1
  2      21      11      22
     18      15      20 
      9       3      24
         12       5 
--8<--
found: sum= 77.0000 var=  0.0000 fitness= 77.0000 age=0
-->8--
          6      14 
     17      19      15
     18       9       4 
 10       8      16      22
  5      12      21       1
     24      11      13 
     20       7       2
          3      23 
--8<--
found: sum= 83.0000 var=  0.0000 fitness= 83.0000 age=0
-->8--
          2       5 
     14      21      19
     20       9      16 
  3      17      13      23
  8      11      18       1
     24      15      12 
      7      22       6
          4      10 
--8<--
found: sum= 85.0000 var=  0.0000 fitness= 85.0000 age=0
-->8--
          8      14 
      2      22       1
     17      16      23 
  3      20       9      19
 11      13      12       4
     21      15      18 
      5      24      10
          7       6 
--8<--
found: sum= 78.0000 var=  0.0000 fitness= 78.0000 age=0
-->8--
         22      24 
      5      13       4
     21      10      15 
 11       7      12       8
  3      17      18       9
     19      14      16 
     20       6      23
          2       1 
--8<--
found: sum= 84.0000 var=  0.0000 fitness= 84.0000 age=0
-->8--
         21       9 
      5      14       6
     24      16      20 
 11       4      19       1
 13      15      12      10
     17      18      22 
      3      23       2
          8       7 
--8<--
found: sum= 75.0000 var=  0.0000 fitness= 75.0000 age=0
-->8--
         11       6 
     14      21       9
     22       5      16 
  7       2      18      -1
  1      20      13      19
     23      17      10 
      3       8      12
          4      15 
--8<--
found: sum= 79.0000 var=  0.0000 fitness= 79.0000 age=0
-->8--
         20      15 
      3      16      13
     21      10       7 
  6       9      18      23
  5      14      11      12
     24      17       8 
      1      19       2
          4      22 
--8<--
execution time: real 2.215544s user 0.015997s sys 0.001999s
GA: P=512 K=256 sp=3 xover=2D/1 aging
generation #17: pop m= 80.771 v=0.803 f= 77.389
best: found: sum= 85.0000 var=  0.0000 fitness= 85.0000 age=1
-->8--
          8      14 
      2      22       1
     17      16      23 
  3      20       9      19
 11      13      12       4
     21      15      18 
      5      24      10
          7       6 
--8<--
found: sum= 77.0000 var=  0.0000 fitness= 77.0000 age=1
-->8--
          8       9 
     19      23       3
     15       5      20 
 10       7      17      -1
  2      22      12      11
     21      14      18 
      6      13       4
          1      16 
--8<--
found: sum= 79.0000 var=  0.0000 fitness= 79.0000 age=1
-->8--
         20      15 
      3      16      13
     21      10       7 
  6       9      18      23
  5      14      11      12
     24      17       8 
      1      19       2
          4      22 
--8<--
found: sum= 75.0000 var=  0.0000 fitness= 75.0000 age=1
-->8--
         11       6 
     14      21       9
     22       5      16 
  7       2      18      -1
  1      20      13      19
     23      17      10 
      3       8      12
          4      15 
--8<--
found: sum= 80.0000 var=  0.0000 fitness= 80.0000 age=5
-->8--
         14      15 
      6      18      22
     20       5      16 
  8      17       4      21
  1      11      19       7
     23      24      13 
      3      10      12
          9       2 
--8<--
found: sum= 80.0000 var=  0.0000 fitness= 80.0000 age=5
-->8--
         23      13 
      1      16       3
     10      18      19 
 15      12      11      21
  4      22       9       6
     17       8      14 
      2      24       5
          7      20 
--8<--
found: sum= 81.0000 var=  0.0000 fitness= 81.0000 age=5
-->8--
         13      10 
      8       9       4
     21      23      20 
 11       7      15       1
  5      18       6      17
     19      12      22 
     16      14       3
          2      24 
--8<--
found: sum= 81.0000 var=  0.0000 fitness= 81.0000 age=6
-->8--
         19       2 
      5      12      22
     21      14      13 
 15      10      18       6
  8      11       4      17
     16      24      23 
      9      20       3
          1       7 
--8<--
found: sum= 80.0000 var=  0.0000 fitness= 80.0000 age=14
-->8--
         10      17 
     13      24       5
     21       4      19 
  6       8      11      18
  2      20      22       9
     23      15       1 
      7      12      16
          3      14 
--8<--
found: sum= 80.0000 var=  0.0000 fitness= 80.0000 age=2
-->8--
         15       7 
      4      21      18
     20       9       6 
  8      11      19      24
  3      16      12       5
     22      13      14 
     10      17       1
          2      23 
--8<--
found: sum= 82.0000 var=  0.0000 fitness= 82.0000 age=8
-->8--
         14       5 
      2      19       1
     20      23      24 
 15       4      10      21
  9      16      17       3
     18      12       7 
      6      22      11
          8      13 
--8<--
found: sum= 81.0000 var=  0.0000 fitness= 81.0000 age=7
-->8--
         22      11 
     16      24      10
      7       4      13 
 14       8      19       3
 15      20      18       5
     17      12      23 
      9      21       1
          2       6 
--8<--
found: sum= 80.0000 var=  0.0000 fitness= 80.0000 age=6
-->8--
         21       3 
      2      22       7
     15      14      24 
 23       6      10       4
  1      19      11      13
     16      20      18 
      8       5       9
         12      17 
--8<--
found: sum= 82.0000 var=  0.0000 fitness= 82.0000 age=4
-->8--
         10      19 
      2      23       5
     17       8      16 
  7      22      11      24
  4      12      15       3
     20      14      13 
      9      21       1
          6      18 
--8<--
found: sum= 82.0000 var=  0.0000 fitness= 82.0000 age=3
-->8--
         14       1 
      3      13      24
     22      21      19 
  2       9       4      17
  6      20      16       8
     23      12      18 
      7      15      10
          5      11 
--8<--
found: sum= 80.0000 var=  0.0000 fitness= 80.0000 age=5
-->8--
         16      15 
     10      22       8
     23       3      18 
  5       6      14      11
  7      19      21      12
     20      17       4 
      2      13       1
          9      24 
--8<--
found: sum= 80.0000 var=  0.0000 fitness= 80.0000 age=7
-->8--
          8      20 
     24      22       4
      7       9      12 
 17      10      13       1
  5      18      14      19
     23      16      21 
      6      15       3
          2      11 
--8<--
found: sum= 80.0000 var=  0.0000 fitness= 80.0000 age=4
-->8--
         22      19 
      4      17       8
     21       6       7 
  9      10      23      13
  5      15      12       1
     20      14      24 
     18      11       3
          2      16 
--8<--
found: sum= 80.0000 var=  0.0000 fitness= 80.0000 age=10
-->8--
         22      24 
     15      18       2
      6       5      12 
 13      14      19       1
  7      17      16      11
     23       9      21 
      8      20       4
          3      10 
--8<--
found: sum= 78.0000 var=  0.0000 fitness= 78.0000 age=1
-->8--
          6      13 
     16      23       8
     19      10       7 
 14       4      17       1
  2      21      11      22
     18      15      20 
      9       3      24
         12       5 
--8<--
found: sum= 82.0000 var=  0.0000 fitness= 82.0000 age=4
-->8--
         24       5 
      2      16      18
     12      15      20 
 10      13       8      17
  3      23      14       1
     21       9      22 
      4      19       7
          6      11 
--8<--
found: sum= 82.0000 var=  0.0000 fitness= 82.0000 age=8
-->8--
          1       6 
     11      24       7
     23      10      18 
  3      13      17      21
  4      19       8       2
     20      15      16 
      5       9      12
         14      22 
--8<--
found: sum= 84.0000 var=  0.0000 fitness= 84.0000 age=1
-->8--
         21       9 
      5      14       6
     24      16      20 
 11       4      19       1
 13      15      12      10
     17      18      22 
      3      23       2
          8       7 
--8<--
found: sum= 80.0000 var=  0.0000 fitness= 80.0000 age=7
-->8--
         22      20 
     15      17       4
     13       5      18 
 12       8      16      14
  3      23      19       6
     21       9       7 
      2      24      11
          1      10 
--8<--
found: sum= 81.0000 var=  0.0000 fitness= 81.0000 age=14
-->8--
          4       9 
     11      20      22
     21       8      16 
  5      17       6       7
  2      12      23      19
     24      15      10 
     13      14       1
          3      18 
--8<--
found: sum= 77.0000 var=  0.0000 fitness= 77.0000 age=1
-->8--
          6      14 
     17      19      15
     18       9       4 
 10       8      16      22
  5      12      21       1
     24      11      13 
     20       7       2
          3      23 
--8<--
found: sum= 78.0000 var=  0.0000 fitness= 78.0000 age=1
-->8--
         22      24 
      5      13       4
     21      10      15 
 11       7      12       8
  3      17      18       9
     19      14      16 
     20       6      23
          2       1 
--8<--
found: sum= 81.0000 var=  0.0000 fitness= 81.0000 age=3
-->8--
         17       9 
      2      23       4
     19       8      21 
 11      12      16       1
  3      14      18      20
     22      13       5 
     10      15      24
          7       6 
--8<--
found: sum= 83.0000 var=  0.0000 fitness= 83.0000 age=1
-->8--
          2       5 
     14      21      19
     20       9      16 
  3      17      13      23
  8      11      18       1
     24      15      12 
      7      22       6
          4      10 
--8<--
