found: sum= 76.0000 var=  0.0000 fitness= 76.0000
-->8--
          2      15 
     23      21      18
      1      13       5 
  6      16       4      17
 11      22       7      19
     20      14      24 
      8       9      10
          3      12 
--8<--
found: sum= 80.0000 var=  0.0000 fitness= 80.0000
-->8--
          7      13 
      5      20       4
      9      17      14 
 19      22      12      23
 10       2       6       1
     18      21      24 
      8      15      11
         16       3 
--8<--
execution time: real 0.187645s user 0.005999s sys 0.010998s
GA: P=50 K=10 sp=2 xover=2D/1 optrpl=2 optskip=10 optmax=1.142857
generation #817: pop m= 77.531 v= 97.389 f= 35.504 best_age=1
best: found: sum= 80.0000 var=  0.0000 fitness= 80.0000
-->8--
          7      13 
      5      20       4
      9      17      14 
 19      22      12      23
 10       2       6       1
     18      21      24 
      8      15      11
         16       3 
--8<--
found: sum= 76.0000 var=  0.0000 fitness= 76.0000
-->8--
          2      15 
     23      21      18
      1      13       5 
  6      16       4      17
 11      22       7      19
     20      14      24 
      8       9      10
          3      12 
--8<--
