found: sum= 76.0000 var=  0.0000 fitness= 76.0000 age=0
-->8--
         13      12 
     15       7      16
     20      19       8 
  6       2      14      18
  4      21       9      22
     23      11       5 
      3      17      10
          1      24 
--8<--
found: sum= 73.0000 var=  0.0000 fitness= 73.0000 age=0
-->8--
         15       2 
     24       3      23
     10      16      20 
 17       5       9       4
  6      22      14      18
     13       7       8 
     19      11      21
          1      12 
--8<--
found: sum= 78.0000 var=  0.0000 fitness= 78.0000 age=0
-->8--
         23      21 
      8      13      22
     15       7       1 
 11      12      14       2
  4      16      19      18
     20      10      24 
      9      17       3
          6       5 
--8<--
found: sum= 79.0000 var=  0.0000 fitness= 79.0000 age=0
-->8--
         22       7 
     13      21      15
     14       1      17 
  9       8      18      16
  5      23      10       6
     20      19      12 
      4      11       3
          2      24 
--8<--
found: sum= 75.0000 var=  0.0000 fitness= 75.0000 age=0
-->8--
         12       9 
     19      13       2
     18       7      21 
 11       6      23      -3
  5      15      10      16
     20      14       8 
      3      22       4
          1      17 
--8<--
found: sum= 65.0000 var=  0.0000 fitness= 65.0000 age=0
-->8--
         18      14 
     15      13      11
     10       2      20 
  9       7       5       6
  1      22      12       3
     16      17      19 
      4      -2      21
          8      -2 
--8<--
found: sum= 77.0000 var=  0.0000 fitness= 77.0000 age=0
-->8--
         20      18 
      1      24       5
     23       2      11 
  6       7      17      19
 10      15      14      13
     16      22       3 
      4       8      21
         12       9 
--8<--
found: sum= 73.0000 var=  0.0000 fitness= 73.0000 age=0
-->8--
         21      12 
      9      23       6
     10       3      16 
 15       7      13       1
  2      19      17       8
     20      14      18 
     11       4      -2
          5      22 
--8<--
found: sum= 78.0000 var=  0.0000 fitness= 78.0000 age=0
-->8--
         12       7 
     19      23      20
      8       5       1 
 15      11      22      18
  6      17      14      10
     21       9      13 
      3      24      16
          4       2 
--8<--
found: sum= 68.0000 var=  0.0000 fitness= 68.0000 age=0
-->8--
         21      13 
      5      17       2
      3       8      19 
 20      14       9      16
 -2      15      12       1
     18      10      11 
     -1      22       6
          4       7 
--8<--
found: sum= 76.0000 var=  0.0000 fitness= 76.0000 age=0
-->8--
          8       5 
     24      20      12
     11       7      22 
 19       6      10      21
  2      23      13       1
     15      17       9 
      4       3      16
         14      18 
--8<--
found: sum= 80.0000 var=  0.0000 fitness= 80.0000 age=0
-->8--
         17      15 
     20      12       1
     14       7      24 
 18      10      21      13
  4      11       9       5
     23      22       8 
      2      19      16
          3       6 
--8<--
found: sum= 83.0000 var=  0.0000 fitness= 83.0000 age=0
-->8--
          3       4 
     16      22       6
     20      15      23 
 11       7      13      12
  2      19      21       5
     24       8       9 
     14      17      10
          1      18 
--8<--
found: sum= 68.0000 var=  0.0000 fitness= 68.0000 age=0
-->8--
         11      14 
      3      21       4
     18       5      16 
  7      10       8       9
  1      13      12       6
     19      20      17 
      2      -1      -2
         15      22 
--8<--
found: sum= 79.0000 var=  0.0000 fitness= 79.0000 age=0
-->8--
          3      11 
     20      19      14
     17       8       4 
 10      12      23      24
  5      13       7       6
     22      16      15 
      9      18      21
          1       2 
--8<--
found: sum= 81.0000 var=  0.0000 fitness= 81.0000 age=0
-->8--
          7       8 
     15      22      10
     21      13      19 
 11       3       9       4
  6      16      17      18
     24      23      14 
     12       5      20
          1       2 
--8<--
found: sum= 74.0000 var=  0.0000 fitness= 74.0000 age=0
-->8--
         13      12 
      1      15      18
     21      14       8 
  6      10       7      17
  2      16      22      -3
     19       5      23 
      3      11       9
         20       4 
--8<--
found: sum= 82.0000 var=  0.0000 fitness= 82.0000 age=0
-->8--
          9      14 
     22      15       4
     19       5      24 
 10      12      20      13
  2      16       8       6
     23      21      11 
      1      18      17
          3       7 
--8<--
found: sum= 80.0000 var=  0.0000 fitness= 80.0000 age=0
-->8--
         23      17 
      2      11      16
     22      13       8 
 12       9      15       7
  4      19       6      20
     14      18      24 
      5      21       1
          3      10 
--8<--
found: sum= 77.0000 var=  0.0000 fitness= 77.0000 age=0
-->8--
         22      23 
      7      13      11
     18       9      16 
 10       8       5       3
  4      20      14      24
     17      21      15 
     12       6      19
          1       2 
--8<--
found: sum= 77.0000 var=  0.0000 fitness= 77.0000 age=0
-->8--
         18      10 
      8      23       2
     12       7      22 
 16       9      13       1
  6      14      15      21
     20      19       5 
      4       3      11
         17      24 
--8<--
found: sum= 71.0000 var=  0.0000 fitness= 71.0000 age=0
-->8--
          6      20 
      8      17      -1
     22       4      16 
  1      14      15       7
  2      11       9       5
     21      18      19 
     -2      10      12
         13       3 
--8<--
found: sum= 73.0000 var=  0.0000 fitness= 73.0000 age=0
-->8--
          2      21 
     20      13       8
     15      16       3 
 17       7      12      18
  1      10      19      -1
     23       9      22 
     11      14       5
          6       4 
--8<--
found: sum= 82.0000 var=  0.0000 fitness= 82.0000 age=0
-->8--
         15      18 
      8      22      12
     21       7      10 
  6       9      13       5
  3      19      14      23
     24      20      17 
      1      16       4
          2      11 
--8<--
found: sum= 80.0000 var=  0.0000 fitness= 80.0000 age=0
-->8--
          1      18 
     22      19      21
     20       2      12 
  7      16       8       9
  5      17      23       4
     15      14      24 
     13      10       6
         11       3 
--8<--
found: sum= 72.0000 var=  0.0000 fitness= 72.0000 age=0
-->8--
         15       9 
     11      22       2
     12       7      18 
 13       5      14       4
  3      19      17      21
     20      10      -2 
      6      16       8
          1      23 
--8<--
found: sum= 76.0000 var=  0.0000 fitness= 76.0000 age=0
-->8--
         18       9 
      8      10       1
     14      15      21 
 13      11      20      22
  2      17       6       3
     19       7       4 
      5      12      24
         16      23 
--8<--
found: sum= 80.0000 var=  0.0000 fitness= 80.0000 age=0
-->8--
          2      14 
     17      20       3
     18      13      11 
  9      10      19       5
  4      15      16      23
     24       7       6 
     12      21       8
          1      22 
--8<--
found: sum= 79.0000 var=  0.0000 fitness= 79.0000 age=0
-->8--
          6      22 
     18      20       3
     10      11       8 
 17      14      15       2
  4      13      19      23
     21       7      12 
      5      24       1
          9      16 
--8<--
found: sum= 81.0000 var=  0.0000 fitness= 81.0000 age=0
-->8--
         19      21 
      2      16       1
     23       8      17 
  7      13      18      22
  4      20      10       3
     14      12      11 
      5      24      15
          6       9 
--8<--
found: sum= 80.0000 var=  0.0000 fitness= 80.0000 age=0
-->8--
         19      18 
      5      22       7
     20       6      16 
 13       8      11       1
  4      14      17      23
     21      24      12 
     10       9       3
          2      15 
--8<--
found: sum= 80.0000 var=  0.0000 fitness= 80.0000 age=0
-->8--
         20      12 
      7      23       6
     11       5      21 
 18      14      13      24
  1      17       9       3
     19      22      10 
      2      16       8
          4      15 
--8<--
found: sum= 70.0000 var=  0.0000 fitness= 70.0000 age=0
-->8--
          6      12 
     19      17      -1
     14       9      23 
 15       5      10      16
  4      21      18       1
     11       7       2 
      3       8      22
         20      13 
--8<--
found: sum= 81.0000 var=  0.0000 fitness= 81.0000 age=0
-->8--
         10      17 
     20      15       6
     16      12      24 
 18       8       7       4
  2      14      21       3
     23      19      22 
      9       5      13
         11       1 
--8<--
found: sum= 78.0000 var=  0.0000 fitness= 78.0000 age=0
-->8--
          5      10 
     17      21       1
     13       8      20 
  9      14      18      24
  4      16       7       6
     22      15       3 
      2      11      23
         12      19 
--8<--
found: sum= 76.0000 var=  0.0000 fitness= 76.0000 age=0
-->8--
         22      23 
     15      16       2
      8       5      18 
 17      10      12       6
  9      11      24       3
     21      14      13 
      7       4       1
         19      20 
--8<--
found: sum= 81.0000 var=  0.0000 fitness= 81.0000 age=0
-->8--
          5       3 
     19      23       2
     18       7      22 
 12       9      24       1
  6      15      10      11
     21      16      13 
     17       8      14
          4      20 
--8<--
found: sum= 79.0000 var=  0.0000 fitness= 79.0000 age=0
-->8--
         17       8 
      7      22      23
     24       3       9 
 11       6      14      13
  2      21      19       4
     15      16      20 
     10       5       1
         12      18 
--8<--
found: sum= 83.0000 var=  0.0000 fitness= 83.0000 age=0
-->8--
          7      12 
      3      24      10
     23       9      20 
  6      17       8       1
  5      13      22      21
     19      14      11 
      4      18       2
         15      16 
--8<--
found: sum= 84.0000 var=  0.0000 fitness= 84.0000 age=0
-->8--
          5      13 
      8      20       6
     21      19      24 
  9      11       2       3
 12      14      22      10
     17      16      23 
      4      15       1
         18       7 
--8<--
found: sum= 79.0000 var=  0.0000 fitness= 79.0000 age=0
-->8--
         21       9 
      8      23       6
     12       1      22 
 16      14      18       4
  3      15      11       7
     19      20      17 
     13       2       5
         10      24 
--8<--
found: sum= 74.0000 var=  0.0000 fitness= 74.0000 age=0
-->8--
         11       8 
      7      16       1
     23      14      22 
 15       3      13      17
  2      19       5      -1
     12      20      18 
     10       4       6
          9      21 
--8<--
found: sum= 80.0000 var=  0.0000 fitness= 80.0000 age=0
-->8--
          3       8 
     18      14      17
     24      10      12 
  6      11      19       4
  2      15       9      13
     22      16      23 
      1       5       7
         21      20 
--8<--
found: sum= 73.0000 var=  0.0000 fitness= 73.0000 age=0
-->8--
         16      17 
     13      15      10
      9      18       6 
 23       2       7      22
  8      11      21       5
     20      14      12 
     24       3       4
          1      19 
--8<--
found: sum= 71.0000 var=  0.0000 fitness= 71.0000 age=0
-->8--
         10       9 
      3      18      15
     21      11      14 
  7       8       4      23
  2      13      16      17
     20      19      -3 
      6      12      22
          1       5 
--8<--
found: sum= 78.0000 var=  0.0000 fitness= 78.0000 age=0
-->8--
          5      10 
     19      21       1
     13      11      23 
 18       9      12      -1
  2      14      17       7
     22      15      20 
      8      16       4
          3       6 
--8<--
found: sum= 82.0000 var=  0.0000 fitness= 82.0000 age=0
-->8--
          2       4 
     23      21      15
     13      16      18 
 17       7       8      12
  3      22      19       1
     20      10      24 
      5      14       6
         11       9 
--8<--
found: sum= 68.0000 var=  0.0000 fitness= 68.0000 age=0
-->8--
          5       8 
     11      22       3
     20       1      19 
  7       9      15      -1
  2      17      16      21
     13      10      -2 
      4      18      14
          6      12 
--8<--
found: sum= 81.0000 var=  0.0000 fitness= 81.0000 age=0
-->8--
         18      15 
      7      24       4
     16       6      20 
 11      10      12       2
  3      19      21      17
     22      13       9 
      8      14       1
          5      23 
--8<--
found: sum= 82.0000 var=  0.0000 fitness= 82.0000 age=0
-->8--
         16       7 
     10      19       1
     14      12      23 
  3      11      20      15
  8      22      13       2
     24       4       9 
      5      21      17
          6      18 
--8<--
found: sum= 82.0000 var=  0.0000 fitness= 82.0000 age=0
-->8--
         20       3 
      2      18      10
     17      13      24 
  7      12      14       1
  4      19      16       5
     23       8      22 
     15       6       9
         11      21 
--8<--
found: sum= 76.0000 var=  0.0000 fitness= 76.0000 age=0
-->8--
         13       9 
      3      17       4
     22      11      15 
  7      10      20      18
  2      14      -2       6
     21      23      19 
      1      12       8
          5      16 
--8<--
found: sum= 74.0000 var=  0.0000 fitness= 74.0000 age=0
-->8--
          3      16 
      9      18       5
     21       8      23 
  7      15       4       6
  1      11      22       2
     19      14      17 
     20      -2      13
         12      10 
--8<--
found: sum= 83.0000 var=  0.0000 fitness= 83.0000 age=0
-->8--
          8      13 
     18      24       2
      7       9      19 
 21      17      16       6
  4      14      15       5
     20      12      22 
     11      23       1
          3      10 
--8<--
found: sum= 74.0000 var=  0.0000 fitness= 74.0000 age=0
-->8--
         15      18 
      6      19       2
     21       4      17 
  8       9      14       5
  3      13      12      16
     20      22      10 
      1      11      23
          7      -4 
--8<--
found: sum= 83.0000 var=  0.0000 fitness= 83.0000 age=0
-->8--
          8       6 
     13      22      14
     23       5      15 
  7      12      21      16
  4      17      19       1
     20       9      11 
     10      24       2
          3      18 
--8<--
found: sum= 80.0000 var=  0.0000 fitness= 80.0000 age=0
-->8--
          5      17 
     15      19       1
     20      11      14 
  8      10      18       9
  6      13      16       2
     23      12      21 
      7       3      24
         22       4 
--8<--
found: sum= 82.0000 var=  0.0000 fitness= 82.0000 age=0
-->8--
         13       6 
      9      19       4
     21      15      24 
 12       5      14       3
  8      20      17       1
     16      11      23 
     10       7      22
         18       2 
--8<--
found: sum= 81.0000 var=  0.0000 fitness= 81.0000 age=0
-->8--
          5      17 
     16      20       2
     19      10      23 
 12      11       9       7
  4      13      24      15
     22      14       3 
      6      18       1
          8      21 
--8<--
found: sum= 72.0000 var=  0.0000 fitness= 72.0000 age=0
-->8--
          3      11 
     18      17      10
     20       6      12 
  7       8      16       1
  2      13      15       9
     22      14      19 
     -2      21      -2
          4       5 
--8<--
found: sum= 83.0000 var=  0.0000 fitness= 83.0000 age=0
-->8--
          5      15 
     13      23       6
     18      14       8 
  9      10      17       4
  3      19      11      21
     24      12      22 
      1      20       2
          7      16 
--8<--
found: sum= 80.0000 var=  0.0000 fitness= 80.0000 age=0
-->8--
          1      17 
     15      23       8
     20       9       7 
  6      12      16       2
  5      13      19      14
     24      11      22 
     18       4       3
         10      21 
--8<--
found: sum= 82.0000 var=  0.0000 fitness= 82.0000 age=0
-->8--
         13       7 
     16      21      20
     18       5      14 
 17       9      15       8
  6      22      19       2
     10      12      24 
     11      23       3
          4       1 
--8<--
found: sum= 85.0000 var=  0.0000 fitness= 85.0000 age=0
-->8--
         13      16 
      6      21       1
     23      12      20 
 11      10      15      14
  5      17       9       3
     19      22      24 
      7      18       4
          2       8 
--8<--
found: sum= 81.0000 var=  0.0000 fitness= 81.0000 age=0
-->8--
         15       8 
      6      24       2
     20       4      21 
 11      12      22      17
  3      16       9       5
     19      18       7 
      1      14      23
         13      10 
--8<--
execution time: real 3.332002s user 0.035994s sys 0.001999s
GA: P=512 K=256 sp=3 xover=2D/1 aging
generation #25: pop m= 82.047 v=0.513 f= 79.042
best: found: sum= 85.0000 var=  0.0000 fitness= 85.0000 age=1
-->8--
         13      16 
      6      21       1
     23      12      20 
 11      10      15      14
  5      17       9       3
     19      22      24 
      7      18       4
          2       8 
--8<--
found: sum= 82.0000 var=  0.0000 fitness= 82.0000 age=4
-->8--
         16       7 
     10      19       1
     14      12      23 
  3      11      20      15
  8      22      13       2
     24       4       9 
      5      21      17
          6      18 
--8<--
found: sum= 80.0000 var=  0.0000 fitness= 80.0000 age=1
-->8--
          5      17 
     15      19       1
     20      11      14 
  8      10      18       9
  6      13      16       2
     23      12      21 
      7       3      24
         22       4 
--8<--
found: sum= 83.0000 var=  0.0000 fitness= 83.0000 age=13
-->8--
          3       4 
     16      22       6
     20      15      23 
 11       7      13      12
  2      19      21       5
     24       8       9 
     14      17      10
          1      18 
--8<--
found: sum= 83.0000 var=  0.0000 fitness= 83.0000 age=1
-->8--
          5      15 
     13      23       6
     18      14       8 
  9      10      17       4
  3      19      11      21
     24      12      22 
      1      20       2
          7      16 
--8<--
found: sum= 81.0000 var=  0.0000 fitness= 81.0000 age=1
-->8--
         15       8 
      6      24       2
     20       4      21 
 11      12      22      17
  3      16       9       5
     19      18       7 
      1      14      23
         13      10 
--8<--
found: sum= 80.0000 var=  0.0000 fitness= 80.0000 age=1
-->8--
          1      17 
     15      23       8
     20       9       7 
  6      12      16       2
  5      13      19      14
     24      11      22 
     18       4       3
         10      21 
--8<--
found: sum= 83.0000 var=  0.0000 fitness= 83.0000 age=7
-->8--
          7      12 
      3      24      10
     23       9      20 
  6      17       8       1
  5      13      22      21
     19      14      11 
      4      18       2
         15      16 
--8<--
found: sum= 83.0000 var=  0.0000 fitness= 83.0000 age=2
-->8--
          8       6 
     13      22      14
     23       5      15 
  7      12      21      16
  4      17      19       1
     20       9      11 
     10      24       2
          3      18 
--8<--
found: sum= 82.0000 var=  0.0000 fitness= 82.0000 age=1
-->8--
         13       7 
     16      21      20
     18       5      14 
 17       9      15       8
  6      22      19       2
     10      12      24 
     11      23       3
          4       1 
--8<--
found: sum= 82.0000 var=  0.0000 fitness= 82.0000 age=13
-->8--
          9      14 
     22      15       4
     19       5      24 
 10      12      20      13
  2      16       8       6
     23      21      11 
      1      18      17
          3       7 
--8<--
found: sum= 84.0000 var=  0.0000 fitness= 84.0000 age=7
-->8--
          5      13 
      8      20       6
     21      19      24 
  9      11       2       3
 12      14      22      10
     17      16      23 
      4      15       1
         18       7 
--8<--
found: sum= 72.0000 var=  0.0000 fitness= 72.0000 age=1
-->8--
          3      11 
     18      17      10
     20       6      12 
  7       8      16       1
  2      13      15       9
     22      14      19 
     -2      21      -2
          4       5 
--8<--
found: sum= 82.0000 var=  0.0000 fitness= 82.0000 age=11
-->8--
         15      18 
      8      22      12
     21       7      10 
  6       9      13       5
  3      19      14      23
     24      20      17 
      1      16       4
          2      11 
--8<--
found: sum= 83.0000 var=  0.0000 fitness= 83.0000 age=2
-->8--
          8      13 
     18      24       2
      7       9      19 
 21      17      16       6
  4      14      15       5
     20      12      22 
     11      23       1
          3      10 
--8<--
found: sum= 82.0000 var=  0.0000 fitness= 82.0000 age=3
-->8--
         20       3 
      2      18      10
     17      13      24 
  7      12      14       1
  4      19      16       5
     23       8      22 
     15       6       9
         11      21 
--8<--
found: sum= 82.0000 var=  0.0000 fitness= 82.0000 age=1
-->8--
         13       6 
      9      19       4
     21      15      24 
 12       5      14       3
  8      20      17       1
     16      11      23 
     10       7      22
         18       2 
--8<--
found: sum= 81.0000 var=  0.0000 fitness= 81.0000 age=1
-->8--
          5      17 
     16      20       2
     19      10      23 
 12      11       9       7
  4      13      24      15
     22      14       3 
      6      18       1
          8      21 
--8<--
found: sum= 82.0000 var=  0.0000 fitness= 82.0000 age=5
-->8--
          2       4 
     23      21      15
     13      16      18 
 17       7       8      12
  3      22      19       1
     20      10      24 
      5      14       6
         11       9 
--8<--
