execution time: real 0.003083s user 0.000999s sys 0.000999s
GA: P=10 K=7 sp=3 xover_cuts=2
generation #1: pop m= 77.671 v=182.857 f= 34.876 var0cnt=1 bage=1
best: sum= 81.8571 var=  0.4082 fitness= 78.7273
-->8--
          5      16 
      8      22      15
     24       1      19 
  3      21       9       7
  2      18      23      11
     14      10      13 
      4      17      12
         20       6 
--8<--
found: sum= 77.0000 var=  0.0000 fitness= 77.0000
-->8--
         21       5 
      4      15      14
     20       9      24 
  3       8      10       1
 17      16      12      19
     13      22      11 
     18       2      23
          6       7 
--8<--
