found: sum= 76.0000 var=  0.0000 fitness= 76.0000
-->8--
          3       1 
     18      11      12
      7      23      19 
  2      14      10       6
 15      17       8      24
     21       4       9 
     16      13      22
          5      20 
--8<--
found: sum= 73.0000 var=  0.0000 fitness= 73.0000
-->8--
         19      24 
      7       3      23
     22       5      12 
  4      17       6      18
  9       8      21      15
     13      16       1 
     20      14      11
          2      10 
--8<--
found: sum= 72.0000 var=  0.0000 fitness= 72.0000
-->8--
         19      16 
     21       3      12
      4      10      17 
 23      15      14      22
 20       9       6       2
      1      18      11 
     13      24       8
          7       5 
--8<--
found: sum= 72.0000 var=  0.0000 fitness= 72.0000
-->8--
         24       5 
     16       2      14
     10      11      18 
 15       9      22       4
 20      12      17       8
      6       1       3 
     19      21      23
         13       7 
--8<--
found: sum= 76.0000 var=  0.0000 fitness= 76.0000
-->8--
         22      14 
      4      21      12
     18       8       2 
 13       3      19      16
 17      15      24       9
     10       7       6 
     20      23      11
          1       5 
--8<--
found: sum= 78.0000 var=  0.0000 fitness= 78.0000
-->8--
          4       5 
      6      23      18
     21      13      17 
 20      11       2      15
  1      16      22      10
      9      14      12 
     24       8       3
          7      19 
--8<--
found: sum= 81.0000 var=  0.0000 fitness= 81.0000
-->8--
          5      12 
      3      11       7
     24      17      20 
  8      21      14       4
  6       9       2      19
     13      18      22 
     16      15      23
         10       1 
--8<--
execution time: real 0.028376s user 0.005999s sys 0.000999s
GA: P=50 K=10 sp=2 xover=2D/1 optrpl=2 optskip=10 optmax=1.142857
generation #29: pop m= 76.551 v= 68.272 f= 44.559 best_age=1
best: found: sum= 81.0000 var=  0.0000 fitness= 81.0000
-->8--
          5      12 
      3      11       7
     24      17      20 
  8      21      14       4
  6       9       2      19
     13      18      22 
     16      15      23
         10       1 
--8<--
found: sum= 76.0000 var=  0.0000 fitness= 76.0000
-->8--
          3       1 
     18      11      12
      7      23      19 
  2      14      10       6
 15      17       8      24
     21       4       9 
     16      13      22
          5      20 
--8<--
