found: sum= 84.0000 var=  0.0000 fitness= 84.0000
-->8--
          2       3 
      7      15       9
     20      17      24 
 11      23      16      12
  1       8       6       4
     21      14      22 
     13      18      19
         10       5 
--8<--
execution time: real 0.434014s user 0.008998s sys 0.018997s
GA: P=50 K=10 sp=2 xover=2D/1 optrpl=2 optskip=10 optmax=1.142857
generation #1950: pop m= 78.683 v= 93.580 f= 37.548 best_age=1
best: found: sum= 84.0000 var=  0.0000 fitness= 84.0000
-->8--
          2       3 
      7      15       9
     20      17      24 
 11      23      16      12
  1       8       6       4
     21      14      22 
     13      18      19
         10       5 
--8<--
