found: sum= 76.0000 var=  0.0000 fitness= 76.0000 age=0
-->8--
          5      12 
     21      15       7
     10      14       4 
 17      11      24       2
 16      13       8      18
      9       6      20 
     23      22      19
          3       1 
--8<--
found: sum= 75.0000 var=  0.0000 fitness= 75.0000 age=0
-->8--
         22      16 
     23       4       9
     12      11      15 
  5       3      20      21
 14      24      10       1
     17       7       8 
      6      19      13
          2      18 
--8<--
found: sum= 77.0000 var=  0.0000 fitness= 77.0000 age=0
-->8--
         20      13 
      6      21       7
     24       1      19 
 12       5      16       3
 10      15      22       9
     11      18       8 
     17       2      23
         14       4 
--8<--
found: sum= 75.0000 var=  0.0000 fitness= 75.0000 age=0
-->8--
         23      22 
      8       1       2
     15       9      24 
  6      19      17       3
 20       5       7      11
     10      18      13 
     16      12      21
         14       4 
--8<--
found: sum= 77.0000 var=  0.0000 fitness= 77.0000 age=0
-->8--
          2       4 
     21      18      10
      6      22       3 
 24       8      20      13
  9      14       1      17
     16      12      23 
      5      19      15
         11       7 
--8<--
found: sum= 77.0000 var=  0.0000 fitness= 77.0000 age=0
-->8--
         24       6 
      1      13      14
     22      12      11 
 20       5      21       2
  3      23       7      19
      4       9      17 
     15      18      10
          8      16 
--8<--
found: sum= 78.0000 var=  0.0000 fitness= 78.0000 age=0
-->8--
         15       1 
     18      22       7
      8      11      14 
 17       4      23       5
 19      10       9       3
     20      21      24 
     13       2      16
         12       6 
--8<--
found: sum= 75.0000 var=  0.0000 fitness= 75.0000 age=0
-->8--
          4      13 
      3      18       8
     15      21       6 
 22      14       9      23
  5      12      17       1
      7       2      19 
     24      10      11
         20      16 
--8<--
found: sum= 74.0000 var=  0.0000 fitness= 74.0000 age=0
-->8--
          6       3 
     16      24       5
      2      17       4 
 23       9      21      10
 13      19       1      20
      8       7      18 
     15      14      12
         11      22 
--8<--
found: sum= 81.0000 var=  0.0000 fitness= 81.0000 age=0
-->8--
          7      20 
      5       9      10
     21      16      18 
  1      23       8      15
  6      19       2      14
     11      13      24 
      4      22      17
         12       3 
--8<--
found: sum= 76.0000 var=  0.0000 fitness= 76.0000 age=0
-->8--
         20       9 
      8       2      15
     16       7      22 
 18      23      21      13
  4       5       3       6
     10      17      11 
     24      19      12
          1      14 
--8<--
found: sum= 71.0000 var=  0.0000 fitness= 71.0000 age=0
-->8--
         16      17 
     22       2      21
     11       1      12 
 14      19      18      24
  5       7       3       8
     15      23       6 
      4       9      10
         13      20 
--8<--
found: sum= 78.0000 var=  0.0000 fitness= 78.0000 age=0
-->8--
         18      15 
      3      13       1
     22      20      10 
 14       2      19       5
  7      16      12       8
     17       9      24 
     11       4      23
         21       6 
--8<--
found: sum= 75.0000 var=  0.0000 fitness= 75.0000 age=0
-->8--
         16      15 
     12       1      19
     23       3      24 
  2      20      13       7
 14      11       6      21
      5      22       4 
     10      18       8
          9      17 
--8<--
found: sum= 73.0000 var=  0.0000 fitness= 73.0000 age=0
-->8--
         14      23 
      9       8      13
      5      21       7 
  4      16       1      10
 20      17      12      24
     11       6      19 
     22      15       3
          2      18 
--8<--
found: sum= 78.0000 var=  0.0000 fitness= 78.0000 age=0
-->8--
         10       9 
     22      16       7
     14       5      20 
 17      11      21       2
  1      23       3       8
     12      15      24 
     18       4      19
          6      13 
--8<--
found: sum= 77.0000 var=  0.0000 fitness= 77.0000 age=0
-->8--
          8       1 
     14      17      21
     12      16       3 
  2      10      19       9
 24       7       5      23
     22      20      18 
      4      13       6
         11      15 
--8<--
found: sum= 78.0000 var=  0.0000 fitness= 78.0000 age=0
-->8--
         14      12 
     21      19      13
      4      11      18 
  1       9       5      15
 17      24      22       8
     23       7      10 
      6      16       3
          2      20 
--8<--
found: sum= 80.0000 var=  0.0000 fitness= 80.0000 age=0
-->8--
          3       8 
     17      24      10
     20      15      14 
 22       1       9      18
  2      19      23      11
     16      13       5 
      4      21      12
          7       6 
--8<--
found: sum= 78.0000 var=  0.0000 fitness= 78.0000 age=0
-->8--
         18      14 
     11       7       6
     24      17      19 
 12       1      15      16
 10      22       2       3
      9      21      23 
      5       8       4
         13      20 
--8<--
found: sum= 78.0000 var=  0.0000 fitness= 78.0000 age=0
-->8--
          3       1 
      9      13      15
     24      11      22 
 14      18      16       4
 12       2      10      20
      8      21       6 
      7      17      19
         23       5 
--8<--
found: sum= 73.0000 var=  0.0000 fitness= 73.0000 age=0
-->8--
         21       1 
      7      23      18
      6       4      13 
 16      12      14      19
 17      20       8       9
      2      15      10 
      3      11      24
         22       5 
--8<--
found: sum= 81.0000 var=  0.0000 fitness= 81.0000 age=0
-->8--
         11       8 
     18      22      13
     14       4      24 
  7      12      10       2
  5      23      17      19
     20      15       9 
      6      16       3
          1      21 
--8<--
found: sum= 76.0000 var=  0.0000 fitness= 76.0000 age=0
-->8--
         24      14 
      4       7       6
     13      16      23 
 15      12      10       1
  8      11       5      19
     17      22      18 
     21       2       9
          3      20 
--8<--
found: sum= 80.0000 var=  0.0000 fitness= 80.0000 age=0
-->8--
          9      14 
      3      22       1
     24       6      20 
  7      16      17      13
  4       8      23       5
     21      10       2 
     18      11      19
         12      15 
--8<--
found: sum= 76.0000 var=  0.0000 fitness= 76.0000 age=0
-->8--
         14      19 
      8      20       5
      7      17       6 
  1      10       9      22
 21      24      12      11
     13       4      16 
     15      18       3
          2      23 
--8<--
found: sum= 72.0000 var=  0.0000 fitness= 72.0000 age=0
-->8--
         24      10 
      4       1      22
     14       8      19 
  6      21      12      23
 11      17       9       2
      3       5       7 
     13      16      15
         18      20 
--8<--
found: sum= 74.0000 var=  0.0000 fitness= 74.0000 age=0
-->8--
          7      19 
     14      15       9
     22      11      12 
 20       5       8      17
  2      21      23      13
      4       6       1 
      3      16      10
         24      18 
--8<--
found: sum= 73.0000 var=  0.0000 fitness= 73.0000 age=0
-->8--
         16      12 
     11       4      20
     22      13      23 
  2       7       1      15
 18      21      17       9
      3      14       8 
      6       5      10
         24      19 
--8<--
found: sum= 76.0000 var=  0.0000 fitness= 76.0000 age=0
-->8--
          5       1 
     17       2      13
      9      24      20 
  8      19      16      10
 11       7       4      14
     22       6      12 
     23      15      21
          3      18 
--8<--
found: sum= 73.0000 var=  0.0000 fitness= 73.0000 age=0
-->8--
         21       6 
     17       9       7
      3      22      16 
 20       1      13      10
 19      18      15       8
     12       4      11 
      2      14      24
         23       5 
--8<--
found: sum= 80.0000 var=  0.0000 fitness= 80.0000 age=0
-->8--
         22      15 
      3      13       1
     21       4      24 
 11      17      23       7
  5      10       8       6
     16      18      12 
     20      14       9
          2      19 
--8<--
found: sum= 76.0000 var=  0.0000 fitness= 76.0000 age=0
-->8--
         11      17 
      8      22       6
     18       2       9 
  3      15      20       4
 21       7      19      10
     12      13      14 
     16       5      24
         23       1 
--8<--
found: sum= 78.0000 var=  0.0000 fitness= 78.0000 age=0
-->8--
          9      17 
      6      18       2
     21      14       4 
  1      10      23      11
 22       8      20      13
     16       3       7 
     15      24       5
         12      19 
--8<--
found: sum= 78.0000 var=  0.0000 fitness= 78.0000 age=0
-->8--
         24       2 
      5      17      15
     16       6      18 
  7      10      20      14
  9      13      21       1
     23       8       4 
      3      12      22
         19      11 
--8<--
found: sum= 76.0000 var=  0.0000 fitness= 76.0000 age=0
-->8--
          1      14 
     13      22       5
     12       9      24 
 16      19       2       3
 10       8      23      20
     11      15       4 
     18       7      21
         17       6 
--8<--
found: sum= 76.0000 var=  0.0000 fitness= 76.0000 age=0
-->8--
         18      13 
      3      12       5
     24       9      23 
 15      10      14      11
  1      19       2      20
      7      22       6 
      4       8      17
         16      21 
--8<--
found: sum= 75.0000 var=  0.0000 fitness= 75.0000 age=0
-->8--
          5      22 
      8      16       4
     13      15      12 
  1      18       6      24
 17       3      14      10
     23      19       9 
      7       2      20
         21      11 
--8<--
found: sum= 79.0000 var=  0.0000 fitness= 79.0000 age=0
-->8--
         24      14 
     16      23      13
     10       2      12 
 20       4      15       3
  8      19      22       6
     18      17      21 
      5      11       1
          9       7 
--8<--
found: sum= 76.0000 var=  0.0000 fitness= 76.0000 age=0
-->8--
         17       9 
      5      23      13
      3       6      14 
  8      22      11       7
 20      19       2      18
      4      16      24 
     10      12      21
         15       1 
--8<--
found: sum= 81.0000 var=  0.0000 fitness= 81.0000 age=0
-->8--
         16      12 
     17      23       9
      4      13      14 
 21       8      10      15
  6      20      19       5
     22      11      18 
      3      24       2
          1       7 
--8<--
found: sum= 79.0000 var=  0.0000 fitness= 79.0000 age=0
-->8--
          1      12 
      6      15      18
     24      14      16 
  2      19       4      22
  7      10       9       8
     17      23      20 
     21       3      11
          5      13 
--8<--
found: sum= 82.0000 var=  0.0000 fitness= 82.0000 age=0
-->8--
          5       4 
      7      16       9
     22      20      18 
  6      12      15      14
 10      21      13       3
     11       1      19 
     17      24       2
          8      23 
--8<--
found: sum= 76.0000 var=  0.0000 fitness= 76.0000 age=0
-->8--
         18      12 
     23      11      19
      7       1      24 
 17      16       9       3
  6      20      22       5
     10       8      13 
      2      15       4
         21      14 
--8<--
found: sum= 78.0000 var=  0.0000 fitness= 78.0000 age=0
-->8--
          2      20 
     24      21       1
     13       3      19 
 11      15      14       8
  5      16      23       4
     18       7      10 
      6       9      17
         22      12 
--8<--
found: sum= 70.0000 var=  0.0000 fitness= 70.0000 age=0
-->8--
          6      19 
     24      10      18
      1       8      11 
 20      21       4      23
 14       9      13      12
      5      15       7 
      3      16       2
         22      17 
--8<--
found: sum= 78.0000 var=  0.0000 fitness= 78.0000 age=0
-->8--
          7       4 
      2      22      10
     17      14      19 
 18      16       9      15
  1      20       8      24
      6      11       3 
     13      23      21
          5      12 
--8<--
found: sum= 75.0000 var=  0.0000 fitness= 75.0000 age=0
-->8--
          4       5 
     19       8      22
     10      23       2 
 18      11      15      12
  9      13       6      16
     14       7      24 
     21      17       1
          3      20 
--8<--
found: sum= 80.0000 var=  0.0000 fitness= 80.0000 age=0
-->8--
          4       1 
     14      17      21
     22      10      23 
  2      13       8      20
 15       9      16       6
     19      24       7 
      5      12       3
         11      18 
--8<--
found: sum= 80.0000 var=  0.0000 fitness= 80.0000 age=0
-->8--
          3      15 
      9       6       1
     21      23      24 
 12      18      11      20
  2       5      13       4
     22      10       8 
      7      19      14
         17      16 
--8<--
found: sum= 77.0000 var=  0.0000 fitness= 77.0000 age=0
-->8--
          8       2 
      4      23      13
     20       5      15 
  1      17      19      10
 11      21       3      16
      7      12      14 
     22       6      24
          9      18 
--8<--
found: sum= 75.0000 var=  0.0000 fitness= 75.0000 age=0
-->8--
          6       5 
     11      17      14
     19      13       2 
 16       9      24       3
  7      20       8      15
      4       1      23 
     18      10      21
         22      12 
--8<--
found: sum= 81.0000 var=  0.0000 fitness= 81.0000 age=0
-->8--
          3      16 
     14      21       1
     13       7      24 
  2      23      12      22
  6      18      11       4
     19      10       8 
      9      20      15
          5      17 
--8<--
found: sum= 75.0000 var=  0.0000 fitness= 75.0000 age=0
-->8--
          3      22 
     21       5       2
     16      19      23 
 20      11       4       8
  1      17      15      18
     10       9       7 
     12      14      24
         13       6 
--8<--
found: sum= 77.0000 var=  0.0000 fitness= 77.0000 age=0
-->8--
          3      19 
      2      16      12
     23      18       5 
  6      15       7      24
  8      14      10      22
     11      13       9 
     17      21       4
          1      20 
--8<--
found: sum= 72.0000 var=  0.0000 fitness= 72.0000 age=0
-->8--
          2      23 
     20       8       1
     14      24      11 
 17       4       5      22
 15      19       7       9
      3      13      18 
     21       6      12
         10      16 
--8<--
found: sum= 75.0000 var=  0.0000 fitness= 75.0000 age=0
-->8--
         14      15 
      8      12      11
     18      13      17 
  5      10       7       6
 16       3      20      21
     23      22       4 
      2       1       9
         24      19 
--8<--
found: sum= 76.0000 var=  0.0000 fitness= 76.0000 age=0
-->8--
         14      21 
     16      20      11
      7      15       6 
 17       4       3       1
  8      22      23      24
     18       9      19 
     12      10      13
          5       2 
--8<--
found: sum= 72.0000 var=  0.0000 fitness= 72.0000 age=0
-->8--
         23      17 
      9      11      13
      1      22       5 
 12       6       4       2
 20      14      16      24
     19      10      21 
      8       3      15
         18       7 
--8<--
found: sum= 76.0000 var=  0.0000 fitness= 76.0000 age=0
-->8--
         14      13 
     18       6      10
     16      17      21 
  4       5       9       8
 20      19      15       1
     12      11      22 
      7       3      23
         24       2 
--8<--
found: sum= 80.0000 var=  0.0000 fitness= 80.0000 age=0
-->8--
         15      13 
     10      14       7
     24       5      20 
  8      12      21       2
  9       4      16       3
     23      22      18 
     11       1      17
         19       6 
--8<--
found: sum= 79.0000 var=  0.0000 fitness= 79.0000 age=0
-->8--
         12      15 
      2      19      13
     21       5      18 
 10      20       9      17
 16       8      23       1
      4      14      11 
     24      22       6
          7       3 
--8<--
found: sum= 78.0000 var=  0.0000 fitness= 78.0000 age=0
-->8--
         20      12 
      4       1      17
     18      21      22 
  6      14       5       2
  9       7      23      11
     24       8      15 
     16      10       3
         13      19 
--8<--
found: sum= 80.0000 var=  0.0000 fitness= 80.0000 age=0
-->8--
          8      22 
     24      15       7
     10       3      17 
  6      20      16      13
  5      18      11       9
     21      12      14 
      4      23       1
          2      19 
--8<--
found: sum= 80.0000 var=  0.0000 fitness= 80.0000 age=0
-->8--
          7       2 
     20      15      12
     22      13      14 
 23       3      24       8
  9       6      18       5
     17      16      11 
      1      21      10
         19       4 
--8<--
found: sum= 75.0000 var=  0.0000 fitness= 75.0000 age=0
-->8--
          4       9 
      1      24      17
     21       5       6 
 11      20      14      16
 18       3      10      22
      2      23       7 
     19      15       8
         13      12 
--8<--
found: sum= 78.0000 var=  0.0000 fitness= 78.0000 age=0
-->8--
          3      11 
     20      24       4
      7      23      10 
 16       1       6      21
 13      19      17      15
     22      12       9 
      5      18       8
          2      14 
--8<--
found: sum= 73.0000 var=  0.0000 fitness= 73.0000 age=0
-->8--
         18       4 
      2      16      15
     17       9      10 
 14      11      19      22
 23       7       6       3
      1      21      13 
     24       8       5
         12      20 
--8<--
found: sum= 79.0000 var=  0.0000 fitness= 79.0000 age=0
-->8--
          6      14 
      4      24       1
     11      13      12 
 19      21      15       9
  2       3      17       8
     23      10      18 
     16       7       5
         20      22 
--8<--
found: sum= 75.0000 var=  0.0000 fitness= 75.0000 age=0
-->8--
         16       3 
      1      20      12
     14      22       5 
 11       2      13       6
 24       7      23      18
     17       8      10 
     19       9       4
         15      21 
--8<--
found: sum= 81.0000 var=  0.0000 fitness= 81.0000 age=0
-->8--
         23      13 
      6       8       5
     18       9      24 
  3      17      22       2
 16       7      15       4
     20      11      14 
     12      21       1
         10      19 
--8<--
found: sum= 80.0000 var=  0.0000 fitness= 80.0000 age=0
-->8--
         18      11 
      6      20       4
      5      19      24 
 15      12       2       9
 10      16      14      23
     22      17       8 
      1      21      13
          3       7 
--8<--
found: sum= 75.0000 var=  0.0000 fitness= 75.0000 age=0
-->8--
          4       3 
     11      14       9
      6      19       8 
 13      21      22       2
 10       5       7      24
     20       1      12 
     16      15      23
         18      17 
--8<--
found: sum= 80.0000 var=  0.0000 fitness= 80.0000 age=0
-->8--
          9       6 
      1      14       3
     24      21      17 
 20      11      19      23
  5      12       4       2
      8      13      15 
     18      22      10
          7      16 
--8<--
found: sum= 80.0000 var=  0.0000 fitness= 80.0000 age=0
-->8--
          2      24 
     21      13       4
     17       5      23 
  3      22      11       7
 12       8      20       9
     18      14      10 
      6      19      16
         15       1 
--8<--
found: sum= 75.0000 var=  0.0000 fitness= 75.0000 age=0
-->8--
         10       8 
     19      22       1
      2      13      14 
 18       9      17       3
 21       5       7      23
     20      24      11 
      4       6      15
         16      12 
--8<--
found: sum= 73.0000 var=  0.0000 fitness= 73.0000 age=0
-->8--
         15       2 
     12      17      20
     14       5       7 
 13      10      22       8
 19      16       9       4
      1      11      23 
     24       3      21
         18       6 
--8<--
found: sum= 70.0000 var=  0.0000 fitness= 70.0000 age=0
-->8--
         20      15 
      2       1      24
     14      12      13 
 19      21       5      16
  3       9       6      22
      4      17       8 
     23      10      18
          7      11 
--8<--
found: sum= 78.0000 var=  0.0000 fitness= 78.0000 age=0
-->8--
         15       4 
     19      16      21
     11      12       3 
  8       5      22      14
 13      24       9      10
     17       6      20 
      7      23      18
          1       2 
--8<--
found: sum= 73.0000 var=  0.0000 fitness= 73.0000 age=0
-->8--
         19       7 
     16       2      23
     14      17       6 
  8       5      18      13
 12      10      20       1
     24       3      15 
     11       4      22
         21       9 
--8<--
found: sum= 83.0000 var=  0.0000 fitness= 83.0000 age=0
-->8--
          7      15 
      2      21       1
     23      22      18 
 16       8       6       9
 12      10      13      17
     14      24      20 
     11      19       3
          5       4 
--8<--
found: sum= 78.0000 var=  0.0000 fitness= 78.0000 age=0
-->8--
         24      16 
      2       7       1
     20      22      18 
 15       3      14      10
 19      12       6      17
      9      21      13 
      5      23      11
          8       4 
--8<--
found: sum= 75.0000 var=  0.0000 fitness= 75.0000 age=0
-->8--
          6      24 
      3       5      11
     18      21       4 
  1      22      10      16
 17       8       2      23
      9      12      20 
     13      19       7
         14      15 
--8<--
found: sum= 74.0000 var=  0.0000 fitness= 74.0000 age=0
-->8--
         18      13 
      4      20       5
      1      16       8 
  9      15      12       7
 22      10       2      24
     17      19      21 
     14       3       6
         11      23 
--8<--
found: sum= 79.0000 var=  0.0000 fitness= 79.0000 age=0
-->8--
         23      12 
      6      24       4
     14       7      13 
 20       5      19      10
  3      21      18       8
     16       9      11 
      1      17      22
         15       2 
--8<--
found: sum= 72.0000 var=  0.0000 fitness= 72.0000 age=0
-->8--
         16      24 
     14       2       3
     13       9      23 
 17      18      11       5
  1      15       7      22
      8      12       4 
     21      10      20
          6      19 
--8<--
found: sum= 81.0000 var=  0.0000 fitness= 81.0000 age=0
-->8--
          6       8 
     14      21      12
     22       5      16 
 10      13      19      11
 23       9      15       2
      4      20      18 
      7      24       3
         17       1 
--8<--
found: sum= 78.0000 var=  0.0000 fitness= 78.0000 age=0
-->8--
         15      14 
     18      10       8
      5       9      24 
  2      21      13      12
 16      11      20       3
     23       4       6 
     17      22      19
          1       7 
--8<--
found: sum= 79.0000 var=  0.0000 fitness= 79.0000 age=0
-->8--
          9      18 
     21      15      11
     20       2      19 
  4      12      14       8
 13       6      23       5
     24      22      10 
      3       7       1
         17      16 
--8<--
found: sum= 78.0000 var=  0.0000 fitness= 78.0000 age=0
-->8--
         21       5 
      6      12       8
     15      13      23 
 22      11      17       4
  1      10       7      24
     19      20       3 
      9      18      16
          2      14 
--8<--
found: sum= 79.0000 var=  0.0000 fitness= 79.0000 age=0
-->8--
         24      16 
      5      19       6
      7      10      20 
  2      14       8       1
 13      21      17      18
     22       9      15 
      4      12      23
         11       3 
--8<--
found: sum= 81.0000 var=  0.0000 fitness= 81.0000 age=0
-->8--
          7       8 
     12      19      21
     24       5      18 
 20      14      10       2
  4      13      17      11
      6      22      23 
     16      15       1
          9       3 
--8<--
found: sum= 77.0000 var=  0.0000 fitness= 77.0000 age=0
-->8--
         11      12 
     15      18      13
      9       4      23 
  1      20       7       5
 24      17      21       2
      6       8      19 
     22      10       3
         14      16 
--8<--
found: sum= 78.0000 var=  0.0000 fitness= 78.0000 age=0
-->8--
         16       3 
      2       1      18
     14      23      24 
  4      22       9      15
 11       7      12       8
     20       5      10 
      6      21      13
         19      17 
--8<--
found: sum= 79.0000 var=  0.0000 fitness= 79.0000 age=0
-->8--
         19       1 
      9      24       6
      7      17      21 
 23       3      10      11
 16      12      15       2
     18      22      20 
      8       5       4
         14      13 
--8<--
found: sum= 79.0000 var=  0.0000 fitness= 79.0000 age=0
-->8--
         10      16 
     23       2       7
     11      21      19 
  5      12      14       6
 18       9      15       3
     24       8      22 
      1      17       4
         20      13 
--8<--
found: sum= 79.0000 var=  0.0000 fitness= 79.0000 age=0
-->8--
         19      10 
      1      18      13
     11       7      16 
 17      23      15      12
  5       3       9      21
     20      22       6 
      2      24       4
          8      14 
--8<--
found: sum= 79.0000 var=  0.0000 fitness= 79.0000 age=0
-->8--
         17       5 
      6      24      13
     21       1      20 
  3      10      16       4
 19      18      22       2
      8      12      15 
     11       7       9
         23      14 
--8<--
found: sum= 77.0000 var=  0.0000 fitness= 77.0000 age=0
-->8--
         16       3 
      2      23      17
     20       9      14 
 21       7      11      19
  1      18       8      13
     10      24      12 
     15       6       5
          4      22 
--8<--
found: sum= 76.0000 var=  0.0000 fitness= 76.0000 age=0
-->8--
         24       6 
     10      12      22
     18       7       9 
 15       5      20       3
  4      13      23       2
     21       8      19 
     16       1      11
         17      14 
--8<--
found: sum= 79.0000 var=  0.0000 fitness= 79.0000 age=0
-->8--
          2      12 
      4      23      18
     24      17       6 
  7       9       3      22
 13      10      19      14
     16      21      15 
     20      11       8
          1       5 
--8<--
found: sum= 77.0000 var=  0.0000 fitness= 77.0000 age=0
-->8--
          4      10 
     18      15       5
      7      14       9 
 23      19      24       2
 13       3       6      16
     12      11      20 
     21      22      17
          8       1 
--8<--
found: sum= 72.0000 var=  0.0000 fitness= 72.0000 age=0
-->8--
          6      11 
     15      22       2
      3       5      20 
 16      21      12      24
 19       9       7       8
      4      18       1 
     14      10      13
         17      23 
--8<--
found: sum= 75.0000 var=  0.0000 fitness= 75.0000 age=0
-->8--
          9      13 
     15      17       6
     16       7       8 
 21      11      24       4
 14       3      12      22
     10      18       5 
     23      19      20
          2       1 
--8<--
found: sum= 77.0000 var=  0.0000 fitness= 77.0000 age=0
-->8--
          9       6 
     17      22      18
     15      12       3 
  7       2      16      23
 24       8      20       5
     21      19      10 
      4      14       1
         11      13 
--8<--
found: sum= 74.0000 var=  0.0000 fitness= 74.0000 age=0
-->8--
          2      21 
     13       8      10
     15      14      12 
 23      22       9       5
  3       4      19      18
      7       6      11 
     24      17      20
         16       1 
--8<--
found: sum= 76.0000 var=  0.0000 fitness= 76.0000 age=0
-->8--
         14      13 
     18       6      10
     16      17      21 
  4       5       9       8
 20      19      15       1
     12      11      22 
      7       3      23
         24       2 
--8<--
found: sum= 80.0000 var=  0.0000 fitness= 80.0000 age=0
-->8--
          2       5 
     20      24      18
     17       3      11 
  9      14      19       6
  1      23      13      21
     16       8      10 
      4      22      12
          7      15 
--8<--
found: sum= 81.0000 var=  0.0000 fitness= 81.0000 age=0
-->8--
         22       9 
      7      17      14
      2      13      18 
  4      20      10       1
 19      15      12      16
     21      11      24 
      3      23       6
          8       5 
--8<--
found: sum= 77.0000 var=  0.0000 fitness= 77.0000 age=0
-->8--
          1       2 
     20      11      17
     14       8      24 
  9      23      15      19
 12       6       4      10
     13      21       5 
      3      18      22
         16       7 
--8<--
found: sum= 73.0000 var=  0.0000 fitness= 73.0000 age=0
-->8--
         15       2 
     12      17      20
     14       5       7 
 13      10      22       8
 19      16       9       4
      1      11      23 
     24       3      21
         18       6 
--8<--
found: sum= 74.0000 var=  0.0000 fitness= 74.0000 age=0
-->8--
         23      14 
     18       5      22
     17       7       2 
 20       4      24      16
  1      11      19       3
     21       9      10 
      6      15       8
         12      13 
--8<--
found: sum= 76.0000 var=  0.0000 fitness= 76.0000 age=0
-->8--
          9       5 
      2      24      21
     22       7       1 
  6      12      18      23
 13      15       4      16
      8      20      14 
     19      11      17
          3      10 
--8<--
found: sum= 76.0000 var=  0.0000 fitness= 76.0000 age=0
-->8--
         21      17 
      5      12       2
      6      14      24 
  9      18       7      22
 10      13      16       4
     20       8       3 
     19      15      23
          1      11 
--8<--
found: sum= 78.0000 var=  0.0000 fitness= 78.0000 age=0
-->8--
         18      13 
      9      17       4
     24       7      22 
  5       3      15       1
 23      12      20      14
     11      21       6 
     16      10      19
          8       2 
--8<--
found: sum= 85.0000 var=  0.0000 fitness= 85.0000 age=0
-->8--
         15      13 
      4      24       5
     22       6      21 
  1      14      16       2
 11      20      19       9
     17      10      18 
      8      23       3
          7      12 
--8<--
found: sum= 75.0000 var=  0.0000 fitness= 75.0000 age=0
-->8--
         10       8 
     19      22       1
      2      13      14 
 18       9      17       3
 21       5       7      23
     20      24      11 
      4       6      12
         16      15 
--8<--
found: sum= 80.0000 var=  0.0000 fitness= 80.0000 age=0
-->8--
         18      11 
      6      20       4
      5      19      24 
 15      12       2       9
 10      16      14      23
     22      17       8 
      1      21      13
          3       7 
--8<--
found: sum= 73.0000 var=  0.0000 fitness= 73.0000 age=0
-->8--
          1       7 
     19      13       5
      2      21      15 
 20      17      12      14
 16       8      11      18
     10       4       3 
      6      22      24
         23       9 
--8<--
found: sum= 77.0000 var=  0.0000 fitness= 77.0000 age=0
-->8--
         23       2 
     10      13       7
      6      24      19 
 14       1      12       5
 20      15      16      17
     21       9       8 
     11      18      22
          3       4 
--8<--
found: sum= 83.0000 var=  0.0000 fitness= 83.0000 age=0
-->8--
          3       6 
      5      18      20
     17      24      14 
 12      16       1      11
  7      10      19      15
     21      13      23 
      8      22       2
          9       4 
--8<--
found: sum= 81.0000 var=  0.0000 fitness= 81.0000 age=0
-->8--
         17       1 
      7      24      16
      5       9      23 
 20      19       8       4
  2      14      13      11
     21      18      22 
      3      10       6
         15      12 
--8<--
found: sum= 80.0000 var=  0.0000 fitness= 80.0000 age=0
-->8--
          9       6 
      1      14       3
     24      21      17 
 20      11      19      23
  5      12       4       2
      8      13      15 
     18      22      10
          7      16 
--8<--
execution time: real 0.382051s user 0.393940s sys 0.005999s
GA: P=1024 K=512 sp=2 xover=2D/1 aging
generation #3: pop m= 78.454 v=0.190 f= 76.463
best: found: sum= 85.0000 var=  0.0000 fitness= 85.0000 age=1
-->8--
         15      13 
      4      24       5
     22       6      21 
  1      14      16       2
 11      20      19       9
     17      10      18 
      8      23       3
          7      12 
--8<--
found: sum= 79.0000 var=  0.0000 fitness= 79.0000 age=1
-->8--
         19       1 
      9      24       6
      7      17      21 
 23       3      10      11
 16      12      15       2
     18      22      20 
      8       5       4
         14      13 
--8<--
found: sum= 74.0000 var=  0.0000 fitness= 74.0000 age=1
-->8--
          2      21 
     13       8      10
     15      14      12 
 23      22       9       5
  3       4      19      18
      7       6      11 
     24      17      20
         16       1 
--8<--
found: sum= 80.0000 var=  0.0000 fitness= 80.0000 age=1
-->8--
         18      11 
      6      20       4
      5      19      24 
 15      12       2       9
 10      16      14      23
     22      17       8 
      1      21      13
          3       7 
--8<--
found: sum= 78.0000 var=  0.0000 fitness= 78.0000 age=1
-->8--
         21       5 
      6      12       8
     15      13      23 
 22      11      17       4
  1      10       7      24
     19      20       3 
      9      18      16
          2      14 
--8<--
found: sum= 78.0000 var=  0.0000 fitness= 78.0000 age=1
-->8--
         18      13 
      9      17       4
     24       7      22 
  5       3      15       1
 23      12      20      14
     11      21       6 
     16      10      19
          8       2 
--8<--
found: sum= 80.0000 var=  0.0000 fitness= 80.0000 age=2
-->8--
          9       6 
      1      14       3
     24      21      17 
 20      11      19      23
  5      12       4       2
      8      13      15 
     18      22      10
          7      16 
--8<--
found: sum= 77.0000 var=  0.0000 fitness= 77.0000 age=1
-->8--
         11      12 
     15      18      13
      9       4      23 
  1      20       7       5
 24      17      21       2
      6       8      19 
     22      10       3
         14      16 
--8<--
found: sum= 82.0000 var=  0.0000 fitness= 82.0000 age=2
-->8--
          5       4 
      7      16       9
     22      20      18 
  6      12      15      14
 10      21      13       3
     11       1      19 
     17      24       2
          8      23 
--8<--
found: sum= 78.0000 var=  0.0000 fitness= 78.0000 age=2
-->8--
         15       4 
     19      16      21
     11      12       3 
  8       5      22      14
 13      24       9      10
     17       6      20 
      7      23      18
          1       2 
--8<--
found: sum= 78.0000 var=  0.0000 fitness= 78.0000 age=3
-->8--
         24       2 
      5      17      15
     16       6      18 
  7      10      20      14
  9      13      21       1
     23       8       4 
      3      12      22
         19      11 
--8<--
found: sum= 78.0000 var=  0.0000 fitness= 78.0000 age=1
-->8--
         16       3 
      2       1      18
     14      23      24 
  4      22       9      15
 11       7      12       8
     20       5      10 
      6      21      13
         19      17 
--8<--
found: sum= 76.0000 var=  0.0000 fitness= 76.0000 age=1
-->8--
         14      13 
     18       6      10
     16      17      21 
  4       5       9       8
 20      19      15       1
     12      11      22 
      7       3      23
         24       2 
--8<--
found: sum= 78.0000 var=  0.0000 fitness= 78.0000 age=3
-->8--
         15       1 
     18      22       7
      8      11      14 
 17       4      23       5
 19      10       9       3
     20      21      24 
     13       2      16
         12       6 
--8<--
found: sum= 80.0000 var=  0.0000 fitness= 80.0000 age=3
-->8--
          9      14 
      3      22       1
     24       6      20 
  7      16      17      13
  4       8      23       5
     21      10       2 
     18      11      19
         12      15 
--8<--
found: sum= 83.0000 var=  0.0000 fitness= 83.0000 age=1
-->8--
          3       6 
      5      18      20
     17      24      14 
 12      16       1      11
  7      10      19      15
     21      13      23 
      8      22       2
          9       4 
--8<--
found: sum= 79.0000 var=  0.0000 fitness= 79.0000 age=1
-->8--
          9      18 
     21      15      11
     20       2      19 
  4      12      14       8
 13       6      23       5
     24      22      10 
      3       7       1
         17      16 
--8<--
found: sum= 76.0000 var=  0.0000 fitness= 76.0000 age=3
-->8--
          1      14 
     13      22       5
     12       9      24 
 16      19       2       3
 10       8      23      20
     11      15       4 
     18       7      21
         17       6 
--8<--
found: sum= 78.0000 var=  0.0000 fitness= 78.0000 age=3
-->8--
         18      15 
      3      13       1
     22      20      10 
 14       2      19       5
  7      16      12       8
     17       9      24 
     11       4      23
         21       6 
--8<--
found: sum= 77.0000 var=  0.0000 fitness= 77.0000 age=3
-->8--
          2       4 
     21      18      10
      6      22       3 
 24       8      20      13
  9      14       1      17
     16      12      23 
      5      19      15
         11       7 
--8<--
found: sum= 83.0000 var=  0.0000 fitness= 83.0000 age=2
-->8--
          7      15 
      2      21       1
     23      22      18 
 16       8       6       9
 12      10      13      17
     14      24      20 
     11      19       3
          5       4 
--8<--
found: sum= 78.0000 var=  0.0000 fitness= 78.0000 age=1
-->8--
         15      14 
     18      10       8
      5       9      24 
  2      21      13      12
 16      11      20       3
     23       4       6 
     17      22      19
          1       7 
--8<--
found: sum= 81.0000 var=  0.0000 fitness= 81.0000 age=1
-->8--
          6       8 
     14      21      12
     22       5      16 
 10      13      19      11
 23       9      15       2
      4      20      18 
      7      24       3
         17       1 
--8<--
found: sum= 76.0000 var=  0.0000 fitness= 76.0000 age=3
-->8--
         17       9 
      5      23      13
      3       6      14 
  8      22      11       7
 20      19       2      18
      4      16      24 
     10      12      21
         15       1 
--8<--
found: sum= 78.0000 var=  0.0000 fitness= 78.0000 age=3
-->8--
          3       1 
      9      13      15
     24      11      22 
 14      18      16       4
 12       2      10      20
      8      21       6 
      7      17      19
         23       5 
--8<--
found: sum= 76.0000 var=  0.0000 fitness= 76.0000 age=2
-->8--
         18      12 
     23      11      19
      7       1      24 
 17      16       9       3
  6      20      22       5
     10       8      13 
      2      15       4
         21      14 
--8<--
found: sum= 72.0000 var=  0.0000 fitness= 72.0000 age=1
-->8--
         16      24 
     14       2       3
     13       9      23 
 17      18      11       5
  1      15       7      22
      8      12       4 
     21      10      20
          6      19 
--8<--
found: sum= 79.0000 var=  0.0000 fitness= 79.0000 age=1
-->8--
         10      16 
     23       2       7
     11      21      19 
  5      12      14       6
 18       9      15       3
     24       8      22 
      1      17       4
         20      13 
--8<--
found: sum= 75.0000 var=  0.0000 fitness= 75.0000 age=1
-->8--
          9      13 
     15      17       6
     16       7       8 
 21      11      24       4
 14       3      12      22
     10      18       5 
     23      19      20
          2       1 
--8<--
found: sum= 79.0000 var=  0.0000 fitness= 79.0000 age=2
-->8--
         12      15 
      2      19      13
     21       5      18 
 10      20       9      17
 16       8      23       1
      4      14      11 
     24      22       6
          7       3 
--8<--
found: sum= 74.0000 var=  0.0000 fitness= 74.0000 age=1
-->8--
         23      14 
     18       5      22
     17       7       2 
 20       4      24      16
  1      11      19       3
     21       9      10 
      6      15       8
         12      13 
--8<--
found: sum= 75.0000 var=  0.0000 fitness= 75.0000 age=1
-->8--
         10       8 
     19      22       1
      2      13      14 
 18       9      17       3
 21       5       7      23
     20      24      11 
      4       6      12
         16      15 
--8<--
found: sum= 79.0000 var=  0.0000 fitness= 79.0000 age=1
-->8--
         23      12 
      6      24       4
     14       7      13 
 20       5      19      10
  3      21      18       8
     16       9      11 
      1      17      22
         15       2 
--8<--
found: sum= 79.0000 var=  0.0000 fitness= 79.0000 age=1
-->8--
          2      12 
      4      23      18
     24      17       6 
  7       9       3      22
 13      10      19      14
     16      21      15 
     20      11       8
          1       5 
--8<--
found: sum= 81.0000 var=  0.0000 fitness= 81.0000 age=2
-->8--
          3      16 
     14      21       1
     13       7      24 
  2      23      12      22
  6      18      11       4
     19      10       8 
      9      20      15
          5      17 
--8<--
found: sum= 78.0000 var=  0.0000 fitness= 78.0000 age=3
-->8--
         14      12 
     21      19      13
      4      11      18 
  1       9       5      15
 17      24      22       8
     23       7      10 
      6      16       3
          2      20 
--8<--
found: sum= 77.0000 var=  0.0000 fitness= 77.0000 age=2
-->8--
          3      19 
      2      16      12
     23      18       5 
  6      15       7      24
  8      14      10      22
     11      13       9 
     17      21       4
          1      20 
--8<--
found: sum= 81.0000 var=  0.0000 fitness= 81.0000 age=3
-->8--
         16      12 
     17      23       9
      4      13      14 
 21       8      10      15
  6      20      19       5
     22      11      18 
      3      24       2
          1       7 
--8<--
found: sum= 76.0000 var=  0.0000 fitness= 76.0000 age=3
-->8--
         24      14 
      4       7       6
     13      16      23 
 15      12      10       1
  8      11       5      19
     17      22      18 
     21       2       9
          3      20 
--8<--
found: sum= 78.0000 var=  0.0000 fitness= 78.0000 age=3
-->8--
         18      14 
     11       7       6
     24      17      19 
 12       1      15      16
 10      22       2       3
      9      21      23 
      5       8       4
         13      20 
--8<--
found: sum= 79.0000 var=  0.0000 fitness= 79.0000 age=3
-->8--
          1      12 
      6      15      18
     24      14      16 
  2      19       4      22
  7      10       9       8
     17      23      20 
     21       3      11
          5      13 
--8<--
found: sum= 76.0000 var=  0.0000 fitness= 76.0000 age=1
-->8--
         21      17 
      5      12       2
      6      14      24 
  9      18       7      22
 10      13      16       4
     20       8       3 
     19      15      23
          1      11 
--8<--
found: sum= 76.0000 var=  0.0000 fitness= 76.0000 age=1
-->8--
          9       5 
      2      24      21
     22       7       1 
  6      12      18      23
 13      15       4      16
      8      20      14 
     19      11      17
          3      10 
--8<--
found: sum= 78.0000 var=  0.0000 fitness= 78.0000 age=2
-->8--
          2      20 
     24      21       1
     13       3      19 
 11      15      14       8
  5      16      23       4
     18       7      10 
      6       9      17
         22      12 
--8<--
found: sum= 80.0000 var=  0.0000 fitness= 80.0000 age=2
-->8--
          8      22 
     24      15       7
     10       3      17 
  6      20      16      13
  5      18      11       9
     21      12      14 
      4      23       1
          2      19 
--8<--
found: sum= 79.0000 var=  0.0000 fitness= 79.0000 age=3
-->8--
         24      14 
     16      23      13
     10       2      12 
 20       4      15       3
  8      19      22       6
     18      17      21 
      5      11       1
          9       7 
--8<--
found: sum= 77.0000 var=  0.0000 fitness= 77.0000 age=3
-->8--
         24       6 
      1      13      14
     22      12      11 
 20       5      21       2
  3      23       7      19
      4       9      17 
     15      18      10
          8      16 
--8<--
found: sum= 78.0000 var=  0.0000 fitness= 78.0000 age=3
-->8--
         10       9 
     22      16       7
     14       5      20 
 17      11      21       2
  1      23       3       8
     12      15      24 
     18       4      19
          6      13 
--8<--
found: sum= 73.0000 var=  0.0000 fitness= 73.0000 age=1
-->8--
         15       2 
     12      17      20
     14       5       7 
 13      10      22       8
 19      16       9       4
      1      11      23 
     24       3      21
         18       6 
--8<--
found: sum= 77.0000 var=  0.0000 fitness= 77.0000 age=1
-->8--
         23       2 
     10      13       7
      6      24      19 
 14       1      12       5
 20      15      16      17
     21       9       8 
     11      18      22
          3       4 
--8<--
found: sum= 80.0000 var=  0.0000 fitness= 80.0000 age=1
-->8--
          9       6 
      1      14       3
     24      21      17 
 20      11      19      23
  5      12       4       2
      8      13      15 
     18      22      10
          7      16 
--8<--
found: sum= 78.0000 var=  0.0000 fitness= 78.0000 age=1
-->8--
         24      16 
      2       7       1
     20      22      18 
 15       3      14      10
 19      12       6      17
      9      21      13 
      5      23      11
          8       4 
--8<--
found: sum= 76.0000 var=  0.0000 fitness= 76.0000 age=3
-->8--
         11      17 
      8      22       6
     18       2       9 
  3      15      20       4
 21       7      19      10
     12      13      14 
     16       5      24
         23       1 
--8<--
found: sum= 81.0000 var=  0.0000 fitness= 81.0000 age=1
-->8--
         22       9 
      7      17      14
      2      13      18 
  4      20      10       1
 19      15      12      16
     21      11      24 
      3      23       6
          8       5 
--8<--
found: sum= 81.0000 var=  0.0000 fitness= 81.0000 age=2
-->8--
         23      13 
      6       8       5
     18       9      24 
  3      17      22       2
 16       7      15       4
     20      11      14 
     12      21       1
         10      19 
--8<--
found: sum= 80.0000 var=  0.0000 fitness= 80.0000 age=3
-->8--
         22      15 
      3      13       1
     21       4      24 
 11      17      23       7
  5      10       8       6
     16      18      12 
     20      14       9
          2      19 
--8<--
found: sum= 80.0000 var=  0.0000 fitness= 80.0000 age=2
-->8--
         18      11 
      6      20       4
      5      19      24 
 15      12       2       9
 10      16      14      23
     22      17       8 
      1      21      13
          3       7 
--8<--
found: sum= 80.0000 var=  0.0000 fitness= 80.0000 age=2
-->8--
          7       2 
     20      15      12
     22      13      14 
 23       3      24       8
  9       6      18       5
     17      16      11 
      1      21      10
         19       4 
--8<--
found: sum= 75.0000 var=  0.0000 fitness= 75.0000 age=1
-->8--
          6      24 
      3       5      11
     18      21       4 
  1      22      10      16
 17       8       2      23
      9      12      20 
     13      19       7
         14      15 
--8<--
found: sum= 76.0000 var=  0.0000 fitness= 76.0000 age=3
-->8--
          5      12 
     21      15       7
     10      14       4 
 17      11      24       2
 16      13       8      18
      9       6      20 
     23      22      19
          3       1 
--8<--
found: sum= 76.0000 var=  0.0000 fitness= 76.0000 age=2
-->8--
         14      21 
     16      20      11
      7      15       6 
 17       4       3       1
  8      22      23      24
     18       9      19 
     12      10      13
          5       2 
--8<--
found: sum= 77.0000 var=  0.0000 fitness= 77.0000 age=1
-->8--
          4      10 
     18      15       5
      7      14       9 
 23      19      24       2
 13       3       6      16
     12      11      20 
     21      22      17
          8       1 
--8<--
found: sum= 76.0000 var=  0.0000 fitness= 76.0000 age=3
-->8--
         18      13 
      3      12       5
     24       9      23 
 15      10      14      11
  1      19       2      20
      7      22       6 
      4       8      17
         16      21 
--8<--
found: sum= 72.0000 var=  0.0000 fitness= 72.0000 age=1
-->8--
          6      11 
     15      22       2
      3       5      20 
 16      21      12      24
 19       9       7       8
      4      18       1 
     14      10      13
         17      23 
--8<--
found: sum= 79.0000 var=  0.0000 fitness= 79.0000 age=2
-->8--
          6      14 
      4      24       1
     11      13      12 
 19      21      15       9
  2       3      17       8
     23      10      18 
     16       7       5
         20      22 
--8<--
found: sum= 76.0000 var=  0.0000 fitness= 76.0000 age=2
-->8--
         14      13 
     18       6      10
     16      17      21 
  4       5       9       8
 20      19      15       1
     12      11      22 
      7       3      23
         24       2 
--8<--
found: sum= 80.0000 var=  0.0000 fitness= 80.0000 age=2
-->8--
          3      15 
      9       6       1
     21      23      24 
 12      18      11      20
  2       5      13       4
     22      10       8 
      7      19      14
         17      16 
--8<--
found: sum= 74.0000 var=  0.0000 fitness= 74.0000 age=1
-->8--
         18      13 
      4      20       5
      1      16       8 
  9      15      12       7
 22      10       2      24
     17      19      21 
     14       3       6
         11      23 
--8<--
found: sum= 80.0000 var=  0.0000 fitness= 80.0000 age=1
-->8--
          2       5 
     20      24      18
     17       3      11 
  9      14      19       6
  1      23      13      21
     16       8      10 
      4      22      12
          7      15 
--8<--
found: sum= 78.0000 var=  0.0000 fitness= 78.0000 age=3
-->8--
          9      17 
      6      18       2
     21      14       4 
  1      10      23      11
 22       8      20      13
     16       3       7 
     15      24       5
         12      19 
--8<--
found: sum= 80.0000 var=  0.0000 fitness= 80.0000 age=2
-->8--
          4       1 
     14      17      21
     22      10      23 
  2      13       8      20
 15       9      16       6
     19      24       7 
      5      12       3
         11      18 
--8<--
found: sum= 77.0000 var=  0.0000 fitness= 77.0000 age=3
-->8--
          8       1 
     14      17      21
     12      16       3 
  2      10      19       9
 24       7       5      23
     22      20      18 
      4      13       6
         11      15 
--8<--
found: sum= 77.0000 var=  0.0000 fitness= 77.0000 age=3
-->8--
         20      13 
      6      21       7
     24       1      19 
 12       5      16       3
 10      15      22       9
     11      18       8 
     17       2      23
         14       4 
--8<--
found: sum= 81.0000 var=  0.0000 fitness= 81.0000 age=3
-->8--
          7      20 
      5       9      10
     21      16      18 
  1      23       8      15
  6      19       2      14
     11      13      24 
      4      22      17
         12       3 
--8<--
found: sum= 77.0000 var=  0.0000 fitness= 77.0000 age=1
-->8--
          9       6 
     17      22      18
     15      12       3 
  7       2      16      23
 24       8      20       5
     21      19      10 
      4      14       1
         11      13 
--8<--
found: sum= 77.0000 var=  0.0000 fitness= 77.0000 age=1
-->8--
         16       3 
      2      23      17
     20       9      14 
 21       7      11      19
  1      18       8      13
     10      24      12 
     15       6       5
          4      22 
--8<--
found: sum= 80.0000 var=  0.0000 fitness= 80.0000 age=2
-->8--
         15      13 
     10      14       7
     24       5      20 
  8      12      21       2
  9       4      16       3
     23      22      18 
     11       1      17
         19       6 
--8<--
found: sum= 77.0000 var=  0.0000 fitness= 77.0000 age=1
-->8--
          1       2 
     20      11      17
     14       8      24 
  9      23      15      19
 12       6       4      10
     13      21       5 
      3      18      22
         16       7 
--8<--
found: sum= 81.0000 var=  0.0000 fitness= 81.0000 age=3
-->8--
         11       8 
     18      22      13
     14       4      24 
  7      12      10       2
  5      23      17      19
     20      15       9 
      6      16       3
          1      21 
--8<--
found: sum= 77.0000 var=  0.0000 fitness= 77.0000 age=2
-->8--
          8       2 
      4      23      13
     20       5      15 
  1      17      19      10
 11      21       3      16
      7      12      14 
     22       6      24
          9      18 
--8<--
found: sum= 76.0000 var=  0.0000 fitness= 76.0000 age=3
-->8--
          5       1 
     17       2      13
      9      24      20 
  8      19      16      10
 11       7       4      14
     22       6      12 
     23      15      21
          3      18 
--8<--
found: sum= 76.0000 var=  0.0000 fitness= 76.0000 age=1
-->8--
         24       6 
     10      12      22
     18       7       9 
 15       5      20       3
  4      13      23       2
     21       8      19 
     16       1      11
         17      14 
--8<--
found: sum= 81.0000 var=  0.0000 fitness= 81.0000 age=1
-->8--
         17       1 
      7      24      16
      5       9      23 
 20      19       8       4
  2      14      13      11
     21      18      22 
      3      10       6
         15      12 
--8<--
found: sum= 79.0000 var=  0.0000 fitness= 79.0000 age=1
-->8--
         24      16 
      5      19       6
      7      10      20 
  2      14       8       1
 13      21      17      18
     22       9      15 
      4      12      23
         11       3 
--8<--
found: sum= 78.0000 var=  0.0000 fitness= 78.0000 age=2
-->8--
          7       4 
      2      22      10
     17      14      19 
 18      16       9      15
  1      20       8      24
      6      11       3 
     13      23      21
          5      12 
--8<--
found: sum= 73.0000 var=  0.0000 fitness= 73.0000 age=1
-->8--
          1       7 
     19      13       5
      2      21      15 
 20      17      12      14
 16       8      11      18
     10       4       3 
      6      22      24
         23       9 
--8<--
found: sum= 79.0000 var=  0.0000 fitness= 79.0000 age=1
-->8--
         17       5 
      6      24      13
     21       1      20 
  3      10      16       4
 19      18      22       2
      8      12      15 
     11       7       9
         23      14 
--8<--
found: sum= 76.0000 var=  0.0000 fitness= 76.0000 age=3
-->8--
         20       9 
      8       2      15
     16       7      22 
 18      23      21      13
  4       5       3       6
     10      17      11 
     24      19      12
          1      14 
--8<--
found: sum= 78.0000 var=  0.0000 fitness= 78.0000 age=2
-->8--
         20      12 
      4       1      17
     18      21      22 
  6      14       5       2
  9       7      23      11
     24       8      15 
     16      10       3
         13      19 
--8<--
found: sum= 78.0000 var=  0.0000 fitness= 78.0000 age=2
-->8--
          3      11 
     20      24       4
      7      23      10 
 16       1       6      21
 13      19      17      15
     22      12       9 
      5      18       8
          2      14 
--8<--
found: sum= 81.0000 var=  0.0000 fitness= 81.0000 age=1
-->8--
          7       8 
     12      19      21
     24       5      18 
 20      14      10       2
  4      13      17      11
      6      22      23 
     16      15       1
          9       3 
--8<--
found: sum= 79.0000 var=  0.0000 fitness= 79.0000 age=1
-->8--
         19      10 
      1      18      13
     11       7      16 
 17      23      15      12
  5       3       9      21
     20      22       6 
      2      24       4
          8      14 
--8<--
found: sum= 80.0000 var=  0.0000 fitness= 80.0000 age=3
-->8--
          3       8 
     17      24      10
     20      15      14 
 22       1       9      18
  2      19      23      11
     16      13       5 
      4      21      12
          7       6 
--8<--
found: sum= 76.0000 var=  0.0000 fitness= 76.0000 age=3
-->8--
         14      19 
      8      20       5
      7      17       6 
  1      10       9      22
 21      24      12      11
     13       4      16 
     15      18       3
          2      23 
--8<--
found: sum= 80.0000 var=  0.0000 fitness= 80.0000 age=2
-->8--
          2      24 
     21      13       4
     17       5      23 
  3      22      11       7
 12       8      20       9
     18      14      10 
      6      19      16
         15       1 
--8<--
