found: sum= 78.0000 var=  0.0000 fitness= 78.0000
-->8--
          3      13 
      4      12       1
     14      24      18 
  8      21      10      22
 19       7       5       6
      9      11      17 
     15      20       2
         16      23 
--8<--
found: sum= 78.0000 var=  0.0000 fitness= 78.0000
-->8--
         16      10 
     12      19      13
     24       1      14 
 15       6      21       5
  2      11      22       7
     20      17       9 
      8       4      23
         18       3 
--8<--
found: sum= 76.0000 var=  0.0000 fitness= 76.0000
-->8--
         19       2 
     21      17      15
      4      14       5 
  9       1      23       7
 16      22      13       8
     24       3      20 
     11      10      18
          6      12 
--8<--
found: sum= 74.0000 var=  0.0000 fitness= 74.0000
-->8--
         10      13 
     22       7      16
     24       2      21 
 20       9      15       4
  3      17      23       5
      1       8       6 
     18      11      12
         19      14 
--8<--
found: sum= 77.0000 var=  0.0000 fitness= 77.0000
-->8--
         12      10 
     20       1      14
     19      23      16 
 17       2      13       5
  6      24       4      21
      9      11      18 
      8      22       7
          3      15 
--8<--
found: sum= 77.0000 var=  0.0000 fitness= 77.0000
-->8--
         12      15 
      2      23       1
     21       3      18 
 14      16      17       5
  6       9      22       7
     11      10       8 
     24       4      13
         19      20 
--8<--
found: sum= 78.0000 var=  0.0000 fitness= 78.0000
-->8--
          1      22 
     14      21      10
     23      15       3 
  9       4       7      13
 12      11      17      20
     19      24      18 
      2       6       5
         16       8 
--8<--
found: sum= 77.0000 var=  0.0000 fitness= 77.0000
-->8--
          9       1 
      4      11      23
     17      20       8 
 15      16      14      13
  7      19       6      12
      3       2      24 
     10      22       5
         21      18 
--8<--
found: sum= 77.0000 var=  0.0000 fitness= 77.0000
-->8--
          5       1 
      3      18      22
     23      11       9 
 13      17      16      19
  7       2      21       4
     15      10       8 
     24      12      20
         14       6 
--8<--
found: sum= 73.0000 var=  0.0000 fitness= 73.0000
-->8--
          4      21 
     15      22       1
     16      14       6 
  5       2       9      13
 23      20      10      24
      7      18      11 
      8       3      12
         17      19 
--8<--
found: sum= 75.0000 var=  0.0000 fitness= 75.0000
-->8--
         13       5 
     12       1       9
     10      16      20 
 14      23      24       3
  8       2       6       7
     18       4      15 
     19      11      17
         21      22 
--8<--
found: sum= 79.0000 var=  0.0000 fitness= 79.0000
-->8--
         12      17 
      3       5       9
     14      24      23 
  8      21       1       4
  6      11      15      20
     19       7      16 
     22      18      13
          2      10 
--8<--
found: sum= 76.0000 var=  0.0000 fitness= 76.0000
-->8--
         20      13 
     10       2      21
     24       4      17 
  5      16      19      15
  1      12       3      14
     18      22       8 
      7      11      23
          6       9 
--8<--
found: sum= 75.0000 var=  0.0000 fitness= 75.0000
-->8--
          5      10 
      3      15       1
     11      22      18 
 23      19       9      16
  6       4       8       7
     12      13      17 
     24       2      14
         20      21 
--8<--
found: sum= 79.0000 var=  0.0000 fitness= 79.0000
-->8--
         24      18 
      9       6       2
     13      16      23 
 12      11      14       5
 19       3      20       7
     21      15      10 
     17      22       4
          1       8 
--8<--
found: sum= 77.0000 var=  0.0000 fitness= 77.0000
-->8--
         12      13 
      3      22       4
      2      17      11 
  9      21      10       1
 20       6      15      16
     19       8      24 
     14       7       5
         23      18 
--8<--
found: sum= 76.0000 var=  0.0000 fitness= 76.0000
-->8--
         15       6 
     11      19      16
     24       3      14 
  8       4      18       9
 13       7      23      10
     20      21       2 
     22       1      12
          5      17 
--8<--
found: sum= 77.0000 var=  0.0000 fitness= 77.0000
-->8--
          4      22 
      5       8       3
     24      15      18 
 16      21      11      10
 13       1      12       7
      2      17      19 
     23      14       6
         20       9 
--8<--
found: sum= 78.0000 var=  0.0000 fitness= 78.0000
-->8--
          9       4 
     12      18       6
      3      19      16 
  5      17      15      13
 21      24       1      11
      8       2      22 
     14      23      20
          7      10 
--8<--
found: sum= 82.0000 var=  0.0000 fitness= 82.0000
-->8--
          4      11 
      3      24       8
     21       7      15 
  6      23      17      12
  9      13       2      14
     10      20      22 
     16      18      19
          5       1 
--8<--
found: sum= 72.0000 var=  0.0000 fitness= 72.0000
-->8--
         18       3 
      5      22      13
      4      11       7 
 10      12      16      14
 20      24       1      15
      2       8      19 
      9       6      21
         23      17 
--8<--
found: sum= 78.0000 var=  0.0000 fitness= 78.0000
-->8--
         12       7 
     16      23      14
     21       5      10 
  6       1      19       3
 20      22      13       9
      8      18      24 
     15       4      17
         11       2 
--8<--
found: sum= 76.0000 var=  0.0000 fitness= 76.0000
-->8--
          8      11 
     18       5      14
      4      21      16 
 10      20       9       6
 12      17       7      15
     13       2      23 
      3      19      24
         22       1 
--8<--
found: sum= 76.0000 var=  0.0000 fitness= 76.0000
-->8--
         15      13 
      5       2      10
      7      24      21 
 20      23       6      14
  1       3       8      16
     22      12      11 
     18      17       9
          4      19 
--8<--
found: sum= 72.0000 var=  0.0000 fitness= 72.0000
-->8--
         17      11 
     18       5      12
      9       2      19 
  7      21      23       6
 16      15       3      20
      4       8       1 
     13      22      14
         10      24 
--8<--
found: sum= 78.0000 var=  0.0000 fitness= 78.0000
-->8--
          7       8 
     13      24      20
     22      11      10 
 18       1       5       9
 12      21      23      15
      4      17      16 
      3      14       2
         19       6 
--8<--
found: sum= 73.0000 var=  0.0000 fitness= 73.0000
-->8--
          4       3 
     22      10      23
      2      24       6 
 20      11       7      14
 15      17       9      16
      8       5      21 
     12      18      19
         13       1 
--8<--
found: sum= 79.0000 var=  0.0000 fitness= 79.0000
-->8--
         17       2 
     23       4      14
     13      16      24 
  1       6      19       7
 21      18       9       8
     20      11      12 
      5      22      10
          3      15 
--8<--
found: sum= 76.0000 var=  0.0000 fitness= 76.0000
-->8--
          3      15 
      1       6      12
     22      21      20 
  4      23       2      17
  7      11       5      19
      9      14      13 
     24      10      16
          8      18 
--8<--
found: sum= 75.0000 var=  0.0000 fitness= 75.0000
-->8--
         24       8 
     20      22      17
      6       2      14 
 15       1      12       3
 19      16      23      13
     18      21      10 
     11       5       9
          4       7 
--8<--
found: sum= 77.0000 var=  0.0000 fitness= 77.0000
-->8--
         15       7 
      6      24      13
      9      20       1 
 14       3      12      19
 17      16      21       2
     18       5      22 
      4      11      10
         23       8 
--8<--
found: sum= 82.0000 var=  0.0000 fitness= 82.0000
-->8--
          6       2 
     17      24       3
     22      12      23 
  4       1      18       9
 14      21      19       5
     20      11       8 
      7      13      15
         10      16 
--8<--
found: sum= 73.0000 var=  0.0000 fitness= 73.0000
-->8--
         14      13 
     23       6       1
      4      24      22 
 19       2       7       8
 17      21       3      15
     10      16      18 
      9       5      11
         12      20 
--8<--
found: sum= 78.0000 var=  0.0000 fitness= 78.0000
-->8--
          7      24 
     15      23       3
     19       1      10 
  4      13      17       5
 18      22      14      12
      2      11      20 
     21      16       9
          6       8 
--8<--
found: sum= 77.0000 var=  0.0000 fitness= 77.0000
-->8--
         19      13 
     21       2      14
     22       9      16 
 12       4      23       1
 18       6      24       3
     15      11      10 
     17      20       7
          8       5 
--8<--
found: sum= 78.0000 var=  0.0000 fitness= 78.0000
-->8--
          9       2 
     15      23      12
     14       7      18 
  5      10      16      19
  8      20       1      13
     21      24      11 
      6       3      22
          4      17 
--8<--
found: sum= 79.0000 var=  0.0000 fitness= 79.0000
-->8--
          6       2 
      1      22       4
      8      18      20 
 23      24      13       9
  7       3      16      11
     14       5      10 
     17      21      12
         19      15 
--8<--
found: sum= 74.0000 var=  0.0000 fitness= 74.0000
-->8--
         21      12 
     23       7      14
      9       8      16 
  2       6      17      15
 11      24      18       5
     22       1       3 
     10      13      19
          4      20 
--8<--
found: sum= 74.0000 var=  0.0000 fitness= 74.0000
-->8--
          7      10 
     16      23      18
     24       3       6 
 11       1      14      12
 13      20      15      19
      5      21       8 
     22       4       9
          2      17 
--8<--
found: sum= 75.0000 var=  0.0000 fitness= 75.0000
-->8--
          3      10 
      4      18      14
     16      13      11 
  8      21       9      12
 17       7       5      15
      6      20      23 
     22       1       2
         19      24 
--8<--
found: sum= 77.0000 var=  0.0000 fitness= 77.0000
-->8--
         16      19 
     17       1       6
      8      22      24 
  7      13       5       3
 10      21      14      20
     18       2      11 
      4      23      12
          9      15 
--8<--
found: sum= 72.0000 var=  0.0000 fitness= 72.0000
-->8--
          9      13 
     24       5      14
      7      23       2 
 16       4      15      12
 17      10       1      20
     18      19      22 
      8       6       3
         11      21 
--8<--
found: sum= 79.0000 var=  0.0000 fitness= 79.0000
-->8--
          3      10 
     11      22       4
     19      23       7 
  8       1      13      12
 14      16       6      17
     21      20      24 
      5       2       9
         15      18 
--8<--
found: sum= 81.0000 var=  0.0000 fitness= 81.0000
-->8--
         18       1 
     15      20      22
     13      12      10 
 11       3      16       6
 14      23      19       9
     17       8      21 
      2      24       5
          7       4 
--8<--
found: sum= 77.0000 var=  0.0000 fitness= 77.0000
-->8--
         22       6 
     19      13       8
      9      11      15 
 10       3      24      14
 12      20      18       2
     23       1       4 
      5      21      16
          7      17 
--8<--
found: sum= 74.0000 var=  0.0000 fitness= 74.0000
-->8--
         10       1 
     17      12      23
      2      19      11 
 13      14       8      21
 15       6       7       9
     24      20      18 
      5       3      22
         16       4 
--8<--
found: sum= 79.0000 var=  0.0000 fitness= 79.0000
-->8--
          9      16 
      7      24       3
     20       8      13 
 10      11      15      17
 18       1      23       6
     19      21       5 
     22      14       4
          2      12 
--8<--
found: sum= 76.0000 var=  0.0000 fitness= 76.0000
-->8--
         19       5 
      1      23       8
      9      13       6 
 12      11      21      14
 20       7       2      18
     17      22      15 
      4      10       3
         16      24 
--8<--
found: sum= 78.0000 var=  0.0000 fitness= 78.0000
-->8--
         18       1 
      5      24      11
      6       3      20 
 10      22      19       8
 13       4       9       7
     23      21      15 
     12       2      14
         16      17 
--8<--
found: sum= 75.0000 var=  0.0000 fitness= 75.0000
-->8--
         16      12 
      2       6      15
      5      24      11 
 14      22       7      17
 10       1      13      18
     23       8       9 
     19      21      20
          3       4 
--8<--
found: sum= 82.0000 var=  0.0000 fitness= 82.0000
-->8--
          5      14 
      7      18       3
     17      12      24 
  6      23      11      10
 19       1      15       9
     16      20      13 
      2      22       4
         21       8 
--8<--
found: sum= 74.0000 var=  0.0000 fitness= 74.0000
-->8--
          8       2 
      7      12      17
     15       9      20 
 13      23      14      10
  3       4       5      24
     16      19       1 
     11       6      22
         18      21 
--8<--
found: sum= 76.0000 var=  0.0000 fitness= 76.0000
-->8--
         10       2 
     23       4      12
      6      24      21 
  8       9      13       7
 15      22       5      11
     16       3      19 
     20      14      17
          1      18 
--8<--
found: sum= 77.0000 var=  0.0000 fitness= 77.0000
-->8--
         18      12 
     17       3       9
      1      24      21 
 11      14       8      13
 16      20       5       7
     15       6      23 
     10      22      19
          4       2 
--8<--
found: sum= 73.0000 var=  0.0000 fitness= 73.0000
-->8--
         21       6 
     23      19      13
      3       2      11 
 15       5      22       1
 20      16      24       7
     14       4       8 
     12      10      18
         17       9 
--8<--
found: sum= 73.0000 var=  0.0000 fitness= 73.0000
-->8--
         23       5 
     21      18      11
      3       6      13 
 15       2      20       1
 22      17      24       8
     14       4       7 
     12      10      19
         16       9 
--8<--
found: sum= 77.0000 var=  0.0000 fitness= 77.0000
-->8--
          5       6 
     21      18      17
     24       2      12 
  1       7      22      14
  9      23       4      10
     13      19      15 
     11       3      16
          8      20 
--8<--
found: sum= 75.0000 var=  0.0000 fitness= 75.0000
-->8--
          3      19 
     20      23      11
      9       2      14 
  7      18       6      13
 21      12      15      10
      8      22      17 
     24       4       1
          5      16 
--8<--
found: sum= 76.0000 var=  0.0000 fitness= 76.0000
-->8--
          8      18 
     17      24       1
     15       9       2 
 20       3      22      10
 11      14      23      12
     13       5       7 
     21      19      16
          4       6 
--8<--
found: sum= 75.0000 var=  0.0000 fitness= 75.0000
-->8--
          5      21 
     24       7      15
     17       6       8 
 19      16      18      22
  2       9       3      13
     12      23      11 
     10      20      14
          1       4 
--8<--
found: sum= 75.0000 var=  0.0000 fitness= 75.0000
-->8--
          4      14 
      1      23      11
     15      13       9 
 10      19       5      18
  7      16       2      24
      8      20      17 
     22       3      12
          6      21 
--8<--
found: sum= 80.0000 var=  0.0000 fitness= 80.0000
-->8--
          3      16 
      6      24       2
     15      23       8 
 10       9       7      18
 11      22      14      12
     13       5      21 
     17      19      20
          4       1 
--8<--
found: sum= 76.0000 var=  0.0000 fitness= 76.0000
-->8--
          2      18 
      6      12      11
     14      20       5 
 15      22      10      19
  3      13       4      21
      9       7      17 
     16      23      24
          8       1 
--8<--
found: sum= 75.0000 var=  0.0000 fitness= 75.0000
-->8--
         21      15 
     23       4      11
     13       8      18 
 10       6      19       3
  7      17      24       9
     22       1       2 
     14      16      12
          5      20 
--8<--
found: sum= 75.0000 var=  0.0000 fitness= 75.0000
-->8--
          1       9 
     22      24       8
      7      19      10 
 11       2       5      21
 23      15      14      12
     17      20      13 
      3       4      18
         16       6 
--8<--
found: sum= 77.0000 var=  0.0000 fitness= 77.0000
-->8--
          4       2 
      5      10      17
     19      24       6 
 11      15      18      14
 16       9       3      13
      7       8      23 
     21      20       1
         12      22 
--8<--
found: sum= 75.0000 var=  0.0000 fitness= 75.0000
-->8--
         19      10 
     18      23      11
      6       1       9 
 16       8      21      14
 13      17       4       7
     15      24      20 
     12       2      22
          5       3 
--8<--
found: sum= 80.0000 var=  0.0000 fitness= 80.0000
-->8--
          4       1 
      8      19      13
     18      17       6 
 12      14      24       2
 10      11       5      23
     15       9      20 
      7      22       3
         16      21 
--8<--
found: sum= 72.0000 var=  0.0000 fitness= 72.0000
-->8--
         15       8 
     14       2      21
      4      19      16 
 23      18       6      10
  3       7       9      11
     17      13      20 
     12       1      24
         22       5 
--8<--
found: sum= 76.0000 var=  0.0000 fitness= 76.0000
-->8--
         19       5 
     12      24       7
      6      14       8 
 17       1      18      13
 21       9      11      10
     22      23      16 
      3       4       2
         15      20 
--8<--
found: sum= 77.0000 var=  0.0000 fitness= 77.0000
-->8--
         15       3 
     20      18      24
      4      14       7 
 17       6      11      19
 13      16       8       9
     21      22      23 
      5      12      10
          1       2 
--8<--
found: sum= 77.0000 var=  0.0000 fitness= 77.0000
-->8--
         12      11 
      3      13       2
      4      22      19 
 14      23      10      15
 20       9       8       1
      7       5      24 
     21      18      16
         17       6 
--8<--
found: sum= 74.0000 var=  0.0000 fitness= 74.0000
-->8--
         12      17 
     20       1       9
      5      22      18 
 21      14       7      19
  2      24       4      11
      8       3      15 
      6      23      13
         10      16 
--8<--
found: sum= 74.0000 var=  0.0000 fitness= 74.0000
-->8--
         21       3 
     11      20      15
     13       7      12 
 18       2      17      19
 14      23       1       9
      4      24      16 
      8       5       6
         10      22 
--8<--
found: sum= 78.0000 var=  0.0000 fitness= 78.0000
-->8--
         13      14 
      4      23       3
     19       8      12 
  5      11      18      17
 22       1      16       9
     20      24       6 
     21      10       7
          2      15 
--8<--
found: sum= 78.0000 var=  0.0000 fitness= 78.0000
-->8--
          2       1 
      4      22      12
     18      19      14 
  9      13      10       3
 23       8      11      16
      7      17      24 
     21       5       6
         20      15 
--8<--
found: sum= 77.0000 var=  0.0000 fitness= 77.0000
-->8--
          4      18 
      7      19      11
     22       9      12 
  5      16       8      14
 21       3      17       6
     10      24      20 
     23       2      13
         15       1 
--8<--
found: sum= 75.0000 var=  0.0000 fitness= 75.0000
-->8--
          4      13 
      5      16       7
     15      24       9 
 18      11       6      17
  2      19       1      20
     10      14      22 
      8       3      12
         21      23 
--8<--
found: sum= 71.0000 var=  0.0000 fitness= 71.0000
-->8--
          5       1 
     12      14      23
     20      17       6 
  7       3      10      22
 24       8      15      16
      9      18       2 
     19       4      21
         13      11 
--8<--
found: sum= 79.0000 var=  0.0000 fitness= 79.0000
-->8--
         11      12 
      5      23       8
     16      10       7 
  6      14      19       9
 20       1      18       2
     22      17      24 
     21       3       4
         15      13 
--8<--
found: sum= 80.0000 var=  0.0000 fitness= 80.0000
-->8--
          7       5 
      9      24      15
     17       3      10 
  2      20      23       4
 18       1      19      13
     22      14      11 
     21      16      12
          6       8 
--8<--
found: sum= 72.0000 var=  0.0000 fitness= 72.0000
-->8--
          7      15 
     21       2      12
     23      18      14 
 19       1      11      13
  5      16       4      20
      8      22      10 
      6       3      24
         17       9 
--8<--
found: sum= 78.0000 var=  0.0000 fitness= 78.0000
-->8--
          8       1 
      9       7      15
     18      19      13 
  2      17      23       6
 16       3      12      14
     22       4      10 
      5      20      21
         24      11 
--8<--
found: sum= 81.0000 var=  0.0000 fitness= 81.0000
-->8--
          9      19 
     13      24       1
     20      12      21 
 10       3       4       2
 16      17      22      18
     15      23      14 
      8      11       5
          7       6 
--8<--
found: sum= 77.0000 var=  0.0000 fitness= 77.0000
-->8--
         11       8 
      6      24       5
     12      23      13 
 18       1       4      15
 22      21      19      10
      3       9      16 
     20      17      14
          7       2 
--8<--
found: sum= 79.0000 var=  0.0000 fitness= 79.0000
-->8--
          9      20 
      7      19      11
     17       3       8 
  5      24      18      13
 15      12       1      16
      6      21      23 
     14      22       2
          4      10 
--8<--
found: sum= 78.0000 var=  0.0000 fitness= 78.0000
-->8--
         16      18 
      5      24       6
     13      19       7 
 10       1       4      12
 21      11      23      17
     22      20      15 
     14       9       3
          2       8 
--8<--
found: sum= 81.0000 var=  0.0000 fitness= 81.0000
-->8--
          3      14 
      1      23      12
     19      20       8 
 13      15       4      11
  7      17      16      18
     10       9      24 
     22      21       6
          2       5 
--8<--
found: sum= 74.0000 var=  0.0000 fitness= 74.0000
-->8--
         15      23 
     14      22      10
      1       9       3 
  6      13       7      11
 16      20       8      21
     18      17      24 
      5       2       4
         12      19 
--8<--
found: sum= 76.0000 var=  0.0000 fitness= 76.0000
-->8--
          4      15 
     17       7       1
     20      23      12 
  2       5      18       9
 14      13      11      10
     22       6      16 
     24       3      19
          8      21 
--8<--
found: sum= 79.0000 var=  0.0000 fitness= 79.0000
-->8--
          4      14 
      9      11       1
     21      24      23 
  8      10       6      19
 18      20      12       3
      2       7      16 
     13      22      17
         15       5 
--8<--
found: sum= 78.0000 var=  0.0000 fitness= 78.0000
-->8--
          4      12 
      8      16      24
     23      20       1 
  3       7       5      17
 11      21      15      22
     13      10      18 
      6      19      14
          9       2 
--8<--
found: sum= 77.0000 var=  0.0000 fitness= 77.0000
-->8--
          4       8 
      3      22       9
     15      21      10 
  2      12       7      17
 11      23       1      24
     14      13      18 
      5       6      19
         16      20 
--8<--
found: sum= 81.0000 var=  0.0000 fitness= 81.0000
-->8--
         10       6 
     13      24      11
     17      12      19 
  8       5       9       1
  7      21      18      14
     23      16      20 
     15       2       3
          4      22 
--8<--
found: sum= 80.0000 var=  0.0000 fitness= 80.0000
-->8--
         21      11 
      5      22       3
     17      13      16 
 14       2      15       4
 18      19      24       9
     10       7      12 
     20      23       6
          1       8 
--8<--
found: sum= 76.0000 var=  0.0000 fitness= 76.0000
-->8--
         16       6 
     19       2      13
     17       8      23 
 22      14      24       5
  1      15       3      10
      7      12      11 
     18      20      21
          4       9 
--8<--
found: sum= 77.0000 var=  0.0000 fitness= 77.0000
-->8--
         20      17 
      4       2      13
     23       6      15 
 11      22      24       5
  1      12       3      14
      8      10      16 
     19      21      18
          7       9 
--8<--
found: sum= 74.0000 var=  0.0000 fitness= 74.0000
-->8--
          8       3 
     19      22      17
      7       5      16 
  4      13      11      21
 24      20       2      15
      6      23       9 
      1      10      12
         14      18 
--8<--
found: sum= 79.0000 var=  0.0000 fitness= 79.0000
-->8--
         19       8 
      9      21      16
     24       1      20 
 18       5      13      14
  7      15      23       6
     10      22       3 
     11      17       2
          4      12 
--8<--
found: sum= 80.0000 var=  0.0000 fitness= 80.0000
-->8--
         10      13 
     16      23       5
     21       1      18 
  3       9      20      14
  8      24       4       7
     15      22      17 
      2       6      12
         11      19 
--8<--
found: sum= 75.0000 var=  0.0000 fitness= 75.0000
-->8--
          7      14 
     12       8      10
      3      23      19 
 15      22       1       6
 18      13       5      20
      4      11      24 
     21      17       2
          9      16 
--8<--
found: sum= 80.0000 var=  0.0000 fitness= 80.0000
-->8--
         11       8 
      6      21       9
     14      15      17 
  5      13      10      20
  1      23       7       4
     24      12      22 
      3       2      18
         16      19 
--8<--
found: sum= 75.0000 var=  0.0000 fitness= 75.0000
-->8--
          4      20 
     23       5      11
      9      12      24 
  8      22       3      13
 16       6      15      18
     14      17       2 
     10      21       1
          7      19 
--8<--
found: sum= 74.0000 var=  0.0000 fitness= 74.0000
-->8--
         20      23 
      2       3      10
     11      21       9 
 12      17       8      22
 14       7      16       4
     13       5      15 
      6      19      18
         24       1 
--8<--
found: sum= 76.0000 var=  0.0000 fitness= 76.0000
-->8--
         19      21 
     14       3      17
     18      10      23 
 16      12       2       1
  9      13      24      20
      8      15       6 
     11      22       5
          7       4 
--8<--
found: sum= 78.0000 var=  0.0000 fitness= 78.0000
-->8--
          7      17 
      9      10       4
     19      11      20 
 13      22      16       1
  6       3      24      12
     15       2       5 
     23      21      18
         14       8 
--8<--
found: sum= 77.0000 var=  0.0000 fitness= 77.0000
-->8--
         11       5 
     15      24       6
      4      20      10 
 19       3      12      21
 17      18      23       2
     16       1       9 
      7      22       8
         13      14 
--8<--
found: sum= 76.0000 var=  0.0000 fitness= 76.0000
-->8--
          4      14 
     13       2      18
     12      23       8 
  6      22      11      16
  7       9       1      19
     20      10      21 
      5      17      24
         15       3 
--8<--
found: sum= 80.0000 var=  0.0000 fitness= 80.0000
-->8--
          3      15 
      7      19      11
     16      14      13 
  4      21       8      20
 12       9       6      23
     18      22      10 
      5      24      17
          2       1 
--8<--
found: sum= 79.0000 var=  0.0000 fitness= 79.0000
-->8--
          3      17 
      4      22      13
     21       6      14 
 10      23       7       5
  2      12      16      19
     11      15      18 
      8       9       1
         24      20 
--8<--
found: sum= 77.0000 var=  0.0000 fitness= 77.0000
-->8--
          1      23 
     22      14       2
     15      12       9 
  4      13      17      20
 21       5       6       7
     19      24      18 
     11      10      16
          8       3 
--8<--
found: sum= 79.0000 var=  0.0000 fitness= 79.0000
-->8--
          4       2 
     11      14       3
     22      23      19 
  6       5      18       1
 17       8      16      13
     21       9      12 
     10       7      15
         24      20 
--8<--
found: sum= 81.0000 var=  0.0000 fitness= 81.0000
-->8--
          7      10 
      5      20       6
     22      24       9 
  2       3      12      23
 21      16      11       8
     17      15      18 
      1      19       4
         13      14 
--8<--
found: sum= 78.0000 var=  0.0000 fitness= 78.0000
-->8--
          9      11 
      2      19       3
      6      24      20 
  5      18       1      21
 16      23       8      15
     10       4      13 
     12      22      14
          7      17 
--8<--
found: sum= 77.0000 var=  0.0000 fitness= 77.0000
-->8--
          2       4 
     14      21       5
     13      24      11 
 18       3      12      10
 19       1      15      20
     23      22       9 
      6       8       7
         17      16 
--8<--
found: sum= 81.0000 var=  0.0000 fitness= 81.0000
-->8--
          2       9 
      7      24       1
     17      19       8 
 16      12      20      11
  4      14       6      13
     18      10      23 
     21      15       5
          3      22 
--8<--
found: sum= 82.0000 var=  0.0000 fitness= 82.0000
-->8--
          7      12 
      6      18       3
     16      11      21 
 10      24      17      20
  5      14       1       4
     13      15      19 
      9      23       2
          8      22 
--8<--
found: sum= 81.0000 var=  0.0000 fitness= 81.0000
-->8--
          3       1 
      6      21       9
     22      11      23 
  5      18      16       7
 24       2      15       8
     10      19      12 
     20      17      14
         13       4 
--8<--
found: sum= 75.0000 var=  0.0000 fitness= 75.0000
-->8--
         20       7 
      9      17      14
     21       3      23 
  1       5      11       6
 24      22      15      12
      2      19       8 
     10       4      16
         18      13 
--8<--
found: sum= 79.0000 var=  0.0000 fitness= 79.0000
-->8--
          4      16 
      5       8      13
     20      19      22 
 11      23       1      21
  6       9      15       2
     10      12      18 
     24      17       3
          7      14 
--8<--
found: sum= 79.0000 var=  0.0000 fitness= 79.0000
-->8--
          5      21 
     22       3       2
     18      12      24 
 11      19      17       8
 10       1      14       9
     20      16       7 
     15      23       6
          4      13 
--8<--
found: sum= 78.0000 var=  0.0000 fitness= 78.0000
-->8--
         18      12 
      2      10      14
     23       3      15 
 11      22      24      13
  7       6       4       5
      9      19      17 
      8      16      21
         20       1 
--8<--
found: sum= 76.0000 var=  0.0000 fitness= 76.0000
-->8--
         13      12 
      8      24      11
     18       7       2 
 14       6      20       1
 17      16      23      21
      5       4       9 
     10      22      15
         19       3 
--8<--
found: sum= 81.0000 var=  0.0000 fitness= 81.0000
-->8--
          5      11 
     18      24      14
     21       9       3 
 15       4      20       2
 10      19      16      17
     12      13      23 
      7      22       1
          8       6 
--8<--
found: sum= 72.0000 var=  0.0000 fitness= 72.0000
-->8--
         12      13 
     15       1      20
      5      23       8 
 11      16       7      10
 14      17       6      22
      9       3      19 
     21      18       2
          4      24 
--8<--
found: sum= 78.0000 var=  0.0000 fitness= 78.0000
-->8--
          6      19 
     22      18       9
      5      14       7 
 17      13      11      15
  3      24       4      20
     16      12      21 
      2      23      10
          1       8 
--8<--
found: sum= 79.0000 var=  0.0000 fitness= 79.0000
-->8--
          1      12 
      7      19       9
     14      22      13 
 10      16       4      17
  5      11       6      21
     23      20      18 
     15       8       3
          2      24 
--8<--
found: sum= 77.0000 var=  0.0000 fitness= 77.0000
-->8--
         20       6 
     12       4      13
      2      22      21 
 10      17      11      18
 24       8       5       3
     16      14      19 
      9      23       1
          7      15 
--8<--
found: sum= 79.0000 var=  0.0000 fitness= 79.0000
-->8--
          6      16 
      7      24       1
     18      22       5 
 15       2      11       3
 14      13      19      20
     17      12      21 
     23      10       9
          4       8 
--8<--
found: sum= 78.0000 var=  0.0000 fitness= 78.0000
-->8--
         10       1 
      5      19      11
     17      15      14 
  9      12      18      13
 21       3       7       6
     16      23      20 
     24       4       2
          8      22 
--8<--
found: sum= 77.0000 var=  0.0000 fitness= 77.0000
-->8--
          7      12 
     20      10      14
     13      24      16 
 15       3       1       6
  2      21      19      17
     23       9      18 
      8       5       4
         11      22 
--8<--
found: sum= 82.0000 var=  0.0000 fitness= 82.0000
-->8--
          4       8 
      6      22       5
     18      20      11 
  2      12      16       3
 19      10      15      23
     21       9      14 
     17      24      13
          1       7 
--8<--
found: sum= 79.0000 var=  0.0000 fitness= 79.0000
-->8--
          4      23 
     20      19       3
     24       2      14 
  8      10      18       7
  6      15      13      22
     16      21       5 
      9      17      12
          1      11 
--8<--
found: sum= 76.0000 var=  0.0000 fitness= 76.0000
-->8--
         15       7 
      1      21      22
     20      13       2 
 10       6      11      18
 12      19      24      16
      9       3       5 
     14      23      17
          8       4 
--8<--
found: sum= 77.0000 var=  0.0000 fitness= 77.0000
-->8--
         15      10 
     21      23      16
     13       3      11 
 12       2      14      18
  4      22      17       9
     24      19       8 
      5       6       7
          1      20 
--8<--
found: sum= 74.0000 var=  0.0000 fitness= 74.0000
-->8--
         12      15 
      1      11      19
     22       4       2 
  6      24      23      17
 14       3      13       9
      5       7      10 
     18      20      16
         21       8 
--8<--
found: sum= 79.0000 var=  0.0000 fitness= 79.0000
-->8--
          7      13 
      2      22      15
     21       9      17 
 14      18       3      23
  5      10      19       1
     11      20      16 
     24       8       4
          6      12 
--8<--
found: sum= 73.0000 var=  0.0000 fitness= 73.0000
-->8--
          3       2 
      6      22       8
     11      13       9 
 23      18      19      24
  7      10       1      15
      4      12       5 
     17      14      20
         16      21 
--8<--
found: sum= 79.0000 var=  0.0000 fitness= 79.0000
-->8--
          3       4 
     14      21       5
     19      20       7 
 15       2      22      23
 16      10       1       8
     17      24      18 
      9      13      11
          6      12 
--8<--
found: sum= 78.0000 var=  0.0000 fitness= 78.0000
-->8--
         13      20 
     14       8      16
     19       6      21 
 10      18       7      15
 12       2      23      11
     17      22       1 
      9      24       3
          4       5 
--8<--
found: sum= 75.0000 var=  0.0000 fitness= 75.0000
-->8--
          3       2 
      4      16      19
      5      24       8 
  7      23       6      21
 13       9       1      22
     18      12      17 
     10      11      20
         15      14 
--8<--
found: sum= 78.0000 var=  0.0000 fitness= 78.0000
-->8--
         10      12 
     11       1      18
     21      16      24 
 15      19       7       6
  5      14       2      22
      4      20      17 
      9      23       3
          8      13 
--8<--
found: sum= 72.0000 var=  0.0000 fitness= 72.0000
-->8--
          6      23 
     16       2      12
     15      14      13 
 18      19       8      11
  4       7       3      17
      9      21      20 
     24       1      22
         10       5 
--8<--
found: sum= 78.0000 var=  0.0000 fitness= 78.0000
-->8--
         13      17 
      2      22       6
     20      12       3 
 14       9      18      10
 23       4      11      15
      8      24      21 
     19      16       1
          7       5 
--8<--
found: sum= 84.0000 var=  0.0000 fitness= 84.0000
-->8--
          4      12 
      5      23       1
     15      18      16 
  9      19      14      11
  2      17      10      13
     22       6      20 
      8      24      21
          7       3 
--8<--
execution time: real 0.600710s user 0.010998s sys 0.008998s
GA: P=50 K=10 sp=2 xover=2D/1 optrpl=2 optskip=10 optmax=1.142857
generation #726: pop m= 78.766 v= 52.757 f= 51.621 best_age=1
best: found: sum= 84.0000 var=  0.0000 fitness= 84.0000
-->8--
          4      12 
      5      23       1
     15      18      16 
  9      19      14      11
  2      17      10      13
     22       6      20 
      8      24      21
          7       3 
--8<--
found: sum= 78.0000 var=  0.0000 fitness= 78.0000
-->8--
         13      17 
      2      22       6
     20      12       3 
 14       9      18      10
 23       4      11      15
      8      24      21 
     19      16       1
          7       5 
--8<--
found: sum= 82.0000 var=  0.0000 fitness= 82.0000
-->8--
          4       8 
      6      22       5
     18      20      11 
  2      12      16       3
 19      10      15      23
     21       9      14 
     17      24      13
          1       7 
--8<--
