found: sum= 78.0000 var=  0.0000 fitness= 78.0000
-->8--
          5       3 
      6      22      21
     17      13      18 
 20      15       1       9
 10       2      24      19
     14      23       7 
     16      12       4
         11       8 
--8<--
found: sum= 75.0000 var=  0.0000 fitness= 75.0000
-->8--
         15      16 
     22      17      20
     12       2      19 
 14       7       1       6
 11      18      24      21
     13      23       4 
      3      10       5
          8       9 
--8<--
found: sum= 71.0000 var=  0.0000 fitness= 71.0000
-->8--
          7      19 
      4       3      14
     18      22       5 
 10      17       8      13
  9      11       1      23
      6      12      21 
     24       2      15
         16      20 
--8<--
found: sum= 81.0000 var=  0.0000 fitness= 81.0000
-->8--
          2       4 
     11      15      13
     23       8      24 
 16      22      17      12
  3       7       9       5
     10      18      14 
      6      19      20
         21       1 
--8<--
execution time: real 0.016097s user 0.005999s sys 0.000999s
GA: P=50 K=10 sp=2 xover=2D/1 optrpl=2 optskip=10 optmax=1.005952
generation #7: pop m= 76.520 v= 55.744 f= 50.678 best_age=1
best: found: sum= 81.0000 var=  0.0000 fitness= 81.0000
-->8--
          2       4 
     11      15      13
     23       8      24 
 16      22      17      12
  3       7       9       5
     10      18      14 
      6      19      20
         21       1 
--8<--
found: sum= 78.0000 var=  0.0000 fitness= 78.0000
-->8--
          5       3 
      6      22      21
     17      13      18 
 20      15       1       9
 10       2      24      19
     14      23       7 
     16      12       4
         11       8 
--8<--
found: sum= 75.0000 var=  0.0000 fitness= 75.0000
-->8--
         15      16 
     22      17      20
     12       2      19 
 14       7       1       6
 11      18      24      21
     13      23       4 
      3      10       5
          8       9 
--8<--
