found: sum=  0.0000 var=  0.0000 fitness=  0.0000
-->8--
         18      21 
     14      17       7
     10      12      19 
 22       6       1       8
 13      23      24       9
      3      11      16 
      5      20       2
         15       4 
--8<--
found: sum=  0.0000 var=  0.0000 fitness=  0.0000
-->8--
         16      12 
     13      18       1
     11      17      23 
 24       2       6       8
 21      10      20      15
      9      22       5 
      3      19       4
         14       7 
--8<--
found: sum=  0.0000 var=  0.0000 fitness=  0.0000
-->8--
         13      19 
     23      21      14
     10       1       9 
 15       3       7      24
 17      18      22       4
      8      20       5 
     12       2      16
         11       6 
--8<--
found: sum=  0.0000 var=  0.0000 fitness=  0.0000
-->8--
         10      15 
      5      23       1
     21      18      19 
  6       2       3       4
 16      20      24      22
     14      12       7 
      9      11       8
         13      17 
--8<--
found: sum=  0.0000 var=  0.0000 fitness=  0.0000
-->8--
         15       1 
      7       9      21
     20      11      24 
 16      17      13      12
  2      10       5       3
     14      23      22 
     18       6      19
          8       4 
--8<--
execution time: real 0.091408s user 0.010998s sys 0.000000s
GA: P=50 K=25 sp=3 xover=2D/1
generation #0: pop m= 76.489 v=  0.184 f= 74.534 best_age=0
best: sum= 84.5714 var=  0.2449 fitness= 82.1471
-->8--
         14      19 
      8      22       2
     16       6      20 
  9      18      15      11
  5      13      12      10
     23      21      17 
      3      24       4
          1       7 
--8<--
found: sum= 77.0000 var=  0.0000 fitness= 77.0000
-->8--
         18      21 
     14      17       7
     10      12      19 
 22       6       1       8
 13      23      24       9
      3      11      16 
      5      20       2
         15       4 
--8<--
found: sum= 77.0000 var=  0.0000 fitness= 77.0000
-->8--
         16      12 
     13      18       1
     11      17      23 
 24       2       6       8
 21      10      20      15
      9      22       5 
      3      19       4
         14       7 
--8<--
found: sum= 71.0000 var=  0.0000 fitness= 71.0000
-->8--
         13      19 
     23      21      14
     10       1       9 
 15       3       7      24
 17      18      22       4
      8      20       5 
     12       2      16
         11       6 
--8<--
found: sum= 79.0000 var=  0.0000 fitness= 79.0000
-->8--
         10      15 
      5      23       1
     21      18      19 
  6       2       3       4
 16      20      24      22
     14      12       7 
      9      11       8
         13      17 
--8<--
found: sum= 79.0000 var=  0.0000 fitness= 79.0000
-->8--
         15       1 
      7       9      21
     20      11      24 
 16      17      13      12
  2      10       5       3
     14      23      22 
     18       6      19
          8       4 
--8<--
