found: sum= 71.0000 var=  0.0000 fitness= 71.0000 age=0
-->8--
         21      20 
     22       5      10
      9      13       4 
 14       1      19       7
  8      24       2      23
     15      12      16 
      3       6      17
         11      18 
--8<--
found: sum= 77.0000 var=  0.0000 fitness= 77.0000 age=0
-->8--
          1      19 
     21      23       2
     22       3      14 
 13       7      16      20
  6      24       9       8
      5      18      10 
      4      11      12
         15      17 
--8<--
found: sum= 79.0000 var=  0.0000 fitness= 79.0000 age=0
-->8--
          2       7 
      4      22      15
     19      14       9 
 16      18      12      23
  1       5      24       3
     20       6       8 
     10      17      11
         21      13 
--8<--
found: sum= 74.0000 var=  0.0000 fitness= 74.0000 age=0
-->8--
         12       2 
     14       9      16
      4      24      13 
 15      11      10       7
 21       6       3      19
     17      20      22 
      8       5       1
         18      23 
--8<--
found: sum= 76.0000 var=  0.0000 fitness= 76.0000 age=0
-->8--
         21      14 
     20      10       4
      2       8      24 
 12      15      16      17
 23      11       7       3
     13      19       9 
      5      22       1
          6      18 
--8<--
found: sum= 79.0000 var=  0.0000 fitness= 79.0000 age=0
-->8--
          7      10 
     20      11       1
     19      16      18 
  9       6      23      13
 22       2       8       3
     21      24      14 
     15      12      17
          5       4 
--8<--
found: sum= 76.0000 var=  0.0000 fitness= 76.0000 age=0
-->8--
          8       1 
     12       4      21
     22       7      24 
  2      23      19      13
 11       3       6       9
     15      18       5 
     16      10      17
         14      20 
--8<--
found: sum= 80.0000 var=  0.0000 fitness= 80.0000 age=0
-->8--
         14       3 
      1      23      18
     24       8       9 
 17      10      19      13
  2      11      12      21
     16      20       6 
      4      22      15
          7       5 
--8<--
found: sum= 78.0000 var=  0.0000 fitness= 78.0000 age=0
-->8--
          1       2 
     10       6      21
     23      16      24 
 13      22       9      19
 12       3       8       4
      5      20      14 
     15      18       7
         17      11 
--8<--
found: sum= 79.0000 var=  0.0000 fitness= 79.0000 age=0
-->8--
         16       4 
      1      19      17
     20      21       3 
 11       2      15      18
 14      10       7      13
     22      24      23 
      6       8       5
          9      12 
--8<--
found: sum= 75.0000 var=  0.0000 fitness= 75.0000 age=0
-->8--
         13      19 
     24       6       9
      7      15      23 
 11      10       3       1
 16      17      22      21
     14       8       5 
      4      20       2
         12      18 
--8<--
found: sum= 77.0000 var=  0.0000 fitness= 77.0000 age=0
-->8--
         11      10 
      2      14      15
     19      13      20 
 16      18       5       6
  7       8      21       3
      9      12      22 
     23       1       4
         24      17 
--8<--
found: sum= 76.0000 var=  0.0000 fitness= 76.0000 age=0
-->8--
         12       6 
     15      18      16
      4       7      24 
  2      20       5      23
 17      11      14       1
     22      19       9 
      8       3      10
         13      21 
--8<--
found: sum= 76.0000 var=  0.0000 fitness= 76.0000 age=0
-->8--
         19      11 
     17       1      12
      5      24       8 
 16      10      20       4
 13       9       7      15
     23       6      22 
      3      21      18
         14       2 
--8<--
found: sum= 74.0000 var=  0.0000 fitness= 74.0000 age=0
-->8--
          8      17 
     16      11       1
      5      22      10 
  2      12      13       3
 18      14       9      24
     23       4      15 
     20       6      19
          7      21 
--8<--
found: sum= 73.0000 var=  0.0000 fitness= 73.0000 age=0
-->8--
         19       9 
      8       1      24
     22      11      23 
 13      12       5      16
  3      21      18       4
      2       6       7 
     20      10      17
         14      15 
--8<--
found: sum= 73.0000 var=  0.0000 fitness= 73.0000 age=0
-->8--
         23       5 
     21       7      15
      1       8      22 
 18      13      16      14
  2      20      12       3
     19       4       6 
     11      10      17
          9      24 
--8<--
found: sum= 77.0000 var=  0.0000 fitness= 77.0000 age=0
-->8--
          7       2 
      1      22      13
     17      14      11 
  3      16      15      10
 21       8       4      19
     12      20      18 
     23       5       6
          9      24 
--8<--
found: sum= 76.0000 var=  0.0000 fitness= 76.0000 age=0
-->8--
          9      10 
      7       3      20
     16      24       4 
 12      17      15      19
  2       8      11      13
     21       1      14 
     18      22       5
          6      23 
--8<--
found: sum= 75.0000 var=  0.0000 fitness= 75.0000 age=0
-->8--
         13       7 
     19      14       5
      3      22      18 
 12       4       9       2
 21      11      23       8
     24       6      15 
     16       1      10
         17      20 
--8<--
found: sum= 72.0000 var=  0.0000 fitness= 72.0000 age=0
-->8--
         11       6 
     20      23      24
      3       7       2 
 15       8      10      21
 22      19      16      14
      5      12       9 
      1      18       4
         17      13 
--8<--
found: sum= 77.0000 var=  0.0000 fitness= 77.0000 age=0
-->8--
          1       6 
      7       9      18
     23      15      19 
 13      22      10      16
  3      14       4      17
      2      12      11 
     20      21       5
          8      24 
--8<--
found: sum= 76.0000 var=  0.0000 fitness= 76.0000 age=0
-->8--
          8      15 
      7       2      19
     21      24      11 
  9      14       5      23
  6      10      20       4
     16       3      13 
     12      17      22
         18       1 
--8<--
found: sum= 74.0000 var=  0.0000 fitness= 74.0000 age=0
-->8--
         16      22 
      9       3      13
      8      23       6 
 21      15       7      14
  2       4      20      10
     24       5      17 
     18      12      19
         11       1 
--8<--
found: sum= 74.0000 var=  0.0000 fitness= 74.0000 age=0
-->8--
         13      15 
     20      23      18
     10       2       4 
 19       6      12      11
  7      24       9      16
      8      21      22 
      1       3       5
         17      14 
--8<--
found: sum= 77.0000 var=  0.0000 fitness= 77.0000 age=0
-->8--
         10      18 
      1      24      12
     22      13       2 
  6       7       8      20
 21      16      19      11
      5      14      17 
     23      15       9
          4       3 
--8<--
found: sum= 74.0000 var=  0.0000 fitness= 74.0000 age=0
-->8--
         20      11 
      4       6      23
     19       7      15 
 21      18      12       9
  5       1      22      13
     10      14       3 
     24      17      16
          8       2 
--8<--
found: sum= 72.0000 var=  0.0000 fitness= 72.0000 age=0
-->8--
         14       4 
     18       2      17
     15       7      23 
 24      16      19       6
 11       5      12       3
      1      13       9 
     21      10       8
         22      20 
--8<--
found: sum= 80.0000 var=  0.0000 fitness= 80.0000 age=0
-->8--
         23       5 
      1      13      11
     15      22      20 
 16       6       9      18
  3      19      14      12
     21      10       7 
      4      24       8
          2      17 
--8<--
found: sum= 74.0000 var=  0.0000 fitness= 74.0000 age=0
-->8--
         11      23 
     16       8       7
      6      15       2 
 22      18      19      21
 10       5      14       1
     13       3      17 
     20      24       4
          9      12 
--8<--
found: sum= 77.0000 var=  0.0000 fitness= 77.0000 age=0
-->8--
         24       9 
     17      15      14
     12       2      19 
  1       7      18       8
 21      23       5      11
     13      22      16 
      3      10       4
          6      20 
--8<--
found: sum= 77.0000 var=  0.0000 fitness= 77.0000 age=0
-->8--
          2       3 
     17      23      22
     14       1      18 
 12      20      10      24
  7       9      16       5
     15      21       4 
     13      11       6
          8      19 
--8<--
found: sum= 75.0000 var=  0.0000 fitness= 75.0000 age=0
-->8--
         22       6 
     14      13      11
      3      18      10 
  8       5      17      12
 20      16      15      19
     23       4       2 
      1      24      21
          7       9 
--8<--
found: sum= 76.0000 var=  0.0000 fitness= 76.0000 age=0
-->8--
         24      18 
      8       9      14
     20       3      13 
 11      12      19       5
  1      17      21       2
     15       4      16 
     10       7       6
         23      22 
--8<--
found: sum= 79.0000 var=  0.0000 fitness= 79.0000 age=0
-->8--
          5      10 
      8      22      19
     23       1      14 
 12      20      13      21
  7      15       6       9
      2      24      16 
     17      18      11
          3       4 
--8<--
found: sum= 76.0000 var=  0.0000 fitness= 76.0000 age=0
-->8--
         13       2 
     16      22      10
      6      14       8 
 19       5      20       3
 23      12      21       9
     11       4      15 
      7      18      17
         24       1 
--8<--
found: sum= 78.0000 var=  0.0000 fitness= 78.0000 age=0
-->8--
          8       2 
     14      22      24
     13       9       3 
 23      12      18       5
  6       7      21      15
     17      11      16 
     20      19       1
          4      10 
--8<--
found: sum= 73.0000 var=  0.0000 fitness= 73.0000 age=0
-->8--
          9      20 
     22      10      16
     14       3      17 
 12      15       7       4
  8      18      11      21
      6      19      13 
     24       5      23
          1       2 
--8<--
found: sum= 74.0000 var=  0.0000 fitness= 74.0000 age=0
-->8--
          9       4 
      8       7      15
     12      22       3 
 18      16      23      21
 13       5       2       1
     10       6      24 
     19      14      17
         20      11 
--8<--
found: sum= 74.0000 var=  0.0000 fitness= 74.0000 age=0
-->8--
          7       2 
     22       4      24
      6      16       5 
  9      19      23      11
  8      12       1      13
     20       3      21 
     15      14      18
         10      17 
--8<--
found: sum= 76.0000 var=  0.0000 fitness= 76.0000 age=0
-->8--
          1       6 
      3      13      10
     21      24      16 
  8      14       7      12
  5      11      18      19
     17       2       4 
     15       9      23
         22      20 
--8<--
found: sum= 79.0000 var=  0.0000 fitness= 79.0000 age=0
-->8--
         12       6 
      5       8      13
     24      21      15 
 11       9      16       2
 10      18       1      23
      7      14      22 
      4      19      20
         17       3 
--8<--
found: sum= 78.0000 var=  0.0000 fitness= 78.0000 age=0
-->8--
          5       9 
      7      21      16
     19       8       4 
 10      18      20      15
  6      12       3      14
     13      17      22 
      2      11      24
         23       1 
--8<--
found: sum= 81.0000 var=  0.0000 fitness= 81.0000 age=0
-->8--
          6      15 
     10      24       7
     23       5      16 
  8      13      14      21
  3      12      18       1
     22      19      11 
     17       9      20
          2       4 
--8<--
found: sum= 75.0000 var=  0.0000 fitness= 75.0000 age=0
-->8--
         12      24 
     14      16       8
     23       3      11 
 15       7      13      19
  2      22      10       4
      6      20      18 
     21       1      17
          5       9 
--8<--
found: sum= 73.0000 var=  0.0000 fitness= 73.0000 age=0
-->8--
         22      18 
      9      21      10
      6       1       7 
  2      14      16       3
 19      17      13      23
     15      12      11 
     20       5      24
          4       8 
--8<--
found: sum= 78.0000 var=  0.0000 fitness= 78.0000 age=0
-->8--
          5      15 
      8      19       6
     21      16      20 
  4       9       2      23
 14      17      22       1
     13      12      10 
     11       7       3
         18      24 
--8<--
found: sum= 77.0000 var=  0.0000 fitness= 77.0000 age=0
-->8--
         22      21 
     11      10       2
      6      19      24 
 17       9       1      16
  7      15      20      12
     23      13       4 
      5      18      14
          3       8 
--8<--
found: sum= 71.0000 var=  0.0000 fitness= 71.0000 age=0
-->8--
         22       6 
      7       4      24
      5      18       3 
 21      15      16      17
  2       9      12      10
     19       1      13 
      8      11      14
         23      20 
--8<--
found: sum= 81.0000 var=  0.0000 fitness= 81.0000 age=0
-->8--
          1      21 
     18       7       3
     20      19      23 
  6      16       8      13
 10      12       4       9
     17      22      24 
      5      14       2
         11      15 
--8<--
found: sum= 75.0000 var=  0.0000 fitness= 75.0000 age=0
-->8--
         19      10 
     24       4       3
      9      17      21 
 23       2      20      12
 13       6      14       7
     22      16       1 
      5      18      11
          8      15 
--8<--
found: sum= 75.0000 var=  0.0000 fitness= 75.0000 age=0
-->8--
         14       3 
     20      17       9
     10      12      21 
 22       2      13      23
  7      16       8       6
     18      24       4 
     11       5      19
          1      15 
--8<--
found: sum= 78.0000 var=  0.0000 fitness= 78.0000 age=0
-->8--
          9       5 
     19      16       2
     21      10      23 
 13       3      22      14
  4      20      12       1
     17      11       6 
      8       7      18
         15      24 
--8<--
found: sum= 74.0000 var=  0.0000 fitness= 74.0000 age=0
-->8--
         16      12 
     11       1      14
     18      24      21 
  9       4       2      23
 13       8      17       6
     22      19       5 
      7       3      20
         15      10 
--8<--
found: sum= 80.0000 var=  0.0000 fitness= 80.0000 age=0
-->8--
         24       8 
      7       9      11
     20      15      21 
 17       5      16       4
  3      22      10       6
     13      12      23 
     18      14      19
          1       2 
--8<--
found: sum= 75.0000 var=  0.0000 fitness= 75.0000 age=0
-->8--
          1      19 
     10      13       2
     24      15      17 
  8      12       9      16
  6      11       7      23
     14      21       3 
     20       4      18
          5      22 
--8<--
found: sum= 78.0000 var=  0.0000 fitness= 78.0000 age=0
-->8--
          1       9 
     19       3       6
     13      22      24 
 12      20      14       8
 16       7       4       5
     10      11      23 
     18      17      21
         15       2 
--8<--
found: sum= 71.0000 var=  0.0000 fitness= 71.0000 age=0
-->8--
         24       3 
     11      16      15
      1       6      17 
 20      13      14      22
 21      12       7       2
      4      19       9 
     18       8       5
         10      23 
--8<--
found: sum= 75.0000 var=  0.0000 fitness= 75.0000 age=0
-->8--
         18       8 
     20      15       3
      7      14      16 
  6       1      19       5
 23      17      22       9
     21       2       4 
     13      12      24
         10      11 
--8<--
found: sum= 78.0000 var=  0.0000 fitness= 78.0000 age=0
-->8--
         15      11 
      3      19       2
     20      16       7 
 18       5      23      24
 10      12       1      14
     13      21       9 
      4      22       8
          6      17 
--8<--
found: sum= 76.0000 var=  0.0000 fitness= 76.0000 age=0
-->8--
          5       6 
     14      19      23
      9      11       7 
 24      18      10      17
  3      20      13       8
      2       4      21 
     12      22       1
         16      15 
--8<--
found: sum= 79.0000 var=  0.0000 fitness= 79.0000 age=0
-->8--
         23       1 
      2       4      15
     16      20      22 
  9      14      17       3
  6      10      11       5
     24       7      21 
     12       8      13
         18      19 
--8<--
found: sum= 76.0000 var=  0.0000 fitness= 76.0000 age=0
-->8--
          8      22 
      9      23       1
      3      13       7 
  5      20      10      15
 12      17       2      18
     19      14      24 
     16       4      11
          6      21 
--8<--
found: sum= 76.0000 var=  0.0000 fitness= 76.0000 age=0
-->8--
          5       8 
     23      16       9
      2      12      24 
 22      18       7       4
  3      10      15      20
     21      14       6 
      1      11      17
         19      13 
--8<--
found: sum= 81.0000 var=  0.0000 fitness= 81.0000 age=0
-->8--
          5       6 
     19      21      16
     22      10      13 
 18       4      15      17
  1      24      20       2
     12       8      14 
     11      23       7
          3       9 
--8<--
found: sum= 71.0000 var=  0.0000 fitness= 71.0000 age=0
-->8--
         12       5 
     18       9      24
      3      15       7 
 21      14      11       6
 16       4      17       8
     13      10      22 
     23       1       2
         20      19 
--8<--
found: sum= 81.0000 var=  0.0000 fitness= 81.0000 age=0
-->8--
         14      17 
      3      23      12
     15       4       9 
  7      22      16      20
 13       5      10       8
     19      24      18 
     11      21       6
          1       2 
--8<--
found: sum= 77.0000 var=  0.0000 fitness= 77.0000 age=0
-->8--
         22      18 
      2       3      16
     19      17       8 
  1      14      15      11
  9      13      12       7
     21       6      24 
      4      10      20
         23       5 
--8<--
found: sum= 71.0000 var=  0.0000 fitness= 71.0000 age=0
-->8--
         18      10 
      1       7      16
     21      22       3 
 14       2      13      15
  6      20       9      19
      8       5      12 
     11       4      24
         23      17 
--8<--
found: sum= 77.0000 var=  0.0000 fitness= 77.0000 age=0
-->8--
          8       3 
     19      15       5
      7      24      20 
  9       4      10       1
 13      21      12      16
     23       6      18 
     11       2      17
         14      22 
--8<--
found: sum= 78.0000 var=  0.0000 fitness= 78.0000 age=0
-->8--
         16      10 
      8      23      12
      5      11       3 
 14      15      19       6
  2      20       9      17
     22       4      24 
     18      13       7
          1      21 
--8<--
found: sum= 76.0000 var=  0.0000 fitness= 76.0000 age=0
-->8--
         17      12 
      4      23       8
     15       6       3 
 22      11      24      16
  9      14       2      18
      5      19      13 
      7      21       1
         10      20 
--8<--
found: sum= 80.0000 var=  0.0000 fitness= 80.0000 age=0
-->8--
          8      17 
     22       7      14
     13       6      21 
  5      24      15       2
 10      12       4      18
     16      19      20 
      9      23      11
          1       3 
--8<--
found: sum= 73.0000 var=  0.0000 fitness= 73.0000 age=0
-->8--
         14       8 
     10       1      22
     24      17       6 
 11       7      19      18
 15      12       5      16
      4      13       9 
     20      21       2
          3      23 
--8<--
found: sum= 80.0000 var=  0.0000 fitness= 80.0000 age=0
-->8--
         13       5 
      4      19      12
      3      18      11 
  8      23      15       2
 16       6      17      14
     24       1      21 
      7      22       9
         20      10 
--8<--
found: sum= 80.0000 var=  0.0000 fitness= 80.0000 age=0
-->8--
          7      11 
     23      21      20
     19       1       5 
  8       9      22      14
 12      17      13      10
     15      18      16 
      4      24       3
          2       6 
--8<--
found: sum= 84.0000 var=  0.0000 fitness= 84.0000 age=0
-->8--
          8      10 
      2      23       9
     24       6      19 
 13      21      17       1
  5       3      15      12
     18      22      20 
     11      16       7
         14       4 
--8<--
found: sum= 76.0000 var=  0.0000 fitness= 76.0000 age=0
-->8--
          5      13 
      2      19      16
     23       3       7 
  4      24      18      22
 10       9       1      20
      6      21       8 
     11      17      14
         12      15 
--8<--
found: sum= 79.0000 var=  0.0000 fitness= 79.0000 age=0
-->8--
          1      15 
     16       5      11
     18      17      24 
 12      22       7      10
  2       4       6      13
     21      23      19 
      9       8       3
         14      20 
--8<--
found: sum= 77.0000 var=  0.0000 fitness= 77.0000 age=0
-->8--
         12       7 
      4      24      22
     13       3       6 
  8      21      15      18
 11       1      17      16
     23      20       5 
     10      14      19
          9       2 
--8<--
found: sum= 76.0000 var=  0.0000 fitness= 76.0000 age=0
-->8--
          6      22 
      8      17       1
     10      11      23 
 15      24       2       3
  9      14      13      16
      4      12      19 
     21       7      20
         18       5 
--8<--
execution time: real 0.243672s user 0.220966s sys 0.001999s
GA: P=1024 K=512 sp=2 xover=2D/1 aging
generation #2: pop m= 76.812 v=0.200 f= 74.759
best: found: sum= 84.0000 var=  0.0000 fitness= 84.0000 age=1
-->8--
          8      10 
      2      23       9
     24       6      19 
 13      21      17       1
  5       3      15      12
     18      22      20 
     11      16       7
         14       4 
--8<--
found: sum= 78.0000 var=  0.0000 fitness= 78.0000 age=1
-->8--
         16      10 
      8      23      12
      5      11       3 
 14      15      19       6
  2      20       9      17
     22       4      24 
     18      13       7
          1      21 
--8<--
found: sum= 73.0000 var=  0.0000 fitness= 73.0000 age=2
-->8--
         19       9 
      8       1      24
     22      11      23 
 13      12       5      16
  3      21      18       4
      2       6       7 
     20      10      17
         14      15 
--8<--
found: sum= 75.0000 var=  0.0000 fitness= 75.0000 age=1
-->8--
         18       8 
     20      15       3
      7      14      16 
  6       1      19       5
 23      17      22       9
     21       2       4 
     13      12      24
         10      11 
--8<--
found: sum= 77.0000 var=  0.0000 fitness= 77.0000 age=2
-->8--
          7       2 
      1      22      13
     17      14      11 
  3      16      15      10
 21       8       4      19
     12      20      18 
     23       5       6
          9      24 
--8<--
found: sum= 72.0000 var=  0.0000 fitness= 72.0000 age=2
-->8--
         11       6 
     20      23      24
      3       7       2 
 15       8      10      21
 22      19      16      14
      5      12       9 
      1      18       4
         17      13 
--8<--
found: sum= 76.0000 var=  0.0000 fitness= 76.0000 age=2
-->8--
          1       6 
      3      13      10
     21      24      16 
  8      14       7      12
  5      11      18      19
     17       2       4 
     15       9      23
         22      20 
--8<--
found: sum= 76.0000 var=  0.0000 fitness= 76.0000 age=1
-->8--
          5       6 
     14      19      23
      9      11       7 
 24      18      10      17
  3      20      13       8
      2       4      21 
     12      22       1
         16      15 
--8<--
found: sum= 75.0000 var=  0.0000 fitness= 75.0000 age=2
-->8--
         13      19 
     24       6       9
      7      15      23 
 11      10       3       1
 16      17      22      21
     14       8       5 
      4      20       2
         12      18 
--8<--
found: sum= 76.0000 var=  0.0000 fitness= 76.0000 age=1
-->8--
          6      22 
      8      17       1
     10      11      23 
 15      24       2       3
  9      14      13      16
      4      12      19 
     21       7      20
         18       5 
--8<--
found: sum= 75.0000 var=  0.0000 fitness= 75.0000 age=1
-->8--
         12      24 
     14      16       8
     23       3      11 
 15       7      13      19
  2      22      10       4
      6      20      18 
     21       1      17
          5       9 
--8<--
found: sum= 80.0000 var=  0.0000 fitness= 80.0000 age=1
-->8--
          7      11 
     23      21      20
     19       1       5 
  8       9      22      14
 12      17      13      10
     15      18      16 
      4      24       3
          2       6 
--8<--
found: sum= 77.0000 var=  0.0000 fitness= 77.0000 age=2
-->8--
         10      18 
      1      24      12
     22      13       2 
  6       7       8      20
 21      16      19      11
      5      14      17 
     23      15       9
          4       3 
--8<--
found: sum= 78.0000 var=  0.0000 fitness= 78.0000 age=2
-->8--
          1       2 
     10       6      21
     23      16      24 
 13      22       9      19
 12       3       8       4
      5      20      14 
     15      18       7
         17      11 
--8<--
found: sum= 74.0000 var=  0.0000 fitness= 74.0000 age=1
-->8--
         16      12 
     11       1      14
     18      24      21 
  9       4       2      23
 13       8      17       6
     22      19       5 
      7       3      20
         15      10 
--8<--
found: sum= 81.0000 var=  0.0000 fitness= 81.0000 age=1
-->8--
         14      17 
      3      23      12
     15       4       9 
  7      22      16      20
 13       5      10       8
     19      24      18 
     11      21       6
          1       2 
--8<--
found: sum= 80.0000 var=  0.0000 fitness= 80.0000 age=1
-->8--
          8      17 
     22       7      14
     13       6      21 
  5      24      15       2
 10      12       4      18
     16      19      20 
      9      23      11
          1       3 
--8<--
found: sum= 76.0000 var=  0.0000 fitness= 76.0000 age=2
-->8--
         21      14 
     20      10       4
      2       8      24 
 12      15      16      17
 23      11       7       3
     13      19       9 
      5      22       1
          6      18 
--8<--
found: sum= 74.0000 var=  0.0000 fitness= 74.0000 age=2
-->8--
          8      17 
     16      11       1
      5      22      10 
  2      12      13       3
 18      14       9      24
     23       4      15 
     20       6      19
          7      21 
--8<--
found: sum= 74.0000 var=  0.0000 fitness= 74.0000 age=2
-->8--
         16      22 
      9       3      13
      8      23       6 
 21      15       7      14
  2       4      20      10
     24       5      17 
     18      12      19
         11       1 
--8<--
found: sum= 75.0000 var=  0.0000 fitness= 75.0000 age=1
-->8--
         19      10 
     24       4       3
      9      17      21 
 23       2      20      12
 13       6      14       7
     22      16       1 
      5      18      11
          8      15 
--8<--
found: sum= 77.0000 var=  0.0000 fitness= 77.0000 age=1
-->8--
         22      18 
      2       3      16
     19      17       8 
  1      14      15      11
  9      13      12       7
     21       6      24 
      4      10      20
         23       5 
--8<--
found: sum= 78.0000 var=  0.0000 fitness= 78.0000 age=1
-->8--
          9       5 
     19      16       2
     21      10      23 
 13       3      22      14
  4      20      12       1
     17      11       6 
      8       7      18
         15      24 
--8<--
found: sum= 79.0000 var=  0.0000 fitness= 79.0000 age=2
-->8--
          5      10 
      8      22      19
     23       1      14 
 12      20      13      21
  7      15       6       9
      2      24      16 
     17      18      11
          3       4 
--8<--
found: sum= 79.0000 var=  0.0000 fitness= 79.0000 age=1
-->8--
          1      15 
     16       5      11
     18      17      24 
 12      22       7      10
  2       4       6      13
     21      23      19 
      9       8       3
         14      20 
--8<--
found: sum= 71.0000 var=  0.0000 fitness= 71.0000 age=2
-->8--
         21      20 
     22       5      10
      9      13       4 
 14       1      19       7
  8      24       2      23
     15      12      16 
      3       6      17
         11      18 
--8<--
found: sum= 73.0000 var=  0.0000 fitness= 73.0000 age=2
-->8--
         23       5 
     21       7      15
      1       8      22 
 18      13      16      14
  2      20      12       3
     19       4       6 
     11      10      17
          9      24 
--8<--
found: sum= 76.0000 var=  0.0000 fitness= 76.0000 age=2
-->8--
         12       6 
     15      18      16
      4       7      24 
  2      20       5      23
 17      11      14       1
     22      19       9 
      8       3      10
         13      21 
--8<--
found: sum= 74.0000 var=  0.0000 fitness= 74.0000 age=2
-->8--
          7       2 
     22       4      24
      6      16       5 
  9      19      23      11
  8      12       1      13
     20       3      21 
     15      14      18
         10      17 
--8<--
found: sum= 76.0000 var=  0.0000 fitness= 76.0000 age=2
-->8--
         19      11 
     17       1      12
      5      24       8 
 16      10      20       4
 13       9       7      15
     23       6      22 
      3      21      18
         14       2 
--8<--
found: sum= 78.0000 var=  0.0000 fitness= 78.0000 age=2
-->8--
          8       2 
     14      22      24
     13       9       3 
 23      12      18       5
  6       7      21      15
     17      11      16 
     20      19       1
          4      10 
--8<--
found: sum= 76.0000 var=  0.0000 fitness= 76.0000 age=1
-->8--
          5      13 
      2      19      16
     23       3       7 
  4      24      18      22
 10       9       1      20
      6      21       8 
     11      17      14
         12      15 
--8<--
found: sum= 78.0000 var=  0.0000 fitness= 78.0000 age=1
-->8--
         15      11 
      3      19       2
     20      16       7 
 18       5      23      24
 10      12       1      14
     13      21       9 
      4      22       8
          6      17 
--8<--
found: sum= 75.0000 var=  0.0000 fitness= 75.0000 age=2
-->8--
         13       7 
     19      14       5
      3      22      18 
 12       4       9       2
 21      11      23       8
     24       6      15 
     16       1      10
         17      20 
--8<--
found: sum= 74.0000 var=  0.0000 fitness= 74.0000 age=2
-->8--
         20      11 
      4       6      23
     19       7      15 
 21      18      12       9
  5       1      22      13
     10      14       3 
     24      17      16
          8       2 
--8<--
found: sum= 81.0000 var=  0.0000 fitness= 81.0000 age=1
-->8--
          6      15 
     10      24       7
     23       5      16 
  8      13      14      21
  3      12      18       1
     22      19      11 
     17       9      20
          2       4 
--8<--
found: sum= 71.0000 var=  0.0000 fitness= 71.0000 age=1
-->8--
         18      10 
      1       7      16
     21      22       3 
 14       2      13      15
  6      20       9      19
      8       5      12 
     11       4      24
         23      17 
--8<--
found: sum= 74.0000 var=  0.0000 fitness= 74.0000 age=2
-->8--
         12       2 
     14       9      16
      4      24      13 
 15      11      10       7
 21       6       3      19
     17      20      22 
      8       5       1
         18      23 
--8<--
found: sum= 77.0000 var=  0.0000 fitness= 77.0000 age=1
-->8--
         22      21 
     11      10       2
      6      19      24 
 17       9       1      16
  7      15      20      12
     23      13       4 
      5      18      14
          3       8 
--8<--
found: sum= 80.0000 var=  0.0000 fitness= 80.0000 age=1
-->8--
         24       8 
      7       9      11
     20      15      21 
 17       5      16       4
  3      22      10       6
     13      12      23 
     18      14      19
          1       2 
--8<--
found: sum= 76.0000 var=  0.0000 fitness= 76.0000 age=2
-->8--
         24      18 
      8       9      14
     20       3      13 
 11      12      19       5
  1      17      21       2
     15       4      16 
     10       7       6
         23      22 
--8<--
found: sum= 77.0000 var=  0.0000 fitness= 77.0000 age=2
-->8--
          2       3 
     17      23      22
     14       1      18 
 12      20      10      24
  7       9      16       5
     15      21       4 
     13      11       6
          8      19 
--8<--
found: sum= 77.0000 var=  0.0000 fitness= 77.0000 age=2
-->8--
          1      19 
     21      23       2
     22       3      14 
 13       7      16      20
  6      24       9       8
      5      18      10 
      4      11      12
         15      17 
--8<--
found: sum= 79.0000 var=  0.0000 fitness= 79.0000 age=1
-->8--
         23       1 
      2       4      15
     16      20      22 
  9      14      17       3
  6      10      11       5
     24       7      21 
     12       8      13
         18      19 
--8<--
found: sum= 76.0000 var=  0.0000 fitness= 76.0000 age=1
-->8--
          5       8 
     23      16       9
      2      12      24 
 22      18       7       4
  3      10      15      20
     21      14       6 
      1      11      17
         19      13 
--8<--
found: sum= 73.0000 var=  0.0000 fitness= 73.0000 age=1
-->8--
         14       8 
     10       1      22
     24      17       6 
 11       7      19      18
 15      12       5      16
      4      13       9 
     20      21       2
          3      23 
--8<--
found: sum= 76.0000 var=  0.0000 fitness= 76.0000 age=1
-->8--
         17      12 
      4      23       8
     15       6       3 
 22      11      24      16
  9      14       2      18
      5      19      13 
      7      21       1
         10      20 
--8<--
found: sum= 78.0000 var=  0.0000 fitness= 78.0000 age=1
-->8--
          1       9 
     19       3       6
     13      22      24 
 12      20      14       8
 16       7       4       5
     10      11      23 
     18      17      21
         15       2 
--8<--
found: sum= 77.0000 var=  0.0000 fitness= 77.0000 age=2
-->8--
         24       9 
     17      15      14
     12       2      19 
  1       7      18       8
 21      23       5      11
     13      22      16 
      3      10       4
          6      20 
--8<--
found: sum= 73.0000 var=  0.0000 fitness= 73.0000 age=1
-->8--
         22      18 
      9      21      10
      6       1       7 
  2      14      16       3
 19      17      13      23
     15      12      11 
     20       5      24
          4       8 
--8<--
found: sum= 79.0000 var=  0.0000 fitness= 79.0000 age=2
-->8--
          7      10 
     20      11       1
     19      16      18 
  9       6      23      13
 22       2       8       3
     21      24      14 
     15      12      17
          5       4 
--8<--
found: sum= 71.0000 var=  0.0000 fitness= 71.0000 age=1
-->8--
         12       5 
     18       9      24
      3      15       7 
 21      14      11       6
 16       4      17       8
     13      10      22 
     23       1       2
         20      19 
--8<--
found: sum= 76.0000 var=  0.0000 fitness= 76.0000 age=2
-->8--
          8      15 
      7       2      19
     21      24      11 
  9      14       5      23
  6      10      20       4
     16       3      13 
     12      17      22
         18       1 
--8<--
found: sum= 78.0000 var=  0.0000 fitness= 78.0000 age=1
-->8--
          5      15 
      8      19       6
     21      16      20 
  4       9       2      23
 14      17      22       1
     13      12      10 
     11       7       3
         18      24 
--8<--
found: sum= 80.0000 var=  0.0000 fitness= 80.0000 age=2
-->8--
         23       5 
      1      13      11
     15      22      20 
 16       6       9      18
  3      19      14      12
     21      10       7 
      4      24       8
          2      17 
--8<--
found: sum= 77.0000 var=  0.0000 fitness= 77.0000 age=1
-->8--
          8       3 
     19      15       5
      7      24      20 
  9       4      10       1
 13      21      12      16
     23       6      18 
     11       2      17
         14      22 
--8<--
found: sum= 79.0000 var=  0.0000 fitness= 79.0000 age=2
-->8--
         16       4 
      1      19      17
     20      21       3 
 11       2      15      18
 14      10       7      13
     22      24      23 
      6       8       5
          9      12 
--8<--
found: sum= 77.0000 var=  0.0000 fitness= 77.0000 age=2
-->8--
          1       6 
      7       9      18
     23      15      19 
 13      22      10      16
  3      14       4      17
      2      12      11 
     20      21       5
          8      24 
--8<--
found: sum= 81.0000 var=  0.0000 fitness= 81.0000 age=1
-->8--
          1      21 
     18       7       3
     20      19      23 
  6      16       8      13
 10      12       4       9
     17      22      24 
      5      14       2
         11      15 
--8<--
found: sum= 80.0000 var=  0.0000 fitness= 80.0000 age=1
-->8--
         13       5 
      4      19      12
      3      18      11 
  8      23      15       2
 16       6      17      14
     24       1      21 
      7      22       9
         20      10 
--8<--
found: sum= 74.0000 var=  0.0000 fitness= 74.0000 age=2
-->8--
         11      23 
     16       8       7
      6      15       2 
 22      18      19      21
 10       5      14       1
     13       3      17 
     20      24       4
          9      12 
--8<--
found: sum= 74.0000 var=  0.0000 fitness= 74.0000 age=2
-->8--
          9       4 
      8       7      15
     12      22       3 
 18      16      23      21
 13       5       2       1
     10       6      24 
     19      14      17
         20      11 
--8<--
found: sum= 71.0000 var=  0.0000 fitness= 71.0000 age=1
-->8--
         22       6 
      7       4      24
      5      18       3 
 21      15      16      17
  2       9      12      10
     19       1      13 
      8      11      14
         23      20 
--8<--
found: sum= 72.0000 var=  0.0000 fitness= 72.0000 age=2
-->8--
         14       4 
     18       2      17
     15       7      23 
 24      16      19       6
 11       5      12       3
      1      13       9 
     21      10       8
         22      20 
--8<--
found: sum= 76.0000 var=  0.0000 fitness= 76.0000 age=2
-->8--
          9      10 
      7       3      20
     16      24       4 
 12      17      15      19
  2       8      11      13
     21       1      14 
     18      22       5
          6      23 
--8<--
found: sum= 76.0000 var=  0.0000 fitness= 76.0000 age=2
-->8--
          8       1 
     12       4      21
     22       7      24 
  2      23      19      13
 11       3       6       9
     15      18       5 
     16      10      17
         14      20 
--8<--
found: sum= 81.0000 var=  0.0000 fitness= 81.0000 age=1
-->8--
          5       6 
     19      21      16
     22      10      13 
 18       4      15      17
  1      24      20       2
     12       8      14 
     11      23       7
          3       9 
--8<--
found: sum= 73.0000 var=  0.0000 fitness= 73.0000 age=2
-->8--
          9      20 
     22      10      16
     14       3      17 
 12      15       7       4
  8      18      11      21
      6      19      13 
     24       5      23
          1       2 
--8<--
found: sum= 74.0000 var=  0.0000 fitness= 74.0000 age=2
-->8--
         13      15 
     20      23      18
     10       2       4 
 19       6      12      11
  7      24       9      16
      8      21      22 
      1       3       5
         17      14 
--8<--
found: sum= 80.0000 var=  0.0000 fitness= 80.0000 age=2
-->8--
         14       3 
      1      23      18
     24       8       9 
 17      10      19      13
  2      11      12      21
     16      20       6 
      4      22      15
          7       5 
--8<--
found: sum= 75.0000 var=  0.0000 fitness= 75.0000 age=1
-->8--
          1      19 
     10      13       2
     24      15      17 
  8      12       9      16
  6      11       7      23
     14      21       3 
     20       4      18
          5      22 
--8<--
found: sum= 77.0000 var=  0.0000 fitness= 77.0000 age=1
-->8--
         12       7 
      4      24      22
     13       3       6 
  8      21      15      18
 11       1      17      16
     23      20       5 
     10      14      19
          9       2 
--8<--
found: sum= 71.0000 var=  0.0000 fitness= 71.0000 age=1
-->8--
         24       3 
     11      16      15
      1       6      17 
 20      13      14      22
 21      12       7       2
      4      19       9 
     18       8       5
         10      23 
--8<--
found: sum= 75.0000 var=  0.0000 fitness= 75.0000 age=2
-->8--
         22       6 
     14      13      11
      3      18      10 
  8       5      17      12
 20      16      15      19
     23       4       2 
      1      24      21
          7       9 
--8<--
found: sum= 78.0000 var=  0.0000 fitness= 78.0000 age=1
-->8--
          5       9 
      7      21      16
     19       8       4 
 10      18      20      15
  6      12       3      14
     13      17      22 
      2      11      24
         23       1 
--8<--
found: sum= 77.0000 var=  0.0000 fitness= 77.0000 age=2
-->8--
         11      10 
      2      14      15
     19      13      20 
 16      18       5       6
  7       8      21       3
      9      12      22 
     23       1       4
         24      17 
--8<--
found: sum= 79.0000 var=  0.0000 fitness= 79.0000 age=1
-->8--
         12       6 
      5       8      13
     24      21      15 
 11       9      16       2
 10      18       1      23
      7      14      22 
      4      19      20
         17       3 
--8<--
found: sum= 75.0000 var=  0.0000 fitness= 75.0000 age=1
-->8--
         14       3 
     20      17       9
     10      12      21 
 22       2      13      23
  7      16       8       6
     18      24       4 
     11       5      19
          1      15 
--8<--
found: sum= 76.0000 var=  0.0000 fitness= 76.0000 age=2
-->8--
         13       2 
     16      22      10
      6      14       8 
 19       5      20       3
 23      12      21       9
     11       4      15 
      7      18      17
         24       1 
--8<--
found: sum= 76.0000 var=  0.0000 fitness= 76.0000 age=1
-->8--
          8      22 
      9      23       1
      3      13       7 
  5      20      10      15
 12      17       2      18
     19      14      24 
     16       4      11
          6      21 
--8<--
found: sum= 79.0000 var=  0.0000 fitness= 79.0000 age=2
-->8--
          2       7 
      4      22      15
     19      14       9 
 16      18      12      23
  1       5      24       3
     20       6       8 
     10      17      11
         21      13 
--8<--
