found: sum= 65.0000 var=  0.0000 fitness= 65.0000 age=0
-->8--
         21      11 
     12       4      18
     19       3      14 
  2       6      15       1
  9      13       8       5
     16      20      22 
     10      -1      -1
          7      17 
--8<--
found: sum= 71.0000 var=  0.0000 fitness= 71.0000 age=0
-->8--
         13      23 
      6      18       3
      9      17      11 
 12       8      -1      15
  1      20      22      10
     21       5      14 
     16       7       4
          2      19 
--8<--
found: sum= 74.0000 var=  0.0000 fitness= 74.0000 age=0
-->8--
          4      11 
     23      15      13
      1       9      21 
 19      22       5      10
  2      12       6      24
     18      20       8 
     14       7      16
          3      17 
--8<--
found: sum= 71.0000 var=  0.0000 fitness= 71.0000 age=0
-->8--
         18       7 
     22       5      15
      8      12      19 
 23       6      13      24
  1      16      10       3
     17      14       2 
     11       4      21
          9      20 
--8<--
found: sum= 68.0000 var=  0.0000 fitness= 68.0000 age=0
-->8--
         11      22 
     15      20       4
      7       3       5 
  9      12      14       1
  2      17      16      13
     21       6      19 
      8      18      -1
         -2      10 
--8<--
found: sum= 70.0000 var=  0.0000 fitness= 70.0000 age=0
-->8--
         23      18 
      6      17      15
     10       1      21 
 14      13      -2      19
  2      22      16       5
      9      20      11 
      7       8      12
          4       3 
--8<--
found: sum= 68.0000 var=  0.0000 fitness= 68.0000 age=0
-->8--
         23      19 
     18       6      10
      3       4      20 
 12      14       9      11
  7      17      16      13
     15       8      -1 
      5      22       2
          1      21 
--8<--
found: sum= 72.0000 var=  0.0000 fitness= 72.0000 age=0
-->8--
          6      21 
     22      18       1
      4       3      17 
 10      19      12       7
  2      14      15       5
     23       9      16 
     -2       8      13
         20      11 
--8<--
found: sum= 65.0000 var=  0.0000 fitness= 65.0000 age=0
-->8--
         21      17 
      9      12       2
      5       4      22 
 15      14       8      -2
  1      11      10       7
     19      18      20 
     16      -2       6
          3      13 
--8<--
found: sum= 60.0000 var=  0.0000 fitness= 60.0000 age=0
-->8--
         16      -1 
     10      21      20
      3      -1       8 
 19      11      13      17
  4      14       5      15
      9      18       2 
     12       6       7
          1      22 
--8<--
found: sum= 78.0000 var=  0.0000 fitness= 78.0000 age=0
-->8--
         23      24 
     10      14       7
      5       8      22 
 15      18       3       1
  6      13      16      19
     21      20      17 
      9      11      12
          4       2 
--8<--
found: sum= 75.0000 var=  0.0000 fitness= 75.0000 age=0
-->8--
         24      20 
      5      22       2
      9       1       7 
 11      14      23       8
  4      19       6      15
     18      12      16 
     13       3      17
         10      21 
--8<--
found: sum= 76.0000 var=  0.0000 fitness= 76.0000 age=0
-->8--
         12      18 
     15      17       5
     22       7      23 
 10       3       6      -1
  8      20      21      11
     13      19      16 
      9      14       2
          1       4 
--8<--
found: sum= 76.0000 var=  0.0000 fitness= 76.0000 age=0
-->8--
         12       7 
     20      24      18
      4       5       3 
 21      11      19       1
  2      22      13      17
     16       6      23 
      8      10       9
         14      15 
--8<--
found: sum= 75.0000 var=  0.0000 fitness= 75.0000 age=0
-->8--
         17       1 
      3      18       9
     13      19      21 
 11       5       7      15
  4      22      14       6
     20       8      12 
     10      16       2
         -1      23 
--8<--
found: sum= 80.0000 var=  0.0000 fitness= 80.0000 age=0
-->8--
         16      18 
     20      14       1
     10      15      23 
 24       5       9       8
  6      13      17      11
     22      21      12 
      3      19       4
          2       7 
--8<--
found: sum= 69.0000 var=  0.0000 fitness= 69.0000 age=0
-->8--
         15      16 
     18      13       7
     17       1      12 
 14       5      20       3
  2      23      21       4
      8      -1       9 
     22      11      10
          6      19 
--8<--
found: sum= 73.0000 var=  0.0000 fitness= 73.0000 age=0
-->8--
         19      16 
      7      18       6
      8      12      20 
 21       9       1       2
  3      15      14      13
     17      22      23 
     10       5      -2
          4      11 
--8<--
found: sum= 79.0000 var=  0.0000 fitness= 79.0000 age=0
-->8--
          5       9 
     23      18      20
      8       6      10 
 17      19      16      21
  2      11      12       7
     22      15      13 
      4      24       1
          3      14 
--8<--
found: sum= 76.0000 var=  0.0000 fitness= 76.0000 age=0
-->8--
         13      14 
      1      23       8
     22       5      20 
  9      12       6      11
 -1      19      18      17
     15      16       4 
      2      21       7
          3      10 
--8<--
found: sum= 84.0000 var=  0.0000 fitness= 84.0000 age=0
-->8--
         17      12 
     10      21      11
     22       5      16 
  7       9      19       8
 15      13      14       4
     18      24      23 
      3      20       1
          6       2 
--8<--
found: sum= 72.0000 var=  0.0000 fitness= 72.0000 age=0
-->8--
         16       5 
     12      23      17
     11       3       4 
 13       7      20      21
  1      18      10       9
     22      14       8 
      2      19      15
         -3       6 
--8<--
found: sum= 81.0000 var=  0.0000 fitness= 81.0000 age=0
-->8--
          2       9 
     17      15      13
     20      11      23 
  4      16      10      24
  6      14      12       5
     21      18       7 
      8      19       3
          1      22 
--8<--
found: sum= 81.0000 var=  0.0000 fitness= 81.0000 age=0
-->8--
         14       5 
     12      22      18
     20       2      24 
  6      11      10      15
  4      23      16       7
     17      19       9 
      8      13       3
          1      21 
--8<--
found: sum= 79.0000 var=  0.0000 fitness= 79.0000 age=0
-->8--
          1      13 
     16      23       4
     21       7      15 
  6      11      17       5
  3      18      12       8
     20      14      22 
     -1      19       2
          9      10 
--8<--
execution time: real 1.527674s user 0.031995s sys 0.000999s
GA: P=512 K=256 sp=3 xover=2D/1 aging
generation #10: pop m= 77.436 v=1.341 f= 73.156
best: found: sum= 84.0000 var=  0.0000 fitness= 84.0000 age=1
-->8--
         17      12 
     10      21      11
     22       5      16 
  7       9      19       8
 15      13      14       4
     18      24      23 
      3      20       1
          6       2 
--8<--
found: sum= 76.0000 var=  0.0000 fitness= 76.0000 age=4
-->8--
         12       7 
     20      24      18
      4       5       3 
 21      11      19       1
  2      22      13      17
     16       6      23 
      8      10       9
         14      15 
--8<--
found: sum= 81.0000 var=  0.0000 fitness= 81.0000 age=1
-->8--
         14       5 
     12      22      18
     20       2      24 
  6      11      10      15
  4      23      16       7
     17      19       9 
      8      13       3
          1      21 
--8<--
found: sum= 79.0000 var=  0.0000 fitness= 79.0000 age=1
-->8--
          1      13 
     16      23       4
     21       7      15 
  6      11      17       5
  3      18      12       8
     20      14      22 
     -1      19       2
          9      10 
--8<--
found: sum= 81.0000 var=  0.0000 fitness= 81.0000 age=1
-->8--
          2       9 
     17      15      13
     20      11      23 
  4      16      10      24
  6      14      12       5
     21      18       7 
      8      19       3
          1      22 
--8<--
found: sum= 79.0000 var=  0.0000 fitness= 79.0000 age=2
-->8--
          5       9 
     23      18      20
      8       6      10 
 17      19      16      21
  2      11      12       7
     22      15      13 
      4      24       1
          3      14 
--8<--
found: sum= 72.0000 var=  0.0000 fitness= 72.0000 age=1
-->8--
         16       5 
     12      23      17
     11       3       4 
 13       7      20      21
  1      18      10       9
     22      14       8 
      2      19      15
         -3       6 
--8<--
found: sum= 80.0000 var=  0.0000 fitness= 80.0000 age=3
-->8--
         16      18 
     20      14       1
     10      15      23 
 24       5       9       8
  6      13      17      11
     22      21      12 
      3      19       4
          2       7 
--8<--
found: sum= 76.0000 var=  0.0000 fitness= 76.0000 age=5
-->8--
         12      18 
     15      17       5
     22       7      23 
 10       3       6      -1
  8      20      21      11
     13      19      16 
      9      14       2
          1       4 
--8<--
found: sum= 78.0000 var=  0.0000 fitness= 78.0000 age=5
-->8--
         23      24 
     10      14       7
      5       8      22 
 15      18       3       1
  6      13      16      19
     21      20      17 
      9      11      12
          4       2 
--8<--
found: sum= 76.0000 var=  0.0000 fitness= 76.0000 age=2
-->8--
         13      14 
      1      23       8
     22       5      20 
  9      12       6      11
 -1      19      18      17
     15      16       4 
      2      21       7
          3      10 
--8<--
