found: sum= 81.0000 var=  0.0000 fitness= 81.0000 age=0
-->8--
         11      19 
     12       2      15
     22      18      24 
  4      16       3       1
  6      13      21       9
     20      10      23 
     17      14       8
          7       5 
--8<--
found: sum= 82.0000 var=  0.0000 fitness= 82.0000 age=0
-->8--
          3       2 
     16      24       1
      9      20      23 
  4      10      12      11
 19      18      14       5
     22       8      17 
     13      15      21
          6       7 
--8<--
found: sum= 84.0000 var=  0.0000 fitness= 84.0000 age=0
-->8--
          5      17 
     11      14       2
     21      13      23 
  3      20      15       8
 10       6      18       4
     24      12      16 
     19      22       7
          1       9 
--8<--
found: sum= 85.0000 var=  0.0000 fitness= 85.0000 age=0
-->8--
         13       3 
      2      16      15
     24      12      19 
  7      18      20       4
  5       8      10      11
     23      17      21 
      6      22       1
          9      14 
--8<--
found: sum= 82.0000 var=  0.0000 fitness= 82.0000 age=0
-->8--
          9       4 
      3      24      18
     15      19       6 
 10      12      11      21
  8      17      16       5
     20       7      23 
     14      22       1
          2      13 
--8<--
execution time: real 0.067255s user 0.065989s sys 0.000999s
jsgmd24: M=7 A=2 B=3 P=512 K=256 sp=3 xover=2D/3 mut=6 replace_worst=51 aging explosion=128@0.005000*128 swap=2 hexspin=2
generation #4: pop m= 81.960 v=2.147 f= 75.698
best: found: sum= 85.0000 var=  0.0000 fitness= 85.0000 age=1
-->8--
         13       3 
      2      16      15
     24      12      19 
  7      18      20       4
  5       8      10      11
     23      17      21 
      6      22       1
          9      14 
--8<--
found: sum= 84.0000 var=  0.0000 fitness= 84.0000 age=1
-->8--
          5      17 
     11      14       2
     21      13      23 
  3      20      15       8
 10       6      18       4
     24      12      16 
     19      22       7
          1       9 
--8<--
found: sum= 82.0000 var=  0.0000 fitness= 82.0000 age=1
-->8--
          3       2 
     16      24       1
      9      20      23 
  4      10      12      11
 19      18      14       5
     22       8      17 
     13      15      21
          6       7 
--8<--
found: sum= 82.0000 var=  0.0000 fitness= 82.0000 age=1
-->8--
          9       4 
      3      24      18
     15      19       6 
 10      12      11      21
  8      17      16       5
     20       7      23 
     14      22       1
          2      13 
--8<--
found: sum= 81.0000 var=  0.0000 fitness= 81.0000 age=2
-->8--
         11      19 
     12       2      15
     22      18      24 
  4      16       3       1
  6      13      21       9
     20      10      23 
     17      14       8
          7       5 
--8<--
