found: sum= 66.0000 var=  0.0000 fitness= 66.0000 age=0
-->8--
          4      10 
     16      22      21
     13      -1      11 
  7      12       3      17
  1      14      18       2
     19      20      15 
      6      -1       5
          8       9 
--8<--
found: sum= 64.0000 var=  0.0000 fitness= 64.0000 age=0
-->8--
         22      21 
      4      18       8
     20      -1       5 
 10       1      13       6
  3      19      17      16
     11      15       7 
     -2       9       2
         12      14 
--8<--
found: sum= 68.0000 var=  0.0000 fitness= 68.0000 age=0
-->8--
         14       9 
     23      12      13
     10       5      22 
 21       4       7       3
  2      15      20      18
     16      17      -2 
     11       8       6
          1      19 
--8<--
found: sum= 75.0000 var=  0.0000 fitness= 75.0000 age=0
-->8--
          2       9 
     16       7      11
     14      23      20 
 22      13       5       4
  1       6      10      24
     19      18      12 
     21       3      15
          8      17 
--8<--
found: sum= 78.0000 var=  0.0000 fitness= 78.0000 age=0
-->8--
         19      20 
     21       8      24
     10       3       9 
 11      17      14      12
  2      16      13       7
     22      15      23 
      1      18       5
          6       4 
--8<--
found: sum= 80.0000 var=  0.0000 fitness= 80.0000 age=0
-->8--
         13      17 
     21      11      10
     22       6      16 
 15       7      20      12
  3      24       5       8
      9      18      19 
      4      23       1
          2      14 
--8<--
found: sum= 78.0000 var=  0.0000 fitness= 78.0000 age=0
-->8--
          3      11 
     23      24      16
     15       1       8 
 22      12      18       4
  2       7      21      17
     20      19      10 
      5      13       6
         14       9 
--8<--
found: sum= 76.0000 var=  0.0000 fitness= 76.0000 age=0
-->8--
         12      16 
     20       6       8
     13      21      22 
 19       4       3      11
  9      17       7      23
     14      24      10 
      1      15       2
          5      18 
--8<--
found: sum= 81.0000 var=  0.0000 fitness= 81.0000 age=0
-->8--
          8       6 
     13      15       5
     19      14      24 
  4      12      17      22
 16      10       7       2
     20      21       9 
     11      18       3
          1      23 
--8<--
found: sum= 66.0000 var=  0.0000 fitness= 66.0000 age=0
-->8--
          6      15 
     16      23      19
      9       7      -1 
 17       5       3      22
  4      21      18      11
     10      12      13 
      2       1       8
         20      14 
--8<--
found: sum= 72.0000 var=  0.0000 fitness= 72.0000 age=0
-->8--
          1      11 
     15       9       5
     16      19      21 
 18      12       7      23
  2       4      13      10
     20      17      -2 
      6      22       8
          3      14 
--8<--
found: sum= 77.0000 var=  0.0000 fitness= 77.0000 age=0
-->8--
         16       2 
      5      13      20
     11      22      14 
 12      10       6       8
  4      17      19      21
     23       3       9 
      1      15       7
         18      24 
--8<--
found: sum= 74.0000 var=  0.0000 fitness= 74.0000 age=0
-->8--
         16      19 
     11      17      12
     13       9      10 
 18       8       7      15
 -2      23      21       1
     14       6      20 
      5      22       2
          4       3 
--8<--
found: sum= 75.0000 var=  0.0000 fitness= 75.0000 age=0
-->8--
         15      16 
      2      20       4
     21      10      19 
  8       7       6       1
  3      13      22       9
     23      17      18 
     12      -1       5
         11      14 
--8<--
found: sum= 63.0000 var=  0.0000 fitness= 63.0000 age=0
-->8--
         11      17 
     16       5       6
     13      10      21 
  7       8       4      -2
  2      18      20      22
     15       3      -2 
      1      14      19
         12       9 
--8<--
found: sum= 68.0000 var=  0.0000 fitness= 68.0000 age=0
-->8--
         13      15 
      9      19      17
     12      10      -1 
 23       5       8      22
  2       6      18       7
     20      21      14 
      4       1       3
         16      11 
--8<--
found: sum= 80.0000 var=  0.0000 fitness= 80.0000 age=0
-->8--
          9       7 
      5      18      19
     21      10      24 
  6      17       2      20
  1      13      23       8
     22      15       3 
      4      12      11
         14      16 
--8<--
found: sum= 78.0000 var=  0.0000 fitness= 78.0000 age=0
-->8--
         23      18 
      5      17       4
     11      13      19 
 24       9       7       3
  2      12      21       6
     20      16      22 
     14       1       8
         15      10 
--8<--
found: sum= 82.0000 var=  0.0000 fitness= 82.0000 age=0
-->8--
          8       9 
     12      21      15
     19      16      10 
 18       6      11       4
  2      14      13      24
     23      22      20 
      5      17       7
          1       3 
--8<--
found: sum= 81.0000 var=  0.0000 fitness= 81.0000 age=0
-->8--
         10       3 
     11      20       5
     21      12      24 
  8       7      17       1
  4      23       9      14
     18      13      16 
     19       6      15
          2      22 
--8<--
found: sum= 66.0000 var=  0.0000 fitness= 66.0000 age=0
-->8--
         12      21 
      4       3       6
     22      11       7 
  9      14      18       2
 -1       5      10      16
     17       8      13 
      1      20      -4
         15      19 
--8<--
found: sum= 63.0000 var=  0.0000 fitness= 63.0000 age=0
-->8--
          9      19 
     21      14      10
      6       8      -1 
 17       5      13       2
  1      12      18      11
     22       7      20 
      4       3      -1
         15      16 
--8<--
found: sum= 76.0000 var=  0.0000 fitness= 76.0000 age=0
-->8--
         11       8 
     13      20      24
     17       3       5 
 10      12      16       4
  1      21      18      19
     15       6      14 
      2       9       7
         23      22 
--8<--
found: sum= 79.0000 var=  0.0000 fitness= 79.0000 age=0
-->8--
          3      22 
     24      20       2
     10       8      18 
 17      14       9       4
  6      13      12      15
     19      23      21 
     16       7      11
          1       5 
--8<--
found: sum= 71.0000 var=  0.0000 fitness= 71.0000 age=0
-->8--
         12      13 
      5       3      18
     20      16      22 
  7      15      -1      23
  1       9      21       4
     19      11       2 
     10      14      17
          8       6 
--8<--
found: sum= 78.0000 var=  0.0000 fitness= 78.0000 age=0
-->8--
          8       9 
     10      22       4
     21       6      24 
  5      11      13      17
  7      14      19       3
     20      15       2 
     16       1      18
         12      23 
--8<--
found: sum= 82.0000 var=  0.0000 fitness= 82.0000 age=0
-->8--
         18       1 
      4      20      12
     23       6      22 
  9      11      21      14
  5      15      16       7
     19      13       2 
      8      24      10
          3      17 
--8<--
found: sum= 81.0000 var=  0.0000 fitness= 81.0000 age=0
-->8--
          4      10 
      2      22       5
     18      20      17 
  9      15       7       6
  3      12      19      21
     24       8      11 
      1      13      16
         23      14 
--8<--
found: sum= 80.0000 var=  0.0000 fitness= 80.0000 age=0
-->8--
         18       5 
     15      16      10
     12       8      24 
 14      11      17       4
  7      13       9      20
     23      22       6 
      2      19       3
          1      21 
--8<--
found: sum= 68.0000 var=  0.0000 fitness= 68.0000 age=0
-->8--
          7      16 
     19       2      11
     18      10      21 
  5      12       8      14
  1      15       3       9
     17      20      13 
     -2      22       6
         -4       4 
--8<--
found: sum= 74.0000 var=  0.0000 fitness= 74.0000 age=0
-->8--
          5      21 
     22      13       6
     19       7      23 
 12       8       4      -2
  1      18      20      14
     16      17      15 
     11      10       3
          2       9 
--8<--
found: sum= 79.0000 var=  0.0000 fitness= 79.0000 age=0
-->8--
          2       5 
     22      24      14
      6      12      15 
 10      13       9      17
  7      20      21       1
     23       4      16 
      3      11       8
         18      19 
--8<--
found: sum= 75.0000 var=  0.0000 fitness= 75.0000 age=0
-->8--
          7      15 
     14      18      19
     21       2      16 
 12      13       5      11
 -1      10      23       3
     20      22      17 
      6       8       4
          9       1 
--8<--
found: sum= 84.0000 var=  0.0000 fitness= 84.0000 age=0
-->8--
          5       4 
     11      16       6
     22      21      23 
 18       9      14       8
  7      13      17       2
     15      10      20 
     19      24       1
          3      12 
--8<--
found: sum= 84.0000 var=  0.0000 fitness= 84.0000 age=0
-->8--
          6       8 
     21      17       2
     14      15      23 
 13      11      19      10
  4      18       9       3
     24      12      20 
      1      22       5
          7      16 
--8<--
found: sum= 67.0000 var=  0.0000 fitness= 67.0000 age=0
-->8--
          4      18 
     19      14       3
     16       5      17 
 12       9      10       6
  2       8      22      11
     20      13       1 
      7      21      -5
         -2      15 
--8<--
found: sum= 75.0000 var=  0.0000 fitness= 75.0000 age=0
-->8--
          8      10 
     13      21       5
     16       3      19 
 11      14      17       4
  2       9      12       1
     23      20      22 
     18      -1       7
          6      15 
--8<--
found: sum= 83.0000 var=  0.0000 fitness= 83.0000 age=0
-->8--
          5      13 
     11      20       1
     24      14      23 
  7       9      12       4
  6      15      17      19
     22      16       8 
      2      18       3
         10      21 
--8<--
found: sum= 81.0000 var=  0.0000 fitness= 81.0000 age=0
-->8--
         10       2 
     12      19       5
     18      16      24 
 11       6      15      23
  4      22       9       3
     20      13       7 
      1      17      14
          8      21 
--8<--
found: sum= 84.0000 var=  0.0000 fitness= 84.0000 age=0
-->8--
          1       2 
     18      23      14
     10      13      24 
 11      19       8      16
  7      15      12       4
     22      17      20 
      3      21       5
          6       9 
--8<--
found: sum= 80.0000 var=  0.0000 fitness= 80.0000 age=0
-->8--
          8      16 
     17      18       2
      9      13      24 
 10      15       7       1
  6      19      22       3
     21       4      23 
     20       5      12
         11      14 
--8<--
found: sum= 81.0000 var=  0.0000 fitness= 81.0000 age=0
-->8--
         12       5 
      8      22       9
     23      10      24 
 14       6      11       2
  1      20      15      13
     17      19      16 
     18       3       7
          4      21 
--8<--
found: sum= 80.0000 var=  0.0000 fitness= 80.0000 age=0
-->8--
         12       1 
     11      19      20
     24      10      16 
  7       4      14      23
  5      22      17       2
     18      13       8 
      9      15      21
          3       6 
--8<--
found: sum= 74.0000 var=  0.0000 fitness= 74.0000 age=0
-->8--
         19      18 
     17       7      11
     13       8      24 
 21      10       6       3
  1      20      14      12
      9      16      15 
      5       2       4
         22      23 
--8<--
found: sum= 79.0000 var=  0.0000 fitness= 79.0000 age=0
-->8--
         14       5 
      8      15      18
     10      13      17 
 21      19      11       3
  2       4      20      22
     23      12       6 
      7      24       1
          9      16 
--8<--
found: sum= 72.0000 var=  0.0000 fitness= 72.0000 age=0
-->8--
          3       2 
      8      23      20
     19       7      11 
  6      12       9       4
  1      13      16      14
     21      15      18 
     17      -4       5
         10      22 
--8<--
found: sum= 83.0000 var=  0.0000 fitness= 83.0000 age=0
-->8--
         16       2 
      4      17       6
     20      14      23 
 13      12      21       5
  1      15       3       7
     22      18      24 
     11       9      19
          8      10 
--8<--
found: sum= 76.0000 var=  0.0000 fitness= 76.0000 age=0
-->8--
         10       4 
     12      17      20
     15       8      11 
 13      14      16       3
  6       7       9      18
     21      22      19 
      2      23       5
          1      -2 
--8<--
found: sum= 79.0000 var=  0.0000 fitness= 79.0000 age=0
-->8--
          7      13 
     12      19      22
     21       3      16 
  1      17       6      23
  5      15      24       2
     20      14       8 
     10      11      18
          9       4 
--8<--
found: sum= 80.0000 var=  0.0000 fitness= 80.0000 age=0
-->8--
         15      20 
      2      18       7
     21      11      19 
  6      13       5      22
  4      12      23      10
     24      16       1 
      8      17       9
          3      14 
--8<--
found: sum= 78.0000 var=  0.0000 fitness= 78.0000 age=0
-->8--
         13      12 
      9      20       2
     23       8      22 
  7       5      14       4
  6      18      16       1
     19      17      21 
     -2      11       3
         15      10 
--8<--
found: sum= 81.0000 var=  0.0000 fitness= 81.0000 age=0
-->8--
          6      12 
     22      19      10
     14       7      24 
 11      13       9       2
  5      15      17       8
     23      20      21 
     18       4       3
          1      16 
--8<--
found: sum= 79.0000 var=  0.0000 fitness= 79.0000 age=0
-->8--
          4       1 
     17      19       9
     11      12      23 
 20      16      15      22
  3       8      10       2
     21      18       7 
     13      14      24
          5       6 
--8<--
found: sum= 83.0000 var=  0.0000 fitness= 83.0000 age=0
-->8--
         23       4 
      5      18       2
     12      14      24 
 15      11      21       1
 10      16       8       7
     19      13      22 
      6      20      17
          9       3 
--8<--
found: sum= 71.0000 var=  0.0000 fitness= 71.0000 age=0
-->8--
          8      16 
     17      21      18
     14       4      -1 
 10       7      13       5
  3      15      20      11
     22      12      23 
      2       1       6
         19       9 
--8<--
found: sum= 84.0000 var=  0.0000 fitness= 84.0000 age=0
-->8--
          2       4 
      8      18      16
     23      19      21 
  9      14       6      20
  3      13      15      10
     22      17      12 
      1      24       5
          7      11 
--8<--
found: sum= 75.0000 var=  0.0000 fitness= 75.0000 age=0
-->8--
          2       3 
     12      15      14
     22      13      23 
  6      11       7      19
 -3      18       9       1
     21      17      16 
     10       5       8
          4      20 
--8<--
found: sum= 85.0000 var=  0.0000 fitness= 85.0000 age=0
-->8--
          5       4 
     14      18      19
     23      13      22 
  8      12       9       6
 10      15      16      11
     17      20      21 
      7      24       1
          2       3 
--8<--
found: sum= 82.0000 var=  0.0000 fitness= 82.0000 age=0
-->8--
          5       9 
     10      22       7
     17      13      23 
 12      15       8       1
  3      11      16      14
     24      19      20 
      6       4      21
         18       2 
--8<--
execution time: real 3.124850s user 0.045993s sys 0.000000s
GA: P=512 K=256 sp=3 xover=2D/1 aging
generation #20: pop m= 81.506 v=0.677 f= 78.230
best: found: sum= 85.0000 var=  0.0000 fitness= 85.0000 age=1
-->8--
          5       4 
     14      18      19
     23      13      22 
  8      12       9       6
 10      15      16      11
     17      20      21 
      7      24       1
          2       3 
--8<--
found: sum= 83.0000 var=  0.0000 fitness= 83.0000 age=5
-->8--
          5      13 
     11      20       1
     24      14      23 
  7       9      12       4
  6      15      17      19
     22      16       8 
      2      18       3
         10      21 
--8<--
found: sum= 82.0000 var=  0.0000 fitness= 82.0000 age=9
-->8--
         18       1 
      4      20      12
     23       6      22 
  9      11      21      14
  5      15      16       7
     19      13       2 
      8      24      10
          3      17 
--8<--
found: sum= 81.0000 var=  0.0000 fitness= 81.0000 age=5
-->8--
         12       5 
      8      22       9
     23      10      24 
 14       6      11       2
  1      20      15      13
     17      19      16 
     18       3       7
          4      21 
--8<--
found: sum= 84.0000 var=  0.0000 fitness= 84.0000 age=1
-->8--
          2       4 
      8      18      16
     23      19      21 
  9      14       6      20
  3      13      15      10
     22      17      12 
      1      24       5
          7      11 
--8<--
found: sum= 82.0000 var=  0.0000 fitness= 82.0000 age=12
-->8--
          8       9 
     12      21      15
     19      16      10 
 18       6      11       4
  2      14      13      24
     23      22      20 
      5      17       7
          1       3 
--8<--
found: sum= 84.0000 var=  0.0000 fitness= 84.0000 age=6
-->8--
          6       8 
     21      17       2
     14      15      23 
 13      11      19      10
  4      18       9       3
     24      12      20 
      1      22       5
          7      16 
--8<--
found: sum= 84.0000 var=  0.0000 fitness= 84.0000 age=5
-->8--
          1       2 
     18      23      14
     10      13      24 
 11      19       8      16
  7      15      12       4
     22      17      20 
      3      21       5
          6       9 
--8<--
found: sum= 81.0000 var=  0.0000 fitness= 81.0000 age=14
-->8--
          8       6 
     13      15       5
     19      14      24 
  4      12      17      22
 16      10       7       2
     20      21       9 
     11      18       3
          1      23 
--8<--
found: sum= 75.0000 var=  0.0000 fitness= 75.0000 age=1
-->8--
          2       3 
     12      15      14
     22      13      23 
  6      11       7      19
 -3      18       9       1
     21      17      16 
     10       5       8
          4      20 
--8<--
found: sum= 83.0000 var=  0.0000 fitness= 83.0000 age=3
-->8--
         16       2 
      4      17       6
     20      14      23 
 13      12      21       5
  1      15       3       7
     22      18      24 
     11       9      19
          8      10 
--8<--
found: sum= 84.0000 var=  0.0000 fitness= 84.0000 age=6
-->8--
          5       4 
     11      16       6
     22      21      23 
 18       9      14       8
  7      13      17       2
     15      10      20 
     19      24       1
          3      12 
--8<--
found: sum= 81.0000 var=  0.0000 fitness= 81.0000 age=5
-->8--
         10       2 
     12      19       5
     18      16      24 
 11       6      15      23
  4      22       9       3
     20      13       7 
      1      17      14
          8      21 
--8<--
found: sum= 71.0000 var=  0.0000 fitness= 71.0000 age=1
-->8--
          8      16 
     17      21      18
     14       4      -1 
 10       7      13       5
  3      15      20      11
     22      12      23 
      2       1       6
         19       9 
--8<--
found: sum= 81.0000 var=  0.0000 fitness= 81.0000 age=2
-->8--
          6      12 
     22      19      10
     14       7      24 
 11      13       9       2
  5      15      17       8
     23      20      21 
     18       4       3
          1      16 
--8<--
found: sum= 83.0000 var=  0.0000 fitness= 83.0000 age=1
-->8--
         23       4 
      5      18       2
     12      14      24 
 15      11      21       1
 10      16       8       7
     19      13      22 
      6      20      17
          9       3 
--8<--
found: sum= 81.0000 var=  0.0000 fitness= 81.0000 age=8
-->8--
          4      10 
      2      22       5
     18      20      17 
  9      15       7       6
  3      12      19      21
     24       8      11 
      1      13      16
         23      14 
--8<--
found: sum= 81.0000 var=  0.0000 fitness= 81.0000 age=11
-->8--
         10       3 
     11      20       5
     21      12      24 
  8       7      17       1
  4      23       9      14
     18      13      16 
     19       6      15
          2      22 
--8<--
found: sum= 82.0000 var=  0.0000 fitness= 82.0000 age=1
-->8--
          5       9 
     10      22       7
     17      13      23 
 12      15       8       1
  3      11      16      14
     24      19      20 
      6       4      21
         18       2 
--8<--
