execution time: real 0.016284s user 0.000000s sys 0.001999s
GA: P=10 K=7 sp=3 xover_cuts=2
generation #7: pop m= 80.100 v= 84.110 f= 58.639 var0cnt=1 bage=4
best: sum= 84.7143 var=  0.2041 fitness= 82.5012
-->8--
          7       3 
      4      20       2
     17      22      23 
 12      14      15      11
 16       5      10       8
     21      19      18 
      6      24      13
          9       1 
--8<--
found: sum= 78.0000 var=  0.0000 fitness= 78.0000
-->8--
          9       4 
      1      24      17
     18       3      22 
 12      23       8      15
  6      14      10      21
      5      20       2 
     13      19      11
          7      16 
--8<--
