found: sum= 69.0000 var=  0.0000 fitness= 69.0000 age=0
-->8--
         17      -1 
      3      22       2
      7      15      21 
 16       5      10      18
  9      12       8       1
     20      19      11 
     -1      13       4
          6      14 
--8<--
found: sum= 71.0000 var=  0.0000 fitness= 71.0000 age=0
-->8--
         13       6 
     15      21      20
     18      -1       8 
 12       5      17       9
  3      11      16      14
     22      23       7 
     10       4       2
          1      19 
--8<--
found: sum= 68.0000 var=  0.0000 fitness= 68.0000 age=0
-->8--
         18      -1 
      1      21      -1
      9      17      22 
 20       2      10      14
 13       8      12       4
     16      19       6 
      7      15       5
          3      11 
--8<--
found: sum= 70.0000 var=  0.0000 fitness= 70.0000 age=0
-->8--
         11       9 
     23      10      22
     15       6       7 
 19       5      16       8
 -1      14      17       1
     18      12      21 
      2       4       3
         20      13 
--8<--
found: sum= 78.0000 var=  0.0000 fitness= 78.0000 age=0
-->8--
         19       2 
      1      20      24
      8      12      14 
 13      18       6       5
  7       9      22      21
     23      11      10 
      4      15      17
         16       3 
--8<--
found: sum= 67.0000 var=  0.0000 fitness= 67.0000 age=0
-->8--
         10       5 
     20      15      23
     11       3      -1 
 14       8      22      19
  9       4      12       2
     21      18      13 
     16       1       6
          7      17 
--8<--
found: sum= 76.0000 var=  0.0000 fitness= 76.0000 age=0
-->8--
          1      -2 
     14      22      23
     11      13      16 
  8      15       4      12
  5      20      18       7
     17       6      19 
     10      21       9
          2       3 
--8<--
found: sum= 72.0000 var=  0.0000 fitness= 72.0000 age=0
-->8--
         10      -2 
     13      17      20
     23       4      21 
 14       5      12      19
  1      22      11       6
      7      18       3 
      2      15      16
          8       9 
--8<--
found: sum= 79.0000 var=  0.0000 fitness= 79.0000 age=0
-->8--
         11      18 
     23      19       2
      7       6      24 
 14      13      10       5
  8      16      22       3
     21      12      15 
      4       9      20
         17       1 
--8<--
found: sum= 67.0000 var=  0.0000 fitness= 67.0000 age=0
-->8--
         21      13 
      6      17      20
      3       4       2 
 22      16      11      23
 -3      10       8      14
     19      18       9 
      7      12       5
          1      15 
--8<--
found: sum= 79.0000 var=  0.0000 fitness= 79.0000 age=0
-->8--
         20      17 
      8      18      12
     21       7      16 
  6       5       9       2
 14      11      24      13
     22      23      15 
     19       3      10
          1       4 
--8<--
found: sum= 75.0000 var=  0.0000 fitness= 75.0000 age=0
-->8--
         20       4 
     14       8      13
     11      17      21 
 22       5      12      -1
  3      16      15       9
     18      10      19 
      7      23       2
          1       6 
--8<--
found: sum= 77.0000 var=  0.0000 fitness= 77.0000 age=0
-->8--
          6      14 
     12      24      18
     21       1       5 
  7      13      15       8
  3      17      20      19
     16      11      10 
     22       9      23
          2       4 
--8<--
found: sum= 80.0000 var=  0.0000 fitness= 80.0000 age=0
-->8--
         19       4 
      5      23       1
     15      16      24 
 20       2      12       6
 11      18      22      13
     14      10       3 
      8      21      17
          9       7 
--8<--
found: sum= 74.0000 var=  0.0000 fitness= 74.0000 age=0
-->8--
         16       5 
     10      20       9
     14       6      22 
 11       8      12       1
  3      17      13       7
     21      18      19 
     15      -1       2
          4      23 
--8<--
found: sum= 79.0000 var=  0.0000 fitness= 79.0000 age=0
-->8--
         13      20 
     15      17       8
     23       7      18 
 11       4       9       2
  5      24      21      10
     12      14      19 
      1       6       3
         22      16 
--8<--
found: sum= 78.0000 var=  0.0000 fitness= 78.0000 age=0
-->8--
         24       9 
     12      18       1
      8       5      22 
 15      11      23       4
  7      16      10      17
     21      13       2 
      6      19      14
          3      20 
--8<--
found: sum= 75.0000 var=  0.0000 fitness= 75.0000 age=0
-->8--
         20       9 
      6      23       3
     11       8      13 
 17       7      19       5
  4      14      15       2
     22      12      21 
     16      10      -1
          1      18 
--8<--
found: sum= 82.0000 var=  0.0000 fitness= 82.0000 age=0
-->8--
         16      14 
     11      15       4
     17       5      24 
 10      18      20       6
  3      12       8       1
     22      19      23 
     13       9       2
          7      21 
--8<--
found: sum= 78.0000 var=  0.0000 fitness= 78.0000 age=0
-->8--
          9      17 
     18      24       7
     13       6      14 
 21       8      10      22
  2      19      23       5
     15      12       4 
      1      20       3
         11      16 
--8<--
found: sum= 81.0000 var=  0.0000 fitness= 81.0000 age=0
-->8--
          6      21 
     23      12       4
     22      10      20 
 11       8      14       5
  3      19      17       1
     18      13      24 
     15       9      16
          7       2 
--8<--
found: sum= 73.0000 var=  0.0000 fitness= 73.0000 age=0
-->8--
         18      16 
      5      22       3
     15       4      20 
 10       9       8      12
  2      14      21      13
     23      17      -1 
      7      11      19
          1       6 
--8<--
found: sum= 85.0000 var=  0.0000 fitness= 85.0000 age=0
-->8--
         13       8 
     15      21       3
     20       7      24 
 12       9      22       2
  5      16      17       1
     23      14      19 
     10      18       6
          4      11 
--8<--
execution time: real 1.305852s user 0.022996s sys 0.001999s
GA: P=512 K=256 sp=3 xover=2D/1 aging
generation #9: pop m= 76.936 v=1.332 f= 72.685
best: found: sum= 85.0000 var=  0.0000 fitness= 85.0000 age=1
-->8--
         13       8 
     15      21       3
     20       7      24 
 12       9      22       2
  5      16      17       1
     23      14      19 
     10      18       6
          4      11 
--8<--
found: sum= 73.0000 var=  0.0000 fitness= 73.0000 age=1
-->8--
         18      16 
      5      22       3
     15       4      20 
 10       9       8      12
  2      14      21      13
     23      17      -1 
      7      11      19
          1       6 
--8<--
found: sum= 77.0000 var=  0.0000 fitness= 77.0000 age=2
-->8--
          6      14 
     12      24      18
     21       1       5 
  7      13      15       8
  3      17      20      19
     16      11      10 
     22       9      23
          2       4 
--8<--
found: sum= 80.0000 var=  0.0000 fitness= 80.0000 age=2
-->8--
         19       4 
      5      23       1
     15      16      24 
 20       2      12       6
 11      18      22      13
     14      10       3 
      8      21      17
          9       7 
--8<--
found: sum= 82.0000 var=  0.0000 fitness= 82.0000 age=1
-->8--
         16      14 
     11      15       4
     17       5      24 
 10      18      20       6
  3      12       8       1
     22      19      23 
     13       9       2
          7      21 
--8<--
found: sum= 79.0000 var=  0.0000 fitness= 79.0000 age=4
-->8--
         11      18 
     23      19       2
      7       6      24 
 14      13      10       5
  8      16      22       3
     21      12      15 
      4       9      20
         17       1 
--8<--
found: sum= 79.0000 var=  0.0000 fitness= 79.0000 age=1
-->8--
         13      20 
     15      17       8
     23       7      18 
 11       4       9       2
  5      24      21      10
     12      14      19 
      1       6       3
         22      16 
--8<--
found: sum= 79.0000 var=  0.0000 fitness= 79.0000 age=3
-->8--
         20      17 
      8      18      12
     21       7      16 
  6       5       9       2
 14      11      24      13
     22      23      15 
     19       3      10
          1       4 
--8<--
found: sum= 78.0000 var=  0.0000 fitness= 78.0000 age=5
-->8--
         19       2 
      1      20      24
      8      12      14 
 13      18       6       5
  7       9      22      21
     23      11      10 
      4      15      17
         16       3 
--8<--
found: sum= 81.0000 var=  0.0000 fitness= 81.0000 age=1
-->8--
          6      21 
     23      12       4
     22      10      20 
 11       8      14       5
  3      19      17       1
     18      13      24 
     15       9      16
          7       2 
--8<--
found: sum= 78.0000 var=  0.0000 fitness= 78.0000 age=1
-->8--
         24       9 
     12      18       1
      8       5      22 
 15      11      23       4
  7      16      10      17
     21      13       2 
      6      19      14
          3      20 
--8<--
found: sum= 75.0000 var=  0.0000 fitness= 75.0000 age=2
-->8--
         20       4 
     14       8      13
     11      17      21 
 22       5      12      -1
  3      16      15       9
     18      10      19 
      7      23       2
          1       6 
--8<--
found: sum= 78.0000 var=  0.0000 fitness= 78.0000 age=1
-->8--
          9      17 
     18      24       7
     13       6      14 
 21       8      10      22
  2      19      23       5
     15      12       4 
      1      20       3
         11      16 
--8<--
found: sum= 74.0000 var=  0.0000 fitness= 74.0000 age=1
-->8--
         16       5 
     10      20       9
     14       6      22 
 11       8      12       1
  3      17      13       7
     21      18      19 
     15      -1       2
          4      23 
--8<--
found: sum= 76.0000 var=  0.0000 fitness= 76.0000 age=4
-->8--
          1      -2 
     14      22      23
     11      13      16 
  8      15       4      12
  5      20      18       7
     17       6      19 
     10      21       9
          2       3 
--8<--
found: sum= 75.0000 var=  0.0000 fitness= 75.0000 age=1
-->8--
         20       9 
      6      23       3
     11       8      13 
 17       7      19       5
  4      14      15       2
     22      12      21 
     16      10      -1
          1      18 
--8<--
