found: sum= 79.0000 var=  0.0000 fitness= 79.0000 age=0
-->8--
         10      11 
     19      13       3
      4      24      22 
  8       9       6       5
 14      23      16      12
     21       1      18 
     15      17      20
          2       7 
--8<--
found: sum= 82.0000 var=  0.0000 fitness= 82.0000 age=0
-->8--
          3       4 
      6      19      17
     24      12      21 
 11      18       9      22
  1      20      13       2
      8      10      15 
     14      23       5
          7      16 
--8<--
found: sum= 75.0000 var=  0.0000 fitness= 75.0000 age=0
-->8--
         13       7 
     20       8      10
      3      15      23 
 24      16      12       2
 22       4      19       5
      6       9      14 
     18      21       1
         17      11 
--8<--
found: sum= 77.0000 var=  0.0000 fitness= 77.0000 age=0
-->8--
         14      18 
      2      15      10
     24       6      11 
  4      16      17       1
  5       9      22      23
     19       7       3 
      8      13      20
         21      12 
--8<--
found: sum= 76.0000 var=  0.0000 fitness= 76.0000 age=0
-->8--
         12      21 
     22      14      10
     11       9       5 
 15       8      17       3
  6      16      24       4
     20       2      23 
     13       7       1
         18      19 
--8<--
found: sum= 77.0000 var=  0.0000 fitness= 77.0000 age=0
-->8--
          4      15 
     19       2      22
     17      14      23 
 12      21       1       6
  3      16       5      18
      8      20      24 
     13      11       7
          9      10 
--8<--
found: sum= 77.0000 var=  0.0000 fitness= 77.0000 age=0
-->8--
         16      10 
     11      22      17
     12       9       5 
 20       7      14      18
 13      21       2      15
      4      24      23 
      8      19       6
          1       3 
--8<--
found: sum= 69.0000 var=  0.0000 fitness= 69.0000 age=0
-->8--
          9      17 
      8       1      24
     23      16       4 
  3      12       7      19
 20       6      15      14
      5      13      10 
     21       2      18
         22      11 
--8<--
found: sum= 77.0000 var=  0.0000 fitness= 77.0000 age=0
-->8--
          8       2 
     23      15      13
      3      19      21 
 14       9       7       1
  5      22      16      20
     24       4      12 
     11      10      18
          6      17 
--8<--
found: sum= 79.0000 var=  0.0000 fitness= 79.0000 age=0
-->8--
          2       7 
     17       8      15
     20      22       9 
  5      10      18       4
 19       1      12      13
     24      16      23 
      6      11      14
         21       3 
--8<--
found: sum= 74.0000 var=  0.0000 fitness= 74.0000 age=0
-->8--
          7      13 
     10       2      15
     22      24      16 
  5       9       4      11
 21      14       6      18
      3      17      19 
     20       8       1
         12      23 
--8<--
found: sum= 77.0000 var=  0.0000 fitness= 77.0000 age=0
-->8--
         20      13 
      3      21       4
      1      10      17 
 15      22      12       2
  5      18       9      14
     16       6      23 
     19       7       8
         11      24 
--8<--
found: sum= 78.0000 var=  0.0000 fitness= 78.0000 age=0
-->8--
          2       8 
     24      19       7
      9       3      18 
  4      21      23       1
 17       5      11      13
     22      15      12 
     20      10      16
          6      14 
--8<--
found: sum= 73.0000 var=  0.0000 fitness= 73.0000 age=0
-->8--
         11       2 
     21      24      13
      7       9       3 
 17       1      22      16
 18      10      12      14
     20      19       6 
      4       5      23
         15       8 
--8<--
found: sum= 78.0000 var=  0.0000 fitness= 78.0000 age=0
-->8--
         19       3 
     14      22      18
      4       2      20 
 12      17      13      10
 21      15      23       1
      9       8      11 
     16      24       7
          6       5 
--8<--
found: sum= 73.0000 var=  0.0000 fitness= 73.0000 age=0
-->8--
          9      14 
     21       4       2
      5      24      17 
  7      10      12       1
 23      13       3      22
     15      11      18 
     20       6      16
          8      19 
--8<--
found: sum= 79.0000 var=  0.0000 fitness= 79.0000 age=0
-->8--
          3      13 
     15      12      16
     24       2      19 
  6      23      17      10
  7       5      21       4
     14      11       8 
     22      18       1
          9      20 
--8<--
found: sum= 75.0000 var=  0.0000 fitness= 75.0000 age=0
-->8--
          2      19 
     10      17       1
      9      21       3 
 22      16      14      18
  6       7       5      24
     15      12      11 
      8      20       4
         13      23 
--8<--
found: sum= 76.0000 var=  0.0000 fitness= 76.0000 age=0
-->8--
          6       5 
     23      19      15
     12       9      11 
  8       7      17      18
 20      16      24       2
     13       3       4 
      1      21      14
         22      10 
--8<--
found: sum= 82.0000 var=  0.0000 fitness= 82.0000 age=0
-->8--
          4      11 
     19      17      16
     18       3      15 
  2      21      20       5
 10       7       8      12
     24      23      22 
     13      14       9
          1       6 
--8<--
found: sum= 80.0000 var=  0.0000 fitness= 80.0000 age=0
-->8--
         12      11 
      2      13       1
     24      10      23 
 20      19      22       7
  5       3       8       4
      9      18      16 
     21      15       6
         14      17 
--8<--
found: sum= 80.0000 var=  0.0000 fitness= 80.0000 age=0
-->8--
         20      14 
      1      17       5
     13       7      21 
 12      22      16       4
  8      10      19       9
     15       6      11 
     24      23      18
          2       3 
--8<--
found: sum= 79.0000 var=  0.0000 fitness= 79.0000 age=0
-->8--
          6       1 
     12      11      17
     16      19      22 
  7      15       9       3
 13      10       2      20
     18      24      23 
      8       5      21
         14       4 
--8<--
found: sum= 77.0000 var=  0.0000 fitness= 77.0000 age=0
-->8--
          3       8 
      1      20      17
     13      18       9 
 10      22       5      24
 11       6      19       4
     15       7      16 
     14      12      21
         23       2 
--8<--
found: sum= 71.0000 var=  0.0000 fitness= 71.0000 age=0
-->8--
         15      14 
     18       2      22
      3      17      11 
 23      16       5      10
  6       4      20      12
     19       9      13 
     24       7      21
          8       1 
--8<--
found: sum= 77.0000 var=  0.0000 fitness= 77.0000 age=0
-->8--
          7      14 
     18      15      12
      8      20      10 
  4       9       6      23
 21      13      24       3
     22       5      11 
      1      19       2
         17      16 
--8<--
found: sum= 76.0000 var=  0.0000 fitness= 76.0000 age=0
-->8--
         24      18 
      6      19      14
     21       1       2 
  7       5      22       8
 16      10      15      20
     17      23       9 
     11      12      13
          3       4 
--8<--
found: sum= 79.0000 var=  0.0000 fitness= 79.0000 age=0
-->8--
         12      21 
     24      11       4
     20       2      22 
  5      10      19      15
  7      14      16       1
     23      18       6 
      3      13       9
          8      17 
--8<--
found: sum= 70.0000 var=  0.0000 fitness= 70.0000 age=0
-->8--
         13      19 
     15       4      12
      1      23       9 
 20      14       3      24
 11       2      21       5
     22       7       8 
     17       6      18
         16      10 
--8<--
found: sum= 78.0000 var=  0.0000 fitness= 78.0000 age=0
-->8--
          2      16 
     22      24      18
     15       3       9 
 14      12       8       7
  1      19      13      20
     17      23      21 
      5       4       6
         10      11 
--8<--
found: sum= 74.0000 var=  0.0000 fitness= 74.0000 age=0
-->8--
          1       4 
     22      18      20
      3       7      13 
 24      23      12       2
 10       5      11      17
      9      16      19 
     21       8       6
         15      14 
--8<--
found: sum= 82.0000 var=  0.0000 fitness= 82.0000 age=0
-->8--
          2       6 
      8      16      18
     23      14      24 
  1      19       4       7
 17      10      20       5
     12      15      22 
     21      13       9
         11       3 
--8<--
found: sum= 83.0000 var=  0.0000 fitness= 83.0000 age=0
-->8--
          3      11 
     18      16      12
     20       7      23 
  8      19      14       6
 17       9      13       5
     10      21      22 
     15      24       1
          4       2 
--8<--
found: sum= 76.0000 var=  0.0000 fitness= 76.0000 age=0
-->8--
          9       2 
     23      13      20
      3      24       7 
 12       4      10       6
 22      16      14      18
     19       8      21 
      5      17      15
         11       1 
--8<--
found: sum= 77.0000 var=  0.0000 fitness= 77.0000 age=0
-->8--
         21      14 
      9       8      23
     19       4       6 
  3      16      22       5
 12      10       7      13
     17      18      24 
      1      11      15
         20       2 
--8<--
found: sum= 76.0000 var=  0.0000 fitness= 76.0000 age=0
-->8--
         24       5 
     18      10      12
      4      17      21 
 19       3      11       1
  8      20      23       6
     22       2      14 
      7       9      15
         16      13 
--8<--
found: sum= 80.0000 var=  0.0000 fitness= 80.0000 age=0
-->8--
         11       4 
      1      24      15
     13      10      22 
  6      21       5      14
  7      17      18      19
     16       9       2 
     12      23       8
          3      20 
--8<--
found: sum= 74.0000 var=  0.0000 fitness= 74.0000 age=0
-->8--
          8      24 
     17       5       6
     21      10       9 
 19      13      20       1
  3       2      14      23
     16      15       7 
     11      12       4
         18      22 
--8<--
found: sum= 80.0000 var=  0.0000 fitness= 80.0000 age=0
-->8--
         19      11 
      5      21       7
     22       4      17 
 13       9      20      24
  2      18       6       3
     16      23      10 
      8      14      15
          1      12 
--8<--
found: sum= 76.0000 var=  0.0000 fitness= 76.0000 age=0
-->8--
         19       3 
     14      18      24
      6      17       5 
 22       2       9      12
 11      20      21      16
     15       7      13 
      1      23       8
         10       4 
--8<--
found: sum= 80.0000 var=  0.0000 fitness= 80.0000 age=0
-->8--
          1      13 
      8      15       5
     24      10      18 
 12      22      19      23
  2       6       7       4
     14      16       9 
      3      20      17
         21      11 
--8<--
found: sum= 76.0000 var=  0.0000 fitness= 76.0000 age=0
-->8--
          1      11 
     21       2      17
     10      23      16 
  3      19       7      18
 15       9      13      14
     20       5       8 
      6      24       4
         12      22 
--8<--
found: sum= 75.0000 var=  0.0000 fitness= 75.0000 age=0
-->8--
          2       9 
      5       4      18
     20      21      13 
 12      23      10      17
  1      11       7      22
      8       3       6 
     14      24      19
         15      16 
--8<--
found: sum= 81.0000 var=  0.0000 fitness= 81.0000 age=0
-->8--
         23       2 
      6      15      22
     19      13      20 
  1       5       9      11
 17      18      24       3
     21      12      14 
      4      16       8
         10       7 
--8<--
found: sum= 77.0000 var=  0.0000 fitness= 77.0000 age=0
-->8--
         19      16 
      6       5       1
     21      23      18 
  7       3      14      15
 20       4       9      10
     22      24      11 
     17       8      13
          2      12 
--8<--
found: sum= 77.0000 var=  0.0000 fitness= 77.0000 age=0
-->8--
         23      10 
      2      12      21
     17      18       9 
  3       5       7      24
 13      19       6      15
     20      22      16 
      4      11      14
          1       8 
--8<--
found: sum= 75.0000 var=  0.0000 fitness= 75.0000 age=0
-->8--
          7       4 
     22       2      13
     17      21      20 
 10       6      15       8
 14       5       9      11
     23      19      12 
     24       1      16
          3      18 
--8<--
found: sum= 80.0000 var=  0.0000 fitness= 80.0000 age=0
-->8--
         18      16 
     10      11       1
     19      20      24 
  9       2       8      17
 14      15      23       5
     21      12       3 
      4      22      13
          6       7 
--8<--
found: sum= 83.0000 var=  0.0000 fitness= 83.0000 age=0
-->8--
          6      18 
     10      13      16
     22       8      17 
  4      24      11       7
  9       5      15      12
     19      20      21 
     14      23       1
          2       3 
--8<--
found: sum= 82.0000 var=  0.0000 fitness= 82.0000 age=0
-->8--
          5       8 
     10      24      14
     19      13       2 
 16      11      21      12
  9       4      18       7
     23      15      22 
      3      20       1
         17       6 
--8<--
found: sum= 78.0000 var=  0.0000 fitness= 78.0000 age=0
-->8--
         10       9 
      7      16      13
     22      15      23 
  1       8       2      24
 17      19      20       3
     11      14       6 
      4      12       5
         18      21 
--8<--
found: sum= 77.0000 var=  0.0000 fitness= 77.0000 age=0
-->8--
          5       3 
     18       7      24
     15      11      22 
 12      21      10       8
  4       6      16       1
     19      13      20 
     14       2       9
         23      17 
--8<--
found: sum= 80.0000 var=  0.0000 fitness= 80.0000 age=0
-->8--
         17      22 
     14       9      12
     21      13       4 
 15       6      20       5
  1      18      16      11
     19       7      24 
     10      23       2
          3       8 
--8<--
found: sum= 78.0000 var=  0.0000 fitness= 78.0000 age=0
-->8--
         12       3 
     23      13      10
      4      11      19 
 24      15      22      14
  7       8       5       2
     20      17      16 
      9      18      21
          6       1 
--8<--
found: sum= 79.0000 var=  0.0000 fitness= 79.0000 age=0
-->8--
          7       9 
      2      23       4
     16      13      19 
  1      18      11      14
 15      21      10      20
      8       6       5 
      3      24      12
         17      22 
--8<--
found: sum= 80.0000 var=  0.0000 fitness= 80.0000 age=0
-->8--
         18      16 
      4      22      10
     11       5      24 
  7      20       3       1
 12      21      14      23
      9      17      15 
      6      19      13
          8       2 
--8<--
found: sum= 75.0000 var=  0.0000 fitness= 75.0000 age=0
-->8--
          1       3 
     17      21      20
     10      14       2 
  5      12      15      24
 22       8      19       4
     18       7      11 
      6      13      16
         23       9 
--8<--
found: sum= 77.0000 var=  0.0000 fitness= 77.0000 age=0
-->8--
         21      18 
      3       2       1
     22      24      19 
  6       5      13      16
 17       4      11       8
     23      20      10 
     14       9      12
          7      15 
--8<--
found: sum= 73.0000 var=  0.0000 fitness= 73.0000 age=0
-->8--
         14      16 
      2      18       4
      3      19       5 
  6      17      11      15
 24      13       1      20
     10      12      21 
      7       8      22
         23       9 
--8<--
found: sum= 79.0000 var=  0.0000 fitness= 79.0000 age=0
-->8--
          2       9 
     13      24       1
      3      22      16 
 23      15       7      14
  8      19       4      18
     11      12      20 
     10      21       5
          6      17 
--8<--
found: sum= 77.0000 var=  0.0000 fitness= 77.0000 age=0
-->8--
          4      13 
      6      24      12
     15       5       9 
  3      23      14      21
 18       8      20       2
     10       7      11 
     17      16      22
         19       1 
--8<--
found: sum= 76.0000 var=  0.0000 fitness= 76.0000 age=0
-->8--
          7      16 
     24      11      12
      6      19      10 
  5       9       8      21
 20      14      23       1
     22       3      13 
     15      18       2
          4      17 
--8<--
found: sum= 78.0000 var=  0.0000 fitness= 78.0000 age=0
-->8--
         16      17 
     15      21       4
     13       3      11 
 24      10      22       2
  1      23      14       9
      7       6      20 
     19      18      12
          5       8 
--8<--
found: sum= 80.0000 var=  0.0000 fitness= 80.0000 age=0
-->8--
          3       2 
      8      14      12
     19      13      24 
  5      23      15       9
 10       6       7      21
     17      16       4 
     18      22      20
          1      11 
--8<--
found: sum= 80.0000 var=  0.0000 fitness= 80.0000 age=0
-->8--
          1       2 
     12      24      16
      6      19       4 
 20      18      15      17
  5       9      11      10
     22       8      23 
      7      21       3
         13      14 
--8<--
found: sum= 76.0000 var=  0.0000 fitness= 76.0000 age=0
-->8--
         16       6 
     15       2      24
     22      17      14 
  9       4      13      21
 10      19      20       1
     12       3       7 
      8      23      18
         11       5 
--8<--
found: sum= 72.0000 var=  0.0000 fitness= 72.0000 age=0
-->8--
         16       7 
     21       6      12
      1       8      22 
 24      20      17       4
  9      15      10      14
      3       2       5 
     11      23      19
         18      13 
--8<--
found: sum= 75.0000 var=  0.0000 fitness= 75.0000 age=0
-->8--
          5       7 
     10      17      21
     13       6       4 
  9      24      20      16
  3       8       2      11
     18      15      22 
     19       1      23
         14      12 
--8<--
found: sum= 74.0000 var=  0.0000 fitness= 74.0000 age=0
-->8--
          8      13 
     17       7       2
      4      23      18 
 24      15      11       1
  5      10       3      22
     16      12      19 
     21       6      14
          9      20 
--8<--
found: sum= 77.0000 var=  0.0000 fitness= 77.0000 age=0
-->8--
         14      18 
      2      15      10
     24       6      11 
  4      16      17       1
  5       9      22      23
     19       7       3 
      8      13      20
         21      12 
--8<--
found: sum= 78.0000 var=  0.0000 fitness= 78.0000 age=0
-->8--
         21      10 
      4      22       6
      2      20      13 
 19       9       7      16
  1      23      11      17
     24       8      14 
      5      15      12
          3      18 
--8<--
found: sum= 77.0000 var=  0.0000 fitness= 77.0000 age=0
-->8--
         14      23 
      4      15      11
      5      17      10 
 20      22       1      21
  2      16      18       8
     12       3      19 
      9      24       7
         13       6 
--8<--
found: sum= 75.0000 var=  0.0000 fitness= 75.0000 age=0
-->8--
          2      22 
     12      11       5
     23      24       9 
  7       3       4      20
 21      13      14      10
      8      17      18 
     15       6      19
         16       1 
--8<--
found: sum= 74.0000 var=  0.0000 fitness= 74.0000 age=0
-->8--
         18      14 
     17      21       5
     15       1      11 
 10       2      22       6
 12      19      23       8
     16       7       4 
     20       3      24
          9      13 
--8<--
found: sum= 77.0000 var=  0.0000 fitness= 77.0000 age=0
-->8--
         13      18 
      7      11       5
     22      10       9 
 17      14      24       1
  3       2      12      23
     19      15       8 
     21      16       6
          4      20 
--8<--
found: sum= 73.0000 var=  0.0000 fitness= 73.0000 age=0
-->8--
          1      14 
     10      22      12
      9      18       3 
 19      13       4      21
 11      15      16      24
      6       7       5 
      8      20       2
         17      23 
--8<--
found: sum= 74.0000 var=  0.0000 fitness= 74.0000 age=0
-->8--
          7       6 
      8      15       5
     12      21       9 
 20      11      18       2
 13       1      19      23
     17       4       3 
     22      14      10
         16      24 
--8<--
found: sum= 75.0000 var=  0.0000 fitness= 75.0000 age=0
-->8--
         22      20 
     10      18       8
      4       9       7 
 16      12      13      15
 24      17       5      14
      2      19      21 
     11      23       1
          3       6 
--8<--
found: sum= 74.0000 var=  0.0000 fitness= 74.0000 age=0
-->8--
         18      16 
      9      15      14
     19       1       5 
  4      12      23       3
  6      20      10      22
     13       8      11 
      2       7      21
         24      17 
--8<--
found: sum= 81.0000 var=  0.0000 fitness= 81.0000 age=0
-->8--
         19      10 
      5      20      18
      8       7      17 
 11      22       9       1
  2      23      14      16
     15       6      24 
     13      21      12
          3       4 
--8<--
found: sum= 81.0000 var=  0.0000 fitness= 81.0000 age=0
-->8--
          1      20 
      6      19       4
     21      11       9 
  5      23      18      16
  7      15       2      14
     10      12      22 
     17      24      13
          3       8 
--8<--
found: sum= 79.0000 var=  0.0000 fitness= 79.0000 age=0
-->8--
         11       1 
      3      18      10
     12      20       7 
 24      15      23      13
  5       4       8       6
     19       9      22 
     14      17       2
         16      21 
--8<--
found: sum= 83.0000 var=  0.0000 fitness= 83.0000 age=0
-->8--
          1      15 
      2      23       4
     16      17      21 
  9      24       3      11
  8       6      19       7
     20      14      22 
     12      13       5
         18      10 
--8<--
found: sum= 77.0000 var=  0.0000 fitness= 77.0000 age=0
-->8--
         12      16 
     19       8      15
      9      23       5 
 11       6      10       1
 20       7      18      21
     24      13      22 
     14      17       3
          2       4 
--8<--
found: sum= 78.0000 var=  0.0000 fitness= 78.0000 age=0
-->8--
         24      12 
      3      16      18
      5      11      13 
 23      19       8       6
  2      14       9      22
     15      17      20 
      7      21      10
          4       1 
--8<--
found: sum= 77.0000 var=  0.0000 fitness= 77.0000 age=0
-->8--
          7       4 
     20       6      18
     13      19      22 
 16      12       8       1
 17       5      23       2
     14      10      21 
     24       9       3
         15      11 
--8<--
found: sum= 72.0000 var=  0.0000 fitness= 72.0000 age=0
-->8--
         15      11 
     18      20      22
     14       4       7 
  5       1       8      17
 23      19      24      13
     10      16       3 
     12       6       2
          9      21 
--8<--
found: sum= 76.0000 var=  0.0000 fitness= 76.0000 age=0
-->8--
          8       3 
     15       7      18
     22      23       6 
 17       1      19      13
 11       9       4      10
     16      20      24 
     12       5      21
         14       2 
--8<--
found: sum= 78.0000 var=  0.0000 fitness= 78.0000 age=0
-->8--
         13      19 
     15      23       3
      1       9      18 
 21      17       6       8
  7      22      20      12
     10       4      14 
     16      24      11
          2       5 
--8<--
found: sum= 76.0000 var=  0.0000 fitness= 76.0000 age=0
-->8--
         18       9 
      1      21       6
      2      14      22 
 19      20       4       5
 12      15      10      24
      8      13      11 
     17      16       3
          7      23 
--8<--
found: sum= 75.0000 var=  0.0000 fitness= 75.0000 age=0
-->8--
          6      15 
     11      20      12
     18      19       7 
  9       1       2      16
  8      17      23      24
     22      13       3 
     14       5      21
          4      10 
--8<--
found: sum= 83.0000 var=  0.0000 fitness= 83.0000 age=0
-->8--
         12       1 
     10      22       5
     15      21      20 
 23       3      14       6
  7      19      17       8
     16       9      18 
      2      24      11
         13       4 
--8<--
found: sum= 75.0000 var=  0.0000 fitness= 75.0000 age=0
-->8--
         16       1 
      4      24      23
      9       7      12 
  5      15       8      11
 22       6      20      14
     18      19      10 
     13       2      21
         17       3 
--8<--
found: sum= 77.0000 var=  0.0000 fitness= 77.0000 age=0
-->8--
          1      11 
     20      24       6
     13       2      12 
  4      17      22       3
  9      19      10      14
     15       7      16 
     23       5      21
          8      18 
--8<--
found: sum= 79.0000 var=  0.0000 fitness= 79.0000 age=0
-->8--
         18       9 
     13      17      10
     22       4      23 
  3       5      16       1
 15      14      21      11
     20      19       7 
     12       6      24
          8       2 
--8<--
found: sum= 77.0000 var=  0.0000 fitness= 77.0000 age=0
-->8--
         24      10 
      9      23      13
      1      15       2 
 20       5      14      19
 11      18      17       4
     22       8      21 
      7      16      12
          6       3 
--8<--
found: sum= 84.0000 var=  0.0000 fitness= 84.0000 age=0
-->8--
         16      11 
     13      15       2
     23      10      24 
  5       7      22       8
  9      19      12       1
     21      14      17 
      6      20       3
          4      18 
--8<--
found: sum= 78.0000 var=  0.0000 fitness= 78.0000 age=0
-->8--
         13       3 
      4       8      23
     22      14      18 
  2      17      12      15
 16      10      20       6
     11       5       7 
     19      24      21
          9       1 
--8<--
found: sum= 81.0000 var=  0.0000 fitness= 81.0000 age=0
-->8--
         11       3 
      1      23       9
     24      14      19 
  5       8      13      17
 15      22      18       2
      7       6      12 
     10      20       4
         16      21 
--8<--
found: sum= 83.0000 var=  0.0000 fitness= 83.0000 age=0
-->8--
         12      19 
     11      24       3
     18       8      15 
  1      10      14       5
 13      21      23       4
     20       7      22 
      2      16       9
         17       6 
--8<--
found: sum= 76.0000 var=  0.0000 fitness= 76.0000 age=0
-->8--
         15       4 
     21      22       9
     10       3      20 
 23       5      18      11
 13      24      12       7
      1      14       8 
     16      19       6
          2      17 
--8<--
found: sum= 77.0000 var=  0.0000 fitness= 77.0000 age=0
-->8--
         15       2 
     12       5      14
     24      17      20 
 21       4      19       6
  9       3      11       8
     16      23      13 
     18       7      22
         10       1 
--8<--
found: sum= 82.0000 var=  0.0000 fitness= 82.0000 age=0
-->8--
          7      11 
     16      10      17
     22       6      18 
  1      21      20       9
  2      12       8      14
     24      15      13 
      3      23       4
          5      19 
--8<--
found: sum= 78.0000 var=  0.0000 fitness= 78.0000 age=0
-->8--
         13      21 
      9      24       4
     16       2       5 
 20      14      22      17
  7      10      18       1
     11      12      15 
      3      19       8
         23       6 
--8<--
found: sum= 70.0000 var=  0.0000 fitness= 70.0000 age=0
-->8--
         18      12 
     13      10      16
      3       6      17 
 24      20       9      14
 15       1      23       2
      7      11       5 
     22       8      19
         21       4 
--8<--
found: sum= 79.0000 var=  0.0000 fitness= 79.0000 age=0
-->8--
         24      19 
      1       2       3
     22      23      18 
  8       7      14       4
 16       5      13      10
     21      17      20 
     15      12       6
          9      11 
--8<--
found: sum= 74.0000 var=  0.0000 fitness= 74.0000 age=0
-->8--
         15       2 
     19      11      23
      5      10       4 
  9      14      24       1
 21       7       3      22
     18      16      20 
     13      12       6
          8      17 
--8<--
found: sum= 83.0000 var=  0.0000 fitness= 83.0000 age=0
-->8--
          2      19 
     16      15       8
     23      10      20 
  6      17      11       4
  3      22      18       9
     12       5      21 
      7      24      14
         13       1 
--8<--
found: sum= 79.0000 var=  0.0000 fitness= 79.0000 age=0
-->8--
          5       1 
     13      23      18
      2      17       4 
 21      19      16      15
  6       9       8      12
     22      10      24 
      7      20       3
         11      14 
--8<--
found: sum= 77.0000 var=  0.0000 fitness= 77.0000 age=0
-->8--
         15       4 
     11      17      18
      6       5      21 
 20      23      12       3
  1       8      22      10
     19       7       9 
     16      13       2
         14      24 
--8<--
found: sum= 74.0000 var=  0.0000 fitness= 74.0000 age=0
-->8--
         24      10 
     20      21      19
      6       1       5 
 17       2      18      12
 11      22      23       3
     16       8      13 
     15       9      14
          4       7 
--8<--
found: sum= 81.0000 var=  0.0000 fitness= 81.0000 age=0
-->8--
          7       6 
     16       9      12
      8      21      22 
 14      20      11       2
  5      15       4      18
     19      10      24 
     13      23       3
          1      17 
--8<--
found: sum= 80.0000 var=  0.0000 fitness= 80.0000 age=0
-->8--
          6      20 
     13      16       5
     24       3      19 
 10      18      17       8
  2      12      21      11
     14       9       4 
     15      23      22
          7       1 
--8<--
found: sum= 78.0000 var=  0.0000 fitness= 78.0000 age=0
-->8--
          2       3 
      8      22      11
     15      12      20 
 13      19      10      18
  6       4       9      14
     21      24       7 
      1       5      17
         23      16 
--8<--
found: sum= 76.0000 var=  0.0000 fitness= 76.0000 age=0
-->8--
         15       9 
     16       5       6
      4      24      19 
 17      12      13       1
  3      18       2      21
     22       7      20 
     11      10      14
          8      23 
--8<--
found: sum= 79.0000 var=  0.0000 fitness= 79.0000 age=0
-->8--
         14       2 
      1      12      13
      6      22      23 
  5      24       7       8
 10      19       3      20
     15       4      18 
     11      21      17
          9      16 
--8<--
found: sum= 77.0000 var=  0.0000 fitness= 77.0000 age=0
-->8--
          8      16 
     10      21       6
     22      14       5 
 13       2      15       3
  4      19      20      23
     17       7      11 
     24       9      18
          1      12 
--8<--
found: sum= 81.0000 var=  0.0000 fitness= 81.0000 age=0
-->8--
         12       9 
     10      22      16
     24       2      18 
  1      11      14       5
 17      15      19       4
     13      20      21 
      3       7       8
         23       6 
--8<--
execution time: real 0.358325s user 0.314952s sys 0.000999s
GA: P=1024 K=512 sp=2 xover=2D/1 aging
generation #3: pop m= 78.854 v=0.192 f= 76.853
best: found: sum= 84.0000 var=  0.0000 fitness= 84.0000 age=1
-->8--
         16      11 
     13      15       2
     23      10      24 
  5       7      22       8
  9      19      12       1
     21      14      17 
      6      20       3
          4      18 
--8<--
found: sum= 79.0000 var=  0.0000 fitness= 79.0000 age=1
-->8--
         18       9 
     13      17      10
     22       4      23 
  3       5      16       1
 15      14      21      11
     20      19       7 
     12       6      24
          8       2 
--8<--
found: sum= 80.0000 var=  0.0000 fitness= 80.0000 age=2
-->8--
         18      16 
      4      22      10
     11       5      24 
  7      20       3       1
 12      21      14      23
      9      17      15 
      6      19      13
          8       2 
--8<--
found: sum= 76.0000 var=  0.0000 fitness= 76.0000 age=2
-->8--
         16       6 
     15       2      24
     22      17      14 
  9       4      13      21
 10      19      20       1
     12       3       7 
      8      23      18
         11       5 
--8<--
found: sum= 80.0000 var=  0.0000 fitness= 80.0000 age=2
-->8--
          3       2 
      8      14      12
     19      13      24 
  5      23      15       9
 10       6       7      21
     17      16       4 
     18      22      20
          1      11 
--8<--
found: sum= 82.0000 var=  0.0000 fitness= 82.0000 age=3
-->8--
          2       6 
      8      16      18
     23      14      24 
  1      19       4       7
 17      10      20       5
     12      15      22 
     21      13       9
         11       3 
--8<--
found: sum= 79.0000 var=  0.0000 fitness= 79.0000 age=3
-->8--
         10      11 
     19      13       3
      4      24      22 
  8       9       6       5
 14      23      16      12
     21       1      18 
     15      17      20
          2       7 
--8<--
found: sum= 77.0000 var=  0.0000 fitness= 77.0000 age=1
-->8--
          8      16 
     10      21       6
     22      14       5 
 13       2      15       3
  4      19      20      23
     17       7      11 
     24       9      18
          1      12 
--8<--
found: sum= 77.0000 var=  0.0000 fitness= 77.0000 age=2
-->8--
          7       4 
     20       6      18
     13      19      22 
 16      12       8       1
 17       5      23       2
     14      10      21 
     24       9       3
         15      11 
--8<--
found: sum= 79.0000 var=  0.0000 fitness= 79.0000 age=1
-->8--
          5       1 
     13      23      18
      2      17       4 
 21      19      16      15
  6       9       8      12
     22      10      24 
      7      20       3
         11      14 
--8<--
found: sum= 77.0000 var=  0.0000 fitness= 77.0000 age=2
-->8--
         14      23 
      4      15      11
      5      17      10 
 20      22       1      21
  2      16      18       8
     12       3      19 
      9      24       7
         13       6 
--8<--
found: sum= 77.0000 var=  0.0000 fitness= 77.0000 age=2
-->8--
         12      16 
     19       8      15
      9      23       5 
 11       6      10       1
 20       7      18      21
     24      13      22 
     14      17       3
          2       4 
--8<--
found: sum= 79.0000 var=  0.0000 fitness= 79.0000 age=3
-->8--
          2       7 
     17       8      15
     20      22       9 
  5      10      18       4
 19       1      12      13
     24      16      23 
      6      11      14
         21       3 
--8<--
found: sum= 80.0000 var=  0.0000 fitness= 80.0000 age=1
-->8--
          6      20 
     13      16       5
     24       3      19 
 10      18      17       8
  2      12      21      11
     14       9       4 
     15      23      22
          7       1 
--8<--
found: sum= 79.0000 var=  0.0000 fitness= 79.0000 age=3
-->8--
          3      13 
     15      12      16
     24       2      19 
  6      23      17      10
  7       5      21       4
     14      11       8 
     22      18       1
          9      20 
--8<--
found: sum= 77.0000 var=  0.0000 fitness= 77.0000 age=2
-->8--
         23      10 
      2      12      21
     17      18       9 
  3       5       7      24
 13      19       6      15
     20      22      16 
      4      11      14
          1       8 
--8<--
found: sum= 80.0000 var=  0.0000 fitness= 80.0000 age=2
-->8--
         17      22 
     14       9      12
     21      13       4 
 15       6      20       5
  1      18      16      11
     19       7      24 
     10      23       2
          3       8 
--8<--
found: sum= 80.0000 var=  0.0000 fitness= 80.0000 age=3
-->8--
         11       4 
      1      24      15
     13      10      22 
  6      21       5      14
  7      17      18      19
     16       9       2 
     12      23       8
          3      20 
--8<--
found: sum= 76.0000 var=  0.0000 fitness= 76.0000 age=1
-->8--
         15       9 
     16       5       6
      4      24      19 
 17      12      13       1
  3      18       2      21
     22       7      20 
     11      10      14
          8      23 
--8<--
found: sum= 78.0000 var=  0.0000 fitness= 78.0000 age=2
-->8--
         12       3 
     23      13      10
      4      11      19 
 24      15      22      14
  7       8       5       2
     20      17      16 
      9      18      21
          6       1 
--8<--
found: sum= 80.0000 var=  0.0000 fitness= 80.0000 age=2
-->8--
          1      13 
      8      15       5
     24      10      18 
 12      22      19      23
  2       6       7       4
     14      16       9 
      3      20      17
         21      11 
--8<--
found: sum= 76.0000 var=  0.0000 fitness= 76.0000 age=3
-->8--
          9       2 
     23      13      20
      3      24       7 
 12       4      10       6
 22      16      14      18
     19       8      21 
      5      17      15
         11       1 
--8<--
found: sum= 76.0000 var=  0.0000 fitness= 76.0000 age=2
-->8--
          1      11 
     21       2      17
     10      23      16 
  3      19       7      18
 15       9      13      14
     20       5       8 
      6      24       4
         12      22 
--8<--
found: sum= 77.0000 var=  0.0000 fitness= 77.0000 age=2
-->8--
          4      13 
      6      24      12
     15       5       9 
  3      23      14      21
 18       8      20       2
     10       7      11 
     17      16      22
         19       1 
--8<--
found: sum= 76.0000 var=  0.0000 fitness= 76.0000 age=3
-->8--
         12      21 
     22      14      10
     11       9       5 
 15       8      17       3
  6      16      24       4
     20       2      23 
     13       7       1
         18      19 
--8<--
found: sum= 74.0000 var=  0.0000 fitness= 74.0000 age=1
-->8--
         24      10 
     20      21      19
      6       1       5 
 17       2      18      12
 11      22      23       3
     16       8      13 
     15       9      14
          4       7 
--8<--
found: sum= 75.0000 var=  0.0000 fitness= 75.0000 age=1
-->8--
          6      15 
     11      20      12
     18      19       7 
  9       1       2      16
  8      17      23      24
     22      13       3 
     14       5      21
          4      10 
--8<--
found: sum= 77.0000 var=  0.0000 fitness= 77.0000 age=3
-->8--
          7      14 
     18      15      12
      8      20      10 
  4       9       6      23
 21      13      24       3
     22       5      11 
      1      19       2
         17      16 
--8<--
found: sum= 77.0000 var=  0.0000 fitness= 77.0000 age=1
-->8--
         24      10 
      9      23      13
      1      15       2 
 20       5      14      19
 11      18      17       4
     22       8      21 
      7      16      12
          6       3 
--8<--
found: sum= 76.0000 var=  0.0000 fitness= 76.0000 age=1
-->8--
          8       3 
     15       7      18
     22      23       6 
 17       1      19      13
 11       9       4      10
     16      20      24 
     12       5      21
         14       2 
--8<--
found: sum= 78.0000 var=  0.0000 fitness= 78.0000 age=1
-->8--
         13      21 
      9      24       4
     16       2       5 
 20      14      22      17
  7      10      18       1
     11      12      15 
      3      19       8
         23       6 
--8<--
found: sum= 77.0000 var=  0.0000 fitness= 77.0000 age=2
-->8--
         13      18 
      7      11       5
     22      10       9 
 17      14      24       1
  3       2      12      23
     19      15       8 
     21      16       6
          4      20 
--8<--
found: sum= 79.0000 var=  0.0000 fitness= 79.0000 age=1
-->8--
         24      19 
      1       2       3
     22      23      18 
  8       7      14       4
 16       5      13      10
     21      17      20 
     15      12       6
          9      11 
--8<--
found: sum= 80.0000 var=  0.0000 fitness= 80.0000 age=2
-->8--
         18      16 
     10      11       1
     19      20      24 
  9       2       8      17
 14      15      23       5
     21      12       3 
      4      22      13
          6       7 
--8<--
found: sum= 77.0000 var=  0.0000 fitness= 77.0000 age=3
-->8--
          8       2 
     23      15      13
      3      19      21 
 14       9       7       1
  5      22      16      20
     24       4      12 
     11      10      18
          6      17 
--8<--
found: sum= 77.0000 var=  0.0000 fitness= 77.0000 age=3
-->8--
         20      13 
      3      21       4
      1      10      17 
 15      22      12       2
  5      18       9      14
     16       6      23 
     19       7       8
         11      24 
--8<--
found: sum= 78.0000 var=  0.0000 fitness= 78.0000 age=2
-->8--
         16      17 
     15      21       4
     13       3      11 
 24      10      22       2
  1      23      14       9
      7       6      20 
     19      18      12
          5       8 
--8<--
found: sum= 79.0000 var=  0.0000 fitness= 79.0000 age=2
-->8--
         11       1 
      3      18      10
     12      20       7 
 24      15      23      13
  5       4       8       6
     19       9      22 
     14      17       2
         16      21 
--8<--
found: sum= 81.0000 var=  0.0000 fitness= 81.0000 age=2
-->8--
          1      20 
      6      19       4
     21      11       9 
  5      23      18      16
  7      15       2      14
     10      12      22 
     17      24      13
          3       8 
--8<--
found: sum= 77.0000 var=  0.0000 fitness= 77.0000 age=3
-->8--
          3       8 
      1      20      17
     13      18       9 
 10      22       5      24
 11       6      19       4
     15       7      16 
     14      12      21
         23       2 
--8<--
found: sum= 78.0000 var=  0.0000 fitness= 78.0000 age=3
-->8--
          2       8 
     24      19       7
      9       3      18 
  4      21      23       1
 17       5      11      13
     22      15      12 
     20      10      16
          6      14 
--8<--
found: sum= 79.0000 var=  0.0000 fitness= 79.0000 age=3
-->8--
         12      21 
     24      11       4
     20       2      22 
  5      10      19      15
  7      14      16       1
     23      18       6 
      3      13       9
          8      17 
--8<--
found: sum= 76.0000 var=  0.0000 fitness= 76.0000 age=3
-->8--
         24      18 
      6      19      14
     21       1       2 
  7       5      22       8
 16      10      15      20
     17      23       9 
     11      12      13
          3       4 
--8<--
found: sum= 77.0000 var=  0.0000 fitness= 77.0000 age=2
-->8--
         21      18 
      3       2       1
     22      24      19 
  6       5      13      16
 17       4      11       8
     23      20      10 
     14       9      12
          7      15 
--8<--
found: sum= 83.0000 var=  0.0000 fitness= 83.0000 age=1
-->8--
         12       1 
     10      22       5
     15      21      20 
 23       3      14       6
  7      19      17       8
     16       9      18 
      2      24      11
         13       4 
--8<--
found: sum= 83.0000 var=  0.0000 fitness= 83.0000 age=1
-->8--
          2      19 
     16      15       8
     23      10      20 
  6      17      11       4
  3      22      18       9
     12       5      21 
      7      24      14
         13       1 
--8<--
found: sum= 76.0000 var=  0.0000 fitness= 76.0000 age=2
-->8--
          7      16 
     24      11      12
      6      19      10 
  5       9       8      21
 20      14      23       1
     22       3      13 
     15      18       2
          4      17 
--8<--
found: sum= 78.0000 var=  0.0000 fitness= 78.0000 age=1
-->8--
         13      19 
     15      23       3
      1       9      18 
 21      17       6       8
  7      22      20      12
     10       4      14 
     16      24      11
          2       5 
--8<--
found: sum= 78.0000 var=  0.0000 fitness= 78.0000 age=1
-->8--
          2       3 
      8      22      11
     15      12      20 
 13      19      10      18
  6       4       9      14
     21      24       7 
      1       5      17
         23      16 
--8<--
found: sum= 83.0000 var=  0.0000 fitness= 83.0000 age=1
-->8--
         12      19 
     11      24       3
     18       8      15 
  1      10      14       5
 13      21      23       4
     20       7      22 
      2      16       9
         17       6 
--8<--
found: sum= 77.0000 var=  0.0000 fitness= 77.0000 age=2
-->8--
          5       3 
     18       7      24
     15      11      22 
 12      21      10       8
  4       6      16       1
     19      13      20 
     14       2       9
         23      17 
--8<--
found: sum= 77.0000 var=  0.0000 fitness= 77.0000 age=2
-->8--
         14      18 
      2      15      10
     24       6      11 
  4      16      17       1
  5       9      22      23
     19       7       3 
      8      13      20
         21      12 
--8<--
found: sum= 78.0000 var=  0.0000 fitness= 78.0000 age=1
-->8--
         13       3 
      4       8      23
     22      14      18 
  2      17      12      15
 16      10      20       6
     11       5       7 
     19      24      21
          9       1 
--8<--
found: sum= 76.0000 var=  0.0000 fitness= 76.0000 age=3
-->8--
         19       3 
     14      18      24
      6      17       5 
 22       2       9      12
 11      20      21      16
     15       7      13 
      1      23       8
         10       4 
--8<--
found: sum= 82.0000 var=  0.0000 fitness= 82.0000 age=3
-->8--
          4      11 
     19      17      16
     18       3      15 
  2      21      20       5
 10       7       8      12
     24      23      22 
     13      14       9
          1       6 
--8<--
found: sum= 77.0000 var=  0.0000 fitness= 77.0000 age=3
-->8--
         14      18 
      2      15      10
     24       6      11 
  4      16      17       1
  5       9      22      23
     19       7       3 
      8      13      20
         21      12 
--8<--
found: sum= 76.0000 var=  0.0000 fitness= 76.0000 age=1
-->8--
         18       9 
      1      21       6
      2      14      22 
 19      20       4       5
 12      15      10      24
      8      13      11 
     17      16       3
          7      23 
--8<--
found: sum= 72.0000 var=  0.0000 fitness= 72.0000 age=1
-->8--
         15      11 
     18      20      22
     14       4       7 
  5       1       8      17
 23      19      24      13
     10      16       3 
     12       6       2
          9      21 
--8<--
found: sum= 77.0000 var=  0.0000 fitness= 77.0000 age=3
-->8--
         21      14 
      9       8      23
     19       4       6 
  3      16      22       5
 12      10       7      13
     17      18      24 
      1      11      15
         20       2 
--8<--
found: sum= 81.0000 var=  0.0000 fitness= 81.0000 age=1
-->8--
          7       6 
     16       9      12
      8      21      22 
 14      20      11       2
  5      15       4      18
     19      10      24 
     13      23       3
          1      17 
--8<--
found: sum= 78.0000 var=  0.0000 fitness= 78.0000 age=3
-->8--
          2      16 
     22      24      18
     15       3       9 
 14      12       8       7
  1      19      13      20
     17      23      21 
      5       4       6
         10      11 
--8<--
found: sum= 78.0000 var=  0.0000 fitness= 78.0000 age=2
-->8--
         10       9 
      7      16      13
     22      15      23 
  1       8       2      24
 17      19      20       3
     11      14       6 
      4      12       5
         18      21 
--8<--
found: sum= 77.0000 var=  0.0000 fitness= 77.0000 age=3
-->8--
         16      10 
     11      22      17
     12       9       5 
 20       7      14      18
 13      21       2      15
      4      24      23 
      8      19       6
          1       3 
--8<--
found: sum= 82.0000 var=  0.0000 fitness= 82.0000 age=3
-->8--
          3       4 
      6      19      17
     24      12      21 
 11      18       9      22
  1      20      13       2
      8      10      15 
     14      23       5
          7      16 
--8<--
found: sum= 83.0000 var=  0.0000 fitness= 83.0000 age=3
-->8--
          3      11 
     18      16      12
     20       7      23 
  8      19      14       6
 17       9      13       5
     10      21      22 
     15      24       1
          4       2 
--8<--
found: sum= 81.0000 var=  0.0000 fitness= 81.0000 age=2
-->8--
         23       2 
      6      15      22
     19      13      20 
  1       5       9      11
 17      18      24       3
     21      12      14 
      4      16       8
         10       7 
--8<--
found: sum= 79.0000 var=  0.0000 fitness= 79.0000 age=2
-->8--
          2       9 
     13      24       1
      3      22      16 
 23      15       7      14
  8      19       4      18
     11      12      20 
     10      21       5
          6      17 
--8<--
found: sum= 83.0000 var=  0.0000 fitness= 83.0000 age=2
-->8--
          6      18 
     10      13      16
     22       8      17 
  4      24      11       7
  9       5      15      12
     19      20      21 
     14      23       1
          2       3 
--8<--
found: sum= 75.0000 var=  0.0000 fitness= 75.0000 age=1
-->8--
         16       1 
      4      24      23
      9       7      12 
  5      15       8      11
 22       6      20      14
     18      19      10 
     13       2      21
         17       3 
--8<--
found: sum= 77.0000 var=  0.0000 fitness= 77.0000 age=3
-->8--
          4      15 
     19       2      22
     17      14      23 
 12      21       1       6
  3      16       5      18
      8      20      24 
     13      11       7
          9      10 
--8<--
found: sum= 78.0000 var=  0.0000 fitness= 78.0000 age=3
-->8--
         19       3 
     14      22      18
      4       2      20 
 12      17      13      10
 21      15      23       1
      9       8      11 
     16      24       7
          6       5 
--8<--
found: sum= 77.0000 var=  0.0000 fitness= 77.0000 age=1
-->8--
          1      11 
     20      24       6
     13       2      12 
  4      17      22       3
  9      19      10      14
     15       7      16 
     23       5      21
          8      18 
--8<--
found: sum= 81.0000 var=  0.0000 fitness= 81.0000 age=2
-->8--
         19      10 
      5      20      18
      8       7      17 
 11      22       9       1
  2      23      14      16
     15       6      24 
     13      21      12
          3       4 
--8<--
found: sum= 77.0000 var=  0.0000 fitness= 77.0000 age=1
-->8--
         15       2 
     12       5      14
     24      17      20 
 21       4      19       6
  9       3      11       8
     16      23      13 
     18       7      22
         10       1 
--8<--
found: sum= 77.0000 var=  0.0000 fitness= 77.0000 age=2
-->8--
         19      16 
      6       5       1
     21      23      18 
  7       3      14      15
 20       4       9      10
     22      24      11 
     17       8      13
          2      12 
--8<--
found: sum= 77.0000 var=  0.0000 fitness= 77.0000 age=1
-->8--
         15       4 
     11      17      18
      6       5      21 
 20      23      12       3
  1       8      22      10
     19       7       9 
     16      13       2
         14      24 
--8<--
found: sum= 81.0000 var=  0.0000 fitness= 81.0000 age=1
-->8--
         11       3 
      1      23       9
     24      14      19 
  5       8      13      17
 15      22      18       2
      7       6      12 
     10      20       4
         16      21 
--8<--
found: sum= 78.0000 var=  0.0000 fitness= 78.0000 age=2
-->8--
         21      10 
      4      22       6
      2      20      13 
 19       9       7      16
  1      23      11      17
     24       8      14 
      5      15      12
          3      18 
--8<--
found: sum= 79.0000 var=  0.0000 fitness= 79.0000 age=3
-->8--
          6       1 
     12      11      17
     16      19      22 
  7      15       9       3
 13      10       2      20
     18      24      23 
      8       5      21
         14       4 
--8<--
found: sum= 80.0000 var=  0.0000 fitness= 80.0000 age=3
-->8--
         20      14 
      1      17       5
     13       7      21 
 12      22      16       4
  8      10      19       9
     15       6      11 
     24      23      18
          2       3 
--8<--
found: sum= 78.0000 var=  0.0000 fitness= 78.0000 age=2
-->8--
         24      12 
      3      16      18
      5      11      13 
 23      19       8       6
  2      14       9      22
     15      17      20 
      7      21      10
          4       1 
--8<--
found: sum= 74.0000 var=  0.0000 fitness= 74.0000 age=1
-->8--
         15       2 
     19      11      23
      5      10       4 
  9      14      24       1
 21       7       3      22
     18      16      20 
     13      12       6
          8      17 
--8<--
found: sum= 76.0000 var=  0.0000 fitness= 76.0000 age=1
-->8--
         15       4 
     21      22       9
     10       3      20 
 23       5      18      11
 13      24      12       7
      1      14       8 
     16      19       6
          2      17 
--8<--
found: sum= 76.0000 var=  0.0000 fitness= 76.0000 age=3
-->8--
          6       5 
     23      19      15
     12       9      11 
  8       7      17      18
 20      16      24       2
     13       3       4 
      1      21      14
         22      10 
--8<--
found: sum= 80.0000 var=  0.0000 fitness= 80.0000 age=2
-->8--
          1       2 
     12      24      16
      6      19       4 
 20      18      15      17
  5       9      11      10
     22       8      23 
      7      21       3
         13      14 
--8<--
found: sum= 80.0000 var=  0.0000 fitness= 80.0000 age=3
-->8--
         19      11 
      5      21       7
     22       4      17 
 13       9      20      24
  2      18       6       3
     16      23      10 
      8      14      15
          1      12 
--8<--
found: sum= 76.0000 var=  0.0000 fitness= 76.0000 age=3
-->8--
         24       5 
     18      10      12
      4      17      21 
 19       3      11       1
  8      20      23       6
     22       2      14 
      7       9      15
         16      13 
--8<--
found: sum= 82.0000 var=  0.0000 fitness= 82.0000 age=1
-->8--
          7      11 
     16      10      17
     22       6      18 
  1      21      20       9
  2      12       8      14
     24      15      13 
      3      23       4
          5      19 
--8<--
found: sum= 79.0000 var=  0.0000 fitness= 79.0000 age=1
-->8--
         14       2 
      1      12      13
      6      22      23 
  5      24       7       8
 10      19       3      20
     15       4      18 
     11      21      17
          9      16 
--8<--
found: sum= 81.0000 var=  0.0000 fitness= 81.0000 age=1
-->8--
         12       9 
     10      22      16
     24       2      18 
  1      11      14       5
 17      15      19       4
     13      20      21 
      3       7       8
         23       6 
--8<--
found: sum= 83.0000 var=  0.0000 fitness= 83.0000 age=2
-->8--
          1      15 
      2      23       4
     16      17      21 
  9      24       3      11
  8       6      19       7
     20      14      22 
     12      13       5
         18      10 
--8<--
found: sum= 80.0000 var=  0.0000 fitness= 80.0000 age=3
-->8--
         12      11 
      2      13       1
     24      10      23 
 20      19      22       7
  5       3       8       4
      9      18      16 
     21      15       6
         14      17 
--8<--
found: sum= 70.0000 var=  0.0000 fitness= 70.0000 age=1
-->8--
         18      12 
     13      10      16
      3       6      17 
 24      20       9      14
 15       1      23       2
      7      11       5 
     22       8      19
         21       4 
--8<--
found: sum= 79.0000 var=  0.0000 fitness= 79.0000 age=2
-->8--
          7       9 
      2      23       4
     16      13      19 
  1      18      11      14
 15      21      10      20
      8       6       5 
      3      24      12
         17      22 
--8<--
found: sum= 82.0000 var=  0.0000 fitness= 82.0000 age=2
-->8--
          5       8 
     10      24      14
     19      13       2 
 16      11      21      12
  9       4      18       7
     23      15      22 
      3      20       1
         17       6 
--8<--
