found: sum= 74.0000 var=  0.0000 fitness= 74.0000
-->8--
         20      18 
     24      12       5
     11       3      23 
 15       4      13       7
 22      21      16       6
      1      17       9 
     19      14       8
          2      10 
--8<--
found: sum= 75.0000 var=  0.0000 fitness= 75.0000
-->8--
         10      14 
     20       2       5
     19      11      22 
 24      13      21       4
  3       1      12       7
     15      17       9 
     18       8       6
         16      23 
--8<--
found: sum= 78.0000 var=  0.0000 fitness= 78.0000
-->8--
          1      10 
     18       3       9
     13      19      22 
  7      24      15      12
  6       5       4      17
     23      11       8 
     16      21      20
          2      14 
--8<--
found: sum= 77.0000 var=  0.0000 fitness= 77.0000
-->8--
          5       2 
     15       4      16
     14      19      24 
 10      20      12       6
  1      11       8      18
     21       7       9 
      3      13      23
         22      17 
--8<--
found: sum= 79.0000 var=  0.0000 fitness= 79.0000
-->8--
          3       9 
      5      23       1
     11      16      18 
  8      21      12       4
 10      22       2      24
      7       6      19 
     14      17      15
         13      20 
--8<--
found: sum= 74.0000 var=  0.0000 fitness= 74.0000
-->8--
          3       1 
     23       2      21
     16      17      22 
 24      13      11      10
  4      12       7      18
      5      14       6 
     15      19      20
          9       8 
--8<--
found: sum= 75.0000 var=  0.0000 fitness= 75.0000
-->8--
          6      23 
      8       5       1
     15      21      13 
 17      20      12      18
 11      10       9       7
      2       3      16 
     14      24       4
         22      19 
--8<--
found: sum= 75.0000 var=  0.0000 fitness= 75.0000
-->8--
         13      10 
      2      12       4
     11      14      19 
  9      23      16      17
 24       1       3      15
      7      18       5 
      8      21       6
         20      22 
--8<--
found: sum= 79.0000 var=  0.0000 fitness= 79.0000
-->8--
         21      24 
      4      14      15
     20       1      13 
  7      19      12      16
  5       6      18      11
     22      23       9 
      8      17       2
          3      10 
--8<--
found: sum= 75.0000 var=  0.0000 fitness= 75.0000
-->8--
         12      16 
     11      24       2
      7       4      15 
  6      17      14       8
 23       1      20      13
     21      19       5 
     22       3      10
          9      18 
--8<--
found: sum= 79.0000 var=  0.0000 fitness= 79.0000
-->8--
          2      12 
     18       1      15
     13      21      23 
  9      24       7       5
 11       3       8      14
     19      16      22 
      4      17      10
         20       6 
--8<--
found: sum= 77.0000 var=  0.0000 fitness= 77.0000
-->8--
          7       6 
      9      12       2
     10      24      22 
 14      15      11      20
  3      18       1       4
     17       8      19 
     16       5      21
         13      23 
--8<--
found: sum= 77.0000 var=  0.0000 fitness= 77.0000
-->8--
          7       6 
      9      12       2
     10      24      22 
 14      15      11      20
  3      18       1       4
     17       8      19 
     16       5      21
         13      23 
--8<--
found: sum= 81.0000 var=  0.0000 fitness= 81.0000
-->8--
          3       1 
     14      12       2
     23      20      22 
 15       9      24       6
 13       4       8      11
     17      16      10 
      5      21      19
         18       7 
--8<--
found: sum= 77.0000 var=  0.0000 fitness= 77.0000
-->8--
          2       3 
      4      17      24
     14      21      11 
 20      19       1      12
  9      10      18      13
      5       8      22 
     23      16       6
         15       7 
--8<--
found: sum= 76.0000 var=  0.0000 fitness= 76.0000
-->8--
         18       8 
     16      11       1
      7      15      22 
 23       9      19       4
 13      10       6      20
     14      17       5 
     12      21      24
          2       3 
--8<--
found: sum= 83.0000 var=  0.0000 fitness= 83.0000
-->8--
          6       2 
      7      24       3
      8      20      22 
 16      18      12      10
 15       9       5      13
     17      19      21 
     11      23       1
          4      14 
--8<--
execution time: real 0.066695s user 0.005999s sys 0.001999s
GA: P=50 K=10 sp=2 xover=2D/1 optrpl=2 optskip=10 optmax=1.142857
generation #74: pop m= 78.963 v= 68.758 f= 48.689 best_age=1
best: found: sum= 83.0000 var=  0.0000 fitness= 83.0000
-->8--
          6       2 
      7      24       3
      8      20      22 
 16      18      12      10
 15       9       5      13
     17      19      21 
     11      23       1
          4      14 
--8<--
found: sum= 81.0000 var=  0.0000 fitness= 81.0000
-->8--
          3       1 
     14      12       2
     23      20      22 
 15       9      24       6
 13       4       8      11
     17      16      10 
      5      21      19
         18       7 
--8<--
