found: sum= 74.0000 var=  0.0000 fitness= 74.0000 age=0
-->8--
          7      12 
     19       8       4
     17       3      24 
  6      20      23      11
 16      13       1       5
      2      14      10 
     21       9      22
         15      18 
--8<--
found: sum= 78.0000 var=  0.0000 fitness= 78.0000 age=0
-->8--
          4      10 
     18      22      15
      8      17       2 
 24       9      12       7
  1      13      21      20
     23       6      16 
      3      19      11
         14       5 
--8<--
found: sum= 81.0000 var=  0.0000 fitness= 81.0000 age=0
-->8--
         18      16 
     12      19       5
      9       2      24 
  7      21      15       6
 11      13      22       4
     20       8      10 
      3      23       1
         14      17 
--8<--
found: sum= 73.0000 var=  0.0000 fitness= 73.0000 age=0
-->8--
         22      15 
     17       1      20
     18       3      10 
 11      12      24      13
  7       9       4       8
     16      21      14 
      2       6       5
         19      23 
--8<--
found: sum= 76.0000 var=  0.0000 fitness= 76.0000 age=0
-->8--
          7      14 
      4      22      18
     21       3      11 
 10      19       8       5
  9      16      17      12
      1      13      23 
     20       2       6
         24      15 
--8<--
found: sum= 73.0000 var=  0.0000 fitness= 73.0000 age=0
-->8--
          7       5 
     18       3       8
      9      24      23 
 14      12      10       4
 17      15       1      13
      6      11      22 
     20       2      21
         19      16 
--8<--
found: sum= 80.0000 var=  0.0000 fitness= 80.0000 age=0
-->8--
          1       7 
     21      13       9
     14       8      24 
 15      23      19      10
  5       3      11       4
     20      16      12 
     18      17      22
          6       2 
--8<--
found: sum= 76.0000 var=  0.0000 fitness= 76.0000 age=0
-->8--
          3      11 
     20      22       6
     14      10      12 
  2       7      15       5
 21      24       4      17
      8      16      23 
     18       1      19
          9      13 
--8<--
found: sum= 79.0000 var=  0.0000 fitness= 79.0000 age=0
-->8--
          4       1 
     12       6      13
     19      23      20 
 22      15      16       8
  3       2      14      10
     18       9      11 
      5      21      17
         24       7 
--8<--
found: sum= 80.0000 var=  0.0000 fitness= 80.0000 age=0
-->8--
          5       2 
     11      13      19
     24      18      20 
 12       9       8       6
  3      15      23       1
     17       7      22 
     16       4      14
         21      10 
--8<--
found: sum= 80.0000 var=  0.0000 fitness= 80.0000 age=0
-->8--
          4       5 
     12      11      18
     19      10      22 
  8      24      14       6
  7      13       2      20
      9      17      16 
      3      23       1
         15      21 
--8<--
found: sum= 76.0000 var=  0.0000 fitness= 76.0000 age=0
-->8--
         16       3 
     11       6      13
     14      12      19 
  9      17      23       5
 21       8       1      18
      7      15      10 
      2      24      22
         20       4 
--8<--
found: sum= 77.0000 var=  0.0000 fitness= 77.0000 age=0
-->8--
          1      15 
      4      14      11
     12      24       7 
 16      22       6      18
  5       3       2      21
     19      20      23 
     17      10       9
          8      13 
--8<--
found: sum= 79.0000 var=  0.0000 fitness= 79.0000 age=0
-->8--
          2      21 
     16      22       3
     15       1      24 
 19      23       8       6
  5      10      20      12
      7      17       9 
     13      18       4
         14      11 
--8<--
found: sum= 77.0000 var=  0.0000 fitness= 77.0000 age=0
-->8--
          4      19 
      1      23       7
     21      17       5 
  2      11       6      20
 14      16       9      22
     13      18      15 
     10       8       3
         12      24 
--8<--
found: sum= 77.0000 var=  0.0000 fitness= 77.0000 age=0
-->8--
         13       9 
     21      10      22
     17       2      19 
  4      14      15       6
  3      16      12      20
     23      18       5 
      1      11      24
          8       7 
--8<--
found: sum= 77.0000 var=  0.0000 fitness= 77.0000 age=0
-->8--
          8      15 
      6      13      11
     24      12      19 
  4      14       7       9
  2      10      16      21
     23      18       5 
      3       1      20
         22      17 
--8<--
found: sum= 78.0000 var=  0.0000 fitness= 78.0000 age=0
-->8--
         21      13 
     18       1      17
     23      11      20 
 10       4      16       6
  8      14      24       7
     19       9       5 
     12      22      15
          2       3 
--8<--
found: sum= 79.0000 var=  0.0000 fitness= 79.0000 age=0
-->8--
         13      16 
      1       3      22
     24      15      18 
  6      23       5       4
  9       7      17      14
     10      12      21 
     11      19       2
         20       8 
--8<--
found: sum= 74.0000 var=  0.0000 fitness= 74.0000 age=0
-->8--
         21      15 
      5       2       6
     14      22      18 
  1      10      11      17
 13      16       7       9
     20       8      12 
      3       4      19
         23      24 
--8<--
found: sum= 74.0000 var=  0.0000 fitness= 74.0000 age=0
-->8--
         22       6 
     19       1      16
      8      21      12 
 17       3      18      13
  2      20       5      11
     24       7      15 
      4      10      14
          9      23 
--8<--
found: sum= 73.0000 var=  0.0000 fitness= 73.0000 age=0
-->8--
         23      24 
     14       5       9
     21       7      16 
 19       3      12       4
  8      20      13      22
      2      18       6 
     17      15      10
          1      11 
--8<--
found: sum= 75.0000 var=  0.0000 fitness= 75.0000 age=0
-->8--
          4      13 
     21      11      17
     16      18      15 
 24       5       1       3
 10       8      20      22
     12      23      14 
     19       7       2
          6       9 
--8<--
found: sum= 75.0000 var=  0.0000 fitness= 75.0000 age=0
-->8--
         17       1 
      3       2      20
     10      21      24 
  5      22       7      19
 18       9       4       6
     11      12      15 
     16      13       8
         14      23 
--8<--
found: sum= 78.0000 var=  0.0000 fitness= 78.0000 age=0
-->8--
          4      12 
      6      22      10
     24       7      14 
 17      15      13      11
  5       9      16       3
      8      18      21 
     19       1      20
         23       2 
--8<--
found: sum= 75.0000 var=  0.0000 fitness= 75.0000 age=0
-->8--
         21      13 
     16       5      12
     10      15      11 
  3       8      19       1
  9      23       6      18
     22       4      20 
     17       7      24
          2      14 
--8<--
found: sum= 75.0000 var=  0.0000 fitness= 75.0000 age=0
-->8--
         10      14 
     13      23      16
     22       2      12 
 15       5       8       4
  3      19      21      24
     11      20       6 
      7       1       9
         17      18 
--8<--
found: sum= 83.0000 var=  0.0000 fitness= 83.0000 age=0
-->8--
          9      10 
      7      22      13
     12      17      19 
 11      16       2      14
  3      20      24       1
     21       4      23 
     15      18       8
          5       6 
--8<--
found: sum= 71.0000 var=  0.0000 fitness= 71.0000 age=0
-->8--
         21      20 
      7      10      19
     24       4       2 
 18       5      16      11
 14       9      22       8
      1      15      12 
     17       6       3
         23      13 
--8<--
found: sum= 79.0000 var=  0.0000 fitness= 79.0000 age=0
-->8--
         16       1 
      3      17      13
     23      14      19 
 12       6      15       9
 11      22       2      24
      5      20      10 
      4      21       8
          7      18 
--8<--
found: sum= 78.0000 var=  0.0000 fitness= 78.0000 age=0
-->8--
          1       5 
     17      24      14
     12       9      23 
 16      15       3      22
 10      19      21       2
      6      11       7 
     20      18       8
          4      13 
--8<--
found: sum= 79.0000 var=  0.0000 fitness= 79.0000 age=0
-->8--
          5      23 
      8       9       6
     24      15       4 
  2      18      22       3
 14       1      10      19
     20      13      21 
     16      17       7
         12      11 
--8<--
found: sum= 81.0000 var=  0.0000 fitness= 81.0000 age=0
-->8--
          4       1 
      5      10      22
     23      15      19 
  3      24      14      11
 12       2       8       9
     17      18      20 
     21      16       6
          7      13 
--8<--
found: sum= 78.0000 var=  0.0000 fitness= 78.0000 age=0
-->8--
         22      14 
      1      19       9
     23       8      11 
  3       5      17      24
  6      21      12      10
     20      15       4 
      7      13      16
          2      18 
--8<--
found: sum= 78.0000 var=  0.0000 fitness= 78.0000 age=0
-->8--
          9       2 
     14      11       4
      6      16      24 
 10      22      21       5
 17      15       3       7
      8       1      18 
     19      23      20
         12      13 
--8<--
found: sum= 77.0000 var=  0.0000 fitness= 77.0000 age=0
-->8--
         16       4 
     17      24      14
     13       1      19 
 10       6      15       2
  9      21      11      22
     18      23       8 
      7       3      12
          5      20 
--8<--
found: sum= 77.0000 var=  0.0000 fitness= 77.0000 age=0
-->8--
          1      13 
     21       4      19
     17      12      15 
 20      22      14       9
  2       6       5      11
     10      18      23 
     24      16       7
          3       8 
--8<--
found: sum= 75.0000 var=  0.0000 fitness= 75.0000 age=0
-->8--
         20      23 
     18       5       9
     10      19      15 
 11       3       4      16
 12      17      24      14
     22       8       2 
      1      21       7
          6      13 
--8<--
found: sum= 81.0000 var=  0.0000 fitness= 81.0000 age=0
-->8--
          3       6 
     19      24      12
     21       1      23 
  4      13      15       7
 16      22      20       2
      5      10      14 
     17      18       8
          9      11 
--8<--
found: sum= 76.0000 var=  0.0000 fitness= 76.0000 age=0
-->8--
         10      21 
      4      22      11
     14      17       3 
  6       9       2      20
 18      24      16      12
      5       8      23 
     19      13      15
          7       1 
--8<--
found: sum= 82.0000 var=  0.0000 fitness= 82.0000 age=0
-->8--
          7      18 
     15      17       6
     24       8      14 
 21      11      19       2
  1      12      23       4
     13       9      20 
     16      22       3
         10       5 
--8<--
found: sum= 75.0000 var=  0.0000 fitness= 75.0000 age=0
-->8--
         21       9 
      2      24       6
      7       5       8 
 17      16      23      22
 10      11       1       3
     14      19      18 
     15       4      20
         12      13 
--8<--
found: sum= 78.0000 var=  0.0000 fitness= 78.0000 age=0
-->8--
         15      12 
     11      24       4
      9      14      17 
  3       5       7      13
 22      21      23      16
     18       8       2 
     10      20      19
          1       6 
--8<--
found: sum= 77.0000 var=  0.0000 fitness= 77.0000 age=0
-->8--
         18       6 
      1      19       7
      3      13      21 
 10      23      11       4
 24       9       5      14
      8      16      22 
     17      12       2
         15      20 
--8<--
found: sum= 76.0000 var=  0.0000 fitness= 76.0000 age=0
-->8--
         16      10 
     20       2      23
     19       8      18 
 14      11      15       4
  1       9      21       5
     22      12      13 
      3       6       7
         24      17 
--8<--
found: sum= 75.0000 var=  0.0000 fitness= 75.0000 age=0
-->8--
          4      13 
     23       3      14
     24       9      21 
  7      12      15      18
 20      11       6       5
      1      22      10 
     17      16       2
          8      19 
--8<--
found: sum= 79.0000 var=  0.0000 fitness= 79.0000 age=0
-->8--
          9      22 
      6      24      10
     23       4      17 
 12      13       2      15
 11      19      21       8
      1      20      16 
     18      14       5
          7       3 
--8<--
found: sum= 74.0000 var=  0.0000 fitness= 74.0000 age=0
-->8--
         21      11 
     22       5      18
      4      15      23 
  6       7       2       3
 13      24      17      19
     20       9      10 
     12       8      14
          1      16 
--8<--
found: sum= 75.0000 var=  0.0000 fitness= 75.0000 age=0
-->8--
         13      14 
      3      23      17
      2      12       4 
 15      22       5      18
  9       7       8      24
     20      21      16 
      6      10      19
         11       1 
--8<--
found: sum= 79.0000 var=  0.0000 fitness= 79.0000 age=0
-->8--
         22      23 
     15      19       4
     18       2      11 
  8       3      20       6
 13      16      24       1
     21      14      17 
     12       9       5
          7      10 
--8<--
found: sum= 74.0000 var=  0.0000 fitness= 74.0000 age=0
-->8--
          7       1 
      8      18      16
     12      15       3 
  6      14      21      19
 13       5      17      10
     24       2       4 
     23       9      20
         11      22 
--8<--
found: sum= 82.0000 var=  0.0000 fitness= 82.0000 age=0
-->8--
          9       6 
      4      21      14
     18      19       2 
  5      11      20      17
 10      15      16       3
     23       1      24 
     13      22      12
          8       7 
--8<--
found: sum= 75.0000 var=  0.0000 fitness= 75.0000 age=0
-->8--
         16      24 
      3      11      13
     20       4      17 
  1      21       6      23
 10      18      12       2
      5      14      15 
     22       7       8
          9      19 
--8<--
found: sum= 81.0000 var=  0.0000 fitness= 81.0000 age=0
-->8--
         13       1 
      2      22       3
     16      21      24 
  6       7      10      18
 23      14      17       4
     15      12       8 
      9      20       5
         11      19 
--8<--
found: sum= 73.0000 var=  0.0000 fitness= 73.0000 age=0
-->8--
          3       5 
     20      18      19
      8       2       6 
  7      22      23      14
 17      10       1      16
      9      15      13 
      4      11      21
         24      12 
--8<--
found: sum= 76.0000 var=  0.0000 fitness= 76.0000 age=0
-->8--
         19      21 
      5      14       4
     15       6      24 
 12      17       7      20
  3      13      22       2
     16      11       1 
      8      10       9
         18      23 
--8<--
found: sum= 75.0000 var=  0.0000 fitness= 75.0000 age=0
-->8--
         14      18 
     16      11       2
     13      17      22 
 24       4       5       6
 10      23       7      15
      1      19      20 
      3       8      12
         21       9 
--8<--
found: sum= 79.0000 var=  0.0000 fitness= 79.0000 age=0
-->8--
          7       1 
      9      15      23
     12      14      10 
  6      22      16      19
 11       4      18       3
     24       5      13 
     17      21       2
          8      20 
--8<--
found: sum= 78.0000 var=  0.0000 fitness= 78.0000 age=0
-->8--
         21       6 
     15      10      17
      9       5      24 
 22      18      16      19
  3      12       4       2
     14      23      13 
      8      20       7
          1      11 
--8<--
found: sum= 76.0000 var=  0.0000 fitness= 76.0000 age=0
-->8--
          1       7 
     22      18       2
      6      17      24 
 19      12       8       9
  3      13      16      15
     23      10       4 
     11       5      20
         14      21 
--8<--
found: sum= 74.0000 var=  0.0000 fitness= 74.0000 age=0
-->8--
         17      21 
     11      16      20
     19       1       9 
 13      10       7      23
 12      14      18       2
      6      24      15 
     22       5       4
          3       8 
--8<--
found: sum= 72.0000 var=  0.0000 fitness= 72.0000 age=0
-->8--
          9      14 
     16       6       4
      8      13      23 
 10      20      12       1
 24       7      15      19
      3       5       2 
     17      18      11
         22      21 
--8<--
found: sum= 75.0000 var=  0.0000 fitness= 75.0000 age=0
-->8--
         13       2 
      7      24      14
      6       9      18 
 22      16       8      12
 10      20       5      21
      1      17      11 
      3      15      23
         19       4 
--8<--
found: sum= 80.0000 var=  0.0000 fitness= 80.0000 age=0
-->8--
          6       9 
      5      15      13
     23      14      22 
  1      17       7       2
  4      16      18      20
     19       8      11 
     24      10      12
          3      21 
--8<--
found: sum= 71.0000 var=  0.0000 fitness= 71.0000 age=0
-->8--
         17      24 
      2      20       9
      1       8       4 
  7      23       6      12
 22      13      18      16
      5       3      15 
     21      10      14
         19      11 
--8<--
found: sum= 75.0000 var=  0.0000 fitness= 75.0000 age=0
-->8--
          9      13 
      6      20      18
     23       3       2 
  4      14      19      21
 17       5      10      16
     12      24       7 
      1      11      15
         22       8 
--8<--
found: sum= 78.0000 var=  0.0000 fitness= 78.0000 age=0
-->8--
         24      18 
      1      21      17
     22       4       7 
  5       6      11      13
 10      15      19      16
     20      23      12 
      3       8      14
          9       2 
--8<--
found: sum= 80.0000 var=  0.0000 fitness= 80.0000 age=0
-->8--
          4      11 
     10       9       6
     21      22      15 
 16      14      17      13
  3       7      18       5
     19       2      12 
      8      24       1
         20      23 
--8<--
found: sum= 77.0000 var=  0.0000 fitness= 77.0000 age=0
-->8--
          8       9 
     10      23      17
     20       4      18 
  5      12       6      16
 24      14      19       3
      2      22      15 
     21       7      13
         11       1 
--8<--
found: sum= 75.0000 var=  0.0000 fitness= 75.0000 age=0
-->8--
         22      23 
      2       4       8
     21       6      10 
  3      20      24      18
 14       1      11       7
     16      13       5 
     17      19      12
          9      15 
--8<--
found: sum= 81.0000 var=  0.0000 fitness= 81.0000 age=0
-->8--
          1      12 
     24      15       9
     22      14      11 
  6       5      20       7
 17      13       8      19
     18      21      16 
      2      23       3
          4      10 
--8<--
found: sum= 73.0000 var=  0.0000 fitness= 73.0000 age=0
-->8--
         23      24 
      5      16       2
      4       3       8 
  7      22      20       6
 18      12      15      11
     10       1      13 
     19      14       9
         17      21 
--8<--
found: sum= 75.0000 var=  0.0000 fitness= 75.0000 age=0
-->8--
         15      13 
     16      20      21
     17       1       2 
 11       6      18      23
 12       7      24       3
     22      19       5 
     10       9       4
          8      14 
--8<--
found: sum= 74.0000 var=  0.0000 fitness= 74.0000 age=0
-->8--
          1      15 
     21      24       2
     10      11       5 
 16       7      17       8
 19      18       9      22
      4      12      13 
      3      14       6
         23      20 
--8<--
found: sum= 78.0000 var=  0.0000 fitness= 78.0000 age=0
-->8--
         11      17 
      6      24       8
     22       1      16 
  2      14      12      15
 23      13      20      10
      4      18       5 
     21      19       9
          3       7 
--8<--
found: sum= 79.0000 var=  0.0000 fitness= 79.0000 age=0
-->8--
         12       3 
      6      15      13
     23      18      14 
  7       5      16      24
  1      21      10      11
     22       9       4 
      8      17      20
          2      19 
--8<--
found: sum= 76.0000 var=  0.0000 fitness= 76.0000 age=0
-->8--
          3      15 
     13       8       2
     24      22      19 
 21       6      10       1
 11       9      12      14
      5      17      20 
     18       4      16
         23       7 
--8<--
found: sum= 79.0000 var=  0.0000 fitness= 79.0000 age=0
-->8--
          2       1 
     16       7       4
     15      22      24 
 19      17      21       5
 13       3       6       9
     12      10      14 
     11      23      18
         20       8 
--8<--
found: sum= 76.0000 var=  0.0000 fitness= 76.0000 age=0
-->8--
          2      16 
     19      18      10
     24       4      23 
 14       9       5      12
  7      21      17      11
      1      20       8 
     13       6       3
         15      22 
--8<--
found: sum= 79.0000 var=  0.0000 fitness= 79.0000 age=0
-->8--
          6       9 
     14      15      10
     12      21      17 
  4      11       7       3
 23       5      13      20
     24      22      19 
     18       8       1
          2      16 
--8<--
found: sum= 76.0000 var=  0.0000 fitness= 76.0000 age=0
-->8--
         17      15 
     11      16      12
     24       3       7 
  4       5      23       9
 20      22      13       6
      1      10      18 
      8      14      19
         21       2 
--8<--
found: sum= 77.0000 var=  0.0000 fitness= 77.0000 age=0
-->8--
          1       6 
     21      16      18
     20       2      22 
 23      17      13       4
  3       9      12      19
      5      24       7 
     14      15       8
         10      11 
--8<--
found: sum= 76.0000 var=  0.0000 fitness= 76.0000 age=0
-->8--
         22      14 
     12       7       9
     18      16      17 
  6       1      13      15
 19      21      23       5
     11       2       3 
      8      24       4
         10      20 
--8<--
found: sum= 75.0000 var=  0.0000 fitness= 75.0000 age=0
-->8--
          1       8 
     20       9      23
     22      21      10 
 18       2       4      13
  7      15      19      12
     11      14      17 
     24       6      16
          5       3 
--8<--
found: sum= 79.0000 var=  0.0000 fitness= 79.0000 age=0
-->8--
          6      12 
     13       1      18
     23      16      17 
 14      20      15       8
  9       2       5      10
     11      21      24 
     22      19       3
          4       7 
--8<--
found: sum= 74.0000 var=  0.0000 fitness= 74.0000 age=0
-->8--
         12      22 
      1      16       6
     23      13       7 
  3       9      10      24
 19      18       4      21
      2      20       8 
     15      14      11
          5      17 
--8<--
found: sum= 77.0000 var=  0.0000 fitness= 77.0000 age=0
-->8--
          2       1 
     23       8      18
     19      22      12 
 21       3      16      17
  4       6      20       5
     24      10       7 
      9      15      11
         13      14 
--8<--
found: sum= 73.0000 var=  0.0000 fitness= 73.0000 age=0
-->8--
          1      18 
     20      19      17
      8       2       4 
 22      23      13      14
  7       3      11      16
     10      21      15 
      6       9      12
         24       5 
--8<--
found: sum= 77.0000 var=  0.0000 fitness= 77.0000 age=0
-->8--
          7      16 
     22      23       3
      5      11       4 
  8       9      20      19
 10      21      15       2
     24       1      17 
     13      12      14
          6      18 
--8<--
found: sum= 78.0000 var=  0.0000 fitness= 78.0000 age=0
-->8--
          5       8 
     13      23       2
     19      14       7 
  6       4      24       9
 17      10      15      20
     22      11       3 
      1      16      12
         18      21 
--8<--
found: sum= 82.0000 var=  0.0000 fitness= 82.0000 age=0
-->8--
          3       2 
      1      14      13
     19      21      22 
  6      24      10      16
  5       8       4      18
     20      15      12 
      7      23      11
          9      17 
--8<--
found: sum= 73.0000 var=  0.0000 fitness= 73.0000 age=0
-->8--
         24      17 
      5       8      14
     18       3      22 
  2      15       9      21
 13      19      16       4
      6      11       1 
      7      10      12
         20      23 
--8<--
found: sum= 78.0000 var=  0.0000 fitness= 78.0000 age=0
-->8--
         24      12 
      6      11      20
      5       9      19 
 14      23       7      13
  4      10      21       2
     22       8      16 
      3      17      15
         18       1 
--8<--
found: sum= 79.0000 var=  0.0000 fitness= 79.0000 age=0
-->8--
          7      10 
      8      23       9
     16       4      20 
  2      21      13       5
 17      12      14      24
     11      15       3 
     18      22      19
          1       6 
--8<--
found: sum= 77.0000 var=  0.0000 fitness= 77.0000 age=0
-->8--
         22      19 
      8      24       2
     12      10      17 
 14       1       5      16
 21      18      20      13
     11      23       6 
      7      15       9
          3       4 
--8<--
found: sum= 75.0000 var=  0.0000 fitness= 75.0000 age=0
-->8--
          7      12 
      4      13      14
     24       9      19 
  1      18       8      15
 10      20      17       5
      2       3      11 
     21       6      16
         23      22 
--8<--
found: sum= 74.0000 var=  0.0000 fitness= 74.0000 age=0
-->8--
         19       3 
     21      18      24
      7       1      13 
 20       8      15      14
  5      23      17       6
     11      10       9 
      2      12      22
         16       4 
--8<--
found: sum= 74.0000 var=  0.0000 fitness= 74.0000 age=0
-->8--
         14      16 
      1      20      18
     13       3       5 
 15      23      12      11
 10       9      19      21
      4       8       6 
      7      22      17
         24       2 
--8<--
found: sum= 80.0000 var=  0.0000 fitness= 80.0000 age=0
-->8--
          1       3 
     10      17      19
     24       8      21 
  5      20      12      18
 11       4      14       6
     16      22       9 
     23      13       7
          2      15 
--8<--
found: sum= 78.0000 var=  0.0000 fitness= 78.0000 age=0
-->8--
         10      19 
     16       1       7
     22      18      21 
  4      11      12       9
  3      14       8      23
     24      15       5 
      6      17      20
          2      13 
--8<--
found: sum= 75.0000 var=  0.0000 fitness= 75.0000 age=0
-->8--
          1      15 
     16      18      12
     11       7      13 
 20      22      10       4
 17       3      19      21
      2      14       8 
      9      23       5
         24       6 
--8<--
found: sum= 76.0000 var=  0.0000 fitness= 76.0000 age=0
-->8--
          1      20 
     21      18       8
     11       2      19 
  5      23       9      24
 13      10      15       3
     14      17       6 
     16      12       4
          7      22 
--8<--
found: sum= 82.0000 var=  0.0000 fitness= 82.0000 age=0
-->8--
          5       7 
      4      15      13
     18      16      21 
  1      24      10      12
 19       6       9       8
     14      17      22 
     23      20       3
          2      11 
--8<--
found: sum= 79.0000 var=  0.0000 fitness= 79.0000 age=0
-->8--
          3      20 
      4      15      18
     24      11       9 
  2      22       6      21
  5      10      23       8
     16       7      12 
     14      19      17
         13       1 
--8<--
found: sum= 80.0000 var=  0.0000 fitness= 80.0000 age=0
-->8--
         11       8 
      1      20      19
     24      10      18 
  2      14       5      22
  7      12      16       6
     21      23      13 
      3       4      15
         17       9 
--8<--
found: sum= 78.0000 var=  0.0000 fitness= 78.0000 age=0
-->8--
         21      13 
      2      23      10
     20      11      18 
  7       1       3      14
 12      22      24      15
     16      17       4 
      8       9       5
          6      19 
--8<--
found: sum= 80.0000 var=  0.0000 fitness= 80.0000 age=0
-->8--
         19       3 
      2      18       5
     20      17      22 
 14       4      15       1
 21      13       7      12
      8      24      23 
     16       9      11
         10       6 
--8<--
found: sum= 75.0000 var=  0.0000 fitness= 75.0000 age=0
-->8--
         18      14 
     24      17       7
     11       2      15 
 21       3      20      13
 19      16      22       1
      5      12       4 
     10      23       8
          9       6 
--8<--
found: sum= 76.0000 var=  0.0000 fitness= 76.0000 age=0
-->8--
         11      16 
     23       1       5
     10      12      22 
  3      19      20      13
  9      14       7       6
     21       4       8 
     17      18      15
          2      24 
--8<--
found: sum= 75.0000 var=  0.0000 fitness= 75.0000 age=0
-->8--
         11      21 
      5      20       1
     13       8      15 
 14      18      10      22
  4      17      19       7
      9       3       2 
      6      16      12
         24      23 
--8<--
found: sum= 77.0000 var=  0.0000 fitness= 77.0000 age=0
-->8--
         15      11 
      3      14       2
      1      24      21 
  4      20       5       7
 17      12      10      16
     23       6      18 
      9       8      22
         19      13 
--8<--
found: sum= 73.0000 var=  0.0000 fitness= 73.0000 age=0
-->8--
          7      18 
     24      16       8
      1       5      11 
 14      20      15      23
 21       4      10      12
     13      19       2 
      6      22       3
          9      17 
--8<--
found: sum= 78.0000 var=  0.0000 fitness= 78.0000 age=0
-->8--
         12      20 
     10      22       1
     17       9      23 
 11       8       3       6
 16      24      21      18
      2      13       7 
     15      19       4
          5      14 
--8<--
found: sum= 75.0000 var=  0.0000 fitness= 75.0000 age=0
-->8--
         20       6 
      1       7      19
     17      18       3 
  4      12      22      15
  9      10       5      16
     23       8      14 
      2      11      24
         21      13 
--8<--
found: sum= 75.0000 var=  0.0000 fitness= 75.0000 age=0
-->8--
         13      16 
     20       2       5
     12      19      23 
  7       9      10      17
 15      11       4      18
     21      22       3 
      6      14      24
          1       8 
--8<--
found: sum= 83.0000 var=  0.0000 fitness= 83.0000 age=0
-->8--
          3      13 
      9      23       5
     22      14      20 
  4      12       8      16
 17       7      18       2
     21      24      19 
      6      10       1
         15      11 
--8<--
found: sum= 79.0000 var=  0.0000 fitness= 79.0000 age=0
-->8--
          7      23 
     14      16       2
     24      17      15 
 18       1       6      20
 11      12      21       9
     13      22       8 
      3      19       4
         10       5 
--8<--
found: sum= 76.0000 var=  0.0000 fitness= 76.0000 age=0
-->8--
          1       3 
     17      23      22
      9      10      11 
  4      16       7       6
 14      13      18      19
     20      12      15 
      5       2      21
         24       8 
--8<--
found: sum= 78.0000 var=  0.0000 fitness= 78.0000 age=0
-->8--
         24      12 
     11      14       8
      6       7      22 
 19      16      15       2
 13       3      17      18
     21      20       4 
     10      23       9
          1       5 
--8<--
found: sum= 78.0000 var=  0.0000 fitness= 78.0000 age=0
-->8--
         18      20 
     14      16       3
      6      13      17 
 15      11       9      10
  1      21      22      12
     24       2       8 
      5      19       4
          7      23 
--8<--
found: sum= 78.0000 var=  0.0000 fitness= 78.0000 age=0
-->8--
         18       4 
      6      24      19
     17       5      14 
  2       8      12       1
 16      20      23      21
     15      10       7 
      9      13       3
         11      22 
--8<--
found: sum= 78.0000 var=  0.0000 fitness= 78.0000 age=0
-->8--
          6      19 
     14      24       2
     23       3      13 
  9       8      17       7
 11      12      20      16
     15      18       5 
      1      10       4
         22      21 
--8<--
found: sum= 80.0000 var=  0.0000 fitness= 80.0000 age=0
-->8--
          3      13 
      8      14      17
     24      20      10 
  4      11       6       7
  5      15      12      23
     21      16      22 
     18       9       2
          1      19 
--8<--
found: sum= 72.0000 var=  0.0000 fitness= 72.0000 age=0
-->8--
          1      20 
     18      11      12
      4      14       9 
 19      24       6      21
 10       2       3      17
     13      23      16 
     22       7       8
          5      15 
--8<--
found: sum= 77.0000 var=  0.0000 fitness= 77.0000 age=0
-->8--
          5       2 
      4      24      18
     21      16       6 
 12       7      11      20
 14       1      23       8
     22      19       9 
     17       3      13
         15      10 
--8<--
found: sum= 79.0000 var=  0.0000 fitness= 79.0000 age=0
-->8--
          9       6 
      1      24      20
     22      11      16 
  3      12       2      17
 23      14      21      10
      5      19      13 
     18      15       4
          8       7 
--8<--
found: sum= 76.0000 var=  0.0000 fitness= 76.0000 age=0
-->8--
         15       4 
     10      18      14
      2       7      13 
 23      24      20      16
  9      12       5       3
      6       8      19 
     11      22       1
         17      21 
--8<--
found: sum= 81.0000 var=  0.0000 fitness= 81.0000 age=0
-->8--
          6       9 
      4      23       8
     24       7      18 
  1      17      16      12
 15       5      22       2
     19      14      11 
     20      10       3
         13      21 
--8<--
found: sum= 76.0000 var=  0.0000 fitness= 76.0000 age=0
-->8--
         17      22 
      9      23       3
     16       1       7 
 14      10      20      12
  8      15      24      11
     13       6       2 
      5      19       4
         18      21 
--8<--
found: sum= 79.0000 var=  0.0000 fitness= 79.0000 age=0
-->8--
          5       4 
      8      24      23
     21      12       6 
 14       9      10      19
  3      17      20       2
     15      11      22 
     13       7      18
         16       1 
--8<--
found: sum= 81.0000 var=  0.0000 fitness= 81.0000 age=0
-->8--
          5       2 
     23      12      11
     19      21      20 
 13       1      15       7
  6      18      17       8
     24       9      14 
     10      16      22
          4       3 
--8<--
found: sum= 80.0000 var=  0.0000 fitness= 80.0000 age=0
-->8--
         18      19 
      6      23       1
     22       7       9 
  8       4      21       3
  5      17      15      12
     24      16      20 
     10       2      13
         11      14 
--8<--
found: sum= 79.0000 var=  0.0000 fitness= 79.0000 age=0
-->8--
          4      10 
     13       5      20
     18      24      19 
  9      15       1       3
  2      21      11      23
     14       7      22 
      8      17       6
         12      16 
--8<--
found: sum= 81.0000 var=  0.0000 fitness= 81.0000 age=0
-->8--
          2       4 
     20      10      23
     21      12      13 
  1      16      19       3
 17      11      14       8
     15       9      24 
     18      22       7
          6       5 
--8<--
found: sum= 75.0000 var=  0.0000 fitness= 75.0000 age=0
-->8--
          1      17 
      3      20      18
     24      11       5 
 12      16       4      22
  8      13      10      19
      2      21      15 
      7       9       6
         23      14 
--8<--
found: sum= 79.0000 var=  0.0000 fitness= 79.0000 age=0
-->8--
         11      21 
      1      22      13
     19      14       5 
 10      12       4      15
  7      23      20      18
      8       6      17 
      2      24       9
         16       3 
--8<--
found: sum= 81.0000 var=  0.0000 fitness= 81.0000 age=0
-->8--
          7      16 
      8      13      14
     17      15      18 
  4      21       5      11
  3      12      22       2
     24       6      23 
     20      10       1
          9      19 
--8<--
found: sum= 75.0000 var=  0.0000 fitness= 75.0000 age=0
-->8--
          2       1 
     19      14      18
     15      13      24 
 17      12       5      23
 11      16       9       6
      4      20       8 
      3      10       7
         22      21 
--8<--
found: sum= 83.0000 var=  0.0000 fitness= 83.0000 age=0
-->8--
          9       7 
      4      18      11
     13      17      24 
  2      22       6      15
 20       5      14       1
     21      19      23 
     12      16       8
         10       3 
--8<--
found: sum= 78.0000 var=  0.0000 fitness= 78.0000 age=0
-->8--
         14      18 
     17      20       9
     16       1       6 
  5      10      24       2
 12      13      19       4
     22      11      23 
      8       3       7
         21      15 
--8<--
found: sum= 78.0000 var=  0.0000 fitness= 78.0000 age=0
-->8--
          1      21 
     22      16      23
     17       8       3 
  9      14       7      15
  6      12      18      11
     20      19      24 
     13      10       5
          4       2 
--8<--
found: sum= 80.0000 var=  0.0000 fitness= 80.0000 age=0
-->8--
          6       3 
      4      20      16
     18      15      14 
 10      17      12       1
  2       9      19      21
     24       8      13 
     23      11       7
          5      22 
--8<--
found: sum= 77.0000 var=  0.0000 fitness= 77.0000 age=0
-->8--
         10      20 
     15       4      14
      9      23       5 
  7      16      11       2
 13       8      18      19
     24       1      22 
     17      21       3
          6      12 
--8<--
found: sum= 80.0000 var=  0.0000 fitness= 80.0000 age=0
-->8--
          3      14 
      7      19       4
     23       8      18 
  9      20      17      16
 10       6       5      11
     12      24      13 
     21      15      22
          2       1 
--8<--
found: sum= 81.0000 var=  0.0000 fitness= 81.0000 age=0
-->8--
          5       8 
     10      22       1
     14      11      21 
  7      19      18      13
  6      12      17       3
     23       4       9 
      2      16      15
         24      20 
--8<--
found: sum= 77.0000 var=  0.0000 fitness= 77.0000 age=0
-->8--
         14       6 
     19       3       8
     16      23      24 
  9       2      13      18
 22      17       7       5
     11      15      10 
     12      21       4
          1      20 
--8<--
found: sum= 80.0000 var=  0.0000 fitness= 80.0000 age=0
-->8--
         18      16 
     13       3      24
     19      10      20 
  8      17       7       5
  6       9      14      12
     21      23      22 
      1      15       2
         11       4 
--8<--
found: sum= 82.0000 var=  0.0000 fitness= 82.0000 age=0
-->8--
         10      21 
      1      15       7
     22      11      24 
  3      23       4       5
  9       6      18      14
     19      20      17 
      8      13       2
         16      12 
--8<--
found: sum= 76.0000 var=  0.0000 fitness= 76.0000 age=0
-->8--
         13      11 
     21       6       9
      7      24      14 
 10       5      12       8
 22      15      19       3
     17       1      20 
      4      16      18
         23       2 
--8<--
found: sum= 78.0000 var=  0.0000 fitness= 78.0000 age=0
-->8--
         23       9 
     12      15       7
      4      22      14 
 18       2      11      16
 24      13      10       8
     17      20      19 
      6      21       3
          1       5 
--8<--
found: sum= 70.0000 var=  0.0000 fitness= 70.0000 age=0
-->8--
         12      23 
      4       5      15
     22      16       8 
  1      11       3      24
 20      14       9      19
      2      17       7 
     10       6      13
         21      18 
--8<--
found: sum= 81.0000 var=  0.0000 fitness= 81.0000 age=0
-->8--
          1       8 
     22      23       4
     12       5      21 
  3      18      20      16
 15      14      11       7
     19      13       6 
      2      24      10
          9      17 
--8<--
found: sum= 80.0000 var=  0.0000 fitness= 80.0000 age=0
-->8--
          7      20 
     15      21       4
     18       5       6 
  3      14      24       8
 19      16       9      11
     10      12      22 
      2      23       1
         17      13 
--8<--
found: sum= 77.0000 var=  0.0000 fitness= 77.0000 age=0
-->8--
          9      22 
      5      14      21
     23       8       2 
  7      18      10      11
  3      20      17      13
      6       4      24 
     19      16      15
         12       1 
--8<--
found: sum= 80.0000 var=  0.0000 fitness= 80.0000 age=0
-->8--
         23      10 
      6      18       2
      8      20      17 
 15       5      13      16
  7      21      12       3
     24       9      19 
      1      14       4
         11      22 
--8<--
found: sum= 74.0000 var=  0.0000 fitness= 74.0000 age=0
-->8--
         11      14 
     17       3       2
      6      24      23 
 22      13       8      19
  1      20       5       9
     12       4      10 
      7      16      18
         15      21 
--8<--
found: sum= 78.0000 var=  0.0000 fitness= 78.0000 age=0
-->8--
         19       2 
      8      24      13
     21       5      14 
 10       1      20      11
 22      17      12       3
      7      23      18 
      9       6      15
         16       4 
--8<--
found: sum= 80.0000 var=  0.0000 fitness= 80.0000 age=0
-->8--
          3      16 
     19       8      11
     24      21      17 
 12       5       7       2
  6      20       9      22
     13      18      23 
     10      15       1
          4      14 
--8<--
found: sum= 81.0000 var=  0.0000 fitness= 81.0000 age=0
-->8--
          7      17 
     19      11       9
      5      18      23 
 12      21       3      14
 13       8      15       6
     22      16      20 
      1      24       2
         10       4 
--8<--
found: sum= 81.0000 var=  0.0000 fitness= 81.0000 age=0
-->8--
         22       5 
     18      13       8
     10      12      20 
 16       6      23       3
  9      19       7      11
     21      14      17 
      2      24      15
          1       4 
--8<--
found: sum= 80.0000 var=  0.0000 fitness= 80.0000 age=0
-->8--
          1      15 
     23      13      10
      7      12      21 
 11      24       9      20
  2      17       4       8
     19      14      18 
      3      22       6
          5      16 
--8<--
found: sum= 75.0000 var=  0.0000 fitness= 75.0000 age=0
-->8--
          3      10 
     11      22      12
      2      14       8 
  1      23       9      21
 24       5      17      16
     20       7       4 
      6      19      13
         18      15 
--8<--
found: sum= 81.0000 var=  0.0000 fitness= 81.0000 age=0
-->8--
          1       9 
     17       7      23
     19      21      13 
 12      16       8      11
  6       4      14      15
     24      18      20 
     10      22       2
          3       5 
--8<--
found: sum= 82.0000 var=  0.0000 fitness= 82.0000 age=0
-->8--
         22       1 
      7       8      13
     24      19      21 
  4       2      20       5
 12      17      15       3
     23       9      18 
      6      16      10
         11      14 
--8<--
found: sum= 83.0000 var=  0.0000 fitness= 83.0000 age=0
-->8--
          2      13 
     19      23       8
     16       9      24 
 12      14       6       4
  3      17      22       7
     21      15      20 
     18      11       5
          1      10 
--8<--
found: sum= 83.0000 var=  0.0000 fitness= 83.0000 age=0
-->8--
         10       9 
      5      22      13
     16      18      19 
 11      12       2      14
  3      21      24       1
     20       6      23 
     17      15       8
          4       7 
--8<--
found: sum= 76.0000 var=  0.0000 fitness= 76.0000 age=0
-->8--
         19       8 
     18      16       5
      6       7      23 
 24      10      17       2
  1      15      14       9
     20      13      11 
     21       4      12
          3      22 
--8<--
found: sum= 81.0000 var=  0.0000 fitness= 81.0000 age=0
-->8--
          4      11 
     10      22      12
     24      18      13 
  1       3       5      17
 20      19      15       8
     14      21      23 
      2       9       6
         16       7 
--8<--
found: sum= 78.0000 var=  0.0000 fitness= 78.0000 age=0
-->8--
         15      10 
     18      12       8
     13      17       7 
 22       3      24      16
 20       6       9       1
     14      19      21 
     11      23       2
          5       4 
--8<--
found: sum= 82.0000 var=  0.0000 fitness= 82.0000 age=0
-->8--
         11       6 
      3      19       7
      8      18      17 
 12      23      15       1
  9      10      14      13
     20       2      22 
     21      24      16
          5       4 
--8<--
found: sum= 78.0000 var=  0.0000 fitness= 78.0000 age=0
-->8--
         11      24 
     15      23       2
     16       1       9 
  6      12      19      10
 17       7      21       5
     20      18      14 
     22       8       4
          3      13 
--8<--
found: sum= 81.0000 var=  0.0000 fitness= 81.0000 age=0
-->8--
          3      10 
     18      17       7
     24       6      21 
  9      13      20      14
  8      12      19       2
     15      11       5 
      4      23       1
         16      22 
--8<--
found: sum= 79.0000 var=  0.0000 fitness= 79.0000 age=0
-->8--
         22      17 
     11      10       4
     13      20       9 
 18       3      19       5
 21       8      15       7
     16      14      24 
     12      23       1
          6       2 
--8<--
found: sum= 76.0000 var=  0.0000 fitness= 76.0000 age=0
-->8--
          1      24 
     20       5      10
     12      17      14 
  9      21       6       3
 11      15      13      18
      8       4      22 
      7      19       2
         23      16 
--8<--
found: sum= 79.0000 var=  0.0000 fitness= 79.0000 age=0
-->8--
         10      16 
     12      18      14
     11       4       8 
  5      24      19      21
  7       9       6       3
     23      17      22 
      2      13       1
         15      20 
--8<--
found: sum= 81.0000 var=  0.0000 fitness= 81.0000 age=0
-->8--
          3      15 
      9       5       7
     24      23      21 
  4      17      10       8
 11       6      12      16
     19      13      14 
      1      22       2
         20      18 
--8<--
found: sum= 79.0000 var=  0.0000 fitness= 79.0000 age=0
-->8--
          2       5 
     15      23       8
     19       6      16 
  4      14      21       7
 13      20       1      24
      9      17      10 
      3      18      11
         12      22 
--8<--
found: sum= 81.0000 var=  0.0000 fitness= 81.0000 age=0
-->8--
          4       1 
      8      15      13
     12      20      21 
  3      22      11       2
 14       7       5      18
     23      16      24 
     19      10       9
          6      17 
--8<--
found: sum= 76.0000 var=  0.0000 fitness= 76.0000 age=0
-->8--
          1       6 
     20      15      22
     10       9      13 
  2      21      11      24
 23       4      17       3
     16      14       8 
     19      18       7
          5      12 
--8<--
found: sum= 78.0000 var=  0.0000 fitness= 78.0000 age=0
-->8--
          5      15 
     16      10       9
     12      14      24 
  1      21       6       2
 20      11      19       4
     13       7      23 
     17       8       3
         22      18 
--8<--
found: sum= 82.0000 var=  0.0000 fitness= 82.0000 age=0
-->8--
          3      18 
     12       5       4
     21      24      23 
  2      17       8      15
 13      10       9       7
     19      14      20 
      6      22       1
         11      16 
--8<--
found: sum= 74.0000 var=  0.0000 fitness= 74.0000 age=0
-->8--
          1      10 
     23      11      12
      2      16      17 
 24      21       8      14
  9       3       6      22
     15      20       7 
      5      18      19
         13       4 
--8<--
found: sum= 81.0000 var=  0.0000 fitness= 81.0000 age=0
-->8--
          4       1 
      2      22      16
     23      17      15 
  7      13      10      19
  3      21       8      18
     14      12      11 
      5      20      24
          9       6 
--8<--
found: sum= 78.0000 var=  0.0000 fitness= 78.0000 age=0
-->8--
          4      15 
     14      21       1
      3      19       9 
  6      17      13       2
 23       7      10      20
     22      12      24 
     18      11       5
          8      16 
--8<--
found: sum= 82.0000 var=  0.0000 fitness= 82.0000 age=0
-->8--
          6       7 
     10      16      13
     22      11      12 
 18      17      23      19
  2       8       3       1
     15      20      24 
     14      21       5
          4       9 
--8<--
found: sum= 81.0000 var=  0.0000 fitness= 81.0000 age=0
-->8--
          2       7 
     22      24      11
      8      12      10 
  5      13      17       9
 16      18      20       6
     21       1      19 
      3      23       4
         15      14 
--8<--
found: sum= 81.0000 var=  0.0000 fitness= 81.0000 age=0
-->8--
          2       9 
     24      14      15
     20       8      23 
 16      13      12       1
  4      11      19       5
     17      18      21 
      3      10       7
         22       6 
--8<--
found: sum= 81.0000 var=  0.0000 fitness= 81.0000 age=0
-->8--
          4       5 
     15      21       3
      8      19      23 
  6      14      10      22
  9      20       7       2
     24      11      17 
     13      12      16
          1      18 
--8<--
found: sum= 81.0000 var=  0.0000 fitness= 81.0000 age=0
-->8--
          9       2 
     18      19      13
     21      11      16 
  4       3      20       6
 23      22      15       7
      8      10      17 
      5      24       1
         12      14 
--8<--
found: sum= 80.0000 var=  0.0000 fitness= 80.0000 age=0
-->8--
         15       9 
     16      19      12
     22       2      14 
 11       6      24      13
  3      18       7       5
     20      23      17 
      1       8       4
         10      21 
--8<--
found: sum= 82.0000 var=  0.0000 fitness= 82.0000 age=0
-->8--
         15       4 
      7      20       8
     19      16      21 
 17       5      13      12
 10      22       2      11
      9      24      23 
      3      18       1
          6      14 
--8<--
found: sum= 80.0000 var=  0.0000 fitness= 80.0000 age=0
-->8--
         12       3 
      7      22       1
      8      13      21 
 17      18      20      14
  5       9       4       6
     23      16      15 
     19      11      10
          2      24 
--8<--
found: sum= 78.0000 var=  0.0000 fitness= 78.0000 age=0
-->8--
         15       2 
      4      19       3
     21      18      22 
 13       1      14      17
 20      11      10       6
     12      24       9 
     16       7      23
          8       5 
--8<--
found: sum= 83.0000 var=  0.0000 fitness= 83.0000 age=0
-->8--
          1       4 
     17      13       6
     21      16      24 
  7      15      20       5
  9      19       3       8
     12      10      23 
     18      22      11
          2      14 
--8<--
found: sum= 79.0000 var=  0.0000 fitness= 79.0000 age=0
-->8--
         11      17 
     10       2       9
     15      20      18 
  7      21      13       6
  4       8      12      16
     24       5      14 
     19      22      23
          1       3 
--8<--
found: sum= 77.0000 var=  0.0000 fitness= 77.0000 age=0
-->8--
          1       2 
     21      22      17
     15       6      10 
  5      12      20      16
 14      13      19       3
     18       7       9 
      4      11       8
         24      23 
--8<--
found: sum= 79.0000 var=  0.0000 fitness= 79.0000 age=0
-->8--
          7      23 
     14      16       2
     24      17      15 
 18       1       6      20
 11      12      21       9
     13      22       8 
      3      19       4
         10       5 
--8<--
found: sum= 84.0000 var=  0.0000 fitness= 84.0000 age=0
-->8--
          3       4 
     18      24      14
     17      10      13 
  6      12      19       9
  8      20      16       5
     21       7      22 
      2      23      15
         11       1 
--8<--
found: sum= 79.0000 var=  0.0000 fitness= 79.0000 age=0
-->8--
          3       6 
     12       8       7
     19      20      24 
  4      17      14      16
 23       5       1       9
     11      22      15 
     13      18       2
         10      21 
--8<--
found: sum= 78.0000 var=  0.0000 fitness= 78.0000 age=0
-->8--
          2      10 
      4      24      12
     22       8      21 
  9      18       3      17
  6      16      13      19
      7      20       5 
      1      11      15
         23      14 
--8<--
found: sum= 82.0000 var=  0.0000 fitness= 82.0000 age=0
-->8--
          3       2 
      8      23      12
     24      11      20 
  4      13      14       1
  6      16      18      22
     19      10       7 
     15      17       9
          5      21 
--8<--
execution time: real 0.758814s user 0.495924s sys 0.000999s
GA: P=1024 K=512 sp=2 xover=2D/1 aging
generation #5: pop m= 80.825 v=0.191 f= 78.828
best: found: sum= 84.0000 var=  0.0000 fitness= 84.0000 age=1
-->8--
          3       4 
     18      24      14
     17      10      13 
  6      12      19       9
  8      20      16       5
     21       7      22 
      2      23      15
         11       1 
--8<--
found: sum= 80.0000 var=  0.0000 fitness= 80.0000 age=3
-->8--
         18      19 
      6      23       1
     22       7       9 
  8       4      21       3
  5      17      15      12
     24      16      20 
     10       2      13
         11      14 
--8<--
found: sum= 79.0000 var=  0.0000 fitness= 79.0000 age=5
-->8--
          9      22 
      6      24      10
     23       4      17 
 12      13       2      15
 11      19      21       8
      1      20      16 
     18      14       5
          7       3 
--8<--
found: sum= 79.0000 var=  0.0000 fitness= 79.0000 age=4
-->8--
          6       9 
     14      15      10
     12      21      17 
  4      11       7       3
 23       5      13      20
     24      22      19 
     18       8       1
          2      16 
--8<--
found: sum= 76.0000 var=  0.0000 fitness= 76.0000 age=1
-->8--
          1      24 
     20       5      10
     12      17      14 
  9      21       6       3
 11      15      13      18
      8       4      22 
      7      19       2
         23      16 
--8<--
found: sum= 80.0000 var=  0.0000 fitness= 80.0000 age=3
-->8--
          1       3 
     10      17      19
     24       8      21 
  5      20      12      18
 11       4      14       6
     16      22       9 
     23      13       7
          2      15 
--8<--
found: sum= 81.0000 var=  0.0000 fitness= 81.0000 age=1
-->8--
          3      15 
      9       5       7
     24      23      21 
  4      17      10       8
 11       6      12      16
     19      13      14 
      1      22       2
         20      18 
--8<--
found: sum= 80.0000 var=  0.0000 fitness= 80.0000 age=1
-->8--
         15       9 
     16      19      12
     22       2      14 
 11       6      24      13
  3      18       7       5
     20      23      17 
      1       8       4
         10      21 
--8<--
found: sum= 79.0000 var=  0.0000 fitness= 79.0000 age=4
-->8--
         12       3 
      6      15      13
     23      18      14 
  7       5      16      24
  1      21      10      11
     22       9       4 
      8      17      20
          2      19 
--8<--
found: sum= 80.0000 var=  0.0000 fitness= 80.0000 age=5
-->8--
          5       2 
     11      13      19
     24      18      20 
 12       9       8       6
  3      15      23       1
     17       7      22 
     16       4      14
         21      10 
--8<--
found: sum= 81.0000 var=  0.0000 fitness= 81.0000 age=2
-->8--
          7      17 
     19      11       9
      5      18      23 
 12      21       3      14
 13       8      15       6
     22      16      20 
      1      24       2
         10       4 
--8<--
found: sum= 78.0000 var=  0.0000 fitness= 78.0000 age=1
-->8--
          2      10 
      4      24      12
     22       8      21 
  9      18       3      17
  6      16      13      19
      7      20       5 
      1      11      15
         23      14 
--8<--
found: sum= 81.0000 var=  0.0000 fitness= 81.0000 age=1
-->8--
          4      11 
     10      22      12
     24      18      13 
  1       3       5      17
 20      19      15       8
     14      21      23 
      2       9       6
         16       7 
--8<--
found: sum= 81.0000 var=  0.0000 fitness= 81.0000 age=2
-->8--
         22       5 
     18      13       8
     10      12      20 
 16       6      23       3
  9      19       7      11
     21      14      17 
      2      24      15
          1       4 
--8<--
found: sum= 81.0000 var=  0.0000 fitness= 81.0000 age=1
-->8--
          2       7 
     22      24      11
      8      12      10 
  5      13      17       9
 16      18      20       6
     21       1      19 
      3      23       4
         15      14 
--8<--
found: sum= 79.0000 var=  0.0000 fitness= 79.0000 age=4
-->8--
          7      10 
      8      23       9
     16       4      20 
  2      21      13       5
 17      12      14      24
     11      15       3 
     18      22      19
          1       6 
--8<--
found: sum= 81.0000 var=  0.0000 fitness= 81.0000 age=2
-->8--
          1       9 
     17       7      23
     19      21      13 
 12      16       8      11
  6       4      14      15
     24      18      20 
     10      22       2
          3       5 
--8<--
found: sum= 82.0000 var=  0.0000 fitness= 82.0000 age=1
-->8--
          3      18 
     12       5       4
     21      24      23 
  2      17       8      15
 13      10       9       7
     19      14      20 
      6      22       1
         11      16 
--8<--
found: sum= 83.0000 var=  0.0000 fitness= 83.0000 age=1
-->8--
         10       9 
      5      22      13
     16      18      19 
 11      12       2      14
  3      21      24       1
     20       6      23 
     17      15       8
          4       7 
--8<--
found: sum= 79.0000 var=  0.0000 fitness= 79.0000 age=2
-->8--
          4      10 
     13       5      20
     18      24      19 
  9      15       1       3
  2      21      11      23
     14       7      22 
      8      17       6
         12      16 
--8<--
found: sum= 82.0000 var=  0.0000 fitness= 82.0000 age=1
-->8--
         15       4 
      7      20       8
     19      16      21 
 17       5      13      12
 10      22       2      11
      9      24      23 
      3      18       1
          6      14 
--8<--
found: sum= 79.0000 var=  0.0000 fitness= 79.0000 age=5
-->8--
          2      21 
     16      22       3
     15       1      24 
 19      23       8       6
  5      10      20      12
      7      17       9 
     13      18       4
         14      11 
--8<--
found: sum= 79.0000 var=  0.0000 fitness= 79.0000 age=3
-->8--
          9       6 
      1      24      20
     22      11      16 
  3      12       2      17
 23      14      21      10
      5      19      13 
     18      15       4
          8       7 
--8<--
found: sum= 81.0000 var=  0.0000 fitness= 81.0000 age=2
-->8--
          7      16 
      8      13      14
     17      15      18 
  4      21       5      11
  3      12      22       2
     24       6      23 
     20      10       1
          9      19 
--8<--
found: sum= 81.0000 var=  0.0000 fitness= 81.0000 age=1
-->8--
          9       2 
     18      19      13
     21      11      16 
  4       3      20       6
 23      22      15       7
      8      10      17 
      5      24       1
         12      14 
--8<--
found: sum= 81.0000 var=  0.0000 fitness= 81.0000 age=1
-->8--
          4       5 
     15      21       3
      8      19      23 
  6      14      10      22
  9      20       7       2
     24      11      17 
     13      12      16
          1      18 
--8<--
found: sum= 82.0000 var=  0.0000 fitness= 82.0000 age=4
-->8--
          9       6 
      4      21      14
     18      19       2 
  5      11      20      17
 10      15      16       3
     23       1      24 
     13      22      12
          8       7 
--8<--
found: sum= 82.0000 var=  0.0000 fitness= 82.0000 age=1
-->8--
          6       7 
     10      16      13
     22      11      12 
 18      17      23      19
  2       8       3       1
     15      20      24 
     14      21       5
          4       9 
--8<--
found: sum= 79.0000 var=  0.0000 fitness= 79.0000 age=3
-->8--
          5       4 
      8      24      23
     21      12       6 
 14       9      10      19
  3      17      20       2
     15      11      22 
     13       7      18
         16       1 
--8<--
found: sum= 81.0000 var=  0.0000 fitness= 81.0000 age=5
-->8--
         18      16 
     12      19       5
      9       2      24 
  7      21      15       6
 11      13      22       4
     20       8      10 
      3      23       1
         14      17 
--8<--
found: sum= 79.0000 var=  0.0000 fitness= 79.0000 age=4
-->8--
          2       1 
     16       7       4
     15      22      24 
 19      17      21       5
 13       3       6       9
     12      10      14 
     11      23      18
         20       8 
--8<--
found: sum= 80.0000 var=  0.0000 fitness= 80.0000 age=3
-->8--
         19       3 
      2      18       5
     20      17      22 
 14       4      15       1
 21      13       7      12
      8      24      23 
     16       9      11
         10       6 
--8<--
found: sum= 82.0000 var=  0.0000 fitness= 82.0000 age=1
-->8--
          3       2 
      8      23      12
     24      11      20 
  4      13      14       1
  6      16      18      22
     19      10       7 
     15      17       9
          5      21 
--8<--
found: sum= 81.0000 var=  0.0000 fitness= 81.0000 age=5
-->8--
          3       6 
     19      24      12
     21       1      23 
  4      13      15       7
 16      22      20       2
      5      10      14 
     17      18       8
          9      11 
--8<--
found: sum= 82.0000 var=  0.0000 fitness= 82.0000 age=2
-->8--
         10      21 
      1      15       7
     22      11      24 
  3      23       4       5
  9       6      18      14
     19      20      17 
      8      13       2
         16      12 
--8<--
found: sum= 82.0000 var=  0.0000 fitness= 82.0000 age=4
-->8--
          3       2 
      1      14      13
     19      21      22 
  6      24      10      16
  5       8       4      18
     20      15      12 
      7      23      11
          9      17 
--8<--
found: sum= 81.0000 var=  0.0000 fitness= 81.0000 age=3
-->8--
          5       2 
     23      12      11
     19      21      20 
 13       1      15       7
  6      18      17       8
     24       9      14 
     10      16      22
          4       3 
--8<--
found: sum= 81.0000 var=  0.0000 fitness= 81.0000 age=1
-->8--
          2       9 
     24      14      15
     20       8      23 
 16      13      12       1
  4      11      19       5
     17      18      21 
      3      10       7
         22       6 
--8<--
found: sum= 79.0000 var=  0.0000 fitness= 79.0000 age=5
-->8--
         13      16 
      1       3      22
     24      15      18 
  6      23       5       4
  9       7      17      14
     10      12      21 
     11      19       2
         20       8 
--8<--
found: sum= 79.0000 var=  0.0000 fitness= 79.0000 age=1
-->8--
          2       5 
     15      23       8
     19       6      16 
  4      14      21       7
 13      20       1      24
      9      17      10 
      3      18      11
         12      22 
--8<--
found: sum= 82.0000 var=  0.0000 fitness= 82.0000 age=1
-->8--
         22       1 
      7       8      13
     24      19      21 
  4       2      20       5
 12      17      15       3
     23       9      18 
      6      16      10
         11      14 
--8<--
found: sum= 81.0000 var=  0.0000 fitness= 81.0000 age=1
-->8--
          4       1 
      8      15      13
     12      20      21 
  3      22      11       2
 14       7       5      18
     23      16      24 
     19      10       9
          6      17 
--8<--
found: sum= 79.0000 var=  0.0000 fitness= 79.0000 age=1
-->8--
         22      17 
     11      10       4
     13      20       9 
 18       3      19       5
 21       8      15       7
     16      14      24 
     12      23       1
          6       2 
--8<--
found: sum= 79.0000 var=  0.0000 fitness= 79.0000 age=5
-->8--
          5      23 
      8       9       6
     24      15       4 
  2      18      22       3
 14       1      10      19
     20      13      21 
     16      17       7
         12      11 
--8<--
found: sum= 82.0000 var=  0.0000 fitness= 82.0000 age=1
-->8--
         11       6 
      3      19       7
      8      18      17 
 12      23      15       1
  9      10      14      13
     20       2      22 
     21      24      16
          5       4 
--8<--
found: sum= 79.0000 var=  0.0000 fitness= 79.0000 age=4
-->8--
          7       1 
      9      15      23
     12      14      10 
  6      22      16      19
 11       4      18       3
     24       5      13 
     17      21       2
          8      20 
--8<--
found: sum= 79.0000 var=  0.0000 fitness= 79.0000 age=5
-->8--
         16       1 
      3      17      13
     23      14      19 
 12       6      15       9
 11      22       2      24
      5      20      10 
      4      21       8
          7      18 
--8<--
found: sum= 81.0000 var=  0.0000 fitness= 81.0000 age=4
-->8--
         13       1 
      2      22       3
     16      21      24 
  6       7      10      18
 23      14      17       4
     15      12       8 
      9      20       5
         11      19 
--8<--
found: sum= 83.0000 var=  0.0000 fitness= 83.0000 age=3
-->8--
          3      13 
      9      23       5
     22      14      20 
  4      12       8      16
 17       7      18       2
     21      24      19 
      6      10       1
         15      11 
--8<--
found: sum= 81.0000 var=  0.0000 fitness= 81.0000 age=2
-->8--
          5       8 
     10      22       1
     14      11      21 
  7      19      18      13
  6      12      17       3
     23       4       9 
      2      16      15
         24      20 
--8<--
found: sum= 79.0000 var=  0.0000 fitness= 79.0000 age=1
-->8--
          7      23 
     14      16       2
     24      17      15 
 18       1       6      20
 11      12      21       9
     13      22       8 
      3      19       4
         10       5 
--8<--
found: sum= 80.0000 var=  0.0000 fitness= 80.0000 age=2
-->8--
          3      14 
      7      19       4
     23       8      18 
  9      20      17      16
 10       6       5      11
     12      24      13 
     21      15      22
          2       1 
--8<--
found: sum= 81.0000 var=  0.0000 fitness= 81.0000 age=2
-->8--
          1       8 
     22      23       4
     12       5      21 
  3      18      20      16
 15      14      11       7
     19      13       6 
      2      24      10
          9      17 
--8<--
found: sum= 80.0000 var=  0.0000 fitness= 80.0000 age=3
-->8--
         11       8 
      1      20      19
     24      10      18 
  2      14       5      22
  7      12      16       6
     21      23      13 
      3       4      15
         17       9 
--8<--
found: sum= 83.0000 var=  0.0000 fitness= 83.0000 age=2
-->8--
          9       7 
      4      18      11
     13      17      24 
  2      22       6      15
 20       5      14       1
     21      19      23 
     12      16       8
         10       3 
--8<--
found: sum= 81.0000 var=  0.0000 fitness= 81.0000 age=3
-->8--
          6       9 
      4      23       8
     24       7      18 
  1      17      16      12
 15       5      22       2
     19      14      11 
     20      10       3
         13      21 
--8<--
found: sum= 78.0000 var=  0.0000 fitness= 78.0000 age=1
-->8--
          5      15 
     16      10       9
     12      14      24 
  1      21       6       2
 20      11      19       4
     13       7      23 
     17       8       3
         22      18 
--8<--
found: sum= 78.0000 var=  0.0000 fitness= 78.0000 age=1
-->8--
         15       2 
      4      19       3
     21      18      22 
 13       1      14      17
 20      11      10       6
     12      24       9 
     16       7      23
          8       5 
--8<--
found: sum= 83.0000 var=  0.0000 fitness= 83.0000 age=5
-->8--
          9      10 
      7      22      13
     12      17      19 
 11      16       2      14
  3      20      24       1
     21       4      23 
     15      18       8
          5       6 
--8<--
found: sum= 82.0000 var=  0.0000 fitness= 82.0000 age=3
-->8--
          5       7 
      4      15      13
     18      16      21 
  1      24      10      12
 19       6       9       8
     14      17      22 
     23      20       3
          2      11 
--8<--
found: sum= 81.0000 var=  0.0000 fitness= 81.0000 age=1
-->8--
          4       1 
      2      22      16
     23      17      15 
  7      13      10      19
  3      21       8      18
     14      12      11 
      5      20      24
          9       6 
--8<--
found: sum= 83.0000 var=  0.0000 fitness= 83.0000 age=1
-->8--
          1       4 
     17      13       6
     21      16      24 
  7      15      20       5
  9      19       3       8
     12      10      23 
     18      22      11
          2      14 
--8<--
found: sum= 79.0000 var=  0.0000 fitness= 79.0000 age=2
-->8--
         11      21 
      1      22      13
     19      14       5 
 10      12       4      15
  7      23      20      18
      8       6      17 
      2      24       9
         16       3 
--8<--
found: sum= 81.0000 var=  0.0000 fitness= 81.0000 age=1
-->8--
          3      10 
     18      17       7
     24       6      21 
  9      13      20      14
  8      12      19       2
     15      11       5 
      4      23       1
         16      22 
--8<--
found: sum= 80.0000 var=  0.0000 fitness= 80.0000 age=2
-->8--
          3      16 
     19       8      11
     24      21      17 
 12       5       7       2
  6      20       9      22
     13      18      23 
     10      15       1
          4      14 
--8<--
found: sum= 79.0000 var=  0.0000 fitness= 79.0000 age=3
-->8--
          7      23 
     14      16       2
     24      17      15 
 18       1       6      20
 11      12      21       9
     13      22       8 
      3      19       4
         10       5 
--8<--
found: sum= 81.0000 var=  0.0000 fitness= 81.0000 age=2
-->8--
          2       4 
     20      10      23
     21      12      13 
  1      16      19       3
 17      11      14       8
     15       9      24 
     18      22       7
          6       5 
--8<--
found: sum= 80.0000 var=  0.0000 fitness= 80.0000 age=5
-->8--
          4       5 
     12      11      18
     19      10      22 
  8      24      14       6
  7      13       2      20
      9      17      16 
      3      23       1
         15      21 
--8<--
found: sum= 77.0000 var=  0.0000 fitness= 77.0000 age=1
-->8--
          1       2 
     21      22      17
     15       6      10 
  5      12      20      16
 14      13      19       3
     18       7       9 
      4      11       8
         24      23 
--8<--
found: sum= 79.0000 var=  0.0000 fitness= 79.0000 age=4
-->8--
          6      12 
     13       1      18
     23      16      17 
 14      20      15       8
  9       2       5      10
     11      21      24 
     22      19       3
          4       7 
--8<--
found: sum= 79.0000 var=  0.0000 fitness= 79.0000 age=5
-->8--
          4       1 
     12       6      13
     19      23      20 
 22      15      16       8
  3       2      14      10
     18       9      11 
      5      21      17
         24       7 
--8<--
found: sum= 76.0000 var=  0.0000 fitness= 76.0000 age=1
-->8--
          1       6 
     20      15      22
     10       9      13 
  2      21      11      24
 23       4      17       3
     16      14       8 
     19      18       7
          5      12 
--8<--
found: sum= 80.0000 var=  0.0000 fitness= 80.0000 age=1
-->8--
         12       3 
      7      22       1
      8      13      21 
 17      18      20      14
  5       9       4       6
     23      16      15 
     19      11      10
          2      24 
--8<--
found: sum= 76.0000 var=  0.0000 fitness= 76.0000 age=1
-->8--
         19       8 
     18      16       5
      6       7      23 
 24      10      17       2
  1      15      14       9
     20      13      11 
     21       4      12
          3      22 
--8<--
found: sum= 74.0000 var=  0.0000 fitness= 74.0000 age=1
-->8--
          1      10 
     23      11      12
      2      16      17 
 24      21       8      14
  9       3       6      22
     15      20       7 
      5      18      19
         13       4 
--8<--
found: sum= 78.0000 var=  0.0000 fitness= 78.0000 age=1
-->8--
         15      10 
     18      12       8
     13      17       7 
 22       3      24      16
 20       6       9       1
     14      19      21 
     11      23       2
          5       4 
--8<--
found: sum= 80.0000 var=  0.0000 fitness= 80.0000 age=4
-->8--
          4      11 
     10       9       6
     21      22      15 
 16      14      17      13
  3       7      18       5
     19       2      12 
      8      24       1
         20      23 
--8<--
found: sum= 80.0000 var=  0.0000 fitness= 80.0000 age=4
-->8--
          6       9 
      5      15      13
     23      14      22 
  1      17       7       2
  4      16      18      20
     19       8      11 
     24      10      12
          3      21 
--8<--
found: sum= 80.0000 var=  0.0000 fitness= 80.0000 age=2
-->8--
          7      20 
     15      21       4
     18       5       6 
  3      14      24       8
 19      16       9      11
     10      12      22 
      2      23       1
         17      13 
--8<--
found: sum= 80.0000 var=  0.0000 fitness= 80.0000 age=2
-->8--
          1      15 
     23      13      10
      7      12      21 
 11      24       9      20
  2      17       4       8
     19      14      18 
      3      22       6
          5      16 
--8<--
found: sum= 81.0000 var=  0.0000 fitness= 81.0000 age=4
-->8--
          1      12 
     24      15       9
     22      14      11 
  6       5      20       7
 17      13       8      19
     18      21      16 
      2      23       3
          4      10 
--8<--
found: sum= 79.0000 var=  0.0000 fitness= 79.0000 age=1
-->8--
         11      17 
     10       2       9
     15      20      18 
  7      21      13       6
  4       8      12      16
     24       5      14 
     19      22      23
          1       3 
--8<--
found: sum= 78.0000 var=  0.0000 fitness= 78.0000 age=1
-->8--
          4      15 
     14      21       1
      3      19       9 
  6      17      13       2
 23       7      10      20
     22      12      24 
     18      11       5
          8      16 
--8<--
found: sum= 79.0000 var=  0.0000 fitness= 79.0000 age=1
-->8--
         10      16 
     12      18      14
     11       4       8 
  5      24      19      21
  7       9       6       3
     23      17      22 
      2      13       1
         15      20 
--8<--
found: sum= 83.0000 var=  0.0000 fitness= 83.0000 age=1
-->8--
          2      13 
     19      23       8
     16       9      24 
 12      14       6       4
  3      17      22       7
     21      15      20 
     18      11       5
          1      10 
--8<--
found: sum= 81.0000 var=  0.0000 fitness= 81.0000 age=5
-->8--
          4       1 
      5      10      22
     23      15      19 
  3      24      14      11
 12       2       8       9
     17      18      20 
     21      16       6
          7      13 
--8<--
found: sum= 80.0000 var=  0.0000 fitness= 80.0000 age=2
-->8--
         18      16 
     13       3      24
     19      10      20 
  8      17       7       5
  6       9      14      12
     21      23      22 
      1      15       2
         11       4 
--8<--
found: sum= 82.0000 var=  0.0000 fitness= 82.0000 age=5
-->8--
          7      18 
     15      17       6
     24       8      14 
 21      11      19       2
  1      12      23       4
     13       9      20 
     16      22       3
         10       5 
--8<--
found: sum= 80.0000 var=  0.0000 fitness= 80.0000 age=2
-->8--
          6       3 
      4      20      16
     18      15      14 
 10      17      12       1
  2       9      19      21
     24       8      13 
     23      11       7
          5      22 
--8<--
found: sum= 80.0000 var=  0.0000 fitness= 80.0000 age=5
-->8--
          1       7 
     21      13       9
     14       8      24 
 15      23      19      10
  5       3      11       4
     20      16      12 
     18      17      22
          6       2 
--8<--
found: sum= 78.0000 var=  0.0000 fitness= 78.0000 age=1
-->8--
         11      24 
     15      23       2
     16       1       9 
  6      12      19      10
 17       7      21       5
     20      18      14 
     22       8       4
          3      13 
--8<--
found: sum= 80.0000 var=  0.0000 fitness= 80.0000 age=2
-->8--
         23      10 
      6      18       2
      8      20      17 
 15       5      13      16
  7      21      12       3
     24       9      19 
      1      14       4
         11      22 
--8<--
found: sum= 79.0000 var=  0.0000 fitness= 79.0000 age=1
-->8--
          3       6 
     12       8       7
     19      20      24 
  4      17      14      16
 23       5       1       9
     11      22      15 
     13      18       2
         10      21 
--8<--
found: sum= 79.0000 var=  0.0000 fitness= 79.0000 age=4
-->8--
         22      23 
     15      19       4
     18       2      11 
  8       3      20       6
 13      16      24       1
     21      14      17 
     12       9       5
          7      10 
--8<--
found: sum= 80.0000 var=  0.0000 fitness= 80.0000 age=3
-->8--
          3      13 
      8      14      17
     24      20      10 
  4      11       6       7
  5      15      12      23
     21      16      22 
     18       9       2
          1      19 
--8<--
found: sum= 79.0000 var=  0.0000 fitness= 79.0000 age=3
-->8--
          3      20 
      4      15      18
     24      11       9 
  2      22       6      21
  5      10      23       8
     16       7      12 
     14      19      17
         13       1 
--8<--
