found: sum= 77.0000 var=  0.0000 fitness= 77.0000 age=0
-->8--
          4       3 
     11      15      13
     17      16      24 
  9      14       6       8
  5      12      10      22
     20      19       7 
     23       2      21
          1      18 
--8<--
found: sum= 79.0000 var=  0.0000 fitness= 79.0000 age=0
-->8--
          2       1 
     14      17      16
     15       7      18 
  5      24      20       3
 10      13       6      21
     12       9      11 
      4      22      23
         19       8 
--8<--
found: sum= 77.0000 var=  0.0000 fitness= 77.0000 age=0
-->8--
         14      10 
     19      16      24
     21       2       7 
 20       5      18       1
  3      22      13      15
      6      17      23 
     11      12       4
          9       8 
--8<--
found: sum= 79.0000 var=  0.0000 fitness= 79.0000 age=0
-->8--
          6      13 
      9      10       5
      7      24      16 
 15      23      11       1
  8       4      14      18
     22       3      19 
     12      21       2
         17      20 
--8<--
found: sum= 79.0000 var=  0.0000 fitness= 79.0000 age=0
-->8--
         20       2 
      9      23       4
      5      15      21 
 22       7      14       1
  8      13      18       6
     24      12      19 
     10       3      11
         17      16 
--8<--
found: sum= 73.0000 var=  0.0000 fitness= 73.0000 age=0
-->8--
         16      22 
     13       9      14
     18       2      20 
 11      15       6      17
 12       7      19       8
     10      24       3 
      4       5       1
         23      21 
--8<--
found: sum= 76.0000 var=  0.0000 fitness= 76.0000 age=0
-->8--
         18       7 
      1       8      22
     16      24       4 
 14       9      11      15
  6      12       3      20
     19      17      23 
     13      10      21
          5       2 
--8<--
found: sum= 74.0000 var=  0.0000 fitness= 74.0000 age=0
-->8--
         21      18 
      4       6      17
     13      11      15 
  8      19       7      16
 20       5      10      23
      9      22       3 
     12      24      14
          2       1 
--8<--
found: sum= 76.0000 var=  0.0000 fitness= 76.0000 age=0
-->8--
         22       9 
      5       8      19
     15      16      21 
  4      10       3      14
  7      17      24      12
     23       6       2 
      1      11      20
         18      13 
--8<--
found: sum= 76.0000 var=  0.0000 fitness= 76.0000 age=0
-->8--
         14       8 
     16       1      13
      6      24      18 
  7      15      12      17
 21       4       2       5
     23      19      22 
     11      10       3
          9      20 
--8<--
found: sum= 78.0000 var=  0.0000 fitness= 78.0000 age=0
-->8--
         24      18 
      6      23      11
     14       3       7 
 15       8      16      12
  4      20      22       2
     17       9      19 
     21      10       5
          1      13 
--8<--
found: sum= 75.0000 var=  0.0000 fitness= 75.0000 age=0
-->8--
          5      22 
     10      14      12
     11      20       6 
 13      15       1      23
  9       8       7      17
     19      24      21 
     18       4       3
          2      16 
--8<--
found: sum= 79.0000 var=  0.0000 fitness= 79.0000 age=0
-->8--
          1      16 
      4       9       3
     20      21      23 
  2      24       7      17
 13       5      14      12
     15       8       6 
     10      22      11
         19      18 
--8<--
found: sum= 82.0000 var=  0.0000 fitness= 82.0000 age=0
-->8--
          3       2 
     12      17       7
      8      24      19 
 10      18      13       1
  9      16       6      20
     21       5      23 
      4      22      15
         14      11 
--8<--
found: sum= 77.0000 var=  0.0000 fitness= 77.0000 age=0
-->8--
          2      24 
     19      13       4
     21      14      16 
 12       8       6       5
  3      15      23      20
     18      11       7 
     22      10       9
          1      17 
--8<--
found: sum= 76.0000 var=  0.0000 fitness= 76.0000 age=0
-->8--
         11      18 
     16       1       6
     15      20      24 
  4      13       7       9
 19      17      14      12
      8       5      10 
     21      22      23
          3       2 
--8<--
found: sum= 78.0000 var=  0.0000 fitness= 78.0000 age=0
-->8--
         19      23 
      7      13       4
     20      17       5 
 15       2      16      11
  9      14      21       1
     18       8      24 
      6      10       3
         22      12 
--8<--
found: sum= 72.0000 var=  0.0000 fitness= 72.0000 age=0
-->8--
         24      21 
      4      17      19
      3       6       8 
 14      18       1      13
  2      15      22      23
     20      10       5 
     11       7      12
          9      16 
--8<--
found: sum= 78.0000 var=  0.0000 fitness= 78.0000 age=0
-->8--
         16      10 
      1      12       9
     14      18       6 
 15      17      23       4
  8      11       2      22
     13       7      21 
     20      24      19
          3       5 
--8<--
found: sum= 74.0000 var=  0.0000 fitness= 74.0000 age=0
-->8--
         19      13 
     18       1      23
      6      14      11 
 17      16      12      22
  8      20       3       5
      7       9      21 
      4      24      15
         10       2 
--8<--
found: sum= 79.0000 var=  0.0000 fitness= 79.0000 age=0
-->8--
          8      13 
     21       7      24
     17       6      18 
  3      20      11       2
 10      14       9      23
     15      19      16 
      5      22      12
          4       1 
--8<--
found: sum= 80.0000 var=  0.0000 fitness= 80.0000 age=0
-->8--
          3       9 
      4      15      12
     24      16      22 
  1      18       6       8
 17       7      19      20
     13      14       5 
     23      21      11
          2      10 
--8<--
found: sum= 80.0000 var=  0.0000 fitness= 80.0000 age=0
-->8--
          9       2 
      6      18      16
     23       4      21 
 14      20      19       8
  1      17       7       3
      5      13      22 
     24      11      15
         10      12 
--8<--
found: sum= 76.0000 var=  0.0000 fitness= 76.0000 age=0
-->8--
          1      10 
     12      23       6
     15      14       4 
  9      11      19      13
 18       7       3      20
     16      22      17 
     24       5      21
          2       8 
--8<--
found: sum= 72.0000 var=  0.0000 fitness= 72.0000 age=0
-->8--
          1      11 
     21       3      12
      6      19      20 
 23      22       7      15
  9       2       8      18
     10      14       4 
      5      17      13
         24      16 
--8<--
found: sum= 77.0000 var=  0.0000 fitness= 77.0000 age=0
-->8--
         17      19 
     10      18      20
      2       6       5 
 12      24       9      11
  3      21      16      13
     15       1      23 
      4      22       7
         14       8 
--8<--
found: sum= 73.0000 var=  0.0000 fitness= 73.0000 age=0
-->8--
         23       3 
     18       4      17
      8       6      22 
  5      14      21       1
 20       7      16      11
     19       9       2 
     15      10      24
         13      12 
--8<--
found: sum= 75.0000 var=  0.0000 fitness= 75.0000 age=0
-->8--
         17       1 
     12       2      24
     15       6      22 
 18      23      20       9
  8       4       3       5
      7      19      16 
     11      13      14
         21      10 
--8<--
found: sum= 75.0000 var=  0.0000 fitness= 75.0000 age=0
-->8--
         14      21 
      3       2       8
     23      20      15 
 16      13       9      19
  1      17      10       4
      5       6      18 
     11      12      22
         24       7 
--8<--
found: sum= 80.0000 var=  0.0000 fitness= 80.0000 age=0
-->8--
         24      17 
      2      21       1
     19       6      15 
 12       8      20      11
  4      23      18       7
     14       5       9 
     13      22      10
          3      16 
--8<--
found: sum= 77.0000 var=  0.0000 fitness= 77.0000 age=0
-->8--
          9      10 
     14       4       1
     19      18      24 
 15      13      20      12
 16       6       3      11
      8      17       7 
      2      23      22
         21       5 
--8<--
found: sum= 78.0000 var=  0.0000 fitness= 78.0000 age=0
-->8--
         13      11 
     12      24       6
      3      21       2 
 23       5      14       9
 10      18      16      17
     19       4      20 
      8      22       1
          7      15 
--8<--
found: sum= 79.0000 var=  0.0000 fitness= 79.0000 age=0
-->8--
          6       9 
     12      10      18
     21       7      19 
 15      23      16      14
  1      11       2       4
      8      20      24 
     22      13       3
          5      17 
--8<--
found: sum= 77.0000 var=  0.0000 fitness= 77.0000 age=0
-->8--
          2      13 
     22      12       3
     14      23      11 
 10       4      15       5
 19       6       9      21
     24      20      16 
      1       8      17
         18       7 
--8<--
found: sum= 76.0000 var=  0.0000 fitness= 76.0000 age=0
-->8--
          3      10 
     24       5       1
     11      17      22 
 19      16      21       4
  8      13       2      12
      9       7      15 
     23      18      14
          6      20 
--8<--
found: sum= 73.0000 var=  0.0000 fitness= 73.0000 age=0
-->8--
         13      14 
     16       3      18
     24       6      22 
 12      11      10      17
  1      20       7       8
      5      19       9 
     23       2      21
          4      15 
--8<--
found: sum= 78.0000 var=  0.0000 fitness= 78.0000 age=0
-->8--
         12      20 
     14      11       3
      8      16      22 
  9      17       6       1
  7      13      21      18
     24       5      10 
     19      15       4
          2      23 
--8<--
found: sum= 79.0000 var=  0.0000 fitness= 79.0000 age=0
-->8--
          4      15 
     19      20       5
     24      10       6 
  9       2      23       3
 11      12      14      17
     21      18      16 
     13       8       1
          7      22 
--8<--
found: sum= 75.0000 var=  0.0000 fitness= 75.0000 age=0
-->8--
          3       4 
     15      12      20
     16       7       8 
 17      22      24       9
  1      14       2      19
      5       6      13 
     11      21      23
         18      10 
--8<--
found: sum= 73.0000 var=  0.0000 fitness= 73.0000 age=0
-->8--
         19       8 
      7      15      23
      1      22       3 
  6       9       2      18
 24      12      17      13
     21      11      20 
     14       5      16
         10       4 
--8<--
found: sum= 79.0000 var=  0.0000 fitness= 79.0000 age=0
-->8--
          5       4 
      6      21      12
     20       3      17 
 18      24      22      10
  2      14       9       8
      1       7      13 
     19      23      16
         15      11 
--8<--
found: sum= 76.0000 var=  0.0000 fitness= 76.0000 age=0
-->8--
         12       2 
     22       3      18
      5      24      23 
 11      10       6       4
  9      21       8      19
     20       7      16 
     14      13      15
          1      17 
--8<--
found: sum= 81.0000 var=  0.0000 fitness= 81.0000 age=0
-->8--
          9      15 
      5      19       1
     24       2      23 
  4      22      21       3
 11       7      12      14
     13      17       8 
      6      18      10
         20      16 
--8<--
found: sum= 79.0000 var=  0.0000 fitness= 79.0000 age=0
-->8--
          2       4 
     14      17       6
      8      18      23 
 15      20      11       1
  7       5      22       9
     24       3      13 
     16      10      12
         21      19 
--8<--
found: sum= 79.0000 var=  0.0000 fitness= 79.0000 age=0
-->8--
         15       1 
      5      13      22
      6      23      16 
 24      17       4       8
  2      10      18      12
     20       7      21 
      9      19      11
         14       3 
--8<--
found: sum= 81.0000 var=  0.0000 fitness= 81.0000 age=0
-->8--
          8       1 
     11      20       6
     24      16      21 
  4       2      17       3
 19      22      15       7
     10       9      18 
      5      12      13
         23      14 
--8<--
found: sum= 77.0000 var=  0.0000 fitness= 77.0000 age=0
-->8--
         19       1 
      8       3      21
     14      23      24 
  7      10       5      16
 20      11       6       9
     15      22      17 
      4      12       2
         13      18 
--8<--
found: sum= 82.0000 var=  0.0000 fitness= 82.0000 age=0
-->8--
          3      16 
     12      22       9
     21       4      18 
  1      20      13      17
  7      23      14       5
     10       8      15 
      6      24       2
         11      19 
--8<--
found: sum= 79.0000 var=  0.0000 fitness= 79.0000 age=0
-->8--
          5       6 
     19      10      20
     21      23       4 
  2       1      16      17
 18      15      11       7
     22      13      24 
      3      14       8
         12       9 
--8<--
found: sum= 74.0000 var=  0.0000 fitness= 74.0000 age=0
-->8--
          2      10 
      1      19       4
     12      22      16 
 24      18       3      14
  7       5      15      17
      8      11       9 
     23       6      13
         21      20 
--8<--
found: sum= 80.0000 var=  0.0000 fitness= 80.0000 age=0
-->8--
          1      17 
     10      24      18
     23       2      12 
  3      20       7      11
  4      14      22       9
     16      15      19 
      8       6       5
         21      13 
--8<--
found: sum= 75.0000 var=  0.0000 fitness= 75.0000 age=0
-->8--
          5      11 
     16      12      19
     13       9      14 
 17      20      10      22
  6      15       3       2
      4      18      24 
      7       8      21
         23       1 
--8<--
found: sum= 79.0000 var=  0.0000 fitness= 79.0000 age=0
-->8--
         11       6 
     14      18      21
     22       1      23 
  2      13      10       7
 17      16      15      20
      9      24       4 
      3      19       5
          8      12 
--8<--
found: sum= 77.0000 var=  0.0000 fitness= 77.0000 age=0
-->8--
          8      21 
     15      24       3
      2       6      10 
 23      22      13      12
 11       1      19       9
     18      16      14 
      5      17       7
         20       4 
--8<--
found: sum= 79.0000 var=  0.0000 fitness= 79.0000 age=0
-->8--
         19      22 
     18       9       4
     21       5      24 
 12       7      15       1
  3      16      23       6
     20      13      10 
     17      11      14
          2       8 
--8<--
found: sum= 81.0000 var=  0.0000 fitness= 81.0000 age=0
-->8--
          2       8 
      6      18      15
     22      16      21 
  4      17       3       5
 19      12      20       9
      7      13      23 
     24      14       1
         11      10 
--8<--
found: sum= 78.0000 var=  0.0000 fitness= 78.0000 age=0
-->8--
         18      20 
     14      12       6
     23       9      15 
 11       2      16      10
  1      24       5      13
     17      22      19 
      8       4       7
          3      21 
--8<--
found: sum= 80.0000 var=  0.0000 fitness= 80.0000 age=0
-->8--
         10       1 
     20       5      15
     24      14      23 
  3       7      22       6
 16      11      17       4
     19       9       8 
     18      21      12
          2      13 
--8<--
found: sum= 78.0000 var=  0.0000 fitness= 78.0000 age=0
-->8--
         24      13 
      4      18       9
      6       3      20 
  5      23      15       7
 16      17      12      10
     11       8      14 
     19      21      22
          2       1 
--8<--
found: sum= 77.0000 var=  0.0000 fitness= 77.0000 age=0
-->8--
          5      11 
     13      10      21
     24       8       7 
  2      17      20      12
  3      22       4      15
      9       6      19 
      1      16      18
         23      14 
--8<--
found: sum= 73.0000 var=  0.0000 fitness= 73.0000 age=0
-->8--
          8       9 
     11      23      18
      5       4      12 
 17      22       7       3
  2      13      21      20
     14       6      10 
     15       1      19
         24      16 
--8<--
found: sum= 73.0000 var=  0.0000 fitness= 73.0000 age=0
-->8--
          7       5 
     13      22      15
      2       9      14 
 21      20       8      23
 10      16      19       3
      4       1       6 
     11      17      12
         24      18 
--8<--
found: sum= 81.0000 var=  0.0000 fitness= 81.0000 age=0
-->8--
         11      22 
     20      12      10
     17       2      21 
  4      19      14       6
  5      23       7       9
     13      16      24 
      8      18       1
          3      15 
--8<--
found: sum= 78.0000 var=  0.0000 fitness= 78.0000 age=0
-->8--
         15       8 
     16      13      18
      9       6      22 
  2      19      11      17
 21       4      24       1
     23      14       3 
     12      20       7
          5      10 
--8<--
found: sum= 75.0000 var=  0.0000 fitness= 75.0000 age=0
-->8--
          9       7 
     13       1      24
     21      15      20 
 17      16       8      18
  3      14      12      11
      4      10       6 
     19      23       2
          5      22 
--8<--
found: sum= 76.0000 var=  0.0000 fitness= 76.0000 age=0
-->8--
         23       3 
      7       6      16
      9      14      24 
 20      17      13      15
 10       2       8       5
     18      22      11 
     21      12       4
          1      19 
--8<--
found: sum= 79.0000 var=  0.0000 fitness= 79.0000 age=0
-->8--
          2       9 
     19       6      13
      8      24      15 
  7      20      12      18
 16       5       1      11
     23      17      22 
      3      21       4
         10      14 
--8<--
found: sum= 73.0000 var=  0.0000 fitness= 73.0000 age=0
-->8--
          5       6 
     15      18      24
      2      13       1 
 17      20      11      19
  4      16      10       9
     14       3      23 
     12       7      22
         21       8 
--8<--
found: sum= 75.0000 var=  0.0000 fitness= 75.0000 age=0
-->8--
          3       1 
     10      24      23
     13       5      14 
  6      20       8      17
 15      19      11       7
      2      12      18 
     16       4       9
         22      21 
--8<--
found: sum= 80.0000 var=  0.0000 fitness= 80.0000 age=0
-->8--
         15       3 
      2      17      14
     10      16      24 
 12      20       6      18
 13      21       8       1
      4       9      23 
     19      22       7
          5      11 
--8<--
found: sum= 80.0000 var=  0.0000 fitness= 80.0000 age=0
-->8--
          8      22 
     13      12       3
     23      10      18 
  1      14      15       7
 20      16       4      19
      6      21      17 
     11      24       5
          2       9 
--8<--
found: sum= 78.0000 var=  0.0000 fitness= 78.0000 age=0
-->8--
         12      11 
     10      22       4
      3      18      21 
  7      13       2       9
 16      20      24      14
     19       1       8 
     15      17      23
          6       5 
--8<--
found: sum= 77.0000 var=  0.0000 fitness= 77.0000 age=0
-->8--
          7       1 
      8      24       3
     16      17      22 
 11       5      10      23
 15      18       6      14
     12      21       2 
      4       9      19
         13      20 
--8<--
found: sum= 78.0000 var=  0.0000 fitness= 78.0000 age=0
-->8--
          3      13 
     10      23      14
     16       2      22 
  1      24       4       6
 18       7      20      17
     12      21       9 
     19       8      15
         11       5 
--8<--
found: sum= 81.0000 var=  0.0000 fitness= 81.0000 age=0
-->8--
          6      17 
     12      20       1
     24      11      23 
 10       8       9       3
  2      16      18      15
     21      19      13 
     14       4      22
          7       5 
--8<--
found: sum= 81.0000 var=  0.0000 fitness= 81.0000 age=0
-->8--
          7      22 
     17      21       8
     19       6      15 
  3      11       9       1
 10      24      13      23
     14      18      20 
      4      16       2
          5      12 
--8<--
found: sum= 79.0000 var=  0.0000 fitness= 79.0000 age=0
-->8--
          6      11 
     18      23      10
      9       7      24 
 17      16       4       5
 15      19      12      20
      3      21      14 
      1      22       8
         13       2 
--8<--
found: sum= 79.0000 var=  0.0000 fitness= 79.0000 age=0
-->8--
          4       2 
     19      20      16
     10      12      22 
  8      14       7      18
 11      13       9       6
     23      24      17 
      1       3      21
         15       5 
--8<--
found: sum= 79.0000 var=  0.0000 fitness= 79.0000 age=0
-->8--
         18      16 
      6      22       3
     15       5      21 
 19      13      12       4
 14       8      24      11
     10      17       7 
      1      20       9
         23       2 
--8<--
found: sum= 79.0000 var=  0.0000 fitness= 79.0000 age=0
-->8--
         19       6 
      4      15      22
     20       7      12 
  1      14      17       3
 23      13      18       5
      8      10      24 
     21      16       2
         11       9 
--8<--
found: sum= 77.0000 var=  0.0000 fitness= 77.0000 age=0
-->8--
         21       2 
     17       3      11
     18      14      23 
 13       4      24      10
  8      22       6       5
     12       7       9 
     15      20      19
          1      16 
--8<--
found: sum= 78.0000 var=  0.0000 fitness= 78.0000 age=0
-->8--
          6       2 
      8      13       9
     24      16      21 
  3      11      17      15
 23      12       4       1
      5      18      20 
     22       7      10
         14      19 
--8<--
found: sum= 81.0000 var=  0.0000 fitness= 81.0000 age=0
-->8--
          8       5 
     13      16      14
      9      23      19 
  3      12       4       2
 22      11      21      18
     24      10      17 
     15      20       7
          1       6 
--8<--
found: sum= 71.0000 var=  0.0000 fitness= 71.0000 age=0
-->8--
          1      12 
     24      10       9
      4      18      16 
  3      14       6      19
 20      23       2      15
      7       8      13 
     17       5      21
         11      22 
--8<--
found: sum= 78.0000 var=  0.0000 fitness= 78.0000 age=0
-->8--
          4      16 
     15      24       8
     21       2      11 
 10      12      17       1
  3      18      23      19
     14       6       7 
      5      13      20
         22       9 
--8<--
found: sum= 78.0000 var=  0.0000 fitness= 78.0000 age=0
-->8--
         13      11 
     12      24       6
      3      21       2 
 23       5      14       9
 10      18      16      17
     19       4      20 
      8      22       1
          7      15 
--8<--
found: sum= 75.0000 var=  0.0000 fitness= 75.0000 age=0
-->8--
          6      22 
     13      21       1
      8      12      10 
 23      15       9       5
  2      16      19      14
     11       4      18 
     17       7       3
         20      24 
--8<--
found: sum= 77.0000 var=  0.0000 fitness= 77.0000 age=0
-->8--
          6      13 
     14      15      24
     22       3      12 
  7      17      10      19
  1       9      20       5
     21      18      11 
     23       4      16
          2       8 
--8<--
found: sum= 81.0000 var=  0.0000 fitness= 81.0000 age=0
-->8--
          1      15 
     21      23       9
     20       4      13 
  6      12      17       3
 14      22      16       8
      7      10      24 
      5      18       2
         19      11 
--8<--
found: sum= 76.0000 var=  0.0000 fitness= 76.0000 age=0
-->8--
         13       8 
      7       1      18
     14      22      15 
 11      19      12      20
  5      17       2       3
     10       4      24 
     23      16       9
          6      21 
--8<--
found: sum= 72.0000 var=  0.0000 fitness= 72.0000 age=0
-->8--
         23      21 
      7      17      20
      2       5       8 
  3      18       1      13
 16      14      22      24
     19      12       4 
     11      10       9
          6      15 
--8<--
found: sum= 83.0000 var=  0.0000 fitness= 83.0000 age=0
-->8--
          2      22 
      6      23       3
     24       7      11 
  5      21      17       8
  1      13      15      12
     19      10      20 
      9      18       4
         14      16 
--8<--
found: sum= 80.0000 var=  0.0000 fitness= 80.0000 age=0
-->8--
         17       8 
      1      12       7
     22      18      19 
  6      10      16       2
 13       9      24      15
     20       3       4 
     11      23       5
         14      21 
--8<--
found: sum= 80.0000 var=  0.0000 fitness= 80.0000 age=0
-->8--
          1      10 
     19      24      11
     12       3      23 
  5      21       9       4
 14      22      17       7
      6       8      20 
     16      15       2
         13      18 
--8<--
found: sum= 82.0000 var=  0.0000 fitness= 82.0000 age=0
-->8--
          1      10 
      3      16       2
     17      24      23 
  5      21       7      20
  8       9      15       4
     22       6      13 
     14      19      11
         12      18 
--8<--
found: sum= 81.0000 var=  0.0000 fitness= 81.0000 age=0
-->8--
          8       3 
      6      13      11
     24      18      21 
 17      12      15       2
  1      22      10      14
      5       4      19 
      7      23      16
         20       9 
--8<--
found: sum= 75.0000 var=  0.0000 fitness= 75.0000 age=0
-->8--
          7      21 
     18      20       1
      6       8      11 
 10      16      14       4
 17      23       5      19
      3       9      22 
     15      13       2
         12      24 
--8<--
found: sum= 83.0000 var=  0.0000 fitness= 83.0000 age=0
-->8--
          8      11 
      6      24       2
     21       7      23 
  4      17      16       1
  3      18      10      19
     20      15      14 
      5      13       9
         12      22 
--8<--
found: sum= 77.0000 var=  0.0000 fitness= 77.0000 age=0
-->8--
          1      14 
     19       9      11
     10      17       8 
  3      21      18       5
  7      13       2      24
     23       6      20 
      4      15      22
         16      12 
--8<--
found: sum= 78.0000 var=  0.0000 fitness= 78.0000 age=0
-->8--
          6      20 
      7      23       3
     10      11      16 
  2      21       5      17
 15      22      18      13
      8       1       9 
     19      24      14
          4      12 
--8<--
found: sum= 79.0000 var=  0.0000 fitness= 79.0000 age=0
-->8--
          1       5 
      8      24      15
     20       7      18 
 11      19      10      12
  2      14       6      16
     13      23      17 
      4       3      21
         22       9 
--8<--
found: sum= 80.0000 var=  0.0000 fitness= 80.0000 age=0
-->8--
         21      14 
     15      13      10
     22       8      17 
  2       1      18       9
 12      19      11       5
     24      23      20 
      3       4      16
          7       6 
--8<--
found: sum= 78.0000 var=  0.0000 fitness= 78.0000 age=0
-->8--
          1       6 
     24      18      13
      8      17      22 
 21      10       2      20
  9      11      23       4
     19      15       7 
     14      16       5
          3      12 
--8<--
found: sum= 76.0000 var=  0.0000 fitness= 76.0000 age=0
-->8--
          9       4 
     17       3      20
      1      24      18 
 15      22       7      11
 12       5      10      16
     21       8      14 
     13      23      19
          6       2 
--8<--
found: sum= 74.0000 var=  0.0000 fitness= 74.0000 age=0
-->8--
          6       3 
     18      12      10
      9      22      13 
 17       7      14      20
 23       2       8       4
     16      21      15 
     11       5      24
         19       1 
--8<--
found: sum= 75.0000 var=  0.0000 fitness= 75.0000 age=0
-->8--
         15      10 
      2       6      21
     24      12      19 
  3      16       7       8
 14      13       4      17
      5      23      20 
     11       1      18
         22       9 
--8<--
found: sum= 74.0000 var=  0.0000 fitness= 74.0000 age=0
-->8--
         16      14 
     11       7       2
      1      17      24 
 15      22      10       5
  3      13       4      19
     20       8      12 
      9       6      21
         18      23 
--8<--
found: sum= 80.0000 var=  0.0000 fitness= 80.0000 age=0
-->8--
          5      12 
      3      23      17
     18       7      11 
  2      24      10       8
  9      21      14      15
      6       4      22 
     13      20      19
         16       1 
--8<--
found: sum= 77.0000 var=  0.0000 fitness= 77.0000 age=0
-->8--
         22      23 
      5      12       1
      4      14      21 
 19      20       6       3
  2      17      13      10
     15       7      24 
     18       9       8
         11      16 
--8<--
found: sum= 75.0000 var=  0.0000 fitness= 75.0000 age=0
-->8--
          3       4 
     15      12      20
     16       7       8 
 17      22      24       9
  1      14       2      19
      5       6      13 
     11      21      23
         18      10 
--8<--
found: sum= 79.0000 var=  0.0000 fitness= 79.0000 age=0
-->8--
         13      14 
      1       7       8
     15      20      21 
  3      23       9       2
 16       5       4      19
     17      18      24 
      6      11      12
         22      10 
--8<--
found: sum= 75.0000 var=  0.0000 fitness= 75.0000 age=0
-->8--
         21      13 
      2      23       7
      9      12       6 
 24       8      14       3
  4      11      20      15
     19      10      17 
     18       1       5
         16      22 
--8<--
found: sum= 79.0000 var=  0.0000 fitness= 79.0000 age=0
-->8--
         17      13 
      3      24      12
      6       7      14 
  5      22       9      11
 21       2      20      15
     23      19      10 
     16      18       8
          1       4 
--8<--
found: sum= 74.0000 var=  0.0000 fitness= 74.0000 age=0
-->8--
         14       1 
     19       8      18
     12      15       9 
  7       6      23       5
 20      16      11       2
     13       3      24 
     21       4      10
         17      22 
--8<--
found: sum= 79.0000 var=  0.0000 fitness= 79.0000 age=0
-->8--
          3       9 
     17      20       6
     14      18      11 
 13       7      15       4
 24       2      21       5
     19      16      23 
     12       8       1
         22      10 
--8<--
found: sum= 75.0000 var=  0.0000 fitness= 75.0000 age=0
-->8--
         22       3 
      6      11       2
      5      24      23 
 18       7      12       4
 21       8      15      20
     16       9       1 
     10      19      14
         13      17 
--8<--
found: sum= 78.0000 var=  0.0000 fitness= 78.0000 age=0
-->8--
          5      21 
     13       3       4
     22      17      14 
  2      18      19       9
 12       8      15      10
     16       1      11 
      6      24      20
         23       7 
--8<--
found: sum= 79.0000 var=  0.0000 fitness= 79.0000 age=0
-->8--
          7       2 
     12       8      13
     14      23      24 
 19      15       9      18
  4      16       6       1
     11      10      21 
     22      17      20
          3       5 
--8<--
found: sum= 78.0000 var=  0.0000 fitness= 78.0000 age=0
-->8--
         17      21 
     11      15       8
     10      13      18 
  1      12       3       2
  9      24      19      16
     22       7      20 
      6       5       4
         14      23 
--8<--
found: sum= 71.0000 var=  0.0000 fitness= 71.0000 age=0
-->8--
         21      23 
     12      16       9
      1       6       3 
 20      15      14       4
 11       2      24      18
     22      10       8 
     19       5      17
         13       7 
--8<--
found: sum= 79.0000 var=  0.0000 fitness= 79.0000 age=0
-->8--
         23       4 
      7       9      14
     20      19      17 
 10       1      16       3
 18       8      24      13
     22      11       6 
     12      21      15
          5       2 
--8<--
found: sum= 79.0000 var=  0.0000 fitness= 79.0000 age=0
-->8--
         15      11 
     17      24      10
      4       5      16 
 12      14      13       3
 22       8      18       6
     19      21      23 
     20       9       1
          2       7 
--8<--
found: sum= 82.0000 var=  0.0000 fitness= 82.0000 age=0
-->8--
          1       3 
      6      22       8
     24      14      19 
 11      15      16      13
  9      18       7      10
      5      12      17 
      4      23      21
         20       2 
--8<--
found: sum= 81.0000 var=  0.0000 fitness= 81.0000 age=0
-->8--
          3      14 
     11      20       5
     22      10       8 
 12      15      24       7
  4       9       2      17
     19      21      23 
     18      13       6
          1      16 
--8<--
found: sum= 84.0000 var=  0.0000 fitness= 84.0000 age=0
-->8--
          3       9 
      4      24      16
     22      10      17 
  6      21       8      11
  1      15      23       5
     19       7      20 
     12      18      14
         13       2 
--8<--
found: sum= 77.0000 var=  0.0000 fitness= 77.0000 age=0
-->8--
          8      15 
     10      20      24
     22       4       9 
  6      13       5      17
 16      18      23      12
      2      14      11 
      3      21       1
         19       7 
--8<--
found: sum= 81.0000 var=  0.0000 fitness= 81.0000 age=0
-->8--
          1       3 
     17      20       5
      7      15      22 
 11      21      16      10
  6      13      12       2
     23       4      19 
     18      14      24
          9       8 
--8<--
found: sum= 77.0000 var=  0.0000 fitness= 77.0000 age=0
-->8--
          4       2 
      3      24      12
     15      22      16 
  5       9       1      10
 23      19      18      21
      6       8      11 
     17      13      20
         14       7 
--8<--
found: sum= 83.0000 var=  0.0000 fitness= 83.0000 age=0
-->8--
          1       6 
      4      24       9
     19      18      15 
 12      17      11      20
  5       7      22       2
     23       8      13 
     10      21      16
         14       3 
--8<--
found: sum= 81.0000 var=  0.0000 fitness= 81.0000 age=0
-->8--
         15       2 
      3      22      23
     17       5      21 
  1      19       8       4
  6      24      18      10
     14       7      20 
     16      11      12
          9      13 
--8<--
found: sum= 80.0000 var=  0.0000 fitness= 80.0000 age=0
-->8--
          2      10 
     21      23       8
     18       5      19 
 24      11      15       4
  6      14      13      12
      7      22      17 
      1      16       3
         20       9 
--8<--
found: sum= 78.0000 var=  0.0000 fitness= 78.0000 age=0
-->8--
         19       9 
      1      24      14
      3      10      15 
 11      21       6      20
 12      23      13       2
      8       5      22 
     17      18      16
          7       4 
--8<--
found: sum= 77.0000 var=  0.0000 fitness= 77.0000 age=0
-->8--
         18      10 
     14      13      24
     20       8       7 
 19       4      15       1
  5      23      11      21
      6      16      22 
     12      17       2
          3       9 
--8<--
found: sum= 78.0000 var=  0.0000 fitness= 78.0000 age=0
-->8--
         13      17 
      8       9       3
     24      19      18 
  1       5      12       4
 23      15      21      16
     10       6       7 
     11      22       2
         14      20 
--8<--
found: sum= 83.0000 var=  0.0000 fitness= 83.0000 age=0
-->8--
          1      11 
      4      22       6
     13      20      17 
  2      23       7      15
  5      16      14       9
     24       3      21 
     10      18      19
         12       8 
--8<--
found: sum= 77.0000 var=  0.0000 fitness= 77.0000 age=0
-->8--
          1       6 
     18      13      22
     23       5      11 
 12      17      20       8
  4      14       2      15
      7      19      21 
      3      10      16
         24       9 
--8<--
found: sum= 77.0000 var=  0.0000 fitness= 77.0000 age=0
-->8--
          3      22 
     20       7       2
      8      24      16 
 18      15       6       1
 13       4      17      23
     19      11      14 
     12      21       9
         10       5 
--8<--
found: sum= 80.0000 var=  0.0000 fitness= 80.0000 age=0
-->8--
          8       6 
     21      22      13
     15      11      12 
  5       3      16       1
 23      14      17      10
     20      19      24 
     18       7       4
          2       9 
--8<--
found: sum= 72.0000 var=  0.0000 fitness= 72.0000 age=0
-->8--
         18      24 
     15       1      22
     20       4       8 
 21      14      13       7
  2       6      16      23
      9      19       5 
     10      17       3
         11      12 
--8<--
found: sum= 80.0000 var=  0.0000 fitness= 80.0000 age=0
-->8--
         21      14 
     15      13      10
     22       8      17 
  2       1      18       9
 12      19      11       5
     24      23      20 
      3       4      16
          7       6 
--8<--
found: sum= 82.0000 var=  0.0000 fitness= 82.0000 age=0
-->8--
         13       3 
      1      24       5
     17      19      11 
 12       8      20       2
  9      15      16      10
     21       4      23 
     22      14       7
          6      18 
--8<--
found: sum= 80.0000 var=  0.0000 fitness= 80.0000 age=0
-->8--
         21      19 
     10      16       8
      6       4      22 
 13      23      11       2
  5       9      18       7
     24      15      20 
      3      12       1
         17      14 
--8<--
found: sum= 81.0000 var=  0.0000 fitness= 81.0000 age=0
-->8--
          6       7 
     16      15      13
     22       5      21 
  9      17      20      11
  1      18       2       4
     14      19      23 
      8      10       3
         12      24 
--8<--
found: sum= 83.0000 var=  0.0000 fitness= 83.0000 age=0
-->8--
          1      19 
     15      21       6
     17       5      23 
  4      24       9       2
  8      12      20       7
     18      13      22 
     16      14       3
         10      11 
--8<--
found: sum= 78.0000 var=  0.0000 fitness= 78.0000 age=0
-->8--
         13       1 
     14      20      16
     23       6      17 
  9       2      18       5
 15      21       7      19
      8      24      12 
     11      10       3
          4      22 
--8<--
found: sum= 81.0000 var=  0.0000 fitness= 81.0000 age=0
-->8--
          6       4 
      3      15       7
     19      24      20 
  2      14      11       9
  8      21       1      18
     17      10      22 
      5      12      13
         16      23 
--8<--
found: sum= 75.0000 var=  0.0000 fitness= 75.0000 age=0
-->8--
          3      12 
     18      11       7
      6      21      14 
  9      16      10      13
 20       1      19       2
     23       8      17 
     24       4       5
         15      22 
--8<--
found: sum= 75.0000 var=  0.0000 fitness= 75.0000 age=0
-->8--
         24      15 
     11       5      10
     12      19      23 
  7       4       3       2
 18      14      22      16
     20      13       9 
     21       6       8
          1      17 
--8<--
found: sum= 76.0000 var=  0.0000 fitness= 76.0000 age=0
-->8--
          4      14 
     12      10       6
     11      23      18 
  1      16       5      20
 24       7      22       2
     17       3       9 
     13      15       8
         21      19 
--8<--
found: sum= 80.0000 var=  0.0000 fitness= 80.0000 age=0
-->8--
         22      12 
      9      11       7
     20      10      23 
  6       8      17       2
  4      18      14       3
     24      13      21 
      5       1      16
         19      15 
--8<--
found: sum= 74.0000 var=  0.0000 fitness= 74.0000 age=0
-->8--
         20      18 
      4      12       7
     22       1      17 
  5      15      19       9
  8      14       2      21
     10      23       6 
     11       3      24
         13      16 
--8<--
found: sum= 75.0000 var=  0.0000 fitness= 75.0000 age=0
-->8--
          2       4 
     21      23      17
      1      10      13 
  9      18       8       6
 24       3      22      15
     20      14      11 
     12       7       5
         19      16 
--8<--
found: sum= 79.0000 var=  0.0000 fitness= 79.0000 age=0
-->8--
          6       8 
      1      20      17
     19      11      13 
  5      22      10      16
  3       9      12      24
     21      15       4 
      2      18       7
         14      23 
--8<--
found: sum= 80.0000 var=  0.0000 fitness= 80.0000 age=0
-->8--
          8      14 
     11       1       9
     19      23      20 
 16      18      13      12
 10       2       7       4
     15      17      24 
     22      21       6
          3       5 
--8<--
found: sum= 77.0000 var=  0.0000 fitness= 77.0000 age=0
-->8--
         12       2 
     17      14      13
     10       9      21 
 19      15      18       3
  6      23      11       8
      4       1      16 
     24      20       7
          5      22 
--8<--
found: sum= 83.0000 var=  0.0000 fitness= 83.0000 age=0
-->8--
         10      13 
      1      11       8
     18      23      21 
 16      20       7       5
  3       4      17      14
     22      12      19 
      6      24       9
         15       2 
--8<--
found: sum= 81.0000 var=  0.0000 fitness= 81.0000 age=0
-->8--
          4      24 
     13       7       5
     21      16      15 
  8      20      14      19
  3      12       1       9
     17      18      23 
     10      22      11
          2       6 
--8<--
found: sum= 77.0000 var=  0.0000 fitness= 77.0000 age=0
-->8--
         19      15 
      2       3      16
     18      11      22 
 12      24      10      13
  1       8       7      20
     14      17       5 
      9      23      21
          6       4 
--8<--
found: sum= 80.0000 var=  0.0000 fitness= 80.0000 age=0
-->8--
          4      18 
      8      20      15
     16       9      12 
  2      23       6      13
 10      22      17      11
      7       3      21 
     19      24       1
          5      14 
--8<--
found: sum= 80.0000 var=  0.0000 fitness= 80.0000 age=0
-->8--
          7      16 
      1      14       9
     24      15       6 
  8      19      20      18
  2       4       5      10
     23      17      21 
     13      12      22
         11       3 
--8<--
found: sum= 79.0000 var=  0.0000 fitness= 79.0000 age=0
-->8--
          8       7 
      5       9      13
     22      20      24 
 16      15       6      17
 11       1      19      10
     14      18       3 
      2      23      12
         21       4 
--8<--
found: sum= 82.0000 var=  0.0000 fitness= 82.0000 age=0
-->8--
          5       1 
      2      17      15
     22      24      19 
  3      12       6       7
 21       8      18       9
     16      14      23 
     20      13       4
         11      10 
--8<--
found: sum= 82.0000 var=  0.0000 fitness= 82.0000 age=0
-->8--
         12      15 
      1       9       7
     23      19      24 
  2      18       8       5
 14       4      20       3
     21      13      22 
     17      11       6
         16      10 
--8<--
found: sum= 78.0000 var=  0.0000 fitness= 78.0000 age=0
-->8--
         18      20 
     14      12       6
     23       9      15 
 11       2      16      10
  1      24       5      13
     17      22      19 
      8       4       7
          3      21 
--8<--
found: sum= 80.0000 var=  0.0000 fitness= 80.0000 age=0
-->8--
          2       1 
     17      24      11
      8      22      16 
  3       7       6      14
 23      20      21       5
     19       4      18 
     10      15       9
         12      13 
--8<--
found: sum= 81.0000 var=  0.0000 fitness= 81.0000 age=0
-->8--
          4      19 
     17      21       2
     20       7      23 
  1      12       9       6
  8      24      11      22
     16      18      10 
      3      15      13
          5      14 
--8<--
found: sum= 81.0000 var=  0.0000 fitness= 81.0000 age=0
-->8--
          5       3 
     23      15       8
     18      19      16 
 10       1      20       7
  9      22       2      12
     21      17      24 
      4      11      13
          6      14 
--8<--
found: sum= 81.0000 var=  0.0000 fitness= 81.0000 age=0
-->8--
          9       6 
     11      18       3
     20      10      23 
  5      13      21      14
 19      16       4       7
      8      17      12 
     15      24      22
          1       2 
--8<--
found: sum= 85.0000 var=  0.0000 fitness= 85.0000 age=0
-->8--
          2      12 
     10      23       5
     19      14      24 
 13      17       7       3
  6       9      22      11
     21      16      18 
     15      20       1
          4       8 
--8<--
found: sum= 83.0000 var=  0.0000 fitness= 83.0000 age=0
-->8--
          4       7 
      5      13      17
     23      16      20 
  2      22      10       8
  9       6      18       3
     21      11      24 
     19      14       1
         12      15 
--8<--
found: sum= 78.0000 var=  0.0000 fitness= 78.0000 age=0
-->8--
          1      12 
      2      24       6
     23      11      22 
 10      17       3      21
  8      13      19       4
      7      15       9 
     18       5      16
         20      14 
--8<--
found: sum= 82.0000 var=  0.0000 fitness= 82.0000 age=0
-->8--
          6       7 
      1      15      19
     24      23       8 
  5      13      10      14
  3      16      11      17
     21       9      22 
     12      20      18
          4       2 
--8<--
found: sum= 83.0000 var=  0.0000 fitness= 83.0000 age=0
-->8--
          4      18 
      2      23       5
     17      15      19 
 12      22       3      13
  1      20      16       8
     11       7      24 
     10      21       9
         14       6 
--8<--
found: sum= 82.0000 var=  0.0000 fitness= 82.0000 age=0
-->8--
         11      14 
     13      20       5
     23       8      16 
  4       7      19      12
 22      17      10       1
      9      21      24 
     15      18       3
          2       6 
--8<--
found: sum= 77.0000 var=  0.0000 fitness= 77.0000 age=0
-->8--
          1      15 
     16      20      10
      7      12       9 
  4      21      11      17
 13      24       3      19
      8       6      18 
     14      23      22
          2       5 
--8<--
found: sum= 80.0000 var=  0.0000 fitness= 80.0000 age=0
-->8--
          3      16 
     11      20       9
     24       8      22 
 18      14       5       2
  4      19      13      15
      1      21      23 
     12      10       6
         17       7 
--8<--
found: sum= 77.0000 var=  0.0000 fitness= 77.0000 age=0
-->8--
         11       1 
      8      19       6
      9      17      22 
 20      13      12      18
  2      10       4      14
     23      21       7 
      3       5      16
         15      24 
--8<--
found: sum= 84.0000 var=  0.0000 fitness= 84.0000 age=0
-->8--
         12      10 
      4      21      15
     22       9      24 
  1      16       5       6
  3      23      18      11
     19      13      20 
      7      14      17
          8       2 
--8<--
found: sum= 77.0000 var=  0.0000 fitness= 77.0000 age=0
-->8--
         17      15 
      7      22       5
      3       8      18 
 21      20       9       4
 14       6      11      16
     13      23      19 
      1      10      12
         24       2 
--8<--
found: sum= 80.0000 var=  0.0000 fitness= 80.0000 age=0
-->8--
          1       4 
     21      17      16
     22       9      20 
 11      10      14      15
 19       6      18       8
     12      23       5 
      2      24       3
         13       7 
--8<--
found: sum= 79.0000 var=  0.0000 fitness= 79.0000 age=0
-->8--
          2      19 
     20      10       9
      8      18      16 
 13      21       7      15
 11      12      17       1
     14       4      23 
      3      24       5
         22       6 
--8<--
found: sum= 82.0000 var=  0.0000 fitness= 82.0000 age=0
-->8--
          1       9 
     10      19       7
     20       8      18 
  5      24      21      11
 12       4       3      16
     17      22      13 
      2      23      15
         14       6 
--8<--
found: sum= 79.0000 var=  0.0000 fitness= 79.0000 age=0
-->8--
         22      15 
      4      18       3
      7      11      19 
  6      17      13      10
 14      12       5      24
     23      21       8 
      1      20       9
          2      16 
--8<--
found: sum= 84.0000 var=  0.0000 fitness= 84.0000 age=0
-->8--
         13      18 
      9      21       1
     17      10      15 
  2      14      19       7
  5      22      11      12
     24       8      20 
      3      23       6
          4      16 
--8<--
found: sum= 80.0000 var=  0.0000 fitness= 80.0000 age=0
-->8--
         10      11 
      3      18       9
     15      12      23 
  1      22       7       8
  6      20      17      21
     16       2       4 
     13      24      14
          5      19 
--8<--
found: sum= 83.0000 var=  0.0000 fitness= 83.0000 age=0
-->8--
          6       4 
     11      14      19
     23      16      20 
  2      13      10       9
 15      18      21       1
     12       5      22 
      7      24       3
         17       8 
--8<--
found: sum= 79.0000 var=  0.0000 fitness= 79.0000 age=0
-->8--
          1      10 
     14      21       6
     16      19      11 
  7       8      12      24
 20       5      13       4
     23      22      15 
     18       9       3
          2      17 
--8<--
found: sum= 82.0000 var=  0.0000 fitness= 82.0000 age=0
-->8--
          3      17 
     10      23       1
     18      16       6 
  8      12      19       4
  9      15       7      24
     20      13      22 
     11      21      14
          2       5 
--8<--
found: sum= 78.0000 var=  0.0000 fitness= 78.0000 age=0
-->8--
          7      17 
     23      15      21
     18       9      11 
  1       6       5      10
 12      22      20       8
     19      16      24 
     14       3       2
          4      13 
--8<--
execution time: real 0.695957s user 0.508922s sys 0.004999s
GA: P=1024 K=512 sp=2 xover=2D/1 aging
generation #5: pop m= 80.822 v=0.189 f= 78.848
best: found: sum= 85.0000 var=  0.0000 fitness= 85.0000 age=1
-->8--
          2      12 
     10      23       5
     19      14      24 
 13      17       7       3
  6       9      22      11
     21      16      18 
     15      20       1
          4       8 
--8<--
found: sum= 80.0000 var=  0.0000 fitness= 80.0000 age=4
-->8--
          8      22 
     13      12       3
     23      10      18 
  1      14      15       7
 20      16       4      19
      6      21      17 
     11      24       5
          2       9 
--8<--
found: sum= 82.0000 var=  0.0000 fitness= 82.0000 age=4
-->8--
          3      16 
     12      22       9
     21       4      18 
  1      20      13      17
  7      23      14       5
     10       8      15 
      6      24       2
         11      19 
--8<--
found: sum= 80.0000 var=  0.0000 fitness= 80.0000 age=2
-->8--
          2      10 
     21      23       8
     18       5      19 
 24      11      15       4
  6      14      13      12
      7      22      17 
      1      16       3
         20       9 
--8<--
found: sum= 79.0000 var=  0.0000 fitness= 79.0000 age=2
-->8--
         23       4 
      7       9      14
     20      19      17 
 10       1      16       3
 18       8      24      13
     22      11       6 
     12      21      15
          5       2 
--8<--
found: sum= 79.0000 var=  0.0000 fitness= 79.0000 age=3
-->8--
         18      16 
      6      22       3
     15       5      21 
 19      13      12       4
 14       8      24      11
     10      17       7 
      1      20       9
         23       2 
--8<--
found: sum= 79.0000 var=  0.0000 fitness= 79.0000 age=4
-->8--
         19      22 
     18       9       4
     21       5      24 
 12       7      15       1
  3      16      23       6
     20      13      10 
     17      11      14
          2       8 
--8<--
found: sum= 79.0000 var=  0.0000 fitness= 79.0000 age=2
-->8--
         15      11 
     17      24      10
      4       5      16 
 12      14      13       3
 22       8      18       6
     19      21      23 
     20       9       1
          2       7 
--8<--
found: sum= 79.0000 var=  0.0000 fitness= 79.0000 age=1
-->8--
          2      19 
     20      10       9
      8      18      16 
 13      21       7      15
 11      12      17       1
     14       4      23 
      3      24       5
         22       6 
--8<--
found: sum= 82.0000 var=  0.0000 fitness= 82.0000 age=1
-->8--
         12      15 
      1       9       7
     23      19      24 
  2      18       8       5
 14       4      20       3
     21      13      22 
     17      11       6
         16      10 
--8<--
found: sum= 82.0000 var=  0.0000 fitness= 82.0000 age=1
-->8--
         11      14 
     13      20       5
     23       8      16 
  4       7      19      12
 22      17      10       1
      9      21      24 
     15      18       3
          2       6 
--8<--
found: sum= 77.0000 var=  0.0000 fitness= 77.0000 age=1
-->8--
         11       1 
      8      19       6
      9      17      22 
 20      13      12      18
  2      10       4      14
     23      21       7 
      3       5      16
         15      24 
--8<--
found: sum= 80.0000 var=  0.0000 fitness= 80.0000 age=1
-->8--
          4      18 
      8      20      15
     16       9      12 
  2      23       6      13
 10      22      17      11
      7       3      21 
     19      24       1
          5      14 
--8<--
found: sum= 79.0000 var=  0.0000 fitness= 79.0000 age=4
-->8--
          4      15 
     19      20       5
     24      10       6 
  9       2      23       3
 11      12      14      17
     21      18      16 
     13       8       1
          7      22 
--8<--
found: sum= 82.0000 var=  0.0000 fitness= 82.0000 age=1
-->8--
          5       1 
      2      17      15
     22      24      19 
  3      12       6       7
 21       8      18       9
     16      14      23 
     20      13       4
         11      10 
--8<--
found: sum= 79.0000 var=  0.0000 fitness= 79.0000 age=4
-->8--
          2       9 
     19       6      13
      8      24      15 
  7      20      12      18
 16       5       1      11
     23      17      22 
      3      21       4
         10      14 
--8<--
found: sum= 81.0000 var=  0.0000 fitness= 81.0000 age=3
-->8--
          8       3 
      6      13      11
     24      18      21 
 17      12      15       2
  1      22      10      14
      5       4      19 
      7      23      16
         20       9 
--8<--
found: sum= 79.0000 var=  0.0000 fitness= 79.0000 age=4
-->8--
          5       6 
     19      10      20
     21      23       4 
  2       1      16      17
 18      15      11       7
     22      13      24 
      3      14       8
         12       9 
--8<--
found: sum= 79.0000 var=  0.0000 fitness= 79.0000 age=4
-->8--
         11       6 
     14      18      21
     22       1      23 
  2      13      10       7
 17      16      15      20
      9      24       4 
      3      19       5
          8      12 
--8<--
found: sum= 79.0000 var=  0.0000 fitness= 79.0000 age=1
-->8--
          1      10 
     14      21       6
     16      19      11 
  7       8      12      24
 20       5      13       4
     23      22      15 
     18       9       3
          2      17 
--8<--
found: sum= 79.0000 var=  0.0000 fitness= 79.0000 age=4
-->8--
          5       4 
      6      21      12
     20       3      17 
 18      24      22      10
  2      14       9       8
      1       7      13 
     19      23      16
         15      11 
--8<--
found: sum= 80.0000 var=  0.0000 fitness= 80.0000 age=5
-->8--
          3       9 
      4      15      12
     24      16      22 
  1      18       6       8
 17       7      19      20
     13      14       5 
     23      21      11
          2      10 
--8<--
found: sum= 80.0000 var=  0.0000 fitness= 80.0000 age=1
-->8--
          3      16 
     11      20       9
     24       8      22 
 18      14       5       2
  4      19      13      15
      1      21      23 
     12      10       6
         17       7 
--8<--
found: sum= 79.0000 var=  0.0000 fitness= 79.0000 age=4
-->8--
         15       1 
      5      13      22
      6      23      16 
 24      17       4       8
  2      10      18      12
     20       7      21 
      9      19      11
         14       3 
--8<--
found: sum= 80.0000 var=  0.0000 fitness= 80.0000 age=1
-->8--
          8      14 
     11       1       9
     19      23      20 
 16      18      13      12
 10       2       7       4
     15      17      24 
     22      21       6
          3       5 
--8<--
found: sum= 77.0000 var=  0.0000 fitness= 77.0000 age=1
-->8--
         19      15 
      2       3      16
     18      11      22 
 12      24      10      13
  1       8       7      20
     14      17       5 
      9      23      21
          6       4 
--8<--
found: sum= 81.0000 var=  0.0000 fitness= 81.0000 age=3
-->8--
          1      15 
     21      23       9
     20       4      13 
  6      12      17       3
 14      22      16       8
      7      10      24 
      5      18       2
         19      11 
--8<--
found: sum= 80.0000 var=  0.0000 fitness= 80.0000 age=3
-->8--
         17       8 
      1      12       7
     22      18      19 
  6      10      16       2
 13       9      24      15
     20       3       4 
     11      23       5
         14      21 
--8<--
found: sum= 78.0000 var=  0.0000 fitness= 78.0000 age=1
-->8--
         18      20 
     14      12       6
     23       9      15 
 11       2      16      10
  1      24       5      13
     17      22      19 
      8       4       7
          3      21 
--8<--
found: sum= 79.0000 var=  0.0000 fitness= 79.0000 age=1
-->8--
          8       7 
      5       9      13
     22      20      24 
 16      15       6      17
 11       1      19      10
     14      18       3 
      2      23      12
         21       4 
--8<--
found: sum= 83.0000 var=  0.0000 fitness= 83.0000 age=3
-->8--
          2      22 
      6      23       3
     24       7      11 
  5      21      17       8
  1      13      15      12
     19      10      20 
      9      18       4
         14      16 
--8<--
found: sum= 77.0000 var=  0.0000 fitness= 77.0000 age=1
-->8--
          1      15 
     16      20      10
      7      12       9 
  4      21      11      17
 13      24       3      19
      8       6      18 
     14      23      22
          2       5 
--8<--
found: sum= 79.0000 var=  0.0000 fitness= 79.0000 age=3
-->8--
          3       9 
     17      20       6
     14      18      11 
 13       7      15       4
 24       2      21       5
     19      16      23 
     12       8       1
         22      10 
--8<--
found: sum= 78.0000 var=  0.0000 fitness= 78.0000 age=1
-->8--
          7      17 
     23      15      21
     18       9      11 
  1       6       5      10
 12      22      20       8
     19      16      24 
     14       3       2
          4      13 
--8<--
found: sum= 80.0000 var=  0.0000 fitness= 80.0000 age=3
-->8--
          5      12 
      3      23      17
     18       7      11 
  2      24      10       8
  9      21      14      15
      6       4      22 
     13      20      19
         16       1 
--8<--
found: sum= 79.0000 var=  0.0000 fitness= 79.0000 age=1
-->8--
         22      15 
      4      18       3
      7      11      19 
  6      17      13      10
 14      12       5      24
     23      21       8 
      1      20       9
          2      16 
--8<--
found: sum= 80.0000 var=  0.0000 fitness= 80.0000 age=2
-->8--
         21      14 
     15      13      10
     22       8      17 
  2       1      18       9
 12      19      11       5
     24      23      20 
      3       4      16
          7       6 
--8<--
found: sum= 81.0000 var=  0.0000 fitness= 81.0000 age=2
-->8--
          6       7 
     16      15      13
     22       5      21 
  9      17      20      11
  1      18       2       4
     14      19      23 
      8      10       3
         12      24 
--8<--
found: sum= 83.0000 var=  0.0000 fitness= 83.0000 age=2
-->8--
          1       6 
      4      24       9
     19      18      15 
 12      17      11      20
  5       7      22       2
     23       8      13 
     10      21      16
         14       3 
--8<--
found: sum= 83.0000 var=  0.0000 fitness= 83.0000 age=1
-->8--
          6       4 
     11      14      19
     23      16      20 
  2      13      10       9
 15      18      21       1
     12       5      22 
      7      24       3
         17       8 
--8<--
found: sum= 80.0000 var=  0.0000 fitness= 80.0000 age=1
-->8--
          2       1 
     17      24      11
      8      22      16 
  3       7       6      14
 23      20      21       5
     19       4      18 
     10      15       9
         12      13 
--8<--
found: sum= 81.0000 var=  0.0000 fitness= 81.0000 age=4
-->8--
          7      22 
     17      21       8
     19       6      15 
  3      11       9       1
 10      24      13      23
     14      18      20 
      4      16       2
          5      12 
--8<--
found: sum= 80.0000 var=  0.0000 fitness= 80.0000 age=2
-->8--
          8       6 
     21      22      13
     15      11      12 
  5       3      16       1
 23      14      17      10
     20      19      24 
     18       7       4
          2       9 
--8<--
found: sum= 80.0000 var=  0.0000 fitness= 80.0000 age=3
-->8--
          1      10 
     19      24      11
     12       3      23 
  5      21       9       4
 14      22      17       7
      6       8      20 
     16      15       2
         13      18 
--8<--
found: sum= 80.0000 var=  0.0000 fitness= 80.0000 age=1
-->8--
          7      16 
      1      14       9
     24      15       6 
  8      19      20      18
  2       4       5      10
     23      17      21 
     13      12      22
         11       3 
--8<--
found: sum= 80.0000 var=  0.0000 fitness= 80.0000 age=1
-->8--
          1       4 
     21      17      16
     22       9      20 
 11      10      14      15
 19       6      18       8
     12      23       5 
      2      24       3
         13       7 
--8<--
found: sum= 79.0000 var=  0.0000 fitness= 79.0000 age=5
-->8--
          6      13 
      9      10       5
      7      24      16 
 15      23      11       1
  8       4      14      18
     22       3      19 
     12      21       2
         17      20 
--8<--
found: sum= 80.0000 var=  0.0000 fitness= 80.0000 age=4
-->8--
         15       3 
      2      17      14
     10      16      24 
 12      20       6      18
 13      21       8       1
      4       9      23 
     19      22       7
          5      11 
--8<--
found: sum= 84.0000 var=  0.0000 fitness= 84.0000 age=1
-->8--
         12      10 
      4      21      15
     22       9      24 
  1      16       5       6
  3      23      18      11
     19      13      20 
      7      14      17
          8       2 
--8<--
found: sum= 79.0000 var=  0.0000 fitness= 79.0000 age=5
-->8--
          6       9 
     12      10      18
     21       7      19 
 15      23      16      14
  1      11       2       4
      8      20      24 
     22      13       3
          5      17 
--8<--
found: sum= 81.0000 var=  0.0000 fitness= 81.0000 age=4
-->8--
         11      22 
     20      12      10
     17       2      21 
  4      19      14       6
  5      23       7       9
     13      16      24 
      8      18       1
          3      15 
--8<--
found: sum= 80.0000 var=  0.0000 fitness= 80.0000 age=5
-->8--
         24      17 
      2      21       1
     19       6      15 
 12       8      20      11
  4      23      18       7
     14       5       9 
     13      22      10
          3      16 
--8<--
found: sum= 81.0000 var=  0.0000 fitness= 81.0000 age=1
-->8--
          5       3 
     23      15       8
     18      19      16 
 10       1      20       7
  9      22       2      12
     21      17      24 
      4      11      13
          6      14 
--8<--
found: sum= 77.0000 var=  0.0000 fitness= 77.0000 age=1
-->8--
         12       2 
     17      14      13
     10       9      21 
 19      15      18       3
  6      23      11       8
      4       1      16 
     24      20       7
          5      22 
--8<--
found: sum= 77.0000 var=  0.0000 fitness= 77.0000 age=1
-->8--
         17      15 
      7      22       5
      3       8      18 
 21      20       9       4
 14       6      11      16
     13      23      19 
      1      10      12
         24       2 
--8<--
found: sum= 82.0000 var=  0.0000 fitness= 82.0000 age=2
-->8--
          1       3 
      6      22       8
     24      14      19 
 11      15      16      13
  9      18       7      10
      5      12      17 
      4      23      21
         20       2 
--8<--
found: sum= 81.0000 var=  0.0000 fitness= 81.0000 age=4
-->8--
          2       8 
      6      18      15
     22      16      21 
  4      17       3       5
 19      12      20       9
      7      13      23 
     24      14       1
         11      10 
--8<--
found: sum= 81.0000 var=  0.0000 fitness= 81.0000 age=2
-->8--
          1       3 
     17      20       5
      7      15      22 
 11      21      16      10
  6      13      12       2
     23       4      19 
     18      14      24
          9       8 
--8<--
found: sum= 83.0000 var=  0.0000 fitness= 83.0000 age=1
-->8--
          4      18 
      2      23       5
     17      15      19 
 12      22       3      13
  1      20      16       8
     11       7      24 
     10      21       9
         14       6 
--8<--
found: sum= 79.0000 var=  0.0000 fitness= 79.0000 age=2
-->8--
          7       2 
     12       8      13
     14      23      24 
 19      15       9      18
  4      16       6       1
     11      10      21 
     22      17      20
          3       5 
--8<--
found: sum= 81.0000 var=  0.0000 fitness= 81.0000 age=3
-->8--
          8       5 
     13      16      14
      9      23      19 
  3      12       4       2
 22      11      21      18
     24      10      17 
     15      20       7
          1       6 
--8<--
found: sum= 82.0000 var=  0.0000 fitness= 82.0000 age=2
-->8--
         13       3 
      1      24       5
     17      19      11 
 12       8      20       2
  9      15      16      10
     21       4      23 
     22      14       7
          6      18 
--8<--
found: sum= 79.0000 var=  0.0000 fitness= 79.0000 age=3
-->8--
         19       6 
      4      15      22
     20       7      12 
  1      14      17       3
 23      13      18       5
      8      10      24 
     21      16       2
         11       9 
--8<--
found: sum= 80.0000 var=  0.0000 fitness= 80.0000 age=4
-->8--
         10       1 
     20       5      15
     24      14      23 
  3       7      22       6
 16      11      17       4
     19       9       8 
     18      21      12
          2      13 
--8<--
found: sum= 82.0000 var=  0.0000 fitness= 82.0000 age=1
-->8--
          1       9 
     10      19       7
     20       8      18 
  5      24      21      11
 12       4       3      16
     17      22      13 
      2      23      15
         14       6 
--8<--
found: sum= 81.0000 var=  0.0000 fitness= 81.0000 age=1
-->8--
          9       6 
     11      18       3
     20      10      23 
  5      13      21      14
 19      16       4       7
      8      17      12 
     15      24      22
          1       2 
--8<--
found: sum= 80.0000 var=  0.0000 fitness= 80.0000 age=1
-->8--
         10      11 
      3      18       9
     15      12      23 
  1      22       7       8
  6      20      17      21
     16       2       4 
     13      24      14
          5      19 
--8<--
found: sum= 79.0000 var=  0.0000 fitness= 79.0000 age=4
-->8--
          2       4 
     14      17       6
      8      18      23 
 15      20      11       1
  7       5      22       9
     24       3      13 
     16      10      12
         21      19 
--8<--
found: sum= 81.0000 var=  0.0000 fitness= 81.0000 age=4
-->8--
          6      17 
     12      20       1
     24      11      23 
 10       8       9       3
  2      16      18      15
     21      19      13 
     14       4      22
          7       5 
--8<--
found: sum= 81.0000 var=  0.0000 fitness= 81.0000 age=2
-->8--
          3      14 
     11      20       5
     22      10       8 
 12      15      24       7
  4       9       2      17
     19      21      23 
     18      13       6
          1      16 
--8<--
found: sum= 79.0000 var=  0.0000 fitness= 79.0000 age=3
-->8--
         17      13 
      3      24      12
      6       7      14 
  5      22       9      11
 21       2      20      15
     23      19      10 
     16      18       8
          1       4 
--8<--
found: sum= 81.0000 var=  0.0000 fitness= 81.0000 age=4
-->8--
          9      15 
      5      19       1
     24       2      23 
  4      22      21       3
 11       7      12      14
     13      17       8 
      6      18      10
         20      16 
--8<--
found: sum= 83.0000 var=  0.0000 fitness= 83.0000 age=2
-->8--
          1      19 
     15      21       6
     17       5      23 
  4      24       9       2
  8      12      20       7
     18      13      22 
     16      14       3
         10      11 
--8<--
found: sum= 79.0000 var=  0.0000 fitness= 79.0000 age=3
-->8--
          1       5 
      8      24      15
     20       7      18 
 11      19      10      12
  2      14       6      16
     13      23      17 
      4       3      21
         22       9 
--8<--
found: sum= 79.0000 var=  0.0000 fitness= 79.0000 age=3
-->8--
         13      14 
      1       7       8
     15      20      21 
  3      23       9       2
 16       5       4      19
     17      18      24 
      6      11      12
         22      10 
--8<--
found: sum= 79.0000 var=  0.0000 fitness= 79.0000 age=4
-->8--
          6      11 
     18      23      10
      9       7      24 
 17      16       4       5
 15      19      12      20
      3      21      14 
      1      22       8
         13       2 
--8<--
found: sum= 81.0000 var=  0.0000 fitness= 81.0000 age=2
-->8--
          6       4 
      3      15       7
     19      24      20 
  2      14      11       9
  8      21       1      18
     17      10      22 
      5      12      13
         16      23 
--8<--
found: sum= 81.0000 var=  0.0000 fitness= 81.0000 age=1
-->8--
          4      19 
     17      21       2
     20       7      23 
  1      12       9       6
  8      24      11      22
     16      18      10 
      3      15      13
          5      14 
--8<--
found: sum= 79.0000 var=  0.0000 fitness= 79.0000 age=5
-->8--
          8      13 
     21       7      24
     17       6      18 
  3      20      11       2
 10      14       9      23
     15      19      16 
      5      22      12
          4       1 
--8<--
found: sum= 79.0000 var=  0.0000 fitness= 79.0000 age=5
-->8--
          1      16 
      4       9       3
     20      21      23 
  2      24       7      17
 13       5      14      12
     15       8       6 
     10      22      11
         19      18 
--8<--
found: sum= 81.0000 var=  0.0000 fitness= 81.0000 age=1
-->8--
          4      24 
     13       7       5
     21      16      15 
  8      20      14      19
  3      12       1       9
     17      18      23 
     10      22      11
          2       6 
--8<--
found: sum= 84.0000 var=  0.0000 fitness= 84.0000 age=1
-->8--
         13      18 
      9      21       1
     17      10      15 
  2      14      19       7
  5      22      11      12
     24       8      20 
      3      23       6
          4      16 
--8<--
found: sum= 82.0000 var=  0.0000 fitness= 82.0000 age=1
-->8--
          3      17 
     10      23       1
     18      16       6 
  8      12      19       4
  9      15       7      24
     20      13      22 
     11      21      14
          2       5 
--8<--
found: sum= 80.0000 var=  0.0000 fitness= 80.0000 age=5
-->8--
          9       2 
      6      18      16
     23       4      21 
 14      20      19       8
  1      17       7       3
      5      13      22 
     24      11      15
         10      12 
--8<--
found: sum= 83.0000 var=  0.0000 fitness= 83.0000 age=3
-->8--
          8      11 
      6      24       2
     21       7      23 
  4      17      16       1
  3      18      10      19
     20      15      14 
      5      13       9
         12      22 
--8<--
found: sum= 82.0000 var=  0.0000 fitness= 82.0000 age=3
-->8--
          1      10 
      3      16       2
     17      24      23 
  5      21       7      20
  8       9      15       4
     22       6      13 
     14      19      11
         12      18 
--8<--
found: sum= 79.0000 var=  0.0000 fitness= 79.0000 age=5
-->8--
          2       1 
     14      17      16
     15       7      18 
  5      24      20       3
 10      13       6      21
     12       9      11 
      4      22      23
         19       8 
--8<--
found: sum= 79.0000 var=  0.0000 fitness= 79.0000 age=5
-->8--
         20       2 
      9      23       4
      5      15      21 
 22       7      14       1
  8      13      18       6
     24      12      19 
     10       3      11
         17      16 
--8<--
found: sum= 81.0000 var=  0.0000 fitness= 81.0000 age=2
-->8--
         15       2 
      3      22      23
     17       5      21 
  1      19       8       4
  6      24      18      10
     14       7      20 
     16      11      12
          9      13 
--8<--
found: sum= 80.0000 var=  0.0000 fitness= 80.0000 age=2
-->8--
         21      19 
     10      16       8
      6       4      22 
 13      23      11       2
  5       9      18       7
     24      15      20 
      3      12       1
         17      14 
--8<--
found: sum= 82.0000 var=  0.0000 fitness= 82.0000 age=5
-->8--
          3       2 
     12      17       7
      8      24      19 
 10      18      13       1
  9      16       6      20
     21       5      23 
      4      22      15
         14      11 
--8<--
found: sum= 79.0000 var=  0.0000 fitness= 79.0000 age=1
-->8--
          6       8 
      1      20      17
     19      11      13 
  5      22      10      16
  3       9      12      24
     21      15       4 
      2      18       7
         14      23 
--8<--
found: sum= 80.0000 var=  0.0000 fitness= 80.0000 age=4
-->8--
          1      17 
     10      24      18
     23       2      12 
  3      20       7      11
  4      14      22       9
     16      15      19 
      8       6       5
         21      13 
--8<--
found: sum= 82.0000 var=  0.0000 fitness= 82.0000 age=1
-->8--
          6       7 
      1      15      19
     24      23       8 
  5      13      10      14
  3      16      11      17
     21       9      22 
     12      20      18
          4       2 
--8<--
found: sum= 81.0000 var=  0.0000 fitness= 81.0000 age=4
-->8--
          8       1 
     11      20       6
     24      16      21 
  4       2      17       3
 19      22      15       7
     10       9      18 
      5      12      13
         23      14 
--8<--
found: sum= 84.0000 var=  0.0000 fitness= 84.0000 age=2
-->8--
          3       9 
      4      24      16
     22      10      17 
  6      21       8      11
  1      15      23       5
     19       7      20 
     12      18      14
         13       2 
--8<--
found: sum= 80.0000 var=  0.0000 fitness= 80.0000 age=3
-->8--
         21      14 
     15      13      10
     22       8      17 
  2       1      18       9
 12      19      11       5
     24      23      20 
      3       4      16
          7       6 
--8<--
found: sum= 78.0000 var=  0.0000 fitness= 78.0000 age=1
-->8--
          1      12 
      2      24       6
     23      11      22 
 10      17       3      21
  8      13      19       4
      7      15       9 
     18       5      16
         20      14 
--8<--
found: sum= 83.0000 var=  0.0000 fitness= 83.0000 age=1
-->8--
         10      13 
      1      11       8
     18      23      21 
 16      20       7       5
  3       4      17      14
     22      12      19 
      6      24       9
         15       2 
--8<--
found: sum= 83.0000 var=  0.0000 fitness= 83.0000 age=1
-->8--
          4       7 
      5      13      17
     23      16      20 
  2      22      10       8
  9       6      18       3
     21      11      24 
     19      14       1
         12      15 
--8<--
found: sum= 83.0000 var=  0.0000 fitness= 83.0000 age=2
-->8--
          1      11 
      4      22       6
     13      20      17 
  2      23       7      15
  5      16      14       9
     24       3      21 
     10      18      19
         12       8 
--8<--
found: sum= 80.0000 var=  0.0000 fitness= 80.0000 age=2
-->8--
         22      12 
      9      11       7
     20      10      23 
  6       8      17       2
  4      18      14       3
     24      13      21 
      5       1      16
         19      15 
--8<--
found: sum= 79.0000 var=  0.0000 fitness= 79.0000 age=4
-->8--
          4       2 
     19      20      16
     10      12      22 
  8      14       7      18
 11      13       9       6
     23      24      17 
      1       3      21
         15       5 
--8<--
