found: sum= 79.0000 var=  0.0000 fitness= 79.0000
-->8--
         20      13 
     16      22      17
     15       4      11 
 14       2      12       7
  6      19      18      10
     23      24      21 
      9       3       5
          1       8 
--8<--
found: sum= 75.0000 var=  0.0000 fitness= 75.0000
-->8--
         12      11 
     24      14      10
     15       2      16 
 13       8      22       7
 17       1      23       3
     21      19       4 
      9       5       6
         20      18 
--8<--
found: sum= 77.0000 var=  0.0000 fitness= 77.0000
-->8--
         17      16 
      8      23      15
     24       3       1 
 13       2      19       7
 12      20      11      18
      6      22      21 
     14      10       9
          5       4 
--8<--
found: sum= 77.0000 var=  0.0000 fitness= 77.0000
-->8--
         23       9 
     24      15      12
      5       8      17 
 18       2      16       7
 13      19      21      10
     20      11       6 
      4      22       3
          1      14 
--8<--
found: sum= 75.0000 var=  0.0000 fitness= 75.0000
-->8--
         20      22 
      4      10      21
     23       2      17 
 18      16       3      15
  1      11      19       9
      6      24      12 
     13       7       8
         14       5 
--8<--
found: sum= 79.0000 var=  0.0000 fitness= 79.0000
-->8--
          8      18 
      6      24       3
     22       2      19 
 12      17      13       5
 10       4      20       7
     14      23      15 
     21       1       9
         16      11 
--8<--
found: sum= 75.0000 var=  0.0000 fitness= 75.0000
-->8--
         24       4 
     16      22      19
     10       1       9 
  7       2      20      13
 18      21       8      14
     17      23      11 
      3       6      12
          5      15 
--8<--
found: sum= 73.0000 var=  0.0000 fitness= 73.0000
-->8--
          6      19 
      2      18      15
      9      17       3 
 12      21       1      23
  4      13      10      20
     14      11      16 
      8       5      24
         22       7 
--8<--
found: sum= 78.0000 var=  0.0000 fitness= 78.0000
-->8--
         10      20 
     11      23       9
     24       8       6 
 15       2      12       4
 14      16      21      22
      7      19      13 
      1      17       3
         18       5 
--8<--
found: sum= 82.0000 var=  0.0000 fitness= 82.0000
-->8--
          2       4 
     15      22       8
     20      11      19 
  6      12      18       5
 14       7      10      13
     23      24      17 
      3       9      21
         16       1 
--8<--
found: sum= 81.0000 var=  0.0000 fitness= 81.0000
-->8--
          7      11 
      5      20       1
     18      10      23 
 12      21      16       8
 17       4       6      15
      9      24      13 
     19      22       2
          3      14 
--8<--
found: sum= 75.0000 var=  0.0000 fitness= 75.0000
-->8--
          5      21 
      4       8      19
     16      24       2 
 15      18       1      20
  3      13       7      23
     10      12      22 
      9      17      11
         14       6 
--8<--
found: sum= 81.0000 var=  0.0000 fitness= 81.0000
-->8--
          5      16 
      6      21       9
     18      14      20 
 15      17       1       4
  2       7      19      24
     22      23      13 
      8      11      12
         10       3 
--8<--
found: sum= 76.0000 var=  0.0000 fitness= 76.0000
-->8--
         12      13 
     23       2      20
      8      16      22 
  5      15       3      17
 14      10      21       7
     24      11       6 
      9      18      19
          4       1 
--8<--
found: sum= 78.0000 var=  0.0000 fitness= 78.0000
-->8--
         18       1 
     10      15      12
      4      23      14 
 22       8      13       9
 20       3       7      16
     21      24      19 
      2      17       6
         11       5 
--8<--
found: sum= 78.0000 var=  0.0000 fitness= 78.0000
-->8--
          2       3 
      9      18       8
     12      24      14 
 16      13      11      20
  1      17       7      21
     19       6       5 
      4      22      23
         10      15 
--8<--
found: sum= 75.0000 var=  0.0000 fitness= 75.0000
-->8--
         24      22 
     20       2      12
      9      14      17 
 11       6       8       4
 18      16      10      23
     15      21      13 
      3      19       7
          1       5 
--8<--
found: sum= 81.0000 var=  0.0000 fitness= 81.0000
-->8--
          4      17 
      6      13       9
     20      15      19 
 11      23       8       7
 12       1      10      16
     14      24      21 
      2      18       3
         22       5 
--8<--
found: sum= 78.0000 var=  0.0000 fitness= 78.0000
-->8--
          6      11 
      4      16       8
     24       5      21 
 12      23      17      14
 15       1      10       9
      3      22       7 
     20      19       2
         13      18 
--8<--
found: sum= 77.0000 var=  0.0000 fitness= 77.0000
-->8--
          8      22 
     15      19       1
     24       4      18 
 17       7      13       9
  6      20      10      11
      3      23      16 
     14       5      21
         12       2 
--8<--
found: sum= 73.0000 var=  0.0000 fitness= 73.0000
-->8--
         22       9 
     20      14      19
      1       6      17 
 13      10       8      18
 12      21       4      11
     16      24      15 
      3       2       5
          7      23 
--8<--
found: sum= 76.0000 var=  0.0000 fitness= 76.0000
-->8--
          4      10 
      8      24       1
     11      15       3 
  9      14      23       6
 12      17       2      20
     13       5      22 
     16       7      19
         18      21 
--8<--
found: sum= 75.0000 var=  0.0000 fitness= 75.0000
-->8--
          1       3 
     21      20      10
      7      22      11 
 12       4       9      17
 13      24      14       8
     15       2      16 
     23       6      18
          5      19 
--8<--
found: sum= 75.0000 var=  0.0000 fitness= 75.0000
-->8--
          4      17 
      7      11      15
     22       8      18 
 14      23       6      13
  9       2      12      10
      5      24      16 
     21       3      19
         20       1 
--8<--
found: sum= 77.0000 var=  0.0000 fitness= 77.0000
-->8--
          2       3 
     18      15      22
     24       1      20 
  6      17      16      19
 11      12       8       5
      7      23       9 
      4      10      13
         21      14 
--8<--
found: sum= 79.0000 var=  0.0000 fitness= 79.0000
-->8--
         10       1 
      4      20       5
      9      15      24 
 17      21      14      19
 11       8       3      12
     13      18       7 
     16      22      23
          2       6 
--8<--
found: sum= 77.0000 var=  0.0000 fitness= 77.0000
-->8--
         22       4 
      6      10      11
      3      15      13 
 16      21      24       7
 18       2       1       9
     17      14      23 
      5      19      12
         20       8 
--8<--
found: sum= 81.0000 var=  0.0000 fitness= 81.0000
-->8--
          4       3 
      9      23      13
     24       7      15 
 12      14      20       1
 11       2      21       5
     18      17      19 
     22       6      10
         16       8 
--8<--
found: sum= 75.0000 var=  0.0000 fitness= 75.0000
-->8--
          1      12 
      9      24       7
      4      16       3 
 14      21      13      15
 23       8       6      18
      5      11      20 
     22      19       2
         10      17 
--8<--
found: sum= 80.0000 var=  0.0000 fitness= 80.0000
-->8--
          5      22 
     20       8       7
     23      15      16 
  6       9      12       1
  4      17      24      13
     21       3      14 
     19      18      11
          2      10 
--8<--
found: sum= 76.0000 var=  0.0000 fitness= 76.0000
-->8--
         19      12 
     20      13       4
     11      10      16 
  9       3      21       8
  7      22       2      14
     24      18      15 
      6       1      17
          5      23 
--8<--
found: sum= 78.0000 var=  0.0000 fitness= 78.0000
-->8--
          2       7 
      3       4      16
     22      23      13 
  5      24      15      10
 12       1       9      11
     14       6      20 
     21      17       8
         19      18 
--8<--
found: sum= 77.0000 var=  0.0000 fitness= 77.0000
-->8--
          2       3 
     19       7      13
      6      21      24 
  4      22       9       5
 15      10      14       8
     20       1      17 
     12      11      16
         23      18 
--8<--
found: sum= 77.0000 var=  0.0000 fitness= 77.0000
-->8--
         10      16 
      3      17      12
     13      15       9 
 11      19       8      14
 22       7      24       1
      5       4      21 
     23      20       6
         18       2 
--8<--
found: sum= 73.0000 var=  0.0000 fitness= 73.0000
-->8--
         18      22 
     11       1       4
      3      16      17 
 12      24      13       5
 20       8       2      21
      6      10      15 
     19      23       9
          7      14 
--8<--
found: sum= 77.0000 var=  0.0000 fitness= 77.0000
-->8--
         10       1 
     14      17       6
      9      11      19 
 13      16      23       8
 22       5       4       2
     12      18      21 
     20       7       3
         15      24 
--8<--
found: sum= 78.0000 var=  0.0000 fitness= 78.0000
-->8--
         11      18 
      3      24      17
     21      14       4 
 12       5       1       9
  7      20      23      19
     13      15      22 
     16       6      10
          8       2 
--8<--
found: sum= 78.0000 var=  0.0000 fitness= 78.0000
-->8--
          9      16 
     13      12       3
     21      15      22 
  2       8      10       5
 19      17       4      14
     11      24      23 
      7       1       6
         18      20 
--8<--
found: sum= 74.0000 var=  0.0000 fitness= 74.0000
-->8--
          3       9 
     21       6      13
      7      22      10 
 12      15      14      18
 20      16       2      11
      4       5      19 
      8      24       1
         17      23 
--8<--
found: sum= 80.0000 var=  0.0000 fitness= 80.0000
-->8--
          3      10 
      1      21       4
      9      24      15 
 14      22       6      13
 11       7      16      12
     17       5      18 
      8      20      19
         23       2 
--8<--
found: sum= 75.0000 var=  0.0000 fitness= 75.0000
-->8--
         14      18 
     17       9      11
     10      13       1 
 16      12      23      24
  2      20       3       5
     15       4      19 
      8      21      22
          7       6 
--8<--
found: sum= 70.0000 var=  0.0000 fitness= 70.0000
-->8--
         17      18 
     23       2      16
      3      14      19 
  6      11       1      10
 20      22      15      12
      8       7      13 
     24       5       9
          4      21 
--8<--
found: sum= 82.0000 var=  0.0000 fitness= 82.0000
-->8--
          7      18 
      6      24      16
     21       9      12 
  4      15       3       2
 10      19      22      20
     13      14      23 
      8      17       1
         11       5 
--8<--
found: sum= 77.0000 var=  0.0000 fitness= 77.0000
-->8--
         13       8 
     21      15       3
     12       9      19 
 11       7      23       4
 17      14       2      24
     16      22       5 
      6      18      20
          1      10 
--8<--
found: sum= 73.0000 var=  0.0000 fitness= 73.0000
-->8--
          2      11 
      3      15       4
     13      22      12 
  7      18       9      24
 20      10       6      21
      5       8       1 
     14      19      23
         17      16 
--8<--
found: sum= 76.0000 var=  0.0000 fitness= 76.0000
-->8--
          7      17 
     12       5       8
     13      21       9 
  2      18      16       3
 19      14       1      24
     10       6      23 
     11      20      22
         15       4 
--8<--
found: sum= 72.0000 var=  0.0000 fitness= 72.0000
-->8--
         18      15 
      9       2      17
      1      20      13 
  7      22       5      14
 19      11      10       6
     12       4      24 
     21       8       3
         16      23 
--8<--
found: sum= 79.0000 var=  0.0000 fitness= 79.0000
-->8--
          1      20 
     21       6      12
     13      15      16 
  4      23      10      19
  7      18       8       2
     14       5      24 
      3      22      11
         17       9 
--8<--
found: sum= 75.0000 var=  0.0000 fitness= 75.0000
-->8--
          5       1 
      8       4      14
     23      19      24 
 12      16      13      21
 10      11       9       2
      3       7       6 
     22      15      20
         17      18 
--8<--
found: sum= 73.0000 var=  0.0000 fitness= 73.0000
-->8--
         11       4 
      3      10      12
     15      18      20 
  8      16       9      21
 14       7      17       1
     13       6       5 
     22       2      24
         23      19 
--8<--
found: sum= 78.0000 var=  0.0000 fitness= 78.0000
-->8--
         16      14 
      7      23      15
     10       1      19 
 22      21       6      17
  4      18      12      13
      3      20      11 
      8      24       9
          5       2 
--8<--
found: sum= 74.0000 var=  0.0000 fitness= 74.0000
-->8--
         21       3 
      5      15       9
      1      22      11 
 16      10      14      18
 17       7      19       4
     23       2       8 
      6      12      13
         24      20 
--8<--
found: sum= 76.0000 var=  0.0000 fitness= 76.0000
-->8--
          2      11 
     10      18       5
     20      17       3 
  6       9      22      13
 24       1      23       7
     16       4       8 
     21      15      14
         19      12 
--8<--
found: sum= 74.0000 var=  0.0000 fitness= 74.0000
-->8--
          8      21 
      6      23      20
     18       4       5 
  2      15       1      12
 19      17      24      22
      3      13      10 
     16      11       9
         14       7 
--8<--
found: sum= 80.0000 var=  0.0000 fitness= 80.0000
-->8--
          1      11 
      2      17       4
     18      19      20 
  8      23       9      21
  6       3      12       5
     22      14      13 
     16      10       7
         15      24 
--8<--
found: sum= 75.0000 var=  0.0000 fitness= 75.0000
-->8--
         15       1 
     24       6      12
      9      19      14 
 13       2      23      10
 11      22       5       3
     18       4      20 
     16       8      21
          7      17 
--8<--
found: sum= 81.0000 var=  0.0000 fitness= 81.0000
-->8--
          4       3 
      5      11       6
     23      22      24 
  9      16      15      14
 10       2       8      13
     21      18       7 
     20      19      12
          1      17 
--8<--
found: sum= 81.0000 var=  0.0000 fitness= 81.0000
-->8--
          8      14 
     10       9       1
     17      21      23 
  3      16      13      11
 15       6      18       4
     24       7      12 
     19      20      22
          5       2 
--8<--
found: sum= 80.0000 var=  0.0000 fitness= 80.0000
-->8--
          1       2 
     15      24       4
     17      14      13 
 11       9      23      10
 22       3      19       7
     18      12       8 
     21      20       5
          6      16 
--8<--
found: sum= 79.0000 var=  0.0000 fitness= 79.0000
-->8--
         10       3 
     15      21       2
      6      16      24 
  5      11      13       7
 19      18       4       8
     20      17      23 
     14       1      12
          9      22 
--8<--
found: sum= 81.0000 var=  0.0000 fitness= 81.0000
-->8--
         21       2 
      1      22      14
     11       6      18 
 16      20      19       3
  8       9      23       5
     17       4      13 
     15      24      10
         12       7 
--8<--
found: sum= 80.0000 var=  0.0000 fitness= 80.0000
-->8--
          1       2 
      3      21       5
     13      20      24 
 14      22       8       6
  9      10      16      15
     12       4      11 
     18      19       7
         17      23 
--8<--
found: sum= 77.0000 var=  0.0000 fitness= 77.0000
-->8--
         23       8 
     15      24      12
     11       3      17 
 14       1      13       2
 10      20      22      16
     21      18       7 
      9       5      19
          4       6 
--8<--
found: sum= 73.0000 var=  0.0000 fitness= 73.0000
-->8--
         22      19 
      3       5      20
     18       2      14 
 11      23      13       4
  1       8      17      16
     12      10       9 
     21       7      24
         15       6 
--8<--
found: sum= 80.0000 var=  0.0000 fitness= 80.0000
-->8--
          1      16 
     11      23       2
     18       3      17 
  5      24      19      13
  6      12      14      10
     15       8       7 
      4      20       9
         21      22 
--8<--
found: sum= 77.0000 var=  0.0000 fitness= 77.0000
-->8--
          3      17 
      5       9       2
     13      23      20 
  7      24       6       4
 11       1      15      22
     21       8      10 
     19      12      14
         16      18 
--8<--
found: sum= 80.0000 var=  0.0000 fitness= 80.0000
-->8--
          2      13 
      1      22       9
     20      21      11 
  5      14       4       8
 24      10      19      15
      7      12      23 
     18      17       3
         16       6 
--8<--
found: sum= 81.0000 var=  0.0000 fitness= 81.0000
-->8--
         10       4 
      3      23       9
     18       5      24 
 15      22      16      13
 11      14       7       2
      1      17      19 
     21      20       6
          8      12 
--8<--
found: sum= 76.0000 var=  0.0000 fitness= 76.0000
-->8--
         12      10 
     23      24      15
     11       1       7 
  9       5      19       3
 20      17      21       8
     14      13      18 
      4       6       2
         22      16 
--8<--
found: sum= 80.0000 var=  0.0000 fitness= 80.0000
-->8--
          2      13 
      1      22       9
     20      21      11 
  5      14       4       8
 24      10      19      15
      7      12      23 
     18      17       3
         16       6 
--8<--
found: sum= 78.0000 var=  0.0000 fitness= 78.0000
-->8--
          1      11 
     10      22      14
     12      17       6 
 13      16       8      15
 21       9      23       2
      7       5      24 
     18      19       3
         20       4 
--8<--
found: sum= 81.0000 var=  0.0000 fitness= 81.0000
-->8--
          4       1 
      3      19      13
     14      20      23 
 18      21       5       6
 10       2      24      12
     16       9      11 
     17      22       8
         15       7 
--8<--
found: sum= 74.0000 var=  0.0000 fitness= 74.0000
-->8--
          5      22 
      2      20      12
     13      10       9 
  3      24       1      19
 11       6      18      23
     17      15       4 
      8       7      14
         21      16 
--8<--
found: sum= 78.0000 var=  0.0000 fitness= 78.0000
-->8--
          8       4 
      7      24      10
      6      22       3 
 14      11      15      17
 18      16       2      20
     13      12      21 
      9      23       1
          5      19 
--8<--
found: sum= 81.0000 var=  0.0000 fitness= 81.0000
-->8--
          2      14 
      4      16      10
     15      24       8 
  7      20       9      18
 11       5       6      19
     23      17      21 
      1      22      12
         13       3 
--8<--
found: sum= 82.0000 var=  0.0000 fitness= 82.0000
-->8--
         16       4 
      7      17       6
     18      23      22 
 12       1      10       5
 13      14      15      21
     24      19       9 
      3      20      11
          2       8 
--8<--
found: sum= 75.0000 var=  0.0000 fitness= 75.0000
-->8--
          7      17 
      9      14       6
     21       4      18 
 10      20      16       5
 15       1      11      13
      8      23      12 
     22       2      24
         19       3 
--8<--
found: sum= 82.0000 var=  0.0000 fitness= 82.0000
-->8--
         17       9 
      1      23       7
     16      15       6 
  5      10      22      12
 14      13       3      18
     24      19      21 
      4      20      11
          2       8 
--8<--
found: sum= 81.0000 var=  0.0000 fitness= 81.0000
-->8--
          3      14 
     12      13       1
     10      24      20 
  8      19       9      18
 11      16       6       5
     17       7      23 
      4      22      21
         15       2 
--8<--
found: sum= 76.0000 var=  0.0000 fitness= 76.0000
-->8--
          5       9 
      3       7       6
     20      24      18 
 11      17      12      13
 23       1       8      10
      4      14      15 
     22      16       2
         19      21 
--8<--
found: sum= 75.0000 var=  0.0000 fitness= 75.0000
-->8--
         15      24 
     13      17       1
      9      11       6 
  4      10      16       8
 20      14      21      22
     18       3       2 
     12      23      19
          5       7 
--8<--
found: sum= 76.0000 var=  0.0000 fitness= 76.0000
-->8--
          2       3 
     12       7      24
     13      19      22 
  5      23       1       9
 21       6      10      18
      8      17      16 
     20      14      15
         11       4 
--8<--
found: sum= 77.0000 var=  0.0000 fitness= 77.0000
-->8--
         20       7 
      6      16      15
     11      14      23 
 21      10       2      22
  9       8      24       1
     18      19       5 
      3      12       4
         17      13 
--8<--
found: sum= 76.0000 var=  0.0000 fitness= 76.0000
-->8--
         23      16 
     14      24      15
      8       5       7 
  6       2       9      19
 21      22      18      12
     17      20      11 
      3      13       4
          1      10 
--8<--
found: sum= 77.0000 var=  0.0000 fitness= 77.0000
-->8--
         22       3 
      2      17       4
      5      10      23 
 18      21      20       8
 13       1      11       9
     19      14       6 
     12      15       7
         16      24 
--8<--
found: sum= 81.0000 var=  0.0000 fitness= 81.0000
-->8--
          3       7 
      1      24      11
     18      19      12 
 15      16       8      20
  5      21       4      14
      6      13      23 
      2      22      10
         17       9 
--8<--
found: sum= 79.0000 var=  0.0000 fitness= 79.0000
-->8--
          5      12 
      2      24       8
     16      21      10 
  1      11       4      22
 20      18       6      14
     13      19      23 
     17       9      15
          3       7 
--8<--
found: sum= 79.0000 var=  0.0000 fitness= 79.0000
-->8--
          6       9 
      3      11       5
     16      19      23 
  7      24      12      14
 20       4       2      13
      8      18      15 
     17      22      21
         10       1 
--8<--
found: sum= 78.0000 var=  0.0000 fitness= 78.0000
-->8--
         14      23 
      8      24       3
     19      12       7 
 10       1       9      20
 13      18      16       5
     17      22      21 
     15       2       6
          4      11 
--8<--
found: sum= 81.0000 var=  0.0000 fitness= 81.0000
-->8--
          6      16 
      7      23       3
     20      11      15 
 10      14      13      12
 19       1      24       8
     17      18       9 
     22      21       4
          2       5 
--8<--
found: sum= 77.0000 var=  0.0000 fitness= 77.0000
-->8--
          1      14 
     16      12       9
      3      24      10 
  4      21       8      19
 20       6       7      18
     23      11      15 
      2      22      17
         13       5 
--8<--
found: sum= 78.0000 var=  0.0000 fitness= 78.0000
-->8--
          1       6 
     15      24      17
     20      13      10 
 16       5       8      19
 14      11      18      21
     12      23       2 
      3      22       9
          7       4 
--8<--
found: sum= 76.0000 var=  0.0000 fitness= 76.0000
-->8--
         15       7 
     22       2      11
      4      23      16 
 18      10      17       8
 19       1       5       9
     24      20      21 
     12      13      14
          6       3 
--8<--
found: sum= 76.0000 var=  0.0000 fitness= 76.0000
-->8--
         15       3 
      9      22      11
      1      16       6 
 20      13      18       7
 21       2      23      14
     19       4       8 
     10      24       5
         17      12 
--8<--
found: sum= 77.0000 var=  0.0000 fitness= 77.0000
-->8--
          5       1 
     13      12      17
     20       8      21 
 15      19      18       9
 10       2       6      16
     11      24       7 
     23      14      22
          3       4 
--8<--
found: sum= 79.0000 var=  0.0000 fitness= 79.0000
-->8--
          8       5 
     19       3      14
     13      21      24 
 11      15      12       7
 23       1      10       9
     16      20      17 
      2      22       6
         18       4 
--8<--
found: sum= 82.0000 var=  0.0000 fitness= 82.0000
-->8--
          4       8 
      1      21       5
     23      15      17 
  7      18      16      14
 10       2      12      20
     22      19       3 
      9      24      13
          6      11 
--8<--
found: sum= 73.0000 var=  0.0000 fitness= 73.0000
-->8--
         19      12 
     22      21       8
      3       6      11 
 14       2      15       1
 20      16      24      17
     18      10       5 
      9       7       4
         13      23 
--8<--
found: sum= 73.0000 var=  0.0000 fitness= 73.0000
-->8--
         22      12 
     19       5       8
      2      24      20 
 14       1       4      10
 23      17      18       6
     16       9      15 
     11       7       3
         13      21 
--8<--
found: sum= 79.0000 var=  0.0000 fitness= 79.0000
-->8--
         10      17 
      9       4       2
     15      21      19 
  5      20      16       8
 14       1      18       7
     24       3      11 
     23      22      12
          6      13 
--8<--
found: sum= 75.0000 var=  0.0000 fitness= 75.0000
-->8--
         11      16 
     24       4      13
      9      22      14 
 18       5       6      15
 19       1      20       3
     23      21      17 
     12       8       2
         10       7 
--8<--
found: sum= 81.0000 var=  0.0000 fitness= 81.0000
-->8--
          3       5 
      1      18       6
     16      21      11 
  8      22      20       7
 10      12       4      15
     13       2      24 
     17      23       9
         14      19 
--8<--
found: sum= 79.0000 var=  0.0000 fitness= 79.0000
-->8--
         12       2 
      5      17      21
      9      13       8 
 24      23      18       4
  3       1      14      15
     19      10      20 
     11      22       7
         16       6 
--8<--
found: sum= 68.0000 var=  0.0000 fitness= 68.0000
-->8--
         21      15 
     22       9      24
      2       1       3 
 19      13      16       7
 20      10      23      11
      4       5       8 
     17      14       6
         18      12 
--8<--
found: sum= 76.0000 var=  0.0000 fitness= 76.0000
-->8--
         16      20 
      3      24       5
     18       8       2 
  1       7      17      13
 22       9      23      15
     19      12       6 
      4      11      14
         21      10 
--8<--
found: sum= 73.0000 var=  0.0000 fitness= 73.0000
-->8--
         10      11 
     21      15       9
     18       1      20 
 12       8      17      19
 14      16       7       6
      5      24       4 
      2       3      22
         23      13 
--8<--
found: sum= 78.0000 var=  0.0000 fitness= 78.0000
-->8--
          4       5 
     12      21       9
      6      17      15 
 19      18      11      13
 10      23       1      14
      2       8      24 
     20      22       7
          3      16 
--8<--
found: sum= 77.0000 var=  0.0000 fitness= 77.0000
-->8--
          7      22 
      5      17       8
     20      12       3 
 23      16      15       9
  1      11      19      10
      6       4      21 
     24      18      13
         14       2 
--8<--
found: sum= 78.0000 var=  0.0000 fitness= 78.0000
-->8--
          2      17 
      7       9      14
     21      24       1 
  5      15      13      16
  6      12       3      23
     19      11      22 
     10      18      20
          8       4 
--8<--
found: sum= 80.0000 var=  0.0000 fitness= 80.0000
-->8--
          6      14 
      3      20       4
     19      17      12 
 11      15      13      16
  9       8       5      10
     18      22      24 
     23       7      21
          2       1 
--8<--
found: sum= 73.0000 var=  0.0000 fitness= 73.0000
-->8--
         21       2 
     10      12      18
      7       3      22 
 24      20      16       6
  5       8      11       4
      9      15      14 
     23       1      13
         17      19 
--8<--
found: sum= 75.0000 var=  0.0000 fitness= 75.0000
-->8--
          6       8 
     23      19      24
     20       2       4 
 11       5      18      12
  9      16      21      17
     14      13       3 
      7      15      22
         10       1 
--8<--
found: sum= 75.0000 var=  0.0000 fitness= 75.0000
-->8--
         18      15 
     22      19      13
      9       2      12 
 16       5      14       1
  4      20      23      17
     21      11       8 
      7       6      24
         10       3 
--8<--
found: sum= 81.0000 var=  0.0000 fitness= 81.0000
-->8--
          6       1 
      9      22       4
      7      23      15 
  3      14      16      11
 17      21       2      13
     19       5      24 
      8      18      12
         10      20 
--8<--
found: sum= 76.0000 var=  0.0000 fitness= 76.0000
-->8--
         15      21 
     14       3      22
     23       2       4 
  1      19      24      10
  8       5       9      11
     20      17      18 
     16      12       7
          6      13 
--8<--
found: sum= 81.0000 var=  0.0000 fitness= 81.0000
-->8--
          2       6 
      4      24      11
     18      16      14 
  7      17      10      15
  9      22       3      19
      8      13      20 
     12      21      23
          5       1 
--8<--
found: sum= 78.0000 var=  0.0000 fitness= 78.0000
-->8--
          4       1 
     21       2      23
     18      17      24 
 10      16      11       8
  3      19       6      15
     12       9      14 
     13      20      22
          5       7 
--8<--
found: sum= 78.0000 var=  0.0000 fitness= 78.0000
-->8--
          2      12 
     17      21      10
      3      11      23 
 13      24       1      18
  7       9      14       6
     22      19      16 
      8       5       4
         15      20 
--8<--
found: sum= 78.0000 var=  0.0000 fitness= 78.0000
-->8--
          3      16 
     20      23       6
      8       2      24 
 10      22       7      17
 14      11      21       5
     13      15       4 
      9      18       1
         12      19 
--8<--
found: sum= 78.0000 var=  0.0000 fitness= 78.0000
-->8--
         19       9 
     17      16      10
     23       1      24 
 13       2      18       4
 11      14      21       6
     15      22       5 
     12       7       3
          8      20 
--8<--
found: sum= 81.0000 var=  0.0000 fitness= 81.0000
-->8--
          5       1 
     12      23       4
     10      16      13 
  2      15      24      14
 19      17       3       7
     18       6      20 
      8      21      22
         11       9 
--8<--
found: sum= 81.0000 var=  0.0000 fitness= 81.0000
-->8--
          5       4 
     10      21      13
     18      16      15 
 17      11      12       9
  6      22      19       2
      7       1      24 
      8      20       3
         23      14 
--8<--
found: sum= 79.0000 var=  0.0000 fitness= 79.0000
-->8--
          5       4 
      9      20      13
     19      16      15 
 24      10      11      12
  1      22      18       6
      3       2      17 
      8      21       7
         23      14 
--8<--
found: sum= 79.0000 var=  0.0000 fitness= 79.0000
-->8--
          9       1 
      6       8      19
     13      22      15 
 11      21      14      16
 10       7      12       4
     17       3      18 
      5      24      20
         23       2 
--8<--
found: sum= 78.0000 var=  0.0000 fitness= 78.0000
-->8--
         11       4 
      5       7      23
     14      21      15 
 10      20       8      17
  9      12      16       3
     13       1      19 
      6      22      18
         24       2 
--8<--
found: sum= 73.0000 var=  0.0000 fitness= 73.0000
-->8--
         22       7 
     21       2      10
     15      12      18 
 13       1      24       4
 17      11      19       3
     16       6       5 
      8       9      14
         23      20 
--8<--
found: sum= 76.0000 var=  0.0000 fitness= 76.0000
-->8--
         13      17 
     16      23       8
     11      12       2 
  7       1      14      10
 15      24      19       9
     18       6      22 
      3       4      20
         21       5 
--8<--
found: sum= 74.0000 var=  0.0000 fitness= 74.0000
-->8--
         17      10 
     15      16      13
      5      20       6 
 11       1       9      12
 14      24      18       8
     19       2      21 
      4       3      23
         22       7 
--8<--
found: sum= 76.0000 var=  0.0000 fitness= 76.0000
-->8--
          3      15 
     14       1      12
     13      21      11 
  7      24      16      23
  9       5       4       2
     18       6      20 
      8      17      10
         22      19 
--8<--
found: sum= 76.0000 var=  0.0000 fitness= 76.0000
-->8--
          3      20 
      5      10       2
     23      17      13 
  7      18      14       6
  8      11      15      24
      9       1       4 
     12      21      16
         22      19 
--8<--
found: sum= 75.0000 var=  0.0000 fitness= 75.0000
-->8--
          5      15 
     23       9      17
     20       4      19 
  6      14      11      10
 12      21      24       8
      2       1       3 
     13      22      18
         16       7 
--8<--
found: sum= 76.0000 var=  0.0000 fitness= 76.0000
-->8--
         16       6 
     15       4      11
     17      23      24 
 19       1       8       3
 14      20       2      18
      5      22      21 
      7       9      10
         13      12 
--8<--
found: sum= 76.0000 var=  0.0000 fitness= 76.0000
-->8--
          4       6 
      3      14       7
     24      20       8 
 12      11      21      10
  5       9       2      17
     15      13      18 
     16       1      19
         22      23 
--8<--
found: sum= 78.0000 var=  0.0000 fitness= 78.0000
-->8--
         14      10 
     22      24      13
      7       9      17 
 11       2       5       3
 16      23      18      20
     19      21      15 
      1       8      12
          6       4 
--8<--
found: sum= 75.0000 var=  0.0000 fitness= 75.0000
-->8--
          6      12 
      2       9      18
     11      24       8 
  3      23       4      10
 15       1      16      17
     22       7      20 
     21       5      14
         19      13 
--8<--
found: sum= 75.0000 var=  0.0000 fitness= 75.0000
-->8--
         19      11 
     15      23       2
      1      14       7 
 21       3      18       5
 22       4      20      13
     24      16      12 
      6       8      10
         17       9 
--8<--
found: sum= 73.0000 var=  0.0000 fitness= 73.0000
-->8--
         21      24 
     12       6      23
     16       8       3 
  4      10       9      18
 11      19      22      14
     13       5       7 
      1      20       2
         15      17 
--8<--
found: sum= 84.0000 var=  0.0000 fitness= 84.0000
-->8--
         13      12 
      1      16       9
     17      19      20 
  6      18       8       5
  7      14      23       4
     22       2      24 
     15      21       3
         10      11 
--8<--
found: sum= 84.0000 var=  0.0000 fitness= 84.0000
-->8--
          3       2 
      5      19       8
     15      22      23 
  6      20      10       9
 12       7      11      13
     24      14      18 
      1      21       4
         17      16 
--8<--
execution time: real 0.531645s user 0.015997s sys 0.006998s
GA: P=50 K=10 sp=2 xover=2D/1 optrpl=2 optskip=10 optmax=1.142857
generation #656: pop m= 78.583 v= 52.094 f= 55.531 best_age=1
best: found: sum= 84.0000 var=  0.0000 fitness= 84.0000
-->8--
         13      12 
      1      16       9
     17      19      20 
  6      18       8       5
  7      14      23       4
     22       2      24 
     15      21       3
         10      11 
--8<--
found: sum= 84.0000 var=  0.0000 fitness= 84.0000
-->8--
          3       2 
      5      19       8
     15      22      23 
  6      20      10       9
 12       7      11      13
     24      14      18 
      1      21       4
         17      16 
--8<--
