found: sum= 79.0000 var=  0.0000 fitness= 79.0000 age=0
-->8--
          3       7 
      5      24       8
     14      23      11 
  4      10       6      20
 17      16      22       1
     18       2      19 
     13       9      15
         21      12 
--8<--
found: sum= 74.0000 var=  0.0000 fitness= 74.0000 age=0
-->8--
         21      24 
     22       5      16
     19       4       7 
 10       3      18       1
 14      11      15      20
     17      23      13 
      8       9       2
          6      12 
--8<--
found: sum= 80.0000 var=  0.0000 fitness= 80.0000 age=0
-->8--
         11      10 
      3      23      22
     24       5      13 
  6      14       7       4
  1      20      18      21
     15      16      17 
     19       8       9
          2      12 
--8<--
found: sum= 77.0000 var=  0.0000 fitness= 77.0000 age=0
-->8--
          2       1 
     23      18       5
      4      20      21 
  6      10      12       7
 16      24       8      15
     17       3      14 
     13      11      19
          9      22 
--8<--
found: sum= 80.0000 var=  0.0000 fitness= 80.0000 age=0
-->8--
         13       3 
      1      22       2
     17      21      23 
 18       6       9      24
  7      20       5       4
     12      19      15 
      8      11      14
         10      16 
--8<--
found: sum= 73.0000 var=  0.0000 fitness= 73.0000 age=0
-->8--
          7      16 
     20       9      13
      1      12      18 
  6      24       5      22
 23      17       4       3
      2      11      21 
     10      14      15
         19       8 
--8<--
found: sum= 76.0000 var=  0.0000 fitness= 76.0000 age=0
-->8--
         22      10 
     19      23      12
      1       7      13 
 24       4      11       2
 17      16      20       9
     14      18      21 
      5       8       6
         15       3 
--8<--
found: sum= 78.0000 var=  0.0000 fitness= 78.0000 age=0
-->8--
         24       5 
      4      19      14
     13       6      18 
 21      12      16       3
  1      22       7      23
      9      15      11 
      2      20      17
         10       8 
--8<--
found: sum= 77.0000 var=  0.0000 fitness= 77.0000 age=0
-->8--
          3      12 
      6      13      20
     22      10      15 
  1      23       7      21
  2      24       9      14
      5       4      11 
     17      19      18
          8      16 
--8<--
found: sum= 80.0000 var=  0.0000 fitness= 80.0000 age=0
-->8--
          2      14 
      4      15      13
     24      17       9 
 11      18      12       7
  1       6      19      23
     20       8      10 
      3      22       5
         21      16 
--8<--
found: sum= 71.0000 var=  0.0000 fitness= 71.0000 age=0
-->8--
          5      13 
     24      23       2
      6      10      12 
 19       3      11       8
 17      22      18      21
      4       7       1 
     15       9      16
         14      20 
--8<--
found: sum= 79.0000 var=  0.0000 fitness= 79.0000 age=0
-->8--
         24       1 
      4      12       9
     15      19      22 
 13       5      16       3
  2      21      10      11
     23       8      17 
     14       6      18
          7      20 
--8<--
found: sum= 76.0000 var=  0.0000 fitness= 76.0000 age=0
-->8--
          7      16 
      2      23       8
     17       5      11 
  9      22      13      24
 15      12       4       6
      1      20      18 
     14      10       3
         19      21 
--8<--
found: sum= 71.0000 var=  0.0000 fitness= 71.0000 age=0
-->8--
         19       9 
     24      10      23
      8       7       6 
  5       3      16      13
 17      20      21      14
     18       4       1 
     15      12      22
          2      11 
--8<--
found: sum= 78.0000 var=  0.0000 fitness= 78.0000 age=0
-->8--
         24      22 
      1      20       3
     16       9      19 
 18       8       5      15
  4      21      23       2
     11      12      14 
      7      10       6
         17      13 
--8<--
found: sum= 75.0000 var=  0.0000 fitness= 75.0000 age=0
-->8--
         18      13 
      1      11       6
     15      10      19 
  8      20      16      12
  5       3      17       7
     24       9       4 
     14       2      21
         23      22 
--8<--
found: sum= 70.0000 var=  0.0000 fitness= 70.0000 age=0
-->8--
         21       7 
     16       1       4
      5      17      19 
 12      10      22       6
 23      11       2      18
      9       8       3 
     15      13      20
         14      24 
--8<--
found: sum= 79.0000 var=  0.0000 fitness= 79.0000 age=0
-->8--
          4      17 
      5      23       1
     24       9      16 
 21      14      13      19
  2      10      22       3
      8      11       6 
     20      18       7
         12      15 
--8<--
found: sum= 77.0000 var=  0.0000 fitness= 77.0000 age=0
-->8--
         18      15 
     22      10       4
      5      20      11 
  9       2      17       1
 21      16      19       6
     24       3      23 
     14      12       7
          8      13 
--8<--
found: sum= 77.0000 var=  0.0000 fitness= 77.0000 age=0
-->8--
          9      17 
      4      13       8
     20      15      10 
  3      16      14      22
 12       7      24       5
     19       1       2 
     11      21      23
         18       6 
--8<--
found: sum= 81.0000 var=  0.0000 fitness= 81.0000 age=0
-->8--
          8      11 
      2      12       5
     22      14      15 
  9      23      24      10
  7       3       1      13
     17      16      18 
     20      21      19
          4       6 
--8<--
found: sum= 80.0000 var=  0.0000 fitness= 80.0000 age=0
-->8--
          3      10 
     21      17      14
     12       8      18 
 24      19      13       7
  2       1      16      15
     22      23      11 
      5      20       4
          9       6 
--8<--
found: sum= 75.0000 var=  0.0000 fitness= 75.0000 age=0
-->8--
         24      19 
      5       7      23
     21       3      13 
 17      15      10       2
  1       9      16      20
     12      22      14 
      6       8      11
         18       4 
--8<--
found: sum= 75.0000 var=  0.0000 fitness= 75.0000 age=0
-->8--
         13      19 
      2       7       8
     24      23      15 
  5       6       3      21
  9      20      22      10
     11       1       4 
     12      14      16
         17      18 
--8<--
found: sum= 75.0000 var=  0.0000 fitness= 75.0000 age=0
-->8--
         16       7 
     19       9      10
      3      20      23 
 21       8       6       2
 22       4      24      15
     17      13       5 
     12      18       1
         11      14 
--8<--
found: sum= 77.0000 var=  0.0000 fitness= 77.0000 age=0
-->8--
          9       5 
      4      14      13
     12      17      22 
  1      21       6      23
 11       8       7      16
     24      18       3 
      2      10      20
         15      19 
--8<--
found: sum= 77.0000 var=  0.0000 fitness= 77.0000 age=0
-->8--
          9       7 
     11      24      19
     18      13       4 
 15       2      10       8
  3      23      12      21
     16      17      22 
     14       1      20
          6       5 
--8<--
found: sum= 80.0000 var=  0.0000 fitness= 80.0000 age=0
-->8--
          5       7 
     23      22      17
     15       9      13 
 11       6      12       8
  3      21      18      19
     24      14      10 
      4      16      20
          1       2 
--8<--
found: sum= 75.0000 var=  0.0000 fitness= 75.0000 age=0
-->8--
         23      24 
      3       9      22
     19       5       2 
  1      16      13       8
 14      18      11      20
      7      12      21 
      6      17      10
         15       4 
--8<--
found: sum= 79.0000 var=  0.0000 fitness= 79.0000 age=0
-->8--
          9      23 
      7      24       6
     19       8       5 
 18      12      13       3
  1      15      21      20
     14      10      17 
     22      16       4
          2      11 
--8<--
found: sum= 81.0000 var=  0.0000 fitness= 81.0000 age=0
-->8--
         13       6 
      4      24       3
     22      16      23 
 17       2       9       1
  5      21      18      20
     14      15      10 
      8      12       7
         11      19 
--8<--
found: sum= 75.0000 var=  0.0000 fitness= 75.0000 age=0
-->8--
         23      20 
      1      16       5
      6      12      18 
  2      17       4      22
 15      21      11       7
     14      10      13 
     19       8      24
          3       9 
--8<--
found: sum= 76.0000 var=  0.0000 fitness= 76.0000 age=0
-->8--
         21       5 
      3      23      20
      4      19       2 
 15       6       7      14
 11      22      12      17
     18      10      24 
      1       9       8
         16      13 
--8<--
found: sum= 76.0000 var=  0.0000 fitness= 76.0000 age=0
-->8--
         20      24 
     21      16       2
      1      11       5 
  8       7      18      10
 23      15      12      14
     22      13      17 
      3      19       9
          4       6 
--8<--
found: sum= 78.0000 var=  0.0000 fitness= 78.0000 age=0
-->8--
         18       1 
      3      23      16
      9       4      19 
  5      21      15       8
  6      20      11      13
     17       7      12 
     22      10      24
          2      14 
--8<--
found: sum= 78.0000 var=  0.0000 fitness= 78.0000 age=0
-->8--
          4      16 
      1      20       6
     23      21      13 
  3       9       2      18
 12      17      22       8
     14       7      15 
     11       5      19
         24      10 
--8<--
found: sum= 76.0000 var=  0.0000 fitness= 76.0000 age=0
-->8--
          9       3 
     20      14       2
     11      18      22 
 24       4      17       5
 16       8       6       7
     13      23      19 
     10       1      15
         21      12 
--8<--
found: sum= 77.0000 var=  0.0000 fitness= 77.0000 age=0
-->8--
          5      18 
     20      21       7
      6      12      10 
 17      13       9      24
  8      19      22       1
     14       2      11 
      3      23       4
         16      15 
--8<--
found: sum= 76.0000 var=  0.0000 fitness= 76.0000 age=0
-->8--
          1      13 
     14      22       5
      8      10      24 
  9      21       2      11
 20       3      23      12
     15      17       4 
     16       7       6
         18      19 
--8<--
found: sum= 73.0000 var=  0.0000 fitness= 73.0000 age=0
-->8--
          1      10 
     20      13      11
      3      15      22 
 14      21       2      17
 18       5       7      16
     12      23       9 
     19       6      24
          8       4 
--8<--
found: sum= 78.0000 var=  0.0000 fitness= 78.0000 age=0
-->8--
         24      20 
      2      22      10
     19       4       5 
 12       7      17      18
  3      16      23       6
     21      11       9 
     15      14       8
          1      13 
--8<--
found: sum= 80.0000 var=  0.0000 fitness= 80.0000 age=0
-->8--
         24       4 
     19      15      10
      8      13      22 
 11       1      16       3
 17      23      18       7
     20       9      14 
      2      21       6
          5      12 
--8<--
found: sum= 73.0000 var=  0.0000 fitness= 73.0000 age=0
-->8--
         23       2 
      4       5       8
     13      22      20 
 10       6      16      14
 24      11       1       7
      9      17      15 
     12       3      18
         21      19 
--8<--
found: sum= 74.0000 var=  0.0000 fitness= 74.0000 age=0
-->8--
         19      22 
      1       8      17
     24      16       4 
  5       6       7      12
 11      18      13      23
     10      14      15 
     21       9       3
          2      20 
--8<--
found: sum= 83.0000 var=  0.0000 fitness= 83.0000 age=0
-->8--
          4      17 
      3      16       7
     22      15      20 
 13      23       8       6
  2       9      18      12
     14      10      19 
     21      24       1
          5      11 
--8<--
found: sum= 77.0000 var=  0.0000 fitness= 77.0000 age=0
-->8--
          2      21 
      1      23       4
     19       8       9 
  6      24      12      22
  7      18       5      13
      3      10      16 
     17      15      11
         14      20 
--8<--
found: sum= 79.0000 var=  0.0000 fitness= 79.0000 age=0
-->8--
          4       6 
      1      24       5
     11      18      19 
 10      21       7      22
 23       2      14       8
     12      17       9 
     13      20      16
         15       3 
--8<--
found: sum= 81.0000 var=  0.0000 fitness= 81.0000 age=0
-->8--
          1      18 
     20      12       3
     19      15      16 
  4      14      17       9
 23       8       5      10
     13      22      24 
      6      21       2
         11       7 
--8<--
found: sum= 77.0000 var=  0.0000 fitness= 77.0000 age=0
-->8--
          9      18 
     15       8       7
      1      24      14 
 21      20       6      19
  2      11      12       3
     22       4      23 
     13      17       5
         10      16 
--8<--
found: sum= 76.0000 var=  0.0000 fitness= 76.0000 age=0
-->8--
         11       1 
     17      13      21
      4       9      20 
  3      22      12       6
  5      24       7      16
     18       2      15 
     14      10      19
          8      23 
--8<--
found: sum= 76.0000 var=  0.0000 fitness= 76.0000 age=0
-->8--
         24      15 
     13      17      16
      1       2      20 
 11      19       6       3
  8      23      22      18
     14       4       7 
      9      21      10
          5      12 
--8<--
found: sum= 74.0000 var=  0.0000 fitness= 74.0000 age=0
-->8--
          2      17 
     13      14      11
     22      16      12 
  3       7       4      20
  8      19      23       9
     15       5       6 
     10       1      21
         24      18 
--8<--
found: sum= 79.0000 var=  0.0000 fitness= 79.0000 age=0
-->8--
          1       2 
      9       7      20
     18      21      15 
 11      23      14       4
  8       3       5      24
     16      13      17 
     19      22      12
          6      10 
--8<--
found: sum= 82.0000 var=  0.0000 fitness= 82.0000 age=0
-->8--
          1       2 
     16      14      15
     22       8      24 
 13      21      19      11
  3       5       6      10
     18      23      12 
      7      20       4
          9      17 
--8<--
found: sum= 78.0000 var=  0.0000 fitness= 78.0000 age=0
-->8--
          5       8 
      1      24      11
     17      15      14 
  9      16       6      23
  7      19       2      12
     10      20      21 
      3       4      13
         22      18 
--8<--
found: sum= 77.0000 var=  0.0000 fitness= 77.0000 age=0
-->8--
         23       3 
      1      13       7
      2      22      20 
 21      16      12       4
 19      11       6      17
      8      10      18 
      9      24      14
         15       5 
--8<--
found: sum= 77.0000 var=  0.0000 fitness= 77.0000 age=0
-->8--
          6       3 
     12      24       2
      4      10      23 
 11      21      15       7
 18       9       5       8
     14      17      19 
     20       1      13
         16      22 
--8<--
found: sum= 78.0000 var=  0.0000 fitness= 78.0000 age=0
-->8--
          2      12 
     16       3      13
     23      24      17 
 14      10       9      11
  1       8      21      15
     22       6       5 
      4      20       7
         18      19 
--8<--
found: sum= 80.0000 var=  0.0000 fitness= 80.0000 age=0
-->8--
          4       6 
      2      22      12
     20      21       5 
  7      11      14       8
  3      23      10      24
     16       1      19 
      9      18      17
         13      15 
--8<--
found: sum= 80.0000 var=  0.0000 fitness= 80.0000 age=0
-->8--
          9       2 
      1      13      21
     18      16      24 
  6      23       4       3
 10      12       8      22
     11      17      19 
      5      15      14
         20       7 
--8<--
found: sum= 71.0000 var=  0.0000 fitness= 71.0000 age=0
-->8--
         24      14 
      3      15      23
      5       7       4 
 13      17       8      18
  2      22      11      20
     12       6      10 
     21       9      16
          1      19 
--8<--
found: sum= 82.0000 var=  0.0000 fitness= 82.0000 age=0
-->8--
         17      13 
      1      19      18
     24       5      15 
  4      16      12       3
 10       6      20      11
     22      23      21 
     14       9       2
          8       7 
--8<--
found: sum= 77.0000 var=  0.0000 fitness= 77.0000 age=0
-->8--
          6      23 
      3      24       7
     22       8       2 
  5      14      13       9
  4      15      16      18
     17      11      19 
     12       1      10
         21      20 
--8<--
found: sum= 74.0000 var=  0.0000 fitness= 74.0000 age=0
-->8--
          9      13 
     12      11      21
     14      18       6 
  1      10       5       7
  8      22      17      23
     19       2      16 
     24       4      20
          3      15 
--8<--
found: sum= 84.0000 var=  0.0000 fitness= 84.0000 age=0
-->8--
          6       5 
      4      23       3
     24      16      18 
  2      11      19       1
 10      17       9      15
     20      12      22 
     14      13       7
          8      21 
--8<--
found: sum= 79.0000 var=  0.0000 fitness= 79.0000 age=0
-->8--
         11       5 
      1      20       6
      8      18      16 
 24      21      14      12
  4       3      13       7
     19      10      17 
     23      15       2
          9      22 
--8<--
found: sum= 73.0000 var=  0.0000 fitness= 73.0000 age=0
-->8--
          8      11 
     15       2      13
      5      22      18 
  9      21       7       1
 20      14       6      24
      4       3      17 
     23      19      16
         10      12 
--8<--
found: sum= 75.0000 var=  0.0000 fitness= 75.0000 age=0
-->8--
         19      21 
     16       5      11
      8       4      22 
  1      23      12       6
 20      10       9       2
     13      17      24 
     18       3      15
         14       7 
--8<--
found: sum= 80.0000 var=  0.0000 fitness= 80.0000 age=0
-->8--
          1       2 
     15      19      10
     13      11      24 
 12      21      14      18
  5      22       3       4
      7       9      17 
      6      20       8
         16      23 
--8<--
found: sum= 78.0000 var=  0.0000 fitness= 78.0000 age=0
-->8--
         20      11 
      3       5      12
      7      21      23 
  1      22       6      13
  8      16       4      18
     24       9      14 
     10      17      15
          2      19 
--8<--
found: sum= 77.0000 var=  0.0000 fitness= 77.0000 age=0
-->8--
         11      23 
     16      24       1
     10       7       3 
 13       9      19      18
  4      20      17       8
     21       5      12 
     14      15       6
          2      22 
--8<--
found: sum= 79.0000 var=  0.0000 fitness= 79.0000 age=0
-->8--
          7      16 
     13      12       5
     19      22      23 
  4       6       1      14
 15      24      18       2
     11       8      21 
     17       9      20
         10       3 
--8<--
found: sum= 79.0000 var=  0.0000 fitness= 79.0000 age=0
-->8--
          8       3 
     12      20      14
     19       9      16 
 13      11      17      15
  4      22      18       6
     10       2       7 
     21      23       5
          1      24 
--8<--
found: sum= 78.0000 var=  0.0000 fitness= 78.0000 age=0
-->8--
         20       3 
      8       9      14
      5      24      22 
  4      12       6      13
 19      23       2      17
     15      11      18 
      1      21      10
          7      16 
--8<--
found: sum= 78.0000 var=  0.0000 fitness= 78.0000 age=0
-->8--
         10      12 
     14      21       1
     15      16       9 
  7       2      19      24
 23      11      17       6
     20      13       3 
      8      22       5
          4      18 
--8<--
found: sum= 78.0000 var=  0.0000 fitness= 78.0000 age=0
-->8--
         22       2 
     15       9      23
     16      10      13 
  7       6      21       5
 14      18       3      12
     17      20      24 
      4      11       1
          8      19 
--8<--
found: sum= 78.0000 var=  0.0000 fitness= 78.0000 age=0
-->8--
         22      21 
      3       8       4
     16      10      20 
 11      19      15      12
  1      14      18       7
     17       2       6 
      9      23       5
         13      24 
--8<--
found: sum= 81.0000 var=  0.0000 fitness= 81.0000 age=0
-->8--
          4       1 
      2      21       9
     24      20      12 
 14      10      18      13
  3      19       6      17
     11       8      15 
     16      22      23
          5       7 
--8<--
found: sum= 82.0000 var=  0.0000 fitness= 82.0000 age=0
-->8--
          5       6 
     11      19       1
     14      15      24 
  7      18      17      13
  9      12       4       3
     22      16      21 
      2      10      23
         20       8 
--8<--
found: sum= 77.0000 var=  0.0000 fitness= 77.0000 age=0
-->8--
         19      22 
      5      15       7
     24       4       8 
  1      10      21      17
 20      13       6      14
      9      23      11 
      2      18      16
         12       3 
--8<--
found: sum= 73.0000 var=  0.0000 fitness= 73.0000 age=0
-->8--
         19       5 
     11       3      22
      2      20      13 
 24      18      10      14
  6      16       1      12
      7       8      23 
      4      17      15
         21       9 
--8<--
found: sum= 80.0000 var=  0.0000 fitness= 80.0000 age=0
-->8--
          7       5 
      2      13      12
     24      20      21 
  3      14       9      10
 17       4      11       6
     18      22      23 
     16       1       8
         19      15 
--8<--
found: sum= 78.0000 var=  0.0000 fitness= 78.0000 age=0
-->8--
         24      21 
      2      22       5
     11       6      16 
  3      13       8       4
 20      14      18      23
     17      19       9 
     12      15      10
          1       7 
--8<--
found: sum= 72.0000 var=  0.0000 fitness= 72.0000 age=0
-->8--
         24      14 
     15      20      13
      9       3       4 
 16       1      18       5
 23      21      22      17
      2       7       6 
     12      19      10
         11       8 
--8<--
found: sum= 75.0000 var=  0.0000 fitness= 75.0000 age=0
-->8--
          7      11 
     19      12      15
      1      16      13 
 18      20       8       2
  5      21       6      24
     10       4      22 
     14      17       3
          9      23 
--8<--
found: sum= 78.0000 var=  0.0000 fitness= 78.0000 age=0
-->8--
          2      15 
     14      11       7
     12      18      17 
  5      21      10      24
 13      19       1       6
      8       9      20 
     16      22      23
          4       3 
--8<--
found: sum= 79.0000 var=  0.0000 fitness= 79.0000 age=0
-->8--
         20      23 
      4      17      10
     24       2       6 
  1      12      21       3
 15      19      11      16
      8      14      22 
      7      18       9
         13       5 
--8<--
found: sum= 76.0000 var=  0.0000 fitness= 76.0000 age=0
-->8--
         14       4 
      3      16      10
      2      20      11 
  9      21      15      13
 19       8       7      18
     17       5      12 
      1      22      24
         23       6 
--8<--
found: sum= 78.0000 var=  0.0000 fitness= 78.0000 age=0
-->8--
          4       2 
     19      17      21
      6      12      23 
 11      20       3       5
  8      18      24      16
     15       1       7 
      9      22      14
         13      10 
--8<--
found: sum= 72.0000 var=  0.0000 fitness= 72.0000 age=0
-->8--
         24       8 
      2      23      17
      9       1       3 
 19      13      20      11
 21       4      16      15
      6      18       7 
     22      12      14
         10       5 
--8<--
found: sum= 82.0000 var=  0.0000 fitness= 82.0000 age=0
-->8--
          7      10 
      5      23       2
     13      14      22 
  3      20      11      17
 16      21      12       1
      9       4      19 
     18      24       8
          6      15 
--8<--
found: sum= 76.0000 var=  0.0000 fitness= 76.0000 age=0
-->8--
         19       6 
     14      13       8
      2      11      23 
  9      17      15       1
 24      20      10       5
      4       3      22 
     21      16       7
         12      18 
--8<--
found: sum= 74.0000 var=  0.0000 fitness= 74.0000 age=0
-->8--
         15       1 
     12      11       8
      7      23      22 
 13       6       9      24
 16      14       5       4
     18      17      10 
      3       2      21
         20      19 
--8<--
found: sum= 78.0000 var=  0.0000 fitness= 78.0000 age=0
-->8--
         13      14 
      1      18      16
     17       6       5 
  4      23      19      24
 12       2       7      15
     20      21       8 
      3      22       9
         10      11 
--8<--
found: sum= 77.0000 var=  0.0000 fitness= 77.0000 age=0
-->8--
         14      11 
      2      23       1
     12      17      20 
 10       9       5       4
 19      21      22      18
      6       3       8 
     24      16      15
          7      13 
--8<--
found: sum= 78.0000 var=  0.0000 fitness= 78.0000 age=0
-->8--
          4      12 
      2      20       5
     16      13      22 
  8      23       6      17
  7       3       9      14
     21      24      10 
     11       1      15
         18      19 
--8<--
found: sum= 77.0000 var=  0.0000 fitness= 77.0000 age=0
-->8--
          9      13 
      7      10       3
     11      19      18 
 15      21      14      24
  2       6      12       8
     22       5       1 
     17      23      20
          4      16 
--8<--
found: sum= 78.0000 var=  0.0000 fitness= 78.0000 age=0
-->8--
         10      12 
     20       1      19
     22      16       7 
 11       9      23       3
  4      17       8      13
     15       5      24 
      2      21       6
         18      14 
--8<--
found: sum= 77.0000 var=  0.0000 fitness= 77.0000 age=0
-->8--
          1       5 
     24      13      21
     23      10      19 
  7       6       9      15
 11      18      14       4
     12      20      16 
     22       2       8
          3      17 
--8<--
found: sum= 79.0000 var=  0.0000 fitness= 79.0000 age=0
-->8--
         20      13 
      1      21      17
     11       8      14 
  7      18       6       5
  4      15      22      23
     24      10       9 
     12      16       3
          2      19 
--8<--
found: sum= 80.0000 var=  0.0000 fitness= 80.0000 age=0
-->8--
          2       6 
     15      14       7
      9      19      24 
 22      21      10       4
 11       5       8      16
     12      17      18 
      3      23       1
         20      13 
--8<--
found: sum= 77.0000 var=  0.0000 fitness= 77.0000 age=0
-->8--
         10      11 
      2      20       1
      3      19      18 
 14      23       8       5
  9       7      16      13
     21       4      17 
     24       6      12
         15      22 
--8<--
found: sum= 77.0000 var=  0.0000 fitness= 77.0000 age=0
-->8--
          3      14 
     11      19      12
     18      10      15 
  1      16       7      21
 17      23       8       4
      2      13      22 
      6       9       5
         24      20 
--8<--
found: sum= 76.0000 var=  0.0000 fitness= 76.0000 age=0
-->8--
         17      16 
      4       1      15
     21      20      22 
 11      13       2       6
 18       8      10      12
      5      23      24 
     14       7       9
         19       3 
--8<--
found: sum= 77.0000 var=  0.0000 fitness= 77.0000 age=0
-->8--
          7       8 
     16       9       1
     22      21      23 
 11       2      15       5
 19      20      13      17
      3       6       4 
     14      24      18
         10      12 
--8<--
found: sum= 75.0000 var=  0.0000 fitness= 75.0000 age=0
-->8--
         21      18 
      2      24       9
      1      10       3 
 23      17      11       4
  7       8      15      20
     19      14      22 
     16       6       5
         12      13 
--8<--
found: sum= 79.0000 var=  0.0000 fitness= 79.0000 age=0
-->8--
         24       9 
     10      15      13
     17      12      22 
 11       1       8       2
 20      14      23       5
     16      21      19 
      4       6       3
         18       7 
--8<--
found: sum= 79.0000 var=  0.0000 fitness= 79.0000 age=0
-->8--
          2      10 
     21       5       7
     13      18      22 
 23      20      17       6
  3       4      11       8
     16       9      15 
     12      24       1
         14      19 
--8<--
found: sum= 79.0000 var=  0.0000 fitness= 79.0000 age=0
-->8--
          5      11 
      3       7      15
     23      24      20 
  1      17       2      13
 12       8      19       4
     18       9      21 
     22       6      14
         16      10 
--8<--
found: sum= 75.0000 var=  0.0000 fitness= 75.0000 age=0
-->8--
          7      14 
      3       4      15
     22      16      17 
 11      23       9      13
 12       6       2      24
      1      19      10 
      8      21       5
         20      18 
--8<--
found: sum= 77.0000 var=  0.0000 fitness= 77.0000 age=0
-->8--
          3      10 
      9      15      11
      4      22      12 
  8      24       7      14
 19       6       5      18
     16      13      21 
      2      17      20
         23       1 
--8<--
found: sum= 78.0000 var=  0.0000 fitness= 78.0000 age=0
-->8--
         18       2 
     21      15      19
      1      12      24 
 17      11       6       9
 10      23      22       3
     16       4      14 
      8      20       5
          7      13 
--8<--
found: sum= 83.0000 var=  0.0000 fitness= 83.0000 age=0
-->8--
          3      13 
     18      20       2
     12      19      23 
  7      11       6       5
 10      21      17       8
     22       9      24 
     16      14       4
          1      15 
--8<--
found: sum= 79.0000 var=  0.0000 fitness= 79.0000 age=0
-->8--
          2       1 
     20      24      13
     18      12       7 
 14       3      22      16
  8      15      17      11
     21      10       6 
      9      19      23
          5       4 
--8<--
found: sum= 78.0000 var=  0.0000 fitness= 78.0000 age=0
-->8--
          7      18 
     19      11       4
      6      20      24 
 21      15       1      10
  8      16      17       3
     12       9      23 
      5      14      13
         22       2 
--8<--
found: sum= 79.0000 var=  0.0000 fitness= 79.0000 age=0
-->8--
         21      15 
     13       6       4
     20       8      24 
  7      11      22      12
  5      17       3       2
     19      18      16 
      1      10      23
         14       9 
--8<--
found: sum= 80.0000 var=  0.0000 fitness= 80.0000 age=0
-->8--
          6      17 
      4      12       1
     20      22      19 
  3      16       9       2
 10      13      15      11
     18       5      24 
     14       7       8
         23      21 
--8<--
found: sum= 84.0000 var=  0.0000 fitness= 84.0000 age=0
-->8--
          5      10 
     16      20      14
     24       4      19 
  1      15      17       6
  9      22      18       3
     13       8      21 
      7      23       2
         11      12 
--8<--
found: sum= 81.0000 var=  0.0000 fitness= 81.0000 age=0
-->8--
          3      14 
     11       7      13
     24      21      16 
  1      15      10      20
  5      19       4       8
     17      12      23 
      6      18      22
          9       2 
--8<--
found: sum= 75.0000 var=  0.0000 fitness= 75.0000 age=0
-->8--
         15       3 
     12       6      24
     23      18      20 
 17       1       4       8
  5      16      22      10
     13      14      11 
      9       2       7
         21      19 
--8<--
found: sum= 82.0000 var=  0.0000 fitness= 82.0000 age=0
-->8--
         13       6 
      5      15      21
     18      14      19 
 12      17       7       1
  4      20      22      10
     11       2      23 
      9      24       3
         16       8 
--8<--
found: sum= 76.0000 var=  0.0000 fitness= 76.0000 age=0
-->8--
          5      17 
      2      14      13
     23      24       1 
 10       8       7       9
  3      12      21      22
     20       4      16 
     15       6      18
         19      11 
--8<--
found: sum= 83.0000 var=  0.0000 fitness= 83.0000 age=0
-->8--
         17      11 
      2      21       7
     24      16      19 
 10       3       9      13
  4      22      18       1
     20      15      23 
     12       8       5
          6      14 
--8<--
found: sum= 82.0000 var=  0.0000 fitness= 82.0000 age=0
-->8--
          2      12 
     18       6      13
     17      16      24 
  9      23      11       8
  1      10      15       4
     22       7      20 
     19      21       5
          3      14 
--8<--
found: sum= 82.0000 var=  0.0000 fitness= 82.0000 age=0
-->8--
          2      20 
      8      21       3
     24      14      23 
 10      13       1      18
  9      15      17       4
     11      22      19 
      6      12       5
         16       7 
--8<--
found: sum= 79.0000 var=  0.0000 fitness= 79.0000 age=0
-->8--
          5       1 
      8       7      13
     14      23      19 
  6      22      16      18
 15      12       2       3
     10       4      21 
      9      24      11
         20      17 
--8<--
found: sum= 82.0000 var=  0.0000 fitness= 82.0000 age=0
-->8--
         14      16 
      2      17      13
     24       5      23 
  4      20       8       6
  3      12      15      21
     19      22       9 
      1      18      11
         10       7 
--8<--
found: sum= 74.0000 var=  0.0000 fitness= 74.0000 age=0
-->8--
          1      22 
     19      13      12
     18       2      16 
 20      21       9       7
  4       3      15      17
      8      24      10 
     23       5       6
         11      14 
--8<--
found: sum= 79.0000 var=  0.0000 fitness= 79.0000 age=0
-->8--
         17       8 
      2      14      15
      3      21      16 
 12      22       5       9
 11       7      23       6
     24       1      20 
     10      18      13
         19       4 
--8<--
found: sum= 72.0000 var=  0.0000 fitness= 72.0000 age=0
-->8--
         15      19 
     12       9       1
     20      14       6 
 17       2      23       8
 10       5      21      11
     18       7       3 
     16       4      13
         22      24 
--8<--
found: sum= 80.0000 var=  0.0000 fitness= 80.0000 age=0
-->8--
          8       9 
     11      14      19
     22      13      24 
  3      12       1      18
 20      16      21       6
      7      17      10 
     15      23       4
          2       5 
--8<--
found: sum= 78.0000 var=  0.0000 fitness= 78.0000 age=0
-->8--
          5       7 
     16      24      11
     17       1      14 
 10      15      21       6
  8      19       2      13
      9      20      22 
      3       4      12
         23      18 
--8<--
found: sum= 77.0000 var=  0.0000 fitness= 77.0000 age=0
-->8--
         20      11 
      1       5      22
     23      18      13 
  4      10       8      19
  2      17       9      12
     21      15      16 
     14       7       6
          3      24 
--8<--
found: sum= 77.0000 var=  0.0000 fitness= 77.0000 age=0
-->8--
         12      10 
     14      11      20
     18       9      19 
  2      13       8       4
 17       3      23      16
     24      21       7 
      1       6      15
         22       5 
--8<--
found: sum= 79.0000 var=  0.0000 fitness= 79.0000 age=0
-->8--
          1      17 
     22       9      12
     23       8      19 
 10      16      14       2
  5       7      21       3
     18      13      20 
     11       6       4
         24      15 
--8<--
found: sum= 78.0000 var=  0.0000 fitness= 78.0000 age=0
-->8--
          8       9 
     16      18      24
     19       2      11 
  4      15      14       3
  7      13      22      23
     20      12       5 
      6      17      21
         10       1 
--8<--
found: sum= 78.0000 var=  0.0000 fitness= 78.0000 age=0
-->8--
          7      12 
     19      24      18
     14       4       3 
  1      10      17       5
  9      23      22      16
     21       2      15 
     11      13       6
          8      20 
--8<--
found: sum= 74.0000 var=  0.0000 fitness= 74.0000 age=0
-->8--
         10      23 
     15       5       2
     19      22      13 
 18       3       9      17
  7       6      20       4
     21      14      11 
      8       1      16
         24      12 
--8<--
found: sum= 80.0000 var=  0.0000 fitness= 80.0000 age=0
-->8--
          8       2 
     12      16      10
     24      17      22 
  1       3      13       4
 23      18      20      15
     11       9       6 
     14      21       5
          7      19 
--8<--
found: sum= 80.0000 var=  0.0000 fitness= 80.0000 age=0
-->8--
          8       5 
     18      21      16
     14      10      15 
  1       9      13       6
 12      20      17       7
     24      11      22 
     19       4      23
          2       3 
--8<--
found: sum= 75.0000 var=  0.0000 fitness= 75.0000 age=0
-->8--
         12       5 
     20       3      17
      1      21      14 
 10      18      15       9
 16       8       7      19
     22       6      11 
      2      24      23
         13       4 
--8<--
found: sum= 79.0000 var=  0.0000 fitness= 79.0000 age=0
-->8--
         14      10 
      5       1      17
     15      24      21 
  7      20       6       8
  3      18       9      12
     16       2      23 
     13      19      22
         11       4 
--8<--
found: sum= 83.0000 var=  0.0000 fitness= 83.0000 age=0
-->8--
          1       3 
      4      21      20
     24      17      13 
  2      16       9       6
  7      11      18      22
     23      12      15 
      8      19       5
         10      14 
--8<--
found: sum= 78.0000 var=  0.0000 fitness= 78.0000 age=0
-->8--
          5       4 
     18      12      20
      6      15      19 
  2      22       8       3
 24       1      21      13
     23      11      14 
     17      16       9
         10       7 
--8<--
found: sum= 77.0000 var=  0.0000 fitness= 77.0000 age=0
-->8--
         19      18 
      1       3       7
     17      21      24 
 12      16       4      20
 15       8       5       2
      9      23      22 
     13      10       6
         14      11 
--8<--
found: sum= 79.0000 var=  0.0000 fitness= 79.0000 age=0
-->8--
          3       1 
      6      20      19
     14      13      24 
  9      23       2      12
  5      10      16      17
     18      15       8 
      4      11      22
         21       7 
--8<--
found: sum= 82.0000 var=  0.0000 fitness= 82.0000 age=0
-->8--
         13      12 
      4      22       8
     24       2      15 
  3      17      23       7
 11       6      14       5
     21      20      18 
     16      10      19
          9       1 
--8<--
found: sum= 80.0000 var=  0.0000 fitness= 80.0000 age=0
-->8--
         13       4 
      5      15       6
     19      17      20 
  7      11      18       3
 12      10      22      16
     21       2       1 
     14      24      23
          9       8 
--8<--
found: sum= 80.0000 var=  0.0000 fitness= 80.0000 age=0
-->8--
          1       2 
      5      19      17
     24      21      18 
 20      10       3      16
  7      15       9      11
      4      22      23 
     13      12       8
         14       6 
--8<--
found: sum= 82.0000 var=  0.0000 fitness= 82.0000 age=0
-->8--
          4       6 
      5      11       7
     21      22      24 
  2      19      12      10
 16       1      20       3
     23       8      13 
     17      18      14
         15       9 
--8<--
found: sum= 74.0000 var=  0.0000 fitness= 74.0000 age=0
-->8--
         24      12 
      9      23       7
      5      10      16 
 18       3       6       8
 20      15      19      14
     13      21      11 
     22       2       4
          1      17 
--8<--
found: sum= 79.0000 var=  0.0000 fitness= 79.0000 age=0
-->8--
         12       5 
      4      22      17
     24      14       8 
  1       3      13      19
  7      23      10      20
     21      16       9 
      2      11      18
          6      15 
--8<--
found: sum= 81.0000 var=  0.0000 fitness= 81.0000 age=0
-->8--
         16       3 
     12      21       6
     10      18      22 
 23       4      11       5
  1      24      15       8
     19       9      20 
     14      13      17
          2       7 
--8<--
found: sum= 84.0000 var=  0.0000 fitness= 84.0000 age=0
-->8--
         11      10 
      9      17      14
     21       3      22 
  1      23      18       4
 13       6      19       5
     20      15      16 
      7      24       2
         12       8 
--8<--
found: sum= 81.0000 var=  0.0000 fitness= 81.0000 age=0
-->8--
          4      15 
      6      10      12
     21      18      19 
 14      22       7      13
  5      11       3      16
      8      20      23 
      1      24       2
         17       9 
--8<--
found: sum= 79.0000 var=  0.0000 fitness= 79.0000 age=0
-->8--
          3       5 
     16      19      12
     10      14      22 
 23      17       7      15
  6      21       9       8
      2      11      18 
     20      24       4
          1      13 
--8<--
found: sum= 81.0000 var=  0.0000 fitness= 81.0000 age=0
-->8--
          4      23 
     11      14       5
     24      13       8 
  7      15      18      16
  9       6      19       3
     20      10      17 
      2      22       1
         21      12 
--8<--
found: sum= 80.0000 var=  0.0000 fitness= 80.0000 age=0
-->8--
          2       3 
     10      21      15
     24      16      13 
 19       7      12       1
  9       4      23      11
     17      18      20 
     22       5       6
         14       8 
--8<--
found: sum= 81.0000 var=  0.0000 fitness= 81.0000 age=0
-->8--
          9      21 
      2      13       1
     22      24      16 
  5      11       6      20
  8      18      15      10
     17       7      14 
      4      23      19
         12       3 
--8<--
found: sum= 83.0000 var=  0.0000 fitness= 83.0000 age=0
-->8--
          7       1 
      2      16      11
     22      17      23 
 12      19      15      13
  3      18       6       5
      9       8      21 
      4      24      10
         20      14 
--8<--
found: sum= 79.0000 var=  0.0000 fitness= 79.0000 age=0
-->8--
          7       8 
      3      24      10
     21       6      12 
  4      18      19       1
 22       9      11      23
      5      16      13 
     15      20      17
         14       2 
--8<--
found: sum= 83.0000 var=  0.0000 fitness= 83.0000 age=0
-->8--
          1       2 
     15      14      21
     24      10      23 
  8      19      13       4
  5       7      22       3
     20      12      18 
     17      16       9
         11       6 
--8<--
found: sum= 81.0000 var=  0.0000 fitness= 81.0000 age=0
-->8--
         16       9 
      3      10      13
     22      23      20 
 18       7       6      15
  1      21      19       4
     12       5      17 
     11      24       2
          8      14 
--8<--
found: sum= 79.0000 var=  0.0000 fitness= 79.0000 age=0
-->8--
         20      12 
      5      19      14
     17      11      13 
  2       7      10       1
  9      21      24      16
     23       6      15 
      3       8      22
         18       4 
--8<--
found: sum= 75.0000 var=  0.0000 fitness= 75.0000 age=0
-->8--
          3       1 
     20      21      17
      2      11       9 
 22      18      16       8
  6       4      14      15
     23      12      13 
     19       7      24
         10       5 
--8<--
found: sum= 81.0000 var=  0.0000 fitness= 81.0000 age=0
-->8--
          2      16 
     12      20      10
      8      18      14 
  6      21       3       5
 13       9      23      19
     24       7      17 
      4      22       1
         15      11 
--8<--
found: sum= 80.0000 var=  0.0000 fitness= 80.0000 age=0
-->8--
         10      12 
      2      24       9
     20      21      13 
  6       3       1      19
 11      18      23       8
     22      14      16 
     17       5       7
          4      15 
--8<--
found: sum= 81.0000 var=  0.0000 fitness= 81.0000 age=0
-->8--
          4      10 
     23      18      17
     22       8      16 
 13       6      12      11
  1      19      15       3
     20      21      24 
     14       5       7
          2       9 
--8<--
found: sum= 80.0000 var=  0.0000 fitness= 80.0000 age=0
-->8--
         15      23 
      1      22       3
     21      10      14 
 18      11       8      17
  5      19      12      16
      6      20      13 
      2      24       7
          9       4 
--8<--
found: sum= 83.0000 var=  0.0000 fitness= 83.0000 age=0
-->8--
          7       1 
     12      22      16
     13       5      19 
  9      24      20      11
  6      14       2      10
     17      18      21 
      8      23       4
          3      15 
--8<--
found: sum= 82.0000 var=  0.0000 fitness= 82.0000 age=0
-->8--
          4       5 
     19      23       3
     18      12      15 
  9       6      24       1
  7      22      10      11
     20       8      21 
     17      13      16
          2      14 
--8<--
found: sum= 81.0000 var=  0.0000 fitness= 81.0000 age=0
-->8--
          4      16 
     17      24       9
     23       6       8 
  5       7      18       3
 14      19      10      20
     13      21      22 
     11      15       1
          2      12 
--8<--
found: sum= 84.0000 var=  0.0000 fitness= 84.0000 age=0
-->8--
          5      13 
      7      16      10
     24      15      22 
  3      17       8      19
 11       6      20       1
     23      18      14 
     12      21       2
          4       9 
--8<--
found: sum= 78.0000 var=  0.0000 fitness= 78.0000 age=0
-->8--
         22       1 
      3       8      18
     19      17      24 
 14       9      10       5
  7      13       6      12
     16      23      21 
     20       2      11
          4      15 
--8<--
found: sum= 80.0000 var=  0.0000 fitness= 80.0000 age=0
-->8--
          1       9 
     11      10      12
     15      20      22 
 14      23       7      24
  4       6       3       5
     18      21      19 
     17      16      13
          2       8 
--8<--
found: sum= 80.0000 var=  0.0000 fitness= 80.0000 age=0
-->8--
          7       8 
     14      24       3
     10      12      16 
 20      13      17       4
  9      22       1      19
      6      15      23 
      5      21       2
         11      18 
--8<--
found: sum= 80.0000 var=  0.0000 fitness= 80.0000 age=0
-->8--
          1       3 
     23       5      22
     21      20      17 
  2      10      13       7
 11      12      19       9
     24       6      15 
     16      18      14
          4       8 
--8<--
found: sum= 80.0000 var=  0.0000 fitness= 80.0000 age=0
-->8--
          9      14 
      2      19       7
      5      21      15 
 11      24       4      20
 12       6      17       1
     22       8      23 
     10      16      13
         18       3 
--8<--
found: sum= 81.0000 var=  0.0000 fitness= 81.0000 age=0
-->8--
          4       9 
     12      23       3
     19      17      18 
  1       6      11       2
 16      15      22      21
     24      10       7 
     13      14       8
          5      20 
--8<--
found: sum= 80.0000 var=  0.0000 fitness= 80.0000 age=0
-->8--
          1       7 
     24      14       3
     20      15      22 
 13       6      19       4
 12      11       8      17
     18      21      10 
      9      16       2
          5      23 
--8<--
found: sum= 81.0000 var=  0.0000 fitness= 81.0000 age=0
-->8--
          9      14 
      3      24       1
      8      17      23 
 10      20       2       4
 12      13      22      19
     18       7      11 
      6      21      15
         16       5 
--8<--
found: sum= 82.0000 var=  0.0000 fitness= 82.0000 age=0
-->8--
          6      13 
     20      10      11
     23      14      22 
 17       9      12       1
  7       5      24       8
     21      18      15 
      3      19       2
         16       4 
--8<--
found: sum= 84.0000 var=  0.0000 fitness= 84.0000 age=0
-->8--
         11       3 
      1      23      17
     16      12      15 
  2      21      14       4
 10      13      19       8
     22       5      24 
      6      20       7
         18       9 
--8<--
found: sum= 82.0000 var=  0.0000 fitness= 82.0000 age=0
-->8--
          1      21 
     17      13       7
     16      12      15 
 11      23      14       2
  3       9      19      10
     20       5      22 
      6      24       4
         18       8 
--8<--
found: sum= 76.0000 var=  0.0000 fitness= 76.0000 age=0
-->8--
         15      24 
     20       5       9
     13       7      21 
 19      16      10      14
  2       3      22       8
     23      18       1 
     11      17      12
          4       6 
--8<--
found: sum= 81.0000 var=  0.0000 fitness= 81.0000 age=0
-->8--
          2      12 
     17      16       4
     24       7      20 
  1      15      22      19
 18      10       6       5
     13      21       9 
      3      23      14
         11       8 
--8<--
found: sum= 80.0000 var=  0.0000 fitness= 80.0000 age=0
-->8--
          4       2 
      6      17      12
     23      11      20 
  1      19      18      16
 22       8       3      14
      7      21       9 
     15      24      13
          5      10 
--8<--
found: sum= 80.0000 var=  0.0000 fitness= 80.0000 age=0
-->8--
         22       1 
     15       4      20
     12      14      24 
 11      13      17       8
 16      10       5       7
     18      21      19 
      6      23       3
          2       9 
--8<--
found: sum= 79.0000 var=  0.0000 fitness= 79.0000 age=0
-->8--
         16       2 
     12       1      21
     14      17      23 
  4      19      15       5
 10       8       7      18
     24      13      11 
      9      22      20
          3       6 
--8<--
found: sum= 78.0000 var=  0.0000 fitness= 78.0000 age=0
-->8--
          4      15 
      3      16      12
     14      24      10 
  5      17       1      20
 13       8      22       7
     21       6      18 
     23      11      19
          9       2 
--8<--
found: sum= 77.0000 var=  0.0000 fitness= 77.0000 age=0
-->8--
         23       2 
      5       7      17
     13      18      19 
 21      11      14       6
  1       9      15       3
     22      10      20 
      8       4      12
         24      16 
--8<--
found: sum= 81.0000 var=  0.0000 fitness= 81.0000 age=0
-->8--
         12       2 
     10      23       6
     20       9      24 
 16       7      17       1
  3      14      15      11
     21      19      13 
     18       4       8
          5      22 
--8<--
found: sum= 82.0000 var=  0.0000 fitness= 82.0000 age=0
-->8--
          8       3 
      1      14      22
     24      12      20 
  9      23      11      16
  6       2      15       7
     18      19      13 
      5      21       4
         17      10 
--8<--
found: sum= 79.0000 var=  0.0000 fitness= 79.0000 age=0
-->8--
          5       3 
     21       9      17
      2      24      20 
 11      18       6      14
 15      10      13       7
     23       8      19 
      4      22      16
         12       1 
--8<--
found: sum= 83.0000 var=  0.0000 fitness= 83.0000 age=0
-->8--
          5       4 
      7      14      16
     21      17      22 
  2      19      10      12
  8       9      15       1
     24      13      23 
     20      11      18
          6       3 
--8<--
found: sum= 82.0000 var=  0.0000 fitness= 82.0000 age=0
-->8--
          4      16 
     15      12       1
     21      23      24 
  5       7       6      14
 11      20      17       8
     18       9      13 
      3      22       2
         10      19 
--8<--
found: sum= 76.0000 var=  0.0000 fitness= 76.0000 age=0
-->8--
          6       4 
     17       5      15
     14      21      19 
 24      13      12       2
  8       1      22      18
     16       7       3 
      9      23      11
         20      10 
--8<--
found: sum= 81.0000 var=  0.0000 fitness= 81.0000 age=0
-->8--
          2      21 
     13       9       1
     18      20      23 
  6      19       7       4
 14       8      10      22
     16      17      15 
     11      24       3
          5      12 
--8<--
found: sum= 80.0000 var=  0.0000 fitness= 80.0000 age=0
-->8--
          1       6 
      8      22      14
     23       7      13 
 11      19      18       3
  2      16       5      20
      9      15      21 
      4      12      17
         24      10 
--8<--
found: sum= 79.0000 var=  0.0000 fitness= 79.0000 age=0
-->8--
         11       4 
      2      21      14
      3      18      17 
 12      24       5       6
 10       8      23      15
     22       1      13 
      9      19       7
         20      16 
--8<--
found: sum= 84.0000 var=  0.0000 fitness= 84.0000 age=0
-->8--
          1       2 
     13      24      16
     21       5      19 
  8      20      18       6
  9      15      12       7
     11      14      22 
     17      23      10
          4       3 
--8<--
found: sum= 81.0000 var=  0.0000 fitness= 81.0000 age=0
-->8--
          4       1 
     14      16      23
     20       5      21 
  2      22      15       7
 10       3      17       8
     24      19      13 
     18      11      12
          6       9 
--8<--
found: sum= 75.0000 var=  0.0000 fitness= 75.0000 age=0
-->8--
         10      17 
     14       5       1
     22      21      20 
 24       3      11      23
  8      12      15       2
      6      13       4 
     19      18       9
          7      16 
--8<--
found: sum= 77.0000 var=  0.0000 fitness= 77.0000 age=0
-->8--
         23      14 
     18       3      16
      5      11      20 
 22      17      13       1
  2      19       7      15
     12      10      21 
      4      24       6
          8       9 
--8<--
found: sum= 83.0000 var=  0.0000 fitness= 83.0000 age=0
-->8--
          7       3 
     19      16      13
     21       9      22 
  2      11      20       1
 10      24      14       8
     15       5      18 
      4      23       6
         12      17 
--8<--
found: sum= 82.0000 var=  0.0000 fitness= 82.0000 age=0
-->8--
          2      12 
     11       5       7
     23      24      21 
 10      17      13       8
  9       4       6      14
     19      18      20 
     16      22       1
          3      15 
--8<--
found: sum= 81.0000 var=  0.0000 fitness= 81.0000 age=0
-->8--
          4      24 
     19      18       9
     23       3      17 
  5      14      10      13
  2      22      12       8
     15      20      21 
      6      11       1
          7      16 
--8<--
found: sum= 83.0000 var=  0.0000 fitness= 83.0000 age=0
-->8--
         15      18 
      1      17       4
     22       7      23 
  8      21      14      11
  6       2      19       3
     24      20      13 
      9      16      10
         12       5 
--8<--
found: sum= 80.0000 var=  0.0000 fitness= 80.0000 age=0
-->8--
          1      13 
     16      18       8
     20      15      17 
 19      10       9       5
  3      21      23      12
      7       2      14 
     22      24      11
          4       6 
--8<--
found: sum= 79.0000 var=  0.0000 fitness= 79.0000 age=0
-->8--
          1      14 
     21      10       4
     11      20       9 
  5      16      22      19
 17       7       2       3
     23      12      24 
      6      18       8
         13      15 
--8<--
found: sum= 78.0000 var=  0.0000 fitness= 78.0000 age=0
-->8--
         18      12 
      3      20       7
      5       8      21 
 19      24      10      11
  2      13      14      16
     15       9       6 
      1      23       4
         17      22 
--8<--
found: sum= 80.0000 var=  0.0000 fitness= 80.0000 age=0
-->8--
         11       5 
     17      10       6
      8      22      24 
 19      12      13       1
 18       2      15       4
     21      16      23 
      7      14       9
         20       3 
--8<--
found: sum= 83.0000 var=  0.0000 fitness= 83.0000 age=0
-->8--
         11       7 
     17      18      16
     10      13      20 
  4      14       9       2
  8      23      19      12
     24       5      21 
      6      22       1
          3      15 
--8<--
found: sum= 85.0000 var=  0.0000 fitness= 85.0000 age=0
-->8--
          5      16 
     11      19       9
     24       8      20 
  6      18      13      14
  4      10      15       1
     23      21      22 
     12      17       7
          2       3 
--8<--
found: sum= 85.0000 var=  0.0000 fitness= 85.0000 age=0
-->8--
          1       6 
     15      20      11
     23      16      24 
 13      10       8       4
  5      12      18      14
     22      21      17 
      9      19       3
          2       7 
--8<--
found: sum= 79.0000 var=  0.0000 fitness= 79.0000 age=0
-->8--
          3       4 
     20      12      16
     24      15      10 
 19       5      22      11
  9      14      17       1
      8       6      18 
      7      23       2
         21      13 
--8<--
found: sum= 84.0000 var=  0.0000 fitness= 84.0000 age=0
-->8--
          1      19 
     11      18       9
     16      14      20 
  8      24       4       6
  2      13      17      15
     21      12      22 
     10      23       3
          5       7 
--8<--
found: sum= 82.0000 var=  0.0000 fitness= 82.0000 age=0
-->8--
          9      11 
     10      24       2
     21       3      19 
 17      15      23       4
  1      20       7      13
      8      14      16 
     12      22      18
          6       5 
--8<--
found: sum= 83.0000 var=  0.0000 fitness= 83.0000 age=0
-->8--
          3       4 
     14      16       6
     19      21      24 
  8      10      12       5
  9      22      17       2
     15       1      23 
     20      18      11
          7      13 
--8<--
found: sum= 77.0000 var=  0.0000 fitness= 77.0000 age=0
-->8--
          7      17 
     18       3      12
     13      14      23 
  1      22       8       9
 15      10       2      24
     16      21      11 
      5      19      20
          6       4 
--8<--
found: sum= 84.0000 var=  0.0000 fitness= 84.0000 age=0
-->8--
         16      19 
     10      17       1
     24       8      21 
  2       9      18       5
 12      22      13       7
     15      14      20 
      6      23       3
          4      11 
--8<--
found: sum= 83.0000 var=  0.0000 fitness= 83.0000 age=0
-->8--
          7       8 
      2      21       5
     24      12      23 
  6      17      14       4
 11       3      18      15
     22      19       9 
     10      16      20
         13       1 
--8<--
found: sum= 83.0000 var=  0.0000 fitness= 83.0000 age=0
-->8--
          4      17 
      9      12       2
     19      23      18 
 13      16      11       8
 10       5       7      15
     20      21      24 
     14      22       3
          1       6 
--8<--
found: sum= 78.0000 var=  0.0000 fitness= 78.0000 age=0
-->8--
          2       8 
     23      15      11
      7      12      22 
  6      19      10       3
 18       4      17       5
     24      16      21 
     13       1       9
         20      14 
--8<--
found: sum= 84.0000 var=  0.0000 fitness= 84.0000 age=0
-->8--
          6       3 
      4      23       2
     20      21      24 
 12      10      11       1
  8      18       7      19
     16      17      22 
      5      15       9
         13      14 
--8<--
found: sum= 79.0000 var=  0.0000 fitness= 79.0000 age=0
-->8--
          9       6 
     18      21      20
     16       7      15 
  1       8      10       4
 11      19      23      13
     24      12      14 
     17       5      22
          2       3 
--8<--
found: sum= 79.0000 var=  0.0000 fitness= 79.0000 age=0
-->8--
          1      17 
     24       4       6
     18      22      23 
 11      10       7       3
  9      16       5      20
     15      19      21 
      2      14       8
         13      12 
--8<--
found: sum= 83.0000 var=  0.0000 fitness= 83.0000 age=0
-->8--
          4       6 
     20      22       5
     18      12      24 
 13       7      14       8
  9      19      10      16
     17      21      11 
      1      23       3
          2      15 
--8<--
found: sum= 82.0000 var=  0.0000 fitness= 82.0000 age=0
-->8--
         17      15 
      1      22       2
     13       8      24 
 10      21      11      18
  3      12      14       6
     23      16       9 
      5      19      20
          7       4 
--8<--
found: sum= 81.0000 var=  0.0000 fitness= 81.0000 age=0
-->8--
          2       3 
      6      21      15
     18      10      23 
  5      24       9      12
 11       1      17      13
     22      20       7 
      8      14       4
         16      19 
--8<--
found: sum= 81.0000 var=  0.0000 fitness= 81.0000 age=0
-->8--
          7       6 
     20      14       3
     24      15      21 
 18       1      22       2
  5      23       9       8
     10      11      19 
      4      17      13
         16      12 
--8<--
found: sum= 82.0000 var=  0.0000 fitness= 82.0000 age=0
-->8--
          7      22 
     17      15       8
     13      14      19 
  1      16       4       6
 11      23      20      12
     18       5      21 
      3      24       2
          9      10 
--8<--
found: sum= 84.0000 var=  0.0000 fitness= 84.0000 age=0
-->8--
          4      15 
      6      18       3
     22      14      21 
 10      20      13       1
  7       2      16       9
     23      19      24 
     17      12       5
         11       8 
--8<--
found: sum= 84.0000 var=  0.0000 fitness= 84.0000 age=0
-->8--
          5      14 
      7      13       4
     22      19      23 
  2      18      11       1
 10       8      12      20
     24      16      17 
      6      21      15
          9       3 
--8<--
found: sum= 84.0000 var=  0.0000 fitness= 84.0000 age=0
-->8--
          3       4 
      8      19      13
     23      10      22 
  5      21      16       2
  1      14      17      15
     20       6      12 
     11      24      18
          9       7 
--8<--
found: sum= 81.0000 var=  0.0000 fitness= 81.0000 age=0
-->8--
          3      19 
     20      24      12
     17       2      10 
  8      15      14       6
  1      18      21       7
     22      11      23 
     16       9      13
          5       4 
--8<--
found: sum= 84.0000 var=  0.0000 fitness= 84.0000 age=0
-->8--
         10       6 
      4      18      19
     16      12      20 
  5      24       9       1
  7      11      15      17
     21      13      22 
     14      23       3
          2       8 
--8<--
found: sum= 79.0000 var=  0.0000 fitness= 79.0000 age=0
-->8--
          4      19 
      3      15       2
     23      24      11 
  5      10       8      20
 16       7      17       1
     18      13      22 
     14       6      12
         21       9 
--8<--
found: sum= 78.0000 var=  0.0000 fitness= 78.0000 age=0
-->8--
         15      19 
      4      18       7
     24       6      20 
 23      11       8       2
  1      10      22      12
      9      21      14 
     17       5      13
         16       3 
--8<--
found: sum= 79.0000 var=  0.0000 fitness= 79.0000 age=0
-->8--
         13      24 
     20       4      19
     23       1      14 
  6      18      17       8
  5      16      15       3
     11      12      22 
      9      21       2
         10       7 
--8<--
execution time: real 0.670666s user 0.659899s sys 0.000999s
GA: P=1024 K=512 sp=2 xover=2D/1 aging
generation #7: pop m= 82.337 v=0.196 f= 80.337
best: found: sum= 85.0000 var=  0.0000 fitness= 85.0000 age=1
-->8--
          5      16 
     11      19       9
     24       8      20 
  6      18      13      14
  4      10      15       1
     23      21      22 
     12      17       7
          2       3 
--8<--
found: sum= 84.0000 var=  0.0000 fitness= 84.0000 age=1
-->8--
         16      19 
     10      17       1
     24       8      21 
  2       9      18       5
 12      22      13       7
     15      14      20 
      6      23       3
          4      11 
--8<--
found: sum= 83.0000 var=  0.0000 fitness= 83.0000 age=6
-->8--
          4      17 
      3      16       7
     22      15      20 
 13      23       8       6
  2       9      18      12
     14      10      19 
     21      24       1
          5      11 
--8<--
found: sum= 82.0000 var=  0.0000 fitness= 82.0000 age=3
-->8--
          4       6 
      5      11       7
     21      22      24 
  2      19      12      10
 16       1      20       3
     23       8      13 
     17      18      14
         15       9 
--8<--
found: sum= 83.0000 var=  0.0000 fitness= 83.0000 age=1
-->8--
          4       6 
     20      22       5
     18      12      24 
 13       7      14       8
  9      19      10      16
     17      21      11 
      1      23       3
          2      15 
--8<--
found: sum= 80.0000 var=  0.0000 fitness= 80.0000 age=3
-->8--
          7       8 
     14      24       3
     10      12      16 
 20      13      17       4
  9      22       1      19
      6      15      23 
      5      21       2
         11      18 
--8<--
found: sum= 83.0000 var=  0.0000 fitness= 83.0000 age=3
-->8--
          7       1 
      2      16      11
     22      17      23 
 12      19      15      13
  3      18       6       5
      9       8      21 
      4      24      10
         20      14 
--8<--
found: sum= 84.0000 var=  0.0000 fitness= 84.0000 age=1
-->8--
          6       3 
      4      23       2
     20      21      24 
 12      10      11       1
  8      18       7      19
     16      17      22 
      5      15       9
         13      14 
--8<--
found: sum= 80.0000 var=  0.0000 fitness= 80.0000 age=3
-->8--
         15      23 
      1      22       3
     21      10      14 
 18      11       8      17
  5      19      12      16
      6      20      13 
      2      24       7
          9       4 
--8<--
found: sum= 83.0000 var=  0.0000 fitness= 83.0000 age=3
-->8--
          1       2 
     15      14      21
     24      10      23 
  8      19      13       4
  5       7      22       3
     20      12      18 
     17      16       9
         11       6 
--8<--
found: sum= 83.0000 var=  0.0000 fitness= 83.0000 age=1
-->8--
          3       4 
     14      16       6
     19      21      24 
  8      10      12       5
  9      22      17       2
     15       1      23 
     20      18      11
          7      13 
--8<--
found: sum= 83.0000 var=  0.0000 fitness= 83.0000 age=2
-->8--
          7       3 
     19      16      13
     21       9      22 
  2      11      20       1
 10      24      14       8
     15       5      18 
      4      23       6
         12      17 
--8<--
found: sum= 80.0000 var=  0.0000 fitness= 80.0000 age=3
-->8--
         13       4 
      5      15       6
     19      17      20 
  7      11      18       3
 12      10      22      16
     21       2       1 
     14      24      23
          9       8 
--8<--
found: sum= 79.0000 var=  0.0000 fitness= 79.0000 age=1
-->8--
          1      14 
     21      10       4
     11      20       9 
  5      16      22      19
 17       7       2       3
     23      12      24 
      6      18       8
         13      15 
--8<--
found: sum= 83.0000 var=  0.0000 fitness= 83.0000 age=4
-->8--
          1       3 
      4      21      20
     24      17      13 
  2      16       9       6
  7      11      18      22
     23      12      15 
      8      19       5
         10      14 
--8<--
found: sum= 80.0000 var=  0.0000 fitness= 80.0000 age=2
-->8--
          4       2 
      6      17      12
     23      11      20 
  1      19      18      16
 22       8       3      14
      7      21       9 
     15      24      13
          5      10 
--8<--
found: sum= 80.0000 var=  0.0000 fitness= 80.0000 age=5
-->8--
          7       5 
      2      13      12
     24      20      21 
  3      14       9      10
 17       4      11       6
     18      22      23 
     16       1       8
         19      15 
--8<--
found: sum= 81.0000 var=  0.0000 fitness= 81.0000 age=3
-->8--
          4      23 
     11      14       5
     24      13       8 
  7      15      18      16
  9       6      19       3
     20      10      17 
      2      22       1
         21      12 
--8<--
found: sum= 83.0000 var=  0.0000 fitness= 83.0000 age=1
-->8--
          7       8 
      2      21       5
     24      12      23 
  6      17      14       4
 11       3      18      15
     22      19       9 
     10      16      20
         13       1 
--8<--
found: sum= 83.0000 var=  0.0000 fitness= 83.0000 age=2
-->8--
          5       4 
      7      14      16
     21      17      22 
  2      19      10      12
  8       9      15       1
     24      13      23 
     20      11      18
          6       3 
--8<--
found: sum= 80.0000 var=  0.0000 fitness= 80.0000 age=7
-->8--
         11      10 
      3      23      22
     24       5      13 
  6      14       7       4
  1      20      18      21
     15      16      17 
     19       8       9
          2      12 
--8<--
found: sum= 80.0000 var=  0.0000 fitness= 80.0000 age=7
-->8--
          2      14 
      4      15      13
     24      17       9 
 11      18      12       7
  1       6      19      23
     20       8      10 
      3      22       5
         21      16 
--8<--
found: sum= 78.0000 var=  0.0000 fitness= 78.0000 age=1
-->8--
         15      19 
      4      18       7
     24       6      20 
 23      11       8       2
  1      10      22      12
      9      21      14 
     17       5      13
         16       3 
--8<--
found: sum= 82.0000 var=  0.0000 fitness= 82.0000 age=4
-->8--
          2      12 
     18       6      13
     17      16      24 
  9      23      11       8
  1      10      15       4
     22       7      20 
     19      21       5
          3      14 
--8<--
found: sum= 80.0000 var=  0.0000 fitness= 80.0000 age=2
-->8--
         22       1 
     15       4      20
     12      14      24 
 11      13      17       8
 16      10       5       7
     18      21      19 
      6      23       3
          2       9 
--8<--
found: sum= 82.0000 var=  0.0000 fitness= 82.0000 age=2
-->8--
          8       3 
      1      14      22
     24      12      20 
  9      23      11      16
  6       2      15       7
     18      19      13 
      5      21       4
         17      10 
--8<--
found: sum= 84.0000 var=  0.0000 fitness= 84.0000 age=1
-->8--
          5      14 
      7      13       4
     22      19      23 
  2      18      11       1
 10       8      12      20
     24      16      17 
      6      21      15
          9       3 
--8<--
found: sum= 77.0000 var=  0.0000 fitness= 77.0000 age=1
-->8--
          7      17 
     18       3      12
     13      14      23 
  1      22       8       9
 15      10       2      24
     16      21      11 
      5      19      20
          6       4 
--8<--
found: sum= 81.0000 var=  0.0000 fitness= 81.0000 age=3
-->8--
          2      16 
     12      20      10
      8      18      14 
  6      21       3       5
 13       9      23      19
     24       7      17 
      4      22       1
         15      11 
--8<--
found: sum= 84.0000 var=  0.0000 fitness= 84.0000 age=1
-->8--
          1      19 
     11      18       9
     16      14      20 
  8      24       4       6
  2      13      17      15
     21      12      22 
     10      23       3
          5       7 
--8<--
found: sum= 82.0000 var=  0.0000 fitness= 82.0000 age=2
-->8--
          2      12 
     11       5       7
     23      24      21 
 10      17      13       8
  9       4       6      14
     19      18      20 
     16      22       1
          3      15 
--8<--
found: sum= 84.0000 var=  0.0000 fitness= 84.0000 age=1
-->8--
          4      15 
      6      18       3
     22      14      21 
 10      20      13       1
  7       2      16       9
     23      19      24 
     17      12       5
         11       8 
--8<--
found: sum= 81.0000 var=  0.0000 fitness= 81.0000 age=6
-->8--
          1      18 
     20      12       3
     19      15      16 
  4      14      17       9
 23       8       5      10
     13      22      24 
      6      21       2
         11       7 
--8<--
found: sum= 82.0000 var=  0.0000 fitness= 82.0000 age=2
-->8--
          4      16 
     15      12       1
     21      23      24 
  5       7       6      14
 11      20      17       8
     18       9      13 
      3      22       2
         10      19 
--8<--
found: sum= 79.0000 var=  0.0000 fitness= 79.0000 age=1
-->8--
          3       4 
     20      12      16
     24      15      10 
 19       5      22      11
  9      14      17       1
      8       6      18 
      7      23       2
         21      13 
--8<--
found: sum= 84.0000 var=  0.0000 fitness= 84.0000 age=3
-->8--
         11      10 
      9      17      14
     21       3      22 
  1      23      18       4
 13       6      19       5
     20      15      16 
      7      24       2
         12       8 
--8<--
found: sum= 80.0000 var=  0.0000 fitness= 80.0000 age=4
-->8--
          6      17 
      4      12       1
     20      22      19 
  3      16       9       2
 10      13      15      11
     18       5      24 
     14       7       8
         23      21 
--8<--
found: sum= 83.0000 var=  0.0000 fitness= 83.0000 age=2
-->8--
         15      18 
      1      17       4
     22       7      23 
  8      21      14      11
  6       2      19       3
     24      20      13 
      9      16      10
         12       5 
--8<--
found: sum= 81.0000 var=  0.0000 fitness= 81.0000 age=3
-->8--
         16       9 
      3      10      13
     22      23      20 
 18       7       6      15
  1      21      19       4
     12       5      17 
     11      24       2
          8      14 
--8<--
found: sum= 82.0000 var=  0.0000 fitness= 82.0000 age=1
-->8--
          7      22 
     17      15       8
     13      14      19 
  1      16       4       6
 11      23      20      12
     18       5      21 
      3      24       2
          9      10 
--8<--
found: sum= 80.0000 var=  0.0000 fitness= 80.0000 age=2
-->8--
          1       7 
     24      14       3
     20      15      22 
 13       6      19       4
 12      11       8      17
     18      21      10 
      9      16       2
          5      23 
--8<--
found: sum= 82.0000 var=  0.0000 fitness= 82.0000 age=1
-->8--
         17      15 
      1      22       2
     13       8      24 
 10      21      11      18
  3      12      14       6
     23      16       9 
      5      19      20
          7       4 
--8<--
found: sum= 81.0000 var=  0.0000 fitness= 81.0000 age=2
-->8--
          4       9 
     12      23       3
     19      17      18 
  1       6      11       2
 16      15      22      21
     24      10       7 
     13      14       8
          5      20 
--8<--
found: sum= 79.0000 var=  0.0000 fitness= 79.0000 age=1
-->8--
          9       6 
     18      21      20
     16       7      15 
  1       8      10       4
 11      19      23      13
     24      12      14 
     17       5      22
          2       3 
--8<--
found: sum= 79.0000 var=  0.0000 fitness= 79.0000 age=1
-->8--
          4      19 
      3      15       2
     23      24      11 
  5      10       8      20
 16       7      17       1
     18      13      22 
     14       6      12
         21       9 
--8<--
found: sum= 80.0000 var=  0.0000 fitness= 80.0000 age=5
-->8--
          9       2 
      1      13      21
     18      16      24 
  6      23       4       3
 10      12       8      22
     11      17      19 
      5      15      14
         20       7 
--8<--
found: sum= 81.0000 var=  0.0000 fitness= 81.0000 age=4
-->8--
          3      14 
     11       7      13
     24      21      16 
  1      15      10      20
  5      19       4       8
     17      12      23 
      6      18      22
          9       2 
--8<--
found: sum= 82.0000 var=  0.0000 fitness= 82.0000 age=6
-->8--
          1       2 
     16      14      15
     22       8      24 
 13      21      19      11
  3       5       6      10
     18      23      12 
      7      20       4
          9      17 
--8<--
found: sum= 82.0000 var=  0.0000 fitness= 82.0000 age=4
-->8--
          2      20 
      8      21       3
     24      14      23 
 10      13       1      18
  9      15      17       4
     11      22      19 
      6      12       5
         16       7 
--8<--
found: sum= 80.0000 var=  0.0000 fitness= 80.0000 age=3
-->8--
         10      12 
      2      24       9
     20      21      13 
  6       3       1      19
 11      18      23       8
     22      14      16 
     17       5       7
          4      15 
--8<--
found: sum= 82.0000 var=  0.0000 fitness= 82.0000 age=2
-->8--
          6      13 
     20      10      11
     23      14      22 
 17       9      12       1
  7       5      24       8
     21      18      15 
      3      19       2
         16       4 
--8<--
found: sum= 79.0000 var=  0.0000 fitness= 79.0000 age=1
-->8--
          1      17 
     24       4       6
     18      22      23 
 11      10       7       3
  9      16       5      20
     15      19      21 
      2      14       8
         13      12 
--8<--
found: sum= 81.0000 var=  0.0000 fitness= 81.0000 age=3
-->8--
          4      15 
      6      10      12
     21      18      19 
 14      22       7      13
  5      11       3      16
      8      20      23 
      1      24       2
         17       9 
--8<--
found: sum= 81.0000 var=  0.0000 fitness= 81.0000 age=2
-->8--
          4      24 
     19      18       9
     23       3      17 
  5      14      10      13
  2      22      12       8
     15      20      21 
      6      11       1
          7      16 
--8<--
found: sum= 80.0000 var=  0.0000 fitness= 80.0000 age=6
-->8--
          5       7 
     23      22      17
     15       9      13 
 11       6      12       8
  3      21      18      19
     24      14      10 
      4      16      20
          1       2 
--8<--
found: sum= 80.0000 var=  0.0000 fitness= 80.0000 age=5
-->8--
          1       2 
     15      19      10
     13      11      24 
 12      21      14      18
  5      22       3       4
      7       9      17 
      6      20       8
         16      23 
--8<--
found: sum= 80.0000 var=  0.0000 fitness= 80.0000 age=4
-->8--
          8       2 
     12      16      10
     24      17      22 
  1       3      13       4
 23      18      20      15
     11       9       6 
     14      21       5
          7      19 
--8<--
found: sum= 81.0000 var=  0.0000 fitness= 81.0000 age=2
-->8--
         12       2 
     10      23       6
     20       9      24 
 16       7      17       1
  3      14      15      11
     21      19      13 
     18       4       8
          5      22 
--8<--
found: sum= 80.0000 var=  0.0000 fitness= 80.0000 age=4
-->8--
          8       5 
     18      21      16
     14      10      15 
  1       9      13       6
 12      20      17       7
     24      11      22 
     19       4      23
          2       3 
--8<--
found: sum= 84.0000 var=  0.0000 fitness= 84.0000 age=1
-->8--
          3       4 
      8      19      13
     23      10      22 
  5      21      16       2
  1      14      17      15
     20       6      12 
     11      24      18
          9       7 
--8<--
found: sum= 83.0000 var=  0.0000 fitness= 83.0000 age=1
-->8--
         11       7 
     17      18      16
     10      13      20 
  4      14       9       2
  8      23      19      12
     24       5      21 
      6      22       1
          3      15 
--8<--
found: sum= 81.0000 var=  0.0000 fitness= 81.0000 age=2
-->8--
          4       1 
     14      16      23
     20       5      21 
  2      22      15       7
 10       3      17       8
     24      19      13 
     18      11      12
          6       9 
--8<--
found: sum= 84.0000 var=  0.0000 fitness= 84.0000 age=5
-->8--
          6       5 
      4      23       3
     24      16      18 
  2      11      19       1
 10      17       9      15
     20      12      22 
     14      13       7
          8      21 
--8<--
found: sum= 80.0000 var=  0.0000 fitness= 80.0000 age=1
-->8--
         11       5 
     17      10       6
      8      22      24 
 19      12      13       1
 18       2      15       4
     21      16      23 
      7      14       9
         20       3 
--8<--
found: sum= 81.0000 var=  0.0000 fitness= 81.0000 age=2
-->8--
          2      21 
     13       9       1
     18      20      23 
  6      19       7       4
 14       8      10      22
     16      17      15 
     11      24       3
          5      12 
--8<--
found: sum= 80.0000 var=  0.0000 fitness= 80.0000 age=7
-->8--
         13       3 
      1      22       2
     17      21      23 
 18       6       9      24
  7      20       5       4
     12      19      15 
      8      11      14
         10      16 
--8<--
found: sum= 84.0000 var=  0.0000 fitness= 84.0000 age=2
-->8--
         11       3 
      1      23      17
     16      12      15 
  2      21      14       4
 10      13      19       8
     22       5      24 
      6      20       7
         18       9 
--8<--
found: sum= 81.0000 var=  0.0000 fitness= 81.0000 age=3
-->8--
         16       3 
     12      21       6
     10      18      22 
 23       4      11       5
  1      24      15       8
     19       9      20 
     14      13      17
          2       7 
--8<--
found: sum= 78.0000 var=  0.0000 fitness= 78.0000 age=1
-->8--
         18      12 
      3      20       7
      5       8      21 
 19      24      10      11
  2      13      14      16
     15       9       6 
      1      23       4
         17      22 
--8<--
found: sum= 80.0000 var=  0.0000 fitness= 80.0000 age=3
-->8--
          2       3 
     10      21      15
     24      16      13 
 19       7      12       1
  9       4      23      11
     17      18      20 
     22       5       6
         14       8 
--8<--
found: sum= 81.0000 var=  0.0000 fitness= 81.0000 age=2
-->8--
          9      14 
      3      24       1
      8      17      23 
 10      20       2       4
 12      13      22      19
     18       7      11 
      6      21      15
         16       5 
--8<--
found: sum= 83.0000 var=  0.0000 fitness= 83.0000 age=4
-->8--
          3      13 
     18      20       2
     12      19      23 
  7      11       6       5
 10      21      17       8
     22       9      24 
     16      14       4
          1      15 
--8<--
found: sum= 82.0000 var=  0.0000 fitness= 82.0000 age=4
-->8--
         13       6 
      5      15      21
     18      14      19 
 12      17       7       1
  4      20      22      10
     11       2      23 
      9      24       3
         16       8 
--8<--
found: sum= 84.0000 var=  0.0000 fitness= 84.0000 age=3
-->8--
          5      13 
      7      16      10
     24      15      22 
  3      17       8      19
 11       6      20       1
     23      18      14 
     12      21       2
          4       9 
--8<--
found: sum= 80.0000 var=  0.0000 fitness= 80.0000 age=3
-->8--
          1       3 
     23       5      22
     21      20      17 
  2      10      13       7
 11      12      19       9
     24       6      15 
     16      18      14
          4       8 
--8<--
found: sum= 82.0000 var=  0.0000 fitness= 82.0000 age=5
-->8--
         17      13 
      1      19      18
     24       5      15 
  4      16      12       3
 10       6      20      11
     22      23      21 
     14       9       2
          8       7 
--8<--
found: sum= 82.0000 var=  0.0000 fitness= 82.0000 age=3
-->8--
          4       5 
     19      23       3
     18      12      15 
  9       6      24       1
  7      22      10      11
     20       8      21 
     17      13      16
          2      14 
--8<--
found: sum= 80.0000 var=  0.0000 fitness= 80.0000 age=6
-->8--
         24       4 
     19      15      10
      8      13      22 
 11       1      16       3
 17      23      18       7
     20       9      14 
      2      21       6
          5      12 
--8<--
found: sum= 80.0000 var=  0.0000 fitness= 80.0000 age=4
-->8--
          8       9 
     11      14      19
     22      13      24 
  3      12       1      18
 20      16      21       6
      7      17      10 
     15      23       4
          2       5 
--8<--
found: sum= 82.0000 var=  0.0000 fitness= 82.0000 age=2
-->8--
          1      21 
     17      13       7
     16      12      15 
 11      23      14       2
  3       9      19      10
     20       5      22 
      6      24       4
         18       8 
--8<--
found: sum= 81.0000 var=  0.0000 fitness= 81.0000 age=3
-->8--
          4      16 
     17      24       9
     23       6       8 
  5       7      18       3
 14      19      10      20
     13      21      22 
     11      15       1
          2      12 
--8<--
found: sum= 84.0000 var=  0.0000 fitness= 84.0000 age=2
-->8--
          1       2 
     13      24      16
     21       5      19 
  8      20      18       6
  9      15      12       7
     11      14      22 
     17      23      10
          4       3 
--8<--
found: sum= 83.0000 var=  0.0000 fitness= 83.0000 age=3
-->8--
          7       1 
     12      22      16
     13       5      19 
  9      24      20      11
  6      14       2      10
     17      18      21 
      8      23       4
          3      15 
--8<--
found: sum= 81.0000 var=  0.0000 fitness= 81.0000 age=3
-->8--
          4      10 
     23      18      17
     22       8      16 
 13       6      12      11
  1      19      15       3
     20      21      24 
     14       5       7
          2       9 
--8<--
found: sum= 80.0000 var=  0.0000 fitness= 80.0000 age=3
-->8--
          1       2 
      5      19      17
     24      21      18 
 20      10       3      16
  7      15       9      11
      4      22      23 
     13      12       8
         14       6 
--8<--
found: sum= 80.0000 var=  0.0000 fitness= 80.0000 age=3
-->8--
          1       9 
     11      10      12
     15      20      22 
 14      23       7      24
  4       6       3       5
     18      21      19 
     17      16      13
          2       8 
--8<--
found: sum= 82.0000 var=  0.0000 fitness= 82.0000 age=3
-->8--
         13      12 
      4      22       8
     24       2      15 
  3      17      23       7
 11       6      14       5
     21      20      18 
     16      10      19
          9       1 
--8<--
found: sum= 82.0000 var=  0.0000 fitness= 82.0000 age=5
-->8--
          5       6 
     11      19       1
     14      15      24 
  7      18      17      13
  9      12       4       3
     22      16      21 
      2      10      23
         20       8 
--8<--
found: sum= 82.0000 var=  0.0000 fitness= 82.0000 age=1
-->8--
          9      11 
     10      24       2
     21       3      19 
 17      15      23       4
  1      20       7      13
      8      14      16 
     12      22      18
          6       5 
--8<--
found: sum= 80.0000 var=  0.0000 fitness= 80.0000 age=5
-->8--
          4       6 
      2      22      12
     20      21       5 
  7      11      14       8
  3      23      10      24
     16       1      19 
      9      18      17
         13      15 
--8<--
found: sum= 85.0000 var=  0.0000 fitness= 85.0000 age=1
-->8--
          1       6 
     15      20      11
     23      16      24 
 13      10       8       4
  5      12      18      14
     22      21      17 
      9      19       3
          2       7 
--8<--
found: sum= 81.0000 var=  0.0000 fitness= 81.0000 age=2
-->8--
          2      12 
     17      16       4
     24       7      20 
  1      15      22      19
 18      10       6       5
     13      21       9 
      3      23      14
         11       8 
--8<--
found: sum= 81.0000 var=  0.0000 fitness= 81.0000 age=3
-->8--
          9      21 
      2      13       1
     22      24      16 
  5      11       6      20
  8      18      15      10
     17       7      14 
      4      23      19
         12       3 
--8<--
found: sum= 83.0000 var=  0.0000 fitness= 83.0000 age=1
-->8--
          4      17 
      9      12       2
     19      23      18 
 13      16      11       8
 10       5       7      15
     20      21      24 
     14      22       3
          1       6 
--8<--
found: sum= 84.0000 var=  0.0000 fitness= 84.0000 age=4
-->8--
          5      10 
     16      20      14
     24       4      19 
  1      15      17       6
  9      22      18       3
     13       8      21 
      7      23       2
         11      12 
--8<--
found: sum= 83.0000 var=  0.0000 fitness= 83.0000 age=4
-->8--
         17      11 
      2      21       7
     24      16      19 
 10       3       9      13
  4      22      18       1
     20      15      23 
     12       8       5
          6      14 
--8<--
found: sum= 80.0000 var=  0.0000 fitness= 80.0000 age=5
-->8--
          2       6 
     15      14       7
      9      19      24 
 22      21      10       4
 11       5       8      16
     12      17      18 
      3      23       1
         20      13 
--8<--
found: sum= 82.0000 var=  0.0000 fitness= 82.0000 age=5
-->8--
          7      10 
      5      23       2
     13      14      22 
  3      20      11      17
 16      21      12       1
      9       4      19 
     18      24       8
          6      15 
--8<--
found: sum= 80.0000 var=  0.0000 fitness= 80.0000 age=2
-->8--
          1       6 
      8      22      14
     23       7      13 
 11      19      18       3
  2      16       5      20
      9      15      21 
      4      12      17
         24      10 
--8<--
found: sum= 81.0000 var=  0.0000 fitness= 81.0000 age=6
-->8--
         13       6 
      4      24       3
     22      16      23 
 17       2       9       1
  5      21      18      20
     14      15      10 
      8      12       7
         11      19 
--8<--
found: sum= 80.0000 var=  0.0000 fitness= 80.0000 age=2
-->8--
          9      14 
      2      19       7
      5      21      15 
 11      24       4      20
 12       6      17       1
     22       8      23 
     10      16      13
         18       3 
--8<--
found: sum= 81.0000 var=  0.0000 fitness= 81.0000 age=1
-->8--
          7       6 
     20      14       3
     24      15      21 
 18       1      22       2
  5      23       9       8
     10      11      19 
      4      17      13
         16      12 
--8<--
found: sum= 81.0000 var=  0.0000 fitness= 81.0000 age=5
-->8--
          4       1 
      2      21       9
     24      20      12 
 14      10      18      13
  3      19       6      17
     11       8      15 
     16      22      23
          5       7 
--8<--
found: sum= 80.0000 var=  0.0000 fitness= 80.0000 age=7
-->8--
          3      10 
     21      17      14
     12       8      18 
 24      19      13       7
  2       1      16      15
     22      23      11 
      5      20       4
          9       6 
--8<--
found: sum= 80.0000 var=  0.0000 fitness= 80.0000 age=2
-->8--
          1      13 
     16      18       8
     20      15      17 
 19      10       9       5
  3      21      23      12
      7       2      14 
     22      24      11
          4       6 
--8<--
found: sum= 84.0000 var=  0.0000 fitness= 84.0000 age=1
-->8--
         10       6 
      4      18      19
     16      12      20 
  5      24       9       1
  7      11      15      17
     21      13      22 
     14      23       3
          2       8 
--8<--
found: sum= 81.0000 var=  0.0000 fitness= 81.0000 age=1
-->8--
          3      19 
     20      24      12
     17       2      10 
  8      15      14       6
  1      18      21       7
     22      11      23 
     16       9      13
          5       4 
--8<--
found: sum= 81.0000 var=  0.0000 fitness= 81.0000 age=7
-->8--
          8      11 
      2      12       5
     22      14      15 
  9      23      24      10
  7       3       1      13
     17      16      18 
     20      21      19
          4       6 
--8<--
found: sum= 82.0000 var=  0.0000 fitness= 82.0000 age=4
-->8--
         14      16 
      2      17      13
     24       5      23 
  4      20       8       6
  3      12      15      21
     19      22       9 
      1      18      11
         10       7 
--8<--
found: sum= 78.0000 var=  0.0000 fitness= 78.0000 age=1
-->8--
          2       8 
     23      15      11
      7      12      22 
  6      19      10       3
 18       4      17       5
     24      16      21 
     13       1       9
         20      14 
--8<--
found: sum= 79.0000 var=  0.0000 fitness= 79.0000 age=1
-->8--
         13      24 
     20       4      19
     23       1      14 
  6      18      17       8
  5      16      15       3
     11      12      22 
      9      21       2
         10       7 
--8<--
found: sum= 81.0000 var=  0.0000 fitness= 81.0000 age=1
-->8--
          2       3 
      6      21      15
     18      10      23 
  5      24       9      12
 11       1      17      13
     22      20       7 
      8      14       4
         16      19 
--8<--
