found: sum= 75.0000 var=  0.0000 fitness= 75.0000
-->8--
         19      14 
     23      10      15
     12       3      24 
 18       8       9      13
  1      16      17       5
     20      22       7 
      4       2      21
         11       6 
--8<--
found: sum= 81.0000 var=  0.0000 fitness= 81.0000
-->8--
         16      23 
      9      10       5
     24       1      22 
  4      21      20       3
  2      13       7      15
     17      19      14 
      8      18      11
          6      12 
--8<--
found: sum= 76.0000 var=  0.0000 fitness= 76.0000
-->8--
         11       4 
      8      24      23
     22      10       3 
 15       1      12      17
  5      13      21      14
     20      19       9 
     16       2      18
          6       7 
--8<--
execution time: real 0.008291s user 0.007998s sys 0.000999s
GA: P=50 K=10 sp=2 xover=2D/1 optrpl=2 optskip=10 optmax=1.142857
generation #0: pop m= 74.891 v= 56.883 f= 50.144 best_age=0
best: found: sum= 81.0000 var=  0.0000 fitness= 81.0000
-->8--
         16      23 
      9      10       5
     24       1      22 
  4      21      20       3
  2      13       7      15
     17      19      14 
      8      18      11
          6      12 
--8<--
found: sum= 75.0000 var=  0.0000 fitness= 75.0000
-->8--
         19      14 
     23      10      15
     12       3      24 
 18       8       9      13
  1      16      17       5
     20      22       7 
      4       2      21
         11       6 
--8<--
found: sum= 76.0000 var=  0.0000 fitness= 76.0000
-->8--
         11       4 
      8      24      23
     22      10       3 
 15       1      12      17
  5      13      21      14
     20      19       9 
     16       2      18
          6       7 
--8<--
