found: sum= 79.0000 var=  0.0000 fitness= 79.0000
-->8--
          6      19 
      3      21      11
     24      17      10 
 13       8       1      12
  9      23      14      22
      2      16      20 
     15      18       7
          5       4 
--8<--
found: sum= 77.0000 var=  0.0000 fitness= 77.0000
-->8--
          1       8 
     18      15      17
     19      11       5 
  4      13      21      22
 20       9      16       3
     12       7      10 
      2      24       6
         23      14 
--8<--
found: sum= 77.0000 var=  0.0000 fitness= 77.0000
-->8--
          1      10 
     16      14      15
     19      18      17 
  6       9       3       2
 12      11      23      24
     20      13       8 
     22       7      21
          4       5 
--8<--
found: sum= 75.0000 var=  0.0000 fitness= 75.0000
-->8--
         15      19 
      6      13       4
      8      22      14 
  7      11       3      10
 16      21       1      24
     12      17      23 
     18       5      20
          2       9 
--8<--
found: sum= 80.0000 var=  0.0000 fitness= 80.0000
-->8--
         18      21 
      3      14       2
     22      11      24 
  4      12       8      13
  9      10      19      15
     23      20       1 
      5      16      17
          6       7 
--8<--
found: sum= 78.0000 var=  0.0000 fitness= 78.0000
-->8--
         22       1 
     18       8      21
      4      12      16 
  9      14      20      10
 19      17       2       7
     15      13      23 
      6      24       5
          3      11 
--8<--
found: sum= 80.0000 var=  0.0000 fitness= 80.0000
-->8--
          7      13 
      4      16       9
     18      20      17 
 22      15       5      19
  3      10      24       1
     12       6      14 
     21      23      11
          8       2 
--8<--
found: sum= 85.0000 var=  0.0000 fitness= 85.0000
-->8--
          5       3 
      7      24      16
     22      14      17 
  9      13      11      12
  1      19      20       2
     21       8      23 
      4      18       6
         15      10 
--8<--
execution time: real 3.868434s user 0.063990s sys 0.160975s
GA: P=50 K=10 sp=2 xover=2D/1 optrpl=2 optskip=10 optmax=1.142857
generation #16050: pop m= 78.174 v=101.174 f= 35.509 best_age=1
best: found: sum= 85.0000 var=  0.0000 fitness= 85.0000
-->8--
          5       3 
      7      24      16
     22      14      17 
  9      13      11      12
  1      19      20       2
     21       8      23 
      4      18       6
         15      10 
--8<--
