found: sum= 76.0000 var=  0.0000 fitness= 76.0000
-->8--
         23       9 
     13      15      20
     11       6      12 
 16       8      14      10
  1      22       2      17
     18      24      21 
      5       3       7
          4      19 
--8<--
found: sum= 79.0000 var=  0.0000 fitness= 79.0000
-->8--
          3      16 
      5       7       4
     17      23      19 
  2      24      10      20
  6       8       1      11
     22      13      18 
     15      12      14
          9      21 
--8<--
found: sum= 69.0000 var=  0.0000 fitness= 69.0000
-->8--
         12      20 
     24       2      15
     11      13       1 
 19       7      18      23
 21       6       3       8
      5      22      16 
      9      10      14
         17       4 
--8<--
found: sum= 74.0000 var=  0.0000 fitness= 74.0000
-->8--
         22       4 
     10       9      24
     14       1      19 
  6      18      17      13
  8       5      12      11
     23      21       2 
     15       3      16
          7      20 
--8<--
found: sum= 78.0000 var=  0.0000 fitness= 78.0000
-->8--
          6       9 
      8      15       1
      2      24      17 
 19      23      12      16
  3      10       4       7
     21       5      22 
     11      13      14
         18      20 
--8<--
found: sum= 74.0000 var=  0.0000 fitness= 74.0000
-->8--
          4      13 
     14      20       7
      3      16      12 
 24      17       6      22
 10       5      11      21
     15      19       2 
      9      18      23
          8       1 
--8<--
found: sum= 78.0000 var=  0.0000 fitness= 78.0000
-->8--
          5       9 
      7      22      23
     24       1       2 
  3      19      21      14
  4      13      18      12
     15       6      11 
      8      16      17
         20      10 
--8<--
found: sum= 78.0000 var=  0.0000 fitness= 78.0000
-->8--
         12      16 
     19       1      13
     20      11      23 
 10      15      14      22
  7       9       8       6
     17      21       5 
      4      24      18
          3       2 
--8<--
found: sum= 77.0000 var=  0.0000 fitness= 77.0000
-->8--
          9      10 
      4       2      18
     24      21      19 
  3      17       7       8
 22       5      16      13
      6      11      14 
     12      20       1
         23      15 
--8<--
found: sum= 81.0000 var=  0.0000 fitness= 81.0000
-->8--
          2       5 
      6      15      10
     19      21      16 
  8      18      14      11
 20       7       4      12
      9      17      24 
      3      22      13
         23       1 
--8<--
found: sum= 77.0000 var=  0.0000 fitness= 77.0000
-->8--
          6      18 
      8       7      16
     20      21       1 
  2      15      14      17
  5      13       3      19
     22      11      23 
      9      12       4
         10      24 
--8<--
found: sum= 83.0000 var=  0.0000 fitness= 83.0000
-->8--
          6       5 
      9      19      12
     18      14      20 
  2      17      13       7
 15       8      10      22
     23      21      11 
      4      24      16
          3       1 
--8<--
found: sum= 77.0000 var=  0.0000 fitness= 77.0000
-->8--
          4      20 
     17       3      10
      8      24      14 
 13      21       6      11
  7       5      19      12
     23       2      15 
     16      22       1
          9      18 
--8<--
found: sum= 77.0000 var=  0.0000 fitness= 77.0000
-->8--
          8      24 
     20       9       3
     21      12      13 
  2       7      16      11
 14      23       1      19
     10      18      17 
      6      15      22
          5       4 
--8<--
found: sum= 78.0000 var=  0.0000 fitness= 78.0000
-->8--
          3      16 
      4      23      13
     19      18       6 
  9      11       2      21
  5      24      15      14
     10       8      20 
     17      12      22
          7       1 
--8<--
found: sum= 80.0000 var=  0.0000 fitness= 80.0000
-->8--
          2      12 
      8      13       4
     19      24      11 
  5      14      16       6
 15      10       9      20
     17       7      18 
      3      22       1
         21      23 
--8<--
found: sum= 80.0000 var=  0.0000 fitness= 80.0000
-->8--
          2      12 
      1      16       6
     18      22      11 
  5      21      13      10
 14       7       9      20
     15       8      17 
      3      23       4
         24      19 
--8<--
found: sum= 80.0000 var=  0.0000 fitness= 80.0000
-->8--
          5       3 
      9      24      15
     23      17      14 
 19       2       7      16
 13      22      11      12
      1      21      20 
      8      18       4
         10       6 
--8<--
found: sum= 77.0000 var=  0.0000 fitness= 77.0000
-->8--
          7       4 
      1      12       3
     15      24      23 
 21      18      11       6
 16       5      10      13
      2       9      14 
     22      19      17
         20       8 
--8<--
found: sum= 76.0000 var=  0.0000 fitness= 76.0000
-->8--
          2      19 
      8      24      15
     22       3      10 
 13      17       5      14
  6       7      23      20
     11      21       4 
     12       9       1
         16      18 
--8<--
found: sum= 79.0000 var=  0.0000 fitness= 79.0000
-->8--
          3      10 
      2      21       9
     11      24       8 
  5      18       7      14
 16       6      20      17
     23       4      13 
     15      19      22
         12       1 
--8<--
found: sum= 77.0000 var=  0.0000 fitness= 77.0000
-->8--
          5      15 
      6       4      16
     18      21       9 
 13      23      12      14
  2      11       3      19
     10       7      20 
      8      24      22
         17       1 
--8<--
found: sum= 78.0000 var=  0.0000 fitness= 78.0000
-->8--
          4      18 
      2      10       6
     15      24       8 
 14      23      12      13
  7       3       5      21
     16      11      19 
     17      22      20
          9       1 
--8<--
found: sum= 75.0000 var=  0.0000 fitness= 75.0000
-->8--
         21       7 
     20       8      12
      1      14      15 
 17      11      19       2
 16       6       3      13
     24      22      23 
      9       4      18
         10       5 
--8<--
found: sum= 71.0000 var=  0.0000 fitness= 71.0000
-->8--
          7       1 
     18      13      24
      6      11      12 
 23      16      10       8
 15       9       3      21
      2      22      17 
     14       5      20
         19       4 
--8<--
found: sum= 78.0000 var=  0.0000 fitness= 78.0000
-->8--
          2       6 
      1       9      18
     23      22      20 
  5      21       3      19
  8      11      17       7
     10       4      12 
     24      16      14
         13      15 
--8<--
found: sum= 78.0000 var=  0.0000 fitness= 78.0000
-->8--
          6      21 
     15      17      22
     19       3       8 
 13      18       7      24
  1      16      14       2
     11      20      23 
     10      12       4
          9       5 
--8<--
found: sum= 79.0000 var=  0.0000 fitness= 79.0000
-->8--
          3      16 
      2      18       1
     19      13      22 
 11      24       9      12
 10       8       4      17
      7      21      15 
     23      14       5
          6      20 
--8<--
found: sum= 80.0000 var=  0.0000 fitness= 80.0000
-->8--
         21      12 
     14      22       3
      2       8      18 
 20      13      17       5
 15      19       7       9
     11      16      24 
     10      23       4
          1       6 
--8<--
found: sum= 76.0000 var=  0.0000 fitness= 76.0000
-->8--
          5      13 
     23      22      15
     21       2      14 
 16       3      10      12
  1      24      17      19
     11      20       4 
      6       8       9
          7      18 
--8<--
found: sum= 80.0000 var=  0.0000 fitness= 80.0000
-->8--
         11       6 
      9      24      16
     18      14       3 
 19       4      17       7
  5      21      23      10
     13       1      20 
      8      22      12
         15       2 
--8<--
found: sum= 78.0000 var=  0.0000 fitness= 78.0000
-->8--
         24      13 
      4      23       3
      8      12       5 
 14       7      22       2
 19       9      11      20
     21      17      18 
     10      15       1
          6      16 
--8<--
found: sum= 79.0000 var=  0.0000 fitness= 79.0000
-->8--
          5      22 
     15      17       2
     19      10       7 
 14      13      21       3
  9      16       1      23
      8      18      24 
     11      20       4
          6      12 
--8<--
found: sum= 73.0000 var=  0.0000 fitness= 73.0000
-->8--
         23       2 
     22       7      17
      8      10      19 
 20       3      18       9
 12      24       5       1
      6      13      21 
     15       4      14
         11      16 
--8<--
found: sum= 71.0000 var=  0.0000 fitness= 71.0000
-->8--
          7       9 
     17       1      13
     24      20      12 
 14       2      16       6
  8      18       4      23
      5      11      10 
     15       3      21
         19      22 
--8<--
found: sum= 77.0000 var=  0.0000 fitness= 77.0000
-->8--
          6      15 
      2      24      11
      7      20       3 
  5      18       4      21
 16       8      13      17
     23      14      19 
      1       9      12
         22      10 
--8<--
found: sum= 77.0000 var=  0.0000 fitness= 77.0000
-->8--
          1      14 
     18       3       9
     24      20      23 
 13      11       8      22
 10      15       7       5
      4      16      12 
     21      19      17
          2       6 
--8<--
found: sum= 75.0000 var=  0.0000 fitness= 75.0000
-->8--
          6       8 
     22      24      12
     11       9      15 
 13       3       7      17
 18      16      21       5
     14      19      10 
      2       1      20
         23       4 
--8<--
found: sum= 77.0000 var=  0.0000 fitness= 77.0000
-->8--
         14      22 
      7       9      15
     24       5       3 
  1      18      23      10
  6      16       2      19
     12      13      20 
      8      17      21
         11       4 
--8<--
found: sum= 76.0000 var=  0.0000 fitness= 76.0000
-->8--
         10      19 
     24       5      11
     16       3      23 
 14      18      15       4
  9      17       1      20
      2      22      13 
      8      21      12
          6       7 
--8<--
found: sum= 76.0000 var=  0.0000 fitness= 76.0000
-->8--
         21      16 
     18      20      15
     13       3       8 
 19       1      14       2
 11      22      12      17
     10      24      23 
      9       6       4
          5       7 
--8<--
found: sum= 80.0000 var=  0.0000 fitness= 80.0000
-->8--
          4      18 
      9       6       1
     17      24      21 
 16      20      10       3
  2      14       5      19
     11       7      22 
     13      23       8
         12      15 
--8<--
found: sum= 82.0000 var=  0.0000 fitness= 82.0000
-->8--
          8       6 
     10      24      13
     20      15      22 
 11       5       2       1
 12      16      21      17
     18      23      19 
     14       7       9
          4       3 
--8<--
found: sum= 80.0000 var=  0.0000 fitness= 80.0000
-->8--
          1      18 
      4      17       9
     19      16      12 
  7      23       8      11
 10       6       5      20
     15      22      24 
      3      13      14
         21       2 
--8<--
found: sum= 73.0000 var=  0.0000 fitness= 73.0000
-->8--
          6      14 
      5      24      18
     16       1       4 
 15      21      12      22
  8       3      13      20
     10      23       2 
     17       9      19
         11       7 
--8<--
found: sum= 78.0000 var=  0.0000 fitness= 78.0000
-->8--
         18       3 
      9      24      16
      4      13       7 
 19      10      15      22
  8      17      21       1
     20       2      12 
     11      23      14
          5       6 
--8<--
found: sum= 75.0000 var=  0.0000 fitness= 75.0000
-->8--
         18      21 
     13      20      15
     12       1       2 
 17      11      16      24
  5      22       6       4
      8      19      23 
      7      10      14
          9       3 
--8<--
found: sum= 80.0000 var=  0.0000 fitness= 80.0000
-->8--
          6      15 
      8      24       3
     21      20       4 
  7       1      14       2
 17      12      23      19
     22      10      18 
     16      11      13
          9       5 
--8<--
found: sum= 78.0000 var=  0.0000 fitness= 78.0000
-->8--
          3       9 
      2      19      13
     17      16      11 
 20      21      10      23
  8       5       4       6
      7      22      24 
     18      12       1
         14      15 
--8<--
found: sum= 76.0000 var=  0.0000 fitness= 76.0000
-->8--
         20      18 
     16      22      12
      2      11       6 
 15       5       7      10
  9      21      13      17
     24      19      23 
      8       3       4
          1      14 
--8<--
found: sum= 73.0000 var=  0.0000 fitness= 73.0000
-->8--
         21      22 
     19       3      16
     11      18       4 
  2       1      10       9
 12      23      13      20
     24       8      17 
      5       6      14
          7      15 
--8<--
found: sum= 77.0000 var=  0.0000 fitness= 77.0000
-->8--
         20       7 
      1      16      10
     11      15      23 
 18      14       6       2
  8      21       9      24
      5      12      13 
     19      17      22
          3       4 
--8<--
found: sum= 79.0000 var=  0.0000 fitness= 79.0000
-->8--
         23      22 
     11       3      20
     21       4      16 
 12      17      14       7
  6      10      19       5
     13      15      18 
      8      24       1
          9       2 
--8<--
found: sum= 73.0000 var=  0.0000 fitness= 73.0000
-->8--
         22      11 
     21      10       9
     14       1      18 
 17       5      24       2
 15      19       4      12
      3      20      13 
     16       7      23
          8       6 
--8<--
found: sum= 77.0000 var=  0.0000 fitness= 77.0000
-->8--
          9      11 
      1      15       7
      8      21      13 
  3      23      10       4
 18       5      16      22
     20       2      12 
     19      17       6
         14      24 
--8<--
found: sum= 74.0000 var=  0.0000 fitness= 74.0000
-->8--
         23      11 
     22       1      15
      6       4      24 
 13      18      19       2
 10       7       5       8
     20      21      16 
     14       3      17
          9      12 
--8<--
found: sum= 75.0000 var=  0.0000 fitness= 75.0000
-->8--
          3      11 
     10       4       9
     18      23      15 
  8      17      13      14
 19       1       5      22
     12      16       6 
      2      20       7
         24      21 
--8<--
found: sum= 77.0000 var=  0.0000 fitness= 77.0000
-->8--
         22      21 
      3       8       4
     24      19       2 
 11       1      23      15
 17       6      12       5
     18      16      20 
     10      13       7
         14       9 
--8<--
found: sum= 80.0000 var=  0.0000 fitness= 80.0000
-->8--
         11      19 
      4      12       2
     20      15      22 
  5      18      10      14
  8      13      21       6
     16       3       7 
     24      23      17
          1       9 
--8<--
found: sum= 75.0000 var=  0.0000 fitness= 75.0000
-->8--
          9      21 
      4       5       1
     14      23      13 
 11      20      12       7
 19       8      10      15
      3       2      18 
     24      22       6
         16      17 
--8<--
found: sum= 80.0000 var=  0.0000 fitness= 80.0000
-->8--
          3       2 
      5      22      18
     17      14      13 
  7      19      11      15
 20       9      21       4
      8       6      16 
     23      24       1
         10      12 
--8<--
found: sum= 72.0000 var=  0.0000 fitness= 72.0000
-->8--
         22      12 
      2      11       9
     13      14      20 
  1      10       6      19
 23      17       4      18
      8      21       5 
      7       3      15
         16      24 
--8<--
found: sum= 74.0000 var=  0.0000 fitness= 74.0000
-->8--
         22       7 
     21       2      11
      4      16      18 
 19       9      20      17
 14      13       6       5
     15      10       8 
     12      23      24
          1       3 
--8<--
found: sum= 75.0000 var=  0.0000 fitness= 75.0000
-->8--
         19       7 
     22       6      15
     14       9      18 
 10       5      20       3
 17      16      21      12
     13       4       1 
      8      23      24
         11       2 
--8<--
found: sum= 75.0000 var=  0.0000 fitness= 75.0000
-->8--
         11       4 
     21      16      10
      1      24      15 
 18       2       6      22
 14      17      19       5
     23       7       8 
      3      12       9
         13      20 
--8<--
found: sum= 81.0000 var=  0.0000 fitness= 81.0000
-->8--
         11       2 
     12      14       3
      4      22      24 
  8      18      16       6
 15      17       7       5
     19       1      23 
     13      21      20
         10       9 
--8<--
found: sum= 78.0000 var=  0.0000 fitness= 78.0000
-->8--
          3      24 
      8      13       1
     18      16      22 
  5      20       2      15
  9       7      23      12
     19      10       4 
     11      14       6
         17      21 
--8<--
found: sum= 83.0000 var=  0.0000 fitness= 83.0000
-->8--
          4       5 
      2      24       7
     14      18      19 
  8      21      10      13
 11       6      12       9
     23      16      20 
      1      15       3
         22      17 
--8<--
found: sum= 79.0000 var=  0.0000 fitness= 79.0000
-->8--
         15      16 
      6      24       1
      9      21       3 
 19       4      14       8
 18      12      23      11
     17       5      20 
     13      22       7
         10       2 
--8<--
found: sum= 75.0000 var=  0.0000 fitness= 75.0000
-->8--
          7      23 
     24       2       9
     20      19       8 
 11       3      14      13
 15      21      12      10
      5       6      18 
     17      22      16
          4       1 
--8<--
found: sum= 79.0000 var=  0.0000 fitness= 79.0000
-->8--
          7      21 
     20       8       1
     11      19      13 
  4      14      17       6
 12      15       9      10
     23       5      24 
      2      16       3
         18      22 
--8<--
found: sum= 74.0000 var=  0.0000 fitness= 74.0000
-->8--
         10       8 
      1      24       5
      9      18       4 
 22      12      15      20
 11       6       2      17
     14      21      16 
      7       3      13
         23      19 
--8<--
found: sum= 79.0000 var=  0.0000 fitness= 79.0000
-->8--
          5       3 
      6      12      22
     23      24       7 
  2       9      11       8
 15      17      14      18
     13       4      21 
     16      19       1
         10      20 
--8<--
found: sum= 77.0000 var=  0.0000 fitness= 77.0000
-->8--
          9       1 
      8       7      19
     18      11      23 
  2      24      16      14
  4      17       6      13
     12       3       5 
     10      20      21
         15      22 
--8<--
found: sum= 75.0000 var=  0.0000 fitness= 75.0000
-->8--
         17      22 
     13      19      14
     16       3       8 
  2       7       9      24
 18      21      23      10
     11      12       1 
      6      20       4
          5      15 
--8<--
found: sum= 74.0000 var=  0.0000 fitness= 74.0000
-->8--
         15      23 
      9       3      22
     18       8       4 
 19      21      14      12
  5       1      17      16
     10      13      11 
     20      24       7
          6       2 
--8<--
found: sum= 78.0000 var=  0.0000 fitness= 78.0000
-->8--
         13      16 
     21       1      19
      5      15      18 
  6      23       9      12
 14      10       4      11
     20      17      24 
      7      22       8
          2       3 
--8<--
found: sum= 78.0000 var=  0.0000 fitness= 78.0000
-->8--
          4      12 
      7      24      11
     22      20       3 
 17       1       8      16
 14       5      23      15
     19      21      13 
      6       9      10
         18       2 
--8<--
found: sum= 79.0000 var=  0.0000 fitness= 79.0000
-->8--
          9      17 
      3      24      16
     15       7       1 
 12      21      14      20
  8      13      19       2
     10       5      23 
     11      22       6
         18       4 
--8<--
found: sum= 75.0000 var=  0.0000 fitness= 75.0000
-->8--
         21      17 
     18      24       8
      7       2      11 
 20       3      13      15
 14      12      23       4
     19      22       9 
      1       5       6
         16      10 
--8<--
found: sum= 76.0000 var=  0.0000 fitness= 76.0000
-->8--
         22      13 
      3       8      23
      7      12      19 
 18      24       1      10
  4       2      17      15
     21      20      14 
     16      11       9
          6       5 
--8<--
found: sum= 75.0000 var=  0.0000 fitness= 75.0000
-->8--
         14      24 
     12      10       2
     15       1      17 
 13      23      21      11
  8       7       3       4
      9      20      19 
     16       5      22
         18       6 
--8<--
found: sum= 79.0000 var=  0.0000 fitness= 79.0000
-->8--
         10      21 
     20       2       1
     19      23      24 
  7       5       8      12
 17       9      16       6
     22      18      13 
     11      15       3
          4      14 
--8<--
found: sum= 77.0000 var=  0.0000 fitness= 77.0000
-->8--
         10       3 
      8      17      11
      2      21      13 
  5      19      12      23
 14      15       1       4
     22       9      24 
      6       7      20
         18      16 
--8<--
found: sum= 82.0000 var=  0.0000 fitness= 82.0000
-->8--
         14      10 
      4      24      13
     16       9      23 
  2      15       3       5
 20      12      22      18
     17      21      11 
      7      19       1
          6       8 
--8<--
found: sum= 76.0000 var=  0.0000 fitness= 76.0000
-->8--
         19      18 
      5       7       4
      8      24      14 
  1      13       9      12
 21      17      11      10
     16       2      20 
      3      15       6
         23      22 
--8<--
found: sum= 79.0000 var=  0.0000 fitness= 79.0000
-->8--
         10      16 
     22      23      14
     18       2      15 
  1       4       9      11
 17      19      24       7
     20      21      13 
      8       6       3
          5      12 
--8<--
found: sum= 77.0000 var=  0.0000 fitness= 77.0000
-->8--
         13       3 
      4      24       9
     11      18      21 
 20       7       2      14
 19       5      22      12
     15      23       6 
     16       8       1
         10      17 
--8<--
found: sum= 75.0000 var=  0.0000 fitness= 75.0000
-->8--
         20      13 
      3       2      12
     17      19      18 
  5      14      11       9
 16       1      23       4
     22       7      10 
     24       6       8
         15      21 
--8<--
found: sum= 82.0000 var=  0.0000 fitness= 82.0000
-->8--
          2      17 
      1      16       6
     19      21       9 
  8      23      13      12
  7       3      18      10
     22       4      20 
     15      24      11
         14       5 
--8<--
found: sum= 76.0000 var=  0.0000 fitness= 76.0000
-->8--
         16      13 
     11      21      10
     17       8      19 
  4       3       5       9
 23      14      24      12
     15      22       7 
     18       1       2
          6      20 
--8<--
found: sum= 78.0000 var=  0.0000 fitness= 78.0000
-->8--
         13       2 
      3       6      22
     20      12      19 
  4      24      17       7
 15       1      16       9
     14       8      10 
     11      21       5
         23      18 
--8<--
found: sum= 76.0000 var=  0.0000 fitness= 76.0000
-->8--
         16       4 
     22      10      23
      7       2      24 
 20      19      13       1
  3      21       9      14
      6      12      15 
     11      18      17
          8       5 
--8<--
found: sum= 78.0000 var=  0.0000 fitness= 78.0000
-->8--
          5       3 
      2      23       7
     12      14      21 
 13      22      10      15
 11      19       9       6
      1       4      17 
     20      16       8
         18      24 
--8<--
found: sum= 77.0000 var=  0.0000 fitness= 77.0000
-->8--
          7      17 
     12      22       9
     16      18       6 
  3       2       5      13
 15      20      24      10
     21       8      19 
     23       1      11
          4      14 
--8<--
found: sum= 76.0000 var=  0.0000 fitness= 76.0000
-->8--
          9      10 
      1      19       6
     11      20       8 
  5      16      13      14
 18      22       2      24
      4       3      15 
      7      23      21
         17      12 
--8<--
found: sum= 80.0000 var=  0.0000 fitness= 80.0000
-->8--
         10       1 
      3       4      13
     20      24      23 
  5      19      15      11
  7      12       8       9
     17       2      14 
     21      22      16
          6      18 
--8<--
found: sum= 77.0000 var=  0.0000 fitness= 77.0000
-->8--
          2       6 
     12      18      14
      8      21      13 
  9      16       5      11
 15      10      24      20
     19       1       4 
     17      23       3
          7      22 
--8<--
found: sum= 77.0000 var=  0.0000 fitness= 77.0000
-->8--
          3      18 
      4       9      11
     16      22       7 
 15      23      10      17
  1      14       2      20
      8       6      21 
     12      24       5
         13      19 
--8<--
found: sum= 76.0000 var=  0.0000 fitness= 76.0000
-->8--
         12       4 
      5      18      11
      3      24      10 
 13      14       9      16
 17       7      20      15
     22       2       6 
      1      21      19
         23       8 
--8<--
found: sum= 77.0000 var=  0.0000 fitness= 77.0000
-->8--
         12       4 
      5      23      20
     22       2      11 
 21      13      17      15
  6      14       7      18
      1      24       9 
      3      19      10
         16       8 
--8<--
found: sum= 78.0000 var=  0.0000 fitness= 78.0000
-->8--
          2      11 
     20      24       4
      8      23      13 
 14       1       3       5
 15      19      22      18
     21      10      17 
      9       7       6
         12      16 
--8<--
found: sum= 79.0000 var=  0.0000 fitness= 79.0000
-->8--
          8      17 
      5      22       4
      7      14      21 
 11      23       1       3
  2      12      20      19
     24       9      15 
     10       6      13
         18      16 
--8<--
found: sum= 83.0000 var=  0.0000 fitness= 83.0000
-->8--
          2      11 
      7      19       8
     14      24      16 
  1      17       5      15
 10      20      13      12
     21       4      22 
      6      23      18
          9       3 
--8<--
found: sum= 79.0000 var=  0.0000 fitness= 79.0000
-->8--
         17       8 
     12      21      14
     18       2      19 
  3       9      15      20
 23      16      13       7
     10      24       5 
      1      22       4
          6      11 
--8<--
found: sum= 82.0000 var=  0.0000 fitness= 82.0000
-->8--
          2      17 
      1      16       6
     19      21       9 
  8      23      13      10
  7       3      18      12
     22       4      20 
     15      24      11
         14       5 
--8<--
found: sum= 72.0000 var=  0.0000 fitness= 72.0000
-->8--
         20      22 
     24       4      11
      6      17      16 
 13       1       2       5
 14      23      19      18
     15      10      12 
      9       7       3
          8      21 
--8<--
found: sum= 83.0000 var=  0.0000 fitness= 83.0000
-->8--
          3       8 
      4      23      10
     12      22      15 
  6      19       5      18
  9      16      14      11
     21       7      20 
      2      24      17
         13       1 
--8<--
found: sum= 81.0000 var=  0.0000 fitness= 81.0000
-->8--
          4       3 
      1      22      11
     23      15      13 
  8      16      17       9
 12       2       7      14
     20      24      21 
     10       6      18
         19       5 
--8<--
found: sum= 75.0000 var=  0.0000 fitness= 75.0000
-->8--
         21      16 
      7      13      14
      8       2      18 
 17      24      12      10
  3      22      11       9
      1       4      15 
      5      20      19
         23       6 
--8<--
found: sum= 79.0000 var=  0.0000 fitness= 79.0000
-->8--
          8       4 
     16      18      10
      9      21      24 
 12       7       2       5
 15      13      22       6
     23      14      20 
     11       1      19
         17       3 
--8<--
found: sum= 78.0000 var=  0.0000 fitness= 78.0000
-->8--
          9       2 
     16      24       4
      1      18      17 
 19      10      13       8
  7      20       3      15
     21      14      22 
      6       5      23
         12      11 
--8<--
found: sum= 71.0000 var=  0.0000 fitness= 71.0000
-->8--
         17      19 
     18      23      14
      2       1       5 
 15      10       9      11
 16      24      21      12
      4       6      13 
     22       8       3
          7      20 
--8<--
found: sum= 74.0000 var=  0.0000 fitness= 74.0000
-->8--
         12       5 
     16       4       6
      1      23      17 
 24      18      19      15
  8       3       2      14
     20       9       7 
     11      21      22
         10      13 
--8<--
found: sum= 78.0000 var=  0.0000 fitness= 78.0000
-->8--
          1       8 
     15      20      24
     21      17       3 
  9       4       6      13
  7      18      23      11
     19      10      22 
     14       5      16
         12       2 
--8<--
found: sum= 81.0000 var=  0.0000 fitness= 81.0000
-->8--
         11      17 
     12      21       5
     24      10      20 
 13       3       8       4
  1      18      19      14
     22      23      16 
      7       2       6
          9      15 
--8<--
found: sum= 78.0000 var=  0.0000 fitness= 78.0000
-->8--
          1       3 
     16      23       6
      5      20      14 
  8      13      12      11
 21      22       7      19
      9       4      15 
      2      24      10
         17      18 
--8<--
found: sum= 80.0000 var=  0.0000 fitness= 80.0000
-->8--
          5      14 
     10       4       1
     17      23      22 
  9      21      16      12
 13       2       7       8
     18      11      15 
     19      24       3
          6      20 
--8<--
found: sum= 75.0000 var=  0.0000 fitness= 75.0000
-->8--
          4      11 
      3      13       5
     20      19      17 
  9      16      10      14
 21       1       7      12
      8      22      15 
     24       2       6
         18      23 
--8<--
found: sum= 73.0000 var=  0.0000 fitness= 73.0000
-->8--
          7       3 
      6      23      10
      1      24       2 
 17      12      11      16
 18       5       8      21
     20      13      15 
     22       4      14
          9      19 
--8<--
found: sum= 76.0000 var=  0.0000 fitness= 76.0000
-->8--
          7       3 
     21      17       5
      2      14      24 
  9      15      13       6
 19      23      10      12
      8       1      11 
      4      18      16
         22      20 
--8<--
found: sum= 81.0000 var=  0.0000 fitness= 81.0000
-->8--
          4       8 
      5      13       3
     16      22      23 
 14      21      12      18
 11      10       1       7
      9      15      20 
      6      24       2
         17      19 
--8<--
found: sum= 70.0000 var=  0.0000 fitness= 70.0000
-->8--
         22      24 
     17       1       2
      3      16       7 
 21      11      20      15
 12       4       9       5
     19      10      14 
     18       6      23
         13       8 
--8<--
found: sum= 81.0000 var=  0.0000 fitness= 81.0000
-->8--
          3       9 
      5       6      16
     24      20      19 
  4      23      11      12
 10       7       2      15
     13      18      22 
     14      21       1
          8      17 
--8<--
found: sum= 77.0000 var=  0.0000 fitness= 77.0000
-->8--
         22      21 
      6       8      14
     16       1      18 
 12      24      15       9
  2      10       4      20
     13      23      11 
      5      19       3
          7      17 
--8<--
found: sum= 79.0000 var=  0.0000 fitness= 79.0000
-->8--
          4       3 
      2       9      22
     20      23      16 
 17      21       6      19
  1       8      11      13
     12      10      14 
      7      24      15
         18       5 
--8<--
found: sum= 75.0000 var=  0.0000 fitness= 75.0000
-->8--
          7       5 
      9      23      11
      1      20       6 
  8      15      10      19
 21      12       2      14
     18      16      24 
      4       3      13
         22      17 
--8<--
found: sum= 81.0000 var=  0.0000 fitness= 81.0000
-->8--
          2      17 
     11      24      13
     14      18       5 
 10      12       4      20
  3      23      15      16
     19       9      21 
      1      22       6
          7       8 
--8<--
found: sum= 71.0000 var=  0.0000 fitness= 71.0000
-->8--
          3      21 
     14       8       1
     16      10      19 
  9      20      12      18
 15       5      11       7
      6      13       4 
     22       2      17
         23      24 
--8<--
found: sum= 77.0000 var=  0.0000 fitness= 77.0000
-->8--
          7      21 
     15      22       5
     16       8       1 
  3       9      20      14
 19      24      12      13
      6       4      17 
      2      23      11
         18      10 
--8<--
found: sum= 77.0000 var=  0.0000 fitness= 77.0000
-->8--
         20       1 
     16      22      14
      9       2      17 
 18       8      21       6
 13      19      23       7
     10       4       3 
      5      24      11
         15      12 
--8<--
found: sum= 78.0000 var=  0.0000 fitness= 78.0000
-->8--
         12      14 
     20       3      16
     22      10      18 
 21      11      17       4
  7       8      19       5
      9      13      15 
     24      23       2
          1       6 
--8<--
found: sum= 79.0000 var=  0.0000 fitness= 79.0000
-->8--
          4      16 
      7       1      18
     21      22      20 
  3      24       2      12
  6      14       9      13
     11       8      23 
     17      19      15
         10       5 
--8<--
found: sum= 75.0000 var=  0.0000 fitness= 75.0000
-->8--
         22      18 
     20       3      21
     17       2      12 
  1      11      19       7
 16      24      10      13
      6       9      14 
      5      23       4
          8      15 
--8<--
found: sum= 73.0000 var=  0.0000 fitness= 73.0000
-->8--
         24       9 
     17       1      16
      2      23      21 
 18       6       3      15
 22      11      10       5
     14      20      19 
      7       8       4
         13      12 
--8<--
found: sum= 81.0000 var=  0.0000 fitness= 81.0000
-->8--
          5      10 
      6      23       1
     17      14      11 
 13      16      22       7
  9       8       2      15
     18      19      24 
      3      12       4
         21      20 
--8<--
found: sum= 77.0000 var=  0.0000 fitness= 77.0000
-->8--
          1       9 
     16       8      12
     13      20      23 
  2      19       5      17
 18       3       6      11
     22      24      15 
     10       4      21
         14       7 
--8<--
found: sum= 80.0000 var=  0.0000 fitness= 80.0000
-->8--
          2      10 
      6      22       1
     17      20      15 
  8      13      12       9
 16       3      11      14
     23      21      19 
      5       4      18
         24       7 
--8<--
found: sum= 78.0000 var=  0.0000 fitness= 78.0000
-->8--
          8      14 
      4       9       1
     15      23      13 
 11      19      18       2
 16       5       6      22
     12       7      17 
     10      24      21
         20       3 
--8<--
found: sum= 76.0000 var=  0.0000 fitness= 76.0000
-->8--
         10       1 
      9       3      20
     15      17      24 
 13      22      11       4
 12       6      18       5
      8       2      14 
     23      16       7
         21      19 
--8<--
found: sum= 79.0000 var=  0.0000 fitness= 79.0000
-->8--
          7      14 
      4       9       1
     22      19      24 
 11      18      12       8
  6       2       5      13
     20      23      17 
     21       3      15
         10      16 
--8<--
found: sum= 78.0000 var=  0.0000 fitness= 78.0000
-->8--
          3       1 
      8       4      19
     22      18      20 
  2      23      16      12
 14      10       6      11
      7       5      13 
     17      24      21
         15       9 
--8<--
found: sum= 79.0000 var=  0.0000 fitness= 79.0000
-->8--
          7      14 
      5      20      17
     24       2      16 
 11      21      10      13
  8       6      22      15
      9      18       3 
     19      23       1
          4      12 
--8<--
found: sum= 78.0000 var=  0.0000 fitness= 78.0000
-->8--
         10       7 
      5      11      15
     13      20      17 
 18      19       8      16
  1       4      21      14
     23       6       2 
      9      24      22
         12       3 
--8<--
found: sum= 84.0000 var=  0.0000 fitness= 84.0000
-->8--
         14      16 
      2      19       7
     17       9      18 
  5      23      15      11
 13       4      12       8
     22      21      20 
     10      24       6
          3       1 
--8<--
execution time: real 0.473049s user 0.013997s sys 0.008998s
GA: P=50 K=10 sp=2 xover=2D/1 optrpl=2 optskip=10 optmax=1.142857
generation #607: pop m= 78.594 v= 40.178 f= 56.986 best_age=1
best: found: sum= 84.0000 var=  0.0000 fitness= 84.0000
-->8--
         14      16 
      2      19       7
     17       9      18 
  5      23      15      11
 13       4      12       8
     22      21      20 
     10      24       6
          3       1 
--8<--
found: sum= 79.0000 var=  0.0000 fitness= 79.0000
-->8--
          7      14 
      4       9       1
     22      19      24 
 11      18      12       8
  6       2       5      13
     20      23      17 
     21       3      15
         10      16 
--8<--
found: sum= 78.0000 var=  0.0000 fitness= 78.0000
-->8--
         10       7 
      5      11      15
     13      20      17 
 18      19       8      16
  1       4      21      14
     23       6       2 
      9      24      22
         12       3 
--8<--
found: sum= 79.0000 var=  0.0000 fitness= 79.0000
-->8--
          7      14 
      5      20      17
     24       2      16 
 11      21      10      13
  8       6      22      15
      9      18       3 
     19      23       1
          4      12 
--8<--
