found: sum= 65.0000 var=  0.0000 fitness= 65.0000 age=0
-->8--
         20      13 
     11      19       4
      9      -1      16 
 17       7      14       3
  2      18      21       1
     12       6      10 
     22       8       5
         -1      15 
--8<--
found: sum= 82.0000 var=  0.0000 fitness= 82.0000 age=0
-->8--
          4      20 
     18      15      10
     23       9      22 
  3      13       6      12
  2      17      21      14
     24      16       7 
      1      19      11
          5       8 
--8<--
found: sum= 62.0000 var=  0.0000 fitness= 62.0000 age=0
-->8--
         13       8 
      3      21       2
      6       7      19 
 17      12       5      14
  1      22      -2      15
      4      18      11 
      9      -1      20
         10      16 
--8<--
execution time: real 0.788706s user 0.011998s sys 0.000999s
GA: P=512 K=256 sp=3 xover=2D/1 aging
generation #3: pop m= 71.015 v=10.288 f= 58.149
best: found: sum= 82.0000 var=  0.0000 fitness= 82.0000 age=1
-->8--
          4      20 
     18      15      10
     23       9      22 
  3      13       6      12
  2      17      21      14
     24      16       7 
      1      19      11
          5       8 
--8<--
found: sum= 65.0000 var=  0.0000 fitness= 65.0000 age=2
-->8--
         20      13 
     11      19       4
      9      -1      16 
 17       7      14       3
  2      18      21       1
     12       6      10 
     22       8       5
         -1      15 
--8<--
found: sum= 62.0000 var=  0.0000 fitness= 62.0000 age=1
-->8--
         13       8 
      3      21       2
      6       7      19 
 17      12       5      14
  1      22      -2      15
      4      18      11 
      9      -1      20
         10      16 
--8<--
