found: sum=  0.0000 var=  0.0000 fitness=  0.0000
-->8--
          6       5 
      3       9      10
     12      24       8 
  2      20      18      15
 16       7       1      19
     17       4      13 
     21      11      22
         14      23 
--8<--
found: sum=  0.0000 var=  0.0000 fitness=  0.0000
-->8--
          5       4 
      3      23      22
     21      14      13 
 19      11       1      17
  9      15      12      18
      2      24      16 
     20      10       8
          6       7 
--8<--
found: sum=  0.0000 var=  0.0000 fitness=  0.0000
-->8--
          4       8 
     19       2      13
      6      24      21 
 16      22       9      20
  3       7       1      11
     23      14      15 
      5      18      12
         10      17 
--8<--
found: sum=  0.0000 var=  0.0000 fitness=  0.0000
-->8--
          2       4 
     13      15      20
      5      22      16 
 18      21       1      11
  8       3      24       9
     23       7      17 
     19      14      10
         12       6 
--8<--
found: sum=  0.0000 var=  0.0000 fitness=  0.0000
-->8--
         18      22 
     21      13      15
      5      10      14 
 16       8       1       7
 17       9      23      11
     20      24      19 
     12       4       2
          6       3 
--8<--
found: sum=  0.0000 var=  0.0000 fitness=  0.0000
-->8--
         18       3 
      4      24      23
      5       1       7 
 19      22      16       8
  2      12      17      15
     14       6      11 
     13       9      10
         20      21 
--8<--
found: sum=  0.0000 var=  0.0000 fitness=  0.0000
-->8--
         11      16 
     22      18      13
     14       3       1 
 12       7      24       6
 17       2      19      10
     23      20      15 
     21       4       8
          5       9 
--8<--
execution time: real 0.011401s user 0.010998s sys 0.000000s
GA: P=50 K=25 sp=3 xover=2D/1
generation #0: pop m= 75.894 v=  0.211 f= 73.869 best_age=0
best: sum= 83.8571 var=  0.1224 fitness= 82.1429
-->8--
          3      14 
     20      18      16
     24       8      13 
  7      11      15       2
  6      17      21      10
     19      12      23 
      9      22       5
          4       1 
--8<--
found: sum= 74.0000 var=  0.0000 fitness= 74.0000
-->8--
          6       5 
      3       9      10
     12      24       8 
  2      20      18      15
 16       7       1      19
     17       4      13 
     21      11      22
         14      23 
--8<--
found: sum= 77.0000 var=  0.0000 fitness= 77.0000
-->8--
          5       4 
      3      23      22
     21      14      13 
 19      11       1      17
  9      15      12      18
      2      24      16 
     20      10       8
          6       7 
--8<--
found: sum= 77.0000 var=  0.0000 fitness= 77.0000
-->8--
          4       8 
     19       2      13
      6      24      21 
 16      22       9      20
  3       7       1      11
     23      14      15 
      5      18      12
         10      17 
--8<--
found: sum= 78.0000 var=  0.0000 fitness= 78.0000
-->8--
          2       4 
     13      15      20
      5      22      16 
 18      21       1      11
  8       3      24       9
     23       7      17 
     19      14      10
         12       6 
--8<--
found: sum= 75.0000 var=  0.0000 fitness= 75.0000
-->8--
         18      22 
     21      13      15
      5      10      14 
 16       8       1       7
 17       9      23      11
     20      24      19 
     12       4       2
          6       3 
--8<--
found: sum= 74.0000 var=  0.0000 fitness= 74.0000
-->8--
         18       3 
      4      24      23
      5       1       7 
 19      22      16       8
  2      12      17      15
     14       6      11 
     13       9      10
         20      21 
--8<--
found: sum= 75.0000 var=  0.0000 fitness= 75.0000
-->8--
         11      16 
     22      18      13
     14       3       1 
 12       7      24       6
 17       2      19      10
     23      20      15 
     21       4       8
          5       9 
--8<--
