found: sum= 75.0000 var=  0.0000 fitness= 75.0000
-->8--
         22      17 
      5       4      16
     24      11      13 
 21       9      14       3
  1       2      20      15
     18      19      10 
      7       6      12
         23       8 
--8<--
found: sum= 75.0000 var=  0.0000 fitness= 75.0000
-->8--
         16       5 
     23      24      13
      8       1      21 
 15       3      11      17
 19      18      20       2
     12      22       4 
     10       6       9
          7      14 
--8<--
found: sum= 79.0000 var=  0.0000 fitness= 79.0000
-->8--
         13       1 
      8      21       7
     15       4      24 
 19      18      22      14
 11      10       2       5
      6      23      12 
     20      17       9
          3      16 
--8<--
found: sum= 73.0000 var=  0.0000 fitness= 73.0000
-->8--
          7       1 
     22      12      19
      9       8      17 
  4      15      16       5
 20      11       2      23
     14      21      10 
     18       3      24
          6      13 
--8<--
found: sum= 75.0000 var=  0.0000 fitness= 75.0000
-->8--
          4       5 
     24      22      20
      7       1      16 
  2      17      11      10
 19      21      12      23
      9      13       3 
      6      18      14
          8      15 
--8<--
found: sum= 80.0000 var=  0.0000 fitness= 80.0000
-->8--
          4      23 
     10      21       2
     17       8      14 
  3      20      12       6
  9      15      24      11
     16       1      13 
      7      19       5
         22      18 
--8<--
found: sum= 76.0000 var=  0.0000 fitness= 76.0000
-->8--
         21      18 
      9       3       2
     11      22      24 
  8      10       7       1
 20       4      16      15
     23      17      13 
     14       6      19
         12       5 
--8<--
found: sum= 79.0000 var=  0.0000 fitness= 79.0000
-->8--
          4      13 
      6      24      19
     23       2       7 
  5      20      14       9
  3      10      16      21
     18      17      12 
      8      11      22
         15       1 
--8<--
found: sum= 77.0000 var=  0.0000 fitness= 77.0000
-->8--
          8       1 
      6      11      16
     19      18      14 
  7      15      17      10
  9      22       2      21
      5       3      13 
     20      23      24
          4      12 
--8<--
found: sum= 75.0000 var=  0.0000 fitness= 75.0000
-->8--
         19      20 
     11      16       4
      6       1      13 
  3      22      21       8
 24       2      17       9
     18      12       7 
      5      15      14
         23      10 
--8<--
found: sum= 79.0000 var=  0.0000 fitness= 79.0000
-->8--
          4       5 
      3      22      19
     15      18       8 
  2      17       7       6
 10      12      24      21
     23       1      13 
      9      14      16
         20      11 
--8<--
found: sum= 79.0000 var=  0.0000 fitness= 79.0000
-->8--
          6       1 
     10      16      14
     22      17      19 
 23       8      12       5
  2      11      24      15
     13       7       4 
     18      21       3
          9      20 
--8<--
found: sum= 77.0000 var=  0.0000 fitness= 77.0000
-->8--
         19      13 
     12      20      17
     18       1      15 
  9       7      11      16
  5      14      23      10
     24      21       2 
      4       6       3
          8      22 
--8<--
found: sum= 77.0000 var=  0.0000 fitness= 77.0000
-->8--
          1      14 
      8      24      16
     23       2      17 
 13      19       4      21
  5      10      20      12
      7      22       3 
      9      11       6
         18      15 
--8<--
found: sum= 80.0000 var=  0.0000 fitness= 80.0000
-->8--
          4       7 
      5      12       3
     14      24      19 
  2      21      15       9
 10      11       8      13
     22       1      16 
      6      17      18
         23      20 
--8<--
found: sum= 79.0000 var=  0.0000 fitness= 79.0000
-->8--
          2       3 
      4       9       6
     19      21      22 
 15      24      18      13
 12       1       5       7
      8      10      14 
     20      23      16
         17      11 
--8<--
found: sum= 78.0000 var=  0.0000 fitness= 78.0000
-->8--
         15      14 
     21      18       7
      9       2      17 
 11      13      20       8
 10      16      24       4
     19       3       5 
     12      22       1
          6      23 
--8<--
found: sum= 75.0000 var=  0.0000 fitness= 75.0000
-->8--
         22       8 
     11      21       9
      4      15      12 
 13       2      10      17
 18      24      19      16
     14       5       1 
      6      23       7
          3      20 
--8<--
found: sum= 80.0000 var=  0.0000 fitness= 80.0000
-->8--
          7      16 
      8      24       4
     18       3      19 
  5      20      14      10
 13       9      23      12
     15      11       2 
     17      22      21
          6       1 
--8<--
found: sum= 74.0000 var=  0.0000 fitness= 74.0000
-->8--
         22       5 
     15       3      23
     18       7      19 
  6       9      17       2
 13      16       1      21
     12      24      14 
      8       4      20
         10      11 
--8<--
found: sum= 79.0000 var=  0.0000 fitness= 79.0000
-->8--
         15       9 
     22      23      13
     10       2      21 
  8       7      11       5
 18      16      24       1
     20      19      17 
      6       4       3
         14      12 
--8<--
found: sum= 77.0000 var=  0.0000 fitness= 77.0000
-->8--
          6       3 
      5      21      17
     10      23       4 
  7      12       9      15
 24      11       8      22
     13      14      19 
      1      18      16
         20       2 
--8<--
found: sum= 74.0000 var=  0.0000 fitness= 74.0000
-->8--
         12       3 
      2      22      11
      7      17       6 
  9      14      15      13
 24      19       4      20
      1       5      16 
     21      18      23
         10       8 
--8<--
found: sum= 82.0000 var=  0.0000 fitness= 82.0000
-->8--
          1       7 
     16       6      20
     22      14      18 
  3      23      17      12
 11       4       9       2
     19      15      24 
     13      21       5
         10       8 
--8<--
execution time: real 0.067885s user 0.006998s sys 0.000999s
GA: P=50 K=10 sp=2 xover=2D/1 optrpl=2 optskip=10 optmax=1.005952
generation #69: pop m= 78.623 v= 50.379 f= 54.293 best_age=1
best: found: sum= 82.0000 var=  0.0000 fitness= 82.0000
-->8--
          1       7 
     16       6      20
     22      14      18 
  3      23      17      12
 11       4       9       2
     19      15      24 
     13      21       5
         10       8 
--8<--
