found: sum=  0.0000 var=  0.0000 fitness=  0.0000
-->8--
         21      10 
     15      14      11
     16       5      20 
  1       8      19       3
  7      24       6      13
     23      17      18 
      9       4      22
          2      12 
--8<--
found: sum=  0.0000 var=  0.0000 fitness=  0.0000
-->8--
          8      21 
     22       4      19
     23      10      11 
 15       7       9      13
  1      16      18       6
     12      14      17 
      5       3      20
         24       2 
--8<--
found: sum=  0.0000 var=  0.0000 fitness=  0.0000
-->8--
         23      18 
     13       1      22
      8       6      21 
  2      24       7       9
  5      20      15       4
     16       3      19 
     12      10      17
         14      11 
--8<--
found: sum=  0.0000 var=  0.0000 fitness=  0.0000
-->8--
         17      18 
      4      21      11
     20       1      16 
  3      14      10      19
  8      23      24       2
      9       5       6 
     15      13       7
         12      22 
--8<--
execution time: real 0.088122s user 0.010998s sys 0.000000s
GA: P=50 K=25 sp=3 xover=2D/1
generation #0: pop m= 76.531 v=  0.204 f= 74.463 best_age=0
best: sum= 83.1429 var=  0.1224 fitness= 81.4286
-->8--
         17      13 
      5      20       8
     14      16      19 
  1      11       7       2
 10      23      22      15
     24       4      18 
      3      21       6
          9      12 
--8<--
found: sum= 79.0000 var=  0.0000 fitness= 79.0000
-->8--
         21      10 
     15      14      11
     16       5      20 
  1       8      19       3
  7      24       6      13
     23      17      18 
      9       4      22
          2      12 
--8<--
found: sum= 74.0000 var=  0.0000 fitness= 74.0000
-->8--
          8      21 
     22       4      19
     23      10      11 
 15       7       9      13
  1      16      18       6
     12      14      17 
      5       3      20
         24       2 
--8<--
found: sum= 75.0000 var=  0.0000 fitness= 75.0000
-->8--
         23      18 
     13       1      22
      8       6      21 
  2      24       7       9
  5      20      15       4
     16       3      19 
     12      10      17
         14      11 
--8<--
found: sum= 77.0000 var=  0.0000 fitness= 77.0000
-->8--
         17      18 
      4      21      11
     20       1      16 
  3      14      10      19
  8      23      24       2
      9       5       6 
     15      13       7
         12      22 
--8<--
