found: sum= 80.0000 var=  0.0000 fitness= 80.0000 age=0
-->8--
         11       1 
     13      10      18
     15      12      23 
  8      19      16      14
  7       9       4      17
     22      20       6 
      2      24      21
          3       5 
--8<--
found: sum= 75.0000 var=  0.0000 fitness= 75.0000 age=0
-->8--
         11       5 
     14      17      24
      2      19       7 
  1      12       3      21
 20      18       8      13
     22      15      23 
     10       4      16
          6       9 
--8<--
found: sum= 80.0000 var=  0.0000 fitness= 80.0000 age=0
-->8--
         13       8 
     12      19      24
     14       2       5 
 11      20      22       3
  4      10      17      15
     21       9      18 
      1      23       6
         16       7 
--8<--
found: sum= 78.0000 var=  0.0000 fitness= 78.0000 age=0
-->8--
          4      16 
      1      13      12
     22      20      15 
  5      18       2      23
  9      14       3      11
     10      21      24 
     19       6       7
          8      17 
--8<--
found: sum= 71.0000 var=  0.0000 fitness= 71.0000 age=0
-->8--
         20      16 
     18       5      19
      6       7      23 
 14      15       1       9
  4      22      24      11
     10       2       3 
     17       8      21
         12      13 
--8<--
found: sum= 75.0000 var=  0.0000 fitness= 75.0000 age=0
-->8--
          5      19 
     16      23      13
     12      10       6 
 22       9       4      21
  7       8      24      18
     17      20       2 
     14      15       3
          1      11 
--8<--
found: sum= 74.0000 var=  0.0000 fitness= 74.0000 age=0
-->8--
         24       5 
      6      17      13
      2       7       9 
  1      18      23      15
 22      11       3      10
     20      12      14 
      4       8      21
         19      16 
--8<--
found: sum= 75.0000 var=  0.0000 fitness= 75.0000 age=0
-->8--
          6      14 
      3      22       7
     16       5      10 
  1      23      17      18
 12      19       9      13
      4       2       8 
     24      15      20
         11      21 
--8<--
found: sum= 76.0000 var=  0.0000 fitness= 76.0000 age=0
-->8--
         17       8 
      4      20      12
     23      10       5 
 14       2      21      15
 22       6      18       1
      9      19      16 
     11       7      13
         24       3 
--8<--
found: sum= 75.0000 var=  0.0000 fitness= 75.0000 age=0
-->8--
         20      15 
     24      10      17
     12       4      11 
 22       5      18       8
  1      16      23      13
     19       9       2 
      7      21      14
          3       6 
--8<--
found: sum= 75.0000 var=  0.0000 fitness= 75.0000 age=0
-->8--
          6      17 
     24       5       9
      8      14      23 
 11      18       7      21
 10      15      19       1
     13       2       4 
      3      22      12
         20      16 
--8<--
found: sum= 77.0000 var=  0.0000 fitness= 77.0000 age=0
-->8--
          3      15 
     22      24      11
     10       2      20 
 19      16       5       7
  1      23      18      21
      8      13       6 
     12      17       9
          4      14 
--8<--
found: sum= 75.0000 var=  0.0000 fitness= 75.0000 age=0
-->8--
          1       7 
     21      11      22
      2      23       8 
 12      17       4      24
 13      16       5      14
     15      10      20 
      6      19      18
          9       3 
--8<--
found: sum= 77.0000 var=  0.0000 fitness= 77.0000 age=0
-->8--
         11       2 
      1      13      15
     21      24      18 
  3       7       5       6
 23      19      14      22
      4       8      12 
     20      17      16
          9      10 
--8<--
found: sum= 75.0000 var=  0.0000 fitness= 75.0000 age=0
-->8--
         24      17 
     19      15       4
      2       7      20 
 11       8      12      16
 18      13      21       1
     23      14       5 
      9      10      22
          6       3 
--8<--
found: sum= 76.0000 var=  0.0000 fitness= 76.0000 age=0
-->8--
         10       7 
      1      15      13
     23      11       8 
  5      16      22       3
 17       6       2      20
      9      19      21 
     24       4      18
         14      12 
--8<--
found: sum= 77.0000 var=  0.0000 fitness= 77.0000 age=0
-->8--
         15      18 
     13      19       9
      2       7      16 
  5      21       8       3
 24      14      23      10
     11       4      17 
     22      20      12
          6       1 
--8<--
found: sum= 79.0000 var=  0.0000 fitness= 79.0000 age=0
-->8--
          2      12 
      1      21      10
     22      24       7 
 19       9       5      20
  3      18      17      16
      8       6      14 
     11      23      15
         13       4 
--8<--
found: sum= 77.0000 var=  0.0000 fitness= 77.0000 age=0
-->8--
         21       3 
      4       6      10
     20      19      24 
 17       7      15       8
 22       2      11       5
      9      23      14 
     18      12      16
         13       1 
--8<--
found: sum= 73.0000 var=  0.0000 fitness= 73.0000 age=0
-->8--
         11      16 
     20      21       7
      6       2      22 
 14      13       5      24
 19      18      12       1
      3      23       9 
     17       4      15
          8      10 
--8<--
found: sum= 77.0000 var=  0.0000 fitness= 77.0000 age=0
-->8--
          3      20 
     24      12      14
     21       8      10 
  1       9      13       2
 11      19      23       7
     16       5      22 
     18       4      17
         15       6 
--8<--
found: sum= 81.0000 var=  0.0000 fitness= 81.0000 age=0
-->8--
          2       6 
     19      23       3
     22       8      17 
  4       7      24       5
 14      18      11       9
     16      13      15 
     21      12      10
          1      20 
--8<--
found: sum= 81.0000 var=  0.0000 fitness= 81.0000 age=0
-->8--
          5      19 
      8      16      20
     23       7      18 
  9      22       1      11
  2      10      17      13
     15      24      21 
      6      12       3
         14       4 
--8<--
found: sum= 78.0000 var=  0.0000 fitness= 78.0000 age=0
-->8--
         15       5 
     22      16       9
      4      19      21 
 18       2       8      12
 10      20      23       3
     24       6      11 
     13      14       7
          1      17 
--8<--
found: sum= 77.0000 var=  0.0000 fitness= 77.0000 age=0
-->8--
          1      23 
     17      22       8
     18       7       4 
 21      12      13      14
  9       6      24       2
     11      15      20 
     19      10       5
         16       3 
--8<--
found: sum= 80.0000 var=  0.0000 fitness= 80.0000 age=0
-->8--
         13       3 
     12      14      20
     21      15      10 
 11       5      18      16
  2      17      19       8
     24       6       9 
      7      22      23
          4       1 
--8<--
found: sum= 77.0000 var=  0.0000 fitness= 77.0000 age=0
-->8--
          9       5 
     20      24       6
      8      13      11 
 22       3      18      10
  7      16       4      15
     21      23      19 
      1       2      17
         14      12 
--8<--
found: sum= 78.0000 var=  0.0000 fitness= 78.0000 age=0
-->8--
          8      21 
     14      12       4
     19      23       5 
  6       2      13       3
 24       7      22      17
     20      11      18 
      9      16       1
         15      10 
--8<--
found: sum= 74.0000 var=  0.0000 fitness= 74.0000 age=0
-->8--
         15      10 
      1       2      23
     13      24       9 
 18      19       6       7
 11       8      14      17
      5       3      21 
     16      20      12
         22       4 
--8<--
found: sum= 75.0000 var=  0.0000 fitness= 75.0000 age=0
-->8--
          8       7 
      2      18      13
      3      24       9 
 11      20       4      17
  6      16      10      21
     19       1      14 
     22      12      15
          5      23 
--8<--
found: sum= 78.0000 var=  0.0000 fitness= 78.0000 age=0
-->8--
         24       8 
      4      18      12
     16      15      23 
  9       1       2      17
 10      20      19      11
     22      21       6 
      3       5      14
          7      13 
--8<--
found: sum= 73.0000 var=  0.0000 fitness= 73.0000 age=0
-->8--
          2      18 
      9      11      17
     13      23       1 
  7      15       3      19
 14      16       6      24
      8      10      20 
      5      12       4
         22      21 
--8<--
found: sum= 76.0000 var=  0.0000 fitness= 76.0000 age=0
-->8--
         18      13 
     20       1      10
     11      21      12 
  6       5      19       3
 17      14       2      16
     23      15      24 
      7       9       4
          8      22 
--8<--
found: sum= 84.0000 var=  0.0000 fitness= 84.0000 age=0
-->8--
         10       7 
      6      16      18
     24       9      20 
  1      19      14      12
  3      15       4      13
     22      23      21 
      2      17      11
          5       8 
--8<--
found: sum= 81.0000 var=  0.0000 fitness= 81.0000 age=0
-->8--
          1      18 
     13      21       5
     24       6      22 
  3      16       9       2
  7      12      23      14
     19      15      11 
     17       8       4
         10      20 
--8<--
found: sum= 74.0000 var=  0.0000 fitness= 74.0000 age=0
-->8--
         10      23 
      9       7      21
     24      16       6 
 11       8       1      22
  4      12      18      14
     15      19      13 
     20       5      17
          3       2 
--8<--
execution time: real 0.347095s user 0.158975s sys 0.001999s
GA: P=1024 K=512 sp=2 xover=2D/1 aging
generation #1: pop m= 76.310 v=59.425 f= 49.044
best: found: sum= 84.0000 var=  0.0000 fitness= 84.0000 age=1
-->8--
         10       7 
      6      16      18
     24       9      20 
  1      19      14      12
  3      15       4      13
     22      23      21 
      2      17      11
          5       8 
--8<--
found: sum= 75.0000 var=  0.0000 fitness= 75.0000 age=1
-->8--
         11       5 
     14      17      24
      2      19       7 
  1      12       3      21
 20      18       8      13
     22      15      23 
     10       4      16
          6       9 
--8<--
found: sum= 78.0000 var=  0.0000 fitness= 78.0000 age=1
-->8--
         15       5 
     22      16       9
      4      19      21 
 18       2       8      12
 10      20      23       3
     24       6      11 
     13      14       7
          1      17 
--8<--
found: sum= 77.0000 var=  0.0000 fitness= 77.0000 age=1
-->8--
          9       5 
     20      24       6
      8      13      11 
 22       3      18      10
  7      16       4      15
     21      23      19 
      1       2      17
         14      12 
--8<--
found: sum= 75.0000 var=  0.0000 fitness= 75.0000 age=1
-->8--
          6      14 
      3      22       7
     16       5      10 
  1      23      17      18
 12      19       9      13
      4       2       8 
     24      15      20
         11      21 
--8<--
found: sum= 76.0000 var=  0.0000 fitness= 76.0000 age=1
-->8--
         10       7 
      1      15      13
     23      11       8 
  5      16      22       3
 17       6       2      20
      9      19      21 
     24       4      18
         14      12 
--8<--
found: sum= 75.0000 var=  0.0000 fitness= 75.0000 age=1
-->8--
         20      15 
     24      10      17
     12       4      11 
 22       5      18       8
  1      16      23      13
     19       9       2 
      7      21      14
          3       6 
--8<--
found: sum= 77.0000 var=  0.0000 fitness= 77.0000 age=1
-->8--
          3      15 
     22      24      11
     10       2      20 
 19      16       5       7
  1      23      18      21
      8      13       6 
     12      17       9
          4      14 
--8<--
found: sum= 80.0000 var=  0.0000 fitness= 80.0000 age=1
-->8--
         13       3 
     12      14      20
     21      15      10 
 11       5      18      16
  2      17      19       8
     24       6       9 
      7      22      23
          4       1 
--8<--
found: sum= 75.0000 var=  0.0000 fitness= 75.0000 age=1
-->8--
          5      19 
     16      23      13
     12      10       6 
 22       9       4      21
  7       8      24      18
     17      20       2 
     14      15       3
          1      11 
--8<--
found: sum= 77.0000 var=  0.0000 fitness= 77.0000 age=1
-->8--
         21       3 
      4       6      10
     20      19      24 
 17       7      15       8
 22       2      11       5
      9      23      14 
     18      12      16
         13       1 
--8<--
found: sum= 77.0000 var=  0.0000 fitness= 77.0000 age=1
-->8--
         15      18 
     13      19       9
      2       7      16 
  5      21       8       3
 24      14      23      10
     11       4      17 
     22      20      12
          6       1 
--8<--
found: sum= 75.0000 var=  0.0000 fitness= 75.0000 age=1
-->8--
          6      17 
     24       5       9
      8      14      23 
 11      18       7      21
 10      15      19       1
     13       2       4 
      3      22      12
         20      16 
--8<--
found: sum= 80.0000 var=  0.0000 fitness= 80.0000 age=1
-->8--
         13       8 
     12      19      24
     14       2       5 
 11      20      22       3
  4      10      17      15
     21       9      18 
      1      23       6
         16       7 
--8<--
found: sum= 76.0000 var=  0.0000 fitness= 76.0000 age=1
-->8--
         17       8 
      4      20      12
     23      10       5 
 14       2      21      15
 22       6      18       1
      9      19      16 
     11       7      13
         24       3 
--8<--
found: sum= 77.0000 var=  0.0000 fitness= 77.0000 age=1
-->8--
         11       2 
      1      13      15
     21      24      18 
  3       7       5       6
 23      19      14      22
      4       8      12 
     20      17      16
          9      10 
--8<--
found: sum= 77.0000 var=  0.0000 fitness= 77.0000 age=1
-->8--
          3      20 
     24      12      14
     21       8      10 
  1       9      13       2
 11      19      23       7
     16       5      22 
     18       4      17
         15       6 
--8<--
found: sum= 74.0000 var=  0.0000 fitness= 74.0000 age=1
-->8--
         10      23 
      9       7      21
     24      16       6 
 11       8       1      22
  4      12      18      14
     15      19      13 
     20       5      17
          3       2 
--8<--
found: sum= 75.0000 var=  0.0000 fitness= 75.0000 age=1
-->8--
          1       7 
     21      11      22
      2      23       8 
 12      17       4      24
 13      16       5      14
     15      10      20 
      6      19      18
          9       3 
--8<--
found: sum= 75.0000 var=  0.0000 fitness= 75.0000 age=1
-->8--
         24      17 
     19      15       4
      2       7      20 
 11       8      12      16
 18      13      21       1
     23      14       5 
      9      10      22
          6       3 
--8<--
found: sum= 74.0000 var=  0.0000 fitness= 74.0000 age=1
-->8--
         24       5 
      6      17      13
      2       7       9 
  1      18      23      15
 22      11       3      10
     20      12      14 
      4       8      21
         19      16 
--8<--
found: sum= 71.0000 var=  0.0000 fitness= 71.0000 age=1
-->8--
         20      16 
     18       5      19
      6       7      23 
 14      15       1       9
  4      22      24      11
     10       2       3 
     17       8      21
         12      13 
--8<--
found: sum= 79.0000 var=  0.0000 fitness= 79.0000 age=1
-->8--
          2      12 
      1      21      10
     22      24       7 
 19       9       5      20
  3      18      17      16
      8       6      14 
     11      23      15
         13       4 
--8<--
found: sum= 74.0000 var=  0.0000 fitness= 74.0000 age=1
-->8--
         15      10 
      1       2      23
     13      24       9 
 18      19       6       7
 11       8      14      17
      5       3      21 
     16      20      12
         22       4 
--8<--
found: sum= 80.0000 var=  0.0000 fitness= 80.0000 age=1
-->8--
         11       1 
     13      10      18
     15      12      23 
  8      19      16      14
  7       9       4      17
     22      20       6 
      2      24      21
          3       5 
--8<--
found: sum= 75.0000 var=  0.0000 fitness= 75.0000 age=1
-->8--
          8       7 
      2      18      13
      3      24       9 
 11      20       4      17
  6      16      10      21
     19       1      14 
     22      12      15
          5      23 
--8<--
found: sum= 78.0000 var=  0.0000 fitness= 78.0000 age=1
-->8--
          8      21 
     14      12       4
     19      23       5 
  6       2      13       3
 24       7      22      17
     20      11      18 
      9      16       1
         15      10 
--8<--
found: sum= 78.0000 var=  0.0000 fitness= 78.0000 age=1
-->8--
         24       8 
      4      18      12
     16      15      23 
  9       1       2      17
 10      20      19      11
     22      21       6 
      3       5      14
          7      13 
--8<--
found: sum= 76.0000 var=  0.0000 fitness= 76.0000 age=1
-->8--
         18      13 
     20       1      10
     11      21      12 
  6       5      19       3
 17      14       2      16
     23      15      24 
      7       9       4
          8      22 
--8<--
found: sum= 81.0000 var=  0.0000 fitness= 81.0000 age=1
-->8--
          2       6 
     19      23       3
     22       8      17 
  4       7      24       5
 14      18      11       9
     16      13      15 
     21      12      10
          1      20 
--8<--
found: sum= 73.0000 var=  0.0000 fitness= 73.0000 age=1
-->8--
         11      16 
     20      21       7
      6       2      22 
 14      13       5      24
 19      18      12       1
      3      23       9 
     17       4      15
          8      10 
--8<--
found: sum= 73.0000 var=  0.0000 fitness= 73.0000 age=1
-->8--
          2      18 
      9      11      17
     13      23       1 
  7      15       3      19
 14      16       6      24
      8      10      20 
      5      12       4
         22      21 
--8<--
found: sum= 81.0000 var=  0.0000 fitness= 81.0000 age=1
-->8--
          1      18 
     13      21       5
     24       6      22 
  3      16       9       2
  7      12      23      14
     19      15      11 
     17       8       4
         10      20 
--8<--
found: sum= 81.0000 var=  0.0000 fitness= 81.0000 age=1
-->8--
          5      19 
      8      16      20
     23       7      18 
  9      22       1      11
  2      10      17      13
     15      24      21 
      6      12       3
         14       4 
--8<--
found: sum= 78.0000 var=  0.0000 fitness= 78.0000 age=1
-->8--
          4      16 
      1      13      12
     22      20      15 
  5      18       2      23
  9      14       3      11
     10      21      24 
     19       6       7
          8      17 
--8<--
found: sum= 77.0000 var=  0.0000 fitness= 77.0000 age=1
-->8--
          1      23 
     17      22       8
     18       7       4 
 21      12      13      14
  9       6      24       2
     11      15      20 
     19      10       5
         16       3 
--8<--
