found: sum= 79.0000 var=  0.0000 fitness= 79.0000
-->8--
         11      10 
     14      24      23
     16      12       3 
  8       2       7       9
 13      21      20      22
     19      17      18 
      1      15       5
          6       4 
--8<--
found: sum= 76.0000 var=  0.0000 fitness= 76.0000
-->8--
         12      11 
     21       1      17
     16       2      22 
 13      24      23       4
  3       5      14       6
     15       8       7 
      9      19      10
         20      18 
--8<--
found: sum= 77.0000 var=  0.0000 fitness= 77.0000
-->8--
          1      24 
      4      10      11
     23      22       7 
 15      17       3      19
  2       6       9      21
     14      20      18 
      8      13       5
         16      12 
--8<--
found: sum= 74.0000 var=  0.0000 fitness= 74.0000
-->8--
         23       8 
     13      24       7
      3      10       4 
 18       1      21      19
 20      15      22       2
     17       5       6 
      9      16      11
         12      14 
--8<--
found: sum= 75.0000 var=  0.0000 fitness= 75.0000
-->8--
         23      18 
      3       5      19
     21       1      15 
  4      22      17       7
  2      14      11      16
     12      10       9 
      6      13      24
         20       8 
--8<--
found: sum= 76.0000 var=  0.0000 fitness= 76.0000
-->8--
         14      16 
      6      24      15
     10       2       1 
  8      20      18       9
  3      13      12      17
     22      11      19 
      5       4      23
         21       7 
--8<--
found: sum= 76.0000 var=  0.0000 fitness= 76.0000
-->8--
         19      10 
     21       3      17
      8       1      23 
 14      24      22       2
  5       9      13       4
     16       7      12 
      6      18      15
         20      11 
--8<--
found: sum= 76.0000 var=  0.0000 fitness= 76.0000
-->8--
          9      11 
     16       4       2
     10      24      23 
 14      13      12      20
 15       5       1       3
     19      21      17 
     18       7      22
          6       8 
--8<--
found: sum= 76.0000 var=  0.0000 fitness= 76.0000
-->8--
         10       5 
     13       1      19
     14      22      21 
  7      16       8      23
  6      15       3       4
     18      12      17 
      2       9      24
         20      11 
--8<--
found: sum= 77.0000 var=  0.0000 fitness= 77.0000
-->8--
          6       5 
      7      24      18
     23       2      20 
 12      15       8      16
  4       9      22      10
     14      21       1 
     11       3      17
         19      13 
--8<--
found: sum= 78.0000 var=  0.0000 fitness= 78.0000
-->8--
          4      21 
     17       9       2
     23       6      24 
  8      19      16      20
  1      14       5       3
     13      18      10 
      7      11      12
         15      22 
--8<--
found: sum= 79.0000 var=  0.0000 fitness= 79.0000
-->8--
         18       4 
     23      21      14
     10       6      15 
 16       1      19       8
 11      24      22       3
     17       7      12 
      2      20       5
          9      13 
--8<--
found: sum= 74.0000 var=  0.0000 fitness= 74.0000
-->8--
         14      22 
     19      13       1
     21       5      17 
  9       2      16       8
 15      23      10      11
      4      18      12 
      6       3       7
         20      24 
--8<--
found: sum= 78.0000 var=  0.0000 fitness= 78.0000
-->8--
         18      11 
     22      21       7
      6       9      13 
 19       2      17       1
 20      15      23      14
     16      12      10 
      3      24       5
          8       4 
--8<--
found: sum= 70.0000 var=  0.0000 fitness= 70.0000
-->8--
         19      11 
     16       1       6
      3      21      23 
 13      10       8      24
 18      12       2       9
     14      17       4 
     15       5      20
          7      22 
--8<--
found: sum= 74.0000 var=  0.0000 fitness= 74.0000
-->8--
         18      16 
      6       4       1
      7      19      23 
  8      20      11      24
 14      12       9       5
     13       3       2 
     15      21      17
         10      22 
--8<--
found: sum= 81.0000 var=  0.0000 fitness= 81.0000
-->8--
         16       3 
      4      22       7
     20       9      23 
  8      10      17       1
  5      24      19       6
     14       2      15 
     18      11      13
         12      21 
--8<--
found: sum= 70.0000 var=  0.0000 fitness= 70.0000
-->8--
         19      22 
     15       2      12
      5      23       8 
 11       6       3      24
 18      16      21      10
     14       1       4 
     13      17      20
          9       7 
--8<--
found: sum= 78.0000 var=  0.0000 fitness= 78.0000
-->8--
         10       5 
     11      20      21
     24       1      13 
 14      12      18      15
  7       2      22       4
     19      23       6 
     17       8       3
          9      16 
--8<--
found: sum= 78.0000 var=  0.0000 fitness= 78.0000
-->8--
         19       5 
     16      20       9
      8      13      24 
 10       2       7      14
 22      15      23       4
     21      18       6 
      1      11       3
         12      17 
--8<--
found: sum= 76.0000 var=  0.0000 fitness= 76.0000
-->8--
         23      24 
      2      11       1
      6      19      16 
  3      15       5       8
 14      20      13      12
     18       4      22 
     17       7       9
         10      21 
--8<--
found: sum= 78.0000 var=  0.0000 fitness= 78.0000
-->8--
          8      11 
      7      16       4
     20      24       2 
 13       3      21       5
 19       1      15      23
     22      14      12 
      6      18      10
         17       9 
--8<--
found: sum= 73.0000 var=  0.0000 fitness= 73.0000
-->8--
         19       6 
      8      23      10
      1      18       5 
 16       4      11       7
 22      17      20       9
     13       3      21 
     14       2      15
         24      12 
--8<--
found: sum= 76.0000 var=  0.0000 fitness= 76.0000
-->8--
         23       4 
     12      14       6
      2      24       7 
 18       1      21       5
 19      16      11      10
     20       3      22 
      9      15       8
         13      17 
--8<--
found: sum= 76.0000 var=  0.0000 fitness= 76.0000
-->8--
         22      19 
     17       2       9
      6       5      23 
 11      24      18       1
 10      12      14       4
     13       3      16 
      7      20       8
         21      15 
--8<--
found: sum= 76.0000 var=  0.0000 fitness= 76.0000
-->8--
         22       9 
     21      20      12
      4       2      23 
 17       7      10       8
 18      14      24       5
     16      19       6 
      1      11       3
         15      13 
--8<--
found: sum= 79.0000 var=  0.0000 fitness= 79.0000
-->8--
          6       2 
      5      12      22
     19      23      13 
 10      14       7      24
 17       3      11       9
     16      21      15 
     18      20       8
          1       4 
--8<--
found: sum= 75.0000 var=  0.0000 fitness= 75.0000
-->8--
         19      10 
      4      22      17
      5      12       8 
 23      13       6      11
  7       3      21      14
     24      20      15 
      9       1       2
         18      16 
--8<--
found: sum= 76.0000 var=  0.0000 fitness= 76.0000
-->8--
          2      21 
     22      20      13
     23       5       3 
 15       4      14      18
  6      12      24      10
     16      17       7 
      1      11       8
         19       9 
--8<--
found: sum= 79.0000 var=  0.0000 fitness= 79.0000
-->8--
          4       1 
      3       8      23
     22      18      19 
  6      24      10      21
 14       2       9       5
     11      16      15 
     17      20       7
         13      12 
--8<--
found: sum= 80.0000 var=  0.0000 fitness= 80.0000
-->8--
         11       9 
      3      21       1
     18      17      24 
 19      10       8       5
 15       2      23      13
     16      20       7 
      6      14       4
         22      12 
--8<--
found: sum= 75.0000 var=  0.0000 fitness= 75.0000
-->8--
          2      23 
     20       9       5
     15      16      18 
 22      13       4      11
  1      10      24       6
     14       8      12 
     17       7      21
         19       3 
--8<--
found: sum= 74.0000 var=  0.0000 fitness= 74.0000
-->8--
         17      10 
     21       6      12
      4      23      15 
 13       3       8       7
 22      14      24       9
     18       2      11 
      5      16       1
         19      20 
--8<--
found: sum= 78.0000 var=  0.0000 fitness= 78.0000
-->8--
         12      23 
      3       4       9
     24      18      13 
 19      17      11       7
  2       1      21       6
     15      10      20 
     22      14       5
         16       8 
--8<--
found: sum= 79.0000 var=  0.0000 fitness= 79.0000
-->8--
         19      24 
     14       3       1
     21       6      23 
  7      16      22       2
  5      12       8       4
     18      15      20 
     11      10       9
         13      17 
--8<--
found: sum= 77.0000 var=  0.0000 fitness= 77.0000
-->8--
          8      18 
     16       1      22
     23       5      21 
  4      24      10       7
 11       6      19       3
      9      13      17 
     20      14       2
         15      12 
--8<--
found: sum= 81.0000 var=  0.0000 fitness= 81.0000
-->8--
          2       5 
     18      15       1
     24      19      20 
  8       3      21       9
 23      10      16       4
     13      12      11 
     17      22       6
          7      14 
--8<--
found: sum= 70.0000 var=  0.0000 fitness= 70.0000
-->8--
         24      20 
     17       3      23
      9       2      10 
  6      15      12       4
 11      21      19      18
      8       1       7 
      5      13      16
         22      14 
--8<--
found: sum= 76.0000 var=  0.0000 fitness= 76.0000
-->8--
         16      14 
      3      15      17
     20       1      24 
 12      21       5       4
  6       9      18      23
      8      22       2 
      7      11      13
         19      10 
--8<--
found: sum= 75.0000 var=  0.0000 fitness= 75.0000
-->8--
         18      11 
     19       6      14
      1       8      12 
 15      23      24      17
  5       9       7       2
     22       4      13 
     16      21      20
          3      10 
--8<--
found: sum= 75.0000 var=  0.0000 fitness= 75.0000
-->8--
          9       6 
     21      19      10
      4      14      11 
 22       8      15       7
 12      13      23      18
     16       2       1 
     17      24       5
          3      20 
--8<--
found: sum= 80.0000 var=  0.0000 fitness= 80.0000
-->8--
         16      14 
      4       6       2
     17      15      23 
  8      22      20       3
 11       1      12      13
     21      10       9 
      5      24       7
         19      18 
--8<--
found: sum= 77.0000 var=  0.0000 fitness= 77.0000
-->8--
         18      20 
     17       1       8
     14       3      23 
 11      24      22       9
  5       2       7       6
     21      19      10 
     15      16      13
          4      12 
--8<--
found: sum= 81.0000 var=  0.0000 fitness= 81.0000
-->8--
          2       8 
      1      23       9
     20      19       7 
 11      16      15      17
 10       3      24       6
     21       4      12 
     18      22      14
         13       5 
--8<--
found: sum= 78.0000 var=  0.0000 fitness= 78.0000
-->8--
         18       1 
      6       5      15
      9      23      22 
 11      17      12       4
  7      13      10      16
     21       3      14 
      2      19       8
         20      24 
--8<--
found: sum= 79.0000 var=  0.0000 fitness= 79.0000
-->8--
          4      24 
      9      11       1
     21      22      18 
 16      12       3       2
  7       8      20      19
     15      14      17 
      6      13      10
         23       5 
--8<--
found: sum= 71.0000 var=  0.0000 fitness= 71.0000
-->8--
         17      11 
     22      13       4
      1       6      23 
 15      12      14      24
 19      16       2       5
      8      21       3 
      9       7      20
         10      18 
--8<--
found: sum= 74.0000 var=  0.0000 fitness= 74.0000
-->8--
         15      13 
     20       3      18
      1      11      23 
  5      24       6      12
 17       8      21      10
     19       4       2 
     14      22      16
          7       9 
--8<--
found: sum= 73.0000 var=  0.0000 fitness= 73.0000
-->8--
         13      16 
     12       1      19
     23       3      20 
  2      21      14      15
 18       5       6      11
      4      24       7 
      8      10      17
         22       9 
--8<--
found: sum= 80.0000 var=  0.0000 fitness= 80.0000
-->8--
          3      23 
     12      16       2
     19      13      22 
 15      17       4       7
 10       5      21       8
     14      20      18 
      6      11       1
         24       9 
--8<--
found: sum= 81.0000 var=  0.0000 fitness= 81.0000
-->8--
         19       6 
      1      11      12
     22      24      21 
  3       4       7       2
 15      23      18      16
     14       5      17 
      9      20       8
         10      13 
--8<--
found: sum= 78.0000 var=  0.0000 fitness= 78.0000
-->8--
         10       1 
     15      24       7
     16       8      20 
 19       5      18       4
 13      23       3      11
      2      21      22 
      9       6      14
         17      12 
--8<--
found: sum= 82.0000 var=  0.0000 fitness= 82.0000
-->8--
          8       2 
      6      24      11
     18      16      14 
  4      10      15      13
  9      19      21       7
     22       1      12 
     17      20       5
          3      23 
--8<--
found: sum= 76.0000 var=  0.0000 fitness= 76.0000
-->8--
         18       6 
      2      21      20
     16      11      17 
  9       8       1      10
 12      24      19      14
      7      13      15 
     23       4       3
          5      22 
--8<--
found: sum= 78.0000 var=  0.0000 fitness= 78.0000
-->8--
         23      11 
     20      16      13
     14       3      17 
 19       2      18       9
  7      21      22       8
     15      12       4 
      5      24       6
          1      10 
--8<--
found: sum= 81.0000 var=  0.0000 fitness= 81.0000
-->8--
          4       3 
     12      14      13
     24      22      23 
 11       5       6       8
 18       7      20      15
     16      21       9 
     17      19      10
          1       2 
--8<--
found: sum= 77.0000 var=  0.0000 fitness= 77.0000
-->8--
         17      15 
     23      16      11
     12       2      14 
 22       7      19       9
 10      21       4      13
      5      24      18 
      6      20       8
          1       3 
--8<--
found: sum= 77.0000 var=  0.0000 fitness= 77.0000
-->8--
         19       8 
     20       5       6
      9      11      23 
  7      13      24       4
 16      15       2       3
     17      12      21 
     22      10      14
          1      18 
--8<--
found: sum= 74.0000 var=  0.0000 fitness= 74.0000
-->8--
          3      24 
     15      16      23
     18       8       2 
 10      14       1      13
 12       9      22      19
     11      20      17 
     21       6       5
          7       4 
--8<--
found: sum= 73.0000 var=  0.0000 fitness= 73.0000
-->8--
          9      23 
     18      13       6
      7      24       3 
 11       2       4       8
 15      22      20      17
     16       1      21 
     10       5      14
         19      12 
--8<--
found: sum= 78.0000 var=  0.0000 fitness= 78.0000
-->8--
          9      23 
      7      16       1
     22       3      18 
 14      21      17       8
 11       6      12      13
      4      19      10 
     24      20      15
          5       2 
--8<--
found: sum= 75.0000 var=  0.0000 fitness= 75.0000
-->8--
         14      23 
     12      16       1
      7       5      24 
 10      21       6       3
 20      13      22      11
      4       8       9 
     18      15      19
         17       2 
--8<--
found: sum= 80.0000 var=  0.0000 fitness= 80.0000
-->8--
          2      14 
     13      15       1
      3      24      19 
  6      23       7       4
 18      10      11      17
     20       5      22 
      8      21      12
         16       9 
--8<--
found: sum= 77.0000 var=  0.0000 fitness= 77.0000
-->8--
          7      19 
     14      10      16
     22       1      18 
  2      23      13      11
 20       4      12      15
      6      24       8 
     17      21       9
          5       3 
--8<--
found: sum= 78.0000 var=  0.0000 fitness= 78.0000
-->8--
          4      14 
      1      21       7
     13      22       6 
  5      17       8      20
 18       9      19       2
     16       3      23 
     15      11      12
         24      10 
--8<--
found: sum= 74.0000 var=  0.0000 fitness= 74.0000
-->8--
         12       1 
     16       2      21
      9      17      22 
  5      18      11       8
 13      19       3      23
     10       6       7 
      4      20      14
         15      24 
--8<--
found: sum= 80.0000 var=  0.0000 fitness= 80.0000
-->8--
          6       4 
      2      16       8
      9      24      15 
  3      23      13      10
 18       7      12      11
     20       1      19 
     17      21       5
         14      22 
--8<--
found: sum= 78.0000 var=  0.0000 fitness= 78.0000
-->8--
          4      16 
     19      11       9
     23       6      22 
  8      15      14       5
 12       2      17       7
     18      24      13 
     21       3       1
         10      20 
--8<--
found: sum= 76.0000 var=  0.0000 fitness= 76.0000
-->8--
          9      22 
     20       2       4
      7      14      23 
  5      24      11       1
 21       3      18      10
     16       6      13 
     15      19       8
         17      12 
--8<--
found: sum= 81.0000 var=  0.0000 fitness= 81.0000
-->8--
          1       3 
      4      17       2
     12      23      22 
 10      24      14       6
  9       8       7      11
     18       5      21 
     19      15      13
         16      20 
--8<--
found: sum= 77.0000 var=  0.0000 fitness= 77.0000
-->8--
         20      22 
     13      11       3
     24       8      23 
  7       1      10       4
 17      19      18      16
      9      21       6 
      2      12       5
         14      15 
--8<--
found: sum= 79.0000 var=  0.0000 fitness= 79.0000
-->8--
          4      14 
      1      18      10
     23      22      12 
 16      11       3      17
  9      15      21       2
      5       7      24 
     19      13       8
         20       6 
--8<--
found: sum= 76.0000 var=  0.0000 fitness= 76.0000
-->8--
          3       9 
      5      17      10
     24      13      11 
  2      14      16      20
 21       7       4       6
      8      22      19 
     23       1      12
         15      18 
--8<--
found: sum= 78.0000 var=  0.0000 fitness= 78.0000
-->8--
         23       4 
      8      18      13
     21       5      24 
 20       3      14       6
 10      15      22       1
      9      19      11 
     16       7      17
         12       2 
--8<--
found: sum= 78.0000 var=  0.0000 fitness= 78.0000
-->8--
          4       9 
      2      18       6
     12      20      15 
 21      22      10       8
 13       7       5      17
      3      14      23 
     24      19       1
         11      16 
--8<--
found: sum= 80.0000 var=  0.0000 fitness= 80.0000
-->8--
          2      12 
     22       5       6
     17      23      24 
 18      11      10       9
 13       1      14       8
     20      21      15 
     16      19       4
          3       7 
--8<--
found: sum= 76.0000 var=  0.0000 fitness= 76.0000
-->8--
          5       7 
      2      12       9
     23      20      11 
  3      14      17      19
 10       8       4      24
     18      13       1 
     16      15      22
          6      21 
--8<--
found: sum= 83.0000 var=  0.0000 fitness= 83.0000
-->8--
          2       5 
     12      22       1
      8      19      21 
  4      20      15      13
 18      16       7       3
     17       6      24 
     11      23       9
         10      14 
--8<--
execution time: real 0.257767s user 0.011998s sys 0.007998s
GA: P=50 K=10 sp=2 xover=2D/1 optrpl=2 optskip=10 optmax=1.142857
generation #292: pop m= 78.403 v= 50.565 f= 55.417 best_age=1
best: found: sum= 83.0000 var=  0.0000 fitness= 83.0000
-->8--
          2       5 
     12      22       1
      8      19      21 
  4      20      15      13
 18      16       7       3
     17       6      24 
     11      23       9
         10      14 
--8<--
found: sum= 76.0000 var=  0.0000 fitness= 76.0000
-->8--
          3       9 
      5      17      10
     24      13      11 
  2      14      16      20
 21       7       4       6
      8      22      19 
     23       1      12
         15      18 
--8<--
found: sum= 76.0000 var=  0.0000 fitness= 76.0000
-->8--
          5       7 
      2      12       9
     23      20      11 
  3      14      17      19
 10       8       4      24
     18      13       1 
     16      15      22
          6      21 
--8<--
found: sum= 75.0000 var=  0.0000 fitness= 75.0000
-->8--
         14      23 
     12      16       1
      7       5      24 
 10      21       6       3
 20      13      22      11
      4       8       9 
     18      15      19
         17       2 
--8<--
