found: sum= 77.0000 var=  0.0000 fitness= 77.0000
-->8--
          2      12 
      1      23      10
     14      24       5 
 20      13       3      19
 15       9      11      18
      6      17      21 
      7      16       8
         22       4 
--8<--
found: sum= 77.0000 var=  0.0000 fitness= 77.0000
-->8--
         20      11 
     19      12      14
      6       2      17 
  1      18      21      15
 13      23       9       5
     16       4      10 
      3      24      22
          7       8 
--8<--
found: sum= 78.0000 var=  0.0000 fitness= 78.0000
-->8--
         21      20 
      5      11       3
     22       2      23 
 18      17      19       1
  4      10       6      16
      7      24      13 
      8      14       9
         15      12 
--8<--
found: sum= 73.0000 var=  0.0000 fitness= 73.0000
-->8--
         20       1 
     18       3      16
     17       7      22 
 23       8      24      11
 14       5      10       2
      6      19       4 
      9      13      12
         21      15 
--8<--
found: sum= 75.0000 var=  0.0000 fitness= 75.0000
-->8--
         21       9 
      1       4      17
     20       5      18 
 12      24      22      15
  2      10       6      11
      7       8       3 
     13      23      16
         14      19 
--8<--
found: sum= 71.0000 var=  0.0000 fitness= 71.0000
-->8--
         24      19 
     14       2      20
      5      22       1 
  6       4       7      15
 23      16       9      21
     17      13      18 
     10      12      11
          3       8 
--8<--
found: sum= 74.0000 var=  0.0000 fitness= 74.0000
-->8--
         18      22 
      6       7      20
     23       3       1 
 16      17      21      14
  2       5       4      19
     11      24      15 
      9      13      10
         12       8 
--8<--
found: sum= 71.0000 var=  0.0000 fitness= 71.0000
-->8--
         23      13 
     16       5      19
      8       4      24 
 22      15       6       1
  3      14      21      12
      9      11       7 
     17       2      20
         18      10 
--8<--
found: sum= 74.0000 var=  0.0000 fitness= 74.0000
-->8--
         14      23 
     17       1       3
     13       7      24 
  4      22      16      19
 20       6       8       5
      9      15       2 
     12      21      10
         11      18 
--8<--
found: sum= 73.0000 var=  0.0000 fitness= 73.0000
-->8--
         18      13 
     21       1      17
     11      20      10 
 19       2      12       6
  3      22       8      14
     16       9      23 
     15       4       5
          7      24 
--8<--
found: sum= 77.0000 var=  0.0000 fitness= 77.0000
-->8--
         23      19 
     18       3      21
      7       4      20 
  1      22      10       6
 12      11      17       9
     24      13      15 
      5      16       2
          8      14 
--8<--
found: sum= 78.0000 var=  0.0000 fitness= 78.0000
-->8--
         22       8 
     21       1      15
     16       7      24 
  5      11      23       2
  9      18       6       3
     19      13      20 
     14      10      12
          4      17 
--8<--
found: sum= 73.0000 var=  0.0000 fitness= 73.0000
-->8--
         12      18 
     15       2      13
     10      11      24 
  3      23       5      14
 20       8       4       7
      9      22      19 
     16       1       6
         17      21 
--8<--
found: sum= 79.0000 var=  0.0000 fitness= 79.0000
-->8--
          3      15 
      6      24      10
     23      21       5 
 12       2       4      17
  7      22      14      20
     13      16      19 
      8      11       1
          9      18 
--8<--
found: sum= 77.0000 var=  0.0000 fitness= 77.0000
-->8--
          2      11 
      7      20       5
     16      13       4 
  9      19      24      22
  6      17       1      12
     10       3      14 
      8      21      15
         18      23 
--8<--
found: sum= 74.0000 var=  0.0000 fitness= 74.0000
-->8--
         18      20 
     24       1      21
     23       3       7 
  6       5      22      17
 12      19      10       4
      9      15      14 
      2      16       8
         13      11 
--8<--
found: sum= 77.0000 var=  0.0000 fitness= 77.0000
-->8--
         24      22 
     13      23       3
     10       5       7 
 20       2      17      11
  6      18      19       8
     21      16      15 
      1       9       4
         12      14 
--8<--
found: sum= 76.0000 var=  0.0000 fitness= 76.0000
-->8--
         24      17 
      6       5      20
     23       2      19 
  1      16      13       8
 21      11      12       9
      4      22      15 
      7      14       3
         18      10 
--8<--
found: sum= 78.0000 var=  0.0000 fitness= 78.0000
-->8--
         23      12 
     18       4      15
      8       3      24 
 10      22      20       6
  2      17       9       5
     19       7      14 
      1      21      16
         13      11 
--8<--
found: sum= 73.0000 var=  0.0000 fitness= 73.0000
-->8--
         15      23 
     16       2      20
     17       1      14 
 21      22      13       7
  4       6      19       9
      3      12      11 
     24      18       8
         10       5 
--8<--
found: sum= 77.0000 var=  0.0000 fitness= 77.0000
-->8--
          4       2 
     21      15       5
      7       8      23 
 17      22      24       9
 20       1       3       6
     10      19      12 
     13      18      14
         16      11 
--8<--
found: sum= 76.0000 var=  0.0000 fitness= 76.0000
-->8--
         20      15 
     18       2      16
     24       3      17 
 19       9      23       1
  7      13       6       8
      4      22      21 
     14      12      10
         11       5 
--8<--
found: sum= 77.0000 var=  0.0000 fitness= 77.0000
-->8--
         21       1 
      2      16      13
      7      23      20 
  9       8       4       3
 19      12      24      11
     22       6      15 
     14       5      10
         18      17 
--8<--
found: sum= 75.0000 var=  0.0000 fitness= 75.0000
-->8--
         24      13 
     19       2      16
     20       1      22 
  6       9      21       4
  7      18      14       3
     15      12      11 
     17       5      10
          8      23 
--8<--
found: sum= 82.0000 var=  0.0000 fitness= 82.0000
-->8--
          3       1 
     21      17      16
     23       6      18 
 11      12      24      10
  9      14       4       7
     13      22      19 
      5      20       2
          8      15 
--8<--
execution time: real 0.073955s user 0.005999s sys 0.001999s
GA: P=50 K=10 sp=2 xover=2D/1 optrpl=2 optskip=10 optmax=1.142857
generation #69: pop m= 78.257 v= 56.367 f= 51.100 best_age=1
best: found: sum= 82.0000 var=  0.0000 fitness= 82.0000
-->8--
          3       1 
     21      17      16
     23       6      18 
 11      12      24      10
  9      14       4       7
     13      22      19 
      5      20       2
          8      15 
--8<--
found: sum= 75.0000 var=  0.0000 fitness= 75.0000
-->8--
         24      13 
     19       2      16
     20       1      22 
  6       9      21       4
  7      18      14       3
     15      12      11 
     17       5      10
          8      23 
--8<--
found: sum= 79.0000 var=  0.0000 fitness= 79.0000
-->8--
          3      15 
      6      24      10
     23      21       5 
 12       2       4      17
  7      22      14      20
     13      16      19 
      8      11       1
          9      18 
--8<--
