found: sum= 79.0000 var=  0.0000 fitness= 79.0000
-->8--
          8      16 
     22       9      17
     14      15       4 
  2      11      18      12
 19      10      20       1
     23       5      24 
      7      21       3
         13       6 
--8<--
found: sum= 77.0000 var=  0.0000 fitness= 77.0000
-->8--
          2      10 
     23      15      11
      7      13       9 
  6      17      19      24
  8      21       4       1
     18       3      20 
      5      16      12
         14      22 
--8<--
found: sum= 81.0000 var=  0.0000 fitness= 81.0000
-->8--
         11      13 
      6      24      10
      7      17       8 
 15      16       9       4
  3      18      20      19
     22       1      21 
      5      23       2
         12      14 
--8<--
found: sum= 72.0000 var=  0.0000 fitness= 72.0000
-->8--
         24      21 
     20       1      23
     13       4       8 
 11      10      15       7
 18      17      14       9
      3      12      19 
      2      16       6
         22       5 
--8<--
found: sum= 76.0000 var=  0.0000 fitness= 76.0000
-->8--
         21       7 
     16      10      20
      2      15      11 
 14      12      13       1
 23       8      24       9
     17       4      18 
      6      22       3
         19       5 
--8<--
found: sum= 83.0000 var=  0.0000 fitness= 83.0000
-->8--
          9      20 
     15      23       7
     14       1      19 
  4      21      13       6
  5      22      16      11
     17      10      18 
      2      24      12
          8       3 
--8<--
found: sum= 85.0000 var=  0.0000 fitness= 85.0000
-->8--
          2      10 
     15      18       9
     21      17      20 
 13      12      11       8
  4      16      22       1
     19       7      23 
      5      24       3
         14       6 
--8<--
execution time: real 2.487535s user 0.051992s sys 0.124981s
GA: P=50 K=10 sp=2 xover=2D/1 optrpl=2 optskip=10 optmax=1.142857
generation #10908: pop m= 78.791 v=133.489 f= 29.821 best_age=1
best: found: sum= 85.0000 var=  0.0000 fitness= 85.0000
-->8--
          2      10 
     15      18       9
     21      17      20 
 13      12      11       8
  4      16      22       1
     19       7      23 
      5      24       3
         14       6 
--8<--
