found: sum=  0.0000 var=  0.0000 fitness=  0.0000
-->8--
          5       1 
     21       6      19
     22      11      23 
  2      13      18      12
  4      20       7      10
     17       9       8 
     15      14      16
          3      24 
--8<--
found: sum=  0.0000 var=  0.0000 fitness=  0.0000
-->8--
         21       8 
     19       3      13
      6      23      15 
  7       4      14       2
 17      18      16       9
     24       1      20 
     11      12      22
         10       5 
--8<--
found: sum=  0.0000 var=  0.0000 fitness=  0.0000
-->8--
         20      13 
     22       8       4
     15       9      18 
 11       1      23       3
 17      12      24       2
     19       6       5 
      7      10      16
         21      14 
--8<--
found: sum=  0.0000 var=  0.0000 fitness=  0.0000
-->8--
         21      16 
     22       6      23
      8       1       9 
 18      14      17      10
  5      24       4      13
      3      12      19 
      7      15      20
         11       2 
--8<--
execution time: real 0.012055s user 0.010998s sys 0.000999s
GA: P=50 K=25 sp=3 xover=2D/1
generation #0: pop m= 76.631 v=  0.191 f= 74.612 best_age=0
best: sum= 80.8571 var=  0.1224 fitness= 79.1429
-->8--
          2       9 
     18      21      13
      8      22      12 
 15      10       4      16
 11      17      23       7
     20       5      19 
      1      24       6
         14       3 
--8<--
found: sum= 78.0000 var=  0.0000 fitness= 78.0000
-->8--
          5       1 
     21       6      19
     22      11      23 
  2      13      18      12
  4      20       7      10
     17       9       8 
     15      14      16
          3      24 
--8<--
found: sum= 76.0000 var=  0.0000 fitness= 76.0000
-->8--
         21       8 
     19       3      13
      6      23      15 
  7       4      14       2
 17      18      16       9
     24       1      20 
     11      12      22
         10       5 
--8<--
found: sum= 75.0000 var=  0.0000 fitness= 75.0000
-->8--
         20      13 
     22       8       4
     15       9      18 
 11       1      23       3
 17      12      24       2
     19       6       5 
      7      10      16
         21      14 
--8<--
found: sum= 72.0000 var=  0.0000 fitness= 72.0000
-->8--
         21      16 
     22       6      23
      8       1       9 
 18      14      17      10
  5      24       4      13
      3      12      19 
      7      15      20
         11       2 
--8<--
