found: sum= 77.0000 var=  0.0000 fitness=  0.4583 age=0
-->8--
          7      13 
     14      16      23
     18      10       6 
  3      12       9      15
  8      17      24       1
     19       5      22 
     11       4      20
         21       2 
--8<--
found: sum= 77.0000 var=  0.0000 fitness=  0.4583 age=0
-->8--
         13      22 
     16      18       8
      9       1      11 
 12      20      17       4
  7       6      14      10
     23      19      21 
     24       3       5
          2      15 
--8<--
found: sum= 76.0000 var=  0.0000 fitness=  0.4524 age=0
-->8--
          1      14 
     19       9       6
     20      22      18 
 13       5       7      17
  3      24      16       8
     11       2      10 
     23      12      21
          4      15 
--8<--
execution time: real 0.759645s user 0.047992s sys 0.000000s
jsgmd24: M=7 A=2 B=3 P=512 K=256 sp=3 xover=2D/3 mut=6 replace_worst=51 aging explosion=128@0.005000*128 swap=2 hexspin=2
generation #4: pop m= 75.910 v=2.169 f= -1.717
best: found: sum= 77.0000 var=  0.0000 fitness=  0.4583 age=1
-->8--
          7      13 
     14      16      23
     18      10       6 
  3      12       9      15
  8      17      24       1
     19       5      22 
     11       4      20
         21       2 
--8<--
found: sum= 76.0000 var=  0.0000 fitness=  0.4524 age=1
-->8--
          1      14 
     19       9       6
     20      22      18 
 13       5       7      17
  3      24      16       8
     11       2      10 
     23      12      21
          4      15 
--8<--
found: sum= 77.0000 var=  0.0000 fitness=  0.4583 age=1
-->8--
         13      22 
     16      18       8
      9       1      11 
 12      20      17       4
  7       6      14      10
     23      19      21 
     24       3       5
          2      15 
--8<--
