found: sum= 77.0000 var=  0.0000 fitness= 77.0000
-->8--
         15       2 
     13      23       8
      7      14      11 
 20       5      19      21
 17      12       3       1
     16      24      22 
      9       6       4
         10      18 
--8<--
found: sum= 77.0000 var=  0.0000 fitness= 77.0000
-->8--
         15       2 
      8      22       4
      7      24       6 
 20       1      19       5
 17      18       3      21
     14      12      23 
      9      13      10
         11      16 
--8<--
found: sum= 75.0000 var=  0.0000 fitness= 75.0000
-->8--
         22      12 
      5       1      19
     17       7      21 
  6      23      15      24
  4      11      10       3
     14       9       2 
     13      20      16
          8      18 
--8<--
found: sum= 78.0000 var=  0.0000 fitness= 78.0000
-->8--
         18      13 
      7       1      15
     19      16      22 
  3      17      11      24
  4      12      14       2
     23       8       5 
      6      20      21
          9      10 
--8<--
found: sum= 75.0000 var=  0.0000 fitness= 75.0000
-->8--
         19       7 
     13      20      15
     16       6       9 
 21       1      18       8
 12      23      22      14
      2       5       4 
     11      24      17
         10       3 
--8<--
found: sum= 74.0000 var=  0.0000 fitness= 74.0000
-->8--
         13      17 
     21      24       1
      5       9      12 
 15       2      11      19
 16      14      18      10
     22      20       4 
      8       3       6
          7      23 
--8<--
found: sum= 75.0000 var=  0.0000 fitness= 75.0000
-->8--
          8       4 
      9       5       7
     17      23      21 
 11      13      15      14
 12      20       3      16
      2       1       6 
     18      24      19
         10      22 
--8<--
found: sum= 79.0000 var=  0.0000 fitness= 79.0000
-->8--
         18       1 
      3      23       2
      5      17      24 
 16      13      12       8
 20      14      19       6
     11       4      10 
     21      22       9
          7      15 
--8<--
found: sum= 79.0000 var=  0.0000 fitness= 79.0000
-->8--
          6       9 
      3       5       2
     24      19      23 
 11      22      21      14
  8       1       4       7
     13      12      10 
     15      20      16
         18      17 
--8<--
found: sum= 78.0000 var=  0.0000 fitness= 78.0000
-->8--
         21       8 
     10      24      11
     16       3      20 
  1       4      12      13
 15      19      22       6
     23      18       5 
      9       2      17
          7      14 
--8<--
found: sum= 78.0000 var=  0.0000 fitness= 78.0000
-->8--
         17       1 
     18      24      21
      5      10      15 
 13       4       7      11
 14      22      16       6
     20      19      23 
      2       3       8
         12       9 
--8<--
found: sum= 75.0000 var=  0.0000 fitness= 75.0000
-->8--
          6       4 
      2      15       9
     16      12      22 
 14      24      13       8
  7       3       5      17
     11      18      10 
     23       1      20
         19      21 
--8<--
found: sum= 77.0000 var=  0.0000 fitness= 77.0000
-->8--
          7      15 
      9      24       2
     16       1      17 
 11      20      18      23
 13      14       5      10
      3      19       4 
     12      21      22
          8       6 
--8<--
found: sum= 79.0000 var=  0.0000 fitness= 79.0000
-->8--
          7       1 
      5      24       4
      8      14      19 
 20      21      17       6
  3      16       2      12
     11       9      23 
     15      10      13
         18      22 
--8<--
found: sum= 81.0000 var=  0.0000 fitness= 81.0000
-->8--
          6       5 
      7      18       8
     14      23      12 
  2      13      15      10
 19      16      11       9
     17       3      24 
      4      20      22
         21       1 
--8<--
found: sum= 76.0000 var=  0.0000 fitness= 76.0000
-->8--
          4      14 
      2      19      13
     17      11      10 
  8      23       9      12
 16       5       6      15
      7      22      24 
     21       3      20
         18       1 
--8<--
found: sum= 74.0000 var=  0.0000 fitness= 74.0000
-->8--
          1       9 
      5      20      11
      3      22       2 
 24      23      10      17
  6       4       8      19
     14       7      18 
     15      13      12
         21      16 
--8<--
found: sum= 77.0000 var=  0.0000 fitness= 77.0000
-->8--
          6       1 
      4      12       9
     10      24      17 
  5      21      14       7
 23       2      13      18
     16       3       8 
     15      22      11
         19      20 
--8<--
found: sum= 78.0000 var=  0.0000 fitness= 78.0000
-->8--
          2       7 
     19      23      20
     24       1       6 
  4       9      21      15
 10      13      12       8
     18      22      16 
     17       3      11
          5      14 
--8<--
found: sum= 76.0000 var=  0.0000 fitness= 76.0000
-->8--
          8      12 
      4      16      11
     13      18       9 
  1      17      10      22
 24       6      23       5
     15       2       7 
     14      20      21
         19       3 
--8<--
found: sum= 82.0000 var=  0.0000 fitness= 82.0000
-->8--
          3       8 
      9      24       2
     18      12      14 
  5      16      22      13
 17       6       7      15
     20      19      11 
     10      23       1
          4      21 
--8<--
found: sum= 80.0000 var=  0.0000 fitness= 80.0000
-->8--
          8       1 
      9      22       2
     14      17      23 
 24      10      15       6
  3      13       4      12
     16      21      20 
     18       5      11
          7      19 
--8<--
found: sum= 78.0000 var=  0.0000 fitness= 78.0000
-->8--
         13       5 
     12      24      19
     16       7      14 
 17       6       9      23
  1      20      21       3
     18      15       8 
      4      10       2
         11      22 
--8<--
found: sum= 75.0000 var=  0.0000 fitness= 75.0000
-->8--
          4      21 
     20       6       1
     19      16      24 
 13      10       7       5
 17       2      18      12
     14      22       9 
     23       3      15
         11       8 
--8<--
found: sum= 78.0000 var=  0.0000 fitness= 78.0000
-->8--
          6      12 
      5      24      11
      4      21       2 
 13      18       8      10
 14       9      19      22
     20       3      17 
      7      23      15
         16       1 
--8<--
found: sum= 77.0000 var=  0.0000 fitness= 77.0000
-->8--
          2      12 
      8      10      21
     22      15      16 
  6      20       3      14
  5      11       4      17
     13      24      23 
      9       1      18
         19       7 
--8<--
found: sum= 78.0000 var=  0.0000 fitness= 78.0000
-->8--
          6      16 
      3      24      15
     22       2      11 
 14      21      10      17
  5       7      20      19
      9      18       1 
      8      23       4
         13      12 
--8<--
found: sum= 80.0000 var=  0.0000 fitness= 80.0000
-->8--
          6       1 
      5      22      12
      8      21      15 
  4      18       9       2
 17      14       7      24
     19      11      23 
      3      13      10
         20      16 
--8<--
found: sum= 81.0000 var=  0.0000 fitness= 81.0000
-->8--
         13       1 
      6      24      14
     18      11      16 
 23       9      15      10
  2      22       4      17
      7      20      19 
      8      21       5
          3      12 
--8<--
found: sum= 75.0000 var=  0.0000 fitness= 75.0000
-->8--
          4      13 
      3      11      14
     17      24       8 
  7      16       5      22
 20       6       1      21
      9      23      18 
     15      12       2
         10      19 
--8<--
found: sum= 81.0000 var=  0.0000 fitness= 81.0000
-->8--
          5      11 
      4      22       2
     12      21       9 
 13      17      16      19
 14       1       8       6
     24      18      23 
     20      15      10
          3       7 
--8<--
found: sum= 75.0000 var=  0.0000 fitness= 75.0000
-->8--
         21      10 
     20       4      15
      9       3      19 
 14      18      24      13
 17       1       6       8
     16      23       5 
      2      22       7
         11      12 
--8<--
found: sum= 75.0000 var=  0.0000 fitness= 75.0000
-->8--
         20       2 
     23      11      19
      1       4      18 
 12      16      21       9
 15       7       5      14
     24      22       8 
      6      13      10
          3      17 
--8<--
found: sum= 76.0000 var=  0.0000 fitness= 76.0000
-->8--
          7      12 
      4      22      19
     17       3      15 
  9      23       5      13
 10       6      18      24
     11      21       1 
     16      14      20
          8       2 
--8<--
found: sum= 72.0000 var=  0.0000 fitness= 72.0000
-->8--
          9      17 
     21      20      18
     13       2       3 
 11       7      12      10
 16       6      22      24
     19      23       1 
     15       4      14
          5       8 
--8<--
found: sum= 78.0000 var=  0.0000 fitness= 78.0000
-->8--
         18       7 
     16      20       9
     12       4      15 
 14       8      23       3
  1      22      19      13
     21       2       5 
      6      17      11
         10      24 
--8<--
found: sum= 80.0000 var=  0.0000 fitness= 80.0000
-->8--
          2      18 
      1      20      12
     22      16       3 
 14      19      11      13
  7       8      17      15
     10       9      21 
      6      24       4
         23       5 
--8<--
found: sum= 82.0000 var=  0.0000 fitness= 82.0000
-->8--
          1       8 
      9      24       5
     20      16       7 
  4      12      22      10
 14      15       6      18
     17      11      19 
      3      23       2
         13      21 
--8<--
found: sum= 79.0000 var=  0.0000 fitness= 79.0000
-->8--
          6      18 
      8      21       3
      9      15      17 
 14      20       5       7
  2      11      16      10
     23      12      24 
     19       1      22
         13       4 
--8<--
found: sum= 71.0000 var=  0.0000 fitness= 71.0000
-->8--
         17      11 
     12       1      22
     15      19       2 
 20       7      16      10
 18       6      14      21
      5       9       8 
     23      24       3
          4      13 
--8<--
found: sum= 83.0000 var=  0.0000 fitness= 83.0000
-->8--
          6      14 
      2      23       5
     17      13      12 
 10      22      16       9
 11       4       7      15
     19      21      24 
     18      20       3
          1       8 
--8<--
found: sum= 83.0000 var=  0.0000 fitness= 83.0000
-->8--
          4      10 
      3      22       1
     13      23      15 
  5      18      12       9
 19       8      16       7
     20       6      24 
     17      21      14
         11       2 
--8<--
found: sum= 74.0000 var=  0.0000 fitness= 74.0000
-->8--
          2      13 
      1      16      10
     12      23       3 
  8      20       9      19
 21       6       5      24
      7      11      14 
     17      18       4
         15      22 
--8<--
found: sum= 80.0000 var=  0.0000 fitness= 80.0000
-->8--
         10      12 
      5      24      21
     22       1       7 
  3      18      15       2
  4      17      20      13
     16       9      23 
     11       8      14
         19       6 
--8<--
found: sum= 82.0000 var=  0.0000 fitness= 82.0000
-->8--
         11       1 
      9      10      14
     15      20      21 
 19      17      16       2
  5       4      13       6
     22      12      24 
     23      18       7
          3       8 
--8<--
found: sum= 75.0000 var=  0.0000 fitness= 75.0000
-->8--
          4       8 
      6      16      13
     20      18       1 
 17      11      19       7
 12      10       3      21
      5      14      24 
     22       9      23
         15       2 
--8<--
found: sum= 79.0000 var=  0.0000 fitness= 79.0000
-->8--
          6      15 
     13      22       7
     18       8      16 
  2      12      11      24
  3      23       5       9
     21      20      14 
     10       4      19
          1      17 
--8<--
found: sum= 79.0000 var=  0.0000 fitness= 79.0000
-->8--
         21      12 
     19      24      10
      8       4      14 
 13       3      15       1
 17      16      18      11
     22      23      20 
      9       7       5
          2       6 
--8<--
found: sum= 73.0000 var=  0.0000 fitness= 73.0000
-->8--
         17       2 
     20      12      21
     11       9      23 
 18       4       6      10
 13      24      14       5
      3      16      15 
      7       1       8
         22      19 
--8<--
found: sum= 79.0000 var=  0.0000 fitness= 79.0000
-->8--
          3      15 
      1      20      12
     24       8      13 
  5      23      11       7
  6       2      17      22
     19      18       9 
     16      10      21
         14       4 
--8<--
found: sum= 78.0000 var=  0.0000 fitness= 78.0000
-->8--
          7      12 
     11      17       9
      8      20       2 
 22      15      18      24
 13       1      10       3
     19      14      21 
      5      23       6
         16       4 
--8<--
found: sum= 78.0000 var=  0.0000 fitness= 78.0000
-->8--
         17       4 
     20      18      23
      6      12      14 
  8       5       7      10
 13      24      21      15
     22       9      11 
      3      19       2
          1      16 
--8<--
found: sum= 77.0000 var=  0.0000 fitness= 77.0000
-->8--
         12       9 
     17      18      11
      8      16      13 
 15       6      10       3
  7      20      23       4
     21       2      24 
     19       1      22
         14       5 
--8<--
found: sum= 76.0000 var=  0.0000 fitness= 76.0000
-->8--
          8      13 
     21       3      11
      9      19      20 
 14      16      10       2
  7      12      15      23
     18       4       6 
     17      24      22
          1       5 
--8<--
found: sum= 78.0000 var=  0.0000 fitness= 78.0000
-->8--
          8      11 
     14      21      10
      7      12      15 
  1      16       9       6
 17      19       2      22
     18      20      24 
     13       5      23
          3       4 
--8<--
found: sum= 79.0000 var=  0.0000 fitness= 79.0000
-->8--
          5       2 
     19      23      24
     17      14       6 
 15       1      10      12
  7      21      13      16
     18      20      22 
      8       9      11
          3       4 
--8<--
found: sum= 76.0000 var=  0.0000 fitness= 76.0000
-->8--
         12      18 
      3      21      11
     19       5      20 
 14      16       1       2
  9       8      24      23
     10      22       6 
     17       4       7
         15      13 
--8<--
found: sum= 74.0000 var=  0.0000 fitness= 74.0000
-->8--
         20      11 
     21      23      13
      2       5      15 
 14       3       7       1
 22      16      24      18
     17      19       9 
     10       4      12
          8       6 
--8<--
found: sum= 74.0000 var=  0.0000 fitness= 74.0000
-->8--
         21      19 
     20       6      17
      9      11       3 
  5       7      18       2
 15      22       4      24
     16      12      23 
      1      13       8
         10      14 
--8<--
found: sum= 79.0000 var=  0.0000 fitness= 79.0000
-->8--
          4       1 
      6      15       2
     11      23      22 
  9      20      16       3
 17       8       7      19
     14       5      12 
     18      21      24
         13      10 
--8<--
found: sum= 77.0000 var=  0.0000 fitness= 77.0000
-->8--
          5      17 
      1      10      16
     23      18       3 
  2      20      13      24
  9      11       8      14
     12       7      15 
     19      22       4
          6      21 
--8<--
found: sum= 71.0000 var=  0.0000 fitness= 71.0000
-->8--
         19      16 
     20       5      14
      4       8      11 
  3      15      17      13
 18       9      21       2
     22       1       7 
     10       6      12
         23      24 
--8<--
found: sum= 77.0000 var=  0.0000 fitness= 77.0000
-->8--
         18       5 
     19       7      13
      8      23      20 
 10       2       9      24
 14      21       6       1
     22      16      17 
      4      11      15
          3      12 
--8<--
found: sum= 74.0000 var=  0.0000 fitness= 74.0000
-->8--
         14      12 
     20       2      15
      1      24      17 
 16      13       4      23
 18      19       5       3
      7       9      22 
     10      21      11
          8       6 
--8<--
found: sum= 80.0000 var=  0.0000 fitness= 80.0000
-->8--
         11       1 
      6      24       2
     13      16      19 
 22      10      18       4
  3      23       5      20
      9       8      14 
      7      21      15
         12      17 
--8<--
found: sum= 80.0000 var=  0.0000 fitness= 80.0000
-->8--
         10      11 
     24      16      17
     23       1      20 
 12       6      15       8
  7      18      19      13
     14      21       5 
      3      22       4
          2       9 
--8<--
found: sum= 76.0000 var=  0.0000 fitness= 76.0000
-->8--
         19      18 
      7       2       1
     23      22      20 
 11       3      13      16
 21       6       8      10
     12      24       9 
     15      14      17
          5       4 
--8<--
found: sum= 79.0000 var=  0.0000 fitness= 79.0000
-->8--
          4      14 
      5      17       3
      9      23      20 
 12      21       2       1
 16       6      19      13
     15       8      24 
     22      10      11
         18       7 
--8<--
found: sum= 80.0000 var=  0.0000 fitness= 80.0000
-->8--
          9       1 
      3      20      11
     18      14      21 
 10      16      13      15
 24       7       8       4
      5      22      19 
     23      17      12
          6       2 
--8<--
found: sum= 79.0000 var=  0.0000 fitness= 79.0000
-->8--
          1       5 
      8      11      22
     24      12      15 
  3      23      14      13
 20       2      10       6
      7      18      21 
     19      17       4
         16       9 
--8<--
found: sum= 79.0000 var=  0.0000 fitness= 79.0000
-->8--
         19       8 
     21      20      10
      9       3      24 
 12       7      14       1
  6      23      17       5
     22      15      18 
      4       2      16
         13      11 
--8<--
found: sum= 77.0000 var=  0.0000 fitness= 77.0000
-->8--
          3      16 
      5      24      11
     18      15       9 
 10      12       2      21
 17       6      22       4
     14      20      19 
     13       1       8
         23       7 
--8<--
found: sum= 74.0000 var=  0.0000 fitness= 74.0000
-->8--
         17      21 
     12      23      14
     16       4       1 
 10       2      11      13
 24      15      22       9
      7      20      18 
     19       5       6
          8       3 
--8<--
found: sum= 76.0000 var=  0.0000 fitness= 76.0000
-->8--
          8      24 
     20      13      11
     22       7       4 
 10       6      17       5
 14      21      16      19
      3       9      15 
     18      23      12
          2       1 
--8<--
found: sum= 78.0000 var=  0.0000 fitness= 78.0000
-->8--
         12      15 
     16       1      11
     14      13      18 
  8      22      20      19
  6       4       2       9
     24      17      10 
      3      23       5
          7      21 
--8<--
found: sum= 71.0000 var=  0.0000 fitness= 71.0000
-->8--
         23      18 
      4       9       8
      1      12      21 
 17      22       3       2
 15       5      19      20
     11      10       6 
     14       7      16
         24      13 
--8<--
found: sum= 78.0000 var=  0.0000 fitness= 78.0000
-->8--
          7       1 
      2      17      22
      8      23      11 
 16      21       4       6
 10       3      14      24
     20      13      19 
     18      15      12
          9       5 
--8<--
found: sum= 77.0000 var=  0.0000 fitness= 77.0000
-->8--
          6      17 
      5      12      20
     19      14       3 
  7      21      11      15
 13       8       1      23
      9      22      24 
      4      18       2
         16      10 
--8<--
found: sum= 78.0000 var=  0.0000 fitness= 78.0000
-->8--
          6       5 
      4      24      17
     16      13       1 
 12      15      18      20
 14       2      21      11
     19       9       7 
      3      23      10
         22       8 
--8<--
found: sum= 76.0000 var=  0.0000 fitness= 76.0000
-->8--
          5       4 
     11      18      13
      7      19       8 
 22      16      14       2
  1       6       9      23
     24      12      20 
     21       3      15
         10      17 
--8<--
found: sum= 77.0000 var=  0.0000 fitness= 77.0000
-->8--
          4      16 
      1      10      14
     24      15       5 
 18      23      17      12
  7       2       9      13
      3      11      21 
     20      22       8
         19       6 
--8<--
found: sum= 80.0000 var=  0.0000 fitness= 80.0000
-->8--
          5      15 
      6      18      13
     14      21       1 
 11      16      12      22
 10       9      19       2
     20       3      24 
     17      23       4
          8       7 
--8<--
found: sum= 79.0000 var=  0.0000 fitness= 79.0000
-->8--
          5       1 
     10       2      17
     20      23      21 
 16      19      15       4
  7      11       3      14
      6       8      22 
     12      24      13
         18       9 
--8<--
found: sum= 79.0000 var=  0.0000 fitness= 79.0000
-->8--
          6      15 
     10      24      13
     16       3       2 
 14      20      22      18
  1       9      21       5
     19       4      11 
     17      23      12
          7       8 
--8<--
found: sum= 74.0000 var=  0.0000 fitness= 74.0000
-->8--
         24       3 
     22       7      15
     14       6      20 
 13       1      23       2
 18      11      12       9
     17      21       8 
      5       4      19
         16      10 
--8<--
found: sum= 78.0000 var=  0.0000 fitness= 78.0000
-->8--
          9       5 
      2      19       3
     13      20      17 
  4      15      14       6
 22       1      18      16
     23      10       7 
     21      11      24
         12       8 
--8<--
found: sum= 77.0000 var=  0.0000 fitness= 77.0000
-->8--
          5      16 
      4       9      23
     20      24       2 
 10      15       3      19
  7      14      13      18
     11       8      22 
     17      21      12
          6       1 
--8<--
found: sum= 75.0000 var=  0.0000 fitness= 75.0000
-->8--
          5      14 
      8       2      13
     21      19      24 
 18      20       3      15
  1       4      17       9
     11      12       7 
     16      10       6
         22      23 
--8<--
found: sum= 75.0000 var=  0.0000 fitness= 75.0000
-->8--
          3      13 
     22       9       7
     15      24      21 
 12       2       1      20
 18      23      17      10
      5       8       6 
     16      19      11
          4      14 
--8<--
found: sum= 78.0000 var=  0.0000 fitness= 78.0000
-->8--
          8      12 
      6      22      19
     17      20       4 
  3       5       1      11
 14      24      21      18
     15       7      23 
     10       9      16
         13       2 
--8<--
found: sum= 76.0000 var=  0.0000 fitness= 76.0000
-->8--
          9      15 
     18      21       4
     22       1      16 
  8       5      19      12
 11      17      24       3
     13      10       2 
      7       6      14
         23      20 
--8<--
found: sum= 78.0000 var=  0.0000 fitness= 78.0000
-->8--
          9       5 
      3      17       4
     19      14      20 
 15      16      18      10
  6       1       7      12
     21      22      11 
      8       2      13
         24      23 
--8<--
found: sum= 79.0000 var=  0.0000 fitness= 79.0000
-->8--
          7      11 
     22       3      16
     24      10      20 
 12      13      19       2
  6       1      21       9
     23      15       8 
      5      17       4
         18      14 
--8<--
found: sum= 81.0000 var=  0.0000 fitness= 81.0000
-->8--
          9      16 
      5      23       3
     13      12      10 
 11      19      17       4
  8       6       7      22
     24      20      21 
     15      14      18
          2       1 
--8<--
found: sum= 77.0000 var=  0.0000 fitness= 77.0000
-->8--
         10       2 
     15      13      20
     14       1      19 
 21      24      22       7
  3       4       8       5
     11      18      16 
     23      12       6
          9      17 
--8<--
found: sum= 73.0000 var=  0.0000 fitness= 73.0000
-->8--
          4       5 
     20       6      13
      2      18      19 
 21      23      12      22
 11       9       1       3
      7      10      16 
     24      15      14
          8      17 
--8<--
found: sum= 74.0000 var=  0.0000 fitness= 74.0000
-->8--
          2      24 
     21       3       1
     10      15      20 
 18      23      11      19
  4      12       5       6
      7       8      13 
     16      17      22
         14       9 
--8<--
found: sum= 77.0000 var=  0.0000 fitness= 77.0000
-->8--
         15      10 
     21      18      23
     19       1      13 
 14       3      12       7
  2      17      24      16
     22      20       5 
      4       8      11
          6       9 
--8<--
found: sum= 81.0000 var=  0.0000 fitness= 81.0000
-->8--
         23      22 
      6      21       1
     10      12      18 
 11       9       7       4
 15      17      20       8
     19      16      24 
      2      13       5
         14       3 
--8<--
found: sum= 81.0000 var=  0.0000 fitness= 81.0000
-->8--
         22       2 
      5      18      15
     12      13      16 
  4      11      17       7
 10      20      19       8
     24       1      14 
      9      21      23
          6       3 
--8<--
found: sum= 75.0000 var=  0.0000 fitness= 75.0000
-->8--
          6      19 
     10      11       7
     24      20       1 
 23       4      17      22
  2      14       5      12
      8      15      18 
     16      13       3
          9      21 
--8<--
found: sum= 82.0000 var=  0.0000 fitness= 82.0000
-->8--
          4       1 
      8      22      15
     13      19      23 
  3      16       2       7
 12      14      11      21
     24      20      18 
      5      10      17
          9       6 
--8<--
found: sum= 79.0000 var=  0.0000 fitness= 79.0000
-->8--
          3       7 
      2      22       1
      5      24      12 
  8      23      13      11
 19       9       6      17
     15       4      20 
     14      21      10
         16      18 
--8<--
found: sum= 79.0000 var=  0.0000 fitness= 79.0000
-->8--
          6       1 
      4      23       3
      5      20      15 
  8      21      17      22
 19      10       2      11
     16       9      12 
      7      24      18
         13      14 
--8<--
found: sum= 83.0000 var=  0.0000 fitness= 83.0000
-->8--
          4       3 
      5      23       2
     14      22      21 
  7      15      12      19
 11      20       6       1
     16       8      24 
     13      17      10
          9      18 
--8<--
found: sum= 75.0000 var=  0.0000 fitness= 75.0000
-->8--
         10       7 
     17       2      23
      6      16      18 
  8      24       9       1
  5      12      11      22
     20       3      14 
      4      15      13
         21      19 
--8<--
found: sum= 82.0000 var=  0.0000 fitness= 82.0000
-->8--
          1       2 
      9      18       3
     13      22      23 
  5      19      14      11
 24       6       4      10
     15      17      20 
     16      21       8
          7      12 
--8<--
found: sum= 81.0000 var=  0.0000 fitness= 81.0000
-->8--
         24      14 
      2      19       9
     23       1      20 
  4      12      18       8
 15      11      22       7
     16      17       6 
     13      21       5
          3      10 
--8<--
found: sum= 82.0000 var=  0.0000 fitness= 82.0000
-->8--
          1       2 
      9      18       3
     13      22      23 
  5      19      14      11
 24       6       4      10
     15      17      20 
     16      21       8
          7      12 
--8<--
found: sum= 80.0000 var=  0.0000 fitness= 80.0000
-->8--
          1       9 
     14      23       3
      8      16      17 
  5      18      12      13
 21       6       4      15
     22      24      19 
     10      11       2
          7      20 
--8<--
found: sum= 77.0000 var=  0.0000 fitness= 77.0000
-->8--
         22       5 
     21       9      13
     16       3      24 
  2       6      23      10
 20      19      15       1
     14      11       4 
      7      18      12
          8      17 
--8<--
found: sum= 79.0000 var=  0.0000 fitness= 79.0000
-->8--
          3      12 
      2      24       7
     11      23       5 
 22      16       8      19
  6      10      18       9
     14       4      20 
     13      21       1
         17      15 
--8<--
found: sum= 73.0000 var=  0.0000 fitness= 73.0000
-->8--
         20      14 
     24       9       4
     13       1      23 
 17       6      22       2
 12      18       5      11
      7      21      10 
      8       3      15
         16      19 
--8<--
found: sum= 84.0000 var=  0.0000 fitness= 84.0000
-->8--
          3       1 
      6      15      11
     20      23      18 
  8      17      16      12
  7      10       5       9
     22      13      24 
     14      21      19
          4       2 
--8<--
execution time: real 0.375368s user 0.014997s sys 0.006998s
GA: P=50 K=10 sp=2 xover=2D/1 optrpl=2 optskip=10 optmax=1.142857
generation #480: pop m= 79.006 v= 49.438 f= 56.193 best_age=1
best: found: sum= 84.0000 var=  0.0000 fitness= 84.0000
-->8--
          3       1 
      6      15      11
     20      23      18 
  8      17      16      12
  7      10       5       9
     22      13      24 
     14      21      19
          4       2 
--8<--
found: sum= 81.0000 var=  0.0000 fitness= 81.0000
-->8--
         24      14 
      2      19       9
     23       1      20 
  4      12      18       8
 15      11      22       7
     16      17       6 
     13      21       5
          3      10 
--8<--
found: sum= 73.0000 var=  0.0000 fitness= 73.0000
-->8--
         20      14 
     24       9       4
     13       1      23 
 17       6      22       2
 12      18       5      11
      7      21      10 
      8       3      15
         16      19 
--8<--
found: sum= 79.0000 var=  0.0000 fitness= 79.0000
-->8--
          3      12 
      2      24       7
     11      23       5 
 22      16       8      19
  6      10      18       9
     14       4      20 
     13      21       1
         17      15 
--8<--
found: sum= 80.0000 var=  0.0000 fitness= 80.0000
-->8--
          1       9 
     14      23       3
      8      16      17 
  5      18      12      13
 21       6       4      15
     22      24      19 
     10      11       2
          7      20 
--8<--
found: sum= 82.0000 var=  0.0000 fitness= 82.0000
-->8--
          1       2 
      9      18       3
     13      22      23 
  5      19      14      11
 24       6       4      10
     15      17      20 
     16      21       8
          7      12 
--8<--
found: sum= 77.0000 var=  0.0000 fitness= 77.0000
-->8--
         22       5 
     21       9      13
     16       3      24 
  2       6      23      10
 20      19      15       1
     14      11       4 
      7      18      12
          8      17 
--8<--
found: sum= 82.0000 var=  0.0000 fitness= 82.0000
-->8--
          1       2 
      9      18       3
     13      22      23 
  5      19      14      11
 24       6       4      10
     15      17      20 
     16      21       8
          7      12 
--8<--
found: sum= 83.0000 var=  0.0000 fitness= 83.0000
-->8--
          4       3 
      5      23       2
     14      22      21 
  7      15      12      19
 11      20       6       1
     16       8      24 
     13      17      10
          9      18 
--8<--
