found: sum= 75.0000 var=  0.0000 fitness=  0.4464 age=0
-->8--
          3      20 
      7      22      13
     21      10       4 
 19      12       6       9
  5      16      23      18
      2       8      15 
     14      11      17
         24       1 
--8<--
found: sum= 73.0000 var=  0.0000 fitness=  0.4345 age=0
-->8--
         23      20 
      7       4      17
     12       8       9 
  2      19      15      22
 13       6      14      10
     21      11       3 
     18      16      24
          1       5 
--8<--
execution time: real 1.391147s user 0.034994s sys 0.001999s
jsgmd24: M=7 A=2 B=3 P=512 K=256 sp=3 xover=2D/3 mut=6 replace_worst=51 aging explosion=128@0.005000*128 swap=2 hexspin=2
generation #2: pop m= 76.026 v=7.263 f= -6.810
best: found: sum= 75.0000 var=  0.0000 fitness=  0.4464 age=1
-->8--
          3      20 
      7      22      13
     21      10       4 
 19      12       6       9
  5      16      23      18
      2       8      15 
     14      11      17
         24       1 
--8<--
found: sum= 73.0000 var=  0.0000 fitness=  0.4345 age=1
-->8--
         23      20 
      7       4      17
     12       8       9 
  2      19      15      22
 13       6      14      10
     21      11       3 
     18      16      24
          1       5 
--8<--
