found: sum=  0.0000 var=  0.0000 fitness=  0.0000
-->8--
         11      15 
      5      21       8
     13      24       3 
 17       1       4      20
 19      18      16      23
      7      12       9 
      2      22      10
         14       6 
--8<--
found: sum=  0.0000 var=  0.0000 fitness=  0.0000
-->8--
         17       3 
     20      22      11
      2      13      12 
  9       1      14       4
 16      23      19      18
     24       5       8 
     10       7      15
          6      21 
--8<--
found: sum=  0.0000 var=  0.0000 fitness=  0.0000
-->8--
          4      10 
      1      23       9
     24      19      15 
 11       8       3       2
 16      13      22      17
      7      14      20 
     21       6       5
         18      12 
--8<--
execution time: real 0.065238s user 0.013997s sys 0.000000s
GA: P=50 K=25 sp=3 xover=2D/1
generation #0: pop m= 76.646 v=  0.232 f= 74.423 best_age=0
best: sum= 85.1429 var=  0.4082 fitness= 82.0130
-->8--
         17       3 
      4      22       7
     23       9      24 
  6      10      20       8
  5      19      13       2
     21      15      18 
      1      16      12
         14      11 
--8<--
found: sum= 75.0000 var=  0.0000 fitness= 75.0000
-->8--
         11      15 
      5      21       8
     13      24       3 
 17       1       4      20
 19      18      16      23
      7      12       9 
      2      22      10
         14       6 
--8<--
found: sum= 75.0000 var=  0.0000 fitness= 75.0000
-->8--
         17       3 
     20      22      11
      2      13      12 
  9       1      14       4
 16      23      19      18
     24       5       8 
     10       7      15
          6      21 
--8<--
found: sum= 79.0000 var=  0.0000 fitness= 79.0000
-->8--
          4      10 
      1      23       9
     24      19      15 
 11       8       3       2
 16      13      22      17
      7      14      20 
     21       6       5
         18      12 
--8<--
