found: sum= 74.0000 var=  0.0000 fitness= 74.0000 age=0
-->8--
         19      17 
      7       1      22
     20       6      16 
 13      21      12      14
  2       8       3      11
     10      24      18 
      4       5       9
         23      15 
--8<--
found: sum= 79.0000 var=  0.0000 fitness= 79.0000 age=0
-->8--
          2      24 
     19       7       1
     17      20      22 
  4      14       5      12
 15      21       9      13
      8      10      18 
     11      23       3
          6      16 
--8<--
found: sum= 74.0000 var=  0.0000 fitness= 74.0000 age=0
-->8--
          2      22 
     23       5       4
     17       6      13 
 12      21      24       8
 14       9       3       7
      1      11      19 
     20      15      10
         18      16 
--8<--
found: sum= 75.0000 var=  0.0000 fitness= 75.0000 age=0
-->8--
          1      17 
     20      21      12
     15       4       2 
  7      14      19      22
 13       3      11      16
     23      24       5 
      6       9       8
         10      18 
--8<--
found: sum= 82.0000 var=  0.0000 fitness= 82.0000 age=0
-->8--
          4       3 
      1      23       7
     17      19      24 
 16      18       6      15
  2       8      22      10
     21       9       5 
     11      20      12
         13      14 
--8<--
found: sum= 75.0000 var=  0.0000 fitness= 75.0000 age=0
-->8--
         23      24 
     13       7       2
      5      18       8 
 17       9      16      10
 19       4       6      15
     21      22      20 
      3      14       1
         11      12 
--8<--
found: sum= 76.0000 var=  0.0000 fitness= 76.0000 age=0
-->8--
          1       3 
     24      11      19
     17      16      23 
  6       7       4      13
 20      18      10      14
      8      21      12 
      5       9      22
         15       2 
--8<--
found: sum= 78.0000 var=  0.0000 fitness= 78.0000 age=0
-->8--
          8       3 
      9       5      10
     24      21      23 
 15      11      16       6
 17       4      14       1
      7      12      18 
     20      13      19
         22       2 
--8<--
found: sum= 82.0000 var=  0.0000 fitness= 82.0000 age=0
-->8--
          7      20 
      1      13       3
     17      23      15 
  6      21       8      14
  5       9      11      12
     24      10      22 
     18      19      16
          2       4 
--8<--
found: sum= 75.0000 var=  0.0000 fitness= 75.0000 age=0
-->8--
         13      22 
     19       3      10
     24      11      12 
  1       5      17       2
 16       6      15      20
     23      21       9 
      7       4       8
         14      18 
--8<--
found: sum= 78.0000 var=  0.0000 fitness= 78.0000 age=0
-->8--
         10      19 
     18      16      17
      7       5       8 
 15      22      13       9
  1      12      20       4
     21       6      24 
      2      14       3
         23      11 
--8<--
found: sum= 71.0000 var=  0.0000 fitness= 71.0000 age=0
-->8--
          1       3 
     24      13      21
      6      10      16 
 12      17       8       5
 18      11      23      15
      7       2       4 
     20       9      14
         22      19 
--8<--
found: sum= 71.0000 var=  0.0000 fitness= 71.0000 age=0
-->8--
         12       8 
     23       9       7
      6       5      24 
 11      16      18      10
 22       3      14       4
     13      15       1 
     17       2      19
         21      20 
--8<--
found: sum= 78.0000 var=  0.0000 fitness= 78.0000 age=0
-->8--
          5      14 
      2      16      24
     19      15       1 
 12      21       8      17
  7      10      11      18
      9      13      23 
      4      22       6
         20       3 
--8<--
found: sum= 76.0000 var=  0.0000 fitness= 76.0000 age=0
-->8--
          7       6 
     23       8      12
      1      15      24 
  5      22      11      13
 10      21       3       9
     17       4      16 
     18      14      19
          2      20 
--8<--
found: sum= 73.0000 var=  0.0000 fitness= 73.0000 age=0
-->8--
         19       6 
     15      10      24
      8       1      23 
 21      20       9      18
  3      14      17       2
      7      12       4 
     11      13      22
         16       5 
--8<--
found: sum= 75.0000 var=  0.0000 fitness= 75.0000 age=0
-->8--
         12       1 
      5      18       9
     22      14      23 
  8       4      10      19
 13      21      15       6
      7      11       2 
     17       3      24
         16      20 
--8<--
found: sum= 77.0000 var=  0.0000 fitness= 77.0000 age=0
-->8--
         10       2 
     14      23      13
     15      12       6 
 11       3      21       1
 20      24       8      22
      4       9      19 
     17      18      16
          5       7 
--8<--
found: sum= 79.0000 var=  0.0000 fitness= 79.0000 age=0
-->8--
         15       8 
      3      20       4
      2      16      21 
  1      23      10      17
 19      12      11      14
     22       7       6 
      5      24      13
          9      18 
--8<--
found: sum= 79.0000 var=  0.0000 fitness= 79.0000 age=0
-->8--
         21      13 
      9      18       7
     11      19      20 
  6       1       2      14
 22      16      24       4
     23      17      15 
      5       8       3
         10      12 
--8<--
found: sum= 78.0000 var=  0.0000 fitness= 78.0000 age=0
-->8--
         22      16 
      7      24      12
     13       3       4 
  2       9      19       5
 10      21      15      17
     23      11      18 
      1       8       6
         14      20 
--8<--
found: sum= 76.0000 var=  0.0000 fitness= 76.0000 age=0
-->8--
          8       1 
     11       6      15
     14      21      20 
 10      16      13       3
 22       2       7       9
     12      17      24 
     23       4      19
         18       5 
--8<--
found: sum= 76.0000 var=  0.0000 fitness= 76.0000 age=0
-->8--
          3       2 
     21       5      19
     15      20      14 
  1      12      16      23
 22       8      13       6
     18       7       4 
     10      24      11
          9      17 
--8<--
found: sum= 79.0000 var=  0.0000 fitness= 79.0000 age=0
-->8--
          3      18 
      8      13       2
     20      12      24 
  7      23      10      16
  4      14       1      22
     11      19       6 
      9      21      17
          5      15 
--8<--
found: sum= 77.0000 var=  0.0000 fitness= 77.0000 age=0
-->8--
         11      12 
     21      14      17
     24       4       7 
  2       3      23      13
 22      20       8      10
      6      19      16 
      5      18       1
          9      15 
--8<--
found: sum= 78.0000 var=  0.0000 fitness= 78.0000 age=0
-->8--
          3      19 
     20      16       2
      4      24      12 
 18      11       5      17
 14       9      21      10
     22       8      13 
     15      23       6
          1       7 
--8<--
found: sum= 73.0000 var=  0.0000 fitness= 73.0000 age=0
-->8--
         21      10 
     23       7      15
     14       3      22 
 11       5      16       8
 20      19      24       2
      4       6       1 
     18      17      12
          9      13 
--8<--
found: sum= 70.0000 var=  0.0000 fitness= 70.0000 age=0
-->8--
         11       1 
      3       4      23
     20      18       9 
 13      14      15      17
 10       5       6      16
      8      12       7 
     24       2      22
         19      21 
--8<--
found: sum= 78.0000 var=  0.0000 fitness= 78.0000 age=0
-->8--
          2      16 
     22      15      12
     23       6      18 
 14      10      11      24
  3      21      13       4
      7      17       8 
      9      19       1
          5      20 
--8<--
found: sum= 79.0000 var=  0.0000 fitness= 79.0000 age=0
-->8--
          3      10 
      1      21      19
     20      16       9 
  2      18       4      17
  5      12      23      11
     22       6      15 
      7       8      14
         24      13 
--8<--
found: sum= 71.0000 var=  0.0000 fitness= 71.0000 age=0
-->8--
         22       7 
     20      18      12
      1       4      17 
 15       6      13       8
 19      16       9      21
     14      23       3 
     11       2      24
          5      10 
--8<--
found: sum= 82.0000 var=  0.0000 fitness= 82.0000 age=0
-->8--
          2      19 
     18      21      10
     24       1      17 
  9      16      14      12
  3       8      20       4
     22      23      15 
      5      11       6
         13       7 
--8<--
found: sum= 77.0000 var=  0.0000 fitness= 77.0000 age=0
-->8--
         20       1 
      5      13       8
     23      12      22 
 17       4      21      10
 18       9       7      15
      6      24       2 
      3      19      11
         16      14 
--8<--
found: sum= 75.0000 var=  0.0000 fitness= 75.0000 age=0
-->8--
         15       9 
     20      21      10
      5      11       8 
 13       3      16       2
 18      24       4      23
     12      17      22 
      1       7       6
         14      19 
--8<--
found: sum= 80.0000 var=  0.0000 fitness= 80.0000 age=0
-->8--
          3       9 
      2      24       7
     16      21      13 
 17      14       6      23
  1      22      12       8
     10       5      18 
     20      19      11
          4      15 
--8<--
found: sum= 80.0000 var=  0.0000 fitness= 80.0000 age=0
-->8--
          1       6 
     20       5      12
     17      18      23 
  3      19      16       7
 15       4       2       8
     22      21      24 
     10       9      11
         14      13 
--8<--
found: sum= 75.0000 var=  0.0000 fitness= 75.0000 age=0
-->8--
          5       1 
     23      13      14
     10      16       7 
 19       8      24       6
 15       3      22      12
     20       2       4 
     18      21       9
         11      17 
--8<--
found: sum= 72.0000 var=  0.0000 fitness= 72.0000 age=0
-->8--
          3      20 
     24      19       6
      8      11       4 
 10       7      12      22
  9      23      17      16
     15       2       1 
      5      13      18
         14      21 
--8<--
found: sum= 79.0000 var=  0.0000 fitness= 79.0000 age=0
-->8--
          7       3 
     15      24       6
     10      19       5 
  8       4      22       9
 21      20       2      18
     16      12      23 
     13      17      14
          1      11 
--8<--
found: sum= 80.0000 var=  0.0000 fitness= 80.0000 age=0
-->8--
         18       5 
      9      21      12
     14      11      16 
 17       7      15       8
 13      23       2      20
      6      22      19 
      4      24      10
          1       3 
--8<--
found: sum= 77.0000 var=  0.0000 fitness= 77.0000 age=0
-->8--
         18      13 
      4      14      22
     21       9       7 
  8      11      12       5
  1      20       6      23
     16      19      24 
     17       3      10
          2      15 
--8<--
found: sum= 74.0000 var=  0.0000 fitness= 74.0000 age=0
-->8--
         11       9 
     23      24      10
      1       3      20 
 16      12       8       2
 21      19      15      22
      5      17       7 
     14      13       4
          6      18 
--8<--
found: sum= 75.0000 var=  0.0000 fitness= 75.0000 age=0
-->8--
         24       6 
     17      19      18
      1      12       4 
 15       2      16      13
 22      14      23       9
     21       8      10 
      5      20      11
          7       3 
--8<--
found: sum= 75.0000 var=  0.0000 fitness= 75.0000 age=0
-->8--
         16      10 
      6       2      22
     21      17      23 
  3      13       1       4
 12      11      14      24
     15      19       9 
      7       5       8
         18      20 
--8<--
found: sum= 72.0000 var=  0.0000 fitness= 72.0000 age=0
-->8--
          7      14 
     13      12       3
      8      21       2 
 17      11      20      18
 16       5       6      22
     15       9       4 
      1      19      10
         23      24 
--8<--
found: sum= 79.0000 var=  0.0000 fitness= 79.0000 age=0
-->8--
         22       7 
      5      10      17
     21      19      23 
 15       2       3      13
 12      11      20       6
     18      24      14 
      1       9       4
         16       8 
--8<--
found: sum= 75.0000 var=  0.0000 fitness= 75.0000 age=0
-->8--
          3      11 
     15       1      22
     24       9      18 
 13      23      14      12
  2       5      17      10
      8       7       4 
     16      20       6
         19      21 
--8<--
found: sum= 79.0000 var=  0.0000 fitness= 79.0000 age=0
-->8--
          3       8 
     14      15       6
     19      18      21 
 16      10      11      17
 12       9      24       2
     13       7       4 
     22      23      20
          5       1 
--8<--
found: sum= 83.0000 var=  0.0000 fitness= 83.0000 age=0
-->8--
          8      12 
     21      14       1
     15      19      24 
 16       6      13       4
  3      20      18       2
     23       7      22 
     11      17       9
          5      10 
--8<--
found: sum= 74.0000 var=  0.0000 fitness= 74.0000 age=0
-->8--
          8      12 
      3       7      10
     11      23      18 
  5      22       4      20
  6      14       2      13
     16       9      17 
     19       1      21
         15      24 
--8<--
found: sum= 82.0000 var=  0.0000 fitness= 82.0000 age=0
-->8--
          4      14 
     15       5       9
     24      23      21 
  7      11      10       2
  6      16      19       8
     18       3      22 
     13      20       1
         12      17 
--8<--
found: sum= 74.0000 var=  0.0000 fitness= 74.0000 age=0
-->8--
         10       3 
      9      12      21
     23      19       5 
  8       1      14      18
 24      16      20       6
      2       4      11 
     22      17       7
         13      15 
--8<--
found: sum= 74.0000 var=  0.0000 fitness= 74.0000 age=0
-->8--
         18      24 
     23       8       3
      2      19       9 
 15       4      11      21
 16      20       6       5
     17      14      22 
     10      12      13
          1       7 
--8<--
found: sum= 81.0000 var=  0.0000 fitness= 81.0000 age=0
-->8--
         14      16 
     10      23       3
      2      11      15 
 17      21      13       8
 12       7      20       1
     22       9      24 
     18      19       4
          6       5 
--8<--
found: sum= 75.0000 var=  0.0000 fitness= 75.0000 age=0
-->8--
          9       2 
     10      13      20
     18      22       7 
 23       3      11      15
  1      16       4      21
     14      19      17 
      8       6      24
         12       5 
--8<--
found: sum= 81.0000 var=  0.0000 fitness= 81.0000 age=0
-->8--
          6       9 
      4      16       1
     14      24      21 
 15      17      10      19
  7       5      12       8
     23      13      11 
     18      20       3
          2      22 
--8<--
found: sum= 78.0000 var=  0.0000 fitness= 78.0000 age=0
-->8--
          5      16 
      9       6       2
     24      19      22 
 12      15      13       8
 17       7       4      10
      3      20      21 
     11      14      18
         23       1 
--8<--
found: sum= 77.0000 var=  0.0000 fitness= 77.0000 age=0
-->8--
          5      19 
     14      23       1
     18      11      15 
 17       6       8       7
  2      12      24      20
     22      16       3 
     10       4       9
         13      21 
--8<--
found: sum= 79.0000 var=  0.0000 fitness= 79.0000 age=0
-->8--
         15      13 
      7       2      10
     14      23      19 
  8      18      12      24
 11       6       4       3
     22      16      17 
      9      21      20
          5       1 
--8<--
found: sum= 78.0000 var=  0.0000 fitness= 78.0000 age=0
-->8--
          9       1 
     13      23      17
     11      15       6 
  5       7      16       2
 21      10      22      18
     24       8      14 
     20      12      19
          4       3 
--8<--
found: sum= 74.0000 var=  0.0000 fitness= 74.0000 age=0
-->8--
         11      18 
     10      24       8
      4       2       5 
 13      23      17      20
  6       9       7      22
     19      16       3 
      1      15      21
         14      12 
--8<--
found: sum= 75.0000 var=  0.0000 fitness= 75.0000 age=0
-->8--
         13       7 
     20       3      11
      9      24      14 
 23       6      16       4
 17       1      18      15
     19      10       8 
     21      22       5
          2      12 
--8<--
found: sum= 78.0000 var=  0.0000 fitness= 78.0000 age=0
-->8--
         14      17 
     19      21       7
     13       3       6 
 10       8      24       2
  4      20      22      15
     23       1       9 
     11      18      12
          5      16 
--8<--
found: sum= 80.0000 var=  0.0000 fitness= 80.0000 age=0
-->8--
          1       5 
     19       8      15
     18      12      16 
  6      22      24      13
 10       3       2      11
     21      17      14 
      7      23      20
          9       4 
--8<--
found: sum= 75.0000 var=  0.0000 fitness= 75.0000 age=0
-->8--
         18       6 
      8      22      24
     12       2       5 
 19      13      16      15
  7      20       1      17
      4      23      21 
     14      11      10
          3       9 
--8<--
found: sum= 81.0000 var=  0.0000 fitness= 81.0000 age=0
-->8--
          9      12 
      4      11       5
     19      20      23 
  8      18      10      14
  1      13       3       7
     22      17      24 
     21       6      16
          2      15 
--8<--
found: sum= 79.0000 var=  0.0000 fitness= 79.0000 age=0
-->8--
         15       3 
     24       8      12
      6      17      19 
 22       9      20       1
 11      10       7      14
     21      16      18 
      4      23       2
          5      13 
--8<--
found: sum= 77.0000 var=  0.0000 fitness= 77.0000 age=0
-->8--
          4      12 
     13       8      11
     16      22      15 
 20      14       9      17
  1       5       3      10
     21      24      23 
      7       2      19
         18       6 
--8<--
found: sum= 76.0000 var=  0.0000 fitness= 76.0000 age=0
-->8--
          5      11 
     13      22       3
     19      15       7 
 23       2      18       4
  6      16      24       9
     10       1      14 
     20       8      17
         21      12 
--8<--
found: sum= 76.0000 var=  0.0000 fitness= 76.0000 age=0
-->8--
          3      18 
     15       2       9
     23      11      20 
  7      22      16      12
 17       1       5       4
      6      21      19 
     24      10      13
         14       8 
--8<--
found: sum= 73.0000 var=  0.0000 fitness= 73.0000 age=0
-->8--
          8       2 
     23       4      21
     10      19       5 
 12       9      22       1
 24       3       7      18
     15      13      20 
     17      11       6
         14      16 
--8<--
found: sum= 73.0000 var=  0.0000 fitness= 73.0000 age=0
-->8--
         16      15 
      1       5       9
     24      14       7 
  4      13      23       6
 12       2      10      19
     18      11       8 
     22       3      21
         17      20 
--8<--
found: sum= 72.0000 var=  0.0000 fitness= 72.0000 age=0
-->8--
         11       6 
      3      15       4
      5      24      13 
 12      14      10       9
 23       1      16      22
     17       7       2 
     20       8      21
         19      18 
--8<--
found: sum= 75.0000 var=  0.0000 fitness= 75.0000 age=0
-->8--
          6       3 
      4       9       7
     11      24      22 
  8      21      10      23
 18       1       5      13
     16      14       2 
     12      15      20
         17      19 
--8<--
found: sum= 78.0000 var=  0.0000 fitness= 78.0000 age=0
-->8--
         13       6 
      8      22      18
     24      10       2 
 16       1      20       7
  4      21      23      15
     12       3      11 
     14      19       5
          9      17 
--8<--
found: sum= 83.0000 var=  0.0000 fitness= 83.0000 age=0
-->8--
         13       4 
      2      22      10
     14      21      17 
  8      11       9      12
 16      15      24       1
     19       3      20 
     18      23       6
          5       7 
--8<--
found: sum= 70.0000 var=  0.0000 fitness= 70.0000 age=0
-->8--
          7      19 
     11      13      14
     15      20       3 
  8       4       1      23
 21      10      17      24
     12      18       2 
      9       5       6
         16      22 
--8<--
found: sum= 78.0000 var=  0.0000 fitness= 78.0000 age=0
-->8--
          1       2 
     14      20       5
      3      19      23 
 24      21       9      17
 12       7       6       8
     11      16      15 
     22      18      13
          4      10 
--8<--
found: sum= 77.0000 var=  0.0000 fitness= 77.0000 age=0
-->8--
         15      19 
      6      21      11
     20       3      13 
  2      12      10       7
  9      16      22      17
     18      14       8 
      1       5       4
         23      24 
--8<--
found: sum= 79.0000 var=  0.0000 fitness= 79.0000 age=0
-->8--
          1      14 
     12       3      20
     23      16      22 
  2      24       4      19
  5       7      11      15
     18      17       8 
     10      21       9
          6      13 
--8<--
found: sum= 77.0000 var=  0.0000 fitness= 77.0000 age=0
-->8--
          9       5 
     24       4      23
     16      13      12 
 14      11      20       3
  7       8      19       1
     21       6      22 
     15      10      18
         17       2 
--8<--
found: sum= 78.0000 var=  0.0000 fitness= 78.0000 age=0
-->8--
          8      17 
      2      24      10
     19      12      11 
  3      13       4       9
  6      16      18      22
     21      15      14 
     20       1      23
          5       7 
--8<--
found: sum= 69.0000 var=  0.0000 fitness= 69.0000 age=0
-->8--
          7       6 
     24       3      22
      9      18      15 
 19       8       5       2
 12      17      11      23
      4      10      13 
     16       1      14
         21      20 
--8<--
found: sum= 80.0000 var=  0.0000 fitness= 80.0000 age=0
-->8--
          5       6 
      3      23       4
     16      14      15 
 13      19      18      22
 11      12       7       1
      9      10      17 
     21      20      24
          8       2 
--8<--
found: sum= 76.0000 var=  0.0000 fitness= 76.0000 age=0
-->8--
          9      19 
     13       3       4
     11      22      20 
 23      18       8      10
  7       1      12       2
     16      15      24 
     17       6       5
         21      14 
--8<--
found: sum= 74.0000 var=  0.0000 fitness= 74.0000 age=0
-->8--
          4      12 
     17      18      16
     15      11       7 
  1       9      10      13
 23      20      19      22
      6       5       3 
     14      21      24
          8       2 
--8<--
found: sum= 78.0000 var=  0.0000 fitness= 78.0000 age=0
-->8--
          4       1 
     22      18      16
     13       9      23 
  3      12      11      17
  6      24      15      10
     20       7       2 
      5      14      19
          8      21 
--8<--
found: sum= 77.0000 var=  0.0000 fitness= 77.0000 age=0
-->8--
         20       5 
     12      13      17
     19      11       7 
 14       2      24      18
  4      23      16       3
     15       1       9 
     10      22       8
          6      21 
--8<--
found: sum= 82.0000 var=  0.0000 fitness= 82.0000 age=0
-->8--
          9       3 
      1      23      20
     18      10      22 
  5      21       4      11
 12       7      16      14
     19      24      15 
      2      13       8
         17       6 
--8<--
found: sum= 73.0000 var=  0.0000 fitness= 73.0000 age=0
-->8--
          1      16 
     21       9       8
      4      23      12 
 17      15       5       7
 18      13      14      11
      6       3      24 
     22      10      20
         19       2 
--8<--
found: sum= 82.0000 var=  0.0000 fitness= 82.0000 age=0
-->8--
         15       8 
      7      16      12
     11      14      22 
  5      19      10       9
  6      24       2      18
     17      13      21 
      1      23       3
          4      20 
--8<--
found: sum= 80.0000 var=  0.0000 fitness= 80.0000 age=0
-->8--
          2      10 
     12      20       3
      9      16      17 
  8      21      14       7
 15       5      18      11
     22       6      13 
     24      19      23
          4       1 
--8<--
found: sum= 78.0000 var=  0.0000 fitness= 78.0000 age=0
-->8--
          7       2 
      5      24      10
     20      16      12 
  1       6      14       3
 19      15      23      18
     17       4       8 
     11       9      21
         22      13 
--8<--
found: sum= 78.0000 var=  0.0000 fitness= 78.0000 age=0
-->8--
          1      13 
     14      23       6
      5      11      21 
  2      24       4      20
 19      16       8       3
     12      15      22 
     10       7       9
         18      17 
--8<--
execution time: real 0.354302s user 0.205968s sys 0.002999s
GA: P=1024 K=512 sp=2 xover=2D/1 aging
generation #2: pop m= 76.765 v=0.197 f= 74.738
best: found: sum= 83.0000 var=  0.0000 fitness= 83.0000 age=1
-->8--
         13       4 
      2      22      10
     14      21      17 
  8      11       9      12
 16      15      24       1
     19       3      20 
     18      23       6
          5       7 
--8<--
found: sum= 75.0000 var=  0.0000 fitness= 75.0000 age=1
-->8--
          3      11 
     15       1      22
     24       9      18 
 13      23      14      12
  2       5      17      10
      8       7       4 
     16      20       6
         19      21 
--8<--
found: sum= 82.0000 var=  0.0000 fitness= 82.0000 age=2
-->8--
          7      20 
      1      13       3
     17      23      15 
  6      21       8      14
  5       9      11      12
     24      10      22 
     18      19      16
          2       4 
--8<--
found: sum= 77.0000 var=  0.0000 fitness= 77.0000 age=1
-->8--
         15      19 
      6      21      11
     20       3      13 
  2      12      10       7
  9      16      22      17
     18      14       8 
      1       5       4
         23      24 
--8<--
found: sum= 78.0000 var=  0.0000 fitness= 78.0000 age=1
-->8--
          1       2 
     14      20       5
      3      19      23 
 24      21       9      17
 12       7       6       8
     11      16      15 
     22      18      13
          4      10 
--8<--
found: sum= 78.0000 var=  0.0000 fitness= 78.0000 age=2
-->8--
          5      14 
      2      16      24
     19      15       1 
 12      21       8      17
  7      10      11      18
      9      13      23 
      4      22       6
         20       3 
--8<--
found: sum= 75.0000 var=  0.0000 fitness= 75.0000 age=2
-->8--
          1      17 
     20      21      12
     15       4       2 
  7      14      19      22
 13       3      11      16
     23      24       5 
      6       9       8
         10      18 
--8<--
found: sum= 76.0000 var=  0.0000 fitness= 76.0000 age=1
-->8--
          3      18 
     15       2       9
     23      11      20 
  7      22      16      12
 17       1       5       4
      6      21      19 
     24      10      13
         14       8 
--8<--
found: sum= 78.0000 var=  0.0000 fitness= 78.0000 age=2
-->8--
         22      16 
      7      24      12
     13       3       4 
  2       9      19       5
 10      21      15      17
     23      11      18 
      1       8       6
         14      20 
--8<--
found: sum= 74.0000 var=  0.0000 fitness= 74.0000 age=1
-->8--
          4      12 
     17      18      16
     15      11       7 
  1       9      10      13
 23      20      19      22
      6       5       3 
     14      21      24
          8       2 
--8<--
found: sum= 77.0000 var=  0.0000 fitness= 77.0000 age=2
-->8--
         10       2 
     14      23      13
     15      12       6 
 11       3      21       1
 20      24       8      22
      4       9      19 
     17      18      16
          5       7 
--8<--
found: sum= 70.0000 var=  0.0000 fitness= 70.0000 age=2
-->8--
         11       1 
      3       4      23
     20      18       9 
 13      14      15      17
 10       5       6      16
      8      12       7 
     24       2      22
         19      21 
--8<--
found: sum= 75.0000 var=  0.0000 fitness= 75.0000 age=2
-->8--
         24       6 
     17      19      18
      1      12       4 
 15       2      16      13
 22      14      23       9
     21       8      10 
      5      20      11
          7       3 
--8<--
found: sum= 79.0000 var=  0.0000 fitness= 79.0000 age=2
-->8--
          3      18 
      8      13       2
     20      12      24 
  7      23      10      16
  4      14       1      22
     11      19       6 
      9      21      17
          5      15 
--8<--
found: sum= 78.0000 var=  0.0000 fitness= 78.0000 age=2
-->8--
          3      19 
     20      16       2
      4      24      12 
 18      11       5      17
 14       9      21      10
     22       8      13 
     15      23       6
          1       7 
--8<--
found: sum= 77.0000 var=  0.0000 fitness= 77.0000 age=1
-->8--
          9       5 
     24       4      23
     16      13      12 
 14      11      20       3
  7       8      19       1
     21       6      22 
     15      10      18
         17       2 
--8<--
found: sum= 75.0000 var=  0.0000 fitness= 75.0000 age=2
-->8--
         16      10 
      6       2      22
     21      17      23 
  3      13       1       4
 12      11      14      24
     15      19       9 
      7       5       8
         18      20 
--8<--
found: sum= 73.0000 var=  0.0000 fitness= 73.0000 age=1
-->8--
         16      15 
      1       5       9
     24      14       7 
  4      13      23       6
 12       2      10      19
     18      11       8 
     22       3      21
         17      20 
--8<--
found: sum= 78.0000 var=  0.0000 fitness= 78.0000 age=2
-->8--
          2      16 
     22      15      12
     23       6      18 
 14      10      11      24
  3      21      13       4
      7      17       8 
      9      19       1
          5      20 
--8<--
found: sum= 71.0000 var=  0.0000 fitness= 71.0000 age=2
-->8--
         22       7 
     20      18      12
      1       4      17 
 15       6      13       8
 19      16       9      21
     14      23       3 
     11       2      24
          5      10 
--8<--
found: sum= 72.0000 var=  0.0000 fitness= 72.0000 age=1
-->8--
         11       6 
      3      15       4
      5      24      13 
 12      14      10       9
 23       1      16      22
     17       7       2 
     20       8      21
         19      18 
--8<--
found: sum= 78.0000 var=  0.0000 fitness= 78.0000 age=1
-->8--
          9       1 
     13      23      17
     11      15       6 
  5       7      16       2
 21      10      22      18
     24       8      14 
     20      12      19
          4       3 
--8<--
found: sum= 82.0000 var=  0.0000 fitness= 82.0000 age=2
-->8--
          2      19 
     18      21      10
     24       1      17 
  9      16      14      12
  3       8      20       4
     22      23      15 
      5      11       6
         13       7 
--8<--
found: sum= 81.0000 var=  0.0000 fitness= 81.0000 age=1
-->8--
          9      12 
      4      11       5
     19      20      23 
  8      18      10      14
  1      13       3       7
     22      17      24 
     21       6      16
          2      15 
--8<--
found: sum= 79.0000 var=  0.0000 fitness= 79.0000 age=1
-->8--
          3       8 
     14      15       6
     19      18      21 
 16      10      11      17
 12       9      24       2
     13       7       4 
     22      23      20
          5       1 
--8<--
found: sum= 78.0000 var=  0.0000 fitness= 78.0000 age=1
-->8--
         13       6 
      8      22      18
     24      10       2 
 16       1      20       7
  4      21      23      15
     12       3      11 
     14      19       5
          9      17 
--8<--
found: sum= 82.0000 var=  0.0000 fitness= 82.0000 age=1
-->8--
          4      14 
     15       5       9
     24      23      21 
  7      11      10       2
  6      16      19       8
     18       3      22 
     13      20       1
         12      17 
--8<--
found: sum= 69.0000 var=  0.0000 fitness= 69.0000 age=1
-->8--
          7       6 
     24       3      22
      9      18      15 
 19       8       5       2
 12      17      11      23
      4      10      13 
     16       1      14
         21      20 
--8<--
found: sum= 81.0000 var=  0.0000 fitness= 81.0000 age=1
-->8--
          6       9 
      4      16       1
     14      24      21 
 15      17      10      19
  7       5      12       8
     23      13      11 
     18      20       3
          2      22 
--8<--
found: sum= 80.0000 var=  0.0000 fitness= 80.0000 age=2
-->8--
          1       6 
     20       5      12
     17      18      23 
  3      19      16       7
 15       4       2       8
     22      21      24 
     10       9      11
         14      13 
--8<--
found: sum= 78.0000 var=  0.0000 fitness= 78.0000 age=1
-->8--
          5      16 
      9       6       2
     24      19      22 
 12      15      13       8
 17       7       4      10
      3      20      21 
     11      14      18
         23       1 
--8<--
found: sum= 77.0000 var=  0.0000 fitness= 77.0000 age=2
-->8--
         20       1 
      5      13       8
     23      12      22 
 17       4      21      10
 18       9       7      15
      6      24       2 
      3      19      11
         16      14 
--8<--
found: sum= 79.0000 var=  0.0000 fitness= 79.0000 age=1
-->8--
          1      14 
     12       3      20
     23      16      22 
  2      24       4      19
  5       7      11      15
     18      17       8 
     10      21       9
          6      13 
--8<--
found: sum= 75.0000 var=  0.0000 fitness= 75.0000 age=1
-->8--
          9       2 
     10      13      20
     18      22       7 
 23       3      11      15
  1      16       4      21
     14      19      17 
      8       6      24
         12       5 
--8<--
found: sum= 75.0000 var=  0.0000 fitness= 75.0000 age=2
-->8--
          5       1 
     23      13      14
     10      16       7 
 19       8      24       6
 15       3      22      12
     20       2       4 
     18      21       9
         11      17 
--8<--
found: sum= 77.0000 var=  0.0000 fitness= 77.0000 age=1
-->8--
          5      19 
     14      23       1
     18      11      15 
 17       6       8       7
  2      12      24      20
     22      16       3 
     10       4       9
         13      21 
--8<--
found: sum= 80.0000 var=  0.0000 fitness= 80.0000 age=1
-->8--
          5       6 
      3      23       4
     16      14      15 
 13      19      18      22
 11      12       7       1
      9      10      17 
     21      20      24
          8       2 
--8<--
found: sum= 74.0000 var=  0.0000 fitness= 74.0000 age=1
-->8--
          8      12 
      3       7      10
     11      23      18 
  5      22       4      20
  6      14       2      13
     16       9      17 
     19       1      21
         15      24 
--8<--
found: sum= 82.0000 var=  0.0000 fitness= 82.0000 age=2
-->8--
          4       3 
      1      23       7
     17      19      24 
 16      18       6      15
  2       8      22      10
     21       9       5 
     11      20      12
         13      14 
--8<--
found: sum= 72.0000 var=  0.0000 fitness= 72.0000 age=2
-->8--
          7      14 
     13      12       3
      8      21       2 
 17      11      20      18
 16       5       6      22
     15       9       4 
      1      19      10
         23      24 
--8<--
found: sum= 77.0000 var=  0.0000 fitness= 77.0000 age=1
-->8--
          4      12 
     13       8      11
     16      22      15 
 20      14       9      17
  1       5       3      10
     21      24      23 
      7       2      19
         18       6 
--8<--
found: sum= 75.0000 var=  0.0000 fitness= 75.0000 age=2
-->8--
         12       1 
      5      18       9
     22      14      23 
  8       4      10      19
 13      21      15       6
      7      11       2 
     17       3      24
         16      20 
--8<--
found: sum= 71.0000 var=  0.0000 fitness= 71.0000 age=2
-->8--
          1       3 
     24      13      21
      6      10      16 
 12      17       8       5
 18      11      23      15
      7       2       4 
     20       9      14
         22      19 
--8<--
found: sum= 75.0000 var=  0.0000 fitness= 75.0000 age=1
-->8--
         13       7 
     20       3      11
      9      24      14 
 23       6      16       4
 17       1      18      15
     19      10       8 
     21      22       5
          2      12 
--8<--
found: sum= 77.0000 var=  0.0000 fitness= 77.0000 age=1
-->8--
         20       5 
     12      13      17
     19      11       7 
 14       2      24      18
  4      23      16       3
     15       1       9 
     10      22       8
          6      21 
--8<--
found: sum= 77.0000 var=  0.0000 fitness= 77.0000 age=2
-->8--
         11      12 
     21      14      17
     24       4       7 
  2       3      23      13
 22      20       8      10
      6      19      16 
      5      18       1
          9      15 
--8<--
found: sum= 74.0000 var=  0.0000 fitness= 74.0000 age=2
-->8--
         11       9 
     23      24      10
      1       3      20 
 16      12       8       2
 21      19      15      22
      5      17       7 
     14      13       4
          6      18 
--8<--
found: sum= 79.0000 var=  0.0000 fitness= 79.0000 age=2
-->8--
         22       7 
      5      10      17
     21      19      23 
 15       2       3      13
 12      11      20       6
     18      24      14 
      1       9       4
         16       8 
--8<--
found: sum= 75.0000 var=  0.0000 fitness= 75.0000 age=1
-->8--
          6       3 
      4       9       7
     11      24      22 
  8      21      10      23
 18       1       5      13
     16      14       2 
     12      15      20
         17      19 
--8<--
found: sum= 79.0000 var=  0.0000 fitness= 79.0000 age=2
-->8--
         15       8 
      3      20       4
      2      16      21 
  1      23      10      17
 19      12      11      14
     22       7       6 
      5      24      13
          9      18 
--8<--
found: sum= 71.0000 var=  0.0000 fitness= 71.0000 age=2
-->8--
         12       8 
     23       9       7
      6       5      24 
 11      16      18      10
 22       3      14       4
     13      15       1 
     17       2      19
         21      20 
--8<--
found: sum= 81.0000 var=  0.0000 fitness= 81.0000 age=1
-->8--
         14      16 
     10      23       3
      2      11      15 
 17      21      13       8
 12       7      20       1
     22       9      24 
     18      19       4
          6       5 
--8<--
found: sum= 72.0000 var=  0.0000 fitness= 72.0000 age=2
-->8--
          3      20 
     24      19       6
      8      11       4 
 10       7      12      22
  9      23      17      16
     15       2       1 
      5      13      18
         14      21 
--8<--
found: sum= 78.0000 var=  0.0000 fitness= 78.0000 age=1
-->8--
          1      13 
     14      23       6
      5      11      21 
  2      24       4      20
 19      16       8       3
     12      15      22 
     10       7       9
         18      17 
--8<--
found: sum= 79.0000 var=  0.0000 fitness= 79.0000 age=2
-->8--
          7       3 
     15      24       6
     10      19       5 
  8       4      22       9
 21      20       2      18
     16      12      23 
     13      17      14
          1      11 
--8<--
found: sum= 82.0000 var=  0.0000 fitness= 82.0000 age=1
-->8--
         15       8 
      7      16      12
     11      14      22 
  5      19      10       9
  6      24       2      18
     17      13      21 
      1      23       3
          4      20 
--8<--
found: sum= 76.0000 var=  0.0000 fitness= 76.0000 age=2
-->8--
          8       1 
     11       6      15
     14      21      20 
 10      16      13       3
 22       2       7       9
     12      17      24 
     23       4      19
         18       5 
--8<--
found: sum= 78.0000 var=  0.0000 fitness= 78.0000 age=2
-->8--
         10      19 
     18      16      17
      7       5       8 
 15      22      13       9
  1      12      20       4
     21       6      24 
      2      14       3
         23      11 
--8<--
found: sum= 73.0000 var=  0.0000 fitness= 73.0000 age=2
-->8--
         21      10 
     23       7      15
     14       3      22 
 11       5      16       8
 20      19      24       2
      4       6       1 
     18      17      12
          9      13 
--8<--
found: sum= 80.0000 var=  0.0000 fitness= 80.0000 age=1
-->8--
          1       5 
     19       8      15
     18      12      16 
  6      22      24      13
 10       3       2      11
     21      17      14 
      7      23      20
          9       4 
--8<--
found: sum= 80.0000 var=  0.0000 fitness= 80.0000 age=2
-->8--
          3       9 
      2      24       7
     16      21      13 
 17      14       6      23
  1      22      12       8
     10       5      18 
     20      19      11
          4      15 
--8<--
found: sum= 78.0000 var=  0.0000 fitness= 78.0000 age=2
-->8--
          8       3 
      9       5      10
     24      21      23 
 15      11      16       6
 17       4      14       1
      7      12      18 
     20      13      19
         22       2 
--8<--
found: sum= 76.0000 var=  0.0000 fitness= 76.0000 age=2
-->8--
          3       2 
     21       5      19
     15      20      14 
  1      12      16      23
 22       8      13       6
     18       7       4 
     10      24      11
          9      17 
--8<--
found: sum= 79.0000 var=  0.0000 fitness= 79.0000 age=1
-->8--
         15       3 
     24       8      12
      6      17      19 
 22       9      20       1
 11      10       7      14
     21      16      18 
      4      23       2
          5      13 
--8<--
found: sum= 76.0000 var=  0.0000 fitness= 76.0000 age=2
-->8--
          7       6 
     23       8      12
      1      15      24 
  5      22      11      13
 10      21       3       9
     17       4      16 
     18      14      19
          2      20 
--8<--
found: sum= 75.0000 var=  0.0000 fitness= 75.0000 age=2
-->8--
         23      24 
     13       7       2
      5      18       8 
 17       9      16      10
 19       4       6      15
     21      22      20 
      3      14       1
         11      12 
--8<--
found: sum= 78.0000 var=  0.0000 fitness= 78.0000 age=1
-->8--
         14      17 
     19      21       7
     13       3       6 
 10       8      24       2
  4      20      22      15
     23       1       9 
     11      18      12
          5      16 
--8<--
found: sum= 82.0000 var=  0.0000 fitness= 82.0000 age=1
-->8--
          9       3 
      1      23      20
     18      10      22 
  5      21       4      11
 12       7      16      14
     19      24      15 
      2      13       8
         17       6 
--8<--
found: sum= 79.0000 var=  0.0000 fitness= 79.0000 age=1
-->8--
         15      13 
      7       2      10
     14      23      19 
  8      18      12      24
 11       6       4       3
     22      16      17 
      9      21      20
          5       1 
--8<--
found: sum= 73.0000 var=  0.0000 fitness= 73.0000 age=1
-->8--
          8       2 
     23       4      21
     10      19       5 
 12       9      22       1
 24       3       7      18
     15      13      20 
     17      11       6
         14      16 
--8<--
found: sum= 74.0000 var=  0.0000 fitness= 74.0000 age=2
-->8--
         19      17 
      7       1      22
     20       6      16 
 13      21      12      14
  2       8       3      11
     10      24      18 
      4       5       9
         23      15 
--8<--
found: sum= 75.0000 var=  0.0000 fitness= 75.0000 age=1
-->8--
         18       6 
      8      22      24
     12       2       5 
 19      13      16      15
  7      20       1      17
      4      23      21 
     14      11      10
          3       9 
--8<--
found: sum= 73.0000 var=  0.0000 fitness= 73.0000 age=2
-->8--
         19       6 
     15      10      24
      8       1      23 
 21      20       9      18
  3      14      17       2
      7      12       4 
     11      13      22
         16       5 
--8<--
found: sum= 74.0000 var=  0.0000 fitness= 74.0000 age=2
-->8--
          2      22 
     23       5       4
     17       6      13 
 12      21      24       8
 14       9       3       7
      1      11      19 
     20      15      10
         18      16 
--8<--
found: sum= 77.0000 var=  0.0000 fitness= 77.0000 age=2
-->8--
         18      13 
      4      14      22
     21       9       7 
  8      11      12       5
  1      20       6      23
     16      19      24 
     17       3      10
          2      15 
--8<--
found: sum= 76.0000 var=  0.0000 fitness= 76.0000 age=1
-->8--
          5      11 
     13      22       3
     19      15       7 
 23       2      18       4
  6      16      24       9
     10       1      14 
     20       8      17
         21      12 
--8<--
found: sum= 83.0000 var=  0.0000 fitness= 83.0000 age=1
-->8--
          8      12 
     21      14       1
     15      19      24 
 16       6      13       4
  3      20      18       2
     23       7      22 
     11      17       9
          5      10 
--8<--
found: sum= 78.0000 var=  0.0000 fitness= 78.0000 age=1
-->8--
          7       2 
      5      24      10
     20      16      12 
  1       6      14       3
 19      15      23      18
     17       4       8 
     11       9      21
         22      13 
--8<--
found: sum= 78.0000 var=  0.0000 fitness= 78.0000 age=1
-->8--
          8      17 
      2      24      10
     19      12      11 
  3      13       4       9
  6      16      18      22
     21      15      14 
     20       1      23
          5       7 
--8<--
found: sum= 70.0000 var=  0.0000 fitness= 70.0000 age=1
-->8--
          7      19 
     11      13      14
     15      20       3 
  8       4       1      23
 21      10      17      24
     12      18       2 
      9       5       6
         16      22 
--8<--
found: sum= 75.0000 var=  0.0000 fitness= 75.0000 age=2
-->8--
         13      22 
     19       3      10
     24      11      12 
  1       5      17       2
 16       6      15      20
     23      21       9 
      7       4       8
         14      18 
--8<--
found: sum= 76.0000 var=  0.0000 fitness= 76.0000 age=1
-->8--
          9      19 
     13       3       4
     11      22      20 
 23      18       8      10
  7       1      12       2
     16      15      24 
     17       6       5
         21      14 
--8<--
found: sum= 74.0000 var=  0.0000 fitness= 74.0000 age=1
-->8--
         10       3 
      9      12      21
     23      19       5 
  8       1      14      18
 24      16      20       6
      2       4      11 
     22      17       7
         13      15 
--8<--
found: sum= 80.0000 var=  0.0000 fitness= 80.0000 age=1
-->8--
          2      10 
     12      20       3
      9      16      17 
  8      21      14       7
 15       5      18      11
     22       6      13 
     24      19      23
          4       1 
--8<--
found: sum= 80.0000 var=  0.0000 fitness= 80.0000 age=2
-->8--
         18       5 
      9      21      12
     14      11      16 
 17       7      15       8
 13      23       2      20
      6      22      19 
      4      24      10
          1       3 
--8<--
found: sum= 79.0000 var=  0.0000 fitness= 79.0000 age=2
-->8--
          2      24 
     19       7       1
     17      20      22 
  4      14       5      12
 15      21       9      13
      8      10      18 
     11      23       3
          6      16 
--8<--
found: sum= 74.0000 var=  0.0000 fitness= 74.0000 age=1
-->8--
         18      24 
     23       8       3
      2      19       9 
 15       4      11      21
 16      20       6       5
     17      14      22 
     10      12      13
          1       7 
--8<--
found: sum= 75.0000 var=  0.0000 fitness= 75.0000 age=2
-->8--
         15       9 
     20      21      10
      5      11       8 
 13       3      16       2
 18      24       4      23
     12      17      22 
      1       7       6
         14      19 
--8<--
found: sum= 76.0000 var=  0.0000 fitness= 76.0000 age=2
-->8--
          1       3 
     24      11      19
     17      16      23 
  6       7       4      13
 20      18      10      14
      8      21      12 
      5       9      22
         15       2 
--8<--
found: sum= 73.0000 var=  0.0000 fitness= 73.0000 age=1
-->8--
          1      16 
     21       9       8
      4      23      12 
 17      15       5       7
 18      13      14      11
      6       3      24 
     22      10      20
         19       2 
--8<--
found: sum= 74.0000 var=  0.0000 fitness= 74.0000 age=1
-->8--
         11      18 
     10      24       8
      4       2       5 
 13      23      17      20
  6       9       7      22
     19      16       3 
      1      15      21
         14      12 
--8<--
found: sum= 79.0000 var=  0.0000 fitness= 79.0000 age=2
-->8--
          3      10 
      1      21      19
     20      16       9 
  2      18       4      17
  5      12      23      11
     22       6      15 
      7       8      14
         24      13 
--8<--
found: sum= 79.0000 var=  0.0000 fitness= 79.0000 age=2
-->8--
         21      13 
      9      18       7
     11      19      20 
  6       1       2      14
 22      16      24       4
     23      17      15 
      5       8       3
         10      12 
--8<--
found: sum= 78.0000 var=  0.0000 fitness= 78.0000 age=1
-->8--
          4       1 
     22      18      16
     13       9      23 
  3      12      11      17
  6      24      15      10
     20       7       2 
      5      14      19
          8      21 
--8<--
