found: sum= 72.0000 var=  0.0000 fitness= 72.0000
-->8--
         23       8 
     24       3      19
     14       1      21 
 17       7      20      13
 12      18      11       5
      4      15       2 
      9      16       6
         10      22 
--8<--
found: sum= 72.0000 var=  0.0000 fitness= 72.0000
-->8--
         17      18 
     14      10      21
     22       2      12 
  1       7       9      16
 23      11      19      13
      8      24       3 
      4       5       6
         20      15 
--8<--
found: sum= 72.0000 var=  0.0000 fitness= 72.0000
-->8--
         24      14 
      7      18      15
     12       3       6 
  1       8      16      19
 20      21      22       4
     10       2       5 
     13       9      11
         17      23 
--8<--
found: sum= 71.0000 var=  0.0000 fitness= 71.0000
-->8--
          3       8 
     11      10       9
     22      12      15 
  6      13      17      14
 21       7       4      16
      2      18       5 
     20       1      19
         23      24 
--8<--
found: sum= 77.0000 var=  0.0000 fitness= 77.0000
-->8--
         17       9 
     16      18      12
     14       1      22 
 21      11      15       6
 20       3      23       7
      8      24       4 
     10      19       5
         13       2 
--8<--
found: sum= 73.0000 var=  0.0000 fitness= 73.0000
-->8--
         19       8 
     20       5      17
     15       1      24 
 23      13      18       2
  7       9      22       3
      6      10       4 
     16      11      12
         21      14 
--8<--
found: sum= 75.0000 var=  0.0000 fitness= 75.0000
-->8--
          9      22 
     20       2       1
     13      24      14 
 11       7      12      17
 15      23       5       8
      6       4      19 
      3      21      10
         18      16 
--8<--
found: sum= 76.0000 var=  0.0000 fitness= 76.0000
-->8--
          5      15 
     20      10      16
     12       6      18 
  1      23      11       8
 14       9      24      13
     17       3       2 
     22      21       7
          4      19 
--8<--
found: sum= 82.0000 var=  0.0000 fitness= 82.0000
-->8--
          1      12 
      3      20       8
     23      16      24 
 10      19       2      22
  7       6      18       5
     17      21      11 
     14      15       4
          9      13 
--8<--
execution time: real 0.035743s user 0.006998s sys 0.000000s
GA: P=50 K=10 sp=2 xover=2D/1 optrpl=2 optskip=10 optmax=1.142857
generation #40: pop m= 77.606 v= 64.345 f= 49.010 best_age=1
best: found: sum= 82.0000 var=  0.0000 fitness= 82.0000
-->8--
          1      12 
      3      20       8
     23      16      24 
 10      19       2      22
  7       6      18       5
     17      21      11 
     14      15       4
          9      13 
--8<--
found: sum= 77.0000 var=  0.0000 fitness= 77.0000
-->8--
         17       9 
     16      18      12
     14       1      22 
 21      11      15       6
 20       3      23       7
      8      24       4 
     10      19       5
         13       2 
--8<--
found: sum= 72.0000 var=  0.0000 fitness= 72.0000
-->8--
         24      14 
      7      18      15
     12       3       6 
  1       8      16      19
 20      21      22       4
     10       2       5 
     13       9      11
         17      23 
--8<--
