found: sum= 67.0000 var=  0.0000 fitness= 67.0000 age=0
-->8--
         16       2 
     18       9      23
     12       8      20 
 13       4       5      22
  7      14      15       6
     17      21      -1 
     11       3      19
          1      10 
--8<--
found: sum= 74.0000 var=  0.0000 fitness= 74.0000 age=0
-->8--
          1       4 
      8      19      17
     15      10      22 
 16      21       2      11
 -2       6      23       7
     18      12       9 
     20      13       3
          5      14 
--8<--
found: sum= 74.0000 var=  0.0000 fitness= 74.0000 age=0
-->8--
          4       1 
     18      15       8
      7      20      17 
 22      10      13       2
 12       9      16       3
     14       6      23 
     21      19      11
          5      -1 
--8<--
found: sum= 74.0000 var=  0.0000 fitness= 74.0000 age=0
-->8--
         18      20 
     19      11       2
      4      16      24 
 17       6       1      21
 13      22      14       5
     12      15       9 
      8      10      23
          7       3 
--8<--
found: sum= 79.0000 var=  0.0000 fitness= 79.0000 age=0
-->8--
         12      22 
     18      21       1
     13       4      24 
 17      11       7      15
  5      14      20       3
     19      23      10 
      9       8       2
          6      16 
--8<--
found: sum= 78.0000 var=  0.0000 fitness= 78.0000 age=0
-->8--
          2      11 
     16      24       5
     17       6      14 
  4      13      18       9
  3      19      15      21
     22       7       1 
     10      12      23
          8      20 
--8<--
found: sum= 79.0000 var=  0.0000 fitness= 79.0000 age=0
-->8--
         21      23 
      7      20       5
     18       4      13 
 11       9      14       1
  3      16      17      24
     22      19      10 
      2      12       6
          8      15 
--8<--
found: sum= 68.0000 var=  0.0000 fitness= 68.0000 age=0
-->8--
         13      18 
     19      15      -1
      7       8      17 
 21       6      11      10
  3       9      14       4
     22      20      12 
      2      16       1
         -1       5 
--8<--
found: sum= 69.0000 var=  0.0000 fitness= 69.0000 age=0
-->8--
          5      18 
     15      13      20
     21       8       9 
 10       7       1      16
  3      17      22      23
     11      14      -2 
      6      19      12
          2       4 
--8<--
found: sum= 70.0000 var=  0.0000 fitness= 70.0000 age=0
-->8--
          8       7 
     18      17      14
     19       5      16 
 12       3      11      21
  1      15      13      10
     20      23      -1 
      6       4      22
          2       9 
--8<--
found: sum= 79.0000 var=  0.0000 fitness= 79.0000 age=0
-->8--
          7       2 
     11      14      18
      8      22      19 
 20      17       4       6
  9      15       5      24
     10      16      21 
     12      23       1
          3      13 
--8<--
found: sum= 76.0000 var=  0.0000 fitness= 76.0000 age=0
-->8--
         16       4 
     13       8      24
     20      18       7 
 14       1      15      23
  3      21      10      12
     17      11       9 
      6      19       5
          2      22 
--8<--
found: sum= 74.0000 var=  0.0000 fitness= 74.0000 age=0
-->8--
         21      14 
     16       8       4
      5      13      20 
 17      11      15      12
  9      10       6       3
     22      19      18 
     -2      23       1
          2       7 
--8<--
found: sum= 73.0000 var=  0.0000 fitness= 73.0000 age=0
-->8--
         16      23 
      9      19       8
     12       6      10 
 20      11       7      22
 -1      13      15       5
     18      21      14 
      1      17       2
          3       4 
--8<--
found: sum= 71.0000 var=  0.0000 fitness= 71.0000 age=0
-->8--
         12       2 
     22      20       8
      3       5      15 
 17       9      21      11
  6      13       7      -1
     23      16      18 
     14       1      10
          4      19 
--8<--
found: sum= 81.0000 var=  0.0000 fitness= 81.0000 age=0
-->8--
         11      12 
     24      23       5
     15       6      21 
 20       2      14      10
  9      22      18       1
     13      19      17 
      3      16       7
          8       4 
--8<--
found: sum= 69.0000 var=  0.0000 fitness= 69.0000 age=0
-->8--
          2      19 
     18      11      13
     23      10       1 
  9       5      15      21
  3      17      14      -2
     12       8      20 
      6       4       7
         22      16 
--8<--
found: sum= 81.0000 var=  0.0000 fitness= 81.0000 age=0
-->8--
          6      15 
     17      23      18
     14       2      12 
  9      19      11      21
  4      13      20       7
     22      16      10 
      5      24       3
          1       8 
--8<--
found: sum= 67.0000 var=  0.0000 fitness= 67.0000 age=0
-->8--
          5      22 
     18      16       3
     12       6      11 
 17      10       9       4
 -4      13      15      20
     19      14       8 
      1      21       7
         -1       2 
--8<--
found: sum= 59.0000 var=  0.0000 fitness= 59.0000 age=0
-->8--
         11      21 
     22       6      13
      1      12       9 
 20       7      -2      14
  4       8      18       5
     19      16      15 
     17      -3       3
          2      10 
--8<--
found: sum= 71.0000 var=  0.0000 fitness= 71.0000 age=0
-->8--
          5      16 
     23       8       1
     10      21      22 
 18       4       3       7
  2      20      14      13
     17       9      12 
     -1      11       6
         15      19 
--8<--
found: sum= 73.0000 var=  0.0000 fitness= 73.0000 age=0
-->8--
         16      22 
     11      23       2
     14       1      13 
  7       8      12       4
  5      18      15       9
     21      19      20 
      6      -1       3
         10      17 
--8<--
found: sum= 83.0000 var=  0.0000 fitness= 83.0000 age=0
-->8--
         18      15 
      1      21      14
     20      10      11 
  7      13      12       8
  5      16       9      19
     22      23      24 
      3      17       4
          2       6 
--8<--
found: sum= 85.0000 var=  0.0000 fitness= 85.0000 age=0
-->8--
         17      15 
      4      24       1
     19      11      16 
  7      10      18       8
  6      20      12       9
     23      14      22 
      5      21      13
          2       3 
--8<--
found: sum= 76.0000 var=  0.0000 fitness= 76.0000 age=0
-->8--
         11       2 
      4      20       8
     22      18      12 
 14       1      16       6
 -1      17      19      10
     23       5      13 
      9      15       3
          7      21 
--8<--
found: sum= 79.0000 var=  0.0000 fitness= 79.0000 age=0
-->8--
          8       4 
      9      21      14
     20      18      12 
 19       3      10      23
  2      11      15       6
     24      22      13 
      1       5       7
         16      17 
--8<--
execution time: real 1.791008s user 0.009998s sys 0.001999s
GA: P=512 K=256 sp=3 xover=2D/1 aging
generation #9: pop m= 77.342 v=1.160 f= 73.239
best: found: sum= 85.0000 var=  0.0000 fitness= 85.0000 age=1
-->8--
         17      15 
      4      24       1
     19      11      16 
  7      10      18       8
  6      20      12       9
     23      14      22 
      5      21      13
          2       3 
--8<--
found: sum= 79.0000 var=  0.0000 fitness= 79.0000 age=5
-->8--
          7       2 
     11      14      18
      8      22      19 
 20      17       4       6
  9      15       5      24
     10      16      21 
     12      23       1
          3      13 
--8<--
found: sum= 81.0000 var=  0.0000 fitness= 81.0000 age=3
-->8--
         11      12 
     24      23       5
     15       6      21 
 20       2      14      10
  9      22      18       1
     13      19      17 
      3      16       7
          8       4 
--8<--
found: sum= 83.0000 var=  0.0000 fitness= 83.0000 age=1
-->8--
         18      15 
      1      21      14
     20      10      11 
  7      13      12       8
  5      16       9      19
     22      23      24 
      3      17       4
          2       6 
--8<--
found: sum= 73.0000 var=  0.0000 fitness= 73.0000 age=1
-->8--
         16      22 
     11      23       2
     14       1      13 
  7       8      12       4
  5      18      15       9
     21      19      20 
      6      -1       3
         10      17 
--8<--
found: sum= 76.0000 var=  0.0000 fitness= 76.0000 age=4
-->8--
         16       4 
     13       8      24
     20      18       7 
 14       1      15      23
  3      21      10      12
     17      11       9 
      6      19       5
          2      22 
--8<--
found: sum= 79.0000 var=  0.0000 fitness= 79.0000 age=1
-->8--
          8       4 
      9      21      14
     20      18      12 
 19       3      10      23
  2      11      15       6
     24      22      13 
      1       5       7
         16      17 
--8<--
found: sum= 78.0000 var=  0.0000 fitness= 78.0000 age=6
-->8--
          2      11 
     16      24       5
     17       6      14 
  4      13      18       9
  3      19      15      21
     22       7       1 
     10      12      23
          8      20 
--8<--
found: sum= 79.0000 var=  0.0000 fitness= 79.0000 age=6
-->8--
         21      23 
      7      20       5
     18       4      13 
 11       9      14       1
  3      16      17      24
     22      19      10 
      2      12       6
          8      15 
--8<--
found: sum= 81.0000 var=  0.0000 fitness= 81.0000 age=2
-->8--
          6      15 
     17      23      18
     14       2      12 
  9      19      11      21
  4      13      20       7
     22      16      10 
      5      24       3
          1       8 
--8<--
found: sum= 79.0000 var=  0.0000 fitness= 79.0000 age=6
-->8--
         12      22 
     18      21       1
     13       4      24 
 17      11       7      15
  5      14      20       3
     19      23      10 
      9       8       2
          6      16 
--8<--
found: sum= 76.0000 var=  0.0000 fitness= 76.0000 age=1
-->8--
         11       2 
      4      20       8
     22      18      12 
 14       1      16       6
 -1      17      19      10
     23       5      13 
      9      15       3
          7      21 
--8<--
