found: sum= 78.0000 var=  0.0000 fitness= 78.0000
-->8--
         10       1 
      7       4      16
     19      20      23 
 12      18      14       2
 13      11       9       8
      5       6      22 
     24      17       3
         15      21 
--8<--
found: sum= 80.0000 var=  0.0000 fitness= 80.0000
-->8--
         23      14 
      9      24       6
     18       2      12 
 21       4      22       7
  1      20      17       3
     16      15      19 
     10      11      13
          8       5 
--8<--
found: sum= 74.0000 var=  0.0000 fitness= 74.0000
-->8--
         15      24 
      8      17      21
      5       7       3 
  4      22       2      12
 13      14      18      19
     16      11      20 
     23       9      10
          1       6 
--8<--
found: sum= 85.0000 var=  0.0000 fitness= 85.0000
-->8--
          3       9 
      5      24      11
     20      12      22 
  6      21       7       4
  2      13      18      15
     23      14      19 
     10      17       1
          8      16 
--8<--
execution time: real 0.036117s user 0.007998s sys 0.000000s
GA: P=50 K=10 sp=2 xover=2D/1 optrpl=2 optskip=10 optmax=1.142857
generation #28: pop m= 76.920 v= 60.082 f= 52.620 best_age=1
best: found: sum= 85.0000 var=  0.0000 fitness= 85.0000
-->8--
          3       9 
      5      24      11
     20      12      22 
  6      21       7       4
  2      13      18      15
     23      14      19 
     10      17       1
          8      16 
--8<--
found: sum= 80.0000 var=  0.0000 fitness= 80.0000
-->8--
         23      14 
      9      24       6
     18       2      12 
 21       4      22       7
  1      20      17       3
     16      15      19 
     10      11      13
          8       5 
--8<--
