found: sum= 75.0000 var=  0.0000 fitness= 75.0000
-->8--
         15      10 
     24      23       8
      3       1      11 
 13       9      22      19
 14      20       2       4
     16      21      17 
      7       5      12
          6      18 
--8<--
found: sum= 74.0000 var=  0.0000 fitness= 74.0000
-->8--
         19      24 
     17       3      18
     11      14      13 
  7      10       2       1
  8      23      20      16
     15       5      22 
      4       6       9
         21      12 
--8<--
found: sum= 77.0000 var=  0.0000 fitness= 77.0000
-->8--
         19      21 
     15      20      11
     14       7       8 
  5       2      10      16
  9      23      13      12
     24      22      18 
      3       1      17
          4       6 
--8<--
found: sum= 77.0000 var=  0.0000 fitness= 77.0000
-->8--
         16      23 
     21      17      14
     11       3      12 
 13       9       8       7
 10      15      20       6
     19      22      24 
      1       2       5
         18       4 
--8<--
found: sum= 81.0000 var=  0.0000 fitness= 81.0000
-->8--
          6       3 
     19      14      24
     23       7      13 
  2      12      20      17
 11      15       5      10
     18      22      16 
      4      21       9
          1       8 
--8<--
found: sum= 80.0000 var=  0.0000 fitness= 80.0000
-->8--
          5      19 
      8      24      16
     22       7      13 
 12      14       1       2
  6      17      23      20
      9      18      21 
     15      11       3
         10       4 
--8<--
found: sum= 77.0000 var=  0.0000 fitness= 77.0000
-->8--
         24      16 
      5      11      21
     22       2       9 
  1      13      18      19
 10      23       4      12
      8      17      15 
      6      20      14
          3       7 
--8<--
found: sum= 77.0000 var=  0.0000 fitness= 77.0000
-->8--
         19      11 
      1      24       7
     15      16       9 
 23       2      10      18
 20      13      22       6
      4      14      12 
     17      21       5
          8       3 
--8<--
found: sum= 76.0000 var=  0.0000 fitness= 76.0000
-->8--
         18      23 
     22      12      14
     16       2       5 
  1       6      20      17
 10      24       9       4
     19      15      21 
      8       7      13
          3      11 
--8<--
found: sum= 76.0000 var=  0.0000 fitness= 76.0000
-->8--
         24       3 
      5       8      23
     16       1      21 
  2      22      20       4
 17       7      15       6
     12      11      10 
     19      13      18
         14       9 
--8<--
found: sum= 75.0000 var=  0.0000 fitness= 75.0000
-->8--
         21      20 
      4      24      16
     15      10       3 
 13       1       2      18
  9      23      22      19
     14      17      11 
      6       8       5
          7      12 
--8<--
found: sum= 81.0000 var=  0.0000 fitness= 81.0000
-->8--
         13       2 
     23      17      20
     11       5      21 
  7      12      16       8
 18      14      10       4
     19      24      22 
      6      15       1
          3       9 
--8<--
found: sum= 77.0000 var=  0.0000 fitness= 77.0000
-->8--
          2      21 
      7      18       5
     23      24       1 
 13       3       8      19
  6      17      11      22
     15      14      16 
      9      12       4
         10      20 
--8<--
found: sum= 72.0000 var=  0.0000 fitness= 72.0000
-->8--
          2      22 
     19      13       9
      4      24       1 
 12      10       3      16
 15      17      11      18
     14       7      23 
      8       5      20
         21       6 
--8<--
found: sum= 78.0000 var=  0.0000 fitness= 78.0000
-->8--
          8      23 
      7      24       3
     20       1       6 
  2      18      21       4
 17       5      22      15
     16      11      10 
     19      14      12
         13       9 
--8<--
found: sum= 75.0000 var=  0.0000 fitness= 75.0000
-->8--
         20       9 
     18      19      15
      2      12       6 
 10       4      14       1
 13      22      16      17
     24       7      21 
      8       3       5
         11      23 
--8<--
found: sum= 79.0000 var=  0.0000 fitness= 79.0000
-->8--
         15       3 
      9      23      16
     18       1      19 
 11      13      17       5
  2      14      22       6
     21      12      10 
     20       4      24
          8       7 
--8<--
found: sum= 74.0000 var=  0.0000 fitness= 74.0000
-->8--
         13      19 
     15       8      10
     22       7      16 
 17       9      14       6
  4      21      11      24
      1      12       3 
     18      20       5
          2      23 
--8<--
found: sum= 77.0000 var=  0.0000 fitness= 77.0000
-->8--
         22       4 
      7       8      16
      5      15      10 
 17      20      24       1
 11       3      13       6
     21       2      23 
     19      18      12
         14       9 
--8<--
found: sum= 75.0000 var=  0.0000 fitness= 75.0000
-->8--
         19       4 
      3      22      18
     20       6      11 
 21       5      14      16
 10      17       9      13
      2      24      12 
     23       8      15
          1       7 
--8<--
found: sum= 81.0000 var=  0.0000 fitness= 81.0000
-->8--
          2      19 
      3      23       6
     20      15       7 
  9      18      11      22
  5      12       4      13
     17      21      24 
     16      14      10
          1       8 
--8<--
found: sum= 77.0000 var=  0.0000 fitness= 77.0000
-->8--
         16      24 
      9       6       7
     20      22      17 
  2       4       1      21
 18      14      23       3
     19      13      12 
     15      11      10
          5       8 
--8<--
found: sum= 74.0000 var=  0.0000 fitness= 74.0000
-->8--
          5      15 
      9      18       3
     17      21       1 
  7       4      16      20
 24      12       2      22
     10      19      13 
      8      11      23
         14       6 
--8<--
found: sum= 76.0000 var=  0.0000 fitness= 76.0000
-->8--
         20      13 
     18      24       5
     11       2      10 
 14       1      22       3
 15      19      23       6
     16       9      12 
      4       7      17
         21       8 
--8<--
found: sum= 80.0000 var=  0.0000 fitness= 80.0000
-->8--
          1       2 
      9      17      13
     18      20      12 
 11      15      16       4
  3      10       5      21
     23      14      22 
      6       8       7
         19      24 
--8<--
found: sum= 77.0000 var=  0.0000 fitness= 77.0000
-->8--
          9      15 
      7      13       8
     11      19      12 
 17      18      10      14
  2       6      20      16
     23       4       5 
      1      21      24
         22       3 
--8<--
found: sum= 76.0000 var=  0.0000 fitness= 76.0000
-->8--
          7      17 
      2      12      18
     13      20       4 
 15      22       5      10
 11       9      19      14
      6       1      24 
     16      21       3
         23       8 
--8<--
found: sum= 79.0000 var=  0.0000 fitness= 79.0000
-->8--
         16       1 
     15       3      12
     10      21      22 
  7      14      20       5
 11      18       2       6
     19       4      24 
      8      17      23
         13       9 
--8<--
found: sum= 79.0000 var=  0.0000 fitness= 79.0000
-->8--
          6      12 
      5      21      20
     11      23       2 
 14      13       1      19
 10      16      17      18
     15       9      22 
      8      24       3
          7       4 
--8<--
found: sum= 76.0000 var=  0.0000 fitness= 76.0000
-->8--
          1      10 
      3      24       6
      8      22       5 
 12      18       9      20
 15       4       2      23
     19      21      17 
     14       7      13
         11      16 
--8<--
found: sum= 74.0000 var=  0.0000 fitness= 74.0000
-->8--
          3      19 
     10       4       6
     23      16      15 
  7      18      14      12
 13       8       1      11
      5      17      21 
     20       2      24
         22       9 
--8<--
found: sum= 83.0000 var=  0.0000 fitness= 83.0000
-->8--
          7      14 
      5      24      13
     16       8      22 
 11      23       2       1
  6      12      18      19
     15      20      21 
      9      17       3
         10       4 
--8<--
execution time: real 0.083951s user 0.007998s sys 0.001999s
GA: P=50 K=10 sp=2 xover=2D/1 optrpl=2 optskip=10 optmax=1.142857
generation #89: pop m= 77.631 v= 44.610 f= 55.903 best_age=1
best: found: sum= 83.0000 var=  0.0000 fitness= 83.0000
-->8--
          7      14 
      5      24      13
     16       8      22 
 11      23       2       1
  6      12      18      19
     15      20      21 
      9      17       3
         10       4 
--8<--
found: sum= 76.0000 var=  0.0000 fitness= 76.0000
-->8--
         20      13 
     18      24       5
     11       2      10 
 14       1      22       3
 15      19      23       6
     16       9      12 
      4       7      17
         21       8 
--8<--
found: sum= 81.0000 var=  0.0000 fitness= 81.0000
-->8--
          2      19 
      3      23       6
     20      15       7 
  9      18      11      22
  5      12       4      13
     17      21      24 
     16      14      10
          1       8 
--8<--
found: sum= 79.0000 var=  0.0000 fitness= 79.0000
-->8--
          6      12 
      5      21      20
     11      23       2 
 14      13       1      19
 10      16      17      18
     15       9      22 
      8      24       3
          7       4 
--8<--
found: sum= 80.0000 var=  0.0000 fitness= 80.0000
-->8--
          1       2 
      9      17      13
     18      20      12 
 11      15      16       4
  3      10       5      21
     23      14      22 
      6       8       7
         19      24 
--8<--
found: sum= 76.0000 var=  0.0000 fitness= 76.0000
-->8--
          7      17 
      2      12      18
     13      20       4 
 15      22       5      10
 11       9      19      14
      6       1      24 
     16      21       3
         23       8 
--8<--
found: sum= 79.0000 var=  0.0000 fitness= 79.0000
-->8--
         16       1 
     15       3      12
     10      21      22 
  7      14      20       5
 11      18       2       6
     19       4      24 
      8      17      23
         13       9 
--8<--
found: sum= 74.0000 var=  0.0000 fitness= 74.0000
-->8--
          3      19 
     10       4       6
     23      16      15 
  7      18      14      12
 13       8       1      11
      5      17      21 
     20       2      24
         22       9 
--8<--
found: sum= 77.0000 var=  0.0000 fitness= 77.0000
-->8--
         16      24 
      9       6       7
     20      22      17 
  2       4       1      21
 18      14      23       3
     19      13      12 
     15      11      10
          5       8 
--8<--
