found: sum= 73.0000 var=  0.0000 fitness= 73.0000
-->8--
         19      15 
     22       5       4
      7      18      20 
 10       2      11       9
 21      17      24       6
     16       1       3 
     13      14      23
         12       8 
--8<--
found: sum= 73.0000 var=  0.0000 fitness= 73.0000
-->8--
         23       8 
     21       9      10
      5      14      17 
 16       1      15       6
 18      13      19       4
     20      11      12 
      3       2       7
         24      22 
--8<--
found: sum= 77.0000 var=  0.0000 fitness= 77.0000
-->8--
         18      19 
     13      14       1
     11      15      24 
 22       6       4       7
 17       9      23      16
     12      20       3 
      5      21       8
         10       2 
--8<--
found: sum= 78.0000 var=  0.0000 fitness= 78.0000
-->8--
         21      13 
     19      24       6
      8       5      18 
 14       1      12       4
 16      17      20       9
     22      23      15 
     11       3       7
          2      10 
--8<--
found: sum= 73.0000 var=  0.0000 fitness= 73.0000
-->8--
          1      16 
     14      21       8
     15      18       3 
 17       4       7       9
 22      10      11      24
      5      23      19 
     13       2      12
         20       6 
--8<--
found: sum= 79.0000 var=  0.0000 fitness= 79.0000
-->8--
          3      10 
      2      15       5
     21      18      23 
 16      20       8       4
  9       7      12      19
      6      14      13 
     24      17       1
         11      22 
--8<--
found: sum= 78.0000 var=  0.0000 fitness= 78.0000
-->8--
          5      10 
      3      18       9
     23      15      20 
 16      14       6       7
 11       2      24       8
     12      17      13 
     22       4       1
         21      19 
--8<--
found: sum= 75.0000 var=  0.0000 fitness= 75.0000
-->8--
         12       9 
     22       1      20
     18       7      24 
  8      15      14      13
 10      19      16       2
      5       4       6 
      3      21      11
         23      17 
--8<--
found: sum= 73.0000 var=  0.0000 fitness= 73.0000
-->8--
          6      23 
     13       7      20
     22       1      17 
  3      24       5      21
  4      11      18      10
      9      14       2 
     12       8      15
         19      16 
--8<--
found: sum= 74.0000 var=  0.0000 fitness= 74.0000
-->8--
         23      21 
     22       1      11
      9       4      17 
 13      15      20       2
 10       8       3      14
     19      24      18 
      5       6       7
         12      16 
--8<--
found: sum= 75.0000 var=  0.0000 fitness= 75.0000
-->8--
         22       9 
     20      13      23
     15       3       8 
  5       2      19       1
 11      24      21      12
     18       6      14 
     16       7      17
          4      10 
--8<--
found: sum= 76.0000 var=  0.0000 fitness= 76.0000
-->8--
         12      23 
      9      18      15
     22       5      14 
 11      10       1       8
  6      24      17      20
      3      19      16 
      2       7       4
         21      13 
--8<--
found: sum= 78.0000 var=  0.0000 fitness= 78.0000
-->8--
          1       5 
      7      12      13
     15      22      16 
  9      21      10      17
 23       6       8       3
      4      11      24 
     20      19      14
         18       2 
--8<--
found: sum= 79.0000 var=  0.0000 fitness= 79.0000
-->8--
         16       2 
      1      18      15
     19      20      21 
  4       5       3      12
 11      17      24      13
     23      10       6 
     14       8       9
          7      22 
--8<--
found: sum= 77.0000 var=  0.0000 fitness= 77.0000
-->8--
         18      15 
     21      23       5
     12       2      19 
 14       1      13      10
 11      17      20       9
     22      24       6 
      7       3      16
          4       8 
--8<--
found: sum= 79.0000 var=  0.0000 fitness= 79.0000
-->8--
          7       1 
      4      24       3
     11      17      15 
  6      16      19      12
 10      13       5       8
     23       9      20 
     14       2      21
         18      22 
--8<--
found: sum= 74.0000 var=  0.0000 fitness= 74.0000
-->8--
         10      23 
     22      19       1
      8      12       4 
 17       3      15      18
  6      24       7       9
     16      13      21 
     14       2      11
          5      20 
--8<--
found: sum= 81.0000 var=  0.0000 fitness= 81.0000
-->8--
         11       4 
     10      21      12
     22       1      23 
 17      16      20       7
  3      18       2      14
      5      24      15 
      9      19      13
          6       8 
--8<--
found: sum= 77.0000 var=  0.0000 fitness= 77.0000
-->8--
          1      10 
     17       7      14
     20       9      19 
  3      23      18       2
 21       4      15      12
      6       8      11 
     24      22       5
         13      16 
--8<--
found: sum= 80.0000 var=  0.0000 fitness= 80.0000
-->8--
         17      15 
      3      16       5
      6      18      24 
 19      20       2      12
  4      10       7      13
     21      23      22 
     14      11       9
          1       8 
--8<--
found: sum= 77.0000 var=  0.0000 fitness= 77.0000
-->8--
          5      18 
      3      22       6
      7      19      10 
 24      21       2      15
  4       1      23      13
     20      11      14 
     16      12       8
         17       9 
--8<--
found: sum= 78.0000 var=  0.0000 fitness= 78.0000
-->8--
          7      18 
     10      19      17
     23       4      11 
 16      15       9      12
  6       5      24      20
     13      21       2 
     14      22       8
          3       1 
--8<--
found: sum= 79.0000 var=  0.0000 fitness= 79.0000
-->8--
         10      15 
     16       9       3
      6      18      22 
 14      20      12       5
  1      17       8      19
     21       4      13 
     11      24      23
          2       7 
--8<--
found: sum= 81.0000 var=  0.0000 fitness= 81.0000
-->8--
          7       2 
      3      21       6
      4      22      20 
 16      24      10       1
 13       5      12      15
     19       8      23 
     17      18      11
         14       9 
--8<--
found: sum= 75.0000 var=  0.0000 fitness= 75.0000
-->8--
         17       4 
      1      22      20
     11       5      14 
  3      19      10       9
 18      16      23      12
      8       2       7 
     21      13      24
         15       6 
--8<--
found: sum= 80.0000 var=  0.0000 fitness= 80.0000
-->8--
          2       1 
     16      10       4
     15      23      22 
  8      14      20       3
 17       7       5       9
     19      11      21 
     18      13      24
         12       6 
--8<--
found: sum= 75.0000 var=  0.0000 fitness= 75.0000
-->8--
         22       5 
     21      17      23
      4      10      14 
 13       1       6      15
 19      18      24       7
     20      16       9 
      8      11      12
          2       3 
--8<--
found: sum= 76.0000 var=  0.0000 fitness= 76.0000
-->8--
          7       9 
      8      24       6
     23      11       4 
 14       3      22      17
  2      16      19      13
     18       5       1 
     12      10      21
         15      20 
--8<--
found: sum= 84.0000 var=  0.0000 fitness= 84.0000
-->8--
          2      15 
     17      24       9
     21      13      11 
  3       7      12       8
 10      20      18      16
     23      14      19 
      4      22       5
          1       6 
--8<--
execution time: real 0.122793s user 0.005999s sys 0.002999s
GA: P=50 K=10 sp=2 xover=2D/1 optrpl=2 optskip=10 optmax=1.142857
generation #143: pop m= 79.223 v= 53.313 f= 53.000 best_age=1
best: found: sum= 84.0000 var=  0.0000 fitness= 84.0000
-->8--
          2      15 
     17      24       9
     21      13      11 
  3       7      12       8
 10      20      18      16
     23      14      19 
      4      22       5
          1       6 
--8<--
found: sum= 75.0000 var=  0.0000 fitness= 75.0000
-->8--
         17       4 
      1      22      20
     11       5      14 
  3      19      10       9
 18      16      23      12
      8       2       7 
     21      13      24
         15       6 
--8<--
found: sum= 80.0000 var=  0.0000 fitness= 80.0000
-->8--
         17      15 
      3      16       5
      6      18      24 
 19      20       2      12
  4      10       7      13
     21      23      22 
     14      11       9
          1       8 
--8<--
