found: sum= 81.0000 var=  0.0000 fitness= 81.0000
-->8--
         15      22 
     10       8       7
     17      18      24 
 16      13       2      11
  4      19      20       1
     12       9      23 
      6      21       3
         14       5 
--8<--
found: sum= 84.0000 var=  0.0000 fitness= 84.0000
-->8--
         15       5 
      7      24       8
     18       4      23 
 10      16      20      12
  1      17       6       9
     22      21      14 
      2      19      11
          3      13 
--8<--
execution time: real 1.017322s user 0.022996s sys 0.043993s
GA: P=50 K=10 sp=2 xover=2D/1 optrpl=2 optskip=10 optmax=1.142857
generation #4527: pop m= 79.480 v= 97.400 f= 36.526 best_age=1
best: found: sum= 84.0000 var=  0.0000 fitness= 84.0000
-->8--
         15       5 
      7      24       8
     18       4      23 
 10      16      20      12
  1      17       6       9
     22      21      14 
      2      19      11
          3      13 
--8<--
