found: sum= 75.0000 var=  0.0000 fitness= 75.0000 age=0
-->8--
         24       6 
      8      17      15
      9       7      14 
 20      10      16       3
 11      21      19       5
      4       2      18 
     23      13       1
         12      22 
--8<--
found: sum= 78.0000 var=  0.0000 fitness= 78.0000 age=0
-->8--
          2       6 
      4      22      12
     15      17      14 
  5      18       7      23
 11      19       1      13
     10      16      20 
      3       9       8
         21      24 
--8<--
found: sum= 74.0000 var=  0.0000 fitness= 74.0000 age=0
-->8--
          3      20 
     21       7      10
      8      12       6 
  1      23      19      22
 14      13       5       4
     15       2      18 
     17      16       9
         11      24 
--8<--
found: sum= 78.0000 var=  0.0000 fitness= 78.0000 age=0
-->8--
          2       5 
     23       1      17
     24      22      18 
 19       6      15      13
  8      11       4      12
     10      20      16 
      7      21       3
          9      14 
--8<--
found: sum= 73.0000 var=  0.0000 fitness= 73.0000 age=0
-->8--
         18       5 
     21      11      12
      6       8      24 
  7       9      13       2
 15      17      10      23
     19      16       1 
     14       4      20
          3      22 
--8<--
found: sum= 79.0000 var=  0.0000 fitness= 79.0000 age=0
-->8--
          5      10 
      7      21       6
     24       4      23 
  1      18      15      19
 13      14       8      12
      9      20       2 
      3      16      11
         17      22 
--8<--
found: sum= 78.0000 var=  0.0000 fitness= 78.0000 age=0
-->8--
         14      19 
      2       4      10
     22      16      23 
  7      20       6      17
  3       5      13       8
     21      18      11 
     24       9      15
          1      12 
--8<--
found: sum= 71.0000 var=  0.0000 fitness= 71.0000 age=0
-->8--
          4       3 
     14      17      22
     20      11       2 
 24       5      16      15
 13       8      19      10
      1      12       9 
     21       6      18
         23       7 
--8<--
found: sum= 79.0000 var=  0.0000 fitness= 79.0000 age=0
-->8--
          6      22 
     15      23       4
     20       1      16 
 11      14      13       3
  2      24      17       9
      8      10      21 
     12       7       5
         18      19 
--8<--
found: sum= 72.0000 var=  0.0000 fitness= 72.0000 age=0
-->8--
         24      16 
      5       3      20
      6      11      18 
 21      23       4       2
  1      13      14      19
      8       7      15 
     22      10       9
         12      17 
--8<--
found: sum= 75.0000 var=  0.0000 fitness= 75.0000 age=0
-->8--
         18      17 
      1       6      14
     24       7      20 
 10      19      11       4
  9       5      12      13
      8      21      15 
     16       2      22
         23       3 
--8<--
found: sum= 75.0000 var=  0.0000 fitness= 75.0000 age=0
-->8--
          9       5 
     20      10      11
      7      23      14 
 24       6      12      15
 18      17       4       8
      3      13      22 
      2      19       1
         21      16 
--8<--
found: sum= 75.0000 var=  0.0000 fitness= 75.0000 age=0
-->8--
         10       3 
     15      19      18
      7      22       9 
 23       2       4      17
  6      21      14      20
     16      12      11 
      5      13       1
          8      24 
--8<--
found: sum= 76.0000 var=  0.0000 fitness= 76.0000 age=0
-->8--
         16      21 
      2       5      19
     23      12      11 
  1      18       8       9
 17       3      22       6
     14      13      20 
     24       7      10
         15       4 
--8<--
found: sum= 76.0000 var=  0.0000 fitness= 76.0000 age=0
-->8--
          5       7 
     12       8      14
     22      23      15 
 10       6       9       3
 21       4      18      11
     13      16      20 
     24       2      19
         17       1 
--8<--
found: sum= 79.0000 var=  0.0000 fitness= 79.0000 age=0
-->8--
          1       5 
     14       3      23
     20      22      15 
  8      19      11      12
  2      13       4      21
     17      10      16 
      9      24       7
          6      18 
--8<--
found: sum= 79.0000 var=  0.0000 fitness= 79.0000 age=0
-->8--
         10       3 
     19      16       4
      7      12      24 
  8      15      20       2
 13      22       1      21
     14       9      11 
      6      23      18
          5      17 
--8<--
found: sum= 80.0000 var=  0.0000 fitness= 80.0000 age=0
-->8--
         17      15 
      5      21      19
     16      12       2 
  8       9      11      22
 13      14      24       3
     20      10      18 
      7      23       1
          6       4 
--8<--
found: sum= 79.0000 var=  0.0000 fitness= 79.0000 age=0
-->8--
         12      10 
      1      24      11
     21      15       3 
  2       6      16      14
 13      17      18       9
     20       7      19 
      4       8       5
         23      22 
--8<--
found: sum= 75.0000 var=  0.0000 fitness= 75.0000 age=0
-->8--
         22       5 
     24      14      15
      1       4      20 
 16      10      17       2
 23      12      11       6
     13      21      19 
     18       8       7
          3       9 
--8<--
found: sum= 75.0000 var=  0.0000 fitness= 75.0000 age=0
-->8--
         19      21 
     11      23       3
      4      10      17 
 16       8       1      24
 18      14      22       2
     15      20       9 
      6       7      12
         13       5 
--8<--
found: sum= 72.0000 var=  0.0000 fitness= 72.0000 age=0
-->8--
          9      16 
      1       8       2
     19      23      17 
 24      12       6      11
 10       3      13      20
      4      15       5 
     22       7      18
         21      14 
--8<--
found: sum= 81.0000 var=  0.0000 fitness= 81.0000 age=0
-->8--
         16      19 
      1      23       9
     20       3      12 
  8      18      15       4
  2      11      24       5
     22      10      21 
     14       7       6
         17      13 
--8<--
found: sum= 76.0000 var=  0.0000 fitness= 76.0000 age=0
-->8--
         20      19 
      3       4      11
     15      16      17 
 23      18       9       2
  6       1      10      14
     13      22      24 
     21       7       8
         12       5 
--8<--
found: sum= 76.0000 var=  0.0000 fitness= 76.0000 age=0
-->8--
         14      13 
      9      17      23
     11       1      10 
 18      24      12       4
  5       3      20      22
     15      16       8 
     21      19       7
          2       6 
--8<--
found: sum= 79.0000 var=  0.0000 fitness= 79.0000 age=0
-->8--
          1      10 
     21       9      18
     23      20       8 
 13       5      14      17
  3      16      22       6
     19       2      12 
     11      24      15
          7       4 
--8<--
found: sum= 78.0000 var=  0.0000 fitness= 78.0000 age=0
-->8--
          8      10 
     21       9      11
     14       4      24 
  2      22      20      16
 18       3       6       5
     19      23       7 
      1      17      13
         15      12 
--8<--
found: sum= 75.0000 var=  0.0000 fitness= 75.0000 age=0
-->8--
          8       4 
     19       9      23
     24       1      17 
  6      14      21      15
  2      16      12       3
     13      11       7 
     20       5      22
         10      18 
--8<--
found: sum= 77.0000 var=  0.0000 fitness= 77.0000 age=0
-->8--
         13      11 
     16       5      12
     15      22      18 
 10       6       9      21
  4      19      20       2
     23       1       7 
     14      17      24
          3       8 
--8<--
found: sum= 78.0000 var=  0.0000 fitness= 78.0000 age=0
-->8--
          6      19 
      4       8       5
     23      13      17 
  1      24      16       2
  9       7       3      22
     14      15      18 
     12      10      21
         20      11 
--8<--
found: sum= 77.0000 var=  0.0000 fitness= 77.0000 age=0
-->8--
          1      18 
     13      20      19
     16       5      11 
 10      22       4      24
  7       8      21       2
     14      17      15 
      6       9       3
         23      12 
--8<--
found: sum= 76.0000 var=  0.0000 fitness= 76.0000 age=0
-->8--
          6      14 
      2      24       8
     18      19      10 
 13       7       1      23
 12      17      11      16
      9      21      15 
      5       4       3
         20      22 
--8<--
found: sum= 75.0000 var=  0.0000 fitness= 75.0000 age=0
-->8--
         23       8 
      5      17      10
      7       1      24 
 20      22      15       4
  3      14      12      18
      9      11       2 
     19      16      21
          6      13 
--8<--
found: sum= 77.0000 var=  0.0000 fitness= 77.0000 age=0
-->8--
          2      14 
      5      24       7
     19       6      18 
  3      21       8      12
  9      15       4      22
     10      23      13 
     17       1      16
         11      20 
--8<--
found: sum= 76.0000 var=  0.0000 fitness= 76.0000 age=0
-->8--
         24      13 
      1      20       9
     17       8      12 
  3       6      14       2
 21      22      11      18
      7      15      19 
     23       5      16
          4      10 
--8<--
found: sum= 72.0000 var=  0.0000 fitness= 72.0000 age=0
-->8--
         20       1 
     21       8      18
      2      17      13 
 22       4      15       9
 14      23      10       6
      7       3      19 
     12      11      24
         16       5 
--8<--
found: sum= 77.0000 var=  0.0000 fitness= 77.0000 age=0
-->8--
         10       7 
     18      13      14
      1      19      22 
  5      16       2       3
 23      11      20       6
     21       9      24 
     17       4      12
         15       8 
--8<--
found: sum= 78.0000 var=  0.0000 fitness= 78.0000 age=0
-->8--
          1      23 
     12      17       5
     14      16       9 
  3      18       8      10
 20       4      21       6
     19      11      24 
     22       7       2
         15      13 
--8<--
found: sum= 78.0000 var=  0.0000 fitness= 78.0000 age=0
-->8--
          2      18 
     22       5      12
     21       9      20 
  6      19      14       1
 13       8      24       3
     11       4      16 
     23      17      10
         15       7 
--8<--
found: sum= 81.0000 var=  0.0000 fitness= 81.0000 age=0
-->8--
         22      11 
     12      24       7
     13       4      16 
 17       6      19       1
 10      14      20       2
     21      18      23 
      5       8       9
         15       3 
--8<--
found: sum= 75.0000 var=  0.0000 fitness= 75.0000 age=0
-->8--
         24       8 
      9      12       3
     13      15      14 
 17       2      23      11
  7      20       5      21
     16      10       1 
      6      19      18
          4      22 
--8<--
found: sum= 75.0000 var=  0.0000 fitness= 75.0000 age=0
-->8--
         10       3 
     15      19      18
      7      22       9 
 23       2       4      17
  6      21      14      20
     16      12      11 
      5      13       1
          8      24 
--8<--
found: sum= 75.0000 var=  0.0000 fitness= 75.0000 age=0
-->8--
          4      20 
     22      21       5
      8       9       2 
 17      11      18      13
 14      10       3      16
     15      24      23 
     19       6       7
          1      12 
--8<--
found: sum= 80.0000 var=  0.0000 fitness= 80.0000 age=0
-->8--
         20      16 
      3      13       6
     17       4      22 
  7      23      19       9
 11      12       1      15
     10      21      14 
      5      24       2
          8      18 
--8<--
found: sum= 80.0000 var=  0.0000 fitness= 80.0000 age=0
-->8--
         17       1 
      4       2      22
     20      18      24 
  9      19      13       8
  6      11       5       7
     15      14      23 
     21      16      12
          3      10 
--8<--
found: sum= 76.0000 var=  0.0000 fitness= 76.0000 age=0
-->8--
          6       4 
     23      16      22
      5       2      21 
 12      24      11       7
  3      13       8      20
     19      18       9 
     15      10      17
          1      14 
--8<--
found: sum= 77.0000 var=  0.0000 fitness= 77.0000 age=0
-->8--
          6      10 
     21      19       4
      8      16       5 
 17       7      23      14
  3      20       2      15
     22       9      18 
     12      13      11
          1      24 
--8<--
found: sum= 76.0000 var=  0.0000 fitness= 76.0000 age=0
-->8--
         15      14 
     13      20       4
     12       5      10 
 24      11      23       3
  2       9      22      17
     18       6       1 
     16      19       7
          8      21 
--8<--
found: sum= 75.0000 var=  0.0000 fitness= 75.0000 age=0
-->8--
         15      12 
      3      18      14
     22      16       5 
  2       1      10       9
 20      19      21      17
     11       8      13 
      7       6      23
         24       4 
--8<--
found: sum= 76.0000 var=  0.0000 fitness= 76.0000 age=0
-->8--
         19       2 
      9      20      17
      4       8      24 
  3      16       5      13
 18      21      15       7
     14      11      12 
     23       6      10
          1      22 
--8<--
found: sum= 75.0000 var=  0.0000 fitness= 75.0000 age=0
-->8--
          7      10 
     14      12      15
     13      18      19 
 23      11       1       9
 16       8      20       2
      4      17      24 
     21       3       6
         22       5 
--8<--
found: sum= 81.0000 var=  0.0000 fitness= 81.0000 age=0
-->8--
         19      10 
     12      20       9
      7       5      15 
 13      18      22       8
  6      21       1      11
     16      14      24 
      3      23       2
          4      17 
--8<--
found: sum= 79.0000 var=  0.0000 fitness= 79.0000 age=0
-->8--
          1      19 
     10      23       5
     20      16      12 
 11       9       4      22
  8      18      17      21
     13      15       3 
      7      24       6
          2      14 
--8<--
found: sum= 75.0000 var=  0.0000 fitness= 75.0000 age=0
-->8--
          4       2 
     24      23       7
      5      11      10 
 17       8      22       9
 16      15      13      18
     14       6       3 
     19      20      21
          1      12 
--8<--
found: sum= 80.0000 var=  0.0000 fitness= 80.0000 age=0
-->8--
         15      12 
      2      24       4
     23      13       6 
 17       3      21      19
 10       7      22       1
     20      14      11 
     18      16       8
          5       9 
--8<--
found: sum= 75.0000 var=  0.0000 fitness= 75.0000 age=0
-->8--
          1      20 
     10      14       4
     11      16       8 
 19      23      13       6
  3       2       9      21
     17      12      18 
     15       7       5
         22      24 
--8<--
found: sum= 79.0000 var=  0.0000 fitness= 79.0000 age=0
-->8--
          3      17 
      9      12       5
     24      10      19 
  2      21      16       1
  8       6      22      14
     18       4       7 
     13      15      20
         23      11 
--8<--
found: sum= 76.0000 var=  0.0000 fitness= 76.0000 age=0
-->8--
          3      12 
      6      13      20
     22      14      15 
 11      18       2      10
  1       7      19      21
     17      16       9 
      8       4       5
         24      23 
--8<--
found: sum= 77.0000 var=  0.0000 fitness= 77.0000 age=0
-->8--
         23       7 
      9       4      22
     10      11      21 
  6      20      12       2
  5      17      16       8
     19       1      18 
      3      13      15
         24      14 
--8<--
found: sum= 78.0000 var=  0.0000 fitness= 78.0000 age=0
-->8--
          6       2 
      1       7       9
     23      20      22 
  3      21      18      12
 15       5       4      14
     11      10       8 
     16      19      13
         17      24 
--8<--
found: sum= 76.0000 var=  0.0000 fitness= 76.0000 age=0
-->8--
         22      20 
      3      16       9
      8      13       7 
  6      14      11      18
 21      17       2      23
     10      19      15 
      1      24      12
          5       4 
--8<--
found: sum= 74.0000 var=  0.0000 fitness= 74.0000 age=0
-->8--
          8       6 
     24      13      21
      4       3      12 
  1      22      19       2
 18       9      14      16
     20       7      11 
     23      10      15
          5      17 
--8<--
found: sum= 73.0000 var=  0.0000 fitness= 73.0000 age=0
-->8--
         11       1 
     20       4      18
      3      23      19 
 22      12       8      16
 14       5      15       6
     17      10       9 
     21      13       2
          7      24 
--8<--
found: sum= 79.0000 var=  0.0000 fitness= 79.0000 age=0
-->8--
         15      17 
      2      18      10
     20      21       8 
  6       3       5      23
  4      24      14      13
     22      12      16 
      9      11       7
          1      19 
--8<--
found: sum= 77.0000 var=  0.0000 fitness= 77.0000 age=0
-->8--
          6      19 
      4       9       1
     24      22      15 
 14      12      11      17
  7       2      10       8
     18      20      16 
     21       3       5
         13      23 
--8<--
found: sum= 71.0000 var=  0.0000 fitness= 71.0000 age=0
-->8--
          2      10 
     21      11      17
     12      22       7 
 14       3       4      16
 20      13      24      19
      9       5       1 
      6      15       8
         23      18 
--8<--
found: sum= 78.0000 var=  0.0000 fitness= 78.0000 age=0
-->8--
         18      19 
     10       4      14
     24      17       2 
  7       5      22       3
  8      13      20      15
     21       1      16 
     11      23      12
          9       6 
--8<--
found: sum= 77.0000 var=  0.0000 fitness= 77.0000 age=0
-->8--
         19      21 
      7       1      13
     14      16      18 
  3      20       8      17
  4      12      10       2
     24      11      22 
      9       6       5
         15      23 
--8<--
found: sum= 72.0000 var=  0.0000 fitness= 72.0000 age=0
-->8--
         17      22 
     21       6      10
      4       1      13 
 19      23      20       3
  7       5      15       9
     14       8      12 
     18      11      24
         16       2 
--8<--
found: sum= 82.0000 var=  0.0000 fitness= 82.0000 age=0
-->8--
          7       5 
      4      11       6
     23      24      15 
  8      13      21       2
 16       3      12      10
     19       9      22 
     14      20       1
         17      18 
--8<--
found: sum= 79.0000 var=  0.0000 fitness= 79.0000 age=0
-->8--
          6       5 
      7      21       2
     15      10      17 
  1      20      24      19
 14      13       3      12
     16       9       4 
      8      22      18
         11      23 
--8<--
found: sum= 73.0000 var=  0.0000 fitness= 73.0000 age=0
-->8--
          6      10 
      9      11      15
      7      22       2 
  8      18      13      24
 23       5      14       3
     12       1      17 
     19      16       4
         20      21 
--8<--
found: sum= 80.0000 var=  0.0000 fitness= 80.0000 age=0
-->8--
          9      18 
     17      23       4
     15       2      21 
 10      14      12       1
 16      19      13      22
      6      20      11 
      3      24       5
          8       7 
--8<--
found: sum= 81.0000 var=  0.0000 fitness= 81.0000 age=0
-->8--
          4      17 
     11      21      12
     24       2      23 
  8      19       6      20
  3      14      22       1
     13      18       9 
      5      15      10
         16       7 
--8<--
found: sum= 77.0000 var=  0.0000 fitness= 77.0000 age=0
-->8--
          3       8 
     11      16      17
     21       2      19 
 12      24      15      10
  5       9       7       4
      6      20      22 
     18       1      13
         23      14 
--8<--
found: sum= 74.0000 var=  0.0000 fitness= 74.0000 age=0
-->8--
         22      24 
      1      14      18
     12       4       6 
  5      21       8      19
 13       7      11      10
     16      23      20 
      9       2       3
         17      15 
--8<--
found: sum= 76.0000 var=  0.0000 fitness= 76.0000 age=0
-->8--
          3      23 
     16       7       8
     24      11      21 
 14      15       6      20
  2      17       9       1
      4      18      19 
     22       5      12
         10      13 
--8<--
found: sum= 80.0000 var=  0.0000 fitness= 80.0000 age=0
-->8--
         11      12 
     23      21       9
     16       2      14 
 10       7      22       1
  6      17      19       4
     24      13      20 
      3       5      15
         18       8 
--8<--
found: sum= 77.0000 var=  0.0000 fitness= 77.0000 age=0
-->8--
         15      13 
      2       7      16
     11      18      17 
 12      24       6       8
  3       5      23      14
     22       1       9 
     20      19       4
         10      21 
--8<--
found: sum= 80.0000 var=  0.0000 fitness= 80.0000 age=0
-->8--
          5      15 
     13       3       6
     20      22      18 
  2      17      16      21
 10       7       4       9
     24      14      12 
     11      23       8
          1      19 
--8<--
found: sum= 78.0000 var=  0.0000 fitness= 78.0000 age=0
-->8--
         24      22 
      7       1       8
     23       9      17 
  3      14      21      12
  4      15      13       5
     19       6      10 
      2      20      18
         16      11 
--8<--
found: sum= 75.0000 var=  0.0000 fitness= 75.0000 age=0
-->8--
         24       7 
      6      17       9
      1       8      21 
 16      19      13      14
 11      18       2      22
     10      15       3 
      4      23      20
          5      12 
--8<--
found: sum= 77.0000 var=  0.0000 fitness= 77.0000 age=0
-->8--
          5       2 
      6      11      18
     24      15      22 
  1      16       9       4
 17       7      20      19
     12      10       3 
     21      13      23
         14       8 
--8<--
found: sum= 81.0000 var=  0.0000 fitness= 81.0000 age=0
-->8--
         10      20 
      2      24       1
     15      17      12 
  5      13       7       8
  6      19      14      18
     23      11      22 
      3       9       4
         16      21 
--8<--
found: sum= 81.0000 var=  0.0000 fitness= 81.0000 age=0
-->8--
         19      21 
      3      17       1
     12       7      20 
  4      23      15       5
 18      14       6      13
     10      16      22 
      8      24       2
          9      11 
--8<--
found: sum= 74.0000 var=  0.0000 fitness= 74.0000 age=0
-->8--
         15      14 
     13      16      17
     10       1      24 
  6      19       2      21
 11      23      20       4
      5       9       3 
      7      12       8
         18      22 
--8<--
found: sum= 73.0000 var=  0.0000 fitness= 73.0000 age=0
-->8--
         24      23 
     11      22       4
      3       1       8 
 16      12      15      20
 19       6      21       7
     17      18       2 
     10      13       5
          9      14 
--8<--
found: sum= 81.0000 var=  0.0000 fitness= 81.0000 age=0
-->8--
          5      13 
      1      19      10
     23      15       8 
  4      18      16       2
  6       9      11      24
     21      12      20 
     22      14       7
          3      17 
--8<--
found: sum= 82.0000 var=  0.0000 fitness= 82.0000 age=0
-->8--
         10       1 
      2      24      11
     16      18      15 
  9      12      13       8
  6      19       3      22
     20      17      21 
      7      14      23
          5       4 
--8<--
found: sum= 78.0000 var=  0.0000 fitness= 78.0000 age=0
-->8--
          2       7 
     21       3       9
     22      17      23 
 20      13      19       4
  5       6       8      10
     12      15      14 
     11      16       1
         18      24 
--8<--
found: sum= 75.0000 var=  0.0000 fitness= 75.0000 age=0
-->8--
          3      17 
     23      20      11
      5      10       2 
  1      14      15       8
 21      12      18      13
     22       6      19 
     24       7       9
          4      16 
--8<--
found: sum= 77.0000 var=  0.0000 fitness= 77.0000 age=0
-->8--
         10      12 
      3      17       7
     11      15       8 
 23      21      18       4
  2       1       9      14
     19      13      24 
     22       6       5
         16      20 
--8<--
found: sum= 80.0000 var=  0.0000 fitness= 80.0000 age=0
-->8--
         22      18 
      7      24       8
     23       1      13 
  5       3      16      10
 12      20      21       6
     17      19      14 
      4       9       2
         11      15 
--8<--
found: sum= 81.0000 var=  0.0000 fitness= 81.0000 age=0
-->8--
         18       3 
      8      23       5
     21       9      17 
 20       2      24       4
 12      10      14       7
     16      22      15 
     19      13       6
          1      11 
--8<--
found: sum= 77.0000 var=  0.0000 fitness= 77.0000 age=0
-->8--
          7       9 
      1      23       2
     15      17      21 
 19      14       5      24
 10      13       8       3
      6      20      16 
     22       4      18
         12      11 
--8<--
found: sum= 82.0000 var=  0.0000 fitness= 82.0000 age=0
-->8--
          1       3 
     14      17      12
     18      10      24 
  7      22      16      20
 11       9       4       5
     15      21      13 
      8      23       2
          6      19 
--8<--
found: sum= 81.0000 var=  0.0000 fitness= 81.0000 age=0
-->8--
          3       9 
      7      20       5
     12      22      15 
 14      17      10      11
  6       8      23       4
     24       1      18 
     19      16      21
         13       2 
--8<--
found: sum= 79.0000 var=  0.0000 fitness= 79.0000 age=0
-->8--
         15      20 
      1      24       4
      9       8      16 
 14      22       7      18
  2      19      12       3
     13      11      23 
      5      10       6
         21      17 
--8<--
found: sum= 76.0000 var=  0.0000 fitness= 76.0000 age=0
-->8--
         16       9 
      1      12      11
     21      19      15 
  2       7      10       8
 17      23       3      18
      6      14      22 
     24       4      20
          5      13 
--8<--
found: sum= 74.0000 var=  0.0000 fitness= 74.0000 age=0
-->8--
         19      11 
     16       7      13
     21       1      18 
  3      10      24       6
 17       8       9      12
     15      22       5 
      2       4      20
         23      14 
--8<--
found: sum= 74.0000 var=  0.0000 fitness= 74.0000 age=0
-->8--
          5      12 
     16      13       9
      4      17      21 
 24      19       2      23
  3      10       6      15
     14      20       7 
      1      11      22
         18       8 
--8<--
found: sum= 78.0000 var=  0.0000 fitness= 78.0000 age=0
-->8--
          2       5 
     13      23       3
     14       4      24 
 18      22      19      17
  9       7       6       1
      8      20      11 
     21      10      15
         12      16 
--8<--
found: sum= 77.0000 var=  0.0000 fitness= 77.0000 age=0
-->8--
          6      14 
      1      20       8
     16      24       9 
  3      10       2      22
 19      11      17      12
     18      13      15 
      5       7       4
         23      21 
--8<--
found: sum= 76.0000 var=  0.0000 fitness= 76.0000 age=0
-->8--
         22       8 
      3       4      23
     18      14      21 
 13      15       6       1
  2      12      20      17
     16       9      11 
      5      10       7
         24      19 
--8<--
found: sum= 80.0000 var=  0.0000 fitness= 80.0000 age=0
-->8--
          3      15 
     13       2       6
     22      24      14 
 10      16      19       5
  8       1       9      12
     23      11      21 
     20      18       4
          7      17 
--8<--
found: sum= 80.0000 var=  0.0000 fitness= 80.0000 age=0
-->8--
          4       3 
     24      15      13
     14      17      10 
 19       6      22       8
  2      21       9      11
     18       5      20 
      1      23       7
         12      16 
--8<--
found: sum= 77.0000 var=  0.0000 fitness= 77.0000 age=0
-->8--
         10       1 
     11      18      14
      5      20      17 
 12      13       7      15
 23      22       6       8
      2       9      24 
     21      19       3
          4      16 
--8<--
found: sum= 74.0000 var=  0.0000 fitness= 74.0000 age=0
-->8--
          8      11 
      9      16      17
     13       4      20 
 12      24       6      18
 10      14       3      22
      1      23       5 
      2      15       7
         19      21 
--8<--
found: sum= 77.0000 var=  0.0000 fitness= 77.0000 age=0
-->8--
          5       8 
      7      16      13
     24      22      14 
  9       3       4      15
 21      19      11      23
      1      18      10 
      2      20      12
         17       6 
--8<--
found: sum= 73.0000 var=  0.0000 fitness= 73.0000 age=0
-->8--
          9       4 
     12      15      19
     21      10       3 
 24       6      22       5
 13       7      17      18
      2      11       8 
     14      16      20
         23       1 
--8<--
found: sum= 82.0000 var=  0.0000 fitness= 82.0000 age=0
-->8--
          7      12 
      4      22      15
     19       6      18 
  1      24       9      16
 13       8      14       2
     17      21      23 
      5      11      10
         20       3 
--8<--
found: sum= 76.0000 var=  0.0000 fitness= 76.0000 age=0
-->8--
          1       3 
     19       2      23
     21      18      24 
  5      15       6      22
 11      16       4       7
      8      17      13 
     14      12      10
          9      20 
--8<--
found: sum= 78.0000 var=  0.0000 fitness= 78.0000 age=0
-->8--
         18       9 
      8      24       2
      6      17      14 
 15       5      12      19
 11      20      23       7
     21       1       3 
      4      22      13
         10      16 
--8<--
found: sum= 79.0000 var=  0.0000 fitness= 79.0000 age=0
-->8--
         19       9 
      6      24      13
     11       4      12 
  7      15      17       8
 10      20       1      23
     16      22      18 
      5      14       3
          2      21 
--8<--
found: sum= 76.0000 var=  0.0000 fitness= 76.0000 age=0
-->8--
          2      12 
      3      11      10
     20      24       4 
 14      16      15       9
  1       8       7      18
     17       6      23 
     19       5      22
         21      13 
--8<--
found: sum= 82.0000 var=  0.0000 fitness= 82.0000 age=0
-->8--
         11      14 
      2      10       8
     15      20      21 
  6      24       9      16
  1      13      12       5
     23       4      19 
     17      22      18
          3       7 
--8<--
found: sum= 77.0000 var=  0.0000 fitness= 77.0000 age=0
-->8--
         23       7 
     14      24       5
      8       6      13 
 10       2      22      18
 21      16      12       9
     20      19       3 
      4      17      15
          1      11 
--8<--
found: sum= 76.0000 var=  0.0000 fitness= 76.0000 age=0
-->8--
         24       6 
     17      13      11
      1      18      19 
 14       3       9      12
 15      21      23       8
     22       2       5 
      4      20      10
          7      16 
--8<--
found: sum= 81.0000 var=  0.0000 fitness= 81.0000 age=0
-->8--
          9      10 
      2      24       3
     17      22      21 
  5       7       1       4
 15      23      20      19
     14       8      16 
     11      13      18
         12       6 
--8<--
found: sum= 83.0000 var=  0.0000 fitness= 83.0000 age=0
-->8--
          2       5 
     13      21       7
     18      12      22 
  8      17      16       9
 11      19      15       1
     10       4      20 
      3      24      14
         23       6 
--8<--
found: sum= 82.0000 var=  0.0000 fitness= 82.0000 age=0
-->8--
          2       6 
     23       9      11
     22      19      20 
  4       7      17       3
 12      16      18      10
     21       5      14 
      1      24       8
         15      13 
--8<--
found: sum= 81.0000 var=  0.0000 fitness= 81.0000 age=0
-->8--
          7      13 
     16      17       2
     22      14      23 
  8       5      12      10
 24      18      11       6
      4      21      19 
      3      20       9
         15       1 
--8<--
found: sum= 75.0000 var=  0.0000 fitness= 75.0000 age=0
-->8--
          5      13 
     19      14      12
     18       9      11 
 23      10      16       6
 15       2      21      20
      7      17       1 
      3      24       4
         22       8 
--8<--
found: sum= 80.0000 var=  0.0000 fitness= 80.0000 age=0
-->8--
         14      18 
     16      21       9
      4      10      17 
  7      15       5      20
 13      19      23       3
     22       8      12 
      6      24       2
          1      11 
--8<--
found: sum= 79.0000 var=  0.0000 fitness= 79.0000 age=0
-->8--
          1       9 
     24      15      12
     20      13      16 
  2       6      14       4
 11      17      22       5
     23       7      18 
     19       3      21
         10       8 
--8<--
found: sum= 78.0000 var=  0.0000 fitness= 78.0000 age=0
-->8--
          3      18 
      7       4      23
     24      19      12 
  5      21       2      22
  8       6      17       9
     14      13      16 
     15      20       1
         10      11 
--8<--
found: sum= 78.0000 var=  0.0000 fitness= 78.0000 age=0
-->8--
          5      14 
      1       9      16
     21      24      12 
  4      18       3      13
  7      11      20      22
     17       2       8 
     10      23       6
         15      19 
--8<--
found: sum= 78.0000 var=  0.0000 fitness= 78.0000 age=0
-->8--
         19       3 
      7      18      20
     13       9      24 
 11      12       4       5
 15      17      22      21
     10      14       2 
      6      23       1
          8      16 
--8<--
found: sum= 75.0000 var=  0.0000 fitness= 75.0000 age=0
-->8--
         17      13 
      3      11      14
      4      24      12 
 19      16       1      22
  6       9      23      10
     21       2       7 
      5      20      15
         18       8 
--8<--
found: sum= 81.0000 var=  0.0000 fitness= 81.0000 age=0
-->8--
         17       2 
      6      10      23
     22      21      18 
 14       5       7       4
  1      19      16      12
     20      13      24 
     15      11       9
          3       8 
--8<--
found: sum= 79.0000 var=  0.0000 fitness= 79.0000 age=0
-->8--
          7       9 
      5      18       4
     10      22      23 
  6      17       3      15
 13      21      14      16
     12       2       8 
      1      24      20
         19      11 
--8<--
found: sum= 81.0000 var=  0.0000 fitness= 81.0000 age=0
-->8--
          7      20 
     12       6       3
     19      21      23 
  4      16       8      17
 15       5      13       9
     22      18      11 
     10      24       1
          2      14 
--8<--
found: sum= 77.0000 var=  0.0000 fitness= 77.0000 age=0
-->8--
          2      21 
     24       8      14
     22       6      16 
  1      15      12      20
 19       9      17       7
     11      18       5 
     13      23       4
          3      10 
--8<--
found: sum= 82.0000 var=  0.0000 fitness= 82.0000 age=0
-->8--
          9      20 
      2      21       8
     24       4      13 
  6      22      16      12
  1      10      23       3
     19       7      15 
     17      18       5
         11      14 
--8<--
found: sum= 80.0000 var=  0.0000 fitness= 80.0000 age=0
-->8--
          1      11 
     12      22       7
     24       8      14 
  2      13      18      17
 16      15       6       4
     10      20      21 
     23       9       5
          3      19 
--8<--
found: sum= 79.0000 var=  0.0000 fitness= 79.0000 age=0
-->8--
          3       8 
     19      22       2
      5      10      14 
 18      20      23       1
 15       4      16      12
     17       6      13 
     21      24      11
          7       9 
--8<--
found: sum= 70.0000 var=  0.0000 fitness= 70.0000 age=0
-->8--
         13      23 
      2       5      11
     10      19       3 
 14      21       9      20
  7      12       1      15
      6       8      22 
     24       4      17
         16      18 
--8<--
found: sum= 75.0000 var=  0.0000 fitness= 75.0000 age=0
-->8--
         17       6 
      9      18      21
     23       1       5 
 19       7      24       2
  4      14      13      20
      8      16      11 
     15      10      22
         12       3 
--8<--
found: sum= 80.0000 var=  0.0000 fitness= 80.0000 age=0
-->8--
          6       2 
      8      22      16
     23       9      14 
  1      12      17      21
 19      15       3       5
     10      24      20 
      7      11       4
         13      18 
--8<--
found: sum= 81.0000 var=  0.0000 fitness= 81.0000 age=0
-->8--
          2       4 
      6      21       9
     24      13      18 
  5      15      16       3
 10      19       7      23
      8      11      14 
     22      20      12
          1      17 
--8<--
found: sum= 85.0000 var=  0.0000 fitness= 85.0000 age=0
-->8--
          3       7 
      8      23       4
     22      10      21 
  2      19      20       1
  9      15       5      14
     18      16      24 
     13      17      12
          6      11 
--8<--
found: sum= 79.0000 var=  0.0000 fitness= 79.0000 age=0
-->8--
         10       7 
     18      17       1
      9      13      22 
 24      12      19       5
 15      11       4       6
      8      20      23 
      3      16      14
         21       2 
--8<--
found: sum= 79.0000 var=  0.0000 fitness= 79.0000 age=0
-->8--
          5       3 
      9      14      21
     24      11      20 
 12      16      10      15
  4      17       7      19
      6      18       8 
     13      23      22
          2       1 
--8<--
found: sum= 80.0000 var=  0.0000 fitness= 80.0000 age=0
-->8--
          8       5 
      7      14      22
     24      11      13 
  3      16      15      18
  1      19      10       4
     17       9      20 
     21      12      23
          2       6 
--8<--
found: sum= 81.0000 var=  0.0000 fitness= 81.0000 age=0
-->8--
          4       1 
      2      22       3
     23      20      18 
 16      10      17       5
  7      13       6      14
     12      15      21 
     24       9      19
          8      11 
--8<--
found: sum= 76.0000 var=  0.0000 fitness= 76.0000 age=0
-->8--
         20       9 
     18       2      19
     21      14      15 
  6       1      17      10
 23      13       7       5
     12      24      22 
     16       8      11
          3       4 
--8<--
found: sum= 79.0000 var=  0.0000 fitness= 79.0000 age=0
-->8--
          6      10 
      7      22      20
      9      11      12 
 13      24       4      18
  1      15      23       8
     17       2      14 
      5      21       3
         19      16 
--8<--
found: sum= 78.0000 var=  0.0000 fitness= 78.0000 age=0
-->8--
         21      17 
     18       6      13
     22       4      24 
  5       7      14       1
 10      19      11       8
     15      23      20 
     16       3      12
          2       9 
--8<--
found: sum= 80.0000 var=  0.0000 fitness= 80.0000 age=0
-->8--
          2       1 
      9      21       6
     19      14      20 
 16      15      18       4
  7      10      12      23
     13      11       3 
     17      24      22
          5       8 
--8<--
found: sum= 79.0000 var=  0.0000 fitness= 79.0000 age=0
-->8--
         15      20 
      1      24       4
      9       8      16 
 14      22       7      18
  2      19      12       3
     13      11      23 
      5      10       6
         21      17 
--8<--
found: sum= 79.0000 var=  0.0000 fitness= 79.0000 age=0
-->8--
         10      16 
     11       5      13
     18      15      21 
  8      20       9       6
  7      22       1      19
      4      12      23 
      3      24       2
         14      17 
--8<--
found: sum= 78.0000 var=  0.0000 fitness= 78.0000 age=0
-->8--
          1       6 
     23      14      15
     11      17      10 
 21      12      16       3
  2       8      20       7
     24       5      22 
     13       9       4
         19      18 
--8<--
found: sum= 79.0000 var=  0.0000 fitness= 79.0000 age=0
-->8--
         10       1 
     21       2      22
      9      18      23 
 14      19      13       7
 12       5       8       4
     20      16      24 
      6      17      11
         15       3 
--8<--
found: sum= 84.0000 var=  0.0000 fitness= 84.0000 age=0
-->8--
          1      18 
     11      20       3
     21      14      10 
  7      17      19       9
  2      13      16       8
     24       5      22 
      4      23       6
         15      12 
--8<--
found: sum= 80.0000 var=  0.0000 fitness= 80.0000 age=0
-->8--
          1       9 
     18      17       5
     14      19       7 
 10      11      23       6
  8      21       2      20
     16       4      22 
      3      24      13
         12      15 
--8<--
found: sum= 80.0000 var=  0.0000 fitness= 80.0000 age=0
-->8--
         10       2 
      8      18      15
     11      12      19 
  3      21      14      13
  1      24       5       6
     20       4      23 
      7       9      22
         16      17 
--8<--
found: sum= 80.0000 var=  0.0000 fitness= 80.0000 age=0
-->8--
          8      20 
      6       3      11
     21      24      17 
 15      18       5      10
  1       2      19       7
     23      12      22 
     13      14       9
         16       4 
--8<--
found: sum= 75.0000 var=  0.0000 fitness= 75.0000 age=0
-->8--
         11       4 
     21       1      18
      5      24      22 
  7      13       6       3
 14      20      10      15
     16       2      19 
     17      12      23
          8       9 
--8<--
found: sum= 79.0000 var=  0.0000 fitness= 79.0000 age=0
-->8--
         18       1 
      8       3      17
     11      20      24 
  5      19      14      10
  9      13       6       2
     22       7      23 
      4      12      15
         21      16 
--8<--
found: sum= 80.0000 var=  0.0000 fitness= 80.0000 age=0
-->8--
          7       6 
     16      20      14
     11       9      13 
  4      17      18       3
 23      15      19       5
     10       2      22 
     21      24       1
          8      12 
--8<--
execution time: real 0.423521s user 0.382941s sys 0.000000s
GA: P=1024 K=512 sp=2 xover=2D/1 aging
generation #4: pop m= 80.094 v=0.190 f= 78.099
best: found: sum= 85.0000 var=  0.0000 fitness= 85.0000 age=1
-->8--
          3       7 
      8      23       4
     22      10      21 
  2      19      20       1
  9      15       5      14
     18      16      24 
     13      17      12
          6      11 
--8<--
found: sum= 80.0000 var=  0.0000 fitness= 80.0000 age=2
-->8--
          4       3 
     24      15      13
     14      17      10 
 19       6      22       8
  2      21       9      11
     18       5      20 
      1      23       7
         12      16 
--8<--
found: sum= 80.0000 var=  0.0000 fitness= 80.0000 age=1
-->8--
          8       5 
      7      14      22
     24      11      13 
  3      16      15      18
  1      19      10       4
     17       9      20 
     21      12      23
          2       6 
--8<--
found: sum= 78.0000 var=  0.0000 fitness= 78.0000 age=3
-->8--
          1      23 
     12      17       5
     14      16       9 
  3      18       8      10
 20       4      21       6
     19      11      24 
     22       7       2
         15      13 
--8<--
found: sum= 80.0000 var=  0.0000 fitness= 80.0000 age=2
-->8--
         22      18 
      7      24       8
     23       1      13 
  5       3      16      10
 12      20      21       6
     17      19      14 
      4       9       2
         11      15 
--8<--
found: sum= 78.0000 var=  0.0000 fitness= 78.0000 age=4
-->8--
          2       6 
      4      22      12
     15      17      14 
  5      18       7      23
 11      19       1      13
     10      16      20 
      3       9       8
         21      24 
--8<--
found: sum= 79.0000 var=  0.0000 fitness= 79.0000 age=4
-->8--
         12      10 
      1      24      11
     21      15       3 
  2       6      16      14
 13      17      18       9
     20       7      19 
      4       8       5
         23      22 
--8<--
found: sum= 78.0000 var=  0.0000 fitness= 78.0000 age=2
-->8--
         18       9 
      8      24       2
      6      17      14 
 15       5      12      19
 11      20      23       7
     21       1       3 
      4      22      13
         10      16 
--8<--
found: sum= 75.0000 var=  0.0000 fitness= 75.0000 age=1
-->8--
         17       6 
      9      18      21
     23       1       5 
 19       7      24       2
  4      14      13      20
      8      16      11 
     15      10      22
         12       3 
--8<--
found: sum= 79.0000 var=  0.0000 fitness= 79.0000 age=3
-->8--
          6       5 
      7      21       2
     15      10      17 
  1      20      24      19
 14      13       3      12
     16       9       4 
      8      22      18
         11      23 
--8<--
found: sum= 78.0000 var=  0.0000 fitness= 78.0000 age=3
-->8--
          6       2 
      1       7       9
     23      20      22 
  3      21      18      12
 15       5       4      14
     11      10       8 
     16      19      13
         17      24 
--8<--
found: sum= 78.0000 var=  0.0000 fitness= 78.0000 age=3
-->8--
         18      19 
     10       4      14
     24      17       2 
  7       5      22       3
  8      13      20      15
     21       1      16 
     11      23      12
          9       6 
--8<--
found: sum= 78.0000 var=  0.0000 fitness= 78.0000 age=2
-->8--
          2       7 
     21       3       9
     22      17      23 
 20      13      19       4
  5       6       8      10
     12      15      14 
     11      16       1
         18      24 
--8<--
found: sum= 80.0000 var=  0.0000 fitness= 80.0000 age=1
-->8--
         14      18 
     16      21       9
      4      10      17 
  7      15       5      20
 13      19      23       3
     22       8      12 
      6      24       2
          1      11 
--8<--
found: sum= 81.0000 var=  0.0000 fitness= 81.0000 age=2
-->8--
          5      13 
      1      19      10
     23      15       8 
  4      18      16       2
  6       9      11      24
     21      12      20 
     22      14       7
          3      17 
--8<--
found: sum= 80.0000 var=  0.0000 fitness= 80.0000 age=3
-->8--
          5      15 
     13       3       6
     20      22      18 
  2      17      16      21
 10       7       4       9
     24      14      12 
     11      23       8
          1      19 
--8<--
found: sum= 81.0000 var=  0.0000 fitness= 81.0000 age=1
-->8--
          4       1 
      2      22       3
     23      20      18 
 16      10      17       5
  7      13       6      14
     12      15      21 
     24       9      19
          8      11 
--8<--
found: sum= 81.0000 var=  0.0000 fitness= 81.0000 age=1
-->8--
          7      20 
     12       6       3
     19      21      23 
  4      16       8      17
 15       5      13       9
     22      18      11 
     10      24       1
          2      14 
--8<--
found: sum= 80.0000 var=  0.0000 fitness= 80.0000 age=3
-->8--
          9      18 
     17      23       4
     15       2      21 
 10      14      12       1
 16      19      13      22
      6      20      11 
      3      24       5
          8       7 
--8<--
found: sum= 81.0000 var=  0.0000 fitness= 81.0000 age=3
-->8--
         19      21 
      3      17       1
     12       7      20 
  4      23      15       5
 18      14       6      13
     10      16      22 
      8      24       2
          9      11 
--8<--
found: sum= 78.0000 var=  0.0000 fitness= 78.0000 age=3
-->8--
         24      22 
      7       1       8
     23       9      17 
  3      14      21      12
  4      15      13       5
     19       6      10 
      2      20      18
         16      11 
--8<--
found: sum= 79.0000 var=  0.0000 fitness= 79.0000 age=1
-->8--
          1       9 
     24      15      12
     20      13      16 
  2       6      14       4
 11      17      22       5
     23       7      18 
     19       3      21
         10       8 
--8<--
found: sum= 79.0000 var=  0.0000 fitness= 79.0000 age=4
-->8--
          5      10 
      7      21       6
     24       4      23 
  1      18      15      19
 13      14       8      12
      9      20       2 
      3      16      11
         17      22 
--8<--
found: sum= 79.0000 var=  0.0000 fitness= 79.0000 age=1
-->8--
         10       7 
     18      17       1
      9      13      22 
 24      12      19       5
 15      11       4       6
      8      20      23 
      3      16      14
         21       2 
--8<--
found: sum= 78.0000 var=  0.0000 fitness= 78.0000 age=4
-->8--
          6      19 
      4       8       5
     23      13      17 
  1      24      16       2
  9       7       3      22
     14      15      18 
     12      10      21
         20      11 
--8<--
found: sum= 80.0000 var=  0.0000 fitness= 80.0000 age=3
-->8--
         11      12 
     23      21       9
     16       2      14 
 10       7      22       1
  6      17      19       4
     24      13      20 
      3       5      15
         18       8 
--8<--
found: sum= 81.0000 var=  0.0000 fitness= 81.0000 age=1
-->8--
          2       4 
      6      21       9
     24      13      18 
  5      15      16       3
 10      19       7      23
      8      11      14 
     22      20      12
          1      17 
--8<--
found: sum= 81.0000 var=  0.0000 fitness= 81.0000 age=3
-->8--
          4      17 
     11      21      12
     24       2      23 
  8      19       6      20
  3      14      22       1
     13      18       9 
      5      15      10
         16       7 
--8<--
found: sum= 79.0000 var=  0.0000 fitness= 79.0000 age=3
-->8--
          1      19 
     10      23       5
     20      16      12 
 11       9       4      22
  8      18      17      21
     13      15       3 
      7      24       6
          2      14 
--8<--
found: sum= 80.0000 var=  0.0000 fitness= 80.0000 age=1
-->8--
         10       2 
      8      18      15
     11      12      19 
  3      21      14      13
  1      24       5       6
     20       4      23 
      7       9      22
         16      17 
--8<--
found: sum= 79.0000 var=  0.0000 fitness= 79.0000 age=1
-->8--
         18       1 
      8       3      17
     11      20      24 
  5      19      14      10
  9      13       6       2
     22       7      23 
      4      12      15
         21      16 
--8<--
found: sum= 80.0000 var=  0.0000 fitness= 80.0000 age=3
-->8--
         17       1 
      4       2      22
     20      18      24 
  9      19      13       8
  6      11       5       7
     15      14      23 
     21      16      12
          3      10 
--8<--
found: sum= 80.0000 var=  0.0000 fitness= 80.0000 age=1
-->8--
          7       6 
     16      20      14
     11       9      13 
  4      17      18       3
 23      15      19       5
     10       2      22 
     21      24       1
          8      12 
--8<--
found: sum= 82.0000 var=  0.0000 fitness= 82.0000 age=2
-->8--
         11      14 
      2      10       8
     15      20      21 
  6      24       9      16
  1      13      12       5
     23       4      19 
     17      22      18
          3       7 
--8<--
found: sum= 81.0000 var=  0.0000 fitness= 81.0000 age=1
-->8--
         17       2 
      6      10      23
     22      21      18 
 14       5       7       4
  1      19      16      12
     20      13      24 
     15      11       9
          3       8 
--8<--
found: sum= 79.0000 var=  0.0000 fitness= 79.0000 age=1
-->8--
          6      10 
      7      22      20
      9      11      12 
 13      24       4      18
  1      15      23       8
     17       2      14 
      5      21       3
         19      16 
--8<--
found: sum= 79.0000 var=  0.0000 fitness= 79.0000 age=4
-->8--
          6      22 
     15      23       4
     20       1      16 
 11      14      13       3
  2      24      17       9
      8      10      21 
     12       7       5
         18      19 
--8<--
found: sum= 82.0000 var=  0.0000 fitness= 82.0000 age=3
-->8--
          7       5 
      4      11       6
     23      24      15 
  8      13      21       2
 16       3      12      10
     19       9      22 
     14      20       1
         17      18 
--8<--
found: sum= 79.0000 var=  0.0000 fitness= 79.0000 age=1
-->8--
         15      20 
      1      24       4
      9       8      16 
 14      22       7      18
  2      19      12       3
     13      11      23 
      5      10       6
         21      17 
--8<--
found: sum= 78.0000 var=  0.0000 fitness= 78.0000 age=1
-->8--
         21      17 
     18       6      13
     22       4      24 
  5       7      14       1
 10      19      11       8
     15      23      20 
     16       3      12
          2       9 
--8<--
found: sum= 80.0000 var=  0.0000 fitness= 80.0000 age=3
-->8--
         20      16 
      3      13       6
     17       4      22 
  7      23      19       9
 11      12       1      15
     10      21      14 
      5      24       2
          8      18 
--8<--
found: sum= 78.0000 var=  0.0000 fitness= 78.0000 age=1
-->8--
          5      14 
      1       9      16
     21      24      12 
  4      18       3      13
  7      11      20      22
     17       2       8 
     10      23       6
         15      19 
--8<--
found: sum= 79.0000 var=  0.0000 fitness= 79.0000 age=2
-->8--
         15      20 
      1      24       4
      9       8      16 
 14      22       7      18
  2      19      12       3
     13      11      23 
      5      10       6
         21      17 
--8<--
found: sum= 79.0000 var=  0.0000 fitness= 79.0000 age=3
-->8--
          3      17 
      9      12       5
     24      10      19 
  2      21      16       1
  8       6      22      14
     18       4       7 
     13      15      20
         23      11 
--8<--
found: sum= 80.0000 var=  0.0000 fitness= 80.0000 age=2
-->8--
          3      15 
     13       2       6
     22      24      14 
 10      16      19       5
  8       1       9      12
     23      11      21 
     20      18       4
          7      17 
--8<--
found: sum= 75.0000 var=  0.0000 fitness= 75.0000 age=1
-->8--
          5      13 
     19      14      12
     18       9      11 
 23      10      16       6
 15       2      21      20
      7      17       1 
      3      24       4
         22       8 
--8<--
found: sum= 79.0000 var=  0.0000 fitness= 79.0000 age=1
-->8--
          5       3 
      9      14      21
     24      11      20 
 12      16      10      15
  4      17       7      19
      6      18       8 
     13      23      22
          2       1 
--8<--
found: sum= 80.0000 var=  0.0000 fitness= 80.0000 age=1
-->8--
          1      11 
     12      22       7
     24       8      14 
  2      13      18      17
 16      15       6       4
     10      20      21 
     23       9       5
          3      19 
--8<--
found: sum= 81.0000 var=  0.0000 fitness= 81.0000 age=3
-->8--
         22      11 
     12      24       7
     13       4      16 
 17       6      19       1
 10      14      20       2
     21      18      23 
      5       8       9
         15       3 
--8<--
found: sum= 81.0000 var=  0.0000 fitness= 81.0000 age=2
-->8--
          9      10 
      2      24       3
     17      22      21 
  5       7       1       4
 15      23      20      19
     14       8      16 
     11      13      18
         12       6 
--8<--
found: sum= 80.0000 var=  0.0000 fitness= 80.0000 age=1
-->8--
          1       9 
     18      17       5
     14      19       7 
 10      11      23       6
  8      21       2      20
     16       4      22 
      3      24      13
         12      15 
--8<--
found: sum= 78.0000 var=  0.0000 fitness= 78.0000 age=1
-->8--
          1       6 
     23      14      15
     11      17      10 
 21      12      16       3
  2       8      20       7
     24       5      22 
     13       9       4
         19      18 
--8<--
found: sum= 81.0000 var=  0.0000 fitness= 81.0000 age=3
-->8--
         19      10 
     12      20       9
      7       5      15 
 13      18      22       8
  6      21       1      11
     16      14      24 
      3      23       2
          4      17 
--8<--
found: sum= 79.0000 var=  0.0000 fitness= 79.0000 age=2
-->8--
         19       9 
      6      24      13
     11       4      12 
  7      15      17       8
 10      20       1      23
     16      22      18 
      5      14       3
          2      21 
--8<--
found: sum= 80.0000 var=  0.0000 fitness= 80.0000 age=1
-->8--
          2       1 
      9      21       6
     19      14      20 
 16      15      18       4
  7      10      12      23
     13      11       3 
     17      24      22
          5       8 
--8<--
found: sum= 82.0000 var=  0.0000 fitness= 82.0000 age=2
-->8--
          2       6 
     23       9      11
     22      19      20 
  4       7      17       3
 12      16      18      10
     21       5      14 
      1      24       8
         15      13 
--8<--
found: sum= 78.0000 var=  0.0000 fitness= 78.0000 age=4
-->8--
          8      10 
     21       9      11
     14       4      24 
  2      22      20      16
 18       3       6       5
     19      23       7 
      1      17      13
         15      12 
--8<--
found: sum= 79.0000 var=  0.0000 fitness= 79.0000 age=3
-->8--
         15      17 
      2      18      10
     20      21       8 
  6       3       5      23
  4      24      14      13
     22      12      16 
      9      11       7
          1      19 
--8<--
found: sum= 78.0000 var=  0.0000 fitness= 78.0000 age=1
-->8--
         19       3 
      7      18      20
     13       9      24 
 11      12       4       5
 15      17      22      21
     10      14       2 
      6      23       1
          8      16 
--8<--
found: sum= 84.0000 var=  0.0000 fitness= 84.0000 age=1
-->8--
          1      18 
     11      20       3
     21      14      10 
  7      17      19       9
  2      13      16       8
     24       5      22 
      4      23       6
         15      12 
--8<--
found: sum= 78.0000 var=  0.0000 fitness= 78.0000 age=3
-->8--
          2      18 
     22       5      12
     21       9      20 
  6      19      14       1
 13       8      24       3
     11       4      16 
     23      17      10
         15       7 
--8<--
found: sum= 79.0000 var=  0.0000 fitness= 79.0000 age=4
-->8--
         10       3 
     19      16       4
      7      12      24 
  8      15      20       2
 13      22       1      21
     14       9      11 
      6      23      18
          5      17 
--8<--
found: sum= 80.0000 var=  0.0000 fitness= 80.0000 age=3
-->8--
         15      12 
      2      24       4
     23      13       6 
 17       3      21      19
 10       7      22       1
     20      14      11 
     18      16       8
          5       9 
--8<--
found: sum= 82.0000 var=  0.0000 fitness= 82.0000 age=2
-->8--
          1       3 
     14      17      12
     18      10      24 
  7      22      16      20
 11       9       4       5
     15      21      13 
      8      23       2
          6      19 
--8<--
found: sum= 76.0000 var=  0.0000 fitness= 76.0000 age=1
-->8--
         20       9 
     18       2      19
     21      14      15 
  6       1      17      10
 23      13       7       5
     12      24      22 
     16       8      11
          3       4 
--8<--
found: sum= 79.0000 var=  0.0000 fitness= 79.0000 age=4
-->8--
          1      10 
     21       9      18
     23      20       8 
 13       5      14      17
  3      16      22       6
     19       2      12 
     11      24      15
          7       4 
--8<--
found: sum= 79.0000 var=  0.0000 fitness= 79.0000 age=1
-->8--
          3       8 
     19      22       2
      5      10      14 
 18      20      23       1
 15       4      16      12
     17       6      13 
     21      24      11
          7       9 
--8<--
found: sum= 82.0000 var=  0.0000 fitness= 82.0000 age=2
-->8--
          7      12 
      4      22      15
     19       6      18 
  1      24       9      16
 13       8      14       2
     17      21      23 
      5      11      10
         20       3 
--8<--
found: sum= 80.0000 var=  0.0000 fitness= 80.0000 age=1
-->8--
          6       2 
      8      22      16
     23       9      14 
  1      12      17      21
 19      15       3       5
     10      24      20 
      7      11       4
         13      18 
--8<--
found: sum= 80.0000 var=  0.0000 fitness= 80.0000 age=1
-->8--
          8      20 
      6       3      11
     21      24      17 
 15      18       5      10
  1       2      19       7
     23      12      22 
     13      14       9
         16       4 
--8<--
found: sum= 77.0000 var=  0.0000 fitness= 77.0000 age=1
-->8--
          2      21 
     24       8      14
     22       6      16 
  1      15      12      20
 19       9      17       7
     11      18       5 
     13      23       4
          3      10 
--8<--
found: sum= 81.0000 var=  0.0000 fitness= 81.0000 age=2
-->8--
          7      13 
     16      17       2
     22      14      23 
  8       5      12      10
 24      18      11       6
      4      21      19 
      3      20       9
         15       1 
--8<--
found: sum= 78.0000 var=  0.0000 fitness= 78.0000 age=4
-->8--
         14      19 
      2       4      10
     22      16      23 
  7      20       6      17
  3       5      13       8
     21      18      11 
     24       9      15
          1      12 
--8<--
found: sum= 78.0000 var=  0.0000 fitness= 78.0000 age=4
-->8--
          2       5 
     23       1      17
     24      22      18 
 19       6      15      13
  8      11       4      12
     10      20      16 
      7      21       3
          9      14 
--8<--
found: sum= 79.0000 var=  0.0000 fitness= 79.0000 age=1
-->8--
          7       9 
      5      18       4
     10      22      23 
  6      17       3      15
 13      21      14      16
     12       2       8 
      1      24      20
         19      11 
--8<--
found: sum= 75.0000 var=  0.0000 fitness= 75.0000 age=1
-->8--
         11       4 
     21       1      18
      5      24      22 
  7      13       6       3
 14      20      10      15
     16       2      19 
     17      12      23
          8       9 
--8<--
found: sum= 80.0000 var=  0.0000 fitness= 80.0000 age=4
-->8--
         17      15 
      5      21      19
     16      12       2 
  8       9      11      22
 13      14      24       3
     20      10      18 
      7      23       1
          6       4 
--8<--
found: sum= 79.0000 var=  0.0000 fitness= 79.0000 age=1
-->8--
         10       1 
     21       2      22
      9      18      23 
 14      19      13       7
 12       5       8       4
     20      16      24 
      6      17      11
         15       3 
--8<--
found: sum= 78.0000 var=  0.0000 fitness= 78.0000 age=1
-->8--
          3      18 
      7       4      23
     24      19      12 
  5      21       2      22
  8       6      17       9
     14      13      16 
     15      20       1
         10      11 
--8<--
found: sum= 83.0000 var=  0.0000 fitness= 83.0000 age=2
-->8--
          2       5 
     13      21       7
     18      12      22 
  8      17      16       9
 11      19      15       1
     10       4      20 
      3      24      14
         23       6 
--8<--
found: sum= 82.0000 var=  0.0000 fitness= 82.0000 age=1
-->8--
          9      20 
      2      21       8
     24       4      13 
  6      22      16      12
  1      10      23       3
     19       7      15 
     17      18       5
         11      14 
--8<--
found: sum= 79.0000 var=  0.0000 fitness= 79.0000 age=4
-->8--
          1       5 
     14       3      23
     20      22      15 
  8      19      11      12
  2      13       4      21
     17      10      16 
      9      24       7
          6      18 
--8<--
found: sum= 79.0000 var=  0.0000 fitness= 79.0000 age=1
-->8--
         10      16 
     11       5      13
     18      15      21 
  8      20       9       6
  7      22       1      19
      4      12      23 
      3      24       2
         14      17 
--8<--
found: sum= 78.0000 var=  0.0000 fitness= 78.0000 age=2
-->8--
          2       5 
     13      23       3
     14       4      24 
 18      22      19      17
  9       7       6       1
      8      20      11 
     21      10      15
         12      16 
--8<--
found: sum= 81.0000 var=  0.0000 fitness= 81.0000 age=2
-->8--
         18       3 
      8      23       5
     21       9      17 
 20       2      24       4
 12      10      14       7
     16      22      15 
     19      13       6
          1      11 
--8<--
found: sum= 82.0000 var=  0.0000 fitness= 82.0000 age=2
-->8--
         10       1 
      2      24      11
     16      18      15 
  9      12      13       8
  6      19       3      22
     20      17      21 
      7      14      23
          5       4 
--8<--
found: sum= 81.0000 var=  0.0000 fitness= 81.0000 age=4
-->8--
         16      19 
      1      23       9
     20       3      12 
  8      18      15       4
  2      11      24       5
     22      10      21 
     14       7       6
         17      13 
--8<--
found: sum= 70.0000 var=  0.0000 fitness= 70.0000 age=1
-->8--
         13      23 
      2       5      11
     10      19       3 
 14      21       9      20
  7      12       1      15
      6       8      22 
     24       4      17
         16      18 
--8<--
found: sum= 75.0000 var=  0.0000 fitness= 75.0000 age=1
-->8--
         17      13 
      3      11      14
      4      24      12 
 19      16       1      22
  6       9      23      10
     21       2       7 
      5      20      15
         18       8 
--8<--
found: sum= 81.0000 var=  0.0000 fitness= 81.0000 age=3
-->8--
         10      20 
      2      24       1
     15      17      12 
  5      13       7       8
  6      19      14      18
     23      11      22 
      3       9       4
         16      21 
--8<--
found: sum= 81.0000 var=  0.0000 fitness= 81.0000 age=2
-->8--
          3       9 
      7      20       5
     12      22      15 
 14      17      10      11
  6       8      23       4
     24       1      18 
     19      16      21
         13       2 
--8<--
