execution time: real 0.002985s user 0.003999s sys 0.000000s
GA: P=10 K=7 sp=3 xover_cuts=2
generation #1: pop v=151.012245 f=36.662100
best: sum=82.142857 var=0.122449 fitness=80.428571 age=1

          5       6 
      4      21       7
     20      10      24 
  3      22      14       8
  1      23      11       9
     13       2      16 
     12      17      18
         15      19 

found: sum=78.000000 var=0.000000 fitness=78.000000

         11       3 
     12      22      23
     18      10      14 
 21       5       6       9
  8      24      17      13
      2      16      19 
      1      15       4
         20       7 

