found: sum=  0.0000 var=  0.0000 fitness=  0.0000
-->8--
          4      13 
      5       7       2
     24      16      23 
 12      22      17       3
  1       9       6      14
     10       8      15 
     21      11      18
         19      20 
--8<--
found: sum=  0.0000 var=  0.0000 fitness=  0.0000
-->8--
         17       9 
     14      19       5
      4      12      13 
 22       8      16      11
  1      15      21      10
     24       2       3 
      6       7      23
         20      18 
--8<--
found: sum=  0.0000 var=  0.0000 fitness=  0.0000
-->8--
         11       9 
     15      24      20
     22       1      12 
  6       3      10       8
 14      18      23      16
     13      21       7 
      5       2       4
         17      19 
--8<--
found: sum=  0.0000 var=  0.0000 fitness=  0.0000
-->8--
         13      14 
     19      22      15
     11       3       5 
 18       7      16       6
 17      20      21       4
      2       8      23 
      9      12       1
         24      10 
--8<--
found: sum=  0.0000 var=  0.0000 fitness=  0.0000
-->8--
         11       1 
     24       3      23
      8       6      21 
  5      22      20       2
 12      13       4      10
     14       9      17 
     15       7      19
         16      18 
--8<--
found: sum=  0.0000 var=  0.0000 fitness=  0.0000
-->8--
         23       8 
      2      16      13
     17      10      11 
 15      12      22      19
  3       9       6       4
     24      21      18 
      7      14       1
          5      20 
--8<--
found: sum=  0.0000 var=  0.0000 fitness=  0.0000
-->8--
         12       1 
      6       7      23
     16      24       3 
  2      10      17      11
 22       4       5      19
     21      15      20 
     14       8      18
         13       9 
--8<--
sum= 76.2857 var=  0.2041 fitness= 74.0726
-->8--
          2      23 
      4      11       1
     15      24       6 
 21      17       8      16
  3       5      10      19
     12       9      14 
     18       7      13
         22      20 
--8<--
sum= 78.0000 var=  0.5714 fitness= 74.2967
-->8--
          4       1 
      6      16       5
     12      22      24 
  2      21      13      11
 17      15       3      10
     14       7      20 
     18      19       9
          8      23 
--8<--
sum= 70.1429 var=  0.1224 fitness= 68.4286
-->8--
         23      11 
     15       5      18
     20      10      16 
 13       4      17       1
  6      22      21      14
     12       3       8 
      9      24      19
          7       2 
--8<--
sum= 79.1429 var=  0.4082 fitness= 76.0130
-->8--
         13      17 
      2      14       5
     24      15       1 
 21       6      22      12
  9      10       3      20
      4      18      16 
      8      11       7
         23      19 
--8<--
sum= 76.2857 var=  0.2041 fitness= 74.0726
-->8--
         14       5 
     24      13       8
     10      12      18 
 19       4      21      16
  9      15       2       3
     20      23      17 
      1       7      22
         11       6 
--8<--
execution time: real 0.111074s user 0.032994s sys 0.001999s
GA: P=50 K=25 sp=3 xover=2D/1
generation #4: pop m= 77.014 v=  0.201 f= 74.998 best_age=1
best: sum= 83.5714 var=  0.2449 fitness= 81.1471
-->8--
         13       9 
      5      24       7
     19      12      14 
  1      10      18      15
  8      22       6      11
     23      16      20 
      3      17       4
          2      21 
--8<--
found: sum= 78.0000 var=  0.0000 fitness= 78.0000
-->8--
          4      13 
      5       7       2
     24      16      23 
 12      22      17       3
  1       9       6      14
     10       8      15 
     21      11      18
         19      20 
--8<--
found: sum= 76.0000 var=  0.0000 fitness= 76.0000
-->8--
         11       9 
     15      24      20
     22       1      12 
  6       3      10       8
 14      18      23      16
     13      21       7 
      5       2       4
         17      19 
--8<--
found: sum= 81.0000 var=  0.0000 fitness= 81.0000
-->8--
          4       1 
      6      16       5
     12      22      24 
  2      21      13      11
 17      15       3      10
     14       7      20 
     18      19       9
          8      23 
--8<--
found: sum= 75.0000 var=  0.0000 fitness= 75.0000
-->8--
         13      14 
     19      22      15
     11       3       5 
 18       7      16       6
 17      20      21       4
      2       8      23 
      9      12       1
         24      10 
--8<--
found: sum= 80.0000 var=  0.0000 fitness= 80.0000
-->8--
         23       8 
      2      16      13
     17      10      11 
 15      12      22      19
  3       9       6       4
     24      21      18 
      7      14       1
          5      20 
--8<--
found: sum= 75.0000 var=  0.0000 fitness= 75.0000
-->8--
         12       1 
      6       7      23
     16      24       3 
  2      10      17      11
 22       4       5      19
     21      15      20 
     14       8      18
         13       9 
--8<--
