found: sum= 72.0000 var=  0.0000 fitness= 72.0000
-->8--
          2      23 
      3      16      13
     19      11       1 
  4      21       8      18
 17       6      14      22
      5      12       9 
     15      10       7
         24      20 
--8<--
found: sum= 81.0000 var=  0.0000 fitness= 81.0000
-->8--
          1       6 
     10      14       7
     24      21      17 
  4      11      16       8
 22       2      12       5
     18      19      23 
     20       9       3
         13      15 
--8<--
execution time: real 0.221404s user 0.005999s sys 0.007998s
GA: P=50 K=10 sp=2 xover=2D/1 optrpl=2 optskip=10 optmax=1.142857
generation #995: pop m= 78.000 v= 96.608 f= 35.418 best_age=1
best: found: sum= 81.0000 var=  0.0000 fitness= 81.0000
-->8--
          1       6 
     10      14       7
     24      21      17 
  4      11      16       8
 22       2      12       5
     18      19      23 
     20       9       3
         13      15 
--8<--
