found: sum= 73.0000 var=  0.0000 fitness= 73.0000
-->8--
         19      15 
     22       5       4
      7      18      20 
 10       2      11       9
 21      17      24       6
     16       1       3 
     13      14      23
         12       8 
--8<--
found: sum= 73.0000 var=  0.0000 fitness= 73.0000
-->8--
         23       8 
     21       9      10
      5      14      17 
 16       1      15       6
 18      13      19       4
     20      11      12 
      3       2       7
         24      22 
--8<--
found: sum= 76.0000 var=  0.0000 fitness= 76.0000
-->8--
          9       6 
      3      17      16
     19      13      10 
 21      15      14      12
 18       2      24       5
      1       8      11 
     23      22       7
         20       4 
--8<--
found: sum= 73.0000 var=  0.0000 fitness= 73.0000
-->8--
         10      13 
     22       4       7
      1      15      23 
  9      21      11      24
 14      12       8       5
     16       6       2 
      3      19      18
         17      20 
--8<--
found: sum= 78.0000 var=  0.0000 fitness= 78.0000
-->8--
          7      13 
      3      24      10
     19       9      14 
  6      16       8       4
 15      21      22      18
      1       2      12 
     23      20       5
         11      17 
--8<--
found: sum= 80.0000 var=  0.0000 fitness= 80.0000
-->8--
         19      23 
      5      17      11
     24       9       8 
  1       6      12      16
 15      13      22       2
     21      18      20 
      4      10       7
         14       3 
--8<--
found: sum= 79.0000 var=  0.0000 fitness= 79.0000
-->8--
         18      14 
      4       3      13
     23      10      20 
 11      21      19       6
  7       9       5      12
      8      15      17 
     22      24      16
          1       2 
--8<--
found: sum= 81.0000 var=  0.0000 fitness= 81.0000
-->8--
         23      20 
      3      21      11
     15      12       9 
  5       7       8      10
 13      22      14      16
     19      18      24 
      1      17       2
          4       6 
--8<--
found: sum= 76.0000 var=  0.0000 fitness= 76.0000
-->8--
         16       9 
     23      24      11
      8       3      17 
 13       2      12       7
 14      18      19      15
     21      22       6 
     10       4      20
          1       5 
--8<--
found: sum= 81.0000 var=  0.0000 fitness= 81.0000
-->8--
          3       4 
      9      22      11
     21      24      12 
  1       2       8       7
 18      19      23      15
     20       5      16 
     17      14      13
          6      10 
--8<--
found: sum= 79.0000 var=  0.0000 fitness= 79.0000
-->8--
          6       2 
      5       7      20
     21      23      24 
  4      17       3      13
 14      15      11      12
      8      10      16 
      9      19      22
         18       1 
--8<--
found: sum= 76.0000 var=  0.0000 fitness= 76.0000
-->8--
         18      11 
     17      23      13
     10       1      16 
 14       7      12       3
  9      15      19      24
     21      22       2 
      6       8       5
          4      20 
--8<--
found: sum= 77.0000 var=  0.0000 fitness= 77.0000
-->8--
          5      14 
     17       7      13
      4      23      18 
  3      21       2      20
 16      11       1      12
     22      19      24 
      9      10      15
          6       8 
--8<--
found: sum= 75.0000 var=  0.0000 fitness= 75.0000
-->8--
          6      14 
      8      16      13
      2      23       5 
 17      20       4      22
  3      15       1      19
     18      12      24 
     11      10      21
          9       7 
--8<--
found: sum= 76.0000 var=  0.0000 fitness= 76.0000
-->8--
         14      12 
      7       3       1
     18      13      24 
  2      21      23       8
 16      10       4      11
      9       5       6 
     15      20      22
         17      19 
--8<--
found: sum= 81.0000 var=  0.0000 fitness= 81.0000
-->8--
         18       4 
      2      19      22
     16       9      24 
 13      17       3      11
  7       8      21      10
     20      23      12 
      1      14       5
         15       6 
--8<--
found: sum= 77.0000 var=  0.0000 fitness= 77.0000
-->8--
         23      17 
     19      20      14
     12       2      11 
 10       1      13       7
 18      15      22       8
     21      24      16 
      9       5       4
          3       6 
--8<--
found: sum= 81.0000 var=  0.0000 fitness= 81.0000
-->8--
         16       2 
      9      22      20
     18       3      24 
 17      13      10       8
  7      11      23       4
     15      21      12 
      1      14       5
         19       6 
--8<--
found: sum= 72.0000 var=  0.0000 fitness= 72.0000
-->8--
         23      16 
     24       2      18
     13       3      19 
 17       7      14       8
  1      22       6      15
     12      20      10 
      5       4      11
          9      21 
--8<--
found: sum= 80.0000 var=  0.0000 fitness= 80.0000
-->8--
         15      12 
      2      14       1
      8      24      16 
 11      17      13       4
  7      18       5      20
     19       3      22 
     10      21       6
          9      23 
--8<--
found: sum= 77.0000 var=  0.0000 fitness= 77.0000
-->8--
          9      16 
     19      20      12
     21       5      11 
  1       3      13      14
 10      18      15      17
     24      23       7 
      4       2      22
          6       8 
--8<--
found: sum= 73.0000 var=  0.0000 fitness= 73.0000
-->8--
         14       9 
     17      24      11
     12       1      18 
 21       5      10      16
 13      19      15       8
      3      23       6 
      4       2      20
         22       7 
--8<--
found: sum= 75.0000 var=  0.0000 fitness= 75.0000
-->8--
          7      17 
      4      23       8
     16      20       1 
 24       5       6      15
 13      14      12      19
      3      18      22 
     21      10      11
          9       2 
--8<--
found: sum= 77.0000 var=  0.0000 fitness= 77.0000
-->8--
          5       2 
      3      21       8
     17      15      11 
 10      16      20       9
 23       7      18       6
      4       1      13 
     24      19      12
         22      14 
--8<--
found: sum= 77.0000 var=  0.0000 fitness= 77.0000
-->8--
          7      17 
     23      24      11
     15       3       8 
  1       5      14       2
 18      16      20      21
     22      19      12 
      6       4      13
         10       9 
--8<--
found: sum= 76.0000 var=  0.0000 fitness= 76.0000
-->8--
          4       2 
      5       7      15
     20      16      19 
 10      24      17      11
 18       1      12       8
      3       6       9 
     21      22      14
         23      13 
--8<--
found: sum= 80.0000 var=  0.0000 fitness= 80.0000
-->8--
         19      13 
     22      20      10
     11       7      16 
 12       1      14       2
 15      17      18       9
     24      23      21 
      5       8       4
          3       6 
--8<--
found: sum= 75.0000 var=  0.0000 fitness= 75.0000
-->8--
         23       4 
      8       3      17
      2      18      19 
  5      21      14      13
 22      10       1      16
     15      11      12 
      6      24      20
          9       7 
--8<--
found: sum= 74.0000 var=  0.0000 fitness= 74.0000
-->8--
         22      19 
      6      15       3
     10      20       4 
 23       1      13       8
 24       5      21      16
     11      14      12 
      9      18       7
         17       2 
--8<--
found: sum= 76.0000 var=  0.0000 fitness= 76.0000
-->8--
         23       4 
     17       7      20
      2      15      19 
 16      12      11       1
 14       8      21       6
     24       9      18 
     22      10       5
          3      13 
--8<--
found: sum= 78.0000 var=  0.0000 fitness= 78.0000
-->8--
         16      10 
     13      14      23
     24       4      19 
 22       7       8       5
  3      21      18      11
      1      20      17 
      9      15       2
         12       6 
--8<--
found: sum= 77.0000 var=  0.0000 fitness= 77.0000
-->8--
         10       7 
      3      21      15
     19      20       9 
  1       4       5      11
 17      14      16      24
     22      18      12 
     13       2      23
          8       6 
--8<--
found: sum= 75.0000 var=  0.0000 fitness= 75.0000
-->8--
         20      12 
     14       1      13
     11      10      22 
 24      19      17       7
 16       2       9       5
      3      18      15 
     21      23       4
          8       6 
--8<--
found: sum= 78.0000 var=  0.0000 fitness= 78.0000
-->8--
         11      15 
      2      10       9
     17      22       8 
  5      16      14       1
 13       4      19      24
     23       3      12 
      7      20      18
         21       6 
--8<--
found: sum= 78.0000 var=  0.0000 fitness= 78.0000
-->8--
         17      10 
     16      14      15
      1      23      13 
  9       7       3      11
 19      22      21      12
     20       2      18 
      6      24       8
          4       5 
--8<--
found: sum= 73.0000 var=  0.0000 fitness= 73.0000
-->8--
         12      11 
     24      13      15
      2      17       9 
 10       5       8       7
 21      19      23       4
     16       1      22 
     20       3      18
         14       6 
--8<--
found: sum= 78.0000 var=  0.0000 fitness= 78.0000
-->8--
         24       3 
     10      22      23
     12       2      17 
 18       8      11       6
  1      20      16      13
     19      21      15 
      4       5       7
          9      14 
--8<--
found: sum= 77.0000 var=  0.0000 fitness= 77.0000
-->8--
         24      12 
      5      19      10
     21       1      22 
  4       7      13       2
 15      16      23      11
     14      17       6 
     18       3       8
          9      20 
--8<--
found: sum= 80.0000 var=  0.0000 fitness= 80.0000
-->8--
          3      10 
      4      15       1
     23      18      24 
  9      17      12      11
  8      21       7       6
      2       5      20 
     14      16      19
         22      13 
--8<--
found: sum= 75.0000 var=  0.0000 fitness= 75.0000
-->8--
          3      20 
      5      24       4
     23      13       2 
  8       7      12      21
  6      15      17      22
     16      11       1 
     14       9      18
         10      19 
--8<--
found: sum= 80.0000 var=  0.0000 fitness= 80.0000
-->8--
         17      12 
      5      23       2
     21      13      24 
 10       1       6      11
 14      18      22       8
     16      20       9 
     15       7       3
          4      19 
--8<--
found: sum= 78.0000 var=  0.0000 fitness= 78.0000
-->8--
         12      13 
     19       7      15
     22       8      24 
  3      10      11      23
  9      14      17       2
     20      18       1 
      4      16       5
          6      21 
--8<--
found: sum= 75.0000 var=  0.0000 fitness= 75.0000
-->8--
         17      23 
      6       1      13
     24       7      15 
 14      20      16       5
 12       2      11      18
      3      19      10 
      8      22       4
         21       9 
--8<--
found: sum= 80.0000 var=  0.0000 fitness= 80.0000
-->8--
          1      15 
      3      23      14
     16      18       8 
  5      19       2      20
  7      21      11      22
     12       9      17 
     10      24      13
          4       6 
--8<--
found: sum= 77.0000 var=  0.0000 fitness= 77.0000
-->8--
         17       4 
      8      16       7
     21       5      23 
 15      10      22       9
 12      13       3      19
      6      24       1 
     14      18      11
          2      20 
--8<--
found: sum= 78.0000 var=  0.0000 fitness= 78.0000
-->8--
          2      16 
      1      24       9
     23      22       4 
 15       6       3      18
 11      10      20      19
     13      17      14 
     21      12       8
          5       7 
--8<--
found: sum= 77.0000 var=  0.0000 fitness= 77.0000
-->8--
         17      15 
      3      21      16
     24       4      19 
 20       8       2      13
  6      18      22      10
      1      23      11 
     14       9       5
         12       7 
--8<--
found: sum= 78.0000 var=  0.0000 fitness= 78.0000
-->8--
          2       1 
      7      15      18
     24      11      20 
 16      19      13      21
 12       4       8      10
      3      23       6 
      9      22      14
         17       5 
--8<--
found: sum= 75.0000 var=  0.0000 fitness= 75.0000
-->8--
         21      11 
      4      17      15
     22       5      14 
 10       6      13       7
 16      19       9      24
      2      23       8 
     18      12       3
          1      20 
--8<--
found: sum= 72.0000 var=  0.0000 fitness= 72.0000
-->8--
         22      16 
     21       3      19
     13       5      17 
 10       8      12       2
  6      20      23       7
     15       4      11 
     14       1       9
         18      24 
--8<--
found: sum= 78.0000 var=  0.0000 fitness= 78.0000
-->8--
         21      17 
      7      11      19
     15       2      24 
 18      22       5       4
  1       6      23      12
     16      20      10 
     13      14       3
          9       8 
--8<--
found: sum= 79.0000 var=  0.0000 fitness= 79.0000
-->8--
          5      12 
     18       3      13
     22      24      23 
  6       7       4      20
 14      19       9       2
     11      16      21 
      8      15      17
         10       1 
--8<--
found: sum= 82.0000 var=  0.0000 fitness= 82.0000
-->8--
         10       3 
     13      23       5
     19      16      11 
 15       1      24       7
  9      21      14       8
     17       6      18 
     12      22      20
          4       2 
--8<--
found: sum= 73.0000 var=  0.0000 fitness= 73.0000
-->8--
          6      14 
      3       4       5
     20      22      15 
 12      18      13       9
 10      11       8      21
      2       1       7 
     23      17      16
         19      24 
--8<--
found: sum= 74.0000 var=  0.0000 fitness= 74.0000
-->8--
          1      14 
     24       5       6
     12      11      23 
  7      21      15       3
 10      16       9      20
      8       2       4 
     17      18      19
         13      22 
--8<--
found: sum= 76.0000 var=  0.0000 fitness= 76.0000
-->8--
         13      15 
     19       4       2
     10      14      23 
  3      16      18      12
 22       8      11       7
     17       9       5 
     20      21       6
          1      24 
--8<--
found: sum= 74.0000 var=  0.0000 fitness= 74.0000
-->8--
         11      12 
      3      16      20
     18       5       4 
 19      21      17      23
 13       2      14       9
      1      15       7 
     10      24       8
         22       6 
--8<--
found: sum= 76.0000 var=  0.0000 fitness= 76.0000
-->8--
         11       9 
     13      23      22
     10       4      16 
  3      15       2      21
 12      17      24       6
     19      14       7 
      1       5      18
         20       8 
--8<--
found: sum= 79.0000 var=  0.0000 fitness= 79.0000
-->8--
         19       3 
     22      16       9
      8      13      20 
 14       1      18       2
 15      17       7      11
     24      23      21 
      5       6      12
          4      10 
--8<--
found: sum= 81.0000 var=  0.0000 fitness= 81.0000
-->8--
         16       3 
      4      20      14
     19       9      23 
 10      13      12      11
 17       1      22       6
     21      24       7 
     18      15       5
          2       8 
--8<--
found: sum= 80.0000 var=  0.0000 fitness= 80.0000
-->8--
          7      16 
     11       3       2
     20      18      24 
  6      21      17       4
  8      13       1      15
     12      10      19 
      9      22      23
         14       5 
--8<--
found: sum= 83.0000 var=  0.0000 fitness= 83.0000
-->8--
          9       2 
      3      22       7
     10      21      19 
  5      18      12      14
 20      13       4      11
     17      15      23 
      6      24       1
          8      16 
--8<--
execution time: real 0.401966s user 0.007998s sys 0.004999s
GA: P=50 K=10 sp=2 xover=2D/1 optrpl=2 optskip=10 optmax=1.142857
generation #306: pop m= 79.937 v= 66.310 f= 49.270 best_age=1
best: found: sum= 83.0000 var=  0.0000 fitness= 83.0000
-->8--
          9       2 
      3      22       7
     10      21      19 
  5      18      12      14
 20      13       4      11
     17      15      23 
      6      24       1
          8      16 
--8<--
