found: sum= 73.0000 var=  0.0000 fitness= 73.0000 age=0
-->8--
         13       8 
     11       1      15
     17       9      24 
  3      22      16       5
 21       6       2      19
      4      18       7 
     23      12      20
         10      14 
--8<--
found: sum= 78.0000 var=  0.0000 fitness= 78.0000 age=0
-->8--
          7       2 
     11      23       1
      9      24      20 
 21       4       8       3
 15      19      17      18
     10       6      12 
     14      16       5
         13      22 
--8<--
found: sum= 83.0000 var=  0.0000 fitness= 83.0000 age=0
-->8--
          8       7 
     12      24       5
     13       6      18 
  2      20      23      10
 15      11      14       1
     22       9      17 
     16      21       3
          4      19 
--8<--
found: sum= 84.0000 var=  0.0000 fitness= 84.0000 age=0
-->8--
          5      15 
      3      16       2
     23      18      21 
 11      19      12       6
  9       8      10      13
     14      17      22 
      1      24       4
         20       7 
--8<--
execution time: real 0.236265s user 0.074988s sys 0.005999s
jsgmd24: M=7 A=2 B=3 P=512 K=256 sp=3 xover=2D/3 mut=6 replace_worst=51 aging explosion=128@0.005000*128 swap=2 hexspin=2
generation #5: pop m= 82.387 v=1.695 f= 76.752
best: found: sum= 84.0000 var=  0.0000 fitness= 84.0000 age=1
-->8--
          5      15 
      3      16       2
     23      18      21 
 11      19      12       6
  9       8      10      13
     14      17      22 
      1      24       4
         20       7 
--8<--
found: sum= 78.0000 var=  0.0000 fitness= 78.0000 age=2
-->8--
          7       2 
     11      23       1
      9      24      20 
 21       4       8       3
 15      19      17      18
     10       6      12 
     14      16       5
         13      22 
--8<--
found: sum= 83.0000 var=  0.0000 fitness= 83.0000 age=1
-->8--
          8       7 
     12      24       5
     13       6      18 
  2      20      23      10
 15      11      14       1
     22       9      17 
     16      21       3
          4      19 
--8<--
