found: sum= 77.0000 var=  0.0000 fitness= 77.0000
-->8--
          2      19 
     21      20      10
     16       3       8 
 12      15      17       1
 13       7      11      18
     14      24      22 
      4       5       6
         23       9 
--8<--
found: sum= 76.0000 var=  0.0000 fitness= 76.0000
-->8--
         23       4 
     18      10       8
     14       9      24 
 13       2      21       1
 11      16      22       3
     20       6       5 
     12       7      19
         15      17 
--8<--
found: sum= 74.0000 var=  0.0000 fitness= 74.0000
-->8--
          3       9 
     19      22      23
      2       8      11 
 16      20       1       6
 10      12      18      21
     14      15      17 
     24       4       7
          5      13 
--8<--
found: sum= 75.0000 var=  0.0000 fitness= 75.0000
-->8--
          4       6 
     23       2      18
     17      20      22 
  1       9       7       8
 21      24       5      14
      3      10      19 
     15      12      13
         11      16 
--8<--
found: sum= 77.0000 var=  0.0000 fitness= 77.0000
-->8--
         19      13 
      2       5      15
     23       6      21 
  1      22      17      14
  9      12       4       3
     10      16      18 
     24       8      11
          7      20 
--8<--
found: sum= 76.0000 var=  0.0000 fitness= 76.0000
-->8--
         14       4 
     17      10      11
      6      13      23 
  3      16      15       8
 12      18       9       2
     21       5      19 
      7       1      20
         24      22 
--8<--
found: sum= 73.0000 var=  0.0000 fitness= 73.0000
-->8--
         23       8 
     17      22      21
      5       2       9 
 15       4      11      10
 18      12      24      16
     19      20       3 
      1       7       6
         14      13 
--8<--
found: sum= 77.0000 var=  0.0000 fitness= 77.0000
-->8--
         18       6 
     16      17      11
     13       5      24 
  2       8      14      10
 12      22      19       3
     20       9       7 
      1       4      15
         21      23 
--8<--
found: sum= 77.0000 var=  0.0000 fitness= 77.0000
-->8--
          3      17 
      2      22      12
     23      14      11 
 10      13       1      20
  8      19      24       5
      4       6      16 
     21       9      15
         18       7 
--8<--
found: sum= 73.0000 var=  0.0000 fitness= 73.0000
-->8--
         10       9 
     23      24      13
     11       1      14 
 17       4      12       8
 19      15      20      16
      7      21       3 
     22       6       5
          2      18 
--8<--
found: sum= 77.0000 var=  0.0000 fitness= 77.0000
-->8--
         12      16 
     23       7      18
     22       3      20 
 21      10      13       6
  2       8      24       9
     14      19       5 
     15      17      11
          4       1 
--8<--
found: sum= 76.0000 var=  0.0000 fitness= 76.0000
-->8--
         17      10 
     13      21       3
      6      18      16 
 15       1       8       7
 11      23      24       9
     20       2      12 
      4       5      19
         22      14 
--8<--
found: sum= 80.0000 var=  0.0000 fitness= 80.0000
-->8--
         16       2 
      5       6      17
     11      23      18 
  3      19      14      13
 15      12       4      10
     20       8      21 
      7      24       1
          9      22 
--8<--
found: sum= 79.0000 var=  0.0000 fitness= 79.0000
-->8--
          7      15 
      5      17       3
     23      21      12 
 13       6      11       8
 14      22      10      20
      1       9      18 
     19      24       2
          4      16 
--8<--
found: sum= 83.0000 var=  0.0000 fitness= 83.0000
-->8--
          4      17 
      6      22       5
     13      20      12 
  2      18       7      14
 11      16      19      10
     23       3      21 
      8      24       1
          9      15 
--8<--
execution time: real 0.306672s user 0.007998s sys 0.001999s
GA: P=50 K=10 sp=2 xover=2D/1 optrpl=2 optskip=10 optmax=1.142857
generation #65: pop m= 78.703 v= 61.064 f= 50.918 best_age=1
best: found: sum= 83.0000 var=  0.0000 fitness= 83.0000
-->8--
          4      17 
      6      22       5
     13      20      12 
  2      18       7      14
 11      16      19      10
     23       3      21 
      8      24       1
          9      15 
--8<--
found: sum= 79.0000 var=  0.0000 fitness= 79.0000
-->8--
          7      15 
      5      17       3
     23      21      12 
 13       6      11       8
 14      22      10      20
      1       9      18 
     19      24       2
          4      16 
--8<--
found: sum= 80.0000 var=  0.0000 fitness= 80.0000
-->8--
         16       2 
      5       6      17
     11      23      18 
  3      19      14      13
 15      12       4      10
     20       8      21 
      7      24       1
          9      22 
--8<--
