found: sum= 77.0000 var=  0.0000 fitness= 77.0000 age=0
-->8--
         16      18 
      8      11       3
      5      20      21 
 24      17       4      10
  9       7       6      22
     15      23      14 
     12      19      13
          1       2 
--8<--
found: sum= 85.0000 var=  0.0000 fitness= 85.0000 age=0
-->8--
         13       7 
      6      19       1
     22      14      23 
 16      11      21       5
  4      12       9       3
     20      18      24 
     10      17      15
          8       2 
--8<--
found: sum= 85.0000 var=  0.0000 fitness= 85.0000 age=0
-->8--
          4      17 
     15      16       1
     19      18      24 
 12      13       9      10
  5      14      11       8
     22      20      23 
      6      21       3
          2       7 
--8<--
found: sum= 81.0000 var=  0.0000 fitness= 81.0000 age=0
-->8--
          4       2 
     16      22      11
     18      12      13 
 20       9      21      10
 15      14       6       7
      5      19      24 
      3      23       1
         17       8 
--8<--
execution time: real 0.082163s user 0.082987s sys 0.000999s
jsgmd24: M=7 A=2 B=3 P=512 K=256 sp=3 xover=2D/3 mut=6 replace_worst=51 aging explosion=128@0.005000*128 swap=2 hexspin=2
generation #5: pop m= 82.588 v=1.635 f= 77.111
best: found: sum= 85.0000 var=  0.0000 fitness= 85.0000 age=1
-->8--
          4      17 
     15      16       1
     19      18      24 
 12      13       9      10
  5      14      11       8
     22      20      23 
      6      21       3
          2       7 
--8<--
found: sum= 81.0000 var=  0.0000 fitness= 81.0000 age=1
-->8--
          4       2 
     16      22      11
     18      12      13 
 20       9      21      10
 15      14       6       7
      5      19      24 
      3      23       1
         17       8 
--8<--
found: sum= 77.0000 var=  0.0000 fitness= 77.0000 age=3
-->8--
         16      18 
      8      11       3
      5      20      21 
 24      17       4      10
  9       7       6      22
     15      23      14 
     12      19      13
          1       2 
--8<--
found: sum= 85.0000 var=  0.0000 fitness= 85.0000 age=1
-->8--
         13       7 
      6      19       1
     22      14      23 
 16      11      21       5
  4      12       9       3
     20      18      24 
     10      17      15
          8       2 
--8<--
