found: sum= 80.0000 var=  0.0000 fitness= 80.0000 age=0
-->8--
          2      17 
      5      20       7
     24      13      14 
 11      16       9      23
  4      22       1      12
      3      19      21 
     10      18       6
          8      15 
--8<--
found: sum= 77.0000 var=  0.0000 fitness= 77.0000 age=0
-->8--
         19      21 
     12       4      20
     23       3      24 
 14      16       5       8
  2      13      18       7
      9      22      15 
      6      10      11
         17       1 
--8<--
found: sum= 76.0000 var=  0.0000 fitness= 76.0000 age=0
-->8--
         12       1 
     24      13       8
      2      14      18 
 21      11      22      10
 16       3       6       5
     23      20      15 
     17       9      19
          4       7 
--8<--
found: sum= 78.0000 var=  0.0000 fitness= 78.0000 age=0
-->8--
          2       8 
     21      10      24
     18       7      23 
  9      20       6      12
  3      15      14       1
     13      16      22 
     19       4      17
         11       5 
--8<--
found: sum= 80.0000 var=  0.0000 fitness= 80.0000 age=0
-->8--
          4       1 
      7      19      13
     24      21      18 
 15       5       8      22
  2      23      17       3
     11       6      12 
     10      16       9
         14      20 
--8<--
found: sum= 75.0000 var=  0.0000 fitness= 75.0000 age=0
-->8--
          7      20 
     22      18       2
      6      17      15 
  8       5       3      19
 21      24      12      10
     11      14      16 
     13       9      23
          4       1 
--8<--
found: sum= 74.0000 var=  0.0000 fitness= 74.0000 age=0
-->8--
         15      19 
     20      10       6
      3       4      14 
 24      22      21      13
  1      16       9       5
      8       2      12 
      7      23      17
         18      11 
--8<--
found: sum= 75.0000 var=  0.0000 fitness= 75.0000 age=0
-->8--
         16      14 
     19      17      13
      1      18       2 
 15       4      11       5
 23      10      12      21
     22      20      24 
      8       9       3
          6       7 
--8<--
found: sum= 77.0000 var=  0.0000 fitness= 77.0000 age=0
-->8--
          4       1 
      3       9      21
     24      18      17 
 12      19      11      13
  5      15       6      20
      2       8      10 
     22      23      16
          7      14 
--8<--
found: sum= 78.0000 var=  0.0000 fitness= 78.0000 age=0
-->8--
         24       4 
      1      23      15
     16       5      21 
  3       9      10       6
 12      18      22      17
     20      14       2 
      7       8      13
         11      19 
--8<--
found: sum= 74.0000 var=  0.0000 fitness= 74.0000 age=0
-->8--
         14       3 
     22       7       8
      5      15      24 
 19      11      17      21
 12       9       2       4
     18      20       6 
     16      10      23
          1      13 
--8<--
found: sum= 81.0000 var=  0.0000 fitness= 81.0000 age=0
-->8--
          1      12 
     16      18       5
     20       2      23 
  4      24      21      14
  8       6      13       7
     19      15       3 
      9      22      11
         10      17 
--8<--
found: sum= 71.0000 var=  0.0000 fitness= 71.0000 age=0
-->8--
         21      24 
     22       6       9
      4       8       7 
 11      10      17      14
 23      20       1      13
      3      15      19 
     12      16       2
          5      18 
--8<--
found: sum= 80.0000 var=  0.0000 fitness= 80.0000 age=0
-->8--
          9       3 
     19      20      14
     22       6      21 
 11       4      16       5
  8      17      24       2
     18      13      12 
     15       7      23
         10       1 
--8<--
found: sum= 77.0000 var=  0.0000 fitness= 77.0000 age=0
-->8--
          2       7 
      1       5      16
     23      24      19 
  3      22       6      10
  9       8      13      18
     12       4      11 
     21      15      14
         17      20 
--8<--
found: sum= 79.0000 var=  0.0000 fitness= 79.0000 age=0
-->8--
         23       5 
      1      10      19
     17      12      24 
  6      16       9      22
  4      15      14       7
     21      13       3 
      2      20      18
          8      11 
--8<--
found: sum= 73.0000 var=  0.0000 fitness= 73.0000 age=0
-->8--
          2      24 
     17      12       9
      7      19       1 
 23      16       8      20
 11       3       5      21
     13      22      18 
     15      14       4
          6      10 
--8<--
found: sum= 77.0000 var=  0.0000 fitness= 77.0000 age=0
-->8--
         23      12 
     19      11      10
      8      14      24 
 22       2       6       4
  9      21      18       5
     15      16      20 
      1       7       3
         17      13 
--8<--
found: sum= 80.0000 var=  0.0000 fitness= 80.0000 age=0
-->8--
         12      13 
      4      22      16
     24      11      10 
 21       7       8       9
  5      17      14      19
      6      23      20 
     15      18       3
          1       2 
--8<--
found: sum= 76.0000 var=  0.0000 fitness= 76.0000 age=0
-->8--
         18      11 
     10      14      22
     19       2      21 
  7      13       6       1
  8      24      16      23
      5      15       9 
      3      12      20
         17       4 
--8<--
found: sum= 73.0000 var=  0.0000 fitness= 73.0000 age=0
-->8--
          5       4 
     22       9      14
      6      23      10 
  2       8      13      11
 24      16      12       7
     17       1      20 
     15       3      18
         21      19 
--8<--
found: sum= 78.0000 var=  0.0000 fitness= 78.0000 age=0
-->8--
          2       1 
     21       5      18
     24      17      23 
 10       9      14       4
  8      16      19       6
     11       3      12 
     20      15       7
         13      22 
--8<--
found: sum= 75.0000 var=  0.0000 fitness= 75.0000 age=0
-->8--
         15      13 
     12      24       5
      4       6      11 
 10      14      16       2
 21       8      22       7
     18       9      17 
     20       1       3
         19      23 
--8<--
found: sum= 77.0000 var=  0.0000 fitness= 77.0000 age=0
-->8--
         24       4 
     22      12      18
      3       6      20 
 19      10      17       1
 14       8      21       7
     23      15      11 
      2      16       9
         13       5 
--8<--
found: sum= 75.0000 var=  0.0000 fitness= 75.0000 age=0
-->8--
          6      20 
      5       4       1
     23      24      18 
 14      13       8      15
  7       2       9      22
     16      19       3 
     10      11      12
         17      21 
--8<--
found: sum= 77.0000 var=  0.0000 fitness= 77.0000 age=0
-->8--
         12      18 
      5      24       1
     14       9       2 
 11      13      23       7
 21      10       6      19
      8      16      20 
     22      17       3
          4      15 
--8<--
found: sum= 78.0000 var=  0.0000 fitness= 78.0000 age=0
-->8--
          1      24 
     16       9      13
     23       8      14 
  2      21      10       7
 12      15       6      22
      5      18      19 
     17      20       4
          3      11 
--8<--
found: sum= 82.0000 var=  0.0000 fitness= 82.0000 age=0
-->8--
          8      20 
      6      16       4
     22      21      19 
 14       9       2      13
  1      12      23       7
     24      15      18 
      3      11       5
         17      10 
--8<--
found: sum= 69.0000 var=  0.0000 fitness= 69.0000 age=0
-->8--
         24      19 
      1       6      16
     11      13       8 
 10      14       7      17
 23       9      22      12
      2       4       3 
     21      15      20
         18       5 
--8<--
found: sum= 80.0000 var=  0.0000 fitness= 80.0000 age=0
-->8--
         10       5 
     17      24      11
      6       7      15 
 21      16      18      14
  3      22       4       9
     12      13      20 
      2      23      19
          8       1 
--8<--
found: sum= 79.0000 var=  0.0000 fitness= 79.0000 age=0
-->8--
          3      24 
     18      16       4
     13      12      15 
 21      17       8      11
  1       5      23       2
     22      14      20 
     19       9       6
         10       7 
--8<--
found: sum= 77.0000 var=  0.0000 fitness= 77.0000 age=0
-->8--
         24      11 
      1      13       9
     18      15       8 
  4       6      21      19
 23      12      16       3
     14       7      10 
     17      22      20
          5       2 
--8<--
found: sum= 76.0000 var=  0.0000 fitness= 76.0000 age=0
-->8--
          4       2 
      3      24       6
     22      15      10 
  7       8      19      18
 13      12      17      11
     14       5       1 
     20       9      23
         16      21 
--8<--
found: sum= 69.0000 var=  0.0000 fitness= 69.0000 age=0
-->8--
         15      14 
     24       2      23
      3      20       4 
 18       5       6      13
 12      21      16      11
     10       1      19 
     22       7       9
          8      17 
--8<--
found: sum= 77.0000 var=  0.0000 fitness= 77.0000 age=0
-->8--
          6      21 
     14      13       1
      8      12      11 
  3      24      19      16
 17       5       7       9
     20      10      15 
     22      18       4
          2      23 
--8<--
found: sum= 75.0000 var=  0.0000 fitness= 75.0000 age=0
-->8--
          2      24 
     23      19       1
      7      20       3 
 14       4       8      18
 13      22      16       9
     15       5      21 
     12      10       6
         11      17 
--8<--
found: sum= 73.0000 var=  0.0000 fitness= 73.0000 age=0
-->8--
         22       1 
     17       9       5
      4      14      21 
 24       7      23      10
 19       3      11       6
     16      15       2 
      8      13      12
         18      20 
--8<--
found: sum= 77.0000 var=  0.0000 fitness= 77.0000 age=0
-->8--
          6      18 
     19       9       8
     14      17      23 
 15      12       2      16
 13       1      24       5
     22      21       7 
      3      10       4
         20      11 
--8<--
found: sum= 77.0000 var=  0.0000 fitness= 77.0000 age=0
-->8--
         13       6 
     20       2      11
      4      14      23 
  1      24      21      10
 18       8       3       5
     22       7      15 
      9      19      17
         12      16 
--8<--
found: sum= 74.0000 var=  0.0000 fitness= 74.0000 age=0
-->8--
         11       4 
     17      16       8
      5      23      10 
 19       2      13       1
 21       9      24      12
     18       3      14 
     15       7      20
         22       6 
--8<--
found: sum= 77.0000 var=  0.0000 fitness= 77.0000 age=0
-->8--
          1      20 
     11      23       2
      9      21       4 
 15      12       7      22
 10      18       3      24
     13      16      17 
      5      19       8
          6      14 
--8<--
found: sum= 69.0000 var=  0.0000 fitness= 69.0000 age=0
-->8--
         16      13 
     22       8      14
      2      20       5 
 17       1       9      15
 24      21       7      10
      4      11      23 
     12       3       6
         18      19 
--8<--
found: sum= 73.0000 var=  0.0000 fitness= 73.0000 age=0
-->8--
          1      20 
     15      16       3
     18      19       8 
 22       4       7      24
 21       6      14      11
      2      23       9 
     17      12       5
         13      10 
--8<--
found: sum= 77.0000 var=  0.0000 fitness= 77.0000 age=0
-->8--
         13       5 
     11       7      19
     22      23       8 
  6       1      15       3
 10      24      12      21
     14       2      18 
     17      16       9
          4      20 
--8<--
found: sum= 73.0000 var=  0.0000 fitness= 73.0000 age=0
-->8--
         11      19 
      7      12      10
     21       8       2 
  6      14      22      24
 18       5       1      20
      9      23       4 
     16      17      15
          3      13 
--8<--
found: sum= 82.0000 var=  0.0000 fitness= 82.0000 age=0
-->8--
         16       4 
      6      18      15
     21      10      23 
 20      11      12       2
  1      22       8      13
      7      19      24 
      3      17       9
         14       5 
--8<--
found: sum= 78.0000 var=  0.0000 fitness= 78.0000 age=0
-->8--
          4       1 
     18      22      13
      8      16      17 
  3      10       9       6
 24      12      20      19
     21      11       7 
      5      15      23
         14       2 
--8<--
found: sum= 77.0000 var=  0.0000 fitness= 77.0000 age=0
-->8--
          3       5 
     20      19      12
     11      15      24 
  7       9       2       8
 18      22      23      16
     10       6       4 
     21      17      13
          1      14 
--8<--
found: sum= 76.0000 var=  0.0000 fitness= 76.0000 age=0
-->8--
          9       1 
     10      16      21
     22      15       5 
 14       4      18      24
 13      12      19       7
     11       8       3 
     20      23      17
          2       6 
--8<--
found: sum= 81.0000 var=  0.0000 fitness= 81.0000 age=0
-->8--
         20      16 
      3       8       9
     18      22      19 
 11      10       7       5
  1      17      23      12
     24       2      15 
      4      21       6
         13      14 
--8<--
found: sum= 74.0000 var=  0.0000 fitness= 74.0000 age=0
-->8--
         17      15 
      3      20      16
      7       5      14 
 12      22       4      23
  1      11      19       8
     21      13       6 
      9       2      10
         18      24 
--8<--
found: sum= 78.0000 var=  0.0000 fitness= 78.0000 age=0
-->8--
          5      17 
      3      16       1
     22      11      23 
  4      21      10      12
 14      15       8      18
      2      13       7 
      9      20      24
         19       6 
--8<--
found: sum= 79.0000 var=  0.0000 fitness= 79.0000 age=0
-->8--
         24       7 
      3      15      12
     23       9      22 
 17       5      14      11
  6      18      20       8
     10      13       4 
     16      21       2
          1      19 
--8<--
found: sum= 78.0000 var=  0.0000 fitness= 78.0000 age=0
-->8--
          4      21 
      6      24       3
     11      10       5 
 12      23      15      20
  8       7      22       2
     17       1      14 
     18      19      13
         16       9 
--8<--
found: sum= 72.0000 var=  0.0000 fitness= 72.0000 age=0
-->8--
          6      13 
     22      20      14
     18       1       3 
 17       5      21      23
  4      19      16       7
      9      10       2 
     11       8      24
         15      12 
--8<--
found: sum= 78.0000 var=  0.0000 fitness= 78.0000 age=0
-->8--
         14      23 
      1       9       4
     20      22      13 
 16      12       7       6
  5       8      18      24
     17      11      10 
      2      21      15
         19       3 
--8<--
found: sum= 76.0000 var=  0.0000 fitness= 76.0000 age=0
-->8--
          6      17 
     14      10       1
     13      18      21 
  4      15       9      16
 19       3      11       7
     22      20      12 
     24       2      23
          5       8 
--8<--
found: sum= 79.0000 var=  0.0000 fitness= 79.0000 age=0
-->8--
          9       6 
      8      14       2
     16      21      24 
 10      11      12       1
 22      13      18       5
      7       4      19 
     17      15      20
         23       3 
--8<--
found: sum= 79.0000 var=  0.0000 fitness= 79.0000 age=0
-->8--
         11      13 
      6      18      15
      4      23       7 
  5      17       3      16
 19      14      21      10
     20       1      22 
      8      24       2
         12       9 
--8<--
found: sum= 80.0000 var=  0.0000 fitness= 80.0000 age=0
-->8--
          5       2 
      1      21      15
     24       6      22 
 17      23      14       8
  4       3      18       7
      9      16      11 
     19      13      10
         20      12 
--8<--
found: sum= 77.0000 var=  0.0000 fitness= 77.0000 age=0
-->8--
         11      19 
     21      17       1
     12       3      15 
  4      13      22       5
 18       6      10      16
     24      23       9 
     14       8       7
          2      20 
--8<--
found: sum= 74.0000 var=  0.0000 fitness= 74.0000 age=0
-->8--
         17       4 
     14       8      19
     12       2      18 
  9      21      23      10
 11       1       3      15
     20      24       5 
      6       7      22
         16      13 
--8<--
found: sum= 83.0000 var=  0.0000 fitness= 83.0000 age=0
-->8--
          7       8 
     22      23      13
     17       5      16 
  6       9      18       1
 11      19      20       4
     21      12      24 
     15      14       3
          2      10 
--8<--
found: sum= 75.0000 var=  0.0000 fitness= 75.0000 age=0
-->8--
          1       2 
     18      17      19
      4      21      13 
 22      14       3      16
 10      20       8      11
      5       9      24 
     23      12      15
          6       7 
--8<--
found: sum= 71.0000 var=  0.0000 fitness= 71.0000 age=0
-->8--
          9      11 
     23      22      13
     10       4      14 
 17       3       7       8
 21      18      24      12
      2      15       6 
     16       1      20
         19       5 
--8<--
found: sum= 78.0000 var=  0.0000 fitness= 78.0000 age=0
-->8--
          3       1 
     24      23       9
      2      18      21 
 10       8       6      15
 16      20      12       7
     22      14      17 
     13       5      11
          4      19 
--8<--
found: sum= 82.0000 var=  0.0000 fitness= 82.0000 age=0
-->8--
          4       6 
      1      18      15
     23      14      12 
  7      22      17      13
  2       8      10       9
     20      11      21 
      3      16      19
         24       5 
--8<--
found: sum= 75.0000 var=  0.0000 fitness= 75.0000 age=0
-->8--
          3      16 
     24      17      23
      6       4       8 
  1      21       7       5
 15      12      22      19
     20       9      14 
     11      10       2
         13      18 
--8<--
found: sum= 76.0000 var=  0.0000 fitness= 76.0000 age=0
-->8--
          8      21 
     22      23       5
     12       4      13 
 18       7      10       3
 11      19      20      24
      9      16       6 
     14      17      15
          1       2 
--8<--
found: sum= 71.0000 var=  0.0000 fitness= 71.0000 age=0
-->8--
         21      13 
     19      10      18
     11       8       5 
 15       2      17      20
 14      23      12       1
      6       9      16 
      4       7       3
         22      24 
--8<--
found: sum= 80.0000 var=  0.0000 fitness= 80.0000 age=0
-->8--
          7      14 
      3      19       5
     22      21      17 
 16       8       4      10
  1       9      23      20
     24      15       6 
      2      12      13
         18      11 
--8<--
found: sum= 74.0000 var=  0.0000 fitness= 74.0000 age=0
-->8--
          1      14 
     22      23       7
      9       2      13 
 24      17      15       4
 10       6      18      19
      8      16       5 
     21      12      20
         11       3 
--8<--
found: sum= 76.0000 var=  0.0000 fitness= 76.0000 age=0
-->8--
          2      15 
     24      17       6
     18      12      19 
 16       3       7      22
 14      21      10       5
      4      23      13 
     11       9       1
          8      20 
--8<--
found: sum= 82.0000 var=  0.0000 fitness= 82.0000 age=0
-->8--
         17      10 
      3      11       7
     13      22      18 
  8      16      14       6
  5      19       9      12
     21       2      23 
      1      24       4
         15      20 
--8<--
found: sum= 72.0000 var=  0.0000 fitness= 72.0000 age=0
-->8--
         21      20 
      9      13      12
      5       7       1 
 24      17      19       3
  6       4      23      11
     16       2      15 
     18      10       8
         22      14 
--8<--
found: sum= 70.0000 var=  0.0000 fitness= 70.0000 age=0
-->8--
         14       4 
     19       8      24
     12      15      10 
 13       2       9      23
 22      20       7       5
      1      17      16 
     18       3       6
         11      21 
--8<--
found: sum= 75.0000 var=  0.0000 fitness= 75.0000 age=0
-->8--
         17      10 
     21      15       5
      2      19      20 
 16       1       6       8
  9      24      11      18
     23      14      12 
      4       3      13
          7      22 
--8<--
found: sum= 78.0000 var=  0.0000 fitness= 78.0000 age=0
-->8--
          4      16 
      7      24       5
     22      12      13 
  6       9       8      23
 21      18      14       1
      2      17      19 
     20      10       3
         11      15 
--8<--
found: sum= 76.0000 var=  0.0000 fitness= 76.0000 age=0
-->8--
         19       9 
      1      10      15
     20       4      14 
  3      22      24       2
  7       6       8      23
     18      12       5 
     16      13      21
         11      17 
--8<--
found: sum= 74.0000 var=  0.0000 fitness= 74.0000 age=0
-->8--
          9       7 
     20      19      13
      4       1      18 
 12      21      16      17
 24      11      15       3
      2      10       5 
      6      22      14
         23       8 
--8<--
found: sum= 80.0000 var=  0.0000 fitness= 80.0000 age=0
-->8--
          2       1 
     10      22       4
      9      21      18 
  7      16      14       5
 13      11      12      23
     24       6       8 
      3      19      20
         17      15 
--8<--
found: sum= 71.0000 var=  0.0000 fitness= 71.0000 age=0
-->8--
         11      10 
     13      19      18
      5       1      17 
  7      22       6       8
 24       4      23      14
      9      15       3 
     21       2      16
         20      12 
--8<--
found: sum= 81.0000 var=  0.0000 fitness= 81.0000 age=0
-->8--
          3      18 
     12      16       4
     11      24      14 
  8      15       5      21
 17       7      20       2
     23      10      19 
      6      22       1
         13       9 
--8<--
found: sum= 78.0000 var=  0.0000 fitness= 78.0000 age=0
-->8--
          2       7 
     19      24      15
     20      10       6 
  4       3      16      12
 22      21      17      18
      8      11       9 
     14      23       5
          1      13 
--8<--
found: sum= 78.0000 var=  0.0000 fitness= 78.0000 age=0
-->8--
          6       8 
     23       3      22
     24       9      20 
  2      13      16       4
 15       5      21      10
     19      14       7 
     11      17      18
         12       1 
--8<--
found: sum= 77.0000 var=  0.0000 fitness= 77.0000 age=0
-->8--
          9      13 
     14      19      12
     24       6      20 
 22       5       7      17
  1      15      23       2
     10      21       8 
     11       4      18
         16       3 
--8<--
found: sum= 75.0000 var=  0.0000 fitness= 75.0000 age=0
-->8--
          8       4 
     18      11      13
     17      20      24 
 19       1       3       5
 15      16      14      23
      7      21       6 
     12      10       2
          9      22 
--8<--
found: sum= 77.0000 var=  0.0000 fitness= 77.0000 age=0
-->8--
         22      18 
     16      13       9
     11       5      12 
 14      10      20       1
 15      23      17       3
      4       2      24 
      8      21       7
         19       6 
--8<--
found: sum= 83.0000 var=  0.0000 fitness= 83.0000 age=0
-->8--
          6       2 
      8      12      11
     24      19      17 
  9      14      22      10
 13       5       7       4
     18      16      23 
      3      21       1
         20      15 
--8<--
found: sum= 79.0000 var=  0.0000 fitness= 79.0000 age=0
-->8--
         19       1 
     10       5      24
     20      16      18 
  4       9      15       3
 11      14      13      22
     21      12       8 
      7      23      17
          2       6 
--8<--
found: sum= 78.0000 var=  0.0000 fitness= 78.0000 age=0
-->8--
         13       1 
      7      19       8
     15      18       9 
 22       6      23      12
 16      17      10       3
      2       4      21 
     11      24      14
         20       5 
--8<--
found: sum= 74.0000 var=  0.0000 fitness= 74.0000 age=0
-->8--
         16      23 
     20       3       8
     12       6      24 
  4      17      10       5
 21       9      14       2
     11      18      19 
     22       1      15
         13       7 
--8<--
found: sum= 79.0000 var=  0.0000 fitness= 79.0000 age=0
-->8--
          9       7 
     24       6      16
     19      17      23 
  3       4      10      14
 11      22      18       2
     20       8      12 
     13      15      21
          1       5 
--8<--
found: sum= 76.0000 var=  0.0000 fitness= 76.0000 age=0
-->8--
         10       8 
     12      17       3
      7      14      19 
  6      16      15      20
 24       1       9       2
     22      21      11 
      5       4      18
         23      13 
--8<--
found: sum= 82.0000 var=  0.0000 fitness= 82.0000 age=0
-->8--
          1      15 
     22      24       6
     20       4      10 
 12      11      23       3
  7      13      17       8
     19      14      21 
      2      16       9
         18       5 
--8<--
found: sum= 78.0000 var=  0.0000 fitness= 78.0000 age=0
-->8--
         15       8 
     11      21      13
     17       2      14 
 18      12      20       7
  1       6      22       5
     24      16      10 
     19       4       3
          9      23 
--8<--
found: sum= 80.0000 var=  0.0000 fitness= 80.0000 age=0
-->8--
          3       7 
     17      15       5
      1      23      20 
 13      21      10       4
 19       8       6      16
     18      12      24 
     11      22      14
          9       2 
--8<--
found: sum= 81.0000 var=  0.0000 fitness= 81.0000 age=0
-->8--
          4       5 
     12      23      16
     14       7      13 
  8      21      17       1
 10      19       6      20
      9      11      24 
      2      22       3
         18      15 
--8<--
found: sum= 79.0000 var=  0.0000 fitness= 79.0000 age=0
-->8--
          5      21 
     20      23       7
     16       2      12 
  6      13      14      22
 11      18       8       4
     15      24      19 
      3      10       1
          9      17 
--8<--
found: sum= 81.0000 var=  0.0000 fitness= 81.0000 age=0
-->8--
          1      18 
      8      15       5
     19      14      23 
  9      24       6      21
 10       2      13       7
     17      22      11 
     16      20       3
          4      12 
--8<--
found: sum= 80.0000 var=  0.0000 fitness= 80.0000 age=0
-->8--
         21      16 
      3      14       1
     22      13      17 
  5       7      19      12
  4      24      15       8
     18       2       9 
     10      20      11
          6      23 
--8<--
found: sum= 74.0000 var=  0.0000 fitness= 74.0000 age=0
-->8--
         22       7 
     19      20      10
      8       4      12 
  9       1      21       6
 23      18      16      17
     15      14       2 
      3      13       5
         11      24 
--8<--
found: sum= 83.0000 var=  0.0000 fitness= 83.0000 age=0
-->8--
         17      12 
      2      24       8
     23       6      14 
 13      11      19       3
  5      15      22       7
     16      10      18 
     21      20       4
          1       9 
--8<--
found: sum= 74.0000 var=  0.0000 fitness= 74.0000 age=0
-->8--
         15       2 
      1      22      10
      6      13      24 
 21      17       3      23
 11      14       8       7
      5      19       9 
     20       4      18
         12      16 
--8<--
found: sum= 79.0000 var=  0.0000 fitness= 79.0000 age=0
-->8--
          1      18 
     15      10       2
     12      22      23 
 16      19       4       6
  5       7      24      13
     20       3       9 
     11      21      14
         17       8 
--8<--
found: sum= 76.0000 var=  0.0000 fitness= 76.0000 age=0
-->8--
         22      12 
     15      13       7
      5      17      19 
 18       4       8      21
 10      16      11       3
     23      20      14 
      2       6       1
          9      24 
--8<--
found: sum= 79.0000 var=  0.0000 fitness= 79.0000 age=0
-->8--
         12       1 
     17       5      22
     23      18      19 
 10       4      14       8
  7      24      13       9
     11       6      16 
     15      21       3
          2      20 
--8<--
found: sum= 79.0000 var=  0.0000 fitness= 79.0000 age=0
-->8--
         13      12 
      3       8       1
     22      19      24 
  9      14      15      11
  4       7       6      21
     23      18       2 
      5      16      17
         10      20 
--8<--
found: sum= 77.0000 var=  0.0000 fitness= 77.0000 age=0
-->8--
          9      24 
     13      11       5
     16       7      12 
  1      21      18       6
 15       4      10       8
     20      17      23 
     19       3       2
         14      22 
--8<--
found: sum= 78.0000 var=  0.0000 fitness= 78.0000 age=0
-->8--
         10      12 
     11       4       7
     22      15      17 
 21      16      23       1
  2       8      13       6
      9       3      18 
     24      20      19
         14       5 
--8<--
found: sum= 73.0000 var=  0.0000 fitness= 73.0000 age=0
-->8--
         20      21 
      1      18       8
     23       5      11 
  3       6      10      16
 15      24      19      13
      2       9       4 
     17       7      22
         14      12 
--8<--
found: sum= 76.0000 var=  0.0000 fitness= 76.0000 age=0
-->8--
         14      17 
      9      24       5
     13       4      20 
 10      12       6      19
  1      22      21       8
     18      11       2 
      7       3      16
         15      23 
--8<--
found: sum= 77.0000 var=  0.0000 fitness= 77.0000 age=0
-->8--
          9      12 
      6      15       8
     23      13      22 
 21      11       7       2
  1      17      10      20
      4      19      16 
     14       5      24
         18       3 
--8<--
found: sum= 74.0000 var=  0.0000 fitness= 74.0000 age=0
-->8--
         13      17 
      6       8      23
     16       7      14 
 10      24       5      20
  9       4      12      21
     11      22       2 
     15      19       1
          3      18 
--8<--
found: sum= 75.0000 var=  0.0000 fitness= 75.0000 age=0
-->8--
          1      23 
     13      22       2
     20      15       5 
 17       4       8      21
  6      19      18      16
      9      11       7 
     14      12      24
         10       3 
--8<--
found: sum= 82.0000 var=  0.0000 fitness= 82.0000 age=0
-->8--
         10       7 
      6      20      14
     15       8      16 
  2      23      17      12
  9      11       5      19
     22      18      13 
      3      24      21
          4       1 
--8<--
found: sum= 79.0000 var=  0.0000 fitness= 79.0000 age=0
-->8--
          3       6 
     13      16      17
     18       7      24 
  5      22       9      11
  4      20       2      21
     10      19      12 
     14      15      23
          1       8 
--8<--
found: sum= 79.0000 var=  0.0000 fitness= 79.0000 age=0
-->8--
         11      13 
      6      18      15
      4      23       7 
  5      17       3      16
 19      14      21      10
     20       1      22 
      8      24       2
         12       9 
--8<--
found: sum= 80.0000 var=  0.0000 fitness= 80.0000 age=0
-->8--
          1      10 
     24      11       4
      9      20      23 
 16      15      12       7
 14       8      19       2
     18       6      17 
     21      22      13
          5       3 
--8<--
found: sum= 79.0000 var=  0.0000 fitness= 79.0000 age=0
-->8--
          8       5 
     19      10       1
     15      21      22 
 13       6      20       4
 18      16       7      12
     11       9      14 
      3      23      24
         17       2 
--8<--
found: sum= 77.0000 var=  0.0000 fitness= 77.0000 age=0
-->8--
         20      18 
      6       2      15
     14      22       1 
 10      13      19       7
 12       4      16      11
     24       3      23 
      8      21       9
         17       5 
--8<--
found: sum= 82.0000 var=  0.0000 fitness= 82.0000 age=0
-->8--
          2       1 
     13      14       5
     16      22      17 
  6      15      23       3
 21       4       8       7
     20      10      24 
     11      19      12
         18       9 
--8<--
found: sum= 78.0000 var=  0.0000 fitness= 78.0000 age=0
-->8--
          2      11 
     15       7      12
     14      22      21 
 17      18       5      13
  1       4      20       3
     24       9      16 
     10       8      19
         23       6 
--8<--
found: sum= 77.0000 var=  0.0000 fitness= 77.0000 age=0
-->8--
         20      14 
     15      10       9
      1      13      23 
  3      18       8      16
 22      12      19       5
     21       7       6 
      2      24      17
         11       4 
--8<--
found: sum= 78.0000 var=  0.0000 fitness= 78.0000 age=0
-->8--
          2      10 
     17      21       3
      9      15      24 
  6      14       5       4
 23      18       7      22
      8      19      16 
     20      12      11
          1      13 
--8<--
found: sum= 74.0000 var=  0.0000 fitness= 74.0000 age=0
-->8--
         19       9 
      8      20       3
      1      14      21 
 10      12       7      23
 16      24       2      17
     11      15       4 
      5      13      22
          6      18 
--8<--
found: sum= 75.0000 var=  0.0000 fitness= 75.0000 age=0
-->8--
          1       4 
     24      18      13
      5      20      14 
 21       7       6      22
 11      19       8       2
     12      15      23 
     16       3      17
         10       9 
--8<--
found: sum= 78.0000 var=  0.0000 fitness= 78.0000 age=0
-->8--
          1       6 
     19      10      20
     23       7      24 
  4      18      11      15
 13      12      16       9
      8      14       3 
     17      22       2
          5      21 
--8<--
found: sum= 79.0000 var=  0.0000 fitness= 79.0000 age=0
-->8--
          4       9 
      8      12      20
     24      13      19 
  7      18       6       5
 10      17      11      23
      3      14      15 
     21      22      16
          2       1 
--8<--
found: sum= 78.0000 var=  0.0000 fitness= 78.0000 age=0
-->8--
          8       4 
     22       7      19
     12      14      10 
  3      15      24       2
  9      18       6      13
     21       1      23 
     16      17      11
          5      20 
--8<--
found: sum= 78.0000 var=  0.0000 fitness= 78.0000 age=0
-->8--
         17      15 
      1      21      19
     13       6       5 
  3      20      12       7
 11      22      14      16
      9       4      24 
      2      18       8
         23      10 
--8<--
found: sum= 84.0000 var=  0.0000 fitness= 84.0000 age=0
-->8--
          7       9 
      8      23       5
     12      19      18 
 11      15      10       2
  4      20      17      16
     22       3      21 
      1      24      13
         14       6 
--8<--
found: sum= 74.0000 var=  0.0000 fitness= 74.0000 age=0
-->8--
         24       1 
      8      10      15
      7      14      16 
 19      11      18       5
  4      20       9      23
     13       2       3 
     12      21      22
          6      17 
--8<--
found: sum= 79.0000 var=  0.0000 fitness= 79.0000 age=0
-->8--
         11      10 
      4      24      12
     22       5       8 
 14      13      20       9
  7      17       3      23
      6      21      16 
      1      19      18
         15       2 
--8<--
found: sum= 78.0000 var=  0.0000 fitness= 78.0000 age=0
-->8--
         19      11 
      3      23       6
     18       5      17 
  1      10      16       7
 24      12      14       9
     13      21      15 
     20       4       2
          8      22 
--8<--
found: sum= 80.0000 var=  0.0000 fitness= 80.0000 age=0
-->8--
         11       3 
      2      20      14
     17       6      19 
  8      24      18      13
  4      15      16       5
     12       1       9 
      7      23      10
         22      21 
--8<--
found: sum= 79.0000 var=  0.0000 fitness= 79.0000 age=0
-->8--
          1      10 
     23      22      16
     19       3      20 
 17      11       8      14
  2      12      24       4
     18      21       9 
      6       7       5
         15      13 
--8<--
found: sum= 79.0000 var=  0.0000 fitness= 79.0000 age=0
-->8--
          5       9 
     13      14       7
     24      21      22 
 16       2       6      15
 10      19      20      12
      8      11       4 
      1      23      18
         17       3 
--8<--
found: sum= 83.0000 var=  0.0000 fitness= 83.0000 age=0
-->8--
          7      13 
     12      18       3
     15      21      24 
 19      10       4      17
  6      11      14       8
     22      23      16 
      2      20       1
          5       9 
--8<--
found: sum= 76.0000 var=  0.0000 fitness= 76.0000 age=0
-->8--
          3       8 
     19      24      21
     22       1       6 
 12       7      16      14
  2      23      18      17
     10      11       5 
     15      13      20
          4       9 
--8<--
found: sum= 79.0000 var=  0.0000 fitness= 79.0000 age=0
-->8--
          5       1 
     15      14       8
     24      17      23 
  3       4      16       6
 18      21       2      20
      9      19      12 
      7      13      22
         10      11 
--8<--
found: sum= 82.0000 var=  0.0000 fitness= 82.0000 age=0
-->8--
         17       3 
      6       7      14
     19      15      23 
  9      18      20       8
  4      11       5      10
     21      13      16 
     12      24      22
          1       2 
--8<--
found: sum= 84.0000 var=  0.0000 fitness= 84.0000 age=0
-->8--
          7       4 
      2      24      12
     17      16      23 
  1      18       5       9
 13      15      19       6
     20      11      22 
      3      14      10
         21       8 
--8<--
found: sum= 81.0000 var=  0.0000 fitness= 81.0000 age=0
-->8--
          6       5 
      7      19       2
     23      18      20 
 22       8      17      10
 12      13       4      14
      3      21      16 
      9      24      15
         11       1 
--8<--
found: sum= 79.0000 var=  0.0000 fitness= 79.0000 age=0
-->8--
         14      20 
      7      22       5
      4       8      13 
  3      24      11       6
 21       9      10      16
     18      17      23 
     19      15      12
          1       2 
--8<--
found: sum= 81.0000 var=  0.0000 fitness= 81.0000 age=0
-->8--
          1       9 
     12      24       4
     14      17      22 
  6      13       5       3
 23      15      11      21
     10      20      19 
     18      16       8
          2       7 
--8<--
found: sum= 78.0000 var=  0.0000 fitness= 78.0000 age=0
-->8--
         12      17 
     18       2      10
     21      22      16 
  9       3      11       4
  1      24       5      19
     20      13      23 
      7       8      14
          6      15 
--8<--
found: sum= 81.0000 var=  0.0000 fitness= 81.0000 age=0
-->8--
          9       2 
     15      20       8
     24      10      23 
 21       3      18       4
  5      22      11      12
      6      17      13 
     16      19      14
          1       7 
--8<--
found: sum= 79.0000 var=  0.0000 fitness= 79.0000 age=0
-->8--
          5      17 
      4      24       7
     10      21       9 
 18      15       1      20
  2      23      13      14
     11       6      22 
     12      19       3
          8      16 
--8<--
found: sum= 83.0000 var=  0.0000 fitness= 83.0000 age=0
-->8--
          2       9 
      8      18      14
     20      24      15 
  4      11       3      16
 10      21      19       7
     17       5      23 
     12      22       1
          6      13 
--8<--
found: sum= 76.0000 var=  0.0000 fitness= 76.0000 age=0
-->8--
          2      20 
     15      17       9
     14       4      16 
 12      24      10      18
  7      11       6      23
      8      21       3 
     13      22      19
          1       5 
--8<--
found: sum= 77.0000 var=  0.0000 fitness= 77.0000 age=0
-->8--
          6       9 
      5      17       8
      4      24      12 
 16      21       7       3
 15      10      13      19
     11       2      23 
     22      18      20
         14       1 
--8<--
found: sum= 79.0000 var=  0.0000 fitness= 79.0000 age=0
-->8--
          5      19 
      6       9       3
     22      13      20 
 14      24      15       4
  1       7       2      17
     11      18      21 
      8      12      10
         23      16 
--8<--
found: sum= 85.0000 var=  0.0000 fitness= 85.0000 age=0
-->8--
          5       6 
      4      16       9
     23      17      22 
  1      20      15       2
  8      12      14      13
     21       7      19 
     10      24       3
         11      18 
--8<--
found: sum= 84.0000 var=  0.0000 fitness= 84.0000 age=0
-->8--
          4       5 
      7      20      11
     17      15      24 
  1      21       9      12
 13      10       6      14
     22      23      19 
      8      18      16
          3       2 
--8<--
found: sum= 82.0000 var=  0.0000 fitness= 82.0000 age=0
-->8--
         15       6 
     13      12      10
     16      21      22 
 20       5      11       3
  8      14      24       4
     19       7      18 
      2      23       1
         17       9 
--8<--
found: sum= 81.0000 var=  0.0000 fitness= 81.0000 age=0
-->8--
          6      23 
     10      18       7
     14      11      20 
 15      22       2      13
  4       9      21       1
     17      16      24 
      8      12       3
         19       5 
--8<--
found: sum= 83.0000 var=  0.0000 fitness= 83.0000 age=0
-->8--
          8       6 
     11       7       9
     24      19      22 
 10      14      20       1
  5      12      16       3
     18       2      21 
     13      23       4
         15      17 
--8<--
found: sum= 79.0000 var=  0.0000 fitness= 79.0000 age=0
-->8--
          4      13 
     10      21      11
      9      12      16 
  3      23       6       8
 17      22      14      15
      5       2      20 
     19      24      18
          7       1 
--8<--
execution time: real 0.585787s user 0.457930s sys 0.004999s
GA: P=1024 K=512 sp=2 xover=2D/1 aging
generation #4: pop m= 79.987 v=0.188 f= 78.003
best: found: sum= 85.0000 var=  0.0000 fitness= 85.0000 age=1
-->8--
          5       6 
      4      16       9
     23      17      22 
  1      20      15       2
  8      12      14      13
     21       7      19 
     10      24       3
         11      18 
--8<--
found: sum= 78.0000 var=  0.0000 fitness= 78.0000 age=3
-->8--
          5      17 
      3      16       1
     22      11      23 
  4      21      10      12
 14      15       8      18
      2      13       7 
      9      20      24
         19       6 
--8<--
found: sum= 79.0000 var=  0.0000 fitness= 79.0000 age=1
-->8--
          5      19 
      6       9       3
     22      13      20 
 14      24      15       4
  1       7       2      17
     11      18      21 
      8      12      10
         23      16 
--8<--
found: sum= 78.0000 var=  0.0000 fitness= 78.0000 age=3
-->8--
          4      21 
      6      24       3
     11      10       5 
 12      23      15      20
  8       7      22       2
     17       1      14 
     18      19      13
         16       9 
--8<--
found: sum= 78.0000 var=  0.0000 fitness= 78.0000 age=4
-->8--
         24       4 
      1      23      15
     16       5      21 
  3       9      10       6
 12      18      22      17
     20      14       2 
      7       8      13
         11      19 
--8<--
found: sum= 79.0000 var=  0.0000 fitness= 79.0000 age=1
-->8--
          5       1 
     15      14       8
     24      17      23 
  3       4      16       6
 18      21       2      20
      9      19      12 
      7      13      22
         10      11 
--8<--
found: sum= 78.0000 var=  0.0000 fitness= 78.0000 age=1
-->8--
          8       4 
     22       7      19
     12      14      10 
  3      15      24       2
  9      18       6      13
     21       1      23 
     16      17      11
          5      20 
--8<--
found: sum= 81.0000 var=  0.0000 fitness= 81.0000 age=2
-->8--
          1      18 
      8      15       5
     19      14      23 
  9      24       6      21
 10       2      13       7
     17      22      11 
     16      20       3
          4      12 
--8<--
found: sum= 79.0000 var=  0.0000 fitness= 79.0000 age=1
-->8--
          4      13 
     10      21      11
      9      12      16 
  3      23       6       8
 17      22      14      15
      5       2      20 
     19      24      18
          7       1 
--8<--
found: sum= 78.0000 var=  0.0000 fitness= 78.0000 age=4
-->8--
          2       8 
     21      10      24
     18       7      23 
  9      20       6      12
  3      15      14       1
     13      16      22 
     19       4      17
         11       5 
--8<--
found: sum= 79.0000 var=  0.0000 fitness= 79.0000 age=1
-->8--
          5      17 
      4      24       7
     10      21       9 
 18      15       1      20
  2      23      13      14
     11       6      22 
     12      19       3
          8      16 
--8<--
found: sum= 79.0000 var=  0.0000 fitness= 79.0000 age=2
-->8--
         11      13 
      6      18      15
      4      23       7 
  5      17       3      16
 19      14      21      10
     20       1      22 
      8      24       2
         12       9 
--8<--
found: sum= 79.0000 var=  0.0000 fitness= 79.0000 age=2
-->8--
         13      12 
      3       8       1
     22      19      24 
  9      14      15      11
  4       7       6      21
     23      18       2 
      5      16      17
         10      20 
--8<--
found: sum= 79.0000 var=  0.0000 fitness= 79.0000 age=4
-->8--
          3      24 
     18      16       4
     13      12      15 
 21      17       8      11
  1       5      23       2
     22      14      20 
     19       9       6
         10       7 
--8<--
found: sum= 78.0000 var=  0.0000 fitness= 78.0000 age=3
-->8--
          6       8 
     23       3      22
     24       9      20 
  2      13      16       4
 15       5      21      10
     19      14       7 
     11      17      18
         12       1 
--8<--
found: sum= 81.0000 var=  0.0000 fitness= 81.0000 age=1
-->8--
          9       2 
     15      20       8
     24      10      23 
 21       3      18       4
  5      22      11      12
      6      17      13 
     16      19      14
          1       7 
--8<--
found: sum= 83.0000 var=  0.0000 fitness= 83.0000 age=1
-->8--
          8       6 
     11       7       9
     24      19      22 
 10      14      20       1
  5      12      16       3
     18       2      21 
     13      23       4
         15      17 
--8<--
found: sum= 79.0000 var=  0.0000 fitness= 79.0000 age=2
-->8--
         12       1 
     17       5      22
     23      18      19 
 10       4      14       8
  7      24      13       9
     11       6      16 
     15      21       3
          2      20 
--8<--
found: sum= 79.0000 var=  0.0000 fitness= 79.0000 age=2
-->8--
          9       7 
     24       6      16
     19      17      23 
  3       4      10      14
 11      22      18       2
     20       8      12 
     13      15      21
          1       5 
--8<--
found: sum= 79.0000 var=  0.0000 fitness= 79.0000 age=1
-->8--
         14      20 
      7      22       5
      4       8      13 
  3      24      11       6
 21       9      10      16
     18      17      23 
     19      15      12
          1       2 
--8<--
found: sum= 75.0000 var=  0.0000 fitness= 75.0000 age=1
-->8--
          1       4 
     24      18      13
      5      20      14 
 21       7       6      22
 11      19       8       2
     12      15      23 
     16       3      17
         10       9 
--8<--
found: sum= 80.0000 var=  0.0000 fitness= 80.0000 age=2
-->8--
          3       7 
     17      15       5
      1      23      20 
 13      21      10       4
 19       8       6      16
     18      12      24 
     11      22      14
          9       2 
--8<--
found: sum= 76.0000 var=  0.0000 fitness= 76.0000 age=1
-->8--
          2      20 
     15      17       9
     14       4      16 
 12      24      10      18
  7      11       6      23
      8      21       3 
     13      22      19
          1       5 
--8<--
found: sum= 81.0000 var=  0.0000 fitness= 81.0000 age=3
-->8--
          3      18 
     12      16       4
     11      24      14 
  8      15       5      21
 17       7      20       2
     23      10      19 
      6      22       1
         13       9 
--8<--
found: sum= 79.0000 var=  0.0000 fitness= 79.0000 age=3
-->8--
         19       1 
     10       5      24
     20      16      18 
  4       9      15       3
 11      14      13      22
     21      12       8 
      7      23      17
          2       6 
--8<--
found: sum= 79.0000 var=  0.0000 fitness= 79.0000 age=3
-->8--
          9       6 
      8      14       2
     16      21      24 
 10      11      12       1
 22      13      18       5
      7       4      19 
     17      15      20
         23       3 
--8<--
found: sum= 79.0000 var=  0.0000 fitness= 79.0000 age=2
-->8--
          5      21 
     20      23       7
     16       2      12 
  6      13      14      22
 11      18       8       4
     15      24      19 
      3      10       1
          9      17 
--8<--
found: sum= 79.0000 var=  0.0000 fitness= 79.0000 age=1
-->8--
         11      10 
      4      24      12
     22       5       8 
 14      13      20       9
  7      17       3      23
      6      21      16 
      1      19      18
         15       2 
--8<--
found: sum= 82.0000 var=  0.0000 fitness= 82.0000 age=2
-->8--
         10       7 
      6      20      14
     15       8      16 
  2      23      17      12
  9      11       5      19
     22      18      13 
      3      24      21
          4       1 
--8<--
found: sum= 83.0000 var=  0.0000 fitness= 83.0000 age=1
-->8--
          2       9 
      8      18      14
     20      24      15 
  4      11       3      16
 10      21      19       7
     17       5      23 
     12      22       1
          6      13 
--8<--
found: sum= 80.0000 var=  0.0000 fitness= 80.0000 age=4
-->8--
          2      17 
      5      20       7
     24      13      14 
 11      16       9      23
  4      22       1      12
      3      19      21 
     10      18       6
          8      15 
--8<--
found: sum= 79.0000 var=  0.0000 fitness= 79.0000 age=2
-->8--
          3       6 
     13      16      17
     18       7      24 
  5      22       9      11
  4      20       2      21
     10      19      12 
     14      15      23
          1       8 
--8<--
found: sum= 80.0000 var=  0.0000 fitness= 80.0000 age=3
-->8--
          2       1 
     10      22       4
      9      21      18 
  7      16      14       5
 13      11      12      23
     24       6       8 
      3      19      20
         17      15 
--8<--
found: sum= 77.0000 var=  0.0000 fitness= 77.0000 age=1
-->8--
          6       9 
      5      17       8
      4      24      12 
 16      21       7       3
 15      10      13      19
     11       2      23 
     22      18      20
         14       1 
--8<--
found: sum= 78.0000 var=  0.0000 fitness= 78.0000 age=3
-->8--
          2       7 
     19      24      15
     20      10       6 
  4       3      16      12
 22      21      17      18
      8      11       9 
     14      23       5
          1      13 
--8<--
found: sum= 80.0000 var=  0.0000 fitness= 80.0000 age=4
-->8--
         10       5 
     17      24      11
      6       7      15 
 21      16      18      14
  3      22       4       9
     12      13      20 
      2      23      19
          8       1 
--8<--
found: sum= 79.0000 var=  0.0000 fitness= 79.0000 age=4
-->8--
         23       5 
      1      10      19
     17      12      24 
  6      16       9      22
  4      15      14       7
     21      13       3 
      2      20      18
          8      11 
--8<--
found: sum= 79.0000 var=  0.0000 fitness= 79.0000 age=2
-->8--
          8       5 
     19      10       1
     15      21      22 
 13       6      20       4
 18      16       7      12
     11       9      14 
      3      23      24
         17       2 
--8<--
found: sum= 79.0000 var=  0.0000 fitness= 79.0000 age=2
-->8--
          1      18 
     15      10       2
     12      22      23 
 16      19       4       6
  5       7      24      13
     20       3       9 
     11      21      14
         17       8 
--8<--
found: sum= 80.0000 var=  0.0000 fitness= 80.0000 age=4
-->8--
          4       1 
      7      19      13
     24      21      18 
 15       5       8      22
  2      23      17       3
     11       6      12 
     10      16       9
         14      20 
--8<--
found: sum= 80.0000 var=  0.0000 fitness= 80.0000 age=3
-->8--
          5       2 
      1      21      15
     24       6      22 
 17      23      14       8
  4       3      18       7
      9      16      11 
     19      13      10
         20      12 
--8<--
found: sum= 79.0000 var=  0.0000 fitness= 79.0000 age=1
-->8--
          5       9 
     13      14       7
     24      21      22 
 16       2       6      15
 10      19      20      12
      8      11       4 
      1      23      18
         17       3 
--8<--
found: sum= 74.0000 var=  0.0000 fitness= 74.0000 age=1
-->8--
         19       9 
      8      20       3
      1      14      21 
 10      12       7      23
 16      24       2      17
     11      15       4 
      5      13      22
          6      18 
--8<--
found: sum= 80.0000 var=  0.0000 fitness= 80.0000 age=1
-->8--
         11       3 
      2      20      14
     17       6      19 
  8      24      18      13
  4      15      16       5
     12       1       9 
      7      23      10
         22      21 
--8<--
found: sum= 78.0000 var=  0.0000 fitness= 78.0000 age=1
-->8--
         17      15 
      1      21      19
     13       6       5 
  3      20      12       7
 11      22      14      16
      9       4      24 
      2      18       8
         23      10 
--8<--
found: sum= 78.0000 var=  0.0000 fitness= 78.0000 age=4
-->8--
          2       1 
     21       5      18
     24      17      23 
 10       9      14       4
  8      16      19       6
     11       3      12 
     20      15       7
         13      22 
--8<--
found: sum= 81.0000 var=  0.0000 fitness= 81.0000 age=2
-->8--
          4       5 
     12      23      16
     14       7      13 
  8      21      17       1
 10      19       6      20
      9      11      24 
      2      22       3
         18      15 
--8<--
found: sum= 79.0000 var=  0.0000 fitness= 79.0000 age=1
-->8--
          4       9 
      8      12      20
     24      13      19 
  7      18       6       5
 10      17      11      23
      3      14      15 
     21      22      16
          2       1 
--8<--
found: sum= 82.0000 var=  0.0000 fitness= 82.0000 age=4
-->8--
          8      20 
      6      16       4
     22      21      19 
 14       9       2      13
  1      12      23       7
     24      15      18 
      3      11       5
         17      10 
--8<--
found: sum= 78.0000 var=  0.0000 fitness= 78.0000 age=2
-->8--
         10      12 
     11       4       7
     22      15      17 
 21      16      23       1
  2       8      13       6
      9       3      18 
     24      20      19
         14       5 
--8<--
found: sum= 84.0000 var=  0.0000 fitness= 84.0000 age=1
-->8--
          4       5 
      7      20      11
     17      15      24 
  1      21       9      12
 13      10       6      14
     22      23      19 
      8      18      16
          3       2 
--8<--
found: sum= 82.0000 var=  0.0000 fitness= 82.0000 age=1
-->8--
         17       3 
      6       7      14
     19      15      23 
  9      18      20       8
  4      11       5      10
     21      13      16 
     12      24      22
          1       2 
--8<--
found: sum= 81.0000 var=  0.0000 fitness= 81.0000 age=1
-->8--
          6       5 
      7      19       2
     23      18      20 
 22       8      17      10
 12      13       4      14
      3      21      16 
      9      24      15
         11       1 
--8<--
found: sum= 80.0000 var=  0.0000 fitness= 80.0000 age=4
-->8--
         12      13 
      4      22      16
     24      11      10 
 21       7       8       9
  5      17      14      19
      6      23      20 
     15      18       3
          1       2 
--8<--
found: sum= 82.0000 var=  0.0000 fitness= 82.0000 age=3
-->8--
         17      10 
      3      11       7
     13      22      18 
  8      16      14       6
  5      19       9      12
     21       2      23 
      1      24       4
         15      20 
--8<--
found: sum= 81.0000 var=  0.0000 fitness= 81.0000 age=4
-->8--
          1      12 
     16      18       5
     20       2      23 
  4      24      21      14
  8       6      13       7
     19      15       3 
      9      22      11
         10      17 
--8<--
found: sum= 83.0000 var=  0.0000 fitness= 83.0000 age=3
-->8--
          7       8 
     22      23      13
     17       5      16 
  6       9      18       1
 11      19      20       4
     21      12      24 
     15      14       3
          2      10 
--8<--
found: sum= 80.0000 var=  0.0000 fitness= 80.0000 age=2
-->8--
          1      10 
     24      11       4
      9      20      23 
 16      15      12       7
 14       8      19       2
     18       6      17 
     21      22      13
          5       3 
--8<--
found: sum= 74.0000 var=  0.0000 fitness= 74.0000 age=1
-->8--
         24       1 
      8      10      15
      7      14      16 
 19      11      18       5
  4      20       9      23
     13       2       3 
     12      21      22
          6      17 
--8<--
found: sum= 78.0000 var=  0.0000 fitness= 78.0000 age=3
-->8--
          4      16 
      7      24       5
     22      12      13 
  6       9       8      23
 21      18      14       1
      2      17      19 
     20      10       3
         11      15 
--8<--
found: sum= 81.0000 var=  0.0000 fitness= 81.0000 age=1
-->8--
          6      23 
     10      18       7
     14      11      20 
 15      22       2      13
  4       9      21       1
     17      16      24 
      8      12       3
         19       5 
--8<--
found: sum= 78.0000 var=  0.0000 fitness= 78.0000 age=1
-->8--
          1       6 
     19      10      20
     23       7      24 
  4      18      11      15
 13      12      16       9
      8      14       3 
     17      22       2
          5      21 
--8<--
found: sum= 79.0000 var=  0.0000 fitness= 79.0000 age=3
-->8--
         24       7 
      3      15      12
     23       9      22 
 17       5      14      11
  6      18      20       8
     10      13       4 
     16      21       2
          1      19 
--8<--
found: sum= 84.0000 var=  0.0000 fitness= 84.0000 age=1
-->8--
          7       9 
      8      23       5
     12      19      18 
 11      15      10       2
  4      20      17      16
     22       3      21 
      1      24      13
         14       6 
--8<--
found: sum= 78.0000 var=  0.0000 fitness= 78.0000 age=3
-->8--
         13       1 
      7      19       8
     15      18       9 
 22       6      23      12
 16      17      10       3
      2       4      21 
     11      24      14
         20       5 
--8<--
found: sum= 78.0000 var=  0.0000 fitness= 78.0000 age=3
-->8--
          4       1 
     18      22      13
      8      16      17 
  3      10       9       6
 24      12      20      19
     21      11       7 
      5      15      23
         14       2 
--8<--
found: sum= 82.0000 var=  0.0000 fitness= 82.0000 age=2
-->8--
          2       1 
     13      14       5
     16      22      17 
  6      15      23       3
 21       4       8       7
     20      10      24 
     11      19      12
         18       9 
--8<--
found: sum= 79.0000 var=  0.0000 fitness= 79.0000 age=1
-->8--
          1      10 
     23      22      16
     19       3      20 
 17      11       8      14
  2      12      24       4
     18      21       9 
      6       7       5
         15      13 
--8<--
found: sum= 80.0000 var=  0.0000 fitness= 80.0000 age=2
-->8--
         21      16 
      3      14       1
     22      13      17 
  5       7      19      12
  4      24      15       8
     18       2       9 
     10      20      11
          6      23 
--8<--
found: sum= 83.0000 var=  0.0000 fitness= 83.0000 age=3
-->8--
          6       2 
      8      12      11
     24      19      17 
  9      14      22      10
 13       5       7       4
     18      16      23 
      3      21       1
         20      15 
--8<--
found: sum= 81.0000 var=  0.0000 fitness= 81.0000 age=1
-->8--
          1       9 
     12      24       4
     14      17      22 
  6      13       5       3
 23      15      11      21
     10      20      19 
     18      16       8
          2       7 
--8<--
found: sum= 80.0000 var=  0.0000 fitness= 80.0000 age=3
-->8--
          7      14 
      3      19       5
     22      21      17 
 16       8       4      10
  1       9      23      20
     24      15       6 
      2      12      13
         18      11 
--8<--
found: sum= 82.0000 var=  0.0000 fitness= 82.0000 age=3
-->8--
          4       6 
      1      18      15
     23      14      12 
  7      22      17      13
  2       8      10       9
     20      11      21 
      3      16      19
         24       5 
--8<--
found: sum= 82.0000 var=  0.0000 fitness= 82.0000 age=2
-->8--
          1      15 
     22      24       6
     20       4      10 
 12      11      23       3
  7      13      17       8
     19      14      21 
      2      16       9
         18       5 
--8<--
found: sum= 82.0000 var=  0.0000 fitness= 82.0000 age=1
-->8--
         15       6 
     13      12      10
     16      21      22 
 20       5      11       3
  8      14      24       4
     19       7      18 
      2      23       1
         17       9 
--8<--
found: sum= 78.0000 var=  0.0000 fitness= 78.0000 age=2
-->8--
          2      10 
     17      21       3
      9      15      24 
  6      14       5       4
 23      18       7      22
      8      19      16 
     20      12      11
          1      13 
--8<--
found: sum= 78.0000 var=  0.0000 fitness= 78.0000 age=3
-->8--
         14      23 
      1       9       4
     20      22      13 
 16      12       7       6
  5       8      18      24
     17      11      10 
      2      21      15
         19       3 
--8<--
found: sum= 81.0000 var=  0.0000 fitness= 81.0000 age=3
-->8--
         20      16 
      3       8       9
     18      22      19 
 11      10       7       5
  1      17      23      12
     24       2      15 
      4      21       6
         13      14 
--8<--
found: sum= 79.0000 var=  0.0000 fitness= 79.0000 age=3
-->8--
         11      13 
      6      18      15
      4      23       7 
  5      17       3      16
 19      14      21      10
     20       1      22 
      8      24       2
         12       9 
--8<--
found: sum= 84.0000 var=  0.0000 fitness= 84.0000 age=1
-->8--
          7       4 
      2      24      12
     17      16      23 
  1      18       5       9
 13      15      19       6
     20      11      22 
      3      14      10
         21       8 
--8<--
found: sum= 78.0000 var=  0.0000 fitness= 78.0000 age=1
-->8--
         19      11 
      3      23       6
     18       5      17 
  1      10      16       7
 24      12      14       9
     13      21      15 
     20       4       2
          8      22 
--8<--
found: sum= 78.0000 var=  0.0000 fitness= 78.0000 age=2
-->8--
         15       8 
     11      21      13
     17       2      14 
 18      12      20       7
  1       6      22       5
     24      16      10 
     19       4       3
          9      23 
--8<--
found: sum= 83.0000 var=  0.0000 fitness= 83.0000 age=1
-->8--
          7      13 
     12      18       3
     15      21      24 
 19      10       4      17
  6      11      14       8
     22      23      16 
      2      20       1
          5       9 
--8<--
found: sum= 76.0000 var=  0.0000 fitness= 76.0000 age=1
-->8--
          3       8 
     19      24      21
     22       1       6 
 12       7      16      14
  2      23      18      17
     10      11       5 
     15      13      20
          4       9 
--8<--
found: sum= 83.0000 var=  0.0000 fitness= 83.0000 age=2
-->8--
         17      12 
      2      24       8
     23       6      14 
 13      11      19       3
  5      15      22       7
     16      10      18 
     21      20       4
          1       9 
--8<--
found: sum= 78.0000 var=  0.0000 fitness= 78.0000 age=1
-->8--
         12      17 
     18       2      10
     21      22      16 
  9       3      11       4
  1      24       5      19
     20      13      23 
      7       8      14
          6      15 
--8<--
found: sum= 78.0000 var=  0.0000 fitness= 78.0000 age=4
-->8--
          1      24 
     16       9      13
     23       8      14 
  2      21      10       7
 12      15       6      22
      5      18      19 
     17      20       4
          3      11 
--8<--
found: sum= 78.0000 var=  0.0000 fitness= 78.0000 age=3
-->8--
          3       1 
     24      23       9
      2      18      21 
 10       8       6      15
 16      20      12       7
     22      14      17 
     13       5      11
          4      19 
--8<--
found: sum= 80.0000 var=  0.0000 fitness= 80.0000 age=4
-->8--
          9       3 
     19      20      14
     22       6      21 
 11       4      16       5
  8      17      24       2
     18      13      12 
     15       7      23
         10       1 
--8<--
found: sum= 78.0000 var=  0.0000 fitness= 78.0000 age=2
-->8--
          2      11 
     15       7      12
     14      22      21 
 17      18       5      13
  1       4      20       3
     24       9      16 
     10       8      19
         23       6 
--8<--
found: sum= 82.0000 var=  0.0000 fitness= 82.0000 age=4
-->8--
         16       4 
      6      18      15
     21      10      23 
 20      11      12       2
  1      22       8      13
      7      19      24 
      3      17       9
         14       5 
--8<--
