found: sum= 72.0000 var=  0.0000 fitness= 72.0000
-->8--
          3      15 
      5       2      18
     19      20       8 
  1      23       9      24
 12      10       6      14
      7       4      11 
     16      13      21
         22      17 
--8<--
found: sum= 77.0000 var=  0.0000 fitness= 77.0000
-->8--
         21      11 
      9      19      17
     15       5      24 
 10       8       1      20
 12      18      23       2
     14      22       7 
     13       6      16
          4       3 
--8<--
found: sum= 76.0000 var=  0.0000 fitness= 76.0000
-->8--
         21       5 
      8      11      13
      7      20      15 
 18       9      12       6
 16       2      10      14
     24      23      19 
     22       4       3
          1      17 
--8<--
found: sum= 76.0000 var=  0.0000 fitness= 76.0000
-->8--
         21       8 
     17      24      11
     10       1      14 
  9       3      18       4
 16      15      20      13
     23      19       7 
      5       2       6
         12      22 
--8<--
found: sum= 78.0000 var=  0.0000 fitness= 78.0000
-->8--
         13       7 
     23       3       8
      5      22      24 
 15      12      14       6
 16       9      10       4
     21      11      20 
     18      17       1
          2      19 
--8<--
found: sum= 72.0000 var=  0.0000 fitness= 72.0000
-->8--
          4      12 
     15       1      21
     16      13      22 
  2      23       3      24
 14       8       6      10
      9      19       7 
     11       5      17
         20      18 
--8<--
found: sum= 80.0000 var=  0.0000 fitness= 80.0000
-->8--
          4       1 
      7      23       5
      8      17      22 
  2      21      12       6
 18      11      16      10
     20       3      14 
     24      13      15
          9      19 
--8<--
found: sum= 75.0000 var=  0.0000 fitness= 75.0000
-->8--
         19       3 
     17      23      22
      8       1      12 
  2       7      14      16
 13      24      18      10
     21      11       5 
      4       6      20
          9      15 
--8<--
found: sum= 82.0000 var=  0.0000 fitness= 82.0000
-->8--
          4       9 
      3      17       8
     22      24      13 
  1      12      11      15
  6      23       2      20
     18      10      21 
      5      19      16
          7      14 
--8<--
execution time: real 0.042864s user 0.006998s sys 0.000999s
GA: P=50 K=10 sp=2 xover=2D/1 optrpl=2 optskip=10 optmax=1.142857
generation #17: pop m= 77.340 v= 57.866 f= 51.940 best_age=1
best: found: sum= 82.0000 var=  0.0000 fitness= 82.0000
-->8--
          4       9 
      3      17       8
     22      24      13 
  1      12      11      15
  6      23       2      20
     18      10      21 
      5      19      16
          7      14 
--8<--
found: sum= 75.0000 var=  0.0000 fitness= 75.0000
-->8--
         19       3 
     17      23      22
      8       1      12 
  2       7      14      16
 13      24      18      10
     21      11       5 
      4       6      20
          9      15 
--8<--
found: sum= 80.0000 var=  0.0000 fitness= 80.0000
-->8--
          4       1 
      7      23       5
      8      17      22 
  2      21      12       6
 18      11      16      10
     20       3      14 
     24      13      15
          9      19 
--8<--
