found: sum= 72.0000 var=  0.0000 fitness= 72.0000 age=0
-->8--
         14      16 
      8      21       3
      1      10      23 
 20      18      -1      15
  2       9      19      11
     22      17       5 
      4      13       6
          7      12 
--8<--
found: sum= 63.0000 var=  0.0000 fitness= 63.0000 age=0
-->8--
         15      19 
      8      20       3
      6       1      11 
 17      13       9      10
  2       4      22      12
     21      14      -1 
     18       7       5
         -1      16 
--8<--
found: sum= 60.0000 var=  0.0000 fitness= 60.0000 age=0
-->8--
          4      15 
     18      10      16
     19       3      -1 
  1       6      17      21
  5       9      11      -1
     20      14      13 
     -2      12       2
          7       8 
--8<--
found: sum= 72.0000 var=  0.0000 fitness= 72.0000 age=0
-->8--
         12      14 
      7       3       5
     21      20      13 
 16       9      17      22
  1       2       6      -1
     23      18      15 
     11      10       4
          8      19 
--8<--
found: sum= 75.0000 var=  0.0000 fitness= 75.0000 age=0
-->8--
         13      21 
     20      18       8
      5       2      16 
 11      17      10      24
  7      12      15       1
     23      19       9 
      3       4       6
         14      22 
--8<--
found: sum= 75.0000 var=  0.0000 fitness= 75.0000 age=0
-->8--
         24       5 
      9       8      18
     14      16       7 
 17       4      21      10
 11       6      15      19
     23      13       3 
     12      20      22
          1       2 
--8<--
found: sum= 70.0000 var=  0.0000 fitness= 70.0000 age=0
-->8--
         13      23 
     22       5       8
     10      11      16 
 20       9       7      21
  1      18       6       3
     12      19      17 
      4      15      14
          2      -1 
--8<--
found: sum= 62.0000 var=  0.0000 fitness= 62.0000 age=0
-->8--
         13      21 
      9      14      16
     12      11      -2 
  4       3       2       8
  1      20      19      18
     22       7      17 
      5      -2       6
         10      15 
--8<--
found: sum= 75.0000 var=  0.0000 fitness= 75.0000 age=0
-->8--
          5       1 
     18      12      20
     11      16      19 
 15      13       7      21
  8       6      23       3
     22      10       2 
     24       9      17
          4      14 
--8<--
found: sum= 79.0000 var=  0.0000 fitness= 79.0000 age=0
-->8--
         10      14 
     19       3       6
     22      21      20 
 23       4      15       1
  2      11      16      18
     17      12       9 
      8      24       5
          7      13 
--8<--
found: sum= 79.0000 var=  0.0000 fitness= 79.0000 age=0
-->8--
          6      12 
     23      15       2
      8      13      16 
 17      14      21       9
 11       7       4       5
     22      20      24 
      1      10       3
         19      18 
--8<--
found: sum= 71.0000 var=  0.0000 fitness= 71.0000 age=0
-->8--
         12      18 
      5      21       6
     17       9      13 
  3       7       4       1
  2      19      22      20
     23      10      11 
     14      -3      16
          8      15 
--8<--
found: sum= 67.0000 var=  0.0000 fitness= 67.0000 age=0
-->8--
          8       7 
     12      20       3
      9       5      18 
 17      13      14      10
  2       4      16      11
     22      15      -2 
      6      19      21
          1      -2 
--8<--
found: sum= 82.0000 var=  0.0000 fitness= 82.0000 age=0
-->8--
          7      17 
     22      20       1
      8      11      24 
 18      14       9      13
  2      21      15       5
     19      12      16 
      4      23       6
          3      10 
--8<--
found: sum= 78.0000 var=  0.0000 fitness= 78.0000 age=0
-->8--
          6      15 
     19      22       5
     18       4      24 
 17       9       8      20
  1      23      21       3
     10      13       2 
      7      14      12
         11      16 
--8<--
found: sum= 76.0000 var=  0.0000 fitness= 76.0000 age=0
-->8--
         21      23 
      4      24       2
      9       8      12 
 14      10       7      11
  6      19      17      13
     18      15      16 
     20       1       5
          3      22 
--8<--
found: sum= 74.0000 var=  0.0000 fitness= 74.0000 age=0
-->8--
         23      14 
      5      21      19
     12       2       3 
 10      11      15      24
  6      13      17       7
     22      16       8 
     18       4       9
          1      20 
--8<--
found: sum= 74.0000 var=  0.0000 fitness= 74.0000 age=0
-->8--
         13      18 
     19      20       3
      8       4      22 
 17      10       7      -1
  1      23      21      11
     15       9      14 
      6      16      12
          5       2 
--8<--
found: sum= 78.0000 var=  0.0000 fitness= 78.0000 age=0
-->8--
         22      12 
      2      20       5
     17       6      21 
 15      11      14      13
  1      16      23       3
     18       8       4 
     19      10       9
          7      24 
--8<--
found: sum= 82.0000 var=  0.0000 fitness= 82.0000 age=0
-->8--
         18      15 
      5      23       4
     17       6      14 
 11      13      20      21
  9       8      16       1
     24      19      10 
      7      22       3
          2      12 
--8<--
found: sum= 77.0000 var=  0.0000 fitness= 77.0000 age=0
-->8--
         24      18 
      1      16       5
     10      20       7 
 14       6      11      19
 12      13      23       8
     22       4       9 
     15      21      17
          2       3 
--8<--
found: sum= 85.0000 var=  0.0000 fitness= 85.0000 age=0
-->8--
          3       9 
     22      19       5
     18      11      24 
  6      12      17       8
 13      16      14       1
     20      15      21 
      7      23       2
          4      10 
--8<--
found: sum= 75.0000 var=  0.0000 fitness= 75.0000 age=0
-->8--
          4      17 
     13      12      14
     21      10      19 
  2      15       3       5
  1      16       8      18
     20      23      22 
     -4       9       6
         11       7 
--8<--
found: sum= 75.0000 var=  0.0000 fitness= 75.0000 age=0
-->8--
         12      13 
      2      20      16
     19       4      15 
  6      18       7      -1
  1      10      14      23
     21      22      17 
      5       8      11
          9       3 
--8<--
execution time: real 1.423884s user 0.016997s sys 0.000000s
GA: P=512 K=256 sp=3 xover=2D/1 aging
generation #11: pop m= 78.780 v=1.390 f= 74.533
best: found: sum= 85.0000 var=  0.0000 fitness= 85.0000 age=1
-->8--
          3       9 
     22      19       5
     18      11      24 
  6      12      17       8
 13      16      14       1
     20      15      21 
      7      23       2
          4      10 
--8<--
found: sum= 78.0000 var=  0.0000 fitness= 78.0000 age=3
-->8--
          6      15 
     19      22       5
     18       4      24 
 17       9       8      20
  1      23      21       3
     10      13       2 
      7      14      12
         11      16 
--8<--
found: sum= 82.0000 var=  0.0000 fitness= 82.0000 age=3
-->8--
          7      17 
     22      20       1
      8      11      24 
 18      14       9      13
  2      21      15       5
     19      12      16 
      4      23       6
          3      10 
--8<--
found: sum= 79.0000 var=  0.0000 fitness= 79.0000 age=4
-->8--
         10      14 
     19       3       6
     22      21      20 
 23       4      15       1
  2      11      16      18
     17      12       9 
      8      24       5
          7      13 
--8<--
found: sum= 79.0000 var=  0.0000 fitness= 79.0000 age=4
-->8--
          6      12 
     23      15       2
      8      13      16 
 17      14      21       9
 11       7       4       5
     22      20      24 
      1      10       3
         19      18 
--8<--
found: sum= 82.0000 var=  0.0000 fitness= 82.0000 age=2
-->8--
         18      15 
      5      23       4
     17       6      14 
 11      13      20      21
  9       8      16       1
     24      19      10 
      7      22       3
          2      12 
--8<--
found: sum= 75.0000 var=  0.0000 fitness= 75.0000 age=1
-->8--
          4      17 
     13      12      14
     21      10      19 
  2      15       3       5
  1      16       8      18
     20      23      22 
     -4       9       6
         11       7 
--8<--
found: sum= 75.0000 var=  0.0000 fitness= 75.0000 age=1
-->8--
         12      13 
      2      20      16
     19       4      15 
  6      18       7      -1
  1      10      14      23
     21      22      17 
      5       8      11
          9       3 
--8<--
found: sum= 78.0000 var=  0.0000 fitness= 78.0000 age=2
-->8--
         22      12 
      2      20       5
     17       6      21 
 15      11      14      13
  1      16      23       3
     18       8       4 
     19      10       9
          7      24 
--8<--
found: sum= 77.0000 var=  0.0000 fitness= 77.0000 age=1
-->8--
         24      18 
      1      16       5
     10      20       7 
 14       6      11      19
 12      13      23       8
     22       4       9 
     15      21      17
          2       3 
--8<--
