found: sum= 83.0000 var=  0.0000 fitness= 83.0000 age=0
-->8--
         15      13 
      3      20       1
     24      17      18 
  9       4      14      12
  7      16      11       6
     23      21      22 
     10       8      19
          5       2 
--8<--
found: sum= 77.0000 var=  0.0000 fitness= 77.0000 age=0
-->8--
         21      12 
      6      13      14
     24       4      23 
 17       9      11       5
  1      18      16      20
      8      19       2 
     10      15      22
          7       3 
--8<--
found: sum= 80.0000 var=  0.0000 fitness= 80.0000 age=0
-->8--
         11      10 
      1      24       2
     13      22       5 
 18       9      17      15
  3      16      12       8
     21       4      23 
      6      14      20
         19       7 
--8<--
found: sum= 78.0000 var=  0.0000 fitness= 78.0000 age=0
-->8--
         20       8 
      4      15      23
     24       5      11 
 19      10      16       2
 12       7      22      14
      6      18      13 
      9      21       1
         17       3 
--8<--
found: sum= 80.0000 var=  0.0000 fitness= 80.0000 age=0
-->8--
          5      13 
      7      24      14
     21       6       8 
  9      17      15      23
  1      22       4      12
     10      16      18 
     11      19       3
          2      20 
--8<--
found: sum= 78.0000 var=  0.0000 fitness= 78.0000 age=0
-->8--
         23      15 
      8      24       3
      5       2      12 
 17      16      22       4
  1      18      14       7
     21       6      19 
     13       9      20
         11      10 
--8<--
found: sum= 78.0000 var=  0.0000 fitness= 78.0000 age=0
-->8--
          2       9 
     18       4      23
     22       8      21 
  5      24      13      10
 14       6      16       1
      7      11      17 
     15      19       3
         20      12 
--8<--
found: sum= 74.0000 var=  0.0000 fitness= 74.0000 age=0
-->8--
         20      24 
      7      10      12
     23       6       1 
 14       8      21      13
  2       9      19      17
     18      11       3 
      5      15       4
         16      22 
--8<--
found: sum= 83.0000 var=  0.0000 fitness= 83.0000 age=0
-->8--
         22      14 
      9      16      11
     24       4      21 
 12       8      17       1
  6      15      19       2
     18      20      23 
      7      13       3
         10       5 
--8<--
found: sum= 69.0000 var=  0.0000 fitness= 69.0000 age=0
-->8--
         18      16 
      1       3       8
      5      23       7 
 13      19      12      21
 17       9       4      11
      6       2      14 
     22      10      24
         20      15 
--8<--
found: sum= 77.0000 var=  0.0000 fitness= 77.0000 age=0
-->8--
         24       4 
      7      22      16
     15       1      20 
 21       8      14      11
  3      18      17       9
     12      19       6 
     13      10      23
          5       2 
--8<--
found: sum= 76.0000 var=  0.0000 fitness= 76.0000 age=0
-->8--
         12      15 
     22       7       5
      9       8      24 
 10      18      17       1
 19       6      11      20
     14      16       3 
     13      23       2
          4      21 
--8<--
found: sum= 80.0000 var=  0.0000 fitness= 80.0000 age=0
-->8--
          3      13 
      5      23      10
     18      16       4 
 17      15      14       1
 12       7      19      22
     11       9      20 
      8      24       6
         21       2 
--8<--
found: sum= 77.0000 var=  0.0000 fitness= 77.0000 age=0
-->8--
         15       1 
     14       9       4
     13      23      22 
 17       3      18      11
 24       8       5       2
     12      20      19 
      6      10      16
         21       7 
--8<--
found: sum= 77.0000 var=  0.0000 fitness= 77.0000 age=0
-->8--
         20      17 
      4       8      12
     19       2      16 
  5      24      22      18
  9      13       1       6
      7      15      14 
     10      21       3
         11      23 
--8<--
found: sum= 77.0000 var=  0.0000 fitness= 77.0000 age=0
-->8--
          4       6 
     20       5       8
      3      23      21 
 10      22      14      12
 11       7       2      13
     24       9      15 
      1      17      16
         19      18 
--8<--
found: sum= 76.0000 var=  0.0000 fitness= 76.0000 age=0
-->8--
         13      10 
      8      19      14
     15       1       9 
 24      20      23       7
  2       3      11      22
     12      18       4 
     17      21       6
          5      16 
--8<--
found: sum= 81.0000 var=  0.0000 fitness= 81.0000 age=0
-->8--
          6       1 
     10      22      11
     12       8      20 
 21      23      19      17
  3      13       2       5
      9      16      18 
     15      24      14
          4       7 
--8<--
found: sum= 77.0000 var=  0.0000 fitness= 77.0000 age=0
-->8--
         19       6 
     10       3      17
     12       9      20 
  2      24      22       1
 15      13       4       7
     11       5      23 
     14      16       8
         18      21 
--8<--
found: sum= 74.0000 var=  0.0000 fitness= 74.0000 age=0
-->8--
          6      24 
      7      13      14
     22       3      12 
 15      23       8      20
  1       9      21      11
      4      10       2 
     18      17      19
         16       5 
--8<--
found: sum= 80.0000 var=  0.0000 fitness= 80.0000 age=0
-->8--
          6       5 
      4      16      23
     21      15      20 
 13      18       1      14
  3      17      19       2
      8      10      24 
     12      11       7
         22       9 
--8<--
found: sum= 67.0000 var=  0.0000 fitness= 67.0000 age=0
-->8--
         22      20 
     13       8      16
      3      15       7 
 21       6       1      18
 11      24      17      14
      2       4      10 
     23       5      19
          9      12 
--8<--
found: sum= 81.0000 var=  0.0000 fitness= 81.0000 age=0
-->8--
          5       3 
     22      21      10
      6      15      13 
  9      12      19       1
 20      16      17       8
     18       2      23 
     14      24      11
          7       4 
--8<--
found: sum= 76.0000 var=  0.0000 fitness= 76.0000 age=0
-->8--
          2      12 
     19      24       4
     15       5       8 
 22      11      23      13
  6       1      16       7
     21      20       9 
     17       3      18
         14      10 
--8<--
found: sum= 74.0000 var=  0.0000 fitness= 74.0000 age=0
-->8--
          3       7 
     22      18      16
      2       5      20 
  9      24       8       4
  6      14      11      21
     19      12      10 
     15       1      23
         13      17 
--8<--
found: sum= 79.0000 var=  0.0000 fitness= 79.0000 age=0
-->8--
         24       3 
      1      22      20
     14       6      17 
 23      12      11       4
  2      13      21       8
     15      16      18 
      7       9      10
         19       5 
--8<--
found: sum= 76.0000 var=  0.0000 fitness= 76.0000 age=0
-->8--
          2       8 
     18      22      20
     11       6       5 
  3      17      15       7
 21      10      24      13
     14       4      12 
      9      16       1
         23      19 
--8<--
found: sum= 80.0000 var=  0.0000 fitness= 80.0000 age=0
-->8--
          1       7 
      8       4      18
     24      22      20 
  2      21       9      14
 11       6      19       5
     16       3      13 
     17      23      10
         15      12 
--8<--
found: sum= 78.0000 var=  0.0000 fitness= 78.0000 age=0
-->8--
          3      19 
     15       9       2
     17      20      24 
 16      14       4       1
 11      12      21       6
      8       7      22 
     18      10       5
         23      13 
--8<--
found: sum= 80.0000 var=  0.0000 fitness= 80.0000 age=0
-->8--
         20      21 
      1       8       2
     22      23      16 
  9       6      10       3
 17      15      14      18
     11      12      19 
     13      24       7
          5       4 
--8<--
found: sum= 83.0000 var=  0.0000 fitness= 83.0000 age=0
-->8--
         17       9 
      1      23       8
     16      20      12 
 15       6      11      21
  5      19      13       2
     22      14      24 
      3      18      10
          7       4 
--8<--
found: sum= 75.0000 var=  0.0000 fitness= 75.0000 age=0
-->8--
          4      22 
     12      16       5
     13       6      15 
 18      24      11       7
  1      17      14       9
      2       3      19 
     20      10      21
         23       8 
--8<--
found: sum= 73.0000 var=  0.0000 fitness= 73.0000 age=0
-->8--
          5      11 
     14      16       9
     13      10       6 
  2      15      21      24
 20      19       1       3
      4       7      18 
     12       8      17
         23      22 
--8<--
found: sum= 74.0000 var=  0.0000 fitness= 74.0000 age=0
-->8--
         15       4 
     13      12      19
      9      14       1 
 10      11      24      20
 16       5      18       3
     23       2       8 
      6      17      22
         21       7 
--8<--
found: sum= 75.0000 var=  0.0000 fitness= 75.0000 age=0
-->8--
          6      22 
     24      17       8
      2       3       4 
 10      23      21       9
 15       5      11      16
     20      12      14 
     19      18      13
          1       7 
--8<--
found: sum= 79.0000 var=  0.0000 fitness= 79.0000 age=0
-->8--
          3       8 
     16      23      15
     12       5      17 
 14      20      11      10
  7       2      19       9
     24      22      13 
     21       6       1
          4      18 
--8<--
found: sum= 77.0000 var=  0.0000 fitness= 77.0000 age=0
-->8--
         14      24 
      1      18       7
     11      10      16 
  8      23       2      20
  5      17       3      21
     13      22      15 
      9      12       6
          4      19 
--8<--
found: sum= 79.0000 var=  0.0000 fitness= 79.0000 age=0
-->8--
         13       9 
      3      20       6
      4      24      19 
 10      15       1       2
 17      12      16      18
     21      11      23 
      5       8      14
         22       7 
--8<--
found: sum= 78.0000 var=  0.0000 fitness= 78.0000 age=0
-->8--
          7      19 
      6       8      17
     24      11      21 
 12      22       2      13
  1       9      18      20
     10      16       4 
      5      23      14
         15       3 
--8<--
found: sum= 80.0000 var=  0.0000 fitness= 80.0000 age=0
-->8--
          1       7 
      4      24       6
      8      23      15 
 11      20       5      14
 17       2      21      12
     22       9      13 
     10      18       3
         19      16 
--8<--
found: sum= 80.0000 var=  0.0000 fitness= 80.0000 age=0
-->8--
         13      11 
     18      23      16
     20       1      10 
  3       5      19       8
 14      21      22      15
     17      12       6 
      2      24       7
          4       9 
--8<--
found: sum= 74.0000 var=  0.0000 fitness= 74.0000 age=0
-->8--
          7       8 
     23      14      20
      2      17       9 
 15      11       6      13
  4      18      19      22
     24       3       5 
      1      16      21
         12      10 
--8<--
found: sum= 78.0000 var=  0.0000 fitness= 78.0000 age=0
-->8--
         10       5 
     19       7      13
      8      14      23 
 22      20      16       4
  3       1      15       9
     24      12      11 
     18      17      21
          6       2 
--8<--
found: sum= 80.0000 var=  0.0000 fitness= 80.0000 age=0
-->8--
          7       2 
     18      24       3
      5      15      13 
 12      11      23       1
 21       9      16      10
     22       6      17 
     20      19      14
          4       8 
--8<--
found: sum= 74.0000 var=  0.0000 fitness= 74.0000 age=0
-->8--
          2       5 
     20       1      17
     14      18      24 
 12      19       9       8
 16      10       7       4
      3      11      22 
     21       6      15
         23      13 
--8<--
found: sum= 77.0000 var=  0.0000 fitness= 77.0000 age=0
-->8--
         10       1 
      4      13      18
     22      17      20 
 14      11       8       7
  5      23      12      21
      2       6       9 
     24      19      15
          3      16 
--8<--
found: sum= 74.0000 var=  0.0000 fitness= 74.0000 age=0
-->8--
          9       4 
     24       6       8
      5      16      22 
 12      14      18      15
 23       3       2      10
     17      21       7 
      1      13      20
         19      11 
--8<--
found: sum= 80.0000 var=  0.0000 fitness= 80.0000 age=0
-->8--
          4      21 
     10      13      16
     24      17      11 
  5      12       2       7
 14       6      20      22
     19      23      18 
      9      15       1
          8       3 
--8<--
found: sum= 73.0000 var=  0.0000 fitness= 73.0000 age=0
-->8--
         17      15 
     23      24       8
      2       6      11 
 18       1       9      12
 22      20      21       7
     10      16      13 
     19       5       4
          3      14 
--8<--
found: sum= 77.0000 var=  0.0000 fitness= 77.0000 age=0
-->8--
          1      19 
      2      17       3
     20      24       4 
  9      13      10      12
  8      11      14      15
     16       5      22 
     21       6       7
         18      23 
--8<--
execution time: real 0.116507s user 0.132979s sys 0.004999s
GA: P=1024 K=512 sp=2 xover=2D/1 aging
generation #1: pop m= 76.433 v=62.270 f= 48.647
best: found: sum= 83.0000 var=  0.0000 fitness= 83.0000 age=1
-->8--
         15      13 
      3      20       1
     24      17      18 
  9       4      14      12
  7      16      11       6
     23      21      22 
     10       8      19
          5       2 
--8<--
found: sum= 67.0000 var=  0.0000 fitness= 67.0000 age=1
-->8--
         22      20 
     13       8      16
      3      15       7 
 21       6       1      18
 11      24      17      14
      2       4      10 
     23       5      19
          9      12 
--8<--
found: sum= 76.0000 var=  0.0000 fitness= 76.0000 age=1
-->8--
          2      12 
     19      24       4
     15       5       8 
 22      11      23      13
  6       1      16       7
     21      20       9 
     17       3      18
         14      10 
--8<--
found: sum= 74.0000 var=  0.0000 fitness= 74.0000 age=1
-->8--
          9       4 
     24       6       8
      5      16      22 
 12      14      18      15
 23       3       2      10
     17      21       7 
      1      13      20
         19      11 
--8<--
found: sum= 76.0000 var=  0.0000 fitness= 76.0000 age=1
-->8--
          2       8 
     18      22      20
     11       6       5 
  3      17      15       7
 21      10      24      13
     14       4      12 
      9      16       1
         23      19 
--8<--
found: sum= 81.0000 var=  0.0000 fitness= 81.0000 age=1
-->8--
          6       1 
     10      22      11
     12       8      20 
 21      23      19      17
  3      13       2       5
      9      16      18 
     15      24      14
          4       7 
--8<--
found: sum= 80.0000 var=  0.0000 fitness= 80.0000 age=1
-->8--
         20      21 
      1       8       2
     22      23      16 
  9       6      10       3
 17      15      14      18
     11      12      19 
     13      24       7
          5       4 
--8<--
found: sum= 74.0000 var=  0.0000 fitness= 74.0000 age=1
-->8--
          7       8 
     23      14      20
      2      17       9 
 15      11       6      13
  4      18      19      22
     24       3       5 
      1      16      21
         12      10 
--8<--
found: sum= 80.0000 var=  0.0000 fitness= 80.0000 age=1
-->8--
          3      13 
      5      23      10
     18      16       4 
 17      15      14       1
 12       7      19      22
     11       9      20 
      8      24       6
         21       2 
--8<--
found: sum= 74.0000 var=  0.0000 fitness= 74.0000 age=1
-->8--
          2       5 
     20       1      17
     14      18      24 
 12      19       9       8
 16      10       7       4
      3      11      22 
     21       6      15
         23      13 
--8<--
found: sum= 80.0000 var=  0.0000 fitness= 80.0000 age=1
-->8--
          5      13 
      7      24      14
     21       6       8 
  9      17      15      23
  1      22       4      12
     10      16      18 
     11      19       3
          2      20 
--8<--
found: sum= 80.0000 var=  0.0000 fitness= 80.0000 age=1
-->8--
          7       2 
     18      24       3
      5      15      13 
 12      11      23       1
 21       9      16      10
     22       6      17 
     20      19      14
          4       8 
--8<--
found: sum= 78.0000 var=  0.0000 fitness= 78.0000 age=1
-->8--
          3      19 
     15       9       2
     17      20      24 
 16      14       4       1
 11      12      21       6
      8       7      22 
     18      10       5
         23      13 
--8<--
found: sum= 78.0000 var=  0.0000 fitness= 78.0000 age=1
-->8--
          7      19 
      6       8      17
     24      11      21 
 12      22       2      13
  1       9      18      20
     10      16       4 
      5      23      14
         15       3 
--8<--
found: sum= 77.0000 var=  0.0000 fitness= 77.0000 age=1
-->8--
          1      19 
      2      17       3
     20      24       4 
  9      13      10      12
  8      11      14      15
     16       5      22 
     21       6       7
         18      23 
--8<--
found: sum= 80.0000 var=  0.0000 fitness= 80.0000 age=1
-->8--
         11      10 
      1      24       2
     13      22       5 
 18       9      17      15
  3      16      12       8
     21       4      23 
      6      14      20
         19       7 
--8<--
found: sum= 80.0000 var=  0.0000 fitness= 80.0000 age=1
-->8--
          4      21 
     10      13      16
     24      17      11 
  5      12       2       7
 14       6      20      22
     19      23      18 
      9      15       1
          8       3 
--8<--
found: sum= 83.0000 var=  0.0000 fitness= 83.0000 age=1
-->8--
         17       9 
      1      23       8
     16      20      12 
 15       6      11      21
  5      19      13       2
     22      14      24 
      3      18      10
          7       4 
--8<--
found: sum= 80.0000 var=  0.0000 fitness= 80.0000 age=1
-->8--
          1       7 
      8       4      18
     24      22      20 
  2      21       9      14
 11       6      19       5
     16       3      13 
     17      23      10
         15      12 
--8<--
found: sum= 75.0000 var=  0.0000 fitness= 75.0000 age=1
-->8--
          4      22 
     12      16       5
     13       6      15 
 18      24      11       7
  1      17      14       9
      2       3      19 
     20      10      21
         23       8 
--8<--
found: sum= 77.0000 var=  0.0000 fitness= 77.0000 age=1
-->8--
         19       6 
     10       3      17
     12       9      20 
  2      24      22       1
 15      13       4       7
     11       5      23 
     14      16       8
         18      21 
--8<--
found: sum= 80.0000 var=  0.0000 fitness= 80.0000 age=1
-->8--
         13      11 
     18      23      16
     20       1      10 
  3       5      19       8
 14      21      22      15
     17      12       6 
      2      24       7
          4       9 
--8<--
found: sum= 74.0000 var=  0.0000 fitness= 74.0000 age=1
-->8--
         15       4 
     13      12      19
      9      14       1 
 10      11      24      20
 16       5      18       3
     23       2       8 
      6      17      22
         21       7 
--8<--
found: sum= 83.0000 var=  0.0000 fitness= 83.0000 age=1
-->8--
         22      14 
      9      16      11
     24       4      21 
 12       8      17       1
  6      15      19       2
     18      20      23 
      7      13       3
         10       5 
--8<--
found: sum= 77.0000 var=  0.0000 fitness= 77.0000 age=1
-->8--
         10       1 
      4      13      18
     22      17      20 
 14      11       8       7
  5      23      12      21
      2       6       9 
     24      19      15
          3      16 
--8<--
found: sum= 77.0000 var=  0.0000 fitness= 77.0000 age=1
-->8--
         15       1 
     14       9       4
     13      23      22 
 17       3      18      11
 24       8       5       2
     12      20      19 
      6      10      16
         21       7 
--8<--
found: sum= 76.0000 var=  0.0000 fitness= 76.0000 age=1
-->8--
         12      15 
     22       7       5
      9       8      24 
 10      18      17       1
 19       6      11      20
     14      16       3 
     13      23       2
          4      21 
--8<--
found: sum= 79.0000 var=  0.0000 fitness= 79.0000 age=1
-->8--
         24       3 
      1      22      20
     14       6      17 
 23      12      11       4
  2      13      21       8
     15      16      18 
      7       9      10
         19       5 
--8<--
found: sum= 74.0000 var=  0.0000 fitness= 74.0000 age=1
-->8--
         20      24 
      7      10      12
     23       6       1 
 14       8      21      13
  2       9      19      17
     18      11       3 
      5      15       4
         16      22 
--8<--
found: sum= 80.0000 var=  0.0000 fitness= 80.0000 age=1
-->8--
          6       5 
      4      16      23
     21      15      20 
 13      18       1      14
  3      17      19       2
      8      10      24 
     12      11       7
         22       9 
--8<--
found: sum= 73.0000 var=  0.0000 fitness= 73.0000 age=1
-->8--
         17      15 
     23      24       8
      2       6      11 
 18       1       9      12
 22      20      21       7
     10      16      13 
     19       5       4
          3      14 
--8<--
found: sum= 78.0000 var=  0.0000 fitness= 78.0000 age=1
-->8--
         20       8 
      4      15      23
     24       5      11 
 19      10      16       2
 12       7      22      14
      6      18      13 
      9      21       1
         17       3 
--8<--
found: sum= 76.0000 var=  0.0000 fitness= 76.0000 age=1
-->8--
         13      10 
      8      19      14
     15       1       9 
 24      20      23       7
  2       3      11      22
     12      18       4 
     17      21       6
          5      16 
--8<--
found: sum= 80.0000 var=  0.0000 fitness= 80.0000 age=1
-->8--
          1       7 
      4      24       6
      8      23      15 
 11      20       5      14
 17       2      21      12
     22       9      13 
     10      18       3
         19      16 
--8<--
found: sum= 79.0000 var=  0.0000 fitness= 79.0000 age=1
-->8--
          3       8 
     16      23      15
     12       5      17 
 14      20      11      10
  7       2      19       9
     24      22      13 
     21       6       1
          4      18 
--8<--
found: sum= 78.0000 var=  0.0000 fitness= 78.0000 age=1
-->8--
         23      15 
      8      24       3
      5       2      12 
 17      16      22       4
  1      18      14       7
     21       6      19 
     13       9      20
         11      10 
--8<--
found: sum= 77.0000 var=  0.0000 fitness= 77.0000 age=1
-->8--
         20      17 
      4       8      12
     19       2      16 
  5      24      22      18
  9      13       1       6
      7      15      14 
     10      21       3
         11      23 
--8<--
found: sum= 77.0000 var=  0.0000 fitness= 77.0000 age=1
-->8--
         21      12 
      6      13      14
     24       4      23 
 17       9      11       5
  1      18      16      20
      8      19       2 
     10      15      22
          7       3 
--8<--
found: sum= 73.0000 var=  0.0000 fitness= 73.0000 age=1
-->8--
          5      11 
     14      16       9
     13      10       6 
  2      15      21      24
 20      19       1       3
      4       7      18 
     12       8      17
         23      22 
--8<--
found: sum= 81.0000 var=  0.0000 fitness= 81.0000 age=1
-->8--
          5       3 
     22      21      10
      6      15      13 
  9      12      19       1
 20      16      17       8
     18       2      23 
     14      24      11
          7       4 
--8<--
found: sum= 74.0000 var=  0.0000 fitness= 74.0000 age=1
-->8--
          6      24 
      7      13      14
     22       3      12 
 15      23       8      20
  1       9      21      11
      4      10       2 
     18      17      19
         16       5 
--8<--
found: sum= 77.0000 var=  0.0000 fitness= 77.0000 age=1
-->8--
         24       4 
      7      22      16
     15       1      20 
 21       8      14      11
  3      18      17       9
     12      19       6 
     13      10      23
          5       2 
--8<--
found: sum= 78.0000 var=  0.0000 fitness= 78.0000 age=1
-->8--
          2       9 
     18       4      23
     22       8      21 
  5      24      13      10
 14       6      16       1
      7      11      17 
     15      19       3
         20      12 
--8<--
found: sum= 78.0000 var=  0.0000 fitness= 78.0000 age=1
-->8--
         10       5 
     19       7      13
      8      14      23 
 22      20      16       4
  3       1      15       9
     24      12      11 
     18      17      21
          6       2 
--8<--
found: sum= 79.0000 var=  0.0000 fitness= 79.0000 age=1
-->8--
         13       9 
      3      20       6
      4      24      19 
 10      15       1       2
 17      12      16      18
     21      11      23 
      5       8      14
         22       7 
--8<--
found: sum= 69.0000 var=  0.0000 fitness= 69.0000 age=1
-->8--
         18      16 
      1       3       8
      5      23       7 
 13      19      12      21
 17       9       4      11
      6       2      14 
     22      10      24
         20      15 
--8<--
found: sum= 77.0000 var=  0.0000 fitness= 77.0000 age=1
-->8--
          4       6 
     20       5       8
      3      23      21 
 10      22      14      12
 11       7       2      13
     24       9      15 
      1      17      16
         19      18 
--8<--
found: sum= 75.0000 var=  0.0000 fitness= 75.0000 age=1
-->8--
          6      22 
     24      17       8
      2       3       4 
 10      23      21       9
 15       5      11      16
     20      12      14 
     19      18      13
          1       7 
--8<--
found: sum= 74.0000 var=  0.0000 fitness= 74.0000 age=1
-->8--
          3       7 
     22      18      16
      2       5      20 
  9      24       8       4
  6      14      11      21
     19      12      10 
     15       1      23
         13      17 
--8<--
found: sum= 77.0000 var=  0.0000 fitness= 77.0000 age=1
-->8--
         14      24 
      1      18       7
     11      10      16 
  8      23       2      20
  5      17       3      21
     13      22      15 
      9      12       6
          4      19 
--8<--
