found: sum= 80.0000 var=  0.0000 fitness= 80.0000 age=0
-->8--
         19       1 
      9      16      13
     21       5      23 
 15      10      22       7
  3      11      14       6
     20      18       8 
     17      12       4
          2      24 
--8<--
found: sum= 85.0000 var=  0.0000 fitness= 85.0000 age=0
-->8--
          7       1 
      6      24      12
     22       9      23 
  2      17      16      10
 18      11      13       3
     15      19      20 
     14      21       4
          5       8 
--8<--
execution time: real 0.595717s user 0.052991s sys 0.000999s
jsgmd24: M=7 A=2 B=3 P=512 K=256 sp=3 xover=2D/3 mut=6 replace_worst=51 aging explosion=128@0.005000*128 swap=2 hexspin=2
generation #3: pop m= 80.503 v=3.125 f= 72.820
best: found: sum= 85.0000 var=  0.0000 fitness= 85.0000 age=1
-->8--
          7       1 
      6      24      12
     22       9      23 
  2      17      16      10
 18      11      13       3
     15      19      20 
     14      21       4
          5       8 
--8<--
found: sum= 80.0000 var=  0.0000 fitness= 80.0000 age=1
-->8--
         19       1 
      9      16      13
     21       5      23 
 15      10      22       7
  3      11      14       6
     20      18       8 
     17      12       4
          2      24 
--8<--
