found: sum= 77.0000 var=  0.0000 fitness= 77.0000 age=0
-->8--
         24       1 
      4      21      11
      2      16      13 
  6      10      15       7
 17      23       8      22
     19       5      12 
      9      18      14
          3      20 
--8<--
found: sum= 77.0000 var=  0.0000 fitness= 77.0000 age=0
-->8--
         20      13 
      9       8      18
     23       6      17 
  5      11      15      16
 10      24      14       3
      4       7      12 
      2      21       1
         19      22 
--8<--
found: sum= 79.0000 var=  0.0000 fitness= 79.0000 age=0
-->8--
          7      14 
      5       4      16
     22      20      12 
  9      21      13      17
 11       1       6       8
     15      18      23 
      2      19      10
         24       3 
--8<--
found: sum= 79.0000 var=  0.0000 fitness= 79.0000 age=0
-->8--
          7       5 
     18      11      13
     24       9      21 
  2      10      20      15
 23      12       6       3
      8      22      14 
      4      17      19
         16       1 
--8<--
found: sum= 79.0000 var=  0.0000 fitness= 79.0000 age=0
-->8--
          3      13 
     14      15      12
     18      10      20 
  8      19       9      17
  5       7      11       6
     22      23      16 
     21       4      24
          2       1 
--8<--
found: sum= 82.0000 var=  0.0000 fitness= 82.0000 age=0
-->8--
         23       1 
      7      24       4
     13      12      21 
 22       3      20       5
 11      14      16       2
     19      17      18 
      8      15       6
          9      10 
--8<--
found: sum= 72.0000 var=  0.0000 fitness= 72.0000 age=0
-->8--
          1      11 
     18      13      24
     10       8      12 
 15      22       4      23
  6      16       2      14
      3      20      17 
     21       5      19
          7       9 
--8<--
found: sum= 79.0000 var=  0.0000 fitness= 79.0000 age=0
-->8--
         11       3 
      1       5      17
     24      18      23 
 15      20      13      16
  4       6       8       7
     10      14      12 
     19      21       2
          9      22 
--8<--
found: sum= 80.0000 var=  0.0000 fitness= 80.0000 age=0
-->8--
         16       3 
     14      24       4
      1      15      21 
 12      10      13       6
 19      18      22       7
     20       2      11 
      9      23       5
          8      17 
--8<--
found: sum= 78.0000 var=  0.0000 fitness= 78.0000 age=0
-->8--
         11       9 
      4      18      12
     19       5      24 
  6      21      10      13
  1      17       3      20
     14      22       8 
     16       7      15
          2      23 
--8<--
found: sum= 76.0000 var=  0.0000 fitness= 76.0000 age=0
-->8--
          8       1 
     12       6      18
     15      22      10 
 16      13      19       7
  9       2       3      14
     21      17      23 
     11       5      24
         20       4 
--8<--
found: sum= 79.0000 var=  0.0000 fitness= 79.0000 age=0
-->8--
          5      19 
      6      13       9
     24      14      21 
  1      17       3      12
  4      15      10      22
     18      20      11 
      2       8       7
         16      23 
--8<--
found: sum= 75.0000 var=  0.0000 fitness= 75.0000 age=0
-->8--
         18       2 
     14       4      21
      6       9      22 
 20      24      17      10
  1       5       8       7
     19      12      11 
      3      13      16
         23      15 
--8<--
found: sum= 81.0000 var=  0.0000 fitness= 81.0000 age=0
-->8--
          3      21 
     15      13       4
     23      16      22 
 12      11       5       8
  1      20      19      18
     14      10       9 
      6      24       2
          7      17 
--8<--
found: sum= 76.0000 var=  0.0000 fitness= 76.0000 age=0
-->8--
         15      13 
      6      18       8
     24       3      22 
  2      10      12      16
 19      17      20       5
      4      14       1 
      7      11       9
         23      21 
--8<--
found: sum= 79.0000 var=  0.0000 fitness= 79.0000 age=0
-->8--
         16       4 
     10       5      18
      8      23      22 
 13      17       7      19
  6      11       9       1
     24      12      21 
      3      15       2
         14      20 
--8<--
found: sum= 77.0000 var=  0.0000 fitness= 77.0000 age=0
-->8--
          4       6 
      2      21      15
     20       7      17 
  8      23      11      14
 13       1      16       9
     12      19      10 
     22       5      24
         18       3 
--8<--
found: sum= 74.0000 var=  0.0000 fitness= 74.0000 age=0
-->8--
          7       9 
     13      18      12
      4      24       6 
 14       8       5       3
 20      11      16      21
     17      10      23 
     15       2       1
         19      22 
--8<--
found: sum= 80.0000 var=  0.0000 fitness= 80.0000 age=0
-->8--
          3      14 
      8      23       4
     22      11      18 
  1      13      10       7
  5      19      21       9
     20       6      15 
     16       2      12
         17      24 
--8<--
found: sum= 77.0000 var=  0.0000 fitness= 77.0000 age=0
-->8--
         20       2 
      1      15       7
     24      14      21 
 16       3      18       6
 17      12       8      13
      5      22      11 
     19       9      23
         10       4 
--8<--
found: sum= 81.0000 var=  0.0000 fitness= 81.0000 age=0
-->8--
         14      15 
      2      21      10
     24       8      22 
  4      12       5      11
 18      17      19       1
      6      20      23 
     16       9       7
         13       3 
--8<--
found: sum= 74.0000 var=  0.0000 fitness= 74.0000 age=0
-->8--
         23      13 
     24      17      12
      6       3      11 
 10       1      18      20
 22      16      15       2
     19      21       8 
      5       9      14
          4       7 
--8<--
found: sum= 74.0000 var=  0.0000 fitness= 74.0000 age=0
-->8--
         22      20 
      5       1      13
     19      12      10 
  3      15      18       8
  4      16       6      11
     17       7      21 
      9       2      24
         23      14 
--8<--
found: sum= 72.0000 var=  0.0000 fitness= 72.0000 age=0
-->8--
         10       8 
     20       1       6
      9      21      23 
 19      11      13       2
 12       3       7      22
     18      17       5 
     16       4      15
         14      24 
--8<--
found: sum= 83.0000 var=  0.0000 fitness= 83.0000 age=0
-->8--
          5      12 
      3      23      14
     24       8      22 
  6      20       4       1
  2      13      21      16
     18      17      19 
     15       9      10
         11       7 
--8<--
found: sum= 79.0000 var=  0.0000 fitness= 79.0000 age=0
-->8--
         17      19 
      2      21       9
     24       4       8 
  7      11      18       6
  1      23      20      12
     13       3      15 
     10      14       5
         16      22 
--8<--
found: sum= 71.0000 var=  0.0000 fitness= 71.0000 age=0
-->8--
          1       9 
     21       4      16
      7      15      22 
  8      23       5      10
 24       3      12      20
      6      13       2 
     17      14      11
         18      19 
--8<--
found: sum= 79.0000 var=  0.0000 fitness= 79.0000 age=0
-->8--
         24      15 
      1      22      10
     18       5      11 
  8       9      16       3
 20       7      23      12
     17      19      14 
     21      13       4
          2       6 
--8<--
found: sum= 76.0000 var=  0.0000 fitness= 76.0000 age=0
-->8--
         13       3 
      2      24      14
      6       9      18 
  5      22       8      11
 10      21      15      20
     12       1       4 
      7      16      17
         19      23 
--8<--
found: sum= 78.0000 var=  0.0000 fitness= 78.0000 age=0
-->8--
          1      17 
      8      12      13
     24      15      14 
  2      18       7      22
  9      19       3      21
      6      16      11 
      4      23       5
         10      20 
--8<--
found: sum= 74.0000 var=  0.0000 fitness= 74.0000 age=0
-->8--
         11      14 
     22      13      15
      6      18       5 
  8       4       9      24
 19      21      10       3
     16      12      23 
     17       7       2
          1      20 
--8<--
found: sum= 79.0000 var=  0.0000 fitness= 79.0000 age=0
-->8--
         12       5 
      1      10      23
     19      17       8 
 11      20      16       6
  2      14       3      22
     13       9      24 
      7      21       4
         15      18 
--8<--
found: sum= 75.0000 var=  0.0000 fitness= 75.0000 age=0
-->8--
          9      16 
      5      15      22
     19       4      12 
 13      23       6      10
  1      11      24      20
      8       7       3 
     17      18      21
         14       2 
--8<--
found: sum= 79.0000 var=  0.0000 fitness= 79.0000 age=0
-->8--
          4       5 
      3       6      17
     22      23      19 
 11      21       9      15
  8       1      12      10
     16      13      14 
      7      18      20
         24       2 
--8<--
execution time: real 0.195279s user 0.141978s sys 0.002999s
GA: P=1024 K=512 sp=2 xover=2D/1 aging
generation #1: pop m= 76.295 v=61.342 f= 48.763
best: found: sum= 83.0000 var=  0.0000 fitness= 83.0000 age=1
-->8--
          5      12 
      3      23      14
     24       8      22 
  6      20       4       1
  2      13      21      16
     18      17      19 
     15       9      10
         11       7 
--8<--
found: sum= 72.0000 var=  0.0000 fitness= 72.0000 age=1
-->8--
          1      11 
     18      13      24
     10       8      12 
 15      22       4      23
  6      16       2      14
      3      20      17 
     21       5      19
          7       9 
--8<--
found: sum= 74.0000 var=  0.0000 fitness= 74.0000 age=1
-->8--
         22      20 
      5       1      13
     19      12      10 
  3      15      18       8
  4      16       6      11
     17       7      21 
      9       2      24
         23      14 
--8<--
found: sum= 77.0000 var=  0.0000 fitness= 77.0000 age=1
-->8--
         20      13 
      9       8      18
     23       6      17 
  5      11      15      16
 10      24      14       3
      4       7      12 
      2      21       1
         19      22 
--8<--
found: sum= 81.0000 var=  0.0000 fitness= 81.0000 age=1
-->8--
          3      21 
     15      13       4
     23      16      22 
 12      11       5       8
  1      20      19      18
     14      10       9 
      6      24       2
          7      17 
--8<--
found: sum= 79.0000 var=  0.0000 fitness= 79.0000 age=1
-->8--
         11       3 
      1       5      17
     24      18      23 
 15      20      13      16
  4       6       8       7
     10      14      12 
     19      21       2
          9      22 
--8<--
found: sum= 76.0000 var=  0.0000 fitness= 76.0000 age=1
-->8--
         13       3 
      2      24      14
      6       9      18 
  5      22       8      11
 10      21      15      20
     12       1       4 
      7      16      17
         19      23 
--8<--
found: sum= 79.0000 var=  0.0000 fitness= 79.0000 age=1
-->8--
          3      13 
     14      15      12
     18      10      20 
  8      19       9      17
  5       7      11       6
     22      23      16 
     21       4      24
          2       1 
--8<--
found: sum= 80.0000 var=  0.0000 fitness= 80.0000 age=1
-->8--
          3      14 
      8      23       4
     22      11      18 
  1      13      10       7
  5      19      21       9
     20       6      15 
     16       2      12
         17      24 
--8<--
found: sum= 79.0000 var=  0.0000 fitness= 79.0000 age=1
-->8--
         17      19 
      2      21       9
     24       4       8 
  7      11      18       6
  1      23      20      12
     13       3      15 
     10      14       5
         16      22 
--8<--
found: sum= 79.0000 var=  0.0000 fitness= 79.0000 age=1
-->8--
          7      14 
      5       4      16
     22      20      12 
  9      21      13      17
 11       1       6       8
     15      18      23 
      2      19      10
         24       3 
--8<--
found: sum= 77.0000 var=  0.0000 fitness= 77.0000 age=1
-->8--
         24       1 
      4      21      11
      2      16      13 
  6      10      15       7
 17      23       8      22
     19       5      12 
      9      18      14
          3      20 
--8<--
found: sum= 72.0000 var=  0.0000 fitness= 72.0000 age=1
-->8--
         10       8 
     20       1       6
      9      21      23 
 19      11      13       2
 12       3       7      22
     18      17       5 
     16       4      15
         14      24 
--8<--
found: sum= 79.0000 var=  0.0000 fitness= 79.0000 age=1
-->8--
         24      15 
      1      22      10
     18       5      11 
  8       9      16       3
 20       7      23      12
     17      19      14 
     21      13       4
          2       6 
--8<--
found: sum= 74.0000 var=  0.0000 fitness= 74.0000 age=1
-->8--
         11      14 
     22      13      15
      6      18       5 
  8       4       9      24
 19      21      10       3
     16      12      23 
     17       7       2
          1      20 
--8<--
found: sum= 71.0000 var=  0.0000 fitness= 71.0000 age=1
-->8--
          1       9 
     21       4      16
      7      15      22 
  8      23       5      10
 24       3      12      20
      6      13       2 
     17      14      11
         18      19 
--8<--
found: sum= 81.0000 var=  0.0000 fitness= 81.0000 age=1
-->8--
         14      15 
      2      21      10
     24       8      22 
  4      12       5      11
 18      17      19       1
      6      20      23 
     16       9       7
         13       3 
--8<--
found: sum= 79.0000 var=  0.0000 fitness= 79.0000 age=1
-->8--
          7       5 
     18      11      13
     24       9      21 
  2      10      20      15
 23      12       6       3
      8      22      14 
      4      17      19
         16       1 
--8<--
found: sum= 76.0000 var=  0.0000 fitness= 76.0000 age=1
-->8--
         15      13 
      6      18       8
     24       3      22 
  2      10      12      16
 19      17      20       5
      4      14       1 
      7      11       9
         23      21 
--8<--
found: sum= 79.0000 var=  0.0000 fitness= 79.0000 age=1
-->8--
          4       5 
      3       6      17
     22      23      19 
 11      21       9      15
  8       1      12      10
     16      13      14 
      7      18      20
         24       2 
--8<--
found: sum= 79.0000 var=  0.0000 fitness= 79.0000 age=1
-->8--
          5      19 
      6      13       9
     24      14      21 
  1      17       3      12
  4      15      10      22
     18      20      11 
      2       8       7
         16      23 
--8<--
found: sum= 79.0000 var=  0.0000 fitness= 79.0000 age=1
-->8--
         16       4 
     10       5      18
      8      23      22 
 13      17       7      19
  6      11       9       1
     24      12      21 
      3      15       2
         14      20 
--8<--
found: sum= 80.0000 var=  0.0000 fitness= 80.0000 age=1
-->8--
         16       3 
     14      24       4
      1      15      21 
 12      10      13       6
 19      18      22       7
     20       2      11 
      9      23       5
          8      17 
--8<--
found: sum= 77.0000 var=  0.0000 fitness= 77.0000 age=1
-->8--
          4       6 
      2      21      15
     20       7      17 
  8      23      11      14
 13       1      16       9
     12      19      10 
     22       5      24
         18       3 
--8<--
found: sum= 75.0000 var=  0.0000 fitness= 75.0000 age=1
-->8--
         18       2 
     14       4      21
      6       9      22 
 20      24      17      10
  1       5       8       7
     19      12      11 
      3      13      16
         23      15 
--8<--
found: sum= 76.0000 var=  0.0000 fitness= 76.0000 age=1
-->8--
          8       1 
     12       6      18
     15      22      10 
 16      13      19       7
  9       2       3      14
     21      17      23 
     11       5      24
         20       4 
--8<--
found: sum= 82.0000 var=  0.0000 fitness= 82.0000 age=1
-->8--
         23       1 
      7      24       4
     13      12      21 
 22       3      20       5
 11      14      16       2
     19      17      18 
      8      15       6
          9      10 
--8<--
found: sum= 79.0000 var=  0.0000 fitness= 79.0000 age=1
-->8--
         12       5 
      1      10      23
     19      17       8 
 11      20      16       6
  2      14       3      22
     13       9      24 
      7      21       4
         15      18 
--8<--
found: sum= 78.0000 var=  0.0000 fitness= 78.0000 age=1
-->8--
          1      17 
      8      12      13
     24      15      14 
  2      18       7      22
  9      19       3      21
      6      16      11 
      4      23       5
         10      20 
--8<--
found: sum= 75.0000 var=  0.0000 fitness= 75.0000 age=1
-->8--
          9      16 
      5      15      22
     19       4      12 
 13      23       6      10
  1      11      24      20
      8       7       3 
     17      18      21
         14       2 
--8<--
found: sum= 78.0000 var=  0.0000 fitness= 78.0000 age=1
-->8--
         11       9 
      4      18      12
     19       5      24 
  6      21      10      13
  1      17       3      20
     14      22       8 
     16       7      15
          2      23 
--8<--
found: sum= 77.0000 var=  0.0000 fitness= 77.0000 age=1
-->8--
         20       2 
      1      15       7
     24      14      21 
 16       3      18       6
 17      12       8      13
      5      22      11 
     19       9      23
         10       4 
--8<--
found: sum= 74.0000 var=  0.0000 fitness= 74.0000 age=1
-->8--
         23      13 
     24      17      12
      6       3      11 
 10       1      18      20
 22      16      15       2
     19      21       8 
      5       9      14
          4       7 
--8<--
found: sum= 74.0000 var=  0.0000 fitness= 74.0000 age=1
-->8--
          7       9 
     13      18      12
      4      24       6 
 14       8       5       3
 20      11      16      21
     17      10      23 
     15       2       1
         19      22 
--8<--
