found: sum= 71.0000 var=  0.0000 fitness= 71.0000
-->8--
         13       1 
     23       3      22
     12      18      19 
  6       2       8       9
 20      24      14      11
      7       5      10 
     15       4      17
         16      21 
--8<--
found: sum= 71.0000 var=  0.0000 fitness= 71.0000
-->8--
         20       2 
      6      11      23
      3      12       5 
 24      19      18      22
  7       1      13       4
     17       8       9 
     21      10      15
         14      16 
--8<--
found: sum= 75.0000 var=  0.0000 fitness= 75.0000
-->8--
          3      14 
      2       5       9
     18      23       8 
  6      24      16      22
 10       4       1      17
     13       7      11 
     12      20      15
         19      21 
--8<--
found: sum= 79.0000 var=  0.0000 fitness= 79.0000
-->8--
          7       5 
      8      10      17
     22       9      24 
  1      23      14      13
  2      19       3       4
     12      11      21 
     15       6      20
         16      18 
--8<--
execution time: real 0.010490s user 0.004999s sys 0.000999s
GA: P=50 K=10 sp=2 xover=2D/1 optrpl=2 optskip=10 optmax=1.142857
generation #4: pop m= 76.349 v= 72.151 f= 44.648 best_age=1
best: found: sum= 79.0000 var=  0.0000 fitness= 79.0000
-->8--
          7       5 
      8      10      17
     22       9      24 
  1      23      14      13
  2      19       3       4
     12      11      21 
     15       6      20
         16      18 
--8<--
found: sum= 71.0000 var=  0.0000 fitness= 71.0000
-->8--
         20       2 
      6      11      23
      3      12       5 
 24      19      18      22
  7       1      13       4
     17       8       9 
     21      10      15
         14      16 
--8<--
