found: sum= 77.0000 var=  0.0000 fitness= 77.0000
-->8--
         16      18 
     23      22      13
     11       2       8 
 12       3      14       1
 10      17      20      19
     24      21      15 
      6       5       9
          4       7 
--8<--
found: sum= 70.0000 var=  0.0000 fitness= 70.0000
-->8--
         20      23 
     17       4      21
      3      19       2 
  8       7       1      11
 24      15      22      16
     13       6      18 
     12      10       9
         14       5 
--8<--
found: sum= 76.0000 var=  0.0000 fitness= 76.0000
-->8--
         13      17 
      4      24       6
     12      22       2 
  9       1       5      23
 18      21      20      10
     15       7      16 
      3      11      14
         19       8 
--8<--
found: sum= 77.0000 var=  0.0000 fitness= 77.0000
-->8--
         10       9 
     17       5       6
      8      24      12 
 11      13      21       1
 16      14       2      18
     15       3      23 
      4      22      20
         19       7 
--8<--
found: sum= 75.0000 var=  0.0000 fitness= 75.0000
-->8--
         11      24 
      6      15       3
      8      12       7 
 18      23      14      22
  1      20       2       9
      5       4      21 
     17      19      16
         10      13 
--8<--
found: sum= 77.0000 var=  0.0000 fitness= 77.0000
-->8--
         19       9 
     23      17      12
      7       3      15 
 13       8      21       2
 11      20       1      16
     18      24      22 
      5       6      14
          4      10 
--8<--
found: sum= 74.0000 var=  0.0000 fitness= 74.0000
-->8--
         18      11 
      2      22       9
      1      21       6 
 23      10       5      19
  4      20      15      17
     16       3      12 
      8      13      24
         14       7 
--8<--
found: sum= 79.0000 var=  0.0000 fitness= 79.0000
-->8--
         12      14 
     20       5      13
     23       9      21 
  2      10      17       3
 11      15       6       8
     18      22      24 
     19       4       7
          1      16 
--8<--
found: sum= 80.0000 var=  0.0000 fitness= 80.0000
-->8--
         14       1 
      6      18      22
     17      23      13 
 11       2       3       4
 10      16      21      19
     24      15      20 
     12       8       7
          5       9 
--8<--
found: sum= 75.0000 var=  0.0000 fitness= 75.0000
-->8--
         21      13 
     18      17      24
      7       3       8 
 11       9      10      14
  6      19      12      15
     23      22      16 
      5       4       1
          2      20 
--8<--
found: sum= 78.0000 var=  0.0000 fitness= 78.0000
-->8--
         17       4 
     18      19      24
     14       9      12 
 13       1      10      11
  6      23      15       8
     21      20      22 
      5       2      16
          7       3 
--8<--
found: sum= 73.0000 var=  0.0000 fitness= 73.0000
-->8--
         10      14 
      5       4      13
     18      21       1 
 11      15      20      24
  8       9       2       3
     12       6      23 
     22       7      16
         17      19 
--8<--
found: sum= 75.0000 var=  0.0000 fitness= 75.0000
-->8--
         23       5 
      3       8      19
     13       4      21 
 12      24      18       1
  9      10       2      22
      7      17      11 
      6      15      16
         20      14 
--8<--
found: sum= 80.0000 var=  0.0000 fitness= 80.0000
-->8--
          6      21 
      7      24       5
     18       8      20 
 11      17       2       1
  3      22      19      23
      9      12      15 
     10      14      16
         13       4 
--8<--
found: sum= 72.0000 var=  0.0000 fitness= 72.0000
-->8--
         24      10 
      2      22      11
      6      17       8 
 20       1       4      18
 19      21      16      14
      5      13      12 
      3       7      15
         23       9 
--8<--
found: sum= 78.0000 var=  0.0000 fitness= 78.0000
-->8--
          9      15 
      8      22       3
     17      21       6 
  2       1      11       7
 23      16      24      18
     19       5      12 
      4      14      13
         20      10 
--8<--
found: sum= 81.0000 var=  0.0000 fitness= 81.0000
-->8--
          3      10 
      5      24       9
     20      13       2 
 12      16      23      21
  4      11       1      15
     18      17      19 
      6      22      14
          7       8 
--8<--
found: sum= 78.0000 var=  0.0000 fitness= 78.0000
-->8--
          4       5 
     11      21      12
      3      24      14 
  7      15       2      20
 22      18       9      17
     13      10      16 
      6      23       1
          8      19 
--8<--
found: sum= 72.0000 var=  0.0000 fitness= 72.0000
-->8--
         20      12 
     19       2      15
      7      11      18 
 24      13      14       9
 21       1      10      16
      6      23       5 
      3      22       8
         17       4 
--8<--
found: sum= 79.0000 var=  0.0000 fitness= 79.0000
-->8--
         21       4 
      7      22      19
      8       6      23 
  3      15       5       1
 17      16      24      14
     20      13      12 
     18      10       9
          2      11 
--8<--
found: sum= 80.0000 var=  0.0000 fitness= 80.0000
-->8--
          3      20 
      4      24       5
     18      21       9 
  2      10       1      12
 11      16      17      22
     23      15      19 
     13       7      14
          6       8 
--8<--
found: sum= 78.0000 var=  0.0000 fitness= 78.0000
-->8--
          9       4 
      8      22      10
     15      23       7 
 13       1      12       5
 20      18      21      14
     11       3      19 
      6      16      17
         24       2 
--8<--
found: sum= 79.0000 var=  0.0000 fitness= 79.0000
-->8--
         18       2 
      3      24      14
     20      13      10 
  5       1      16       7
 19      22      23      15
     12       4       8 
     11      21       6
          9      17 
--8<--
found: sum= 78.0000 var=  0.0000 fitness= 78.0000
-->8--
         12      19 
     24       9      20
     22       1      18 
 15      10      11       3
  2      16      17       8
     13      23      21 
     14       7       4
          5       6 
--8<--
found: sum= 81.0000 var=  0.0000 fitness= 81.0000
-->8--
          2       6 
      1      24       3
     10      23      18 
  8      21       7       4
 11       9      16      17
     22       5      19 
     20      12      14
         13      15 
--8<--
found: sum= 79.0000 var=  0.0000 fitness= 79.0000
-->8--
          1      21 
     10      13       3
     16      15      22 
  6      24       5       4
  7      14      19      20
     12       2       9 
     17      23       8
         11      18 
--8<--
found: sum= 72.0000 var=  0.0000 fitness= 72.0000
-->8--
         16      15 
      2       8      12
      5      24       7 
 23      17       6      13
 22       4      11      14
      1      10      21 
     19      18       3
         20       9 
--8<--
found: sum= 81.0000 var=  0.0000 fitness= 81.0000
-->8--
          4      10 
      1      15       8
     17      23      13 
  5      21      12       3
  9       7      16      19
     22       2      18 
     24      20      14
          6      11 
--8<--
found: sum= 75.0000 var=  0.0000 fitness= 75.0000
-->8--
         10      20 
      7       2       5
     15      23      13 
 16      18      12      22
  6      11       8       1
      9       3      19 
     14      17       4
         21      24 
--8<--
found: sum= 81.0000 var=  0.0000 fitness= 81.0000
-->8--
          1       2 
     19      17       4
     24      13      23 
  6       7      22       3
 14       9      20       5
     21      10       8 
     18      12      16
         11      15 
--8<--
found: sum= 76.0000 var=  0.0000 fitness= 76.0000
-->8--
         18      10 
      8      22      13
      4      15      14 
 16       9       2      12
  5      23      21       7
     19       6      20 
     24       1      17
          3      11 
--8<--
found: sum= 77.0000 var=  0.0000 fitness= 77.0000
-->8--
         23       1 
      8      19      17
     10      15      14 
  4       2      11       3
 22      18      24      16
     21       7       9 
      6      12       5
         13      20 
--8<--
found: sum= 79.0000 var=  0.0000 fitness= 79.0000
-->8--
          9       2 
      7      18       3
      4      24      20 
 22      17      12       1
  8       5      11      21
     23      10      14 
     19      16      15
          6      13 
--8<--
found: sum= 79.0000 var=  0.0000 fitness= 79.0000
-->8--
         12       2 
     11      13       7
      4      23      19 
  9      16      15       6
 18      10      14       5
     22       1      20 
      8      17      24
         21       3 
--8<--
found: sum= 76.0000 var=  0.0000 fitness= 76.0000
-->8--
         19       8 
     21       7      14
     15      11      16 
 13       3      20       5
 10      17      24       9
     18       1       2 
      6      22      23
         12       4 
--8<--
found: sum= 77.0000 var=  0.0000 fitness= 77.0000
-->8--
         13       7 
     17      20      16
     18       3      21 
  4       6      10       8
 23      24      12      11
      2      22      15 
     19       9       5
          1      14 
--8<--
found: sum= 76.0000 var=  0.0000 fitness= 76.0000
-->8--
          4      12 
      6       7      20
     16      21      15 
 19      22       1       2
  3       5      18      23
     11       9      17 
     13      14      10
         24       8 
--8<--
found: sum= 75.0000 var=  0.0000 fitness= 75.0000
-->8--
         20      10 
     21       2      16
     12       1      22 
  9      19      24       4
 14      18       5       7
      3       8      13 
     17      23      15
          6      11 
--8<--
found: sum= 78.0000 var=  0.0000 fitness= 78.0000
-->8--
          5       3 
     23       4      21
     20      19      13 
  1       7      18      11
 10      24       2      12
     16       8      22 
      6      15      14
          9      17 
--8<--
found: sum= 80.0000 var=  0.0000 fitness= 80.0000
-->8--
         18       4 
      2      10       8
     17      14      23 
 16      19      21       3
 12       1       5       6
     15      20      22 
      7      13       9
         24      11 
--8<--
found: sum= 77.0000 var=  0.0000 fitness= 77.0000
-->8--
         21       8 
     15       2      14
     12       7      24 
 17      20      22       5
  9       1       4       6
     18      23      16 
     19      13      10
          3      11 
--8<--
found: sum= 75.0000 var=  0.0000 fitness= 75.0000
-->8--
         12       9 
      3      21      24
     15      14       2 
 23      10       5      17
  4      22      13      18
      1      11      20 
     19      16       7
          6       8 
--8<--
found: sum= 83.0000 var=  0.0000 fitness= 83.0000
-->8--
          1      15 
      8      21      12
     16      19      11 
  3      18       5       4
 10      13      22      17
     23       6      24 
      7      20       2
         14       9 
--8<--
execution time: real 0.181589s user 0.011998s sys 0.003999s
GA: P=50 K=10 sp=2 xover=2D/1 optrpl=2 optskip=10 optmax=1.142857
generation #211: pop m= 78.311 v= 47.961 f= 53.793 best_age=1
best: found: sum= 83.0000 var=  0.0000 fitness= 83.0000
-->8--
          1      15 
      8      21      12
     16      19      11 
  3      18       5       4
 10      13      22      17
     23       6      24 
      7      20       2
         14       9 
--8<--
found: sum= 77.0000 var=  0.0000 fitness= 77.0000
-->8--
         21       8 
     15       2      14
     12       7      24 
 17      20      22       5
  9       1       4       6
     18      23      16 
     19      13      10
          3      11 
--8<--
