found: sum= 77.0000 var=  0.0000 fitness= 77.0000
-->8--
          2      19 
     21      20      10
     16       3       8 
 12      15      17       1
 13       7      11      18
     14      24      22 
      4       5       6
         23       9 
--8<--
found: sum= 71.0000 var=  0.0000 fitness= 71.0000
-->8--
          3      19 
     13       2      11
      9      24       8 
 18      20       7      16
  6      14       1      17
      4       5      22 
     23      10      12
         15      21 
--8<--
found: sum= 76.0000 var=  0.0000 fitness= 76.0000
-->8--
         21       3 
      5      11      22
     15       4      23 
 12      20      13       2
 16       6       9      19
      7      24      10 
     17      14       1
          8      18 
--8<--
found: sum= 75.0000 var=  0.0000 fitness= 75.0000
-->8--
         17      21 
      9       1       2
      5      20      24 
 16      23       7       3
  4       8      11      18
     19       6      12 
     15      14      22
         13      10 
--8<--
found: sum= 75.0000 var=  0.0000 fitness= 75.0000
-->8--
         18      14 
     21      24      19
      1       2       6 
 15       9      10       8
 13      20      12      16
     17      22      23 
      7       4      11
          5       3 
--8<--
found: sum= 75.0000 var=  0.0000 fitness= 75.0000
-->8--
         15       8 
     20      24      14
     10       5      13 
 17       1      11      12
  9      16      19      18
     22      23       2 
      7       4      21
          3       6 
--8<--
found: sum= 80.0000 var=  0.0000 fitness= 80.0000
-->8--
          4       8 
      3      22       5
     13      23      16 
 10      15       6       1
 14      11      18      19
     17       7      20 
     24      12      21
          9       2 
--8<--
found: sum= 76.0000 var=  0.0000 fitness= 76.0000
-->8--
         21      12 
     14       6      16
     23       1      24 
  5      11      17       2
 20       7      22       3
     10      18       8 
     13       9      15
         19       4 
--8<--
found: sum= 79.0000 var=  0.0000 fitness= 79.0000
-->8--
         15       4 
      3      17      13
     11      21      16 
  1      12       8       2
 14      19      10      20
     22       9      23 
      5       6       7
         18      24 
--8<--
found: sum= 74.0000 var=  0.0000 fitness= 74.0000
-->8--
         20       8 
     11       7       9
     13       5      23 
 19      18      22      21
 12      10       4       3
      2      15       1 
     17      24      16
          6      14 
--8<--
found: sum= 77.0000 var=  0.0000 fitness= 77.0000
-->8--
         22       4 
      2      18      10
      3      24      12 
 16       8       9       6
 17      14       7      23
     19      15      20 
      5      13      21
         11       1 
--8<--
found: sum= 75.0000 var=  0.0000 fitness= 75.0000
-->8--
         11      23 
     19      10       2
      7      12      22 
  3      16       6       9
 18      17       4      13
     14      20      21 
     15       1       5
          8      24 
--8<--
found: sum= 75.0000 var=  0.0000 fitness= 75.0000
-->8--
         13       1 
      5       9      21
     16      14      19 
  4      18      11      20
 24       3       7      12
     10      22       6 
      2      15      17
         23       8 
--8<--
found: sum= 77.0000 var=  0.0000 fitness= 77.0000
-->8--
         21      19 
      6      24       1
      9      13       5 
 16       4      15      22
  8      23      20       3
     17       2      12 
     10      18      14
          7      11 
--8<--
found: sum= 79.0000 var=  0.0000 fitness= 79.0000
-->8--
          3       1 
     22      21       9
      2      20      16 
  7      11      12      23
 17      18      10       5
     24       8      13 
      4      19      14
          6      15 
--8<--
found: sum= 81.0000 var=  0.0000 fitness= 81.0000
-->8--
          5      12 
     20       2      15
     24      11      23 
  3      19      18       1
  4       9      10       8
     22      14      21 
     16      13       6
          7      17 
--8<--
execution time: real 0.048905s user 0.006998s sys 0.000999s
GA: P=50 K=10 sp=2 xover=2D/1 optrpl=2 optskip=10 optmax=1.005952
generation #46: pop m= 77.357 v= 55.646 f= 52.325 best_age=1
best: found: sum= 81.0000 var=  0.0000 fitness= 81.0000
-->8--
          5      12 
     20       2      15
     24      11      23 
  3      19      18       1
  4       9      10       8
     22      14      21 
     16      13       6
          7      17 
--8<--
found: sum= 77.0000 var=  0.0000 fitness= 77.0000
-->8--
         21      19 
      6      24       1
      9      13       5 
 16       4      15      22
  8      23      20       3
     17       2      12 
     10      18      14
          7      11 
--8<--
found: sum= 77.0000 var=  0.0000 fitness= 77.0000
-->8--
         22       4 
      2      18      10
      3      24      12 
 16       8       9       6
 17      14       7      23
     19      15      20 
      5      13      21
         11       1 
--8<--
found: sum= 80.0000 var=  0.0000 fitness= 80.0000
-->8--
          4       8 
      3      22       5
     13      23      16 
 10      15       6       1
 14      11      18      19
     17       7      20 
     24      12      21
          9       2 
--8<--
