found: sum= 79.0000 var=  0.0000 fitness= 79.0000 age=0
-->8--
          9      17 
     13       6       5
     22      15      20 
  1      14      16      23
 10       8       7      11
     24      19       2 
      3      21      18
          4      12 
--8<--
found: sum= 72.0000 var=  0.0000 fitness= 72.0000 age=0
-->8--
         21       6 
      3       5      20
     10       9      17 
  1      24      15      11
 22       7      13      14
      8       4       2 
     23      18      16
         12      19 
--8<--
found: sum= 75.0000 var=  0.0000 fitness= 75.0000 age=0
-->8--
         19      13 
     10      21      20
      9       2       3 
  4      14      16      11
  8      18      24       6
     22       1      15 
     17       5      23
         12       7 
--8<--
found: sum= 76.0000 var=  0.0000 fitness= 76.0000 age=0
-->8--
          3      13 
     24      23       9
      5      14       6 
 15       7      11       2
 12      21      19      18
     16       4      20 
      8      10      22
         17       1 
--8<--
found: sum= 69.0000 var=  0.0000 fitness= 69.0000 age=0
-->8--
         21      18 
     17       7      11
      4       5      20 
 14      15       8      23
 19      16      13       2
      1      12       3 
      6      10      22
         24       9 
--8<--
found: sum= 80.0000 var=  0.0000 fitness= 80.0000 age=0
-->8--
         18      13 
      4      12      16
     19      10      21 
  1      17       8      11
 14      24      15       2
      5       6      23 
      3      20       7
         22       9 
--8<--
found: sum= 80.0000 var=  0.0000 fitness= 80.0000 age=0
-->8--
          2       4 
      6      18       9
     20      15      24 
  8      19      10      22
  7      14       5      16
     12      17       3 
     13      23      11
          1      21 
--8<--
found: sum= 75.0000 var=  0.0000 fitness= 75.0000 age=0
-->8--
          3      10 
      1      18      14
     12      24       5 
  8      17       4      11
 16       2      19      23
     20       9      13 
     22       7      21
         15       6 
--8<--
found: sum= 76.0000 var=  0.0000 fitness= 76.0000 age=0
-->8--
          4       8 
      3      15       5
     21      17      12 
  6      16      19      11
 22       9       1      10
      2      14      23 
     24       7      18
         20      13 
--8<--
found: sum= 78.0000 var=  0.0000 fitness= 78.0000 age=0
-->8--
         15      12 
      2      19      17
     20       9       3 
  1      13      18       7
 16      23       4      24
      5      11      22 
      8      21       6
         10      14 
--8<--
found: sum= 81.0000 var=  0.0000 fitness= 81.0000 age=0
-->8--
          5      13 
      2      15       7
     21      18      22 
 17      20       6      12
  9      10      16       1
      4      11      24 
     23      19       3
         14       8 
--8<--
found: sum= 80.0000 var=  0.0000 fitness= 80.0000 age=0
-->8--
         15      16 
      5      11      18
     23      22       1 
  9       4      12      14
  7      17      19      13
     20       6      21 
     10      24       2
          3       8 
--8<--
found: sum= 76.0000 var=  0.0000 fitness= 76.0000 age=0
-->8--
          9      24 
     13      10       8
     23      18      12 
 11       3       4      20
  6      17      19       7
     16      15      14 
     21       5      22
          2       1 
--8<--
found: sum= 77.0000 var=  0.0000 fitness= 77.0000 age=0
-->8--
         11       9 
     18      24       6
      3       7      12 
 23      14      19      15
 10      22       2       8
      5      13      21 
     16      20      17
          1       4 
--8<--
found: sum= 73.0000 var=  0.0000 fitness= 73.0000 age=0
-->8--
         14      24 
     13       5       4
      1      22      12 
 15      18       6      23
 10       8      16       9
     21       3       7 
     20      19      17
          2      11 
--8<--
found: sum= 80.0000 var=  0.0000 fitness= 80.0000 age=0
-->8--
          1      22 
     12      21       8
     16      19       7 
  6      11       3      13
  5      18      14      20
     24      15      23 
     10       9      17
          4       2 
--8<--
found: sum= 74.0000 var=  0.0000 fitness= 74.0000 age=0
-->8--
         18       3 
     16       1      17
     10      22      23 
  2       7       8       5
 20      14      19      13
     21       4       6 
     11       9      12
         15      24 
--8<--
found: sum= 71.0000 var=  0.0000 fitness= 71.0000 age=0
-->8--
         24      18 
      3       8       5
      4      15      13 
 14      17      12      19
 21       9      16      10
      6       2       1 
     20      23       7
         11      22 
--8<--
found: sum= 74.0000 var=  0.0000 fitness= 74.0000 age=0
-->8--
         23      21 
      7       1       9
     10      17      24 
 19      16       2      18
  6      15      11      14
      8      13       5 
     12      22       3
          4      20 
--8<--
found: sum= 71.0000 var=  0.0000 fitness= 71.0000 age=0
-->8--
         21       2 
     11      12      15
      9      17       7 
 14       1      18      22
 20      24       6      10
      3       5       8 
      4      16      23
         19      13 
--8<--
found: sum= 76.0000 var=  0.0000 fitness= 76.0000 age=0
-->8--
         24      16 
      4      22      14
     20       1      12 
 18       5      11       8
  6      17      23      13
     10      19       9 
     21       7       3
          2      15 
--8<--
found: sum= 76.0000 var=  0.0000 fitness= 76.0000 age=0
-->8--
          4       5 
      6      18      15
     21      16      19 
  1      11       3       9
 20      10      14      24
     13      22       7 
     17       2      23
         12       8 
--8<--
found: sum= 79.0000 var=  0.0000 fitness= 79.0000 age=0
-->8--
          2      10 
      3      24       5
     20       7      17 
 12      23      16      18
  9       4      21       6
     11       8       1 
     15      22      13
         19      14 
--8<--
found: sum= 77.0000 var=  0.0000 fitness= 77.0000 age=0
-->8--
         12      11 
     16       3      23
     24      15       8 
 22       7      17       9
  1       4      20       5
     19      14      18 
      6      13       2
         21      10 
--8<--
found: sum= 75.0000 var=  0.0000 fitness= 75.0000 age=0
-->8--
         16      15 
     23      12      13
      7      11      14 
 18       6      10      21
 17      24       2       9
      3      22      19 
      1      20       4
          5       8 
--8<--
found: sum= 74.0000 var=  0.0000 fitness= 74.0000 age=0
-->8--
         19      14 
     22       7      16
      2       3      23 
  9      21      11       1
 10      15      20       6
     17       4      13 
     12       8       5
         18      24 
--8<--
found: sum= 76.0000 var=  0.0000 fitness= 76.0000 age=0
-->8--
         13       2 
      5      15      20
     12      14       3 
  9      17      22      18
 24       8      11       1
      6       4      21 
     16      23       7
         19      10 
--8<--
found: sum= 81.0000 var=  0.0000 fitness= 81.0000 age=0
-->8--
          4       9 
      2       8      18
     20      24      21 
  5      23       1      17
 12       6      13       7
     15      14      22 
     11      19      10
         16       3 
--8<--
found: sum= 73.0000 var=  0.0000 fitness= 73.0000 age=0
-->8--
          2       3 
     13      14      23
     16      19       6 
  7       9       8      17
 11      12      21      20
     18       4       1 
      5      10      15
         24      22 
--8<--
found: sum= 81.0000 var=  0.0000 fitness= 81.0000 age=0
-->8--
          2      16 
      3      14       1
     22      19      20 
 15      21      11      24
  6       8       4       5
      9      18      17 
     13      23      12
         10       7 
--8<--
found: sum= 72.0000 var=  0.0000 fitness= 72.0000 age=0
-->8--
          2       3 
     22      16      18
      1      24       6 
 10       7       5      23
 20      15      13      11
     19       8      14 
      9       4      12
         17      21 
--8<--
found: sum= 73.0000 var=  0.0000 fitness= 73.0000 age=0
-->8--
          8       1 
     13      10      20
     16      17       2 
 24       9      23      21
 11       6       4       5
      7      14      18 
     15      12      22
         19       3 
--8<--
found: sum= 77.0000 var=  0.0000 fitness= 77.0000 age=0
-->8--
         16      10 
     15      14       3
     13      17       9 
  5       2      24       1
 18      19       8      12
     20       7      23 
      4       6      22
         21      11 
--8<--
found: sum= 77.0000 var=  0.0000 fitness= 77.0000 age=0
-->8--
         13       7 
     22      12       4
     17      11      19 
  5       2      24      10
 14      23       8      15
     16       9       1 
      3      20      18
          6      21 
--8<--
found: sum= 84.0000 var=  0.0000 fitness= 84.0000 age=0
-->8--
          1       3 
      8      21      17
     18      13      24 
 12      23       6       2
  7       9      14      16
     15      19      22 
     11      20       4
         10       5 
--8<--
found: sum= 77.0000 var=  0.0000 fitness= 77.0000 age=0
-->8--
          3       1 
     21       2      20
     22      19      23 
  7      10      12      24
  8      17       5       4
     13      14       9 
      6      16      15
         11      18 
--8<--
found: sum= 69.0000 var=  0.0000 fitness= 69.0000 age=0
-->8--
         21      16 
     13       2       3
     14       9      19 
 18      10      20       6
 11      15       7      12
      1       8       5 
     24       4      22
         17      23 
--8<--
found: sum= 76.0000 var=  0.0000 fitness= 76.0000 age=0
-->8--
         22       9 
     10      17       6
      3      16      24 
 21       8       4      13
 14      18      19      15
     12      11       1 
      7      23       2
          5      20 
--8<--
execution time: real 0.388229s user 0.119981s sys 0.001999s
GA: P=1024 K=512 sp=2 xover=2D/1 aging
generation #1: pop m= 76.201 v=62.231 f= 48.389
best: found: sum= 84.0000 var=  0.0000 fitness= 84.0000 age=1
-->8--
          1       3 
      8      21      17
     18      13      24 
 12      23       6       2
  7       9      14      16
     15      19      22 
     11      20       4
         10       5 
--8<--
found: sum= 80.0000 var=  0.0000 fitness= 80.0000 age=1
-->8--
         18      13 
      4      12      16
     19      10      21 
  1      17       8      11
 14      24      15       2
      5       6      23 
      3      20       7
         22       9 
--8<--
found: sum= 74.0000 var=  0.0000 fitness= 74.0000 age=1
-->8--
         18       3 
     16       1      17
     10      22      23 
  2       7       8       5
 20      14      19      13
     21       4       6 
     11       9      12
         15      24 
--8<--
found: sum= 79.0000 var=  0.0000 fitness= 79.0000 age=1
-->8--
          9      17 
     13       6       5
     22      15      20 
  1      14      16      23
 10       8       7      11
     24      19       2 
      3      21      18
          4      12 
--8<--
found: sum= 71.0000 var=  0.0000 fitness= 71.0000 age=1
-->8--
         21       2 
     11      12      15
      9      17       7 
 14       1      18      22
 20      24       6      10
      3       5       8 
      4      16      23
         19      13 
--8<--
found: sum= 79.0000 var=  0.0000 fitness= 79.0000 age=1
-->8--
          2      10 
      3      24       5
     20       7      17 
 12      23      16      18
  9       4      21       6
     11       8       1 
     15      22      13
         19      14 
--8<--
found: sum= 75.0000 var=  0.0000 fitness= 75.0000 age=1
-->8--
         19      13 
     10      21      20
      9       2       3 
  4      14      16      11
  8      18      24       6
     22       1      15 
     17       5      23
         12       7 
--8<--
found: sum= 74.0000 var=  0.0000 fitness= 74.0000 age=1
-->8--
         23      21 
      7       1       9
     10      17      24 
 19      16       2      18
  6      15      11      14
      8      13       5 
     12      22       3
          4      20 
--8<--
found: sum= 81.0000 var=  0.0000 fitness= 81.0000 age=1
-->8--
          2      16 
      3      14       1
     22      19      20 
 15      21      11      24
  6       8       4       5
      9      18      17 
     13      23      12
         10       7 
--8<--
found: sum= 73.0000 var=  0.0000 fitness= 73.0000 age=1
-->8--
         14      24 
     13       5       4
      1      22      12 
 15      18       6      23
 10       8      16       9
     21       3       7 
     20      19      17
          2      11 
--8<--
found: sum= 76.0000 var=  0.0000 fitness= 76.0000 age=1
-->8--
         24      16 
      4      22      14
     20       1      12 
 18       5      11       8
  6      17      23      13
     10      19       9 
     21       7       3
          2      15 
--8<--
found: sum= 74.0000 var=  0.0000 fitness= 74.0000 age=1
-->8--
         19      14 
     22       7      16
      2       3      23 
  9      21      11       1
 10      15      20       6
     17       4      13 
     12       8       5
         18      24 
--8<--
found: sum= 72.0000 var=  0.0000 fitness= 72.0000 age=1
-->8--
         21       6 
      3       5      20
     10       9      17 
  1      24      15      11
 22       7      13      14
      8       4       2 
     23      18      16
         12      19 
--8<--
found: sum= 81.0000 var=  0.0000 fitness= 81.0000 age=1
-->8--
          4       9 
      2       8      18
     20      24      21 
  5      23       1      17
 12       6      13       7
     15      14      22 
     11      19      10
         16       3 
--8<--
found: sum= 77.0000 var=  0.0000 fitness= 77.0000 age=1
-->8--
         16      10 
     15      14       3
     13      17       9 
  5       2      24       1
 18      19       8      12
     20       7      23 
      4       6      22
         21      11 
--8<--
found: sum= 75.0000 var=  0.0000 fitness= 75.0000 age=1
-->8--
         16      15 
     23      12      13
      7      11      14 
 18       6      10      21
 17      24       2       9
      3      22      19 
      1      20       4
          5       8 
--8<--
found: sum= 77.0000 var=  0.0000 fitness= 77.0000 age=1
-->8--
         11       9 
     18      24       6
      3       7      12 
 23      14      19      15
 10      22       2       8
      5      13      21 
     16      20      17
          1       4 
--8<--
found: sum= 80.0000 var=  0.0000 fitness= 80.0000 age=1
-->8--
          2       4 
      6      18       9
     20      15      24 
  8      19      10      22
  7      14       5      16
     12      17       3 
     13      23      11
          1      21 
--8<--
found: sum= 76.0000 var=  0.0000 fitness= 76.0000 age=1
-->8--
          4       5 
      6      18      15
     21      16      19 
  1      11       3       9
 20      10      14      24
     13      22       7 
     17       2      23
         12       8 
--8<--
found: sum= 76.0000 var=  0.0000 fitness= 76.0000 age=1
-->8--
          3      13 
     24      23       9
      5      14       6 
 15       7      11       2
 12      21      19      18
     16       4      20 
      8      10      22
         17       1 
--8<--
found: sum= 76.0000 var=  0.0000 fitness= 76.0000 age=1
-->8--
          9      24 
     13      10       8
     23      18      12 
 11       3       4      20
  6      17      19       7
     16      15      14 
     21       5      22
          2       1 
--8<--
found: sum= 76.0000 var=  0.0000 fitness= 76.0000 age=1
-->8--
         13       2 
      5      15      20
     12      14       3 
  9      17      22      18
 24       8      11       1
      6       4      21 
     16      23       7
         19      10 
--8<--
found: sum= 71.0000 var=  0.0000 fitness= 71.0000 age=1
-->8--
         24      18 
      3       8       5
      4      15      13 
 14      17      12      19
 21       9      16      10
      6       2       1 
     20      23       7
         11      22 
--8<--
found: sum= 75.0000 var=  0.0000 fitness= 75.0000 age=1
-->8--
          3      10 
      1      18      14
     12      24       5 
  8      17       4      11
 16       2      19      23
     20       9      13 
     22       7      21
         15       6 
--8<--
found: sum= 80.0000 var=  0.0000 fitness= 80.0000 age=1
-->8--
         15      16 
      5      11      18
     23      22       1 
  9       4      12      14
  7      17      19      13
     20       6      21 
     10      24       2
          3       8 
--8<--
found: sum= 81.0000 var=  0.0000 fitness= 81.0000 age=1
-->8--
          5      13 
      2      15       7
     21      18      22 
 17      20       6      12
  9      10      16       1
      4      11      24 
     23      19       3
         14       8 
--8<--
found: sum= 78.0000 var=  0.0000 fitness= 78.0000 age=1
-->8--
         15      12 
      2      19      17
     20       9       3 
  1      13      18       7
 16      23       4      24
      5      11      22 
      8      21       6
         10      14 
--8<--
found: sum= 69.0000 var=  0.0000 fitness= 69.0000 age=1
-->8--
         21      18 
     17       7      11
      4       5      20 
 14      15       8      23
 19      16      13       2
      1      12       3 
      6      10      22
         24       9 
--8<--
found: sum= 73.0000 var=  0.0000 fitness= 73.0000 age=1
-->8--
          2       3 
     13      14      23
     16      19       6 
  7       9       8      17
 11      12      21      20
     18       4       1 
      5      10      15
         24      22 
--8<--
found: sum= 77.0000 var=  0.0000 fitness= 77.0000 age=1
-->8--
         12      11 
     16       3      23
     24      15       8 
 22       7      17       9
  1       4      20       5
     19      14      18 
      6      13       2
         21      10 
--8<--
found: sum= 76.0000 var=  0.0000 fitness= 76.0000 age=1
-->8--
          4       8 
      3      15       5
     21      17      12 
  6      16      19      11
 22       9       1      10
      2      14      23 
     24       7      18
         20      13 
--8<--
found: sum= 69.0000 var=  0.0000 fitness= 69.0000 age=1
-->8--
         21      16 
     13       2       3
     14       9      19 
 18      10      20       6
 11      15       7      12
      1       8       5 
     24       4      22
         17      23 
--8<--
found: sum= 77.0000 var=  0.0000 fitness= 77.0000 age=1
-->8--
         13       7 
     22      12       4
     17      11      19 
  5       2      24      10
 14      23       8      15
     16       9       1 
      3      20      18
          6      21 
--8<--
found: sum= 72.0000 var=  0.0000 fitness= 72.0000 age=1
-->8--
          2       3 
     22      16      18
      1      24       6 
 10       7       5      23
 20      15      13      11
     19       8      14 
      9       4      12
         17      21 
--8<--
found: sum= 77.0000 var=  0.0000 fitness= 77.0000 age=1
-->8--
          3       1 
     21       2      20
     22      19      23 
  7      10      12      24
  8      17       5       4
     13      14       9 
      6      16      15
         11      18 
--8<--
found: sum= 76.0000 var=  0.0000 fitness= 76.0000 age=1
-->8--
         22       9 
     10      17       6
      3      16      24 
 21       8       4      13
 14      18      19      15
     12      11       1 
      7      23       2
          5      20 
--8<--
found: sum= 73.0000 var=  0.0000 fitness= 73.0000 age=1
-->8--
          8       1 
     13      10      20
     16      17       2 
 24       9      23      21
 11       6       4       5
      7      14      18 
     15      12      22
         19       3 
--8<--
found: sum= 80.0000 var=  0.0000 fitness= 80.0000 age=1
-->8--
          1      22 
     12      21       8
     16      19       7 
  6      11       3      13
  5      18      14      20
     24      15      23 
     10       9      17
          4       2 
--8<--
