found: sum= 78.0000 var=  0.0000 fitness= 78.0000 age=0
-->8--
          7       3 
     22      21      12
      4      11      14 
 10      13      17       1
 20      23       9      18
      8       5      19 
     16      24      15
          2       6 
--8<--
found: sum= 72.0000 var=  0.0000 fitness= 72.0000 age=0
-->8--
         11       4 
     21       6      23
     15      16      13 
  8       3      10      12
 20      24       1      17
      2      18      19 
      9       5       7
         14      22 
--8<--
found: sum= 74.0000 var=  0.0000 fitness= 74.0000 age=0
-->8--
         17       9 
     24       4      12
      3      18      20 
 14       8      11      10
 23      21      15       2
      5       1      16 
      6      22       7
         19      13 
--8<--
found: sum= 79.0000 var=  0.0000 fitness= 79.0000 age=0
-->8--
         13      20 
     18       3      11
     10      12      24 
 19      23       9       8
  1       4      17       6
     22      14      15 
      2      21       5
         16       7 
--8<--
found: sum= 75.0000 var=  0.0000 fitness= 75.0000 age=0
-->8--
          4       5 
      3      20      23
     15      14      12 
  2      19       1      21
 10      18      16      17
     11       7       8 
      6       9      22
         24      13 
--8<--
found: sum= 75.0000 var=  0.0000 fitness= 75.0000 age=0
-->8--
          3      15 
      6       9       2
     24      19      23 
  8      14       7      18
 13      12       1      16
      4      22      10 
     11       5      20
         21      17 
--8<--
found: sum= 71.0000 var=  0.0000 fitness= 71.0000 age=0
-->8--
         21      15 
     13       7       4
      1      23      14 
 20       6       8       9
 22      19       5      17
      3      10      18 
     16      12       2
         11      24 
--8<--
found: sum= 75.0000 var=  0.0000 fitness= 75.0000 age=0
-->8--
         21      13 
     20      16      22
     10       2      19 
 18       6       3      11
  9      17      24       4
     15      23      14 
      7       1       8
         12       5 
--8<--
found: sum= 76.0000 var=  0.0000 fitness= 76.0000 age=0
-->8--
          2      13 
      8       6      21
     24      17      16 
  1      19       3      23
 12      15      18       9
      5       4       7 
     20      22      11
         10      14 
--8<--
found: sum= 80.0000 var=  0.0000 fitness= 80.0000 age=0
-->8--
         14      19 
      6      10      16
     22       7      15 
  8      21      13       2
  1       4      18      12
     24      17      20 
     23       9      11
          3       5 
--8<--
found: sum= 76.0000 var=  0.0000 fitness= 76.0000 age=0
-->8--
         10       1 
     23      15       9
     11      14      20 
  6       3      17      18
 13      21       5      12
     22      16       4 
      7       8      19
          2      24 
--8<--
found: sum= 76.0000 var=  0.0000 fitness= 76.0000 age=0
-->8--
         19      24 
      6      18      13
     14       7       3 
 21      12      11      22
  4      20      16       1
      5      10      23 
      9      17       2
         15       8 
--8<--
found: sum= 77.0000 var=  0.0000 fitness= 77.0000 age=0
-->8--
         19      20 
     11       7      14
      8      15      12 
 23      17       9      10
  4       1      22       6
     24      13      18 
      2      16       3
         21       5 
--8<--
found: sum= 78.0000 var=  0.0000 fitness= 78.0000 age=0
-->8--
         22      20 
      5       3      14
     24      16      13 
  6       8      12       1
  7      23      15      18
     10       4      19 
     11      21      17
          9       2 
--8<--
found: sum= 76.0000 var=  0.0000 fitness= 76.0000 age=0
-->8--
         14      11 
     16       5       2
      8      24      21 
 10       9      13       4
 19       7      17      20
     23       6       1 
     15      22      12
          3      18 
--8<--
found: sum= 77.0000 var=  0.0000 fitness= 77.0000 age=0
-->8--
          1       7 
     17      11       9
      8      16      19 
 18      24      15      21
 10       5       3       6
     12      14      13 
     20      22      23
          4       2 
--8<--
found: sum= 79.0000 var=  0.0000 fitness= 79.0000 age=0
-->8--
         13       7 
     20      22      23
     19       1      15 
 12       4      11       3
 10      18      24      17
     16      21       9 
      8      14       5
          2       6 
--8<--
found: sum= 80.0000 var=  0.0000 fitness= 80.0000 age=0
-->8--
         14       4 
      2      18      19
     10      12      16 
  6      24      11       7
 17       3      22       1
     20       8      23 
     21      13       5
         15       9 
--8<--
found: sum= 74.0000 var=  0.0000 fitness= 74.0000 age=0
-->8--
         18      19 
     11      23       2
     15       1       8 
 20       6      21      13
 16      14      10       5
      3      22      17 
     24       4      12
          7       9 
--8<--
found: sum= 80.0000 var=  0.0000 fitness= 80.0000 age=0
-->8--
         17      12 
     14      19      20
     23       1      13 
  9       6      15       8
  5      16      18       4
     21      24      22 
     10       2      11
          7       3 
--8<--
found: sum= 75.0000 var=  0.0000 fitness= 75.0000 age=0
-->8--
         22       5 
     15       8       9
      4      19      18 
 17       7      16       1
 21       6      24      14
     20       3       2 
     13      23      11
         10      12 
--8<--
found: sum= 73.0000 var=  0.0000 fitness= 73.0000 age=0
-->8--
         10      12 
      8      21      15
     14       4       2 
 22      16      19      17
  1       7      24       5
     13       3       6 
     18       9      11
         23      20 
--8<--
found: sum= 76.0000 var=  0.0000 fitness= 76.0000 age=0
-->8--
         20       2 
     14       3      21
     19      12      22 
 15       8      16       9
  6       4      13       5
     24      23      11 
     17       1      18
          7      10 
--8<--
found: sum= 77.0000 var=  0.0000 fitness= 77.0000 age=0
-->8--
         16      24 
     12       8       3
     23      17      21 
 10       1       4       7
 18      14      19       6
     11      22      20 
     13       2       5
         15       9 
--8<--
found: sum= 81.0000 var=  0.0000 fitness= 81.0000 age=0
-->8--
         16       2 
      5       7      15
     12      21      17 
  9      20      19      13
  6      10       8       1
     24       3      23 
      4      22      14
         18      11 
--8<--
found: sum= 75.0000 var=  0.0000 fitness= 75.0000 age=0
-->8--
          2       6 
      3       5      19
     23      22      16 
 15      20       7      24
 12       1       8      11
      4      17       9 
     21      18      10
         14      13 
--8<--
found: sum= 75.0000 var=  0.0000 fitness= 75.0000 age=0
-->8--
          3      17 
      1       6      16
     24      23       2 
 13      18      11      22
  7       5       4      21
      8      14      15 
      9      20      10
         19      12 
--8<--
found: sum= 74.0000 var=  0.0000 fitness= 74.0000 age=0
-->8--
         22      10 
      4      23       8
     15       9       5 
 18       1      19      20
 16      21      11       2
      3      13      17 
     24       7      12
          6      14 
--8<--
found: sum= 79.0000 var=  0.0000 fitness= 79.0000 age=0
-->8--
          2      15 
     21      24       7
     22       1      20 
  8       9      12      14
  3      18      16      11
     19      23       6 
      5       4      17
         10      13 
--8<--
found: sum= 76.0000 var=  0.0000 fitness= 76.0000 age=0
-->8--
          2       6 
     15      23      24
     18      10       4 
 16       8       9       1
 14      17      19      22
      3      13      21 
     12      11       5
         20       7 
--8<--
found: sum= 75.0000 var=  0.0000 fitness= 75.0000 age=0
-->8--
          8       3 
     15       4      19
      5      21      17 
  6      22      11      16
 10      18       1       7
     14       2      23 
      9      12      13
         20      24 
--8<--
found: sum= 75.0000 var=  0.0000 fitness= 75.0000 age=0
-->8--
          5      11 
     21       4      15
      3      19      20 
 12      23       6      14
 22       8      10       1
      7       9      24 
     18      17      13
         16       2 
--8<--
found: sum= 76.0000 var=  0.0000 fitness= 76.0000 age=0
-->8--
         17      13 
     10       4      20
      7      22      14 
  9      16       3      12
  6      15       2      21
     23      18      24 
     11       8      19
          1       5 
--8<--
found: sum= 78.0000 var=  0.0000 fitness= 78.0000 age=0
-->8--
          1      24 
     18       8      16
     20      10      15 
  2      21       5      13
  6      12      19       3
     17      11      23 
      9       7       4
         22      14 
--8<--
found: sum= 76.0000 var=  0.0000 fitness= 76.0000 age=0
-->8--
         23      10 
     15       4      13
     16      17      11 
 18       1      21       2
 14      22       3      19
      5      12      20 
      7      24       8
          6       9 
--8<--
found: sum= 74.0000 var=  0.0000 fitness= 74.0000 age=0
-->8--
         20       9 
      7       3      22
     21      12      18 
  4      11      10      13
 14      16       1      17
      8      24      15 
      2       5       6
         19      23 
--8<--
found: sum= 79.0000 var=  0.0000 fitness= 79.0000 age=0
-->8--
         23      20 
      6       7       3
      9      12      24 
  2      22      13       4
 11      19       5      15
     16       8      18 
     14      21      10
          1      17 
--8<--
found: sum= 77.0000 var=  0.0000 fitness= 77.0000 age=0
-->8--
          3      20 
     18      19       6
     24       9       1 
 23       4      22      17
  2       8      13      14
     16      21      10 
     12      15       7
          5      11 
--8<--
found: sum= 79.0000 var=  0.0000 fitness= 79.0000 age=0
-->8--
         19       2 
      3      15       8
      4      24      13 
 20      14      17      16
 11       7       5       6
     23      12      22 
      9      18       1
         10      21 
--8<--
found: sum= 78.0000 var=  0.0000 fitness= 78.0000 age=0
-->8--
          5       2 
     21      22       6
      9      17      23 
 11       4       8       1
 16      24      15      12
     14      10      19 
     20       3      13
          7      18 
--8<--
found: sum= 79.0000 var=  0.0000 fitness= 79.0000 age=0
-->8--
          6      16 
      8      15       3
     23      14      12 
 11      13      19       1
  7       4       5      20
     21      24      22 
     18       2      17
         10       9 
--8<--
found: sum= 75.0000 var=  0.0000 fitness= 75.0000 age=0
-->8--
         22       2 
      5      21      24
      4       6      19 
 10      17       3       1
 11      18      23      20
     15       8       9 
     14       7      16
         13      12 
--8<--
found: sum= 77.0000 var=  0.0000 fitness= 77.0000 age=0
-->8--
         13      15 
     19      10       6
     14      16       9 
 11       5      21       4
 17       8      24      12
     22       3       7 
      1      23      18
         20       2 
--8<--
found: sum= 81.0000 var=  0.0000 fitness= 81.0000 age=0
-->8--
          1       3 
     10      13      14
     21      12      22 
  4      24      17       8
  5      20       2       9
      7       6      23 
     11      19      16
         18      15 
--8<--
found: sum= 75.0000 var=  0.0000 fitness= 75.0000 age=0
-->8--
         11       7 
     17      14      18
     12      13      19 
 15       8       4       2
 16      23       6      20
      1      21      24 
      3       5       9
         22      10 
--8<--
found: sum= 79.0000 var=  0.0000 fitness= 79.0000 age=0
-->8--
         11      23 
      9       7       6
     22      20      15 
  1      10       8       5
 12      21      18      19
     13       2      14 
     16      24      17
          3       4 
--8<--
found: sum= 78.0000 var=  0.0000 fitness= 78.0000 age=0
-->8--
          5       2 
      4      21      18
      7      17      12 
 20      24       8      19
 11       3      16       1
     13      10      22 
     14      15       6
         23       9 
--8<--
found: sum= 78.0000 var=  0.0000 fitness= 78.0000 age=0
-->8--
          3       1 
      5      23      13
     14      21       9 
  4      12      11      17
 22       8      19      20
     18       7       2 
     15      24      10
          6      16 
--8<--
found: sum= 76.0000 var=  0.0000 fitness= 76.0000 age=0
-->8--
          6       9 
     18      10       4
     14      16      13 
 20      12      24       1
 22       5       8       7
      3      11      23 
     19      17      15
         21       2 
--8<--
found: sum= 79.0000 var=  0.0000 fitness= 79.0000 age=0
-->8--
          2      19 
     12       9       8
     11      21      16 
 10      24       6      13
  3      17       7      15
     14       4      22 
      1      23      18
         20       5 
--8<--
found: sum= 75.0000 var=  0.0000 fitness= 75.0000 age=0
-->8--
         10      14 
     12      17       1
      7      20      18 
 19       9       5       3
 22       2      15      21
     16      24      13 
      6       4       8
         23      11 
--8<--
found: sum= 77.0000 var=  0.0000 fitness= 77.0000 age=0
-->8--
          1       8 
     14      23      15
      2      18      10 
  6      19       3      22
 21       9      24       5
     20       4      13 
     16      17      12
         11       7 
--8<--
found: sum= 77.0000 var=  0.0000 fitness= 77.0000 age=0
-->8--
         23      15 
      1      14      18
     12       3       8 
  5      24      19      17
  4      22       7       6
     10       2      20 
      9      21      16
         13      11 
--8<--
found: sum= 78.0000 var=  0.0000 fitness= 78.0000 age=0
-->8--
         11      12 
      1      19      17
     18       9      16 
  7      20       5       6
  2      21      15      22
     10       8      14 
     23      13      24
          3       4 
--8<--
found: sum= 72.0000 var=  0.0000 fitness= 72.0000 age=0
-->8--
         12      10 
     21      24      14
      2       8       3 
 20       5      13      16
  4      23      22      11
     18       1       7 
      9       6      17
         15      19 
--8<--
found: sum= 75.0000 var=  0.0000 fitness= 75.0000 age=0
-->8--
         20       6 
     19      12      10
      7      16      17 
 22       1      14      23
  9      21       5       3
     15      18      13 
      2      11      24
          8       4 
--8<--
found: sum= 79.0000 var=  0.0000 fitness= 79.0000 age=0
-->8--
         15       3 
     13      16       9
      2      23      22 
  7      10       6      12
 19      24      11       8
     17       5      20 
     14      18      21
          1       4 
--8<--
found: sum= 80.0000 var=  0.0000 fitness= 80.0000 age=0
-->8--
         18      24 
      5      22       3
     13       2      10 
  9      20      19       1
  8       7      21      14
     23      11      15 
      6      17       4
         16      12 
--8<--
found: sum= 78.0000 var=  0.0000 fitness= 78.0000 age=0
-->8--
         22       9 
      3      24      17
     18       6       1 
  2       5      21      14
 10      23      19       7
     20       4      16 
     12      11      13
          8      15 
--8<--
found: sum= 76.0000 var=  0.0000 fitness= 76.0000 age=0
-->8--
         11      15 
      1       3      12
     18      19      23 
 13      24       4      17
  2      14       6      16
      5       9      10 
      7      21      22
         20       8 
--8<--
found: sum= 76.0000 var=  0.0000 fitness= 76.0000 age=0
-->8--
          3       7 
      8       5      22
     16      24      14 
 13      20       4      23
 11       1       6      17
     15      21      12 
     19      18       9
          2      10 
--8<--
found: sum= 80.0000 var=  0.0000 fitness= 80.0000 age=0
-->8--
          1       8 
     16      22      10
     19      15      20 
  4       7       5       2
 21      23      17      12
      6      13      24 
     11       9       3
         18      14 
--8<--
found: sum= 72.0000 var=  0.0000 fitness= 72.0000 age=0
-->8--
         19      22 
     16      17      14
      3       2      10 
 20      15       7       8
  1      21      23      11
     12       4      13 
     24       5       9
          6      18 
--8<--
found: sum= 78.0000 var=  0.0000 fitness= 78.0000 age=0
-->8--
         16       1 
      2       6      14
     20      24      18 
 12      10      15      13
  8       5       7      21
     23      17       4 
     11      19      22
          3       9 
--8<--
found: sum= 74.0000 var=  0.0000 fitness= 74.0000 age=0
-->8--
         18      19 
     11      23       2
     15       1       8 
 20       6      21      13
 16      14      10       5
      3      22      17 
     24       4      12
          7       9 
--8<--
found: sum= 78.0000 var=  0.0000 fitness= 78.0000 age=0
-->8--
         10      24 
      2      20      11
     19       6       9 
 13      21       8       4
  3      15      16      23
      7      12      18 
      5      17       1
         22      14 
--8<--
found: sum= 79.0000 var=  0.0000 fitness= 79.0000 age=0
-->8--
         18      11 
     17      19       8
     21       3      24 
 13       1      14       9
 15      22      16      12
      7      23       4 
      2      20      10
          5       6 
--8<--
found: sum= 77.0000 var=  0.0000 fitness= 77.0000 age=0
-->8--
          8      14 
     19      17       7
      1      11      15 
  4      21      13       5
 18       9      20       2
     24       3      22 
     12       6      10
         23      16 
--8<--
found: sum= 76.0000 var=  0.0000 fitness= 76.0000 age=0
-->8--
         20      17 
      1      11      12
     22      19       7 
 14       3      10      13
  4      15      21       9
     18       8      16 
      5       6       2
         24      23 
--8<--
found: sum= 84.0000 var=  0.0000 fitness= 84.0000 age=0
-->8--
         11       5 
      4      18       7
     15      22      24 
  9      14       8       2
  6      17      13      16
     23      10      21 
     12      19       1
          3      20 
--8<--
found: sum= 77.0000 var=  0.0000 fitness= 77.0000 age=0
-->8--
         12      17 
      1      22       3
     24       2      19 
 11      16      14       5
  7       9      15      18
     10      21       6 
     20       4      23
         13       8 
--8<--
found: sum= 81.0000 var=  0.0000 fitness= 81.0000 age=0
-->8--
         13       4 
      6      19       9
     21      17      14 
 12       5      18       2
  7      16      15      24
     20      10       8 
     11      23      22
          1       3 
--8<--
found: sum= 75.0000 var=  0.0000 fitness= 75.0000 age=0
-->8--
         23      19 
      9      10      21
     14       8       2 
  4      11      15      17
  6      16      18       1
     24       7      22 
     20       3      13
          5      12 
--8<--
found: sum= 79.0000 var=  0.0000 fitness= 79.0000 age=0
-->8--
         24       9 
      3      19      14
      4      12      23 
 16      17       2      22
  8      13      15       7
     21      20      10 
      6      18       5
          1      11 
--8<--
found: sum= 77.0000 var=  0.0000 fitness= 77.0000 age=0
-->8--
         23       1 
      6       4      20
     22      19       9 
 15       3      24       2
 18       7      13       8
     12      11      21 
     16      17      10
         14       5 
--8<--
found: sum= 79.0000 var=  0.0000 fitness= 79.0000 age=0
-->8--
         20       4 
      9      10      21
     19       3      24 
  7      18      17       1
  5      16       2      13
     14      23      22 
      8       6      15
         12      11 
--8<--
found: sum= 75.0000 var=  0.0000 fitness= 75.0000 age=0
-->8--
         16      11 
      5      13      18
     24      10      22 
  4       7       1      14
  9      23      15      17
      8      19       6 
     20       2      21
          3      12 
--8<--
execution time: real 0.211784s user 0.210967s sys 0.001999s
GA: P=1024 K=512 sp=2 xover=2D/1 aging
generation #2: pop m= 77.060 v=0.200 f= 75.001
best: found: sum= 84.0000 var=  0.0000 fitness= 84.0000 age=1
-->8--
         11       5 
      4      18       7
     15      22      24 
  9      14       8       2
  6      17      13      16
     23      10      21 
     12      19       1
          3      20 
--8<--
found: sum= 78.0000 var=  0.0000 fitness= 78.0000 age=2
-->8--
         22      20 
      5       3      14
     24      16      13 
  6       8      12       1
  7      23      15      18
     10       4      19 
     11      21      17
          9       2 
--8<--
found: sum= 79.0000 var=  0.0000 fitness= 79.0000 age=1
-->8--
         11      23 
      9       7       6
     22      20      15 
  1      10       8       5
 12      21      18      19
     13       2      14 
     16      24      17
          3       4 
--8<--
found: sum= 81.0000 var=  0.0000 fitness= 81.0000 age=2
-->8--
         16       2 
      5       7      15
     12      21      17 
  9      20      19      13
  6      10       8       1
     24       3      23 
      4      22      14
         18      11 
--8<--
found: sum= 77.0000 var=  0.0000 fitness= 77.0000 age=1
-->8--
          3      20 
     18      19       6
     24       9       1 
 23       4      22      17
  2       8      13      14
     16      21      10 
     12      15       7
          5      11 
--8<--
found: sum= 78.0000 var=  0.0000 fitness= 78.0000 age=1
-->8--
          5       2 
      4      21      18
      7      17      12 
 20      24       8      19
 11       3      16       1
     13      10      22 
     14      15       6
         23       9 
--8<--
found: sum= 76.0000 var=  0.0000 fitness= 76.0000 age=2
-->8--
         14      11 
     16       5       2
      8      24      21 
 10       9      13       4
 19       7      17      20
     23       6       1 
     15      22      12
          3      18 
--8<--
found: sum= 76.0000 var=  0.0000 fitness= 76.0000 age=2
-->8--
         10       1 
     23      15       9
     11      14      20 
  6       3      17      18
 13      21       5      12
     22      16       4 
      7       8      19
          2      24 
--8<--
found: sum= 74.0000 var=  0.0000 fitness= 74.0000 age=2
-->8--
         22      10 
      4      23       8
     15       9       5 
 18       1      19      20
 16      21      11       2
      3      13      17 
     24       7      12
          6      14 
--8<--
found: sum= 79.0000 var=  0.0000 fitness= 79.0000 age=1
-->8--
          6      16 
      8      15       3
     23      14      12 
 11      13      19       1
  7       4       5      20
     21      24      22 
     18       2      17
         10       9 
--8<--
found: sum= 76.0000 var=  0.0000 fitness= 76.0000 age=2
-->8--
          2       6 
     15      23      24
     18      10       4 
 16       8       9       1
 14      17      19      22
      3      13      21 
     12      11       5
         20       7 
--8<--
found: sum= 75.0000 var=  0.0000 fitness= 75.0000 age=2
-->8--
         22       5 
     15       8       9
      4      19      18 
 17       7      16       1
 21       6      24      14
     20       3       2 
     13      23      11
         10      12 
--8<--
found: sum= 79.0000 var=  0.0000 fitness= 79.0000 age=2
-->8--
          2      15 
     21      24       7
     22       1      20 
  8       9      12      14
  3      18      16      11
     19      23       6 
      5       4      17
         10      13 
--8<--
found: sum= 77.0000 var=  0.0000 fitness= 77.0000 age=2
-->8--
         19      20 
     11       7      14
      8      15      12 
 23      17       9      10
  4       1      22       6
     24      13      18 
      2      16       3
         21       5 
--8<--
found: sum= 78.0000 var=  0.0000 fitness= 78.0000 age=2
-->8--
          1      24 
     18       8      16
     20      10      15 
  2      21       5      13
  6      12      19       3
     17      11      23 
      9       7       4
         22      14 
--8<--
found: sum= 76.0000 var=  0.0000 fitness= 76.0000 age=1
-->8--
          6       9 
     18      10       4
     14      16      13 
 20      12      24       1
 22       5       8       7
      3      11      23 
     19      17      15
         21       2 
--8<--
found: sum= 75.0000 var=  0.0000 fitness= 75.0000 age=1
-->8--
         11       7 
     17      14      18
     12      13      19 
 15       8       4       2
 16      23       6      20
      1      21      24 
      3       5       9
         22      10 
--8<--
found: sum= 75.0000 var=  0.0000 fitness= 75.0000 age=1
-->8--
         23      19 
      9      10      21
     14       8       2 
  4      11      15      17
  6      16      18       1
     24       7      22 
     20       3      13
          5      12 
--8<--
found: sum= 75.0000 var=  0.0000 fitness= 75.0000 age=2
-->8--
          2       6 
      3       5      19
     23      22      16 
 15      20       7      24
 12       1       8      11
      4      17       9 
     21      18      10
         14      13 
--8<--
found: sum= 78.0000 var=  0.0000 fitness= 78.0000 age=1
-->8--
          3       1 
      5      23      13
     14      21       9 
  4      12      11      17
 22       8      19      20
     18       7       2 
     15      24      10
          6      16 
--8<--
found: sum= 77.0000 var=  0.0000 fitness= 77.0000 age=2
-->8--
          1       7 
     17      11       9
      8      16      19 
 18      24      15      21
 10       5       3       6
     12      14      13 
     20      22      23
          4       2 
--8<--
found: sum= 76.0000 var=  0.0000 fitness= 76.0000 age=1
-->8--
          3       7 
      8       5      22
     16      24      14 
 13      20       4      23
 11       1       6      17
     15      21      12 
     19      18       9
          2      10 
--8<--
found: sum= 75.0000 var=  0.0000 fitness= 75.0000 age=2
-->8--
          5      11 
     21       4      15
      3      19      20 
 12      23       6      14
 22       8      10       1
      7       9      24 
     18      17      13
         16       2 
--8<--
found: sum= 73.0000 var=  0.0000 fitness= 73.0000 age=2
-->8--
         10      12 
      8      21      15
     14       4       2 
 22      16      19      17
  1       7      24       5
     13       3       6 
     18       9      11
         23      20 
--8<--
found: sum= 78.0000 var=  0.0000 fitness= 78.0000 age=2
-->8--
          7       3 
     22      21      12
      4      11      14 
 10      13      17       1
 20      23       9      18
      8       5      19 
     16      24      15
          2       6 
--8<--
found: sum= 80.0000 var=  0.0000 fitness= 80.0000 age=2
-->8--
         14       4 
      2      18      19
     10      12      16 
  6      24      11       7
 17       3      22       1
     20       8      23 
     21      13       5
         15       9 
--8<--
found: sum= 79.0000 var=  0.0000 fitness= 79.0000 age=2
-->8--
         13       7 
     20      22      23
     19       1      15 
 12       4      11       3
 10      18      24      17
     16      21       9 
      8      14       5
          2       6 
--8<--
found: sum= 75.0000 var=  0.0000 fitness= 75.0000 age=1
-->8--
         10      14 
     12      17       1
      7      20      18 
 19       9       5       3
 22       2      15      21
     16      24      13 
      6       4       8
         23      11 
--8<--
found: sum= 75.0000 var=  0.0000 fitness= 75.0000 age=2
-->8--
          3      17 
      1       6      16
     24      23       2 
 13      18      11      22
  7       5       4      21
      8      14      15 
      9      20      10
         19      12 
--8<--
found: sum= 80.0000 var=  0.0000 fitness= 80.0000 age=2
-->8--
         17      12 
     14      19      20
     23       1      13 
  9       6      15       8
  5      16      18       4
     21      24      22 
     10       2      11
          7       3 
--8<--
found: sum= 76.0000 var=  0.0000 fitness= 76.0000 age=2
-->8--
         19      24 
      6      18      13
     14       7       3 
 21      12      11      22
  4      20      16       1
      5      10      23 
      9      17       2
         15       8 
--8<--
found: sum= 81.0000 var=  0.0000 fitness= 81.0000 age=1
-->8--
         13       4 
      6      19       9
     21      17      14 
 12       5      18       2
  7      16      15      24
     20      10       8 
     11      23      22
          1       3 
--8<--
found: sum= 72.0000 var=  0.0000 fitness= 72.0000 age=2
-->8--
         11       4 
     21       6      23
     15      16      13 
  8       3      10      12
 20      24       1      17
      2      18      19 
      9       5       7
         14      22 
--8<--
found: sum= 78.0000 var=  0.0000 fitness= 78.0000 age=1
-->8--
          5       2 
     21      22       6
      9      17      23 
 11       4       8       1
 16      24      15      12
     14      10      19 
     20       3      13
          7      18 
--8<--
found: sum= 74.0000 var=  0.0000 fitness= 74.0000 age=2
-->8--
         17       9 
     24       4      12
      3      18      20 
 14       8      11      10
 23      21      15       2
      5       1      16 
      6      22       7
         19      13 
--8<--
found: sum= 78.0000 var=  0.0000 fitness= 78.0000 age=1
-->8--
         11      12 
      1      19      17
     18       9      16 
  7      20       5       6
  2      21      15      22
     10       8      14 
     23      13      24
          3       4 
--8<--
found: sum= 79.0000 var=  0.0000 fitness= 79.0000 age=1
-->8--
         23      20 
      6       7       3
      9      12      24 
  2      22      13       4
 11      19       5      15
     16       8      18 
     14      21      10
          1      17 
--8<--
found: sum= 81.0000 var=  0.0000 fitness= 81.0000 age=1
-->8--
          1       3 
     10      13      14
     21      12      22 
  4      24      17       8
  5      20       2       9
      7       6      23 
     11      19      16
         18      15 
--8<--
found: sum= 75.0000 var=  0.0000 fitness= 75.0000 age=1
-->8--
         22       2 
      5      21      24
      4       6      19 
 10      17       3       1
 11      18      23      20
     15       8       9 
     14       7      16
         13      12 
--8<--
found: sum= 74.0000 var=  0.0000 fitness= 74.0000 age=2
-->8--
         18      19 
     11      23       2
     15       1       8 
 20       6      21      13
 16      14      10       5
      3      22      17 
     24       4      12
          7       9 
--8<--
found: sum= 74.0000 var=  0.0000 fitness= 74.0000 age=1
-->8--
         20       9 
      7       3      22
     21      12      18 
  4      11      10      13
 14      16       1      17
      8      24      15 
      2       5       6
         19      23 
--8<--
found: sum= 71.0000 var=  0.0000 fitness= 71.0000 age=2
-->8--
         21      15 
     13       7       4
      1      23      14 
 20       6       8       9
 22      19       5      17
      3      10      18 
     16      12       2
         11      24 
--8<--
found: sum= 75.0000 var=  0.0000 fitness= 75.0000 age=2
-->8--
          8       3 
     15       4      19
      5      21      17 
  6      22      11      16
 10      18       1       7
     14       2      23 
      9      12      13
         20      24 
--8<--
found: sum= 75.0000 var=  0.0000 fitness= 75.0000 age=1
-->8--
         20       6 
     19      12      10
      7      16      17 
 22       1      14      23
  9      21       5       3
     15      18      13 
      2      11      24
          8       4 
--8<--
found: sum= 76.0000 var=  0.0000 fitness= 76.0000 age=2
-->8--
          2      13 
      8       6      21
     24      17      16 
  1      19       3      23
 12      15      18       9
      5       4       7 
     20      22      11
         10      14 
--8<--
found: sum= 80.0000 var=  0.0000 fitness= 80.0000 age=1
-->8--
          1       8 
     16      22      10
     19      15      20 
  4       7       5       2
 21      23      17      12
      6      13      24 
     11       9       3
         18      14 
--8<--
found: sum= 79.0000 var=  0.0000 fitness= 79.0000 age=1
-->8--
         18      11 
     17      19       8
     21       3      24 
 13       1      14       9
 15      22      16      12
      7      23       4 
      2      20      10
          5       6 
--8<--
found: sum= 72.0000 var=  0.0000 fitness= 72.0000 age=1
-->8--
         12      10 
     21      24      14
      2       8       3 
 20       5      13      16
  4      23      22      11
     18       1       7 
      9       6      17
         15      19 
--8<--
found: sum= 77.0000 var=  0.0000 fitness= 77.0000 age=1
-->8--
         23       1 
      6       4      20
     22      19       9 
 15       3      24       2
 18       7      13       8
     12      11      21 
     16      17      10
         14       5 
--8<--
found: sum= 76.0000 var=  0.0000 fitness= 76.0000 age=2
-->8--
         23      10 
     15       4      13
     16      17      11 
 18       1      21       2
 14      22       3      19
      5      12      20 
      7      24       8
          6       9 
--8<--
found: sum= 77.0000 var=  0.0000 fitness= 77.0000 age=1
-->8--
         23      15 
      1      14      18
     12       3       8 
  5      24      19      17
  4      22       7       6
     10       2      20 
      9      21      16
         13      11 
--8<--
found: sum= 77.0000 var=  0.0000 fitness= 77.0000 age=1
-->8--
         13      15 
     19      10       6
     14      16       9 
 11       5      21       4
 17       8      24      12
     22       3       7 
      1      23      18
         20       2 
--8<--
found: sum= 78.0000 var=  0.0000 fitness= 78.0000 age=1
-->8--
         22       9 
      3      24      17
     18       6       1 
  2       5      21      14
 10      23      19       7
     20       4      16 
     12      11      13
          8      15 
--8<--
found: sum= 77.0000 var=  0.0000 fitness= 77.0000 age=1
-->8--
          1       8 
     14      23      15
      2      18      10 
  6      19       3      22
 21       9      24       5
     20       4      13 
     16      17      12
         11       7 
--8<--
found: sum= 79.0000 var=  0.0000 fitness= 79.0000 age=1
-->8--
         19       2 
      3      15       8
      4      24      13 
 20      14      17      16
 11       7       5       6
     23      12      22 
      9      18       1
         10      21 
--8<--
found: sum= 79.0000 var=  0.0000 fitness= 79.0000 age=1
-->8--
         20       4 
      9      10      21
     19       3      24 
  7      18      17       1
  5      16       2      13
     14      23      22 
      8       6      15
         12      11 
--8<--
found: sum= 76.0000 var=  0.0000 fitness= 76.0000 age=1
-->8--
         20      17 
      1      11      12
     22      19       7 
 14       3      10      13
  4      15      21       9
     18       8      16 
      5       6       2
         24      23 
--8<--
found: sum= 79.0000 var=  0.0000 fitness= 79.0000 age=1
-->8--
          2      19 
     12       9       8
     11      21      16 
 10      24       6      13
  3      17       7      15
     14       4      22 
      1      23      18
         20       5 
--8<--
found: sum= 77.0000 var=  0.0000 fitness= 77.0000 age=2
-->8--
         16      24 
     12       8       3
     23      17      21 
 10       1       4       7
 18      14      19       6
     11      22      20 
     13       2       5
         15       9 
--8<--
found: sum= 76.0000 var=  0.0000 fitness= 76.0000 age=1
-->8--
         11      15 
      1       3      12
     18      19      23 
 13      24       4      17
  2      14       6      16
      5       9      10 
      7      21      22
         20       8 
--8<--
found: sum= 79.0000 var=  0.0000 fitness= 79.0000 age=2
-->8--
         13      20 
     18       3      11
     10      12      24 
 19      23       9       8
  1       4      17       6
     22      14      15 
      2      21       5
         16       7 
--8<--
found: sum= 80.0000 var=  0.0000 fitness= 80.0000 age=2
-->8--
         14      19 
      6      10      16
     22       7      15 
  8      21      13       2
  1       4      18      12
     24      17      20 
     23       9      11
          3       5 
--8<--
found: sum= 74.0000 var=  0.0000 fitness= 74.0000 age=1
-->8--
         18      19 
     11      23       2
     15       1       8 
 20       6      21      13
 16      14      10       5
      3      22      17 
     24       4      12
          7       9 
--8<--
found: sum= 72.0000 var=  0.0000 fitness= 72.0000 age=1
-->8--
         19      22 
     16      17      14
      3       2      10 
 20      15       7       8
  1      21      23      11
     12       4      13 
     24       5       9
          6      18 
--8<--
found: sum= 79.0000 var=  0.0000 fitness= 79.0000 age=1
-->8--
         24       9 
      3      19      14
      4      12      23 
 16      17       2      22
  8      13      15       7
     21      20      10 
      6      18       5
          1      11 
--8<--
found: sum= 75.0000 var=  0.0000 fitness= 75.0000 age=2
-->8--
          4       5 
      3      20      23
     15      14      12 
  2      19       1      21
 10      18      16      17
     11       7       8 
      6       9      22
         24      13 
--8<--
found: sum= 77.0000 var=  0.0000 fitness= 77.0000 age=1
-->8--
         12      17 
      1      22       3
     24       2      19 
 11      16      14       5
  7       9      15      18
     10      21       6 
     20       4      23
         13       8 
--8<--
found: sum= 78.0000 var=  0.0000 fitness= 78.0000 age=1
-->8--
         10      24 
      2      20      11
     19       6       9 
 13      21       8       4
  3      15      16      23
      7      12      18 
      5      17       1
         22      14 
--8<--
found: sum= 80.0000 var=  0.0000 fitness= 80.0000 age=1
-->8--
         18      24 
      5      22       3
     13       2      10 
  9      20      19       1
  8       7      21      14
     23      11      15 
      6      17       4
         16      12 
--8<--
found: sum= 79.0000 var=  0.0000 fitness= 79.0000 age=1
-->8--
         15       3 
     13      16       9
      2      23      22 
  7      10       6      12
 19      24      11       8
     17       5      20 
     14      18      21
          1       4 
--8<--
found: sum= 75.0000 var=  0.0000 fitness= 75.0000 age=2
-->8--
         21      13 
     20      16      22
     10       2      19 
 18       6       3      11
  9      17      24       4
     15      23      14 
      7       1       8
         12       5 
--8<--
found: sum= 76.0000 var=  0.0000 fitness= 76.0000 age=2
-->8--
         17      13 
     10       4      20
      7      22      14 
  9      16       3      12
  6      15       2      21
     23      18      24 
     11       8      19
          1       5 
--8<--
found: sum= 75.0000 var=  0.0000 fitness= 75.0000 age=1
-->8--
         16      11 
      5      13      18
     24      10      22 
  4       7       1      14
  9      23      15      17
      8      19       6 
     20       2      21
          3      12 
--8<--
found: sum= 78.0000 var=  0.0000 fitness= 78.0000 age=1
-->8--
         16       1 
      2       6      14
     20      24      18 
 12      10      15      13
  8       5       7      21
     23      17       4 
     11      19      22
          3       9 
--8<--
found: sum= 76.0000 var=  0.0000 fitness= 76.0000 age=2
-->8--
         20       2 
     14       3      21
     19      12      22 
 15       8      16       9
  6       4      13       5
     24      23      11 
     17       1      18
          7      10 
--8<--
found: sum= 75.0000 var=  0.0000 fitness= 75.0000 age=2
-->8--
          3      15 
      6       9       2
     24      19      23 
  8      14       7      18
 13      12       1      16
      4      22      10 
     11       5      20
         21      17 
--8<--
found: sum= 77.0000 var=  0.0000 fitness= 77.0000 age=1
-->8--
          8      14 
     19      17       7
      1      11      15 
  4      21      13       5
 18       9      20       2
     24       3      22 
     12       6      10
         23      16 
--8<--
