found: sum= 74.0000 var=  0.0000 fitness= 74.0000
-->8--
         14       7 
     21      24      23
      8       5       6 
 12       2       9      16
 15      17      19      13
     20      22      11 
     10       1       3
          4      18 
--8<--
found: sum= 79.0000 var=  0.0000 fitness= 79.0000
-->8--
         19       9 
     17       6      23
     12      15      18 
 11      10       8       3
  5      20      24       4
     21       2      22 
      7      16       1
         13      14 
--8<--
execution time: real 0.016182s user 0.006998s sys 0.000999s
GA: P=50 K=10 sp=2 xover=2D/1 optrpl=2 optskip=10 optmax=1.142857
generation #8: pop m= 76.177 v= 60.631 f= 50.612 best_age=1
best: found: sum= 79.0000 var=  0.0000 fitness= 79.0000
-->8--
         19       9 
     17       6      23
     12      15      18 
 11      10       8       3
  5      20      24       4
     21       2      22 
      7      16       1
         13      14 
--8<--
found: sum= 74.0000 var=  0.0000 fitness= 74.0000
-->8--
         14       7 
     21      24      23
      8       5       6 
 12       2       9      16
 15      17      19      13
     20      22      11 
     10       1       3
          4      18 
--8<--
