found: sum= 72.0000 var=  0.0000 fitness= 72.0000 age=0
-->8--
         15       1 
     13       9      23
     11      14      22 
 17      10       3       5
 12      18      21       2
      4       6      19 
     16      20       7
          8      -1 
--8<--
found: sum= 71.0000 var=  0.0000 fitness= 71.0000 age=0
-->8--
         20      22 
     11      13       9
     17       4      16 
 12       6       7      18
 -1      14      21       8
     23      19       1 
      2      10      15
          3       5 
--8<--
found: sum= 76.0000 var=  0.0000 fitness= 76.0000 age=0
-->8--
         15       9 
     22      17      24
     13       8      11 
 18       1       7      12
  2      19      20      16
     23      21      10 
      4       6      14
          3       5 
--8<--
found: sum= 68.0000 var=  0.0000 fitness= 68.0000 age=0
-->8--
          8      11 
     18       6      10
      9      20      -1 
 14       7      22      23
  3      16       2       5
     19       1      17 
     13      15      12
          4      21 
--8<--
found: sum= 77.0000 var=  0.0000 fitness= 77.0000 age=0
-->8--
         10      12 
      4      23       5
     13       8      15 
  2      19      14      -1
  7      16       9      22
     20      11      18 
      6      21       1
          3      17 
--8<--
found: sum= 71.0000 var=  0.0000 fitness= 71.0000 age=0
-->8--
         14      20 
     19       6       9
     10      15      23 
 13       7      -2       4
  1      18      21       8
     22      12      17 
      5       3       2
         11      16 
--8<--
found: sum= 76.0000 var=  0.0000 fitness= 76.0000 age=0
-->8--
         18       6 
      9       1       8
     21      24      17 
 22       3      20       4
  7      11       2      23
     12      16      10 
     13      19      14
          5      15 
--8<--
found: sum= 73.0000 var=  0.0000 fitness= 73.0000 age=0
-->8--
         22      23 
      5      21      -1
     10       9      14 
 20       6       7      12
  4      18      16      13
     15      17      11 
      1      19       2
          3       8 
--8<--
found: sum= 79.0000 var=  0.0000 fitness= 79.0000 age=0
-->8--
         15      18 
     16      20      10
     13       6      21 
 23       9       4       1
  2      24      17      14
      8      19      22 
     12      11       7
          5       3 
--8<--
found: sum= 74.0000 var=  0.0000 fitness= 74.0000 age=0
-->8--
         20      17 
      2      18      12
     19       7      14 
 10       8       6      23
  1      15      16       4
     21      22      11 
      5      13       3
         -2       9 
--8<--
found: sum= 81.0000 var=  0.0000 fitness= 81.0000 age=0
-->8--
          3      14 
     11      18       2
     24       9      21 
 10      16      17       6
  1       7      13      20
     23      19       4 
     12      15      22
          5       8 
--8<--
found: sum= 74.0000 var=  0.0000 fitness= 74.0000 age=0
-->8--
          8      21 
     11      18      -1
     22      10      14 
 17       5      12       7
  2       9      15      20
     19      23       6 
      4      16       1
          3      13 
--8<--
found: sum= 77.0000 var=  0.0000 fitness= 77.0000 age=0
-->8--
          6      17 
     18      21      -2
     15       8      22 
 12       9      11      13
  4      23      10       2
     14      16      19 
      3      20       7
          1       5 
--8<--
found: sum= 62.0000 var=  0.0000 fitness= 62.0000 age=0
-->8--
          5      -3 
     19      18      22
      7       9       6 
 14       4      10      21
  1      16      15      12
     20       8      -2 
      3      13      11
          2      17 
--8<--
found: sum= 80.0000 var=  0.0000 fitness= 80.0000 age=0
-->8--
         12       4 
     18      15       8
     13      16      17 
 10       6      20       3
  9      19       5      24
     23      14      11 
      1      21       7
          2      22 
--8<--
found: sum= 83.0000 var=  0.0000 fitness= 83.0000 age=0
-->8--
          9      14 
     12      23       3
     18      13      11 
 16       8      19      10
  6      15       4      17
     20      24      22 
      2      21       7
          1       5 
--8<--
found: sum= 84.0000 var=  0.0000 fitness= 84.0000 age=0
-->8--
          7       8 
     12      21      18
     20      11      23 
  9      13       3      10
  2      16      19      14
     24      22      15 
      4      17       5
          1       6 
--8<--
found: sum= 81.0000 var=  0.0000 fitness= 81.0000 age=0
-->8--
         11       2 
     18      13       8
     17      15      22 
 16       7      21       6
  3      14       4       9
     24      20      19 
      1      10       5
         12      23 
--8<--
found: sum= 78.0000 var=  0.0000 fitness= 78.0000 age=0
-->8--
         10       4 
     21      22      11
      5       8      13 
 24      12      20      23
  3      15       7       1
     19      16      14 
      9      17      18
          2       6 
--8<--
found: sum= 65.0000 var=  0.0000 fitness= 65.0000 age=0
-->8--
         19      16 
     13      15       7
     12       2      14 
 20       4      11      17
  1      18       8       9
     10      22       6 
     -2      21       5
         -4       3 
--8<--
execution time: real 1.128400s user 0.007998s sys 0.001999s
GA: P=512 K=256 sp=3 xover=2D/1 aging
generation #10: pop m= 78.433 v=1.195 f= 74.364
best: found: sum= 84.0000 var=  0.0000 fitness= 84.0000 age=1
-->8--
          7       8 
     12      21      18
     20      11      23 
  9      13       3      10
  2      16      19      14
     24      22      15 
      4      17       5
          1       6 
--8<--
found: sum= 81.0000 var=  0.0000 fitness= 81.0000 age=1
-->8--
         11       2 
     18      13       8
     17      15      22 
 16       7      21       6
  3      14       4       9
     24      20      19 
      1      10       5
         12      23 
--8<--
found: sum= 81.0000 var=  0.0000 fitness= 81.0000 age=3
-->8--
          3      14 
     11      18       2
     24       9      21 
 10      16      17       6
  1       7      13      20
     23      19       4 
     12      15      22
          5       8 
--8<--
found: sum= 65.0000 var=  0.0000 fitness= 65.0000 age=1
-->8--
         19      16 
     13      15       7
     12       2      14 
 20       4      11      17
  1      18       8       9
     10      22       6 
     -2      21       5
         -4       3 
--8<--
found: sum= 77.0000 var=  0.0000 fitness= 77.0000 age=2
-->8--
          6      17 
     18      21      -2
     15       8      22 
 12       9      11      13
  4      23      10       2
     14      16      19 
      3      20       7
          1       5 
--8<--
found: sum= 77.0000 var=  0.0000 fitness= 77.0000 age=7
-->8--
         10      12 
      4      23       5
     13       8      15 
  2      19      14      -1
  7      16       9      22
     20      11      18 
      6      21       1
          3      17 
--8<--
found: sum= 78.0000 var=  0.0000 fitness= 78.0000 age=1
-->8--
         10       4 
     21      22      11
      5       8      13 
 24      12      20      23
  3      15       7       1
     19      16      14 
      9      17      18
          2       6 
--8<--
found: sum= 79.0000 var=  0.0000 fitness= 79.0000 age=4
-->8--
         15      18 
     16      20      10
     13       6      21 
 23       9       4       1
  2      24      17      14
      8      19      22 
     12      11       7
          5       3 
--8<--
found: sum= 80.0000 var=  0.0000 fitness= 80.0000 age=2
-->8--
         12       4 
     18      15       8
     13      16      17 
 10       6      20       3
  9      19       5      24
     23      14      11 
      1      21       7
          2      22 
--8<--
found: sum= 83.0000 var=  0.0000 fitness= 83.0000 age=2
-->8--
          9      14 
     12      23       3
     18      13      11 
 16       8      19      10
  6      15       4      17
     20      24      22 
      2      21       7
          1       5 
--8<--
