execution time: real 0.005135s user 0.001999s sys 0.000999s
GA: P=10 K=7 sp=3 xover_cuts=2
generation #2: pop m= 77.314 v= 69.947 f= 57.465 var0cnt=1 bage=1
best: sum= 80.7143 var=  0.2041 fitness= 78.5012
-->8--
          3       5 
     11      24      12
     22       7      17 
 10      14      16      18
  8      20       1      13
      6      23      15 
      9      19      21
          4       2 
--8<--
found: sum= 74.0000 var=  0.0000 fitness= 74.0000
-->8--
         16       8 
     19      21      18
      2      15       5 
 20       1       7       4
 23      17      24      12
     11      10      22 
     14       9       6
         13       3 
--8<--
