found: sum= 72.0000 var=  0.0000 fitness= 72.0000
-->8--
         20      14 
     21       8      16
     12       2      17 
 19       9      15      11
  1      18      22       4
     13       6       3 
      5       7      24
         23      10 
--8<--
found: sum= 79.0000 var=  0.0000 fitness= 79.0000
-->8--
          5      22 
      4      12       3
     18      17      24 
  6      23       1       2
  9       7      21      20
     16      10      11 
     19      14      15
         13       8 
--8<--
found: sum= 76.0000 var=  0.0000 fitness= 76.0000
-->8--
         16       2 
      6      20      12
      8      21      18 
 19       5       3      17
  9      22      24       4
     13       1      10 
     15      11       7
         14      23 
--8<--
found: sum= 75.0000 var=  0.0000 fitness= 75.0000
-->8--
         13       9 
     21      22      17
      6       1       8 
 20      12      18      19
 10      23      14       5
      4       7      11 
      2      24       3
         15      16 
--8<--
found: sum= 77.0000 var=  0.0000 fitness= 77.0000
-->8--
         17       7 
     13      24      22
     20       2       3 
 16       1      19       4
  6      23      18      21
     11      14      12 
      9      15       8
          5      10 
--8<--
found: sum= 76.0000 var=  0.0000 fitness= 76.0000
-->8--
          3      10 
      7      24       4
     14      16       1 
 15      12      21      11
  5      17       2      22
     13       8      19 
     23       9      18
          6      20 
--8<--
found: sum= 75.0000 var=  0.0000 fitness= 75.0000
-->8--
          8      11 
     23       1      21
     12      22      15 
  2       9       5      24
 20      19       3      10
     13      17      18 
      4      16       7
          6      14 
--8<--
found: sum= 75.0000 var=  0.0000 fitness= 75.0000
-->8--
          1      10 
     18      17       9
      3      20       4 
 22      16      15      23
  2       8       5       7
     24      11      21 
     12       6      13
         14      19 
--8<--
found: sum= 74.0000 var=  0.0000 fitness= 74.0000
-->8--
         14      10 
     19       2       9
     23      12      17 
 11       4      24       3
 22      13      15       8
      1       6       7 
     18      20       5
         16      21 
--8<--
found: sum= 76.0000 var=  0.0000 fitness= 76.0000
-->8--
          1      10 
     15      24       3
      8      21       5 
 20       7      13      12
  4      14      19      16
     23       2      11 
     22       9      18
          6      17 
--8<--
found: sum= 79.0000 var=  0.0000 fitness= 79.0000
-->8--
         20       7 
      2      23      18
     17      16      12 
 10       1       3      19
 15      14      21      11
     22      24      13 
      5       8       4
          6       9 
--8<--
found: sum= 74.0000 var=  0.0000 fitness= 74.0000
-->8--
         10      17 
     22      14       8
      4      13      16 
 15      11       6       2
 19       1      20      21
     24      23       9 
      5       3      12
         18       7 
--8<--
found: sum= 80.0000 var=  0.0000 fitness= 80.0000
-->8--
          8       7 
      3      23      12
      9      18      16 
 11      19       4       5
  2      17      21      10
     22       1      24 
     14       6      15
         20      13 
--8<--
found: sum= 78.0000 var=  0.0000 fitness= 78.0000
-->8--
         20      14 
     21      23      11
      5       8      10 
 16       1      12       6
 15      17      18      13
     24      22      19 
      4       9       3
          2       7 
--8<--
found: sum= 77.0000 var=  0.0000 fitness= 77.0000
-->8--
         13      23 
      7      20       1
     11      24       3 
  5       2       6      19
 22      16      14      17
     21      15      18 
      4      12       8
          9      10 
--8<--
found: sum= 79.0000 var=  0.0000 fitness= 79.0000
-->8--
         17       1 
      4      19      14
     22      11      18 
 13       6      16       7
 15       2      24       9
     21      20       5 
     23      10      12
          3       8 
--8<--
found: sum= 76.0000 var=  0.0000 fitness= 76.0000
-->8--
         21      20 
      3      15      16
     11       7      10 
 13      19       8      24
  2      14       6       5
     17      22      23 
     18       4      12
          1       9 
--8<--
found: sum= 75.0000 var=  0.0000 fitness= 75.0000
-->8--
          4      14 
     12      16      15
     13      23       1 
 20       7       6      19
  2       9      22      17
     24       8      10 
      5      11      21
         18       3 
--8<--
found: sum= 69.0000 var=  0.0000 fitness= 69.0000
-->8--
         21      13 
     20      10      23
      4       2       7 
 17      12      14      18
 15      16       3      19
      5      22       8 
      9      11      24
          6       1 
--8<--
found: sum= 73.0000 var=  0.0000 fitness= 73.0000
-->8--
          9       3 
     24      23      13
      8       2      17 
 19       7      15      16
 20      18      10       4
      1      21      11 
     22       5      12
          6      14 
--8<--
found: sum= 83.0000 var=  0.0000 fitness= 83.0000
-->8--
          2       9 
     13      18       7
     24      11      21 
 12      15      17       5
 16       6      20       1
     10      14      19 
     22      23       4
          8       3 
--8<--
found: sum= 77.0000 var=  0.0000 fitness= 77.0000
-->8--
         16       6 
      3      21      13
     12      24       5 
  9       1       8      14
 10      23      17      15
     22       4      18 
      2       7      11
         19      20 
--8<--
execution time: real 0.102816s user 0.007998s sys 0.000999s
GA: P=50 K=10 sp=2 xover=2D/1 optrpl=2 optskip=10 optmax=1.142857
generation #115: pop m= 78.377 v= 65.342 f= 49.636 best_age=1
best: found: sum= 83.0000 var=  0.0000 fitness= 83.0000
-->8--
          2       9 
     13      18       7
     24      11      21 
 12      15      17       5
 16       6      20       1
     10      14      19 
     22      23       4
          8       3 
--8<--
found: sum= 79.0000 var=  0.0000 fitness= 79.0000
-->8--
         20       7 
      2      23      18
     17      16      12 
 10       1       3      19
 15      14      21      11
     22      24      13 
      5       8       4
          6       9 
--8<--
found: sum= 80.0000 var=  0.0000 fitness= 80.0000
-->8--
          8       7 
      3      23      12
      9      18      16 
 11      19       4       5
  2      17      21      10
     22       1      24 
     14       6      15
         20      13 
--8<--
