found: sum= 75.0000 var=  0.0000 fitness= 75.0000
-->8--
         15      10 
     24      23       8
      3       1      11 
 13       9      22      19
 14      20       2       4
     16      21      17 
      7       5      12
          6      18 
--8<--
found: sum= 74.0000 var=  0.0000 fitness= 74.0000
-->8--
         19      24 
     17       3      18
     11      14      13 
  7      10       2       1
  8      23      20      16
     15       5      22 
      4       6       9
         21      12 
--8<--
found: sum= 77.0000 var=  0.0000 fitness= 77.0000
-->8--
         19      21 
     15      20      11
     14       7       8 
  5       2      10      16
  9      23      13      12
     24      22      18 
      3       1      17
          4       6 
--8<--
found: sum= 77.0000 var=  0.0000 fitness= 77.0000
-->8--
         16      23 
     21      17      14
     11       3      12 
 13       9       8       7
 10      15      20       6
     19      22      24 
      1       2       5
         18       4 
--8<--
found: sum= 81.0000 var=  0.0000 fitness= 81.0000
-->8--
          6       3 
     19      14      24
     23       7      13 
  2      12      20      17
 11      15       5      10
     18      22      16 
      4      21       9
          1       8 
--8<--
found: sum= 80.0000 var=  0.0000 fitness= 80.0000
-->8--
          5      19 
      8      24      16
     22       7      13 
 12      14       1       2
  6      17      23      20
      9      18      21 
     15      11       3
         10       4 
--8<--
found: sum= 77.0000 var=  0.0000 fitness= 77.0000
-->8--
         24      16 
      5      11      21
     22       2       9 
  1      13      18      19
 10      23       4      12
      8      17      15 
      6      20      14
          3       7 
--8<--
found: sum= 73.0000 var=  0.0000 fitness= 73.0000
-->8--
         21      17 
     22       1      14
     12       2      20 
 13      15      19       5
  9       6       8      10
     18      23      11 
     16       3       4
          7      24 
--8<--
found: sum= 74.0000 var=  0.0000 fitness= 74.0000
-->8--
         13      16 
     24      11      17
     15       2       7 
  6       9      21       4
 14      18       1      19
     12      23      22 
     10       3      20
          8       5 
--8<--
found: sum= 82.0000 var=  0.0000 fitness= 82.0000
-->8--
         20       1 
      8      23      22
     19       3      18 
  6       9      15       7
 10      17      24       2
     21      14      16 
     12      13      11
          5       4 
--8<--
execution time: real 0.029286s user 0.007998s sys 0.000999s
GA: P=50 K=10 sp=2 xover=2D/1 optrpl=2 optskip=10 optmax=1.142857
generation #20: pop m= 78.371 v= 52.170 f= 53.198 best_age=1
best: found: sum= 82.0000 var=  0.0000 fitness= 82.0000
-->8--
         20       1 
      8      23      22
     19       3      18 
  6       9      15       7
 10      17      24       2
     21      14      16 
     12      13      11
          5       4 
--8<--
found: sum= 74.0000 var=  0.0000 fitness= 74.0000
-->8--
         13      16 
     24      11      17
     15       2       7 
  6       9      21       4
 14      18       1      19
     12      23      22 
     10       3      20
          8       5 
--8<--
found: sum= 77.0000 var=  0.0000 fitness= 77.0000
-->8--
         24      16 
      5      11      21
     22       2       9 
  1      13      18      19
 10      23       4      12
      8      17      15 
      6      20      14
          3       7 
--8<--
found: sum= 80.0000 var=  0.0000 fitness= 80.0000
-->8--
          5      19 
      8      24      16
     22       7      13 
 12      14       1       2
  6      17      23      20
      9      18      21 
     15      11       3
         10       4 
--8<--
found: sum= 77.0000 var=  0.0000 fitness= 77.0000
-->8--
         19      21 
     15      20      11
     14       7       8 
  5       2      10      16
  9      23      13      12
     24      22      18 
      3       1      17
          4       6 
--8<--
