found: sum= 76.0000 var=  0.0000 fitness= 76.0000
-->8--
         23       9 
     13      15      20
     11       6      12 
 16       8      14      10
  1      22       2      17
     18      24      21 
      5       3       7
          4      19 
--8<--
found: sum= 79.0000 var=  0.0000 fitness= 79.0000
-->8--
          3      16 
      5       7       4
     17      23      19 
  2      24      10      20
  6       8       1      11
     22      13      18 
     15      12      14
          9      21 
--8<--
found: sum= 69.0000 var=  0.0000 fitness= 69.0000
-->8--
         12      20 
     24       2      15
     11      13       1 
 19       7      18      23
 21       6       3       8
      5      22      16 
      9      10      14
         17       4 
--8<--
found: sum= 74.0000 var=  0.0000 fitness= 74.0000
-->8--
         17      11 
     14       1      23
     16       7      22 
 12      19      10      13
  5       2      15       6
     20      21       8 
     24       3      18
          4       9 
--8<--
found: sum= 74.0000 var=  0.0000 fitness= 74.0000
-->8--
         22      10 
     15      23      17
      7       1      11 
 13       6      12       4
 16      14      21      24
     18      20       2 
      5       9       3
          8      19 
--8<--
found: sum= 79.0000 var=  0.0000 fitness= 79.0000
-->8--
         20       1 
      3      14       6
     18      11      23 
 16      13      24       2
 15       7       5       4
     10      19      21 
     12       9      17
         22       8 
--8<--
found: sum= 78.0000 var=  0.0000 fitness= 78.0000
-->8--
          1      11 
     21       6      20
     23       5      24 
  3      22      12       4
 10      18       8      14
      2      13      16 
      9      19       7
         17      15 
--8<--
found: sum= 79.0000 var=  0.0000 fitness= 79.0000
-->8--
         15       9 
      3      22      10
     20       2      12 
 21      17      24       1
  6       8       5      19
      7      23      18 
     14      16      13
         11       4 
--8<--
found: sum= 81.0000 var=  0.0000 fitness= 81.0000
-->8--
         16       6 
     14      17       7
     20      12      24 
 19       2      15      11
 18       9      22       1
     13      21       8 
     10      23       3
          5       4 
--8<--
execution time: real 0.039124s user 0.010998s sys 0.000000s
GA: P=50 K=10 sp=2 xover=2D/1 optrpl=2 optskip=10 optmax=1.005952
generation #34: pop m= 77.223 v= 50.074 f= 54.001 best_age=1
best: found: sum= 81.0000 var=  0.0000 fitness= 81.0000
-->8--
         16       6 
     14      17       7
     20      12      24 
 19       2      15      11
 18       9      22       1
     13      21       8 
     10      23       3
          5       4 
--8<--
found: sum= 79.0000 var=  0.0000 fitness= 79.0000
-->8--
         15       9 
      3      22      10
     20       2      12 
 21      17      24       1
  6       8       5      19
      7      23      18 
     14      16      13
         11       4 
--8<--
found: sum= 79.0000 var=  0.0000 fitness= 79.0000
-->8--
         20       1 
      3      14       6
     18      11      23 
 16      13      24       2
 15       7       5       4
     10      19      21 
     12       9      17
         22       8 
--8<--
