execution time: real 0.008310s user 0.000999s sys 0.000999s
GA: P=10 K=7 sp=3 xover_cuts=2
generation #3: pop m= 75.771 v= 99.073 f= 48.414 var0cnt=2 bage=1
best: sum= 81.1429 var=  0.6939 fitness= 77.0620
-->8--
          6       3 
      7      24      12
     22      20      14 
 11       1       9      23
 13      19      16      10
     15      17       8 
      5      21      18
          4       2 
--8<--
found: sum= 75.0000 var=  0.0000 fitness= 75.0000
-->8--
         15      18 
     21       2      10
      1      14      20 
 12      22      11      16
 13       4      17       6
     23       7       5 
      8      24      19
          9       3 
--8<--
found: sum= 76.0000 var=  0.0000 fitness= 76.0000
-->8--
         23      22 
      7       1       2
     24      18      20 
  8       3      13      17
 14      15      16       6
     12      11       4 
      9      19      21
         10       5 
--8<--
