found: sum= 76.0000 var=  0.0000 fitness= 76.0000
-->8--
          1      19 
     14      24       3
      5       9       4 
 10      23      17      20
  8      12      13      15
     18       2       7 
      6      22      11
         16      21 
--8<--
found: sum= 80.0000 var=  0.0000 fitness= 80.0000
-->8--
          1       3 
      8      22      19
     15      14      18 
  7      20       4      23
 12      10      21       9
     16      11       5 
      2      24       6
         17      13 
--8<--
found: sum= 83.0000 var=  0.0000 fitness= 83.0000
-->8--
         14       1 
      3      19       9
     23      22      20 
 10       2      12       4
 13      18      24       8
     17       5      15 
      6      21       7
         16      11 
--8<--
execution time: real 0.900326s user 0.015997s sys 0.043993s
GA: P=50 K=10 sp=2 xover=2D/1 optrpl=2 optskip=10 optmax=1.142857
generation #4004: pop m= 78.406 v=119.741 f= 31.611 best_age=1
best: found: sum= 83.0000 var=  0.0000 fitness= 83.0000
-->8--
         14       1 
      3      19       9
     23      22      20 
 10       2      12       4
 13      18      24       8
     17       5      15 
      6      21       7
         16      11 
--8<--
