found: sum= 67.0000 var=  0.0000 fitness= 67.0000 age=0
-->8--
         16      20 
      6      14      -1
     18       4      13 
  3       9      17      -1
  1      15      12      19
     21      10       7 
      8      11       5
          2      22 
--8<--
found: sum= 69.0000 var=  0.0000 fitness= 69.0000 age=0
-->8--
          6      22 
     13      21       3
     18      -1       8 
 10      12      16      20
  5       9      14       4
     15      19       7 
      2       1      17
         23      11 
--8<--
found: sum= 72.0000 var=  0.0000 fitness= 72.0000 age=0
-->8--
         15      12 
     18      20       5
     13       4      22 
 14       2       9       1
  3      17      19      11
     23      21      10 
      7      -2       8
          6      16 
--8<--
found: sum= 82.0000 var=  0.0000 fitness= 82.0000 age=0
-->8--
         18      19 
     14      21       2
      8       1      22 
  9      20      17       4
  6      15      13       3
     24      16      23 
      5      12      11
         10       7 
--8<--
found: sum= 63.0000 var=  0.0000 fitness= 63.0000 age=0
-->8--
         17       8 
     13      18      15
      5      -1      14 
 19      11       9      12
  1       6      16      10
     21      22       2 
      3       4      20
          7      -1 
--8<--
found: sum= 81.0000 var=  0.0000 fitness= 81.0000 age=0
-->8--
         21      20 
     13      18       2
      6       8      22 
 19      15      11       1
  3      14      17       7
     24      16      23 
     10      12       4
          5       9 
--8<--
execution time: real 0.409501s user 0.006998s sys 0.000999s
GA: P=512 K=256 sp=3 xover=2D/1 aging
generation #3: pop m= 69.949 v=11.850 f= 56.266
best: found: sum= 82.0000 var=  0.0000 fitness= 82.0000 age=1
-->8--
         18      19 
     14      21       2
      8       1      22 
  9      20      17       4
  6      15      13       3
     24      16      23 
      5      12      11
         10       7 
--8<--
found: sum= 69.0000 var=  0.0000 fitness= 69.0000 age=2
-->8--
          6      22 
     13      21       3
     18      -1       8 
 10      12      16      20
  5       9      14       4
     15      19       7 
      2       1      17
         23      11 
--8<--
found: sum= 67.0000 var=  0.0000 fitness= 67.0000 age=2
-->8--
         16      20 
      6      14      -1
     18       4      13 
  3       9      17      -1
  1      15      12      19
     21      10       7 
      8      11       5
          2      22 
--8<--
found: sum= 63.0000 var=  0.0000 fitness= 63.0000 age=1
-->8--
         17       8 
     13      18      15
      5      -1      14 
 19      11       9      12
  1       6      16      10
     21      22       2 
      3       4      20
          7      -1 
--8<--
found: sum= 72.0000 var=  0.0000 fitness= 72.0000 age=1
-->8--
         15      12 
     18      20       5
     13       4      22 
 14       2       9       1
  3      17      19      11
     23      21      10 
      7      -2       8
          6      16 
--8<--
found: sum= 81.0000 var=  0.0000 fitness= 81.0000 age=1
-->8--
         21      20 
     13      18       2
      6       8      22 
 19      15      11       1
  3      14      17       7
     24      16      23 
     10      12       4
          5       9 
--8<--
