found: sum= 78.0000 var=  0.0000 fitness= 78.0000
-->8--
         10       1 
      7       4      16
     19      20      23 
 12      18      14       2
 13      11       9       8
      5       6      22 
     24      17       3
         15      21 
--8<--
found: sum= 74.0000 var=  0.0000 fitness= 74.0000
-->8--
         18       6 
     16      22      23
      1       5       7 
 17      12      11       3
  9      20      24       8
     15       2      21 
     19       4      10
         14      13 
--8<--
found: sum= 77.0000 var=  0.0000 fitness= 77.0000
-->8--
         19      18 
     10       7      13
     24       3      20 
 23      14      16       5
  2       6      17       4
      8      21      15 
     22      11       1
          9      12 
--8<--
found: sum= 73.0000 var=  0.0000 fitness= 73.0000
-->8--
          8      24 
     16       1      21
     11      15       2 
  9      22      10      12
  7       4      19      17
     20       3      13 
     23      18       6
          5      14 
--8<--
found: sum= 77.0000 var=  0.0000 fitness= 77.0000
-->8--
          7      12 
      3       9      18
     15      23      10 
  4      20       5      24
 14      11       1      21
     13      17      16 
      6      22      19
          8       2 
--8<--
found: sum= 78.0000 var=  0.0000 fitness= 78.0000
-->8--
         22      18 
      5      24       1
     10      14      12 
 23       3       9      11
  2      19      13      16
     21      20      17 
      8       6       7
          4      15 
--8<--
found: sum= 75.0000 var=  0.0000 fitness= 75.0000
-->8--
         14      23 
     11       1      20
     22      10      13 
  3      17       8       9
  5      12      24      19
     16       4       2 
      7      21      18
         15       6 
--8<--
found: sum= 78.0000 var=  0.0000 fitness= 78.0000
-->8--
         20       3 
      2      21      18
      6      10      17 
  4      19       9       1
 13      22      11      16
     14       7      24 
     12       8       5
         15      23 
--8<--
found: sum= 76.0000 var=  0.0000 fitness= 76.0000
-->8--
          6      14 
     21       4      22
     20       1      16 
 10      24      19      13
 11       9       5       8
      2      18      15 
      7      23       3
         17      12 
--8<--
found: sum= 75.0000 var=  0.0000 fitness= 75.0000
-->8--
         19      18 
     22      21      12
      8       3       1 
  5       2      20       9
 13      23      16      15
     24      11      14 
      4       7      17
          6      10 
--8<--
found: sum= 80.0000 var=  0.0000 fitness= 80.0000
-->8--
          6       3 
      5      24      10
     14      12      20 
  9      19      11      18
 21      13       8       7
      4      17      16 
     23      22       2
          1      15 
--8<--
found: sum= 78.0000 var=  0.0000 fitness= 78.0000
-->8--
         21      12 
     19       9      17
     13       6      16 
  5      10      18       3
  7      20      22       4
     23       2      15 
     11      14       1
          8      24 
--8<--
found: sum= 78.0000 var=  0.0000 fitness= 78.0000
-->8--
          8       2 
     13       9      12
      7      22      17 
  3      19      16      14
 11      15       1       6
     23       5      24 
     21      10      20
          4      18 
--8<--
found: sum= 76.0000 var=  0.0000 fitness= 76.0000
-->8--
          2      16 
     12      17      14
     10      22       4 
  1      13       3      18
 21      24       8      20
      7       6      23 
      5      19       9
         15      11 
--8<--
found: sum= 77.0000 var=  0.0000 fitness= 77.0000
-->8--
          4      24 
     16      17      10
      2      18       3 
 11      20       5      22
  8      13      12      14
     23       9      21 
      6      19      15
          7       1 
--8<--
found: sum= 73.0000 var=  0.0000 fitness= 73.0000
-->8--
         23      16 
      2       1      21
     20       3      18 
 12      24      14       5
  7       4      15      10
      6      13      11 
     19       9      17
         22       8 
--8<--
found: sum= 75.0000 var=  0.0000 fitness= 75.0000
-->8--
         22       3 
      8      23      19
      4       2      11 
 13      16      17      14
 21      20      15       6
      1       5      12 
     18      24       9
          7      10 
--8<--
found: sum= 76.0000 var=  0.0000 fitness= 76.0000
-->8--
          8       1 
      7       2      18
     16      21      20 
  5      22      14       6
 13       3      12       9
     17       4      15 
     23      10      11
         19      24 
--8<--
found: sum= 74.0000 var=  0.0000 fitness= 74.0000
-->8--
          3      14 
     20       2      17
     12      16      18 
  1      21       7       9
  5      11      13      23
     24       6       4 
     15      10      19
          8      22 
--8<--
found: sum= 81.0000 var=  0.0000 fitness= 81.0000
-->8--
          6       9 
     11      21      10
     24       5      16 
  7      14      20      18
  2      15      23       1
     19       4       3 
     13      22      17
          8      12 
--8<--
found: sum= 77.0000 var=  0.0000 fitness= 77.0000
-->8--
          7       8 
      5      24      21
     13       6       1 
  4      22      17      19
 10      16       2      18
     12      14      20 
      9      15      23
         11       3 
--8<--
found: sum= 75.0000 var=  0.0000 fitness= 75.0000
-->8--
         23       6 
      2      18      21
      5      10       9 
 16      17      11       7
 19      14      20      13
      4       3      15 
     22      24       1
          8      12 
--8<--
found: sum= 78.0000 var=  0.0000 fitness= 78.0000
-->8--
          3       4 
     17       5      24
     18      19      11 
  7      16      15       2
 10      14       6      23
     13       8      21 
     20      22       9
          1      12 
--8<--
found: sum= 79.0000 var=  0.0000 fitness= 79.0000
-->8--
         20       6 
      9      24      16
      3       1      15 
 18      22      17      10
 13       4      14      12
     19      21      11 
      7      23       8
          5       2 
--8<--
found: sum= 79.0000 var=  0.0000 fitness= 79.0000
-->8--
         15      14 
      7      11      22
     19       3      23 
  2      24       6      10
  5       8      18      13
     21      20       9 
     17      12       4
          1      16 
--8<--
found: sum= 74.0000 var=  0.0000 fitness= 74.0000
-->8--
         21       7 
     20      10      11
      6       1      23 
  5      16      22       8
 19      13       4       3
     15      18      14 
      9       2      24
         17      12 
--8<--
found: sum= 79.0000 var=  0.0000 fitness= 79.0000
-->8--
         14       1 
      3       5      19
     18      15      23 
 12      24      16       2
  4      10       8       9
     11       6      21 
     22      17       7
         13      20 
--8<--
found: sum= 80.0000 var=  0.0000 fitness= 80.0000
-->8--
         23       2 
      5      24      15
     16       3      14 
 20       9      22       1
 11       7      21      12
     17      18      10 
     13      19       8
          6       4 
--8<--
found: sum= 76.0000 var=  0.0000 fitness= 76.0000
-->8--
          9      14 
     13      21      10
      6       3      16 
 19      24      12       7
  1      11       4      17
     15      22      20 
     18       2       5
          8      23 
--8<--
found: sum= 79.0000 var=  0.0000 fitness= 79.0000
-->8--
          8       4 
     13      24       5
     10      23      16 
 19       1       7      12
 14      20       6      17
     15      22      21 
      2       9       3
         11      18 
--8<--
found: sum= 72.0000 var=  0.0000 fitness= 72.0000
-->8--
         20      10 
     22       4      24
      1       9      17 
  2      16       8       7
 14      21      12      13
     18       6      15 
     19       5      11
          3      23 
--8<--
found: sum= 79.0000 var=  0.0000 fitness= 79.0000
-->8--
          4       3 
      7      22      10
     17       8      24 
 16      21      12       9
  1      13       5      23
     11      20       6 
     18      15      19
          2      14 
--8<--
found: sum= 77.0000 var=  0.0000 fitness= 77.0000
-->8--
         10       7 
     22      15       6
      3       8      21 
  2      19      20       4
 17      24       1      13
     12       5      18 
      9      16      14
         11      23 
--8<--
found: sum= 79.0000 var=  0.0000 fitness= 79.0000
-->8--
         14      18 
      6      24      17
     22       8       1 
  2       5      11      21
 15      19      23       3
     16      13      20 
      9      12       4
         10       7 
--8<--
found: sum= 84.0000 var=  0.0000 fitness= 84.0000
-->8--
          3       1 
      4      23       2
     15      18      24 
  8      21      16       9
 11      10       6       7
     19      13      22 
      5      17      14
         20      12 
--8<--
execution time: real 0.159873s user 0.006998s sys 0.002999s
GA: P=50 K=10 sp=2 xover=2D/1 optrpl=2 optskip=10 optmax=1.142857
generation #211: pop m= 78.406 v= 56.820 f= 50.882 best_age=1
best: found: sum= 84.0000 var=  0.0000 fitness= 84.0000
-->8--
          3       1 
      4      23       2
     15      18      24 
  8      21      16       9
 11      10       6       7
     19      13      22 
      5      17      14
         20      12 
--8<--
found: sum= 79.0000 var=  0.0000 fitness= 79.0000
-->8--
         14      18 
      6      24      17
     22       8       1 
  2       5      11      21
 15      19      23       3
     16      13      20 
      9      12       4
         10       7 
--8<--
