found: sum= 78.0000 var=  0.0000 fitness= 78.0000
-->8--
          3      13 
      4      12       1
     14      24      18 
  8      21      10      22
 19       7       5       6
      9      11      17 
     15      20       2
         16      23 
--8<--
found: sum= 78.0000 var=  0.0000 fitness= 78.0000
-->8--
         16      10 
     12      19      13
     24       1      14 
 15       6      21       5
  2      11      22       7
     20      17       9 
      8       4      23
         18       3 
--8<--
found: sum= 76.0000 var=  0.0000 fitness= 76.0000
-->8--
         19       2 
     21      17      15
      4      14       5 
  9       1      23       7
 16      22      13       8
     24       3      20 
     11      10      18
          6      12 
--8<--
found: sum= 74.0000 var=  0.0000 fitness= 74.0000
-->8--
         10      13 
     22       7      16
     24       2      21 
 20       9      15       4
  3      17      23       5
      1       8       6 
     18      11      12
         19      14 
--8<--
found: sum= 75.0000 var=  0.0000 fitness= 75.0000
-->8--
         19       9 
     22      23       7
      6       2      21 
 14       3      13      10
 15      17      16      11
     20      24       4 
      5       1      12
          8      18 
--8<--
found: sum= 75.0000 var=  0.0000 fitness= 75.0000
-->8--
          5      23 
     24      12       3
      9      19       4 
  2       6      14      11
 16      20      15      10
     22       1      21 
     17       7      13
          8      18 
--8<--
found: sum= 76.0000 var=  0.0000 fitness= 76.0000
-->8--
          4      11 
     19      23      18
     14       1       3 
  2      15      20       9
 16      24      10      21
      5       6      13 
     12      22       8
          7      17 
--8<--
found: sum= 77.0000 var=  0.0000 fitness= 77.0000
-->8--
          4       2 
     20      21      13
      3      24       7 
 15       5      10       6
 17      18       9      22
     19      11      23 
     16      12       8
          1      14 
--8<--
found: sum= 76.0000 var=  0.0000 fitness= 76.0000
-->8--
          3       5 
     14      22       4
      1      21       7 
  8      15      17      10
 23       9       2      16
     20      12      24 
     18       6      19
         11      13 
--8<--
found: sum= 78.0000 var=  0.0000 fitness= 78.0000
-->8--
          1       8 
     12       2      17
     18      24      22 
  7      21       5       6
 19       3      16      14
     10       9      15 
     13      23       4
         20      11 
--8<--
found: sum= 74.0000 var=  0.0000 fitness= 74.0000
-->8--
         13       5 
     15       1       7
     20      21      16 
  9       4      24      23
 18      11       6       3
     12       8       2 
     14      19      22
         10      17 
--8<--
found: sum= 78.0000 var=  0.0000 fitness= 78.0000
-->8--
          5       8 
      6      24      16
     17      22       1 
 10       4       7      15
 21      12      13      19
     14      20      23 
     18      11       2
          3       9 
--8<--
found: sum= 78.0000 var=  0.0000 fitness= 78.0000
-->8--
         18       1 
      2      16      11
     12      23      22 
 20       7       5       8
  6      19      21      13
     14       3       9 
     15      17       4
         10      24 
--8<--
found: sum= 77.0000 var=  0.0000 fitness= 77.0000
-->8--
          1       4 
     17       7      18
      9      24      13 
  6      19      11      14
 16      12       8      10
     15       3      21 
     22      20       2
          5      23 
--8<--
found: sum= 74.0000 var=  0.0000 fitness= 74.0000
-->8--
          3       8 
      4      23       6
     12      18      10 
  1      14       9      19
 20      11       5      24
     16      17       7 
     15       2      21
         13      22 
--8<--
found: sum= 81.0000 var=  0.0000 fitness= 81.0000
-->8--
          4      12 
      5      24       6
     14      23       9 
  1      11       7      13
 16      18      20      10
     21       2      22 
     17      15       3
          8      19 
--8<--
found: sum= 74.0000 var=  0.0000 fitness= 74.0000
-->8--
          4      18 
      2      24       6
      7      14      11 
 20      23       1      19
 13       3      17      21
      8      16       5 
     10      15      12
         22       9 
--8<--
found: sum= 80.0000 var=  0.0000 fitness= 80.0000
-->8--
          6       2 
      4      15       1
     16      19      22 
  9      20      21      11
 13      12       5       7
     10       3      14 
     24      23      17
          8      18 
--8<--
found: sum= 78.0000 var=  0.0000 fitness= 78.0000
-->8--
          9       6 
     18      22      20
     17      10       4 
 19       2      16      15
 13      24      14       8
      3      12      21 
      5      23       7
         11       1 
--8<--
found: sum= 74.0000 var=  0.0000 fitness= 74.0000
-->8--
          7      10 
      9      24      19
     12       6       2 
 20      16      13      18
  1      14       3      21
     11      22      17 
      8       4       5
         15      23 
--8<--
found: sum= 72.0000 var=  0.0000 fitness= 72.0000
-->8--
         22      13 
     15      24       9
      7       3       6 
 21       1      17      10
 19       8      23      14
     16      20       2 
     11       5      18
         12       4 
--8<--
found: sum= 81.0000 var=  0.0000 fitness= 81.0000
-->8--
          3       2 
      4      21       8
     15      18      23 
  1      20       9       6
 14       7      16      17
     24      11      10 
     22      12      19
          5      13 
--8<--
found: sum= 79.0000 var=  0.0000 fitness= 79.0000
-->8--
          7       2 
     20      23      13
      6       1      21 
  3      22      19      12
 10      24       4       8
     14       9      15 
      5      16      17
         11      18 
--8<--
found: sum= 77.0000 var=  0.0000 fitness= 77.0000
-->8--
          3       5 
      4      21      16
     17       9       8 
 13      23      18       6
  2      15       1      24
      7      11      20 
     22      12      14
         10      19 
--8<--
found: sum= 77.0000 var=  0.0000 fitness= 77.0000
-->8--
          9       6 
      5      20      15
     14       8       4 
 11      21      24       3
  2      16       1      23
     13       7      22 
     19      12      17
         10      18 
--8<--
found: sum= 75.0000 var=  0.0000 fitness= 75.0000
-->8--
         15       2 
     21      23       8
      9       1      17 
 18       6      24      11
 13      19       3      16
     10      22       4 
      5      12      20
          7      14 
--8<--
found: sum= 83.0000 var=  0.0000 fitness= 83.0000
-->8--
         12       2 
     14      23       3
     11      15      21 
 18       8      19       5
  4      22      13       9
     20       6      16 
     10      24      17
          1       7 
--8<--
found: sum= 73.0000 var=  0.0000 fitness= 73.0000
-->8--
         20      14 
     16      13      17
     18       4      10 
 19       2      15      12
  6      23      22       3
      5       7      11 
      9       8       1
         21      24 
--8<--
execution time: real 0.330321s user 0.009998s sys 0.000999s
GA: P=50 K=10 sp=2 xover=2D/1 optrpl=2 optskip=10 optmax=1.142857
generation #132: pop m= 77.394 v= 54.043 f= 51.273 best_age=1
best: found: sum= 83.0000 var=  0.0000 fitness= 83.0000
-->8--
         12       2 
     14      23       3
     11      15      21 
 18       8      19       5
  4      22      13       9
     20       6      16 
     10      24      17
          1       7 
--8<--
found: sum= 73.0000 var=  0.0000 fitness= 73.0000
-->8--
         20      14 
     16      13      17
     18       4      10 
 19       2      15      12
  6      23      22       3
      5       7      11 
      9       8       1
         21      24 
--8<--
found: sum= 81.0000 var=  0.0000 fitness= 81.0000
-->8--
          3       2 
      4      21       8
     15      18      23 
  1      20       9       6
 14       7      16      17
     24      11      10 
     22      12      19
          5      13 
--8<--
found: sum= 77.0000 var=  0.0000 fitness= 77.0000
-->8--
          9       6 
      5      20      15
     14       8       4 
 11      21      24       3
  2      16       1      23
     13       7      22 
     19      12      17
         10      18 
--8<--
found: sum= 79.0000 var=  0.0000 fitness= 79.0000
-->8--
          7       2 
     20      23      13
      6       1      21 
  3      22      19      12
 10      24       4       8
     14       9      15 
      5      16      17
         11      18 
--8<--
