execution time: real 0.007554s user 0.000999s sys 0.000000s
GA: P=10 K=7 sp=3 xover_cuts=2
generation #3: pop m= 79.614 v= 50.024 f= 66.694 var0cnt=1 bage=3
best: sum= 84.1429 var=  0.4082 fitness= 81.0130
-->8--
         13       9 
      3      15       7
     16      19      22 
  8      18      11      14
  1      20      10       5
     21       6      23 
      2      24       4
         12      17 
--8<--
found: sum= 79.0000 var=  0.0000 fitness= 79.0000
-->8--
          5       1 
     10       3      22
     18      24      21 
 11      19       8      17
  2      13       6       4
     16       9      23 
      7      14      15
         20      12 
--8<--
