found: sum= 78.0000 var=  0.0000 fitness= 78.0000
-->8--
         15      12 
     16       9      13
     23       5      21 
  1      10      18       4
 17      19       2      11
      8      24      22 
      6       7      20
         14       3 
--8<--
found: sum= 76.0000 var=  0.0000 fitness= 76.0000
-->8--
         19      12 
     21      10      15
     16       2      24 
 11       8      13       1
  6      17      22       7
     18      14       9 
      4       3      23
         20       5 
--8<--
found: sum= 78.0000 var=  0.0000 fitness= 78.0000
-->8--
         16       9 
      5      20       8
     12      15       4 
  1      10      22      13
 21      11      18       7
     23       2      14 
     19      17       3
          6      24 
--8<--
found: sum= 75.0000 var=  0.0000 fitness= 75.0000
-->8--
         22       4 
     23      21      12
      5       3      16 
 13       1      19       9
 15      24      10       7
     17      18      14 
      8       2      11
          6      20 
--8<--
found: sum= 76.0000 var=  0.0000 fitness= 76.0000
-->8--
         15      24 
     14      19       8
     12       3       4 
 23      13      18       7
  5       1      21       9
     22      20      17 
     16       6       2
         11      10 
--8<--
found: sum= 76.0000 var=  0.0000 fitness= 76.0000
-->8--
         19      12 
     20      14      13
     11       5       8 
  4       7      24       3
 15      17       2      23
     22      21      16 
      6       9      18
          1      10 
--8<--
found: sum= 74.0000 var=  0.0000 fitness= 74.0000
-->8--
         13      15 
     19       1      22
     12       5      17 
  7      24      14       9
  8      21       4      10
      2       6      20 
     11      18      23
         16       3 
--8<--
found: sum= 72.0000 var=  0.0000 fitness= 72.0000
-->8--
         22      15 
     19       7       8
     11      12      20 
 13       1      10      17
 21      24      16       3
      2       9       6 
      5      14      23
         18       4 
--8<--
found: sum= 79.0000 var=  0.0000 fitness= 79.0000
-->8--
         16       7 
      4      19      18
     17      13      21 
 24      10       1      15
  3      20      23       8
      5      12      11 
     14      22       2
          6       9 
--8<--
found: sum= 75.0000 var=  0.0000 fitness= 75.0000
-->8--
          8      10 
      6      19      17
     15       4       9 
 21      23      16      20
  3      12      18       5
      1       2       7 
     22      24      13
         14      11 
--8<--
found: sum= 82.0000 var=  0.0000 fitness= 82.0000
-->8--
         14      18 
     24      13      11
     17       6      22 
 10       8      12       7
  4      20      21       1
     23      15      19 
      3      16       2
          5       9 
--8<--
found: sum= 74.0000 var=  0.0000 fitness= 74.0000
-->8--
         20       4 
     17       2      13
      3      24      22 
 12       8       9      19
 16      21      11       7
     14       1       6 
     10      23      15
          5      18 
--8<--
found: sum= 75.0000 var=  0.0000 fitness= 75.0000
-->8--
         24      21 
     18       5      20
     11       4       9 
 10      13      16      22
  1      23       7       2
     17      12      19 
      6      14      15
          3       8 
--8<--
found: sum= 76.0000 var=  0.0000 fitness= 76.0000
-->8--
         12       1 
      4      11       7
     14      19      23 
 13      16      15      10
  9      18       5      21
      6       3       2 
      8      24      22
         17      20 
--8<--
found: sum= 71.0000 var=  0.0000 fitness= 71.0000
-->8--
         21       4 
      7      13      22
      1      15      12 
 19      14       5      11
 16       3      24      17
     18      10       2 
     23       9       6
          8      20 
--8<--
found: sum= 76.0000 var=  0.0000 fitness= 76.0000
-->8--
          7      23 
     10      24       6
     22       2      12 
  4      11       9      19
 16      20      13      18
      3      21       5 
     17      14      15
          1       8 
--8<--
found: sum= 76.0000 var=  0.0000 fitness= 76.0000
-->8--
         21       3 
     18      11      23
     19       2      24 
 16       5      13       6
  4      22      20      12
     10      14       1 
      7      15       9
          8      17 
--8<--
found: sum= 80.0000 var=  0.0000 fitness= 80.0000
-->8--
         12       2 
      8      23      10
     17      16      11 
 21       4      18       6
  5      19       1      24
     14      22      20 
      3      15      13
          7       9 
--8<--
found: sum= 74.0000 var=  0.0000 fitness= 74.0000
-->8--
         20       9 
     19       3      16
     13      17      15 
  7       2      14       1
 18      24      12      11
     10       5      21 
     23       8      22
          4       6 
--8<--
found: sum= 81.0000 var=  0.0000 fitness= 81.0000
-->8--
         13       9 
     18      14      15
     21       4      23 
  2      11      16       3
  8      19       7      10
     20      24      22 
     12       5       6
          1      17 
--8<--
found: sum= 79.0000 var=  0.0000 fitness= 79.0000
-->8--
          2      11 
      3      19      10
     12      23       7 
  5      20       9       1
 16       4      17      24
     22       6      21 
     18      14       8
         15      13 
--8<--
found: sum= 78.0000 var=  0.0000 fitness= 78.0000
-->8--
          2       1 
      4      11      12
     16      23      17 
 13      22      14      15
 10       9       7       5
      8       3      20 
     21      18      24
         19       6 
--8<--
found: sum= 76.0000 var=  0.0000 fitness= 76.0000
-->8--
         15      24 
     10      20      13
     16       7       3 
 14       8       9      23
  4      12      21      18
     22      19       2 
      5      17       6
          1      11 
--8<--
found: sum= 76.0000 var=  0.0000 fitness= 76.0000
-->8--
          4      10 
     17      24      19
      3       5       2 
 13      23      16      14
  8      11       1      22
     18      20      21 
      6      12       7
          9      15 
--8<--
found: sum= 73.0000 var=  0.0000 fitness= 73.0000
-->8--
         19      18 
     16       1      22
      2      15      10 
 14      20       7      13
 12       4       3      17
     21      24      23 
      5       8       6
         11       9 
--8<--
found: sum= 78.0000 var=  0.0000 fitness= 78.0000
-->8--
          1       9 
      3      20       8
     13      24      11 
  4      17       6      23
 22      10      14       5
     12       7      19 
     16      15       2
         18      21 
--8<--
found: sum= 76.0000 var=  0.0000 fitness= 76.0000
-->8--
          2      15 
      7       4       3
     16      24      17 
 12      23      13       8
  9      10       5      14
      6       1      19 
     21      18      11
         20      22 
--8<--
found: sum= 75.0000 var=  0.0000 fitness= 75.0000
-->8--
         12      15 
      4       3      18
     17      16      21 
 20      23       2       8
  9       5      19      14
      1      10      11 
     24      22       7
         13       6 
--8<--
found: sum= 81.0000 var=  0.0000 fitness= 81.0000
-->8--
         16      20 
      3      24       2
     22      15       6 
  4       1      14       7
 18      17      21      10
     19      13      23 
      9      11       8
         12       5 
--8<--
found: sum= 77.0000 var=  0.0000 fitness= 77.0000
-->8--
          9      10 
     23      16      12
     17       4      24 
  3       8      11      18
 15      14      21       1
     20      19       2 
      5       6       7
         13      22 
--8<--
found: sum= 79.0000 var=  0.0000 fitness= 79.0000
-->8--
          1      12 
      4      13       8
     18      22      15 
  3      21       9      17
  7       6       5      10
     24      16      23 
     11       2      14
         20      19 
--8<--
found: sum= 81.0000 var=  0.0000 fitness= 81.0000
-->8--
          6       2 
     23      12      14
     17      18      24 
  3       5      11       1
 15      20      19       4
     21       8      22 
     10       9       7
         13      16 
--8<--
found: sum= 81.0000 var=  0.0000 fitness= 81.0000
-->8--
          6      18 
      7      22      19
     24       5      16 
 11      17       1      15
  2      14      21       8
     13      23      20 
      9      10       3
         12       4 
--8<--
found: sum= 77.0000 var=  0.0000 fitness= 77.0000
-->8--
          2      19 
     10       3       8
     15      23      13 
  5      24      11      17
  7       4       6      18
     22       9      12 
      1      20      14
         21      16 
--8<--
found: sum= 80.0000 var=  0.0000 fitness= 80.0000
-->8--
         13       5 
     20      21       4
     18       7      24 
  9       1      19       2
 15      14      17      12
     23      22       6 
      3       8      16
         10      11 
--8<--
found: sum= 77.0000 var=  0.0000 fitness= 77.0000
-->8--
         14      23 
     16      21       5
      1       6      12 
  7      19      10      20
  4      24      15       9
     22       3      11 
      8      18      17
          2      13 
--8<--
found: sum= 78.0000 var=  0.0000 fitness= 78.0000
-->8--
          8      17 
      9       1      15
     18      20      13 
  5      22      12       4
  3      16       2      24
     14       6      23 
     10      21       7
         11      19 
--8<--
found: sum= 80.0000 var=  0.0000 fitness= 80.0000
-->8--
          2      10 
      5      21      17
     20      19       9 
 11      13       4      14
  3      15      23      22
     18       6       8 
      1      24       7
         16      12 
--8<--
found: sum= 75.0000 var=  0.0000 fitness= 75.0000
-->8--
          3      19 
      2      10      12
     22      17       1 
 11      21      16      24
  4       9       7      13
      8       5      14 
     18      20       6
         15      23 
--8<--
found: sum= 80.0000 var=  0.0000 fitness= 80.0000
-->8--
         12       1 
     18       8      13
     11      24      19 
 14       7      15      16
  5      20      10       3
     23       4      17 
      2      22      21
          9       6 
--8<--
found: sum= 69.0000 var=  0.0000 fitness= 69.0000
-->8--
         18      20 
      1      13      15
      6      14       5 
 23      17       2      21
  4      16      11      22
      3       9       8 
     19      10      24
         12       7 
--8<--
found: sum= 76.0000 var=  0.0000 fitness= 76.0000
-->8--
          9      24 
      5      11       1
     17      20       4 
  2      14      16       6
 22       3      15      12
     18       8      23 
     19       7      13
         21      10 
--8<--
found: sum= 74.0000 var=  0.0000 fitness= 74.0000
-->8--
         17      20 
      2      16      11
     19       7       8 
  9      13      12       4
 22       5      23      24
      6      14       3 
     10      18       1
         21      15 
--8<--
found: sum= 81.0000 var=  0.0000 fitness= 81.0000
-->8--
         19      13 
     18      21       4
     14       1      22 
 17       8      20       2
 11      16      24       3
     15      12      10 
      9      23       7
          6       5 
--8<--
found: sum= 80.0000 var=  0.0000 fitness= 80.0000
-->8--
         14      10 
      1      15       2
     19      13      23 
 11      18      17       5
  8      21       7      12
      3       4      16 
      6      24      20
         22       9 
--8<--
found: sum= 78.0000 var=  0.0000 fitness= 78.0000
-->8--
          5       1 
     12      10      20
     18      11      17 
  3      22      19       4
 13       8      16      15
     14       2       7 
     21      24      23
          9       6 
--8<--
found: sum= 77.0000 var=  0.0000 fitness= 77.0000
-->8--
          4      21 
      3      24       6
     18       5       2 
 13      23      19      14
 10       1      20      15
     12       9       7 
     17      22      11
         16       8 
--8<--
found: sum= 84.0000 var=  0.0000 fitness= 84.0000
-->8--
          6      12 
     11      19       1
     16      17      21 
  7      15      14      10
 20       2      13       8
     24      23      18 
      4      22       3
          9       5 
--8<--
execution time: real 0.331052s user 0.008998s sys 0.001999s
GA: P=50 K=10 sp=2 xover=2D/1 optrpl=2 optskip=10 optmax=1.142857
generation #220: pop m= 78.637 v= 44.484 f= 57.118 best_age=1
best: found: sum= 84.0000 var=  0.0000 fitness= 84.0000
-->8--
          6      12 
     11      19       1
     16      17      21 
  7      15      14      10
 20       2      13       8
     24      23      18 
      4      22       3
          9       5 
--8<--
found: sum= 77.0000 var=  0.0000 fitness= 77.0000
-->8--
          4      21 
      3      24       6
     18       5       2 
 13      23      19      14
 10       1      20      15
     12       9       7 
     17      22      11
         16       8 
--8<--
found: sum= 80.0000 var=  0.0000 fitness= 80.0000
-->8--
         14      10 
      1      15       2
     19      13      23 
 11      18      17       5
  8      21       7      12
      3       4      16 
      6      24      20
         22       9 
--8<--
