found: sum= 78.0000 var=  0.0000 fitness= 78.0000 age=0
-->8--
          7       3 
     22      21      12
      4      11      14 
 10      13      17       1
 20      23       9      18
      8       5      19 
     16      24      15
          2       6 
--8<--
found: sum= 80.0000 var=  0.0000 fitness= 80.0000 age=0
-->8--
          9       5 
      3      17       7
     10      20       8 
 12      21      23      14
  2      11       1      15
     24       4      19 
      6      22      16
         13      18 
--8<--
found: sum= 72.0000 var=  0.0000 fitness= 72.0000 age=0
-->8--
         11       4 
     21       6      23
     15      16      13 
  8       3      10      12
 20      24       1      17
      2      18      19 
      9       5       7
         14      22 
--8<--
found: sum= 74.0000 var=  0.0000 fitness= 74.0000 age=0
-->8--
         17       9 
     24       4      12
      3      18      20 
 14       8      11      10
 23      21      15       2
      5       1      16 
      6      22       7
         19      13 
--8<--
found: sum= 79.0000 var=  0.0000 fitness= 79.0000 age=0
-->8--
         13      20 
     18       3      11
     10      12      24 
 19      23       9       8
  1       4      17       6
     22      14      15 
      2      21       5
         16       7 
--8<--
found: sum= 75.0000 var=  0.0000 fitness= 75.0000 age=0
-->8--
          4       5 
      3      20      23
     15      14      12 
  2      19       1      21
 10      18      16      17
     11       7       8 
      6       9      22
         24      13 
--8<--
found: sum= 75.0000 var=  0.0000 fitness= 75.0000 age=0
-->8--
          3      15 
      6       9       2
     24      19      23 
  8      14       7      18
 13      12       1      16
      4      22      10 
     11       5      20
         21      17 
--8<--
found: sum= 83.0000 var=  0.0000 fitness= 83.0000 age=0
-->8--
         13       7 
     16      20      12
     15      14      19 
  2       5      11       3
 17      23      24       8
     21       6      18 
      1      22       4
         10       9 
--8<--
found: sum= 71.0000 var=  0.0000 fitness= 71.0000 age=0
-->8--
         23      10 
     11       3      22
      1      16       6 
  7      17      14      24
 13      12       4      18
     21       8       5 
      9      19      15
          2      20 
--8<--
found: sum= 69.0000 var=  0.0000 fitness= 69.0000 age=0
-->8--
         24      22 
      8       1      20
     21      12       5 
 13       3       9      18
 11      15      16      19
      6      14       2 
     17      10      23
          7       4 
--8<--
found: sum= 78.0000 var=  0.0000 fitness= 78.0000 age=0
-->8--
          3       7 
      5      13       1
     11      24      23 
 16      22      10      18
  8      12       6       2
      9       4      19 
     21      15      14
         17      20 
--8<--
found: sum= 77.0000 var=  0.0000 fitness= 77.0000 age=0
-->8--
          2       1 
     23       9       3
      8      21      24 
 10      14      19      12
 17      13       6       5
     15       4      11 
      7      18      16
         20      22 
--8<--
found: sum= 75.0000 var=  0.0000 fitness= 75.0000 age=0
-->8--
         13      10 
     24       6       4
      7      16      20 
 14       9      19      11
 21       2      12       8
     22      17       5 
      1      15       3
         18      23 
--8<--
found: sum= 80.0000 var=  0.0000 fitness= 80.0000 age=0
-->8--
          5       9 
     17      24      10
     23       3      19 
 12       8      15       7
  6      13      21       4
     18      20      14 
     11       2       1
         16      22 
--8<--
found: sum= 77.0000 var=  0.0000 fitness= 77.0000 age=0
-->8--
          1       8 
     18      15       4
      7      24       9 
 23      12      17      22
  3      13       5      10
     19       6      14 
      2      21      20
         16      11 
--8<--
found: sum= 74.0000 var=  0.0000 fitness= 74.0000 age=0
-->8--
          4      15 
      3      20       7
     17       8       1 
 14      22      23      19
  6      10       2      13
      5       9      16 
     18      11      12
         21      24 
--8<--
found: sum= 79.0000 var=  0.0000 fitness= 79.0000 age=0
-->8--
          6       1 
      4      17      12
     23      22      16 
  3       7      11      10
 24       8      13       9
     14      18      20 
     15       5      21
         19       2 
--8<--
found: sum= 73.0000 var=  0.0000 fitness= 73.0000 age=0
-->8--
         20      17 
     21      13      16
     12       5      18 
  7       2       4      22
 19      23      15      11
     10      24       3 
      6       9      14
          1       8 
--8<--
found: sum= 73.0000 var=  0.0000 fitness= 73.0000 age=0
-->8--
         12      19 
     23      22       7
      1       4       6 
  2      11      15      13
 20      21      17      14
     18       5       8 
     16      10       9
          3      24 
--8<--
found: sum= 78.0000 var=  0.0000 fitness= 78.0000 age=0
-->8--
          6       7 
     10      13       9
     11      23       8 
 21      15      18      17
  1      14       3      12
     16       5      20 
      2      22      24
         19       4 
--8<--
found: sum= 71.0000 var=  0.0000 fitness= 71.0000 age=0
-->8--
         22      11 
     19      23      17
      1       4       9 
 21       2       7      20
 15      18      24       8
     14      16       3 
      6       5      10
         12      13 
--8<--
found: sum= 77.0000 var=  0.0000 fitness= 77.0000 age=0
-->8--
         22      15 
     21      18       5
     13       1      24 
 10       2      14       6
 16      17      23       3
     19      20       7 
      8       4      12
          9      11 
--8<--
found: sum= 76.0000 var=  0.0000 fitness= 76.0000 age=0
-->8--
         22      14 
     16       5      13
      2      12      23 
  3      19       9       1
  7      24       8      17
     21       4      18 
     10      11      20
          6      15 
--8<--
found: sum= 80.0000 var=  0.0000 fitness= 80.0000 age=0
-->8--
         14      11 
     24      23      15
      8       5       9 
 16       6      17       1
 13      18      22      10
     19      12      21 
      4      20       2
          7       3 
--8<--
found: sum= 78.0000 var=  0.0000 fitness= 78.0000 age=0
-->8--
          1      24 
     18       8      16
     20      10      15 
  2      21       5      13
  6      12      19       3
     17      11      23 
      9       7       4
         22      14 
--8<--
found: sum= 76.0000 var=  0.0000 fitness= 76.0000 age=0
-->8--
         23      10 
     15       4      13
     16      17      11 
 18       1      21       2
 14      22       3      19
      5      12      20 
      7      24       8
          6       9 
--8<--
found: sum= 77.0000 var=  0.0000 fitness= 77.0000 age=0
-->8--
          3      20 
     18      19       6
     24       9       1 
 23       4      22      17
  2       8      13      14
     16      21      10 
     12      15       7
          5      11 
--8<--
found: sum= 71.0000 var=  0.0000 fitness= 71.0000 age=0
-->8--
         23      16 
     20      10      24
      2       5      13 
 18      11       3       1
  6      22      21      19
     12       9      14 
     17       4      15
          7       8 
--8<--
found: sum= 78.0000 var=  0.0000 fitness= 78.0000 age=0
-->8--
          5       2 
     21      22       6
      9      17      23 
 11       4       8       1
 16      24      15      12
     14      10      19 
     20       3      13
          7      18 
--8<--
found: sum= 78.0000 var=  0.0000 fitness= 78.0000 age=0
-->8--
         16       6 
     24      21       9
     11       5      17 
  7       1      20      13
 14      23      10       3
     22      19      15 
      8       4      18
          2      12 
--8<--
found: sum= 71.0000 var=  0.0000 fitness= 71.0000 age=0
-->8--
         22      16 
     17       9      11
      3      19      10 
 18       1       6      12
 21      23      20       8
      5       2      15 
      4      13       7
         24      14 
--8<--
found: sum= 74.0000 var=  0.0000 fitness= 74.0000 age=0
-->8--
         16       3 
     18      20      13
     10       8      21 
 24       2       9       6
 22      15      17      14
      1      23       7 
     19      11       4
          5      12 
--8<--
found: sum= 70.0000 var=  0.0000 fitness= 70.0000 age=0
-->8--
          9       7 
     16       8      20
      2      13       3 
 18      22      19      24
 12      11       1       6
      5       4      17 
     14      15      10
         21      23 
--8<--
found: sum= 81.0000 var=  0.0000 fitness= 81.0000 age=0
-->8--
         13       1 
     20      16      22
      6       9      21 
 19      17      12      10
  4      11      18       5
     24      14      15 
      2      23       3
          7       8 
--8<--
found: sum= 75.0000 var=  0.0000 fitness= 75.0000 age=0
-->8--
         11       7 
     17      14      18
     12      13      19 
 15       8       4       2
 16      23       6      20
      1      21      24 
      3       5       9
         22      10 
--8<--
found: sum= 77.0000 var=  0.0000 fitness= 77.0000 age=0
-->8--
         18       7 
     24      14      12
      1      15      19 
 17       5      10      16
 13      21      22       2
     20       4       8 
      3      23      11
          6       9 
--8<--
found: sum= 74.0000 var=  0.0000 fitness= 74.0000 age=0
-->8--
         21      16 
     17       7      18
     13       2      22 
  1      14       9      11
 12      19      24       5
     15       6       3 
     20      10      23
          4       8 
--8<--
found: sum= 80.0000 var=  0.0000 fitness= 80.0000 age=0
-->8--
         16      21 
      5      23       1
     17      10      11 
  4       9      14       2
  8      18      22      19
     24       7      12 
     15      13      20
          3       6 
--8<--
found: sum= 76.0000 var=  0.0000 fitness= 76.0000 age=0
-->8--
          9       3 
     20      24      11
      2       5      15 
 10      16      18      21
 22      14      17       1
     12       6       4 
      8      23      19
         13       7 
--8<--
found: sum= 75.0000 var=  0.0000 fitness= 75.0000 age=0
-->8--
         10      14 
     12      17       1
      7      20      18 
 19       9       5       3
 22       2      15      21
     16      24      13 
      6       4       8
         23      11 
--8<--
found: sum= 75.0000 var=  0.0000 fitness= 75.0000 age=0
-->8--
         13      21 
     20      15      18
     16       1       6 
 17      10      14      24
  3      22      19       4
      7       9       8 
     12      23      11
          2       5 
--8<--
found: sum= 76.0000 var=  0.0000 fitness= 76.0000 age=0
-->8--
          1      17 
     23       2      20
     24      14      10 
 15      12      13       6
  9      11       7      22
      5      19      18 
     16      21       8
          4       3 
--8<--
found: sum= 79.0000 var=  0.0000 fitness= 79.0000 age=0
-->8--
         20       8 
      7      19      18
     17       6      12 
  3      10      16      14
  4      22      24       2
     23       1      11 
     15      13      21
          5       9 
--8<--
found: sum= 85.0000 var=  0.0000 fitness= 85.0000 age=0
-->8--
         10       5 
      2      24       9
     23      14      20 
 17      12      13       8
  1      11      19       3
     21      16      22 
     18      15       7
          4       6 
--8<--
found: sum= 75.0000 var=  0.0000 fitness= 75.0000 age=0
-->8--
         11      18 
     14      15       8
     20      12       9 
 23       3      13       1
 17      10      21      24
      2      16       7 
      6      22       5
         19       4 
--8<--
found: sum= 73.0000 var=  0.0000 fitness= 73.0000 age=0
-->8--
          9      18 
      6       1      16
     12      21      13 
  7      24       4      20
  3       5      11      10
     22       8      15 
     19       2      14
         17      23 
--8<--
found: sum= 80.0000 var=  0.0000 fitness= 80.0000 age=0
-->8--
         18      24 
      5      22       3
     13       2      10 
  9      20      19       1
  8       7      21      14
     23      11      15 
      6      17       4
         16      12 
--8<--
found: sum= 71.0000 var=  0.0000 fitness= 71.0000 age=0
-->8--
         17       5 
      3       4      18
     11      23       2 
  9      13      19      12
 21       7       8      24
     10       1       6 
     16      22      20
         15      14 
--8<--
found: sum= 79.0000 var=  0.0000 fitness= 79.0000 age=0
-->8--
         21       1 
      2      18      16
      5       9      22 
 17      24      13       3
  4       6       7      15
     23      20      19 
     12       8      14
         10      11 
--8<--
found: sum= 83.0000 var=  0.0000 fitness= 83.0000 age=0
-->8--
          4      21 
      5      15      14
     24      13      17 
  7      22       3      12
  6       8      18      10
     16      19      23 
      9      20       1
         11       2 
--8<--
found: sum= 77.0000 var=  0.0000 fitness= 77.0000 age=0
-->8--
          1      23 
     20       2       8
     22      15      24 
  3      17       5      10
 12      16       6      11
      7      18      21 
     14       9      19
         13       4 
--8<--
found: sum= 84.0000 var=  0.0000 fitness= 84.0000 age=0
-->8--
          3      11 
      5      22      13
     21      10      19 
  2      23       9       1
  6       8      20      17
     24      14      18 
     15      16      12
          7       4 
--8<--
found: sum= 79.0000 var=  0.0000 fitness= 79.0000 age=0
-->8--
         23      17 
      5       1       2
     20      19      22 
 10      11      18      13
 14       3       4       6
     21      24      16 
      7      15       8
          9      12 
--8<--
found: sum= 74.0000 var=  0.0000 fitness= 74.0000 age=0
-->8--
         14      13 
     23      16       3
      5      12      20 
 19       4      10      18
  8      17       9      15
     21      22       2 
      7       6      11
          1      24 
--8<--
found: sum= 80.0000 var=  0.0000 fitness= 80.0000 age=0
-->8--
         11       6 
      5      12      20
     15      16      22 
  7      21       4      13
  1      17      14      18
     19       8       9 
     10      23      24
          3       2 
--8<--
found: sum= 79.0000 var=  0.0000 fitness= 79.0000 age=0
-->8--
          1      14 
     11      16      10
     24      12      21 
  2      15       6       9
 22       3      20      19
     13      23       4 
     18      17       7
          5       8 
--8<--
found: sum= 75.0000 var=  0.0000 fitness= 75.0000 age=0
-->8--
          9       1 
     12      21       3
      7      22      13 
 14       4      15       2
 23      10      19      20
     17       5       6 
      8      11      18
         24      16 
--8<--
found: sum= 77.0000 var=  0.0000 fitness= 77.0000 age=0
-->8--
         15      17 
     24      12       9
      5      14       6 
  4       7      19      11
 16      22      13      10
     23       2      18 
      8      21       3
          1      20 
--8<--
found: sum= 75.0000 var=  0.0000 fitness= 75.0000 age=0
-->8--
         23       3 
      4       8      24
      7      11      20 
  5      22       9      13
 21      14      17       1
      6       2      15 
     18      19      10
         16      12 
--8<--
found: sum= 75.0000 var=  0.0000 fitness= 75.0000 age=0
-->8--
          5      22 
      2      21       6
     13      10       9 
  1      24       7       8
 20      14      16      23
      3       4      12 
     19      17      11
         18      15 
--8<--
found: sum= 79.0000 var=  0.0000 fitness= 79.0000 age=0
-->8--
         22      16 
      4      23       1
     17       7      24 
 11       6       8       5
 12      19      18       9
     14      21      15 
     13       2      20
         10       3 
--8<--
found: sum= 75.0000 var=  0.0000 fitness= 75.0000 age=0
-->8--
         10      23 
     16       5       4
      6      24      18 
 21      14       1      22
  2      13      12      15
     19      11       7 
      9      20       8
          3      17 
--8<--
found: sum= 75.0000 var=  0.0000 fitness= 75.0000 age=0
-->8--
          4       8 
     19      15      16
      9      11      12 
 24      17      13      21
  1      14       2       5
     10      18      22 
     20       7      23
          6       3 
--8<--
found: sum= 75.0000 var=  0.0000 fitness= 75.0000 age=0
-->8--
         23      17 
      2       3      20
     13      16      12 
  5      18       7      15
  8       9      21      19
     22       4       1 
     10      24      14
          6      11 
--8<--
found: sum= 75.0000 var=  0.0000 fitness= 75.0000 age=0
-->8--
          7       8 
     18       5      20
     22      17      15 
  9       6      10      12
 23       4      14      21
     11      24       3 
      1      19      13
         16       2 
--8<--
execution time: real 0.320412s user 0.217966s sys 0.000999s
GA: P=1024 K=512 sp=2 xover=2D/1 aging
generation #2: pop m= 76.886 v=0.204 f= 74.797
best: found: sum= 85.0000 var=  0.0000 fitness= 85.0000 age=1
-->8--
         10       5 
      2      24       9
     23      14      20 
 17      12      13       8
  1      11      19       3
     21      16      22 
     18      15       7
          4       6 
--8<--
found: sum= 77.0000 var=  0.0000 fitness= 77.0000 age=2
-->8--
         22      15 
     21      18       5
     13       1      24 
 10       2      14       6
 16      17      23       3
     19      20       7 
      8       4      12
          9      11 
--8<--
found: sum= 77.0000 var=  0.0000 fitness= 77.0000 age=1
-->8--
         18       7 
     24      14      12
      1      15      19 
 17       5      10      16
 13      21      22       2
     20       4       8 
      3      23      11
          6       9 
--8<--
found: sum= 79.0000 var=  0.0000 fitness= 79.0000 age=1
-->8--
         23      17 
      5       1       2
     20      19      22 
 10      11      18      13
 14       3       4       6
     21      24      16 
      7      15       8
          9      12 
--8<--
found: sum= 75.0000 var=  0.0000 fitness= 75.0000 age=1
-->8--
         10      14 
     12      17       1
      7      20      18 
 19       9       5       3
 22       2      15      21
     16      24      13 
      6       4       8
         23      11 
--8<--
found: sum= 73.0000 var=  0.0000 fitness= 73.0000 age=2
-->8--
         12      19 
     23      22       7
      1       4       6 
  2      11      15      13
 20      21      17      14
     18       5       8 
     16      10       9
          3      24 
--8<--
found: sum= 80.0000 var=  0.0000 fitness= 80.0000 age=2
-->8--
         14      11 
     24      23      15
      8       5       9 
 16       6      17       1
 13      18      22      10
     19      12      21 
      4      20       2
          7       3 
--8<--
found: sum= 71.0000 var=  0.0000 fitness= 71.0000 age=1
-->8--
         17       5 
      3       4      18
     11      23       2 
  9      13      19      12
 21       7       8      24
     10       1       6 
     16      22      20
         15      14 
--8<--
found: sum= 76.0000 var=  0.0000 fitness= 76.0000 age=2
-->8--
         22      14 
     16       5      13
      2      12      23 
  3      19       9       1
  7      24       8      17
     21       4      18 
     10      11      20
          6      15 
--8<--
found: sum= 79.0000 var=  0.0000 fitness= 79.0000 age=1
-->8--
         21       1 
      2      18      16
      5       9      22 
 17      24      13       3
  4       6       7      15
     23      20      19 
     12       8      14
         10      11 
--8<--
found: sum= 69.0000 var=  0.0000 fitness= 69.0000 age=2
-->8--
         24      22 
      8       1      20
     21      12       5 
 13       3       9      18
 11      15      16      19
      6      14       2 
     17      10      23
          7       4 
--8<--
found: sum= 78.0000 var=  0.0000 fitness= 78.0000 age=2
-->8--
          1      24 
     18       8      16
     20      10      15 
  2      21       5      13
  6      12      19       3
     17      11      23 
      9       7       4
         22      14 
--8<--
found: sum= 71.0000 var=  0.0000 fitness= 71.0000 age=2
-->8--
         22      11 
     19      23      17
      1       4       9 
 21       2       7      20
 15      18      24       8
     14      16       3 
      6       5      10
         12      13 
--8<--
found: sum= 77.0000 var=  0.0000 fitness= 77.0000 age=1
-->8--
          1      23 
     20       2       8
     22      15      24 
  3      17       5      10
 12      16       6      11
      7      18      21 
     14       9      19
         13       4 
--8<--
found: sum= 78.0000 var=  0.0000 fitness= 78.0000 age=2
-->8--
          7       3 
     22      21      12
      4      11      14 
 10      13      17       1
 20      23       9      18
      8       5      19 
     16      24      15
          2       6 
--8<--
found: sum= 75.0000 var=  0.0000 fitness= 75.0000 age=1
-->8--
         11       7 
     17      14      18
     12      13      19 
 15       8       4       2
 16      23       6      20
      1      21      24 
      3       5       9
         22      10 
--8<--
found: sum= 83.0000 var=  0.0000 fitness= 83.0000 age=2
-->8--
         13       7 
     16      20      12
     15      14      19 
  2       5      11       3
 17      23      24       8
     21       6      18 
      1      22       4
         10       9 
--8<--
found: sum= 78.0000 var=  0.0000 fitness= 78.0000 age=1
-->8--
         16       6 
     24      21       9
     11       5      17 
  7       1      20      13
 14      23      10       3
     22      19      15 
      8       4      18
          2      12 
--8<--
found: sum= 79.0000 var=  0.0000 fitness= 79.0000 age=2
-->8--
          6       1 
      4      17      12
     23      22      16 
  3       7      11      10
 24       8      13       9
     14      18      20 
     15       5      21
         19       2 
--8<--
found: sum= 72.0000 var=  0.0000 fitness= 72.0000 age=2
-->8--
         11       4 
     21       6      23
     15      16      13 
  8       3      10      12
 20      24       1      17
      2      18      19 
      9       5       7
         14      22 
--8<--
found: sum= 71.0000 var=  0.0000 fitness= 71.0000 age=2
-->8--
         23      10 
     11       3      22
      1      16       6 
  7      17      14      24
 13      12       4      18
     21       8       5 
      9      19      15
          2      20 
--8<--
found: sum= 74.0000 var=  0.0000 fitness= 74.0000 age=2
-->8--
         17       9 
     24       4      12
      3      18      20 
 14       8      11      10
 23      21      15       2
      5       1      16 
      6      22       7
         19      13 
--8<--
found: sum= 80.0000 var=  0.0000 fitness= 80.0000 age=1
-->8--
         11       6 
      5      12      20
     15      16      22 
  7      21       4      13
  1      17      14      18
     19       8       9 
     10      23      24
          3       2 
--8<--
found: sum= 75.0000 var=  0.0000 fitness= 75.0000 age=1
-->8--
          5      22 
      2      21       6
     13      10       9 
  1      24       7       8
 20      14      16      23
      3       4      12 
     19      17      11
         18      15 
--8<--
found: sum= 75.0000 var=  0.0000 fitness= 75.0000 age=1
-->8--
         10      23 
     16       5       4
      6      24      18 
 21      14       1      22
  2      13      12      15
     19      11       7 
      9      20       8
          3      17 
--8<--
found: sum= 84.0000 var=  0.0000 fitness= 84.0000 age=1
-->8--
          3      11 
      5      22      13
     21      10      19 
  2      23       9       1
  6       8      20      17
     24      14      18 
     15      16      12
          7       4 
--8<--
found: sum= 79.0000 var=  0.0000 fitness= 79.0000 age=1
-->8--
          1      14 
     11      16      10
     24      12      21 
  2      15       6       9
 22       3      20      19
     13      23       4 
     18      17       7
          5       8 
--8<--
found: sum= 70.0000 var=  0.0000 fitness= 70.0000 age=1
-->8--
          9       7 
     16       8      20
      2      13       3 
 18      22      19      24
 12      11       1       6
      5       4      17 
     14      15      10
         21      23 
--8<--
found: sum= 77.0000 var=  0.0000 fitness= 77.0000 age=1
-->8--
         15      17 
     24      12       9
      5      14       6 
  4       7      19      11
 16      22      13      10
     23       2      18 
      8      21       3
          1      20 
--8<--
found: sum= 74.0000 var=  0.0000 fitness= 74.0000 age=1
-->8--
         21      16 
     17       7      18
     13       2      22 
  1      14       9      11
 12      19      24       5
     15       6       3 
     20      10      23
          4       8 
--8<--
found: sum= 76.0000 var=  0.0000 fitness= 76.0000 age=2
-->8--
         23      10 
     15       4      13
     16      17      11 
 18       1      21       2
 14      22       3      19
      5      12      20 
      7      24       8
          6       9 
--8<--
found: sum= 76.0000 var=  0.0000 fitness= 76.0000 age=1
-->8--
          1      17 
     23       2      20
     24      14      10 
 15      12      13       6
  9      11       7      22
      5      19      18 
     16      21       8
          4       3 
--8<--
found: sum= 78.0000 var=  0.0000 fitness= 78.0000 age=2
-->8--
          3       7 
      5      13       1
     11      24      23 
 16      22      10      18
  8      12       6       2
      9       4      19 
     21      15      14
         17      20 
--8<--
found: sum= 81.0000 var=  0.0000 fitness= 81.0000 age=1
-->8--
         13       1 
     20      16      22
      6       9      21 
 19      17      12      10
  4      11      18       5
     24      14      15 
      2      23       3
          7       8 
--8<--
found: sum= 75.0000 var=  0.0000 fitness= 75.0000 age=1
-->8--
          4       8 
     19      15      16
      9      11      12 
 24      17      13      21
  1      14       2       5
     10      18      22 
     20       7      23
          6       3 
--8<--
found: sum= 71.0000 var=  0.0000 fitness= 71.0000 age=1
-->8--
         23      16 
     20      10      24
      2       5      13 
 18      11       3       1
  6      22      21      19
     12       9      14 
     17       4      15
          7       8 
--8<--
found: sum= 78.0000 var=  0.0000 fitness= 78.0000 age=2
-->8--
          6       7 
     10      13       9
     11      23       8 
 21      15      18      17
  1      14       3      12
     16       5      20 
      2      22      24
         19       4 
--8<--
found: sum= 80.0000 var=  0.0000 fitness= 80.0000 age=2
-->8--
          9       5 
      3      17       7
     10      20       8 
 12      21      23      14
  2      11       1      15
     24       4      19 
      6      22      16
         13      18 
--8<--
found: sum= 74.0000 var=  0.0000 fitness= 74.0000 age=1
-->8--
         16       3 
     18      20      13
     10       8      21 
 24       2       9       6
 22      15      17      14
      1      23       7 
     19      11       4
          5      12 
--8<--
found: sum= 73.0000 var=  0.0000 fitness= 73.0000 age=1
-->8--
          9      18 
      6       1      16
     12      21      13 
  7      24       4      20
  3       5      11      10
     22       8      15 
     19       2      14
         17      23 
--8<--
found: sum= 73.0000 var=  0.0000 fitness= 73.0000 age=2
-->8--
         20      17 
     21      13      16
     12       5      18 
  7       2       4      22
 19      23      15      11
     10      24       3 
      6       9      14
          1       8 
--8<--
found: sum= 75.0000 var=  0.0000 fitness= 75.0000 age=1
-->8--
         23       3 
      4       8      24
      7      11      20 
  5      22       9      13
 21      14      17       1
      6       2      15 
     18      19      10
         16      12 
--8<--
found: sum= 77.0000 var=  0.0000 fitness= 77.0000 age=2
-->8--
          2       1 
     23       9       3
      8      21      24 
 10      14      19      12
 17      13       6       5
     15       4      11 
      7      18      16
         20      22 
--8<--
found: sum= 75.0000 var=  0.0000 fitness= 75.0000 age=1
-->8--
          7       8 
     18       5      20
     22      17      15 
  9       6      10      12
 23       4      14      21
     11      24       3 
      1      19      13
         16       2 
--8<--
found: sum= 75.0000 var=  0.0000 fitness= 75.0000 age=1
-->8--
         13      21 
     20      15      18
     16       1       6 
 17      10      14      24
  3      22      19       4
      7       9       8 
     12      23      11
          2       5 
--8<--
found: sum= 80.0000 var=  0.0000 fitness= 80.0000 age=1
-->8--
         18      24 
      5      22       3
     13       2      10 
  9      20      19       1
  8       7      21      14
     23      11      15 
      6      17       4
         16      12 
--8<--
found: sum= 74.0000 var=  0.0000 fitness= 74.0000 age=1
-->8--
         14      13 
     23      16       3
      5      12      20 
 19       4      10      18
  8      17       9      15
     21      22       2 
      7       6      11
          1      24 
--8<--
found: sum= 76.0000 var=  0.0000 fitness= 76.0000 age=1
-->8--
          9       3 
     20      24      11
      2       5      15 
 10      16      18      21
 22      14      17       1
     12       6       4 
      8      23      19
         13       7 
--8<--
found: sum= 79.0000 var=  0.0000 fitness= 79.0000 age=2
-->8--
         13      20 
     18       3      11
     10      12      24 
 19      23       9       8
  1       4      17       6
     22      14      15 
      2      21       5
         16       7 
--8<--
found: sum= 80.0000 var=  0.0000 fitness= 80.0000 age=2
-->8--
          5       9 
     17      24      10
     23       3      19 
 12       8      15       7
  6      13      21       4
     18      20      14 
     11       2       1
         16      22 
--8<--
found: sum= 75.0000 var=  0.0000 fitness= 75.0000 age=2
-->8--
         13      10 
     24       6       4
      7      16      20 
 14       9      19      11
 21       2      12       8
     22      17       5 
      1      15       3
         18      23 
--8<--
found: sum= 75.0000 var=  0.0000 fitness= 75.0000 age=1
-->8--
         23      17 
      2       3      20
     13      16      12 
  5      18       7      15
  8       9      21      19
     22       4       1 
     10      24      14
          6      11 
--8<--
found: sum= 75.0000 var=  0.0000 fitness= 75.0000 age=2
-->8--
          4       5 
      3      20      23
     15      14      12 
  2      19       1      21
 10      18      16      17
     11       7       8 
      6       9      22
         24      13 
--8<--
found: sum= 83.0000 var=  0.0000 fitness= 83.0000 age=1
-->8--
          4      21 
      5      15      14
     24      13      17 
  7      22       3      12
  6       8      18      10
     16      19      23 
      9      20       1
         11       2 
--8<--
found: sum= 75.0000 var=  0.0000 fitness= 75.0000 age=1
-->8--
          9       1 
     12      21       3
      7      22      13 
 14       4      15       2
 23      10      19      20
     17       5       6 
      8      11      18
         24      16 
--8<--
found: sum= 75.0000 var=  0.0000 fitness= 75.0000 age=1
-->8--
         11      18 
     14      15       8
     20      12       9 
 23       3      13       1
 17      10      21      24
      2      16       7 
      6      22       5
         19       4 
--8<--
found: sum= 78.0000 var=  0.0000 fitness= 78.0000 age=1
-->8--
          5       2 
     21      22       6
      9      17      23 
 11       4       8       1
 16      24      15      12
     14      10      19 
     20       3      13
          7      18 
--8<--
found: sum= 74.0000 var=  0.0000 fitness= 74.0000 age=2
-->8--
          4      15 
      3      20       7
     17       8       1 
 14      22      23      19
  6      10       2      13
      5       9      16 
     18      11      12
         21      24 
--8<--
found: sum= 79.0000 var=  0.0000 fitness= 79.0000 age=1
-->8--
         22      16 
      4      23       1
     17       7      24 
 11       6       8       5
 12      19      18       9
     14      21      15 
     13       2      20
         10       3 
--8<--
found: sum= 77.0000 var=  0.0000 fitness= 77.0000 age=2
-->8--
          1       8 
     18      15       4
      7      24       9 
 23      12      17      22
  3      13       5      10
     19       6      14 
      2      21      20
         16      11 
--8<--
found: sum= 77.0000 var=  0.0000 fitness= 77.0000 age=1
-->8--
          3      20 
     18      19       6
     24       9       1 
 23       4      22      17
  2       8      13      14
     16      21      10 
     12      15       7
          5      11 
--8<--
found: sum= 75.0000 var=  0.0000 fitness= 75.0000 age=2
-->8--
          3      15 
      6       9       2
     24      19      23 
  8      14       7      18
 13      12       1      16
      4      22      10 
     11       5      20
         21      17 
--8<--
found: sum= 71.0000 var=  0.0000 fitness= 71.0000 age=1
-->8--
         22      16 
     17       9      11
      3      19      10 
 18       1       6      12
 21      23      20       8
      5       2      15 
      4      13       7
         24      14 
--8<--
found: sum= 80.0000 var=  0.0000 fitness= 80.0000 age=1
-->8--
         16      21 
      5      23       1
     17      10      11 
  4       9      14       2
  8      18      22      19
     24       7      12 
     15      13      20
          3       6 
--8<--
found: sum= 79.0000 var=  0.0000 fitness= 79.0000 age=1
-->8--
         20       8 
      7      19      18
     17       6      12 
  3      10      16      14
  4      22      24       2
     23       1      11 
     15      13      21
          5       9 
--8<--
