found: sum= 73.0000 var=  0.0000 fitness= 73.0000 age=0
-->8--
         19       5 
     10      16      15
     17       7      22 
 18       4       8      -2
  2      11      23      13
     21      20       9 
     12       6      14
          3       1 
--8<--
found: sum= 69.0000 var=  0.0000 fitness= 69.0000 age=0
-->8--
          4      13 
     21      19       3
     14       6      20 
 12       5       8      -1
  1      22      18       7
     15      10      17 
     11       9      -1
          2      16 
--8<--
found: sum= 81.0000 var=  0.0000 fitness= 81.0000 age=0
-->8--
         15       3 
     14      23       5
     11      12      20 
 24       6      18      13
  1      17       7       4
     22      21      19 
      2      10       8
          9      16 
--8<--
found: sum= 79.0000 var=  0.0000 fitness= 79.0000 age=0
-->8--
         15      11 
     16      10      18
     19      14      24 
  4       5       2      12
  7      21      20       8
     23      17      13 
      3       6       1
          9      22 
--8<--
found: sum= 74.0000 var=  0.0000 fitness= 74.0000 age=0
-->8--
         18      12 
      1      13      -3
     16      19      10 
 14       7      23      17
  6       9       5       4
     22      11      15 
      3      21       2
          8      20 
--8<--
found: sum= 80.0000 var=  0.0000 fitness= 80.0000 age=0
-->8--
         13       7 
     21      23      15
      3      12      17 
 19       8       6      14
 10      16      20       1
     24      18      22 
      9      11       4
          2       5 
--8<--
found: sum= 69.0000 var=  0.0000 fitness= 69.0000 age=0
-->8--
         11       6 
     15      21       1
     14       5      17 
 20       3      19      -2
  2       8      16       7
     22      18      12 
     -1       9       4
         13      10 
--8<--
found: sum= 73.0000 var=  0.0000 fitness= 73.0000 age=0
-->8--
         16      14 
      9      22      13
     17       5      -1 
 19       4      20      12
  2       8      21      10
     23      15      11 
      3      18       1
          6       7 
--8<--
found: sum= 75.0000 var=  0.0000 fitness= 75.0000 age=0
-->8--
         21       2 
     10      18      22
     13       8      11 
 16       5      14       9
  6      12      19       7
     23      17      15 
      4      20       1
         -1       3 
--8<--
found: sum= 76.0000 var=  0.0000 fitness= 76.0000 age=0
-->8--
          2      -1 
     13      21      14
     19       4      22 
  9      17      16      10
  1       7      12      11
     23      20       5 
      8      15       6
          3      18 
--8<--
found: sum= 68.0000 var=  0.0000 fitness= 68.0000 age=0
-->8--
         21       6 
      2      12      22
     17       3      14 
  5      13      11       8
 -2      15       7      10
     20      19      18 
      4       9      -1
          1      16 
--8<--
found: sum= 66.0000 var=  0.0000 fitness= 66.0000 age=0
-->8--
         16      17 
      6       4       8
     19      20       7 
 12       1      10      18
  3       9       5      11
     22      21      15 
      2      14      13
         -2      -2 
--8<--
found: sum= 73.0000 var=  0.0000 fitness= 73.0000 age=0
-->8--
         10       1 
      5      15       4
     21      16      19 
 13       6      18       3
  8      11       2       9
     14      20      22 
     12      -1       7
         17      23 
--8<--
found: sum= 77.0000 var=  0.0000 fitness= 77.0000 age=0
-->8--
         13      24 
     20      16       1
     18       4      10 
 23       6      22       5
  2       9      15      11
     19      21      14 
      3       8      12
         17       7 
--8<--
found: sum= 82.0000 var=  0.0000 fitness= 82.0000 age=0
-->8--
         14       2 
      8      13       5
     18      22      24 
 19       7      16      15
  6       9      11       4
     23      17      12 
     10      20       1
          3      21 
--8<--
found: sum= 75.0000 var=  0.0000 fitness= 75.0000 age=0
-->8--
         16      17 
      7      23      11
     20       1       9 
 19       8      14      24
  2      21      13      12
      5      18       3 
     10      15       4
          6      22 
--8<--
found: sum= 83.0000 var=  0.0000 fitness= 83.0000 age=0
-->8--
         22       5 
      3      13      16
     18      21      20 
 10       6       8      12
  7      19      15       4
     23      14      24 
      1      17       2
          9      11 
--8<--
execution time: real 0.927380s user 0.022996s sys 0.001999s
GA: P=512 K=256 sp=3 xover=2D/1 aging
generation #7: pop m= 76.674 v=1.224 f= 72.336
best: found: sum= 83.0000 var=  0.0000 fitness= 83.0000 age=1
-->8--
         22       5 
      3      13      16
     18      21      20 
 10       6       8      12
  7      19      15       4
     23      14      24 
      1      17       2
          9      11 
--8<--
found: sum= 77.0000 var=  0.0000 fitness= 77.0000 age=1
-->8--
         13      24 
     20      16       1
     18       4      10 
 23       6      22       5
  2       9      15      11
     19      21      14 
      3       8      12
         17       7 
--8<--
found: sum= 81.0000 var=  0.0000 fitness= 81.0000 age=4
-->8--
         15       3 
     14      23       5
     11      12      20 
 24       6      18      13
  1      17       7       4
     22      21      19 
      2      10       8
          9      16 
--8<--
found: sum= 74.0000 var=  0.0000 fitness= 74.0000 age=3
-->8--
         18      12 
      1      13      -3
     16      19      10 
 14       7      23      17
  6       9       5       4
     22      11      15 
      3      21       2
          8      20 
--8<--
found: sum= 82.0000 var=  0.0000 fitness= 82.0000 age=1
-->8--
         14       2 
      8      13       5
     18      22      24 
 19       7      16      15
  6       9      11       4
     23      17      12 
     10      20       1
          3      21 
--8<--
found: sum= 75.0000 var=  0.0000 fitness= 75.0000 age=1
-->8--
         16      17 
      7      23      11
     20       1       9 
 19       8      14      24
  2      21      13      12
      5      18       3 
     10      15       4
          6      22 
--8<--
found: sum= 79.0000 var=  0.0000 fitness= 79.0000 age=3
-->8--
         15      11 
     16      10      18
     19      14      24 
  4       5       2      12
  7      21      20       8
     23      17      13 
      3       6       1
          9      22 
--8<--
found: sum= 73.0000 var=  0.0000 fitness= 73.0000 age=1
-->8--
         10       1 
      5      15       4
     21      16      19 
 13       6      18       3
  8      11       2       9
     14      20      22 
     12      -1       7
         17      23 
--8<--
found: sum= 73.0000 var=  0.0000 fitness= 73.0000 age=5
-->8--
         19       5 
     10      16      15
     17       7      22 
 18       4       8      -2
  2      11      23      13
     21      20       9 
     12       6      14
          3       1 
--8<--
found: sum= 66.0000 var=  0.0000 fitness= 66.0000 age=1
-->8--
         16      17 
      6       4       8
     19      20       7 
 12       1      10      18
  3       9       5      11
     22      21      15 
      2      14      13
         -2      -2 
--8<--
found: sum= 76.0000 var=  0.0000 fitness= 76.0000 age=2
-->8--
          2      -1 
     13      21      14
     19       4      22 
  9      17      16      10
  1       7      12      11
     23      20       5 
      8      15       6
          3      18 
--8<--
found: sum= 80.0000 var=  0.0000 fitness= 80.0000 age=3
-->8--
         13       7 
     21      23      15
      3      12      17 
 19       8       6      14
 10      16      20       1
     24      18      22 
      9      11       4
          2       5 
--8<--
found: sum= 75.0000 var=  0.0000 fitness= 75.0000 age=2
-->8--
         21       2 
     10      18      22
     13       8      11 
 16       5      14       9
  6      12      19       7
     23      17      15 
      4      20       1
         -1       3 
--8<--
found: sum= 73.0000 var=  0.0000 fitness= 73.0000 age=3
-->8--
         16      14 
      9      22      13
     17       5      -1 
 19       4      20      12
  2       8      21      10
     23      15      11 
      3      18       1
          6       7 
--8<--
