found: sum= 73.0000 var=  0.0000 fitness= 73.0000 age=0
-->8--
          9       3 
     21       5      15
     18      12      16 
 10       8      22       1
  6      20       7      14
     11       4      13 
     19       2      24
         17      23 
--8<--
found: sum= 68.0000 var=  0.0000 fitness= 68.0000 age=0
-->8--
          8      13 
     17      12       2
     19       9      22 
 14       3      10      -2
  4      21       5      18
      7      20      15 
     -2      16       1
          6      11 
--8<--
found: sum= 79.0000 var=  0.0000 fitness= 79.0000 age=0
-->8--
         14       3 
     20      23       9
     10       1      19 
 17      11      24      16
  8      15       6       2
     18      22      12 
      4      13       5
          7      21 
--8<--
found: sum= 78.0000 var=  0.0000 fitness= 78.0000 age=0
-->8--
          7      23 
     17      24      15
     16       2       6 
 19      12       8      18
  1      20      14      11
     10      22      21 
      4      13       3
          9       5 
--8<--
found: sum= 76.0000 var=  0.0000 fitness= 76.0000 age=0
-->8--
          7      11 
     21      12      22
      5      16       9 
 14      15       6      23
  4      18      13       1
     20       8      24 
      3      10      19
         17       2 
--8<--
found: sum= 70.0000 var=  0.0000 fitness= 70.0000 age=0
-->8--
          3      13 
     16      19       6
     17      10       1 
 14       5      21       2
  9      18       4      22
      7      12      20 
     -1      11       8
         23      15 
--8<--
found: sum= 65.0000 var=  0.0000 fitness= 65.0000 age=0
-->8--
          4       7 
     13      21      11
      9       8      19 
  5      10      -1      14
  2      17      15      20
     22      16      -2 
      3       6      18
          1      12 
--8<--
found: sum= 70.0000 var=  0.0000 fitness= 70.0000 age=0
-->8--
          4      22 
     18      12      19
     21      13      -1 
  6       2       5      23
 10      14      20       8
     17      16      15 
      9      11       7
          3       1 
--8<--
found: sum= 59.0000 var=  0.0000 fitness= 59.0000 age=0
-->8--
         20       5 
      4       7      19
      9       8      14 
 15      11       6      18
  1      10       2      16
     13      22       3 
     17      -1      21
         -2      12 
--8<--
found: sum= 69.0000 var=  0.0000 fitness= 69.0000 age=0
-->8--
         19      17 
     13      12       6
      8       2      22 
 14      15      10       3
  7       5      21       4
     20      16       9 
     18      -1       1
         11      23 
--8<--
found: sum= 58.0000 var=  0.0000 fitness= 58.0000 age=0
-->8--
         21      -2 
      9      20       8
      5      -1      16 
 18       4      17      10
  1      11      15       2
     19      12      -2 
      3       6      14
          7      13 
--8<--
found: sum= 76.0000 var=  0.0000 fitness= 76.0000 age=0
-->8--
         19      14 
     12      21       1
      7       9      16 
 17       8      15      23
  6      18       4       5
     20      22      13 
      2       3      10
         11      24 
--8<--
found: sum= 70.0000 var=  0.0000 fitness= 70.0000 age=0
-->8--
          6      13 
     14       7      18
      8      16      15 
 10      19       1      23
  2       9      21      -1
     22       4      11 
      3      12       5
         20      17 
--8<--
found: sum= 72.0000 var=  0.0000 fitness= 72.0000 age=0
-->8--
          4      15 
     19       2      21
     18      17      14 
 10      12       3       5
  1       9      11      16
     22      20      23 
      6       7      -2
          8      13 
--8<--
found: sum= 80.0000 var=  0.0000 fitness= 80.0000 age=0
-->8--
         11       9 
     19      21      17
     13      12       7 
 23       4      14      16
  6      10      18       5
     24      22      20 
      1      15       2
          8       3 
--8<--
found: sum= 76.0000 var=  0.0000 fitness= 76.0000 age=0
-->8--
         22      21 
     10      19      17
      7       2       3 
 20      16      14       6
  1       8      23      18
     24      13      12 
     11      15       4
          5       9 
--8<--
found: sum= 77.0000 var=  0.0000 fitness= 77.0000 age=0
-->8--
         14      22 
     13      23       2
     18       6       9 
 11       3      15      10
  5      16      20      19
     24      17       4 
     12       7      21
          1       8 
--8<--
found: sum= 81.0000 var=  0.0000 fitness= 81.0000 age=0
-->8--
          1       7 
     19      21      20
     23       6      10 
  9      11      17      24
  4      18      15       2
     16      14      13 
      8      22      12
          3       5 
--8<--
found: sum= 72.0000 var=  0.0000 fitness= 72.0000 age=0
-->8--
         23      20 
      3      19       2
     12       7      15 
 16       8       9      11
  5      13      14       1
     18      21      22 
      4      -1      10
         17       6 
--8<--
found: sum= 73.0000 var=  0.0000 fitness= 73.0000 age=0
-->8--
         22      19 
     11      24      12
      6       1       2 
 18       9      15      23
  7      13      14      16
     20      21       3 
      4      10      17
          5       8 
--8<--
found: sum= 74.0000 var=  0.0000 fitness= 74.0000 age=0
-->8--
         15       8 
      1      14       6
     21       7      20 
  4      16      19      17
  2       9      11      10
     22      12      -3 
      5      23      13
          3      18 
--8<--
found: sum= 72.0000 var=  0.0000 fitness= 72.0000 age=0
-->8--
         23       4 
     12      19      13
      8       3      17 
 18       7      16      10
  5      14      11      -4
     20      21      22 
      9       2       1
          6      15 
--8<--
found: sum= 74.0000 var=  0.0000 fitness= 74.0000 age=0
-->8--
          7       4 
      2      21       9
     17      12       8 
  1      15      20      16
  5      14      10      -3
     22       3      23 
     18       6      13
         11      19 
--8<--
found: sum= 80.0000 var=  0.0000 fitness= 80.0000 age=0
-->8--
         14      15 
      2      21       1
     19       7      24 
  4      17      12      10
 11       6      16      13
     23      22       5 
      3       8       9
         18      20 
--8<--
found: sum= 83.0000 var=  0.0000 fitness= 83.0000 age=0
-->8--
         10       9 
      6      24       4
     17       5      22 
 13      21      19       1
  2       7      16      14
     23      15      11 
     12      18       3
          8      20 
--8<--
found: sum= 70.0000 var=  0.0000 fitness= 70.0000 age=0
-->8--
         10      21 
     17       6      11
     13       4      12 
  5      20      16      15
  2       7       9      19
     23      14      -1 
      3      22      18
          1       8 
--8<--
found: sum= 73.0000 var=  0.0000 fitness= 73.0000 age=0
-->8--
         19       4 
      6      17      18
     10       5       8 
 14      16      21       3
 -4      15       7      11
     22       9      23 
      2      13      20
         12       1 
--8<--
found: sum= 82.0000 var=  0.0000 fitness= 82.0000 age=0
-->8--
          4       3 
     20      21      18
     16       7       9 
 17      14      24      13
  2      10      12       5
     23      15      19 
      1      22       6
         11       8 
--8<--
found: sum= 84.0000 var=  0.0000 fitness= 84.0000 age=0
-->8--
          7      11 
     19      21      10
     18       5      24 
 16      14      13       9
  2      12      17       1
     22      23      20 
      8      15       6
          4       3 
--8<--
execution time: real 1.813288s user 0.030995s sys 0.000999s
GA: P=512 K=256 sp=3 xover=2D/1 aging
generation #13: pop m= 78.431 v=1.243 f= 74.305
best: found: sum= 84.0000 var=  0.0000 fitness= 84.0000 age=1
-->8--
          7      11 
     19      21      10
     18       5      24 
 16      14      13       9
  2      12      17       1
     22      23      20 
      8      15       6
          4       3 
--8<--
found: sum= 79.0000 var=  0.0000 fitness= 79.0000 age=10
-->8--
         14       3 
     20      23       9
     10       1      19 
 17      11      24      16
  8      15       6       2
     18      22      12 
      4      13       5
          7      21 
--8<--
found: sum= 83.0000 var=  0.0000 fitness= 83.0000 age=2
-->8--
         10       9 
      6      24       4
     17       5      22 
 13      21      19       1
  2       7      16      14
     23      15      11 
     12      18       3
          8      20 
--8<--
found: sum= 81.0000 var=  0.0000 fitness= 81.0000 age=4
-->8--
          1       7 
     19      21      20
     23       6      10 
  9      11      17      24
  4      18      15       2
     16      14      13 
      8      22      12
          3       5 
--8<--
found: sum= 78.0000 var=  0.0000 fitness= 78.0000 age=10
-->8--
          7      23 
     17      24      15
     16       2       6 
 19      12       8      18
  1      20      14      11
     10      22      21 
      4      13       3
          9       5 
--8<--
found: sum= 73.0000 var=  0.0000 fitness= 73.0000 age=1
-->8--
         19       4 
      6      17      18
     10       5       8 
 14      16      21       3
 -4      15       7      11
     22       9      23 
      2      13      20
         12       1 
--8<--
found: sum= 82.0000 var=  0.0000 fitness= 82.0000 age=1
-->8--
          4       3 
     20      21      18
     16       7       9 
 17      14      24      13
  2      10      12       5
     23      15      19 
      1      22       6
         11       8 
--8<--
found: sum= 80.0000 var=  0.0000 fitness= 80.0000 age=6
-->8--
         11       9 
     19      21      17
     13      12       7 
 23       4      14      16
  6      10      18       5
     24      22      20 
      1      15       2
          8       3 
--8<--
found: sum= 80.0000 var=  0.0000 fitness= 80.0000 age=3
-->8--
         14      15 
      2      21       1
     19       7      24 
  4      17      12      10
 11       6      16      13
     23      22       5 
      3       8       9
         18      20 
--8<--
found: sum= 77.0000 var=  0.0000 fitness= 77.0000 age=5
-->8--
         14      22 
     13      23       2
     18       6       9 
 11       3      15      10
  5      16      20      19
     24      17       4 
     12       7      21
          1       8 
--8<--
