found: sum=  0.0000 var=  0.0000 fitness=  0.0000
-->8--
         16       1 
      8      11      23
     12      15      20 
 21      14       6       9
  3      24      10      18
      2       7      13 
      4      22      19
         17       5 
--8<--
found: sum=  0.0000 var=  0.0000 fitness=  0.0000
-->8--
         14      23 
      9      21       1
     16       7      17 
 18      15      13      10
  3       6      22       8
     24      19      12 
      2      20       4
         11       5 
--8<--
found: sum=  0.0000 var=  0.0000 fitness=  0.0000
-->8--
         20      10 
      6      14       3
     18      19       9 
 24       1      23       8
  2      16       4      13
     17      15      21 
      7      11       5
         12      22 
--8<--
found: sum=  0.0000 var=  0.0000 fitness=  0.0000
-->8--
          5      12 
      1      23      11
     15      18       9 
 10      13       2       7
 14      19      20      21
      4       3      16 
     17       8       6
         24      22 
--8<--
sum= 73.1429 var=  0.1224 fitness= 71.4286
-->8--
         17       4 
      2      23       6
      3      24      18 
 21       7       1      10
 16      14      22      13
     15       8      12 
     11       9       5
         19      20 
--8<--
sum= 75.2857 var=  0.2041 fitness= 73.0726
-->8--
          3       6 
     18      23      22
     20       4       9 
 21       7      11      13
  1      24      12      14
      2      17      16 
      8       5      15
         19      10 
--8<--
sum= 78.7143 var=  0.2041 fitness= 76.5012
-->8--
          8      23 
      6      16       1
     18      13      11 
 14      20      17      22
  5       9       3       7
     15      19      21 
     12      24      10
          2       4 
--8<--
sum= 78.1429 var=  0.1224 fitness= 76.4286
-->8--
          4      19 
     12      23       8
      6      20       2 
 21      14       7      16
  1      13      15      17
     24      10      22 
      9      18      11
          5       3 
--8<--
sum= 76.7143 var=  0.2041 fitness= 74.5012
-->8--
          2       5 
      1      16      14
     20      19      12 
 13      23      15       9
 10       4      17       6
     11       3      22 
     21      24       7
         18       8 
--8<--
sum= 80.0000 var=  0.2857 fitness= 77.3814
-->8--
         21      10 
      2      16      15
     11      12       8 
  1      17      18       3
 19       7       5      22
     24      20      23 
      6      13      14
          9       4 
--8<--
sum= 81.7143 var=  0.2041 fitness= 79.5012
-->8--
          8      23 
      6      16       1
     18      13      11 
 14      20      17       7
  5       9       3      22
     15      19      21 
     12      24      10
          2       4 
--8<--
sum= 71.8571 var=  0.1224 fitness= 70.1429
-->8--
          2      15 
     22      24       5
      8       6      18 
 17      13       7      16
 19      14      12      21
      4      23       1 
      3      20       9
         11      10 
--8<--
sum= 78.8571 var=  0.1224 fitness= 77.1429
-->8--
          2       5 
      1      16      14
     20      19      12 
 13      23      15       9
 10       4      17       6
     11       3      22 
     21      24       7
         18       8 
--8<--
sum= 81.5714 var=  0.2449 fitness= 79.1471
-->8--
          4       5 
      6      16      10
     13      22      20 
 24      19       7      15
  2       1      17       9
     21      14      12 
      3      18      11
         23       8 
--8<--
sum= 78.7143 var=  0.2041 fitness= 76.5012
-->8--
         19      15 
     10       1      16
     11      12      18 
  8      23      14      22
 21       4       3       2
      9      20      17 
     13      24       5
          6       7 
--8<--
sum= 74.8571 var=  0.1224 fitness= 73.1429
-->8--
         15      12 
     18      10      16
     20       5      23 
 17      11      13       1
  8       9      19       2
     14      22      21 
     24       7       4
          3       6 
--8<--
sum= 73.8571 var=  0.4082 fitness= 70.7273
-->8--
         21       4 
      8      20      18
     13      15       7 
 11       3      16       2
  6      23      22      14
     24       1      19 
     10      17      12
          5       9 
--8<--
sum= 74.2857 var=  0.2041 fitness= 72.0726
-->8--
         11      12 
     19      22      21
     15       1      10 
 14       6       8       9
 20      17      18      13
      2      24      16 
      3       5       7
         23       4 
--8<--
sum= 77.8571 var=  0.1224 fitness= 76.1429
-->8--
          4       6 
     23      12      10
      5      24      11 
  8       9      14       2
 22      16      13      18
     17       1      19 
     15      21       3
          7      20 
--8<--
sum= 76.8571 var=  0.1224 fitness= 75.1429
-->8--
         24       7 
      3      13      12
      6       8      10 
  2      19      23      18
 22       4       5      16
     20      14       1 
     11      15      17
          9      21 
--8<--
sum= 80.7143 var=  0.2041 fitness= 78.5012
-->8--
          7      14 
      9      23       2
     24       4      22 
 13      17      19       1
 10       5      18       8
     15      21      16 
     12      20       6
         11       3 
--8<--
sum= 80.1429 var=  0.4082 fitness= 77.0130
-->8--
         14      23 
      9      21       1
     16       7      17 
 18      15      13      10
  3       6      22       8
     24      19      12 
      2      20       4
         11       5 
--8<--
sum= 78.1429 var=  0.1224 fitness= 76.4286
-->8--
          4      17 
      3      22       1
     21      14       9 
 18      19      20      12
  2       7      13       6
     16      10      23 
     15      24       8
         11       5 
--8<--
sum= 82.0000 var=  0.2857 fitness= 79.3814
-->8--
          2      12 
      9       7      11
     23      21      16 
  6      19      14      22
  5      10       4       8
     18      13      17 
     15      24      20
          1       3 
--8<--
sum= 75.7143 var=  0.2041 fitness= 73.5012
-->8--
         10      14 
     22      11      17
      8      21       6 
 15       2       5      20
 12      18       4      16
     19      24      23 
      9       3      13
          1       7 
--8<--
sum= 72.4286 var=  0.2449 fitness= 70.0042
-->8--
         12      19 
      5      14       1
     17      13      23 
 11      16       7      20
  8      15       2      22
     10      24       3 
      6      18      21
          4       9 
--8<--
sum= 77.5714 var=  0.2449 fitness= 75.1471
-->8--
         10      16 
      2      24       4
     21      19       5 
 22       3      11      23
  8      12      14       9
     13      20      17 
      1      15       7
         18       6 
--8<--
sum= 76.4286 var=  0.2449 fitness= 74.0042
-->8--
          7       2 
     18      20      24
     19      14       9 
 16       1      10      11
  5      15      22       6
     23      17      21 
      8       3       4
         13      12 
--8<--
sum= 83.2857 var=  0.2041 fitness= 81.0726
-->8--
          4      12 
      5      21      13
     23       6      15 
  7      24      16       3
  9       1      22      10
     19      14      17 
     18      20       8
         11       2 
--8<--
found: sum= 83.0000 var=  0.0000 fitness= 83.0000
-->8--
          7      14 
      9      23       2
     24       4      22 
 13      17      19       1
 10       5      18       8
     15      21      16 
     12      20       6
         11       3 
--8<--
sum= 77.8571 var=  0.1224 fitness= 76.1429
-->8--
         14      24 
     18       5      16
      7      13      17 
 15      19       1       3
  2      12      23      22
     21       8      10 
     11      20       9
          4       6 
--8<--
sum= 83.7143 var=  0.2041 fitness= 81.5012
-->8--
          7      12 
      5      23      14
     20       6      15 
 16      17       8      11
  3       4      21      10
     18      22      13 
     24       1      19
          9       2 
--8<--
sum= 78.7143 var=  0.2041 fitness= 76.5012
-->8--
          8       1 
     18       6      20
     15      11      21 
 12      17      16       3
  5       7      22       9
     19       2       4 
     23      10      13
         14      24 
--8<--
found: sum= 78.0000 var=  0.0000 fitness= 78.0000
-->8--
          7      13 
      2      23       6
     19      15      16 
 17      12       5      24
  9       3      21       8
     18      22       4 
     14      10      20
         11       1 
--8<--
found: sum= 75.0000 var=  0.0000 fitness= 75.0000
-->8--
         15      22 
     23      13      21
     12       3       1 
 19       8      14      16
  2      24      20       6
      9       5      17 
     11      18      10
          7       4 
--8<--
sum= 77.8571 var=  0.1224 fitness= 76.1429
-->8--
          7       2 
      4       3      21
     24      18      20 
  5      22      14      12
  9       1      13       8
     17      10      11 
     19      15       6
         16      23 
--8<--
sum= 77.5714 var=  0.2449 fitness= 75.1471
-->8--
          8      14 
     24      23      13
     17       6      11 
  5       1      12      16
 15      19      20       2
     22      21      18 
     10       4       7
          3       9 
--8<--
sum= 78.8571 var=  0.1224 fitness= 77.1429
-->8--
         18       2 
     20      11      22
     13       4      24 
 17      12      15       1
  6      21       7       8
      9      19      23 
      5      10      16
         14       3 
--8<--
sum= 82.8571 var=  0.1224 fitness= 81.1429
-->8--
          6       3 
     12      14      22
     15      10      24 
 13      23       7       1
 16       5      18      11
      8      17      19 
      9      20       4
         21       2 
--8<--
sum= 81.7143 var=  0.2041 fitness= 79.5012
-->8--
          3      13 
      7      14       1
     16      22      24 
  9      18       6       2
 12      10       5      20
     15      19      23 
     11       8      21
         17       4 
--8<--
sum= 80.7143 var=  0.2041 fitness= 78.5012
-->8--
         16      17 
      5      20      13
     22       1       4 
 21      15      24       9
  7       6      14      10
      8      19      18 
     11      23       2
         12       3 
--8<--
sum= 80.7143 var=  0.2041 fitness= 78.5012
-->8--
         15       3 
      7      16      24
     17      11       6 
 23      13      19       2
  1       5      21       9
     20      10      22 
     18      14       4
         12       8 
--8<--
sum= 77.1429 var=  0.1224 fitness= 75.4286
-->8--
          3       7 
     24       8      15
     10      12      18 
 19      17      14      11
  1       6      20       2
     21       5       9 
     16       4      13
         22      23 
--8<--
sum= 78.8571 var=  0.1224 fitness= 77.1429
-->8--
          2      24 
     21      11       7
     23       6      14 
  4      17      18       1
  9       5      19       8
     22      15      20 
     16      10      13
         12       3 
--8<--
found: sum= 78.0000 var=  0.0000 fitness= 78.0000
-->8--
         18      14 
      8       2      19
     17      10      24 
 15      23       9       4
  6      12       3      16
      5      21      22 
     13      20      11
          7       1 
--8<--
sum= 83.4286 var=  0.2449 fitness= 81.0042
-->8--
          7      14 
      9      23       2
     24       4      22 
 13      17      19       1
 10       5      18       8
     15      21      16 
     12      20       6
         11       3 
--8<--
sum= 81.0000 var=  0.5714 fitness= 77.2967
-->8--
          7      12 
      8      21      14
     18       5      13 
 11      22      16      17
 15       9      10       1
      6      19      24 
      4      23       2
         20       3 
--8<--
sum= 82.5714 var=  0.2449 fitness= 80.1471
-->8--
          9      10 
      5      21      23
     17       2      14 
 12      24       8      20
  4       3      22       1
     18      19      13 
     15       7      11
         16       6 
--8<--
sum= 76.8571 var=  0.1224 fitness= 75.1429
-->8--
         22       2 
      4      17      21
     24       3      16 
 20       8      19      14
  5      12      13      10
      9      23       6 
     15      18      11
          1       7 
--8<--
found: sum= 79.0000 var=  0.0000 fitness= 79.0000
-->8--
         14      13 
      4      23       3
     18      12      21 
 10       8       7      17
  2      22      24       1
     19       6       9 
     16       5      15
         11      20 
--8<--
found: sum= 78.0000 var=  0.0000 fitness= 78.0000
-->8--
          7      14 
      9      23       2
     24       4      22 
 13      17      19       1
 10       5      18       8
     15      21      16 
     12      20       6
         11       3 
--8<--
sum= 77.2857 var=  0.2041 fitness= 75.0726
-->8--
         15       4 
     12      24       5
     11       9      19 
 14      10      20       1
 23       7      17       2
     16      18      22 
      6      13       8
         21       3 
--8<--
sum= 76.7143 var=  0.2041 fitness= 74.5012
-->8--
         12      16 
      8      20      14
     19       4       2 
 13      17      24       1
  9       7      10      22
     15      18      21 
      6      23       3
         11       5 
--8<--
sum= 79.7143 var=  0.2041 fitness= 77.5012
-->8--
          2      24 
     21      11       7
     23       6      14 
  4      17      18       1
  9       5      19       8
     22      15      20 
     16      10       3
         12      13 
--8<--
execution time: real 0.188852s user 0.151976s sys 0.000000s
GA: P=50 K=25 sp=3 xover=2D/1
generation #21: pop m= 79.660 v=  0.180 f= 77.814 best_age=1
best: sum= 85.8571 var=  0.1224 fitness= 84.1429
-->8--
         12       6 
      9      21      15
     19       8      23 
 10      17      13       3
  2      18      14      11
     20      16      22 
      7      24       4
          1       5 
--8<--
found: sum= 74.0000 var=  0.0000 fitness= 74.0000
-->8--
         10      14 
     22      11      17
      8      21       6 
 15       2       5      20
 12      18       4      16
     19      24      23 
      9       3      13
          1       7 
--8<--
found: sum= 80.0000 var=  0.0000 fitness= 80.0000
-->8--
          2      24 
     21      11       7
     23       6      14 
  4      17      18       1
  9       5      19       8
     22      15      20 
     16      10       3
         12      13 
--8<--
found: sum= 84.0000 var=  0.0000 fitness= 84.0000
-->8--
          7      14 
      9      23       2
     24       4      22 
 13      17      19       1
 10       5      18       8
     15      21      16 
     12      20       6
         11       3 
--8<--
found: sum= 80.0000 var=  0.0000 fitness= 80.0000
-->8--
         12      16 
      8      20      14
     19       4       2 
 13      17      24       1
  9       7      10      22
     15      18      21 
      6      23       3
         11       5 
--8<--
found: sum= 84.0000 var=  0.0000 fitness= 84.0000
-->8--
          7      14 
      9      23       2
     24       4      22 
 13      17      19       1
 10       5      18       8
     15      21      16 
     12      20       6
         11       3 
--8<--
found: sum= 79.0000 var=  0.0000 fitness= 79.0000
-->8--
         14      13 
      4      23       3
     18      12      21 
 10       8       7      17
  2      22      24       1
     19       6       9 
     16       5      15
         11      20 
--8<--
found: sum= 81.0000 var=  0.0000 fitness= 81.0000
-->8--
          7      12 
      8      21      14
     18       5      13 
 11      22      16      17
 15       9      10       1
      6      19      24 
      4      23       2
         20       3 
--8<--
found: sum= 78.0000 var=  0.0000 fitness= 78.0000
-->8--
         18      14 
      8       2      19
     17      10      24 
 15      23       9       4
  6      12       3      16
      5      21      22 
     13      20      11
          7       1 
--8<--
found: sum= 81.0000 var=  0.0000 fitness= 81.0000
-->8--
         15       4 
     12      24       5
     11       9      19 
 14      10      20       1
 23       7      17       2
     16      18      22 
      6      13       8
         21       3 
--8<--
