execution time: real 0.002895s user 0.001999s sys 0.000000s
GA: P=10 K=7 sp=3 xover_cuts=2
generation #1: pop m= 77.571 v=160.816 f= 38.152 var0cnt=1 bage=1
best: sum= 80.7143 var=  0.2041 fitness= 78.5012
-->8--
         18       4 
     13      22      14
     15      11      10 
 17       2      20       3
  7      23      24       5
     16       1      19 
      8      21       6
         12       9 
--8<--
found: sum= 75.0000 var=  0.0000 fitness= 75.0000
-->8--
         19      24 
     18       1      23
     20       4      16 
 15      13       7      10
  2      22      17      11
      3      12      14 
      8      21       6
          9       5 
--8<--
