found: sum= 72.0000 var=  0.0000 fitness= 72.0000 age=0
-->8--
          1      13 
     11       2      18
     20      14      10 
  3      24      15       9
 16       5       8      23
      4       6       7 
     19      17      22
         21      12 
--8<--
found: sum= 78.0000 var=  0.0000 fitness= 78.0000 age=0
-->8--
         17       4 
      2      12      22
     23      21      18 
 13       3       1      15
  8      20       9      19
     11      24      16 
      7      10      14
          6       5 
--8<--
found: sum= 75.0000 var=  0.0000 fitness= 75.0000 age=0
-->8--
          8      17 
     15      11      12
     13       7      18 
 19      21      10       3
 16       1      14       6
      5      22      24 
     23       4       2
         20       9 
--8<--
found: sum= 75.0000 var=  0.0000 fitness= 75.0000 age=0
-->8--
         24       8 
     10      13      14
      7       5      18 
 22      16      17       6
  3      12      21      11
     15       4       2 
     23      20      19
          1       9 
--8<--
found: sum= 75.0000 var=  0.0000 fitness= 75.0000 age=0
-->8--
          6      21 
      8      15       2
     24      13      10 
 11       9      14       4
  1      12      20      22
     18       7       5 
     19       3      17
         16      23 
--8<--
found: sum= 74.0000 var=  0.0000 fitness= 74.0000 age=0
-->8--
         14      10 
     19       5      24
     18      15      13 
 16       3       7      11
  6      23       9      12
      8      17      22 
      2       4       1
         20      21 
--8<--
found: sum= 75.0000 var=  0.0000 fitness= 75.0000 age=0
-->8--
         20      10 
      1      11      14
      8      22      15 
  9      13       3      17
 18      23      12       7
      4       2      21 
     24      16      19
          6       5 
--8<--
found: sum= 79.0000 var=  0.0000 fitness= 79.0000 age=0
-->8--
         15       1 
      9       6      18
     22      16      21 
  2      11      17       7
 13      12      20      10
     19       3       4 
     14      23       5
          8      24 
--8<--
found: sum= 75.0000 var=  0.0000 fitness= 75.0000 age=0
-->8--
         18       1 
     15       8      12
     11      17      21 
  7       6      16      23
 22      24       3       2
      5       9      10 
     13      20      19
          4      14 
--8<--
found: sum= 71.0000 var=  0.0000 fitness= 71.0000 age=0
-->8--
         24       5 
      7       6      14
      1      21      15 
 19      12      10      13
 20      17       8      16
      2       3       9 
      4      22      11
         23      18 
--8<--
found: sum= 71.0000 var=  0.0000 fitness= 71.0000 age=0
-->8--
         24      13 
     19       9      23
      2      11      12 
 15       6       3      14
 10      18      16      22
     20      17       4 
      1       8       5
          7      21 
--8<--
found: sum= 75.0000 var=  0.0000 fitness= 75.0000 age=0
-->8--
         20       1 
     17      24      12
      4       7      21 
 15       3      10       5
 18      19      22       9
     16      14       8 
     11       2      23
         13       6 
--8<--
found: sum= 77.0000 var=  0.0000 fitness= 77.0000 age=0
-->8--
         11       2 
     22      10       8
      9      20      18 
 14       5      19       7
 16      12      17      13
     21       4       3 
     15      24      23
          1       6 
--8<--
found: sum= 76.0000 var=  0.0000 fitness= 76.0000 age=0
-->8--
         12       4 
      2      16      23
     18      19       1 
 14       9      13      22
 15       3       8      11
     17      24      21 
      5       7      10
         20       6 
--8<--
found: sum= 77.0000 var=  0.0000 fitness= 77.0000 age=0
-->8--
          7      15 
      2      17      12
     24      16      14 
 10      11       3      19
  5       4      22      13
     23      21       6 
     20       1       9
          8      18 
--8<--
found: sum= 77.0000 var=  0.0000 fitness= 77.0000 age=0
-->8--
         10       3 
      4      13      14
     12      23       7 
 22      15      17      16
  1       6      11      18
     21       5       8 
     19      24      20
          2       9 
--8<--
found: sum= 75.0000 var=  0.0000 fitness= 75.0000 age=0
-->8--
         12      19 
     10       6      24
     16      17       2 
  9      14       7      23
  5      13      20       1
     18       4      22 
      8      11      15
         21       3 
--8<--
found: sum= 70.0000 var=  0.0000 fitness= 70.0000 age=0
-->8--
          7      23 
     19       8      10
      6      16      11 
 12      14       2      21
 17      20       5      22
      1      13       9 
     18      15       4
          3      24 
--8<--
found: sum= 78.0000 var=  0.0000 fitness= 78.0000 age=0
-->8--
         20      14 
      2      17       5
      9      18       8 
  4      12      16      22
 23      19      10       1
     11       3      21 
      6      24       7
         15      13 
--8<--
found: sum= 77.0000 var=  0.0000 fitness= 77.0000 age=0
-->8--
         11      14 
      2      13      21
     24       7       6 
  5      20      16      19
  4      15      18       8
      9       1      10 
     12      23      22
         17       3 
--8<--
found: sum= 78.0000 var=  0.0000 fitness= 78.0000 age=0
-->8--
          7       5 
     17      23       4
     11      14       8 
 15       6      24       9
 21      12      20       1
     13       2      16 
     10      19       3
         22      18 
--8<--
found: sum= 80.0000 var=  0.0000 fitness= 80.0000 age=0
-->8--
          1      12 
     13       3      14
     17      24      18 
  5      22       9       8
 11       6      15      10
     19       4      20 
     21      23      16
          7       2 
--8<--
found: sum= 78.0000 var=  0.0000 fitness= 78.0000 age=0
-->8--
          1       2 
     21      13       4
      9      15      20 
 17      19      24       6
  3       7       5      12
     23       8      11 
     10      14      18
         16      22 
--8<--
found: sum= 80.0000 var=  0.0000 fitness= 80.0000 age=0
-->8--
         18      21 
     14       4       3
     23      19      17 
  7       2      16       8
 13      11      12       5
     24      20      22 
      9      10       1
          6      15 
--8<--
found: sum= 72.0000 var=  0.0000 fitness= 72.0000 age=0
-->8--
         10      19 
     24      20      13
     12       2       1 
  7       4      17      14
 18      15      11      21
     16      23       8 
      9       3      22
          6       5 
--8<--
found: sum= 78.0000 var=  0.0000 fitness= 78.0000 age=0
-->8--
         13      18 
      1      24       2
     16      17       6 
 12       7      11      23
 19      15      20       4
      9       8      14 
      3      21      10
         22       5 
--8<--
found: sum= 72.0000 var=  0.0000 fitness= 72.0000 age=0
-->8--
         21      10 
     18      19      23
      2       1      13 
  7      11       6      15
 16      22      12      17
     14      20       9 
      8       3      24
          5       4 
--8<--
found: sum= 73.0000 var=  0.0000 fitness= 73.0000 age=0
-->8--
          3      11 
     10      13       1
      4      23      19 
 17      20       6      24
 21       9       7      12
      2       8       5 
     18      22      15
         14      16 
--8<--
found: sum= 73.0000 var=  0.0000 fitness= 73.0000 age=0
-->8--
         19       7 
     11       3      13
     20      15      14 
 12       5      21      17
  8       6      16       1
     22      10       4 
      9       2      23
         24      18 
--8<--
found: sum= 77.0000 var=  0.0000 fitness= 77.0000 age=0
-->8--
          2      24 
     13       9       8
     22      20       6 
 19      11      10      23
  5       4      17       3
     16      15      18 
      7      14      12
         21       1 
--8<--
found: sum= 75.0000 var=  0.0000 fitness= 75.0000 age=0
-->8--
          2       3 
     23      13      16
     19      11      24 
  6       7       8      14
 17      22       9      15
      4      18       5 
     20      10      12
          1      21 
--8<--
found: sum= 72.0000 var=  0.0000 fitness= 72.0000 age=0
-->8--
         23      16 
     11      12       7
      1      21       2 
 22       4      14      13
  6      20      10      15
     19       3      18 
     17       8       9
          5      24 
--8<--
found: sum= 78.0000 var=  0.0000 fitness= 78.0000 age=0
-->8--
          4       6 
     14      17      18
     24       3      19 
 12      16      15       5
  2      13       8      22
     11      23       9 
     20      10      21
          1       7 
--8<--
found: sum= 77.0000 var=  0.0000 fitness= 77.0000 age=0
-->8--
         15      16 
     21      19       6
     14       7      12 
 24       1      17       8
 10      23       9      18
      5      20      13 
      3      22       2
          4      11 
--8<--
found: sum= 77.0000 var=  0.0000 fitness= 77.0000 age=0
-->8--
          7       1 
     14      23      19
     18       6      17 
  8       9      11      10
 16      24      12      22
      2      15       5 
     13      20      21
          3       4 
--8<--
found: sum= 78.0000 var=  0.0000 fitness= 78.0000 age=0
-->8--
         21      23 
     14      15       5
     19       1      12 
 10       8      22       9
 18      16      20       2
      7      11      13 
     17      24       6
          3       4 
--8<--
found: sum= 80.0000 var=  0.0000 fitness= 80.0000 age=0
-->8--
         20       3 
      7       6      24
     22      14      12 
  5      11      21      13
  8      15       2       9
     19      17      23 
      1      18      16
         10       4 
--8<--
found: sum= 78.0000 var=  0.0000 fitness= 78.0000 age=0
-->8--
         11       1 
     15       2      19
      5      23      21 
 10      22      12       3
 13       8       4      14
     20       9      24 
     17      18       7
          6      16 
--8<--
found: sum= 74.0000 var=  0.0000 fitness= 74.0000 age=0
-->8--
         15      11 
     20      13      21
     22       3      16 
 12       1      10       7
 14      19      24       9
      6      17       8 
      4       5       2
         23      18 
--8<--
found: sum= 80.0000 var=  0.0000 fitness= 80.0000 age=0
-->8--
         10      17 
      3      24       2
     18       9       7 
 13      16      21       4
  8      19      14      12
      6       1      22 
     20      23      15
         11       5 
--8<--
found: sum= 79.0000 var=  0.0000 fitness= 79.0000 age=0
-->8--
          2      12 
     17      22      19
     11       3      15 
 14      24       8       9
  1      23      16      10
      6       5      21 
     18      20      13
          7       4 
--8<--
found: sum= 76.0000 var=  0.0000 fitness= 76.0000 age=0
-->8--
          8      21 
      2      15      11
     24       9       6 
 16      18      14       3
  1       7      23      17
     10       5      13 
     20      12       4
         22      19 
--8<--
found: sum= 75.0000 var=  0.0000 fitness= 75.0000 age=0
-->8--
         23      11 
      2       6      24
     21       7      14 
  3      16      13       1
 12      19      15      22
      4       5      10 
     18      20       8
          9      17 
--8<--
found: sum= 77.0000 var=  0.0000 fitness= 77.0000 age=0
-->8--
         23      15 
      2      17       9
     14       1      24 
 13      20      11      12
 18       7      16      10
      5      22       4 
      3      21       8
         19       6 
--8<--
found: sum= 77.0000 var=  0.0000 fitness= 77.0000 age=0
-->8--
          8       6 
     12      19      10
      3      17      14 
  2      18      11       1
 23       7      20      22
     24       4       9 
      5      16      15
         21      13 
--8<--
found: sum= 77.0000 var=  0.0000 fitness= 77.0000 age=0
-->8--
         19      24 
      9      23       2
      8      12      15 
 13       6       1      22
 16      20      17       4
     14      21      18 
     10       7       3
          5      11 
--8<--
found: sum= 73.0000 var=  0.0000 fitness= 73.0000 age=0
-->8--
         13       4 
     21       1      22
      8      18      11 
  9      12      17       2
 24      14       7      20
      6       5      16 
     10      23      19
         15       3 
--8<--
found: sum= 74.0000 var=  0.0000 fitness= 74.0000 age=0
-->8--
         12      23 
     24      11       6
      5       7      14 
  9      15      13      20
 18      17       3       2
     10      19      22 
     16       8      21
          4       1 
--8<--
found: sum= 69.0000 var=  0.0000 fitness= 69.0000 age=0
-->8--
          2      12 
     18      14      11
      5      13       4 
 21      17      15      24
 16       3       1      19
      7      20       6 
      8       9      10
         22      23 
--8<--
found: sum= 70.0000 var=  0.0000 fitness= 70.0000 age=0
-->8--
         22      10 
      6       3      19
     14      18      15 
 11       7       5       2
 17      20      12      23
      1       8      13 
     21       4       9
         16      24 
--8<--
found: sum= 82.0000 var=  0.0000 fitness= 82.0000 age=0
-->8--
         11      18 
      5      22       1
     17      13      21 
  6      14       7       8
 12       9      19       4
     24      20      23 
     16       3       2
         10      15 
--8<--
found: sum= 75.0000 var=  0.0000 fitness= 75.0000 age=0
-->8--
         17       8 
     15       3      22
     13      18      23 
 10       9       1       7
  6      16      19      14
     21      12      11 
      2       4       5
         20      24 
--8<--
found: sum= 75.0000 var=  0.0000 fitness= 75.0000 age=0
-->8--
         21       5 
     15      17      18
     10      11      20 
  7       1       4      13
 19      22      23       6
     16      14       9 
      8       3      24
         12       2 
--8<--
found: sum= 82.0000 var=  0.0000 fitness= 82.0000 age=0
-->8--
          9      19 
     14      22       4
     20       5       8 
  1      12      24       3
 15      18      17       7
     16       6      23 
     10      21       2
         11      13 
--8<--
found: sum= 76.0000 var=  0.0000 fitness= 76.0000 age=0
-->8--
         23       9 
      4      19      18
     11      14       1 
 21       5      15      20
  2      13      22      10
     24       7       8 
      3      17       6
         12      16 
--8<--
found: sum= 75.0000 var=  0.0000 fitness= 75.0000 age=0
-->8--
          8      22 
     23       2      18
     15       7      10 
  1      20      16       3
 17       9      19       6
     13       4      21 
     24      14       5
         11      12 
--8<--
found: sum= 76.0000 var=  0.0000 fitness= 76.0000 age=0
-->8--
          1      21 
     10      19       7
     12      16       9 
 20      18       4      23
 11       2      22      15
     13      14       3 
      6      24       5
         17       8 
--8<--
found: sum= 72.0000 var=  0.0000 fitness= 72.0000 age=0
-->8--
          2       9 
     20       3      23
     16      21       5 
 24      10      11      22
 12       6       7       8
      4      17      19 
     18      13       1
         14      15 
--8<--
found: sum= 74.0000 var=  0.0000 fitness= 74.0000 age=0
-->8--
          7      18 
     21       9      16
     22      14      15 
 20       1       2       6
  3      23      24      19
      5      10       8 
     13      11      17
         12       4 
--8<--
found: sum= 77.0000 var=  0.0000 fitness= 77.0000 age=0
-->8--
          4      19 
     11      24       5
     23       7      10 
 20       8      12      13
  2      15      18      21
      9      17       3 
     14      16       1
          6      22 
--8<--
found: sum= 77.0000 var=  0.0000 fitness= 77.0000 age=0
-->8--
          6       4 
     11      21       5
      9      10      23 
 16      20      14      13
 12      17       1      19
      3      15       7 
     18      22       8
          2      24 
--8<--
found: sum= 78.0000 var=  0.0000 fitness= 78.0000 age=0
-->8--
         12       3 
      1      24      13
      4      15      16 
  8      22       7      10
 19      11       2      20
     14      21      23 
     17       9       5
          6      18 
--8<--
found: sum= 81.0000 var=  0.0000 fitness= 81.0000 age=0
-->8--
          2       9 
      1      20       8
     24      19      11 
 12      15      14      10
  5       4      16      23
     21      13       7 
     18      22       6
          3      17 
--8<--
found: sum= 75.0000 var=  0.0000 fitness= 75.0000 age=0
-->8--
          6      14 
      1      24      18
     22       7       8 
  2      15       4      20
 12      11      17      23
     13      21       3 
      9       5      19
         16      10 
--8<--
found: sum= 81.0000 var=  0.0000 fitness= 81.0000 age=0
-->8--
         11      21 
      4      24       3
      8      12      16 
 17      22       5      20
  1      10      18       7
     23      14      15 
      2      19       6
         13       9 
--8<--
found: sum= 75.0000 var=  0.0000 fitness= 75.0000 age=0
-->8--
          1       7 
     24      10      11
     15       9      21 
 14      16      17       3
 18       8      20      12
      4       5       2 
     13      23      19
         22       6 
--8<--
found: sum= 77.0000 var=  0.0000 fitness= 77.0000 age=0
-->8--
         20      21 
     17      13       3
      1      10      19 
 15      16      11       2
  9      12      22      18
     24       6       5 
      8      23       7
          4      14 
--8<--
found: sum= 76.0000 var=  0.0000 fitness= 76.0000 age=0
-->8--
          9       5 
     21       8      24
     15      19      14 
 13       4       6      10
  7      20      11      12
     17      16      23 
      2       3       1
         18      22 
--8<--
found: sum= 81.0000 var=  0.0000 fitness= 81.0000 age=0
-->8--
         17      13 
      2      15      10
     11      20      14 
 18      16       9       7
  5      12      23       4
     19       1      24 
      6      22       8
         21       3 
--8<--
found: sum= 82.0000 var=  0.0000 fitness= 82.0000 age=0
-->8--
          2      11 
     21      18       5
     17      15      10 
  1       9      23       6
 16      20      12       7
     19       3      24 
     14      22      13
          4       8 
--8<--
found: sum= 72.0000 var=  0.0000 fitness= 72.0000 age=0
-->8--
         13       8 
      3      15      21
      7      11       5 
 17      23      12      18
 10       6       1      14
      9      19      22 
     20       2      24
         16       4 
--8<--
found: sum= 77.0000 var=  0.0000 fitness= 77.0000 age=0
-->8--
         19       4 
     20      16      17
     10      11       5 
 15       1      24      13
 21      12       6       7
     18      23      22 
      8      14       3
          2       9 
--8<--
found: sum= 76.0000 var=  0.0000 fitness= 76.0000 age=0
-->8--
         16      12 
     18      24       6
     10       7       4 
 15       1      23       5
  9      21      11      14
     20      13      19 
     17       3      22
          2       8 
--8<--
found: sum= 75.0000 var=  0.0000 fitness= 75.0000 age=0
-->8--
         12      16 
     11      10       3
      1      17      22 
 19      24       7      23
  4      13       9       6
     14       5       8 
      2      20      18
         21      15 
--8<--
found: sum= 76.0000 var=  0.0000 fitness= 76.0000 age=0
-->8--
         24      14 
      3      18      20
     21       2       9 
 15       8      13       1
  6      22      19      11
      4      12      23 
     16       5      10
         17       7 
--8<--
found: sum= 82.0000 var=  0.0000 fitness= 82.0000 age=0
-->8--
          7      14 
     20      22       1
     23       8      21 
  6       2      16       9
 10      24      13      11
     17      19      12 
      4      15       5
          3      18 
--8<--
found: sum= 81.0000 var=  0.0000 fitness= 81.0000 age=0
-->8--
          5       8 
     14      23      13
     17       6      22 
  2      16       9       1
 11      20      18      24
     15      12       7 
      3      21       4
         10      19 
--8<--
found: sum= 81.0000 var=  0.0000 fitness= 81.0000 age=0
-->8--
         15      22 
      3      18       2
     24       4      19 
  8      17      16       5
  6      12      21      13
     14      11       7 
     20      23       9
          1      10 
--8<--
found: sum= 79.0000 var=  0.0000 fitness= 79.0000 age=0
-->8--
          6       9 
     23      16      10
     21       8      22 
  7       5      14       2
 12      15      17      11
     19      20      13 
     18       4       1
          3      24 
--8<--
found: sum= 76.0000 var=  0.0000 fitness= 76.0000 age=0
-->8--
          1      21 
     20      23       6
      4       9      10 
 14      19       7       8
 16       5      12      17
     18      24      22 
     11       3      13
         15       2 
--8<--
found: sum= 81.0000 var=  0.0000 fitness= 81.0000 age=0
-->8--
          5       7 
      2      21      11
     20      23      16 
 15      10       3      13
  6      12      24      17
     18       9       8 
     19      22       4
          1      14 
--8<--
found: sum= 76.0000 var=  0.0000 fitness= 76.0000 age=0
-->8--
         24       7 
      9      20       3
      4      11      19 
 14       8      16      15
 12      17       2      18
     21      22       6 
      1      10      23
          5      13 
--8<--
found: sum= 78.0000 var=  0.0000 fitness= 78.0000 age=0
-->8--
         21      15 
      5       8       3
     14      24       9 
 12       6      19      10
 11      18       4      16
     17       7      20 
      1      22       2
         13      23 
--8<--
found: sum= 78.0000 var=  0.0000 fitness= 78.0000 age=0
-->8--
          7      11 
      6      22      16
     21       2      17 
 12      20      10       9
  8      13      14       5
      4      19      23 
     24       3      18
         15       1 
--8<--
found: sum= 81.0000 var=  0.0000 fitness= 81.0000 age=0
-->8--
         22       5 
      6      17      13
     12       8      20 
 23      16      18       7
  4      15      10       2
     11      14      24 
     19      21       9
          1       3 
--8<--
found: sum= 79.0000 var=  0.0000 fitness= 79.0000 age=0
-->8--
         15       2 
      5      17      21
     14      24      12 
 10       4       3      22
  8      23      18      11
     20       7      13 
      9      19      16
          1       6 
--8<--
found: sum= 77.0000 var=  0.0000 fitness= 77.0000 age=0
-->8--
          1      12 
     23       2      21
     20      16       9 
  5      15      17      10
 18      11       4      13
      8      14      24 
      3      22       6
         19       7 
--8<--
found: sum= 74.0000 var=  0.0000 fitness= 74.0000 age=0
-->8--
          8      19 
     16      21      14
     15      12       1 
  3       2       7      22
 23      20       9      18
     11      24      17 
     10       5      13
          4       6 
--8<--
found: sum= 75.0000 var=  0.0000 fitness= 75.0000 age=0
-->8--
         15      20 
      1      14       3
     22      17      11 
 13       6      10      23
 18       9      21       8
      7      12       2 
     24      19       5
          4      16 
--8<--
found: sum= 76.0000 var=  0.0000 fitness= 76.0000 age=0
-->8--
         16       9 
      2      10       1
     20      24      18 
 11       4      14      23
 17      21       8       6
      3       5       7 
     13      22      19
         12      15 
--8<--
found: sum= 81.0000 var=  0.0000 fitness= 81.0000 age=0
-->8--
          2      12 
      1      21       7
     24      19      17 
  9      14       5      16
  3      18      10      11
     13      15      22 
     23       8      20
          4       6 
--8<--
found: sum= 80.0000 var=  0.0000 fitness= 80.0000 age=0
-->8--
          4       9 
     20      23       6
      8       3      15 
  5      22      24       2
 10      19      11       7
     16       1      21 
     14      17      18
         13      12 
--8<--
found: sum= 74.0000 var=  0.0000 fitness= 74.0000 age=0
-->8--
         10      12 
     23       7       1
      5      11      22 
 17      18      21       4
 19       6      16       8
      9       2       3 
     20      24      14
         13      15 
--8<--
found: sum= 80.0000 var=  0.0000 fitness= 80.0000 age=0
-->8--
          2       6 
     11      22      12
     24      17      14 
 19       4       9      20
  5      13      16       3
     15      21      18 
     23       7      10
          1       8 
--8<--
found: sum= 79.0000 var=  0.0000 fitness= 79.0000 age=0
-->8--
          5       8 
     16       9      15
     14      23      22 
  6      12       2      17
 10      18      20      11
     19       4       7 
     13      24      21
          1       3 
--8<--
found: sum= 77.0000 var=  0.0000 fitness= 77.0000 age=0
-->8--
          1      23 
     19      13       9
     18      14       7 
  4      12      11       6
  5      22      15      17
     16       3      21 
     24      10       8
          2      20 
--8<--
found: sum= 80.0000 var=  0.0000 fitness= 80.0000 age=0
-->8--
          3       1 
     16      17       4
      7      14      24 
 10      23      20      11
  9      13       8       5
     18       2      12 
      6      22      15
         19      21 
--8<--
found: sum= 74.0000 var=  0.0000 fitness= 74.0000 age=0
-->8--
         18       9 
     24      11      19
      4       3      20 
 23      14      12       8
  1      17       6      21
     15      22       7 
      5      13      16
          2      10 
--8<--
found: sum= 83.0000 var=  0.0000 fitness= 83.0000 age=0
-->8--
         18       7 
     11      15      13
     16      19      24 
  9       4       5      10
 14      23      20       3
     17      12      21 
      8      22       6
          1       2 
--8<--
found: sum= 76.0000 var=  0.0000 fitness= 76.0000 age=0
-->8--
         18      23 
      7      22       1
     15       2      19 
 20      12       9       5
  3      16      24      11
     10      13       8 
     14       6       4
         17      21 
--8<--
found: sum= 84.0000 var=  0.0000 fitness= 84.0000 age=0
-->8--
         10       8 
      2      22      14
     20      11      16 
  6      19      13       4
  3      15       9      24
     21      17      18 
      7      23       5
          1      12 
--8<--
found: sum= 79.0000 var=  0.0000 fitness= 79.0000 age=0
-->8--
          4       3 
     15      14       6
     10      23      24 
 17      13       9      22
  8      12       2       1
     19      20      21 
     16       7      18
          5      11 
--8<--
found: sum= 79.0000 var=  0.0000 fitness= 79.0000 age=0
-->8--
         11       2 
     13      22      18
      9       1      21 
 10      23      15       7
 19       4      16       3
     14      20      17 
      5      12       6
         24       8 
--8<--
found: sum= 80.0000 var=  0.0000 fitness= 80.0000 age=0
-->8--
          3       9 
      1      22       5
     24      20      13 
 18      10      11      15
  7       2      23      12
     19      14       6 
     21      16      17
          8       4 
--8<--
found: sum= 80.0000 var=  0.0000 fitness= 80.0000 age=0
-->8--
          2       6 
     14      24      10
     19      12       7 
  4       9      21       3
 13      15      18      23
     20       5       8 
      1      22      16
         17      11 
--8<--
found: sum= 79.0000 var=  0.0000 fitness= 79.0000 age=0
-->8--
         14       1 
      5      24      12
      6      10      17 
  8      20      15       2
 11      13       3      19
     21      18      23 
      7       4      22
         16       9 
--8<--
found: sum= 76.0000 var=  0.0000 fitness= 76.0000 age=0
-->8--
         24       3 
      5      11      12
     15      19      17 
 20       2      14       8
  1      16      21      10
     22       4       6 
      7       9      13
         18      23 
--8<--
found: sum= 80.0000 var=  0.0000 fitness= 80.0000 age=0
-->8--
          3      11 
     14      17      15
     12      10      20 
  5      24       7      16
  2      18      13       1
     19       8      23 
     22       9      21
          4       6 
--8<--
found: sum= 78.0000 var=  0.0000 fitness= 78.0000 age=0
-->8--
          3       2 
     17      23       5
     14      15       9 
 22       6      24       1
  8      16      10      21
     12       7      13 
      4      19      11
         20      18 
--8<--
found: sum= 79.0000 var=  0.0000 fitness= 79.0000 age=0
-->8--
          2      10 
     14      13       8
     19      24       9 
 22       7      15      21
  4      16       5       6
     11      12      23 
     17      20      18
          3       1 
--8<--
found: sum= 78.0000 var=  0.0000 fitness= 78.0000 age=0
-->8--
         12      17 
      1      21       2
     20      13      15 
  3      11      10       9
 16      22      14       7
      6       8      23 
     19       5       4
         18      24 
--8<--
found: sum= 77.0000 var=  0.0000 fitness= 77.0000 age=0
-->8--
         19       7 
      1       9       2
     10      22      23 
 13      16      14       5
  8      18       3      21
     12       4      11 
     17      20      15
          6      24 
--8<--
found: sum= 79.0000 var=  0.0000 fitness= 79.0000 age=0
-->8--
          6      19 
      3      23       8
     24       7      12 
  9      16      10      13
  4      15      17      22
     11      14       5 
      1      20       2
         18      21 
--8<--
found: sum= 83.0000 var=  0.0000 fitness= 83.0000 age=0
-->8--
         20      11 
      7      10       5
     23      19      21 
  6       4      17       1
 12      16      18       2
     22       9      24 
     13      15      14
          8       3 
--8<--
found: sum= 81.0000 var=  0.0000 fitness= 81.0000 age=0
-->8--
          6       9 
      1      23      11
     20      18      16 
  3      13       4      21
 12      19      22      10
     14       5       8 
      2      24       7
         17      15 
--8<--
found: sum= 79.0000 var=  0.0000 fitness= 79.0000 age=0
-->8--
         11       4 
      3      18       9
     14      16      22 
  5      17      10       1
 12       7       8      23
     24      21      15 
     19       2      20
          6      13 
--8<--
found: sum= 82.0000 var=  0.0000 fitness= 82.0000 age=0
-->8--
          4       6 
     15      16      19
     20      14      24 
  8      13       3      10
  1      23      22      11
     17       7      12 
      9      21       2
          5      18 
--8<--
found: sum= 80.0000 var=  0.0000 fitness= 80.0000 age=0
-->8--
          2       7 
     17      14      12
     10      22      19 
 18      15       6       4
 11       5       8      23
     21      24      20 
     13      16       9
          1       3 
--8<--
found: sum= 76.0000 var=  0.0000 fitness= 76.0000 age=0
-->8--
         11      24 
      9       6       5
     20      18      13 
 15      12      10      16
  4       8      21      14
     17       7       2 
     19      22       1
          3      23 
--8<--
found: sum= 78.0000 var=  0.0000 fitness= 78.0000 age=0
-->8--
          9       5 
      6       8      10
     16      21      23 
 13      18      11      24
 20       4       2       1
      7      22      17 
     14      19      15
         12       3 
--8<--
found: sum= 79.0000 var=  0.0000 fitness= 79.0000 age=0
-->8--
          4       1 
     12      15       8
      9      21      24 
  2      18      10       3
 23      11       6      19
     16      13      17 
     20      14       7
          5      22 
--8<--
found: sum= 84.0000 var=  0.0000 fitness= 84.0000 age=0
-->8--
          1       7 
     12      21      15
     23       9      22 
 13      18      10       8
  5      14      16       4
     11      17      24 
     20      19       2
          3       6 
--8<--
found: sum= 75.0000 var=  0.0000 fitness= 75.0000 age=0
-->8--
         11      19 
     15       3      22
      6      24       2 
  7      16       5      13
 14       9      17      18
     23       4      20 
     10      21       1
          8      12 
--8<--
found: sum= 84.0000 var=  0.0000 fitness= 84.0000 age=0
-->8--
         12      15 
      5      21       7
     22       4      24 
  9      20      13       2
  8      14      16      10
     11      17      19 
     18      23       3
          1       6 
--8<--
found: sum= 79.0000 var=  0.0000 fitness= 79.0000 age=0
-->8--
          9      15 
     24      19      10
     13       6      11 
 20       8      18       4
  1      23      22       7
     14       2      17 
     16      21      12
          3       5 
--8<--
found: sum= 82.0000 var=  0.0000 fitness= 82.0000 age=0
-->8--
          3       8 
     21       9      19
     22      16      18 
 13      11      12      10
  2      20      17       1
     14       6      24 
     15      23       5
          4       7 
--8<--
found: sum= 83.0000 var=  0.0000 fitness= 83.0000 age=0
-->8--
          6       9 
      3      23      12
     22       5      21 
  7      24      13      19
  1      14      10       4
     15      17      16 
      8      18      20
         11       2 
--8<--
found: sum= 77.0000 var=  0.0000 fitness= 77.0000 age=0
-->8--
         15      16 
     11       8       6
      4      22      23 
  5      17       2       1
 20       7      19      18
     24      10      14 
     21      12       9
          3      13 
--8<--
found: sum= 82.0000 var=  0.0000 fitness= 82.0000 age=0
-->8--
         11      21 
      4      16       1
     24      13      23 
  3      14       8      12
  2      20      10       7
     19      17      22 
      5       6      18
         15       9 
--8<--
found: sum= 80.0000 var=  0.0000 fitness= 80.0000 age=0
-->8--
         20      13 
      1       5      18
     22      11      19 
 10      21      14       3
  8      12      16       4
      7       6      24 
     17      23       9
         15       2 
--8<--
found: sum= 78.0000 var=  0.0000 fitness= 78.0000 age=0
-->8--
          1      11 
      7      21       3
     23       8      20 
 10      18      15      19
  4      14       6      13
      9      17       5 
      2      12      22
         24      16 
--8<--
found: sum= 75.0000 var=  0.0000 fitness= 75.0000 age=0
-->8--
          3       5 
     24      18      15
     10      16      14 
 19       4       7      12
 13       6      22      11
     23      20       9 
      8       1      21
         17       2 
--8<--
found: sum= 78.0000 var=  0.0000 fitness= 78.0000 age=0
-->8--
          5       1 
      7      13      24
     23      10      22 
  6      20       8      12
  9      18       3      17
      2      19      16 
      4      14      15
         21      11 
--8<--
found: sum= 76.0000 var=  0.0000 fitness= 76.0000 age=0
-->8--
         14      19 
      8       7      16
     21      22       9 
  2       4       3       5
 23      20      17      18
      6      10      24 
     12      13       1
         15      11 
--8<--
found: sum= 83.0000 var=  0.0000 fitness= 83.0000 age=0
-->8--
          5       1 
     12      22      13
     24      17      23 
 15       3       7       4
  2      21      19      10
     18      16      20 
     14       8       9
          6      11 
--8<--
execution time: real 0.618879s user 0.385941s sys 0.000999s
GA: P=1024 K=512 sp=2 xover=2D/1 aging
generation #4: pop m= 79.960 v=0.192 f= 77.952
best: found: sum= 84.0000 var=  0.0000 fitness= 84.0000 age=1
-->8--
         12      15 
      5      21       7
     22       4      24 
  9      20      13       2
  8      14      16      10
     11      17      19 
     18      23       3
          1       6 
--8<--
found: sum= 81.0000 var=  0.0000 fitness= 81.0000 age=2
-->8--
          5       8 
     14      23      13
     17       6      22 
  2      16       9       1
 11      20      18      24
     15      12       7 
      3      21       4
         10      19 
--8<--
found: sum= 78.0000 var=  0.0000 fitness= 78.0000 age=2
-->8--
         21      15 
      5       8       3
     14      24       9 
 12       6      19      10
 11      18       4      16
     17       7      20 
      1      22       2
         13      23 
--8<--
found: sum= 77.0000 var=  0.0000 fitness= 77.0000 age=1
-->8--
         19       7 
      1       9       2
     10      22      23 
 13      16      14       5
  8      18       3      21
     12       4      11 
     17      20      15
          6      24 
--8<--
found: sum= 80.0000 var=  0.0000 fitness= 80.0000 age=2
-->8--
          4       9 
     20      23       6
      8       3      15 
  5      22      24       2
 10      19      11       7
     16       1      21 
     14      17      18
         13      12 
--8<--
found: sum= 76.0000 var=  0.0000 fitness= 76.0000 age=1
-->8--
         14      19 
      8       7      16
     21      22       9 
  2       4       3       5
 23      20      17      18
      6      10      24 
     12      13       1
         15      11 
--8<--
found: sum= 81.0000 var=  0.0000 fitness= 81.0000 age=2
-->8--
         15      22 
      3      18       2
     24       4      19 
  8      17      16       5
  6      12      21      13
     14      11       7 
     20      23       9
          1      10 
--8<--
found: sum= 82.0000 var=  0.0000 fitness= 82.0000 age=3
-->8--
         11      18 
      5      22       1
     17      13      21 
  6      14       7       8
 12       9      19       4
     24      20      23 
     16       3       2
         10      15 
--8<--
found: sum= 83.0000 var=  0.0000 fitness= 83.0000 age=1
-->8--
          6       9 
      3      23      12
     22       5      21 
  7      24      13      19
  1      14      10       4
     15      17      16 
      8      18      20
         11       2 
--8<--
found: sum= 77.0000 var=  0.0000 fitness= 77.0000 age=3
-->8--
         19      24 
      9      23       2
      8      12      15 
 13       6       1      22
 16      20      17       4
     14      21      18 
     10       7       3
          5      11 
--8<--
found: sum= 79.0000 var=  0.0000 fitness= 79.0000 age=1
-->8--
          4       3 
     15      14       6
     10      23      24 
 17      13       9      22
  8      12       2       1
     19      20      21 
     16       7      18
          5      11 
--8<--
found: sum= 79.0000 var=  0.0000 fitness= 79.0000 age=1
-->8--
         14       1 
      5      24      12
      6      10      17 
  8      20      15       2
 11      13       3      19
     21      18      23 
      7       4      22
         16       9 
--8<--
found: sum= 80.0000 var=  0.0000 fitness= 80.0000 age=1
-->8--
          2       7 
     17      14      12
     10      22      19 
 18      15       6       4
 11       5       8      23
     21      24      20 
     13      16       9
          1       3 
--8<--
found: sum= 78.0000 var=  0.0000 fitness= 78.0000 age=1
-->8--
          1      11 
      7      21       3
     23       8      20 
 10      18      15      19
  4      14       6      13
      9      17       5 
      2      12      22
         24      16 
--8<--
found: sum= 81.0000 var=  0.0000 fitness= 81.0000 age=2
-->8--
         22       5 
      6      17      13
     12       8      20 
 23      16      18       7
  4      15      10       2
     11      14      24 
     19      21       9
          1       3 
--8<--
found: sum= 80.0000 var=  0.0000 fitness= 80.0000 age=4
-->8--
         18      21 
     14       4       3
     23      19      17 
  7       2      16       8
 13      11      12       5
     24      20      22 
      9      10       1
          6      15 
--8<--
found: sum= 80.0000 var=  0.0000 fitness= 80.0000 age=4
-->8--
          1      12 
     13       3      14
     17      24      18 
  5      22       9       8
 11       6      15      10
     19       4      20 
     21      23      16
          7       2 
--8<--
found: sum= 82.0000 var=  0.0000 fitness= 82.0000 age=1
-->8--
         11      21 
      4      16       1
     24      13      23 
  3      14       8      12
  2      20      10       7
     19      17      22 
      5       6      18
         15       9 
--8<--
found: sum= 77.0000 var=  0.0000 fitness= 77.0000 age=2
-->8--
          1      23 
     19      13       9
     18      14       7 
  4      12      11       6
  5      22      15      17
     16       3      21 
     24      10       8
          2      20 
--8<--
found: sum= 78.0000 var=  0.0000 fitness= 78.0000 age=1
-->8--
          3       2 
     17      23       5
     14      15       9 
 22       6      24       1
  8      16      10      21
     12       7      13 
      4      19      11
         20      18 
--8<--
found: sum= 75.0000 var=  0.0000 fitness= 75.0000 age=1
-->8--
          3       5 
     24      18      15
     10      16      14 
 19       4       7      12
 13       6      22      11
     23      20       9 
      8       1      21
         17       2 
--8<--
found: sum= 79.0000 var=  0.0000 fitness= 79.0000 age=1
-->8--
          6      19 
      3      23       8
     24       7      12 
  9      16      10      13
  4      15      17      22
     11      14       5 
      1      20       2
         18      21 
--8<--
found: sum= 76.0000 var=  0.0000 fitness= 76.0000 age=1
-->8--
         18      23 
      7      22       1
     15       2      19 
 20      12       9       5
  3      16      24      11
     10      13       8 
     14       6       4
         17      21 
--8<--
found: sum= 81.0000 var=  0.0000 fitness= 81.0000 age=2
-->8--
          2       9 
      1      20       8
     24      19      11 
 12      15      14      10
  5       4      16      23
     21      13       7 
     18      22       6
          3      17 
--8<--
found: sum= 76.0000 var=  0.0000 fitness= 76.0000 age=1
-->8--
         24       3 
      5      11      12
     15      19      17 
 20       2      14       8
  1      16      21      10
     22       4       6 
      7       9      13
         18      23 
--8<--
found: sum= 83.0000 var=  0.0000 fitness= 83.0000 age=1
-->8--
         18       7 
     11      15      13
     16      19      24 
  9       4       5      10
 14      23      20       3
     17      12      21 
      8      22       6
          1       2 
--8<--
found: sum= 77.0000 var=  0.0000 fitness= 77.0000 age=3
-->8--
          8       6 
     12      19      10
      3      17      14 
  2      18      11       1
 23       7      20      22
     24       4       9 
      5      16      15
         21      13 
--8<--
found: sum= 78.0000 var=  0.0000 fitness= 78.0000 age=1
-->8--
          9       5 
      6       8      10
     16      21      23 
 13      18      11      24
 20       4       2       1
      7      22      17 
     14      19      15
         12       3 
--8<--
found: sum= 81.0000 var=  0.0000 fitness= 81.0000 age=2
-->8--
          2      12 
      1      21       7
     24      19      17 
  9      14       5      16
  3      18      10      11
     13      15      22 
     23       8      20
          4       6 
--8<--
found: sum= 77.0000 var=  0.0000 fitness= 77.0000 age=3
-->8--
          4      19 
     11      24       5
     23       7      10 
 20       8      12      13
  2      15      18      21
      9      17       3 
     14      16       1
          6      22 
--8<--
found: sum= 80.0000 var=  0.0000 fitness= 80.0000 age=1
-->8--
         20      13 
      1       5      18
     22      11      19 
 10      21      14       3
  8      12      16       4
      7       6      24 
     17      23       9
         15       2 
--8<--
found: sum= 84.0000 var=  0.0000 fitness= 84.0000 age=1
-->8--
         10       8 
      2      22      14
     20      11      16 
  6      19      13       4
  3      15       9      24
     21      17      18 
      7      23       5
          1      12 
--8<--
found: sum= 79.0000 var=  0.0000 fitness= 79.0000 age=2
-->8--
          5       8 
     16       9      15
     14      23      22 
  6      12       2      17
 10      18      20      11
     19       4       7 
     13      24      21
          1       3 
--8<--
found: sum= 79.0000 var=  0.0000 fitness= 79.0000 age=4
-->8--
         15       1 
      9       6      18
     22      16      21 
  2      11      17       7
 13      12      20      10
     19       3       4 
     14      23       5
          8      24 
--8<--
found: sum= 77.0000 var=  0.0000 fitness= 77.0000 age=3
-->8--
         15      16 
     21      19       6
     14       7      12 
 24       1      17       8
 10      23       9      18
      5      20      13 
      3      22       2
          4      11 
--8<--
found: sum= 81.0000 var=  0.0000 fitness= 81.0000 age=1
-->8--
          6       9 
      1      23      11
     20      18      16 
  3      13       4      21
 12      19      22      10
     14       5       8 
      2      24       7
         17      15 
--8<--
found: sum= 78.0000 var=  0.0000 fitness= 78.0000 age=3
-->8--
          4       6 
     14      17      18
     24       3      19 
 12      16      15       5
  2      13       8      22
     11      23       9 
     20      10      21
          1       7 
--8<--
found: sum= 79.0000 var=  0.0000 fitness= 79.0000 age=2
-->8--
          6       9 
     23      16      10
     21       8      22 
  7       5      14       2
 12      15      17      11
     19      20      13 
     18       4       1
          3      24 
--8<--
found: sum= 78.0000 var=  0.0000 fitness= 78.0000 age=4
-->8--
         17       4 
      2      12      22
     23      21      18 
 13       3       1      15
  8      20       9      19
     11      24      16 
      7      10      14
          6       5 
--8<--
found: sum= 77.0000 var=  0.0000 fitness= 77.0000 age=1
-->8--
         15      16 
     11       8       6
      4      22      23 
  5      17       2       1
 20       7      19      18
     24      10      14 
     21      12       9
          3      13 
--8<--
found: sum= 79.0000 var=  0.0000 fitness= 79.0000 age=2
-->8--
         15       2 
      5      17      21
     14      24      12 
 10       4       3      22
  8      23      18      11
     20       7      13 
      9      19      16
          1       6 
--8<--
found: sum= 78.0000 var=  0.0000 fitness= 78.0000 age=4
-->8--
          1       2 
     21      13       4
      9      15      20 
 17      19      24       6
  3       7       5      12
     23       8      11 
     10      14      18
         16      22 
--8<--
found: sum= 77.0000 var=  0.0000 fitness= 77.0000 age=2
-->8--
         20      21 
     17      13       3
      1      10      19 
 15      16      11       2
  9      12      22      18
     24       6       5 
      8      23       7
          4      14 
--8<--
found: sum= 78.0000 var=  0.0000 fitness= 78.0000 age=1
-->8--
          5       1 
      7      13      24
     23      10      22 
  6      20       8      12
  9      18       3      17
      2      19      16 
      4      14      15
         21      11 
--8<--
found: sum= 80.0000 var=  0.0000 fitness= 80.0000 age=2
-->8--
          2       6 
     11      22      12
     24      17      14 
 19       4       9      20
  5      13      16       3
     15      21      18 
     23       7      10
          1       8 
--8<--
found: sum= 83.0000 var=  0.0000 fitness= 83.0000 age=1
-->8--
          5       1 
     12      22      13
     24      17      23 
 15       3       7       4
  2      21      19      10
     18      16      20 
     14       8       9
          6      11 
--8<--
found: sum= 77.0000 var=  0.0000 fitness= 77.0000 age=4
-->8--
         11       2 
     22      10       8
      9      20      18 
 14       5      19       7
 16      12      17      13
     21       4       3 
     15      24      23
          1       6 
--8<--
found: sum= 79.0000 var=  0.0000 fitness= 79.0000 age=3
-->8--
          2      12 
     17      22      19
     11       3      15 
 14      24       8       9
  1      23      16      10
      6       5      21 
     18      20      13
          7       4 
--8<--
found: sum= 77.0000 var=  0.0000 fitness= 77.0000 age=4
-->8--
         11      14 
      2      13      21
     24       7       6 
  5      20      16      19
  4      15      18       8
      9       1      10 
     12      23      22
         17       3 
--8<--
found: sum= 78.0000 var=  0.0000 fitness= 78.0000 age=2
-->8--
          7      11 
      6      22      16
     21       2      17 
 12      20      10       9
  8      13      14       5
      4      19      23 
     24       3      18
         15       1 
--8<--
found: sum= 77.0000 var=  0.0000 fitness= 77.0000 age=3
-->8--
          2      24 
     13       9       8
     22      20       6 
 19      11      10      23
  5       4      17       3
     16      15      18 
      7      14      12
         21       1 
--8<--
found: sum= 77.0000 var=  0.0000 fitness= 77.0000 age=2
-->8--
         19       4 
     20      16      17
     10      11       5 
 15       1      24      13
 21      12       6       7
     18      23      22 
      8      14       3
          2       9 
--8<--
found: sum= 84.0000 var=  0.0000 fitness= 84.0000 age=1
-->8--
          1       7 
     12      21      15
     23       9      22 
 13      18      10       8
  5      14      16       4
     11      17      24 
     20      19       2
          3       6 
--8<--
found: sum= 77.0000 var=  0.0000 fitness= 77.0000 age=4
-->8--
          7      15 
      2      17      12
     24      16      14 
 10      11       3      19
  5       4      22      13
     23      21       6 
     20       1       9
          8      18 
--8<--
found: sum= 78.0000 var=  0.0000 fitness= 78.0000 age=1
-->8--
         12      17 
      1      21       2
     20      13      15 
  3      11      10       9
 16      22      14       7
      6       8      23 
     19       5       4
         18      24 
--8<--
found: sum= 81.0000 var=  0.0000 fitness= 81.0000 age=2
-->8--
         17      13 
      2      15      10
     11      20      14 
 18      16       9       7
  5      12      23       4
     19       1      24 
      6      22       8
         21       3 
--8<--
found: sum= 82.0000 var=  0.0000 fitness= 82.0000 age=3
-->8--
          9      19 
     14      22       4
     20       5       8 
  1      12      24       3
 15      18      17       7
     16       6      23 
     10      21       2
         11      13 
--8<--
found: sum= 80.0000 var=  0.0000 fitness= 80.0000 age=3
-->8--
         10      17 
      3      24       2
     18       9       7 
 13      16      21       4
  8      19      14      12
      6       1      22 
     20      23      15
         11       5 
--8<--
found: sum= 78.0000 var=  0.0000 fitness= 78.0000 age=3
-->8--
         11       1 
     15       2      19
      5      23      21 
 10      22      12       3
 13       8       4      14
     20       9      24 
     17      18       7
          6      16 
--8<--
found: sum= 83.0000 var=  0.0000 fitness= 83.0000 age=1
-->8--
         20      11 
      7      10       5
     23      19      21 
  6       4      17       1
 12      16      18       2
     22       9      24 
     13      15      14
          8       3 
--8<--
found: sum= 77.0000 var=  0.0000 fitness= 77.0000 age=3
-->8--
          7       1 
     14      23      19
     18       6      17 
  8       9      11      10
 16      24      12      22
      2      15       5 
     13      20      21
          3       4 
--8<--
found: sum= 78.0000 var=  0.0000 fitness= 78.0000 age=4
-->8--
         13      18 
      1      24       2
     16      17       6 
 12       7      11      23
 19      15      20       4
      9       8      14 
      3      21      10
         22       5 
--8<--
found: sum= 78.0000 var=  0.0000 fitness= 78.0000 age=3
-->8--
         21      23 
     14      15       5
     19       1      12 
 10       8      22       9
 18      16      20       2
      7      11      13 
     17      24       6
          3       4 
--8<--
found: sum= 80.0000 var=  0.0000 fitness= 80.0000 age=1
-->8--
          3       9 
      1      22       5
     24      20      13 
 18      10      11      15
  7       2      23      12
     19      14       6 
     21      16      17
          8       4 
--8<--
found: sum= 77.0000 var=  0.0000 fitness= 77.0000 age=4
-->8--
         10       3 
      4      13      14
     12      23       7 
 22      15      17      16
  1       6      11      18
     21       5       8 
     19      24      20
          2       9 
--8<--
found: sum= 80.0000 var=  0.0000 fitness= 80.0000 age=1
-->8--
          2       6 
     14      24      10
     19      12       7 
  4       9      21       3
 13      15      18      23
     20       5       8 
      1      22      16
         17      11 
--8<--
found: sum= 78.0000 var=  0.0000 fitness= 78.0000 age=4
-->8--
          7       5 
     17      23       4
     11      14       8 
 15       6      24       9
 21      12      20       1
     13       2      16 
     10      19       3
         22      18 
--8<--
found: sum= 81.0000 var=  0.0000 fitness= 81.0000 age=2
-->8--
         11      21 
      4      24       3
      8      12      16 
 17      22       5      20
  1      10      18       7
     23      14      15 
      2      19       6
         13       9 
--8<--
found: sum= 82.0000 var=  0.0000 fitness= 82.0000 age=1
-->8--
          3       8 
     21       9      19
     22      16      18 
 13      11      12      10
  2      20      17       1
     14       6      24 
     15      23       5
          4       7 
--8<--
found: sum= 79.0000 var=  0.0000 fitness= 79.0000 age=1
-->8--
          4       1 
     12      15       8
      9      21      24 
  2      18      10       3
 23      11       6      19
     16      13      17 
     20      14       7
          5      22 
--8<--
found: sum= 79.0000 var=  0.0000 fitness= 79.0000 age=1
-->8--
          9      15 
     24      19      10
     13       6      11 
 20       8      18       4
  1      23      22       7
     14       2      17 
     16      21      12
          3       5 
--8<--
found: sum= 80.0000 var=  0.0000 fitness= 80.0000 age=2
-->8--
          3       1 
     16      17       4
      7      14      24 
 10      23      20      11
  9      13       8       5
     18       2      12 
      6      22      15
         19      21 
--8<--
found: sum= 75.0000 var=  0.0000 fitness= 75.0000 age=1
-->8--
         11      19 
     15       3      22
      6      24       2 
  7      16       5      13
 14       9      17      18
     23       4      20 
     10      21       1
          8      12 
--8<--
found: sum= 80.0000 var=  0.0000 fitness= 80.0000 age=3
-->8--
         20       3 
      7       6      24
     22      14      12 
  5      11      21      13
  8      15       2       9
     19      17      23 
      1      18      16
         10       4 
--8<--
found: sum= 82.0000 var=  0.0000 fitness= 82.0000 age=2
-->8--
          7      14 
     20      22       1
     23       8      21 
  6       2      16       9
 10      24      13      11
     17      19      12 
      4      15       5
          3      18 
--8<--
found: sum= 79.0000 var=  0.0000 fitness= 79.0000 age=1
-->8--
         11       4 
      3      18       9
     14      16      22 
  5      17      10       1
 12       7       8      23
     24      21      15 
     19       2      20
          6      13 
--8<--
found: sum= 79.0000 var=  0.0000 fitness= 79.0000 age=1
-->8--
          2      10 
     14      13       8
     19      24       9 
 22       7      15      21
  4      16       5       6
     11      12      23 
     17      20      18
          3       1 
--8<--
found: sum= 78.0000 var=  0.0000 fitness= 78.0000 age=2
-->8--
         12       3 
      1      24      13
      4      15      16 
  8      22       7      10
 19      11       2      20
     14      21      23 
     17       9       5
          6      18 
--8<--
found: sum= 80.0000 var=  0.0000 fitness= 80.0000 age=1
-->8--
          3      11 
     14      17      15
     12      10      20 
  5      24       7      16
  2      18      13       1
     19       8      23 
     22       9      21
          4       6 
--8<--
found: sum= 76.0000 var=  0.0000 fitness= 76.0000 age=1
-->8--
         11      24 
      9       6       5
     20      18      13 
 15      12      10      16
  4       8      21      14
     17       7       2 
     19      22       1
          3      23 
--8<--
found: sum= 78.0000 var=  0.0000 fitness= 78.0000 age=4
-->8--
         20      14 
      2      17       5
      9      18       8 
  4      12      16      22
 23      19      10       1
     11       3      21 
      6      24       7
         15      13 
--8<--
found: sum= 79.0000 var=  0.0000 fitness= 79.0000 age=1
-->8--
         11       2 
     13      22      18
      9       1      21 
 10      23      15       7
 19       4      16       3
     14      20      17 
      5      12       6
         24       8 
--8<--
found: sum= 77.0000 var=  0.0000 fitness= 77.0000 age=3
-->8--
         23      15 
      2      17       9
     14       1      24 
 13      20      11      12
 18       7      16      10
      5      22       4 
      3      21       8
         19       6 
--8<--
found: sum= 81.0000 var=  0.0000 fitness= 81.0000 age=2
-->8--
          5       7 
      2      21      11
     20      23      16 
 15      10       3      13
  6      12      24      17
     18       9       8 
     19      22       4
          1      14 
--8<--
found: sum= 77.0000 var=  0.0000 fitness= 77.0000 age=2
-->8--
          1      12 
     23       2      21
     20      16       9 
  5      15      17      10
 18      11       4      13
      8      14      24 
      3      22       6
         19       7 
--8<--
found: sum= 77.0000 var=  0.0000 fitness= 77.0000 age=2
-->8--
          6       4 
     11      21       5
      9      10      23 
 16      20      14      13
 12      17       1      19
      3      15       7 
     18      22       8
          2      24 
--8<--
found: sum= 82.0000 var=  0.0000 fitness= 82.0000 age=1
-->8--
          4       6 
     15      16      19
     20      14      24 
  8      13       3      10
  1      23      22      11
     17       7      12 
      9      21       2
          5      18 
--8<--
found: sum= 82.0000 var=  0.0000 fitness= 82.0000 age=2
-->8--
          2      11 
     21      18       5
     17      15      10 
  1       9      23       6
 16      20      12       7
     19       3      24 
     14      22      13
          4       8 
--8<--
