found: sum= 76.0000 var=  0.0000 fitness= 76.0000
-->8--
         21       6 
      4      18      14
     22       9      10 
  5       2      19      16
 12      20      23       1
     15       3       7 
     13       8      24
         17      11 
--8<--
found: sum= 75.0000 var=  0.0000 fitness= 75.0000
-->8--
          8      11 
     23       1      16
     22       6      20 
 17      15      21      19
  5       7       2       3
      9      24      10 
      4      13      12
         18      14 
--8<--
found: sum= 75.0000 var=  0.0000 fitness= 75.0000
-->8--
         22       1 
     10      19      13
     14       3      18 
 17       7      21       2
 16       9      24       6
     12      11       4 
     15       8       5
         20      23 
--8<--
found: sum= 76.0000 var=  0.0000 fitness= 76.0000
-->8--
          9       4 
     15       3      23
      6      19      13 
 22      24      14      10
  2       1      11       8
     21       7      20 
     18      17       5
         12      16 
--8<--
found: sum= 82.0000 var=  0.0000 fitness= 82.0000
-->8--
         19      11 
      5      24       3
     20      13      23 
  9       1       8      10
 18      22      21       4
     12      17      16 
      2      15       7
         14       6 
--8<--
execution time: real 0.076247s user 0.009998s sys 0.000999s
GA: P=50 K=10 sp=2 xover=2D/1 optrpl=2 optskip=10 optmax=1.142857
generation #28: pop m= 78.229 v= 69.851 f= 48.610 best_age=1
best: found: sum= 82.0000 var=  0.0000 fitness= 82.0000
-->8--
         19      11 
      5      24       3
     20      13      23 
  9       1       8      10
 18      22      21       4
     12      17      16 
      2      15       7
         14       6 
--8<--
