found: sum=  0.0000 var=  0.0000 fitness=  0.0000
-->8--
         22       1 
      3      24      20
     19       2      14 
 23       8      17       9
  6      12      18       4
     10      21      16 
     15       7      11
         13       5 
--8<--
found: sum=  0.0000 var=  0.0000 fitness=  0.0000
-->8--
         12      16 
     24       5      20
      3      10      21 
 22      19       1       7
  2      23      11      15
      4       9      18 
      6      14      13
         17       8 
--8<--
found: sum=  0.0000 var=  0.0000 fitness=  0.0000
-->8--
         22      11 
      1       2      15
      6      18      19 
 23      24       8       5
  3      10       4      20
      7       9      17 
     12      14      16
         21      13 
--8<--
found: sum=  0.0000 var=  0.0000 fitness=  0.0000
-->8--
         12      18 
     13      11      19
     16      23       2 
  5       1       3       6
 17      15      20      24
     22      14      21 
      7       8       4
         10       9 
--8<--
found: sum=  0.0000 var=  0.0000 fitness=  0.0000
-->8--
         16      10 
     13      22       5
      6      19       9 
 11       1      12       2
 20      18      24       7
     21       3      23 
     14       4       8
         17      15 
--8<--
found: sum=  0.0000 var=  0.0000 fitness=  0.0000
-->8--
         12      17 
     24       7      21
      6       4      22 
 23      20       2      19
  3      16      18       1
      5      13      11 
     10      14       8
         15       9 
--8<--
execution time: real 0.011620s user 0.010998s sys 0.000999s
GA: P=50 K=25 sp=3 xover=2D/1
generation #0: pop m= 76.220 v=  0.204 f= 74.219 best_age=0
best: sum= 81.7143 var=  0.2041 fitness= 79.5012
-->8--
         20      13 
      9      11      21
     24       6      22 
  2      12       8      15
  1      23      16       3
     19      17      18 
      5      14      10
          4       7 
--8<--
found: sum= 78.0000 var=  0.0000 fitness= 78.0000
-->8--
         22       1 
      3      24      20
     19       2      14 
 23       8      17       9
  6      12      18       4
     10      21      16 
     15       7      11
         13       5 
--8<--
found: sum= 73.0000 var=  0.0000 fitness= 73.0000
-->8--
         12      16 
     24       5      20
      3      10      21 
 22      19       1       7
  2      23      11      15
      4       9      18 
      6      14      13
         17       8 
--8<--
found: sum= 73.0000 var=  0.0000 fitness= 73.0000
-->8--
         22      11 
      1       2      15
      6      18      19 
 23      24       8       5
  3      10       4      20
      7       9      17 
     12      14      16
         21      13 
--8<--
found: sum= 76.0000 var=  0.0000 fitness= 76.0000
-->8--
         12      18 
     13      11      19
     16      23       2 
  5       1       3       6
 17      15      20      24
     22      14      21 
      7       8       4
         10       9 
--8<--
found: sum= 77.0000 var=  0.0000 fitness= 77.0000
-->8--
         16      10 
     13      22       5
      6      19       9 
 11       1      12       2
 20      18      24       7
     21       3      23 
     14       4       8
         17      15 
--8<--
found: sum= 73.0000 var=  0.0000 fitness= 73.0000
-->8--
         12      17 
     24       7      21
      6       4      22 
 23      20       2      19
  3      16      18       1
      5      13      11 
     10      14       8
         15       9 
--8<--
