found: sum= 73.0000 var=  0.0000 fitness= 73.0000
-->8--
         13      11 
     17      24      14
     10       4       2 
 21       5      18      12
  9      22      23      15
      6       1       3 
      8      20      19
         16       7 
--8<--
found: sum= 77.0000 var=  0.0000 fitness= 77.0000
-->8--
          1       3 
     22       9      23
     11      10      17 
 13      24      15       5
  2       6      18      14
     21       4       8 
      7      19      16
         20      12 
--8<--
found: sum= 76.0000 var=  0.0000 fitness= 76.0000
-->8--
         23       6 
     20       2      15
     17      13      24 
 12       1      16       9
 11      21       3       5
     14      22      19 
      8       4      18
          7      10 
--8<--
found: sum= 74.0000 var=  0.0000 fitness= 74.0000
-->8--
         18       2 
     22       1      21
     10      12      24 
  6      11      14       4
 13      15      17       8
     19       5       7 
     23       9      16
          3      20 
--8<--
found: sum= 77.0000 var=  0.0000 fitness= 77.0000
-->8--
         19      11 
     17       5      10
     13       7      21 
 20      16      23       9
  1       3       6      14
     24      22       4 
      2      18      12
          8      15 
--8<--
found: sum= 76.0000 var=  0.0000 fitness= 76.0000
-->8--
          3      17 
      6      20       4
      5      24       2 
 12      18       9      19
 15      16       1      23
     10       8      22 
      7      21      11
         14      13 
--8<--
found: sum= 79.0000 var=  0.0000 fitness= 79.0000
-->8--
          1       4 
     14      13       7
     10      19      21 
  6      22      15       8
  5      12       2      17
     24       9      16 
      3      11      23
         20      18 
--8<--
found: sum= 76.0000 var=  0.0000 fitness= 76.0000
-->8--
          4       3 
     17      12       5
     10      24      19 
 18       9      13      16
  2      15       8      14
     22       7       6 
      1      11      23
         20      21 
--8<--
found: sum= 78.0000 var=  0.0000 fitness= 78.0000
-->8--
         22       5 
     18      13      14
     12      10      15 
 16       3      21       9
  8      19      24       2
     20       1       7 
      4      23      17
         11       6 
--8<--
found: sum= 75.0000 var=  0.0000 fitness= 75.0000
-->8--
          2       4 
     22      10       8
      3      17      20 
 15      21      16      13
 18       6      14       5
     12       1       7 
      9      23      11
         24      19 
--8<--
found: sum= 78.0000 var=  0.0000 fitness= 78.0000
-->8--
          2      15 
      8      24       3
     22       5      10 
 13      17      21      23
 16       1      14       4
      9      20       6 
     11      19      12
         18       7 
--8<--
found: sum= 78.0000 var=  0.0000 fitness= 78.0000
-->8--
          6       3 
     10      19      17
     13       7      20 
 21      23      12      11
  8       9       5      14
      4      22      16 
      1      18       2
         24      15 
--8<--
found: sum= 76.0000 var=  0.0000 fitness= 76.0000
-->8--
          1      12 
     24       5       9
      4      20      23 
  3      22       7       6
 19      15      10      16
     13       2      14 
      8      21      11
         17      18 
--8<--
found: sum= 81.0000 var=  0.0000 fitness= 81.0000
-->8--
         14      11 
      1      20       6
     12      19       9 
  5      15      16       8
  4      21       3      22
     24       7      23 
      2      17      13
         10      18 
--8<--
found: sum= 73.0000 var=  0.0000 fitness= 73.0000
-->8--
         15      20 
     21      16      22
     14       1       3 
  7       6      11      12
 13      23      24       5
     10       8      18 
      9       4       2
         19      17 
--8<--
found: sum= 77.0000 var=  0.0000 fitness= 77.0000
-->8--
         19      16 
      6      21      20
     11       5      14 
 18      15       1      12
  4      22      24      17
      7      10       9 
     13      23       8
          2       3 
--8<--
found: sum= 78.0000 var=  0.0000 fitness= 78.0000
-->8--
         10      20 
     23      11      13
     18       4      16 
  8      12      14       6
  7      24       2      19
      9      22      21 
      5      15       1
          3      17 
--8<--
found: sum= 80.0000 var=  0.0000 fitness= 80.0000
-->8--
          5      10 
      6      22       1
     17      21       2 
  3       9      24      18
 13      15       4      12
     23       7      20 
      8      16      14
         11      19 
--8<--
found: sum= 79.0000 var=  0.0000 fitness= 79.0000
-->8--
          5      12 
      3      23       8
      9      21      13 
  6      18       2      14
 20       4      15      24
     22      19      11 
      1      17      10
         16       7 
--8<--
found: sum= 77.0000 var=  0.0000 fitness= 77.0000
-->8--
         20       9 
     21       1      13
      7      12      23 
 10      16      19      11
  5      24       4       3
     15       2      17 
      6      22      14
          8      18 
--8<--
found: sum= 78.0000 var=  0.0000 fitness= 78.0000
-->8--
          1      14 
      3      22       4
     12      21       7 
 13      19      10      16
  2       9       8      17
     23      11      20 
     24       6      18
          5      15 
--8<--
found: sum= 74.0000 var=  0.0000 fitness= 74.0000
-->8--
         13       4 
     14       1      15
      7      20      24 
  8      19      10      22
 12      17       3       9
     11       5       6 
      2      21      23
         18      16 
--8<--
found: sum= 83.0000 var=  0.0000 fitness= 83.0000
-->8--
          6       1 
      9      23       2
     21      13      20 
 10      11      24      12
  4      22       5       3
     15       8      19 
      7      17      16
         14      18 
--8<--
execution time: real 0.125300s user 0.007998s sys 0.001999s
GA: P=50 K=10 sp=2 xover=2D/1 optrpl=2 optskip=10 optmax=1.142857
generation #94: pop m= 77.671 v= 35.851 f= 61.160 best_age=1
best: found: sum= 83.0000 var=  0.0000 fitness= 83.0000
-->8--
          6       1 
      9      23       2
     21      13      20 
 10      11      24      12
  4      22       5       3
     15       8      19 
      7      17      16
         14      18 
--8<--
found: sum= 74.0000 var=  0.0000 fitness= 74.0000
-->8--
         13       4 
     14       1      15
      7      20      24 
  8      19      10      22
 12      17       3       9
     11       5       6 
      2      21      23
         18      16 
--8<--
found: sum= 77.0000 var=  0.0000 fitness= 77.0000
-->8--
         20       9 
     21       1      13
      7      12      23 
 10      16      19      11
  5      24       4       3
     15       2      17 
      6      22      14
          8      18 
--8<--
found: sum= 78.0000 var=  0.0000 fitness= 78.0000
-->8--
          1      14 
      3      22       4
     12      21       7 
 13      19      10      16
  2       9       8      17
     23      11      20 
     24       6      18
          5      15 
--8<--
found: sum= 81.0000 var=  0.0000 fitness= 81.0000
-->8--
         14      11 
      1      20       6
     12      19       9 
  5      15      16       8
  4      21       3      22
     24       7      23 
      2      17      13
         10      18 
--8<--
