execution time: real 0.008980s user 0.008998s sys 0.000999s
GA: P=10 K=7 sp=3 xover_cuts=2
generation #5: pop v=82.171429 f=57.229681
best: sum=79.714286 var=0.204082 fitness=77.501152 age=4

          1       6 
     14      21       7
     16      20       4 
 18       8      22       9
  3      11       2      19
     24      17      23 
     12      10      15
          5      13 

found: sum=76.000000 var=0.000000 fitness=76.000000

          3       6 
      7      16      11
     21      12      13 
 22      17      18       5
 10       4       1      20
      2      24      19 
     14       9      15
         23       8 

