execution time: real 0.002740s user 0.000999s sys 0.000999s
generation #1: pop v=267.844082 f=-1.876118
best(1) sum=80.00000 var=50.85714 fitness=45.06332

         13      14 
      6      23       9
     10      12       8 
  7      11      15      22
 18      19       5      24
     20      21      16 
      2      17       3
          1       4 

sum=0.000000 var=0.000000

          0       0 
      0       0       0
      0       0       0 
  0       0       0       0
  0       0       0       0
      0       0       0 
      0       0       0
          0       0 

