found: sum= 72.0000 var=  0.0000 fitness= 72.0000
-->8--
         23       8 
     24       3      19
     14       1      21 
 17       7      20      13
 12      18      11       5
      4      15       2 
      9      16       6
         10      22 
--8<--
found: sum= 72.0000 var=  0.0000 fitness= 72.0000
-->8--
         17      18 
     14      10      21
     22       2      12 
  1       7       9      16
 23      11      19      13
      8      24       3 
      4       5       6
         20      15 
--8<--
found: sum= 72.0000 var=  0.0000 fitness= 72.0000
-->8--
         24      14 
      7      18      15
     12       3       6 
  1       8      16      19
 20      21      22       4
     10       2       5 
     13       9      11
         17      23 
--8<--
found: sum= 71.0000 var=  0.0000 fitness= 71.0000
-->8--
          3       8 
     11      10       9
     22      12      15 
  6      13      17      14
 21       7       4      16
      2      18       5 
     20       1      19
         23      24 
--8<--
found: sum= 79.0000 var=  0.0000 fitness= 79.0000
-->8--
          7      19 
      8      11       2
     24       9      15 
 16      20      23       3
  1       4       6      22
     14      17      10 
     18      21      12
          5      13 
--8<--
found: sum= 77.0000 var=  0.0000 fitness= 77.0000
-->8--
         18       8 
     19      17      13
      7      12      16 
 10       4      11       3
 15      20      24       1
     21       6      22 
     23       2       9
          5      14 
--8<--
found: sum= 78.0000 var=  0.0000 fitness= 78.0000
-->8--
         15      20 
     11       1      21
     24       4      22 
  8      23      10       9
  3       6      17       7
     14      18      13 
     19      16       2
          5      12 
--8<--
found: sum= 82.0000 var=  0.0000 fitness= 82.0000
-->8--
          4      17 
      6      12       2
     19      20      18 
  9      21      13       7
  8      11      16       5
     14       1      23 
     22      24       3
         10      15 
--8<--
found: sum= 75.0000 var=  0.0000 fitness= 75.0000
-->8--
          8      14 
     20       3      17
     23       6      13 
 18      15      22      12
  1      16       7      11
      2       9      10 
     19      24       4
          5      21 
--8<--
execution time: real 0.042108s user 0.007998s sys 0.000000s
GA: P=50 K=10 sp=2 xover=2D/1 optrpl=2 optskip=10 optmax=1.142857
generation #51: pop m= 77.763 v= 55.890 f= 50.604 best_age=1
best: found: sum= 82.0000 var=  0.0000 fitness= 82.0000
-->8--
          4      17 
      6      12       2
     19      20      18 
  9      21      13       7
  8      11      16       5
     14       1      23 
     22      24       3
         10      15 
--8<--
found: sum= 75.0000 var=  0.0000 fitness= 75.0000
-->8--
          8      14 
     20       3      17
     23       6      13 
 18      15      22      12
  1      16       7      11
      2       9      10 
     19      24       4
          5      21 
--8<--
found: sum= 79.0000 var=  0.0000 fitness= 79.0000
-->8--
          7      19 
      8      11       2
     24       9      15 
 16      20      23       3
  1       4       6      22
     14      17      10 
     18      21      12
          5      13 
--8<--
