found: sum= 78.0000 var=  0.0000 fitness= 78.0000
-->8--
         10       1 
      7       4      16
     19      20      23 
 12      18      14       2
 13      11       9       8
      5       6      22 
     24      17       3
         15      21 
--8<--
found: sum= 74.0000 var=  0.0000 fitness= 74.0000
-->8--
         18       6 
     16      22      23
      1       5       7 
 17      12      11       3
  9      20      24       8
     15       2      21 
     19       4      10
         14      13 
--8<--
found: sum= 77.0000 var=  0.0000 fitness= 77.0000
-->8--
         19      18 
     10       7      13
     24       3      20 
 23      14      16       5
  2       6      17       4
      8      21      15 
     22      11       1
          9      12 
--8<--
found: sum= 73.0000 var=  0.0000 fitness= 73.0000
-->8--
          8      24 
     16       1      21
     11      15       2 
  9      22      10      12
  7       4      19      17
     20       3      13 
     23      18       6
          5      14 
--8<--
found: sum= 77.0000 var=  0.0000 fitness= 77.0000
-->8--
          7      12 
      3       9      18
     15      23      10 
  4      20       5      24
 14      11       1      21
     13      17      16 
      6      22      19
          8       2 
--8<--
found: sum= 78.0000 var=  0.0000 fitness= 78.0000
-->8--
         22      18 
      5      24       1
     10      14      12 
 23       3       9      11
  2      19      13      16
     21      20      17 
      8       6       7
          4      15 
--8<--
found: sum= 75.0000 var=  0.0000 fitness= 75.0000
-->8--
         14      23 
     11       1      20
     22      10      13 
  3      17       8       9
  5      12      24      19
     16       4       2 
      7      21      18
         15       6 
--8<--
found: sum= 77.0000 var=  0.0000 fitness= 77.0000
-->8--
         19      11 
     22      24      16
      9       1      13 
 20       2      12       3
  8      23      18      14
     15      21      17 
      5       7       4
          6      10 
--8<--
found: sum= 82.0000 var=  0.0000 fitness= 82.0000
-->8--
          5       2 
      3      13       9
     21      23      24 
  8      17      11       7
 12      10       6      18
     14      15      16 
      1      22      19
         20       4 
--8<--
found: sum= 75.0000 var=  0.0000 fitness= 75.0000
-->8--
         11       9 
     18      12      13
      3      23      16 
 19       8       2      15
  7      24      17       5
     14       1      20 
      4      10       6
         22      21 
--8<--
found: sum= 75.0000 var=  0.0000 fitness= 75.0000
-->8--
         11      19 
      6      15      14
      3      24       1 
 22      16       2      23
  4      12       8      20
     18      13      21 
      5      17       9
         10       7 
--8<--
execution time: real 0.047799s user 0.006998s sys 0.000999s
GA: P=50 K=10 sp=2 xover=2D/1 optrpl=2 optskip=10 optmax=1.142857
generation #48: pop m= 78.140 v= 60.904 f= 49.489 best_age=1
best: found: sum= 82.0000 var=  0.0000 fitness= 82.0000
-->8--
          5       2 
      3      13       9
     21      23      24 
  8      17      11       7
 12      10       6      18
     14      15      16 
      1      22      19
         20       4 
--8<--
found: sum= 75.0000 var=  0.0000 fitness= 75.0000
-->8--
         11       9 
     18      12      13
      3      23      16 
 19       8       2      15
  7      24      17       5
     14       1      20 
      4      10       6
         22      21 
--8<--
