execution time: real 0.008982s user 0.000000s sys 0.000999s
GA: P=10 K=7 sp=3 xover_cuts=2
generation #4: pop m= 79.543 v= 88.592 f= 58.294 var0cnt=2 bage=1
best: found: sum= 83.0000 var=  0.0000 fitness= 83.0000
-->8--
          3       9 
     17      18       4
     24      13      23 
 12       8      16      21
  5      14      10       2
     20      22      11 
      1      19      15
          7       6 
--8<--
found: sum= 77.0000 var=  0.0000 fitness= 77.0000
-->8--
          4      10 
     21       6      18
     24      17      23 
  2       5       3      22
 16      19      13       9
     11      20       7 
      1      14      15
         12       8 
--8<--
