found: sum= 73.0000 var=  0.0000 fitness= 73.0000
-->8--
         18      12 
     22       1      14
     11      13      24 
 15       8       9       6
 16       3      19      10
     20      21       5 
      2       4      17
         23       7 
--8<--
found: sum= 77.0000 var=  0.0000 fitness= 77.0000
-->8--
         14      13 
     21       6      17
     22       2      24 
 16      12      15       5
 11       9      20      10
      7      19       3 
     18      23       4
          1       8 
--8<--
found: sum= 77.0000 var=  0.0000 fitness= 77.0000
-->8--
          3       9 
      5      22      19
     10      14       2 
  6      23      11      15
 16       1      24       8
     21       4      17 
     20      13      12
         18       7 
--8<--
found: sum= 76.0000 var=  0.0000 fitness= 76.0000
-->8--
          6      13 
      7      10       9
     23      16       4 
 15      14      24      21
 11      12       2       3
      1       8      22 
     17      20       5
         18      19 
--8<--
found: sum= 73.0000 var=  0.0000 fitness= 73.0000
-->8--
         19      21 
     10      15       7
      4      20       2 
 24       5       8      17
  6      11      16      18
     23      13      12 
     14       9       1
          3      22 
--8<--
found: sum= 78.0000 var=  0.0000 fitness= 78.0000
-->8--
          6       8 
     17      22      19
     18       2      12 
 23      13      15      16
  1       3      24       7
     20      21       4 
      9      14      10
         11       5 
--8<--
found: sum= 75.0000 var=  0.0000 fitness= 75.0000
-->8--
         21       9 
     19      18      11
     12       2      20 
 16       3      15       1
 22       8      24      10
     14      23       5 
     17       6       4
          7      13 
--8<--
found: sum= 74.0000 var=  0.0000 fitness= 74.0000
-->8--
         21       9 
     20       2      11
      8      19      16 
 18       4      17       1
 22       7      24      10
     15       3       6 
     14      23       5
         12      13 
--8<--
found: sum= 78.0000 var=  0.0000 fitness= 78.0000
-->8--
          7      15 
      5      24      10
     18      22       4 
 11       2       3       8
 13      20      19      23
     14      12      21 
     17       9       1
          6      16 
--8<--
found: sum= 77.0000 var=  0.0000 fitness= 77.0000
-->8--
         20      19 
      1       9       8
     11      22       6 
  4      14      13       5
 21       3      23      12
     24       2      18 
     15      17       7
         16      10 
--8<--
found: sum= 81.0000 var=  0.0000 fitness= 81.0000
-->8--
          7      19 
      8      23       3
     13      14      12 
  4      16      10       9
 24       2      18      17
     22      21      15 
     11      20       1
          5       6 
--8<--
found: sum= 81.0000 var=  0.0000 fitness= 81.0000
-->8--
          1       8 
      6      16       3
     18      23      12 
 15      17      19       4
  2       5      10      14
     24       7      22 
     21      13      20
         11       9 
--8<--
found: sum= 77.0000 var=  0.0000 fitness= 77.0000
-->8--
         20       2 
      5      16      17
     22      13      15 
 10       1      14       4
 23      18      24      12
      3       7       8 
      9      21       6
         19      11 
--8<--
found: sum= 81.0000 var=  0.0000 fitness= 81.0000
-->8--
          2       4 
      7      21       8
     12      24      14 
  6      15      10      22
  9      16      13       5
     23       3      17 
     20      18      11
          1      19 
--8<--
found: sum= 78.0000 var=  0.0000 fitness= 78.0000
-->8--
          7      10 
      3      18      15
     24      12      17 
  9      14       6       2
  4       8      22      20
     19      16      11 
     13       1      23
         21       5 
--8<--
found: sum= 75.0000 var=  0.0000 fitness= 75.0000
-->8--
         13      23 
     19       1       7
      6      24      11 
 15      12       9      14
  4      22       3      17
     16       5      21 
     10      20      18
          2       8 
--8<--
found: sum= 76.0000 var=  0.0000 fitness= 76.0000
-->8--
          8       5 
     10      20      13
     21       2      17 
  7      15      19      16
  9       6      11      12
     18      23       1 
      4       3      14
         22      24 
--8<--
found: sum= 80.0000 var=  0.0000 fitness= 80.0000
-->8--
          5       9 
      2      18       1
     15      16      23 
  7      24      13      10
 20       6      17       3
      8       4      14 
     19      22      12
         21      11 
--8<--
found: sum= 78.0000 var=  0.0000 fitness= 78.0000
-->8--
          2      13 
      6      22       1
     20       4      21 
 10      24      17       9
 14       7      11      12
      3      15       8 
     18      16      23
         19       5 
--8<--
found: sum= 80.0000 var=  0.0000 fitness= 80.0000
-->8--
         11      16 
     20      22      10
     14       4      13 
 18       9      15       3
  1      17      23       2
     21      12      24 
     19       6       7
          5       8 
--8<--
found: sum= 77.0000 var=  0.0000 fitness= 77.0000
-->8--
         20       4 
     15      24      22
     14       3      13 
 10       1      11       2
 19      21      18      16
     12      23      17 
      9       5       8
          7       6 
--8<--
found: sum= 76.0000 var=  0.0000 fitness= 76.0000
-->8--
         14       1 
     23      10      24
      7       9      17 
 20      13      15      11
  8      22      12       2
      6       5      19 
     18      21      16
          4       3 
--8<--
found: sum= 76.0000 var=  0.0000 fitness= 76.0000
-->8--
          7       2 
      8       1      23
     22      24      15 
 10      14      11      17
 18       3       5      16
      9      19      12 
      4      21       6
         20      13 
--8<--
found: sum= 77.0000 var=  0.0000 fitness= 77.0000
-->8--
         14      23 
     15      10       2
     22       7      24 
  8       9      11       4
 19      13      17       3
      6      20      18 
     12       5      16
         21       1 
--8<--
found: sum= 78.0000 var=  0.0000 fitness= 78.0000
-->8--
         15      18 
      6      23       3
      1      19       5 
  8      14      10      22
 11      20      13      12
     24       2      16 
      7      21      17
          4       9 
--8<--
found: sum= 75.0000 var=  0.0000 fitness= 75.0000
-->8--
          5      14 
      6       4       9
     24      13      16 
  3      23      19      10
 11      12       7      15
      2       1       8 
     22      21      18
         17      20 
--8<--
found: sum= 74.0000 var=  0.0000 fitness= 74.0000
-->8--
         22       3 
      6       1      21
      5      17      19 
 12      23      13      11
 18       2       9      15
     14      10       7 
      4      24       8
         20      16 
--8<--
found: sum= 80.0000 var=  0.0000 fitness= 80.0000
-->8--
          5      10 
      2      22       4
     24      21      12 
 13       6      11       3
 17       1      23      16
     19      18      15 
     14       8       7
         20       9 
--8<--
found: sum= 76.0000 var=  0.0000 fitness= 76.0000
-->8--
         17      18 
      1      23      14
      8       5       4 
 19      22      12      20
  2      10       3      16
     15      24      21 
     11       9      13
          7       6 
--8<--
found: sum= 76.0000 var=  0.0000 fitness= 76.0000
-->8--
         12       9 
      3      18       8
     11      17       4 
  6      15      20       5
 19       1      21      16
     24       2      10 
     22      13      23
         14       7 
--8<--
found: sum= 80.0000 var=  0.0000 fitness= 80.0000
-->8--
          9       5 
     14      22      18
     21      13       6 
 15       1      16      11
 17      19      23       4
      7       8      20 
     12      24       3
         10       2 
--8<--
found: sum= 81.0000 var=  0.0000 fitness= 81.0000
-->8--
          7       1 
      6      21       4
     14      20      23 
 10      13      12       8
 15      18      16       5
     11       2      17 
     22      19       3
          9      24 
--8<--
found: sum= 82.0000 var=  0.0000 fitness= 82.0000
-->8--
          7       1 
      6      22      12
     14      16      18 
  5      17      13       9
  2      23      10       8
     21       3      24 
      4      11      19
         20      15 
--8<--
found: sum= 78.0000 var=  0.0000 fitness= 78.0000
-->8--
         20      17 
      7       3       1
      9      18      24 
 16      21      15      13
  6      14       2       5
     12       8      19 
     10      23      22
         11       4 
--8<--
found: sum= 74.0000 var=  0.0000 fitness= 74.0000
-->8--
         11      21 
     14      24       1
     19       4       6 
  9       2      18      10
 17      22      12      15
      5      16      13 
     20       3       7
          8      23 
--8<--
found: sum= 77.0000 var=  0.0000 fitness= 77.0000
-->8--
         17       8 
     15       2      10
     23      11      24 
 14       9      22       7
 18       1      13       6
     12      21       5 
     20      19       3
          4      16 
--8<--
found: sum= 76.0000 var=  0.0000 fitness= 76.0000
-->8--
         12      11 
      2      18       3
     20      14       8 
  1      10      22      13
 16       6       5      21
     23      19       7 
      9       4      24
         15      17 
--8<--
found: sum= 78.0000 var=  0.0000 fitness= 78.0000
-->8--
          7       1 
     15      22      16
      8       2      20 
  3      24      17      13
 18      14      12       6
     11       9      10 
     21      19      23
          4       5 
--8<--
found: sum= 77.0000 var=  0.0000 fitness= 77.0000
-->8--
          1       5 
      4      23      12
     15      13      14 
  7      21      10      22
 17       6       3       8
     11      24      20 
     16       2       9
         18      19 
--8<--
found: sum= 75.0000 var=  0.0000 fitness= 75.0000
-->8--
          1       2 
      4       7      15
     20      24      13 
 11      19      14      12
  9      10       5      23
      6       3       8 
     17      21      22
         18      16 
--8<--
found: sum= 82.0000 var=  0.0000 fitness= 82.0000
-->8--
          1      17 
     15      20       2
     22       3      16 
  5      21      24       8
  6      18       7       4
     10       9      23 
     12      19      11
         14      13 
--8<--
found: sum= 77.0000 var=  0.0000 fitness= 77.0000
-->8--
         24      22 
     11      17       3
     16       2      10 
  1       7      23       5
 15      18      21       4
     20       6      14 
     12       8       9
         13      19 
--8<--
found: sum= 79.0000 var=  0.0000 fitness= 79.0000
-->8--
          1      18 
      9      24       5
     23       3      15 
 13      19      14       2
 11       6      17      21
      7      20      10 
     22      16      12
          8       4 
--8<--
found: sum= 79.0000 var=  0.0000 fitness= 79.0000
-->8--
          2       4 
      7      24      13
     11      17       5 
 15      18      16      10
  9      14       6      22
     12       8      20 
      3      23      21
         19       1 
--8<--
found: sum= 76.0000 var=  0.0000 fitness= 76.0000
-->8--
          9      10 
     19      24      11
     21       2      13 
 22       1      16       4
  6      14      23      17
     12      20       3 
      5       7       8
         18      15 
--8<--
found: sum= 81.0000 var=  0.0000 fitness= 81.0000
-->8--
          3       1 
     11      10      24
     19      16      12 
  2      22      18      17
  9       8       4       7
     21      13      23 
      5      20       6
         14      15 
--8<--
found: sum= 79.0000 var=  0.0000 fitness= 79.0000
-->8--
          8      13 
      2      21      12
     16      18      10 
 11      14       5      24
  6      23      15       3
      9       4      22 
      7      17       1
         19      20 
--8<--
found: sum= 78.0000 var=  0.0000 fitness= 78.0000
-->8--
         17       2 
     13      14       7
     22       8      24 
 12       4      23       1
 19      10      18       9
     11      15       3 
     20      16      21
          6       5 
--8<--
found: sum= 76.0000 var=  0.0000 fitness= 76.0000
-->8--
         12      11 
     23       5      13
     10      17      24 
  7       9       6      16
 15      21      20       2
     14       3       8 
     18      19      22
          1       4 
--8<--
found: sum= 77.0000 var=  0.0000 fitness= 77.0000
-->8--
          6      24 
      5      23      13
     16      12       4 
  7      15       1      11
 20       9      21      22
     10      19      18 
     17      14       2
          8       3 
--8<--
found: sum= 75.0000 var=  0.0000 fitness= 75.0000
-->8--
         23      17 
     13       2       9
      7      24      19 
 18       6       4       3
 22      10      15      20
     12      16      14 
     11      21       1
          5       8 
--8<--
found: sum= 78.0000 var=  0.0000 fitness= 78.0000
-->8--
         13       1 
     14       8       6
      3      22      21 
  7      18      20       2
 17       9       4      16
     24       5      15 
     11      19      12
         10      23 
--8<--
found: sum= 74.0000 var=  0.0000 fitness= 74.0000
-->8--
         20      13 
     17       5      16
     21       7      15 
 22       4      18       3
  2      14      23       9
     11       8       6 
     10      12      24
         19       1 
--8<--
found: sum= 80.0000 var=  0.0000 fitness= 80.0000
-->8--
          8       4 
     22      20      11
     12      16       5 
 14       2      24       1
 15      18      17      10
     19       3      23 
     13      21       7
          6       9 
--8<--
found: sum= 80.0000 var=  0.0000 fitness= 80.0000
-->8--
          7       3 
      4      24       5
     23      21       9 
 15       1      18       6
 19       2      22      12
     20      16      13 
     14      11      10
         17       8 
--8<--
found: sum= 75.0000 var=  0.0000 fitness= 75.0000
-->8--
         13      15 
     11      24      16
     20       3      10 
 19       4       7       2
  6      18      21      23
      8      22      12 
      9       1      14
         17       5 
--8<--
found: sum= 78.0000 var=  0.0000 fitness= 78.0000
-->8--
          4      16 
      2      20      11
     23       5       9 
 10      24      17      19
  6       8       3      12
      7      21      18 
     14      13       1
         15      22 
--8<--
found: sum= 75.0000 var=  0.0000 fitness= 75.0000
-->8--
          1      14 
     22       7      17
     16       6      20 
  3      23      11       8
  2      13      10      21
     18      12       5 
     19       9      15
          4      24 
--8<--
found: sum= 76.0000 var=  0.0000 fitness= 76.0000
-->8--
         14       3 
     22      21      17
      2      16       9 
 15       1      10      19
 11      24      12       6
     23      13      20 
      7       5      18
          4       8 
--8<--
found: sum= 77.0000 var=  0.0000 fitness= 77.0000
-->8--
         11       2 
      4       5       9
     10      24      18 
 12      23      19      13
  8       3       7       6
     21       1      14 
     15      17      16
         20      22 
--8<--
found: sum= 77.0000 var=  0.0000 fitness= 77.0000
-->8--
         12       3 
      4      10       8
     22      24      23 
 16       5       9      19
 17      15       6      13
      2      18       7 
     20      21      14
          1      11 
--8<--
found: sum= 81.0000 var=  0.0000 fitness= 81.0000
-->8--
          4       7 
      2      22      10
     24      21       1 
  9       8      20      19
  6      16       3      15
     18      13      23 
      5      17      14
         12      11 
--8<--
found: sum= 79.0000 var=  0.0000 fitness= 79.0000
-->8--
         10       2 
      7      14      11
     21       8      20 
 17      19      24       5
 15       3      16       1
      4       9      13 
     22      23      12
         18       6 
--8<--
found: sum= 72.0000 var=  0.0000 fitness= 72.0000
-->8--
         11      13 
     16      21      14
      3       9       8 
 10      12       7      15
  6      19      23      18
     22       2       1 
     20       5      24
          4      17 
--8<--
found: sum= 73.0000 var=  0.0000 fitness= 73.0000
-->8--
         16      17 
      1       2      15
     12      24       7 
 13      18       8      23
 11      14       6      10
      5       3      19 
     22      20       4
          9      21 
--8<--
found: sum= 79.0000 var=  0.0000 fitness= 79.0000
-->8--
         20      15 
     14      23      12
     11       3      17 
 10       8       9       2
 18      13      24       6
     19      22      21 
      5       4       7
         16       1 
--8<--
found: sum= 78.0000 var=  0.0000 fitness= 78.0000
-->8--
         22      20 
      4      19      11
     24       1      14 
  2       8      13       3
 17      15      23       9
     12      18      16 
     21       5      10
          7       6 
--8<--
found: sum= 75.0000 var=  0.0000 fitness= 75.0000
-->8--
          3       2 
     21       5      13
     19      17      24 
 11      10      14       6
 22       1      15       9
     12      18       7 
     20       8       4
         16      23 
--8<--
found: sum= 76.0000 var=  0.0000 fitness= 76.0000
-->8--
         17      20 
      2      21       6
     10      23       5 
 12       3       1       9
 19      14      24      15
     18      11      22 
     16       4       8
         13       7 
--8<--
found: sum= 75.0000 var=  0.0000 fitness= 75.0000
-->8--
         14       4 
      6      24      19
      3      20       7 
 22       8       1      13
  9      12      16      23
     21      18      15 
     17       5      10
          2      11 
--8<--
found: sum= 77.0000 var=  0.0000 fitness= 77.0000
-->8--
          1       2 
      4      19       6
      9      23      13 
 12      21      14      15
 22       3      11       8
     10       5      16 
     24      18      20
         17       7 
--8<--
found: sum= 75.0000 var=  0.0000 fitness= 75.0000
-->8--
          5       4 
      3      15      19
     13      23       2 
  9      16      12      14
 20      10       6      24
      7       8      17 
     18      21       1
         11      22 
--8<--
found: sum= 76.0000 var=  0.0000 fitness= 76.0000
-->8--
         10      22 
      3       4      14
     24      16      15 
 12      19       5      17
  2      11       7       9
      8      18      23 
     20       6      21
         13       1 
--8<--
found: sum= 79.0000 var=  0.0000 fitness= 79.0000
-->8--
          2       4 
     17      11      16
     22       9      20 
  5      18      19       8
 10       3       6      12
     21      24      14 
      1       7      15
         23      13 
--8<--
found: sum= 75.0000 var=  0.0000 fitness= 75.0000
-->8--
          4      10 
      5      17       3
     13      21      23 
 14      15       1      24
 16       8      19       2
      9      11       6 
     18       7      20
         22      12 
--8<--
found: sum= 74.0000 var=  0.0000 fitness= 74.0000
-->8--
         21       9 
     24       6      22
      4      17      19 
 12       2       1      13
 18      23      20       5
     15      11      16 
      7      10       3
          8      14 
--8<--
found: sum= 78.0000 var=  0.0000 fitness= 78.0000
-->8--
         10      18 
     22       3      20
     24       7      21 
  5      12       9      14
  8      23      11       4
      6      16      19 
      1      17       2
         15      13 
--8<--
found: sum= 81.0000 var=  0.0000 fitness= 81.0000
-->8--
          8       9 
      5      23      12
     10      17      14 
 19      18       6      24
  3      15       4      11
     16      21      22 
      2      20       1
          7      13 
--8<--
found: sum= 76.0000 var=  0.0000 fitness= 76.0000
-->8--
         17       5 
     12      21       9
      4      20      11 
 16       2      10      15
  7      24      14       8
     23       6      18 
     19       3      13
          1      22 
--8<--
found: sum= 73.0000 var=  0.0000 fitness= 73.0000
-->8--
         18      10 
     14      23      20
     13       2       1 
 24       3      17       7
 16       8      22      11
      9      21      15 
     19       4       5
         12       6 
--8<--
found: sum= 81.0000 var=  0.0000 fitness= 81.0000
-->8--
          3       1 
     16      19      13
     14      18      20 
  2      11      10      17
 22      24       6       7
      8      12      21 
      9      23       4
          5      15 
--8<--
found: sum= 80.0000 var=  0.0000 fitness= 80.0000
-->8--
          8      18 
      5      23       2
     19       1      14 
 12      24      22      16
  6       9       4       3
     10      20      21 
     11      13      15
         17       7 
--8<--
found: sum= 79.0000 var=  0.0000 fitness= 79.0000
-->8--
          1      10 
      5      24       2
     15      22       8 
  3      12      13      17
 19       7      14       6
     23      11      21 
     16       4      20
         18       9 
--8<--
found: sum= 77.0000 var=  0.0000 fitness= 77.0000
-->8--
          4       6 
     12      24      21
     18       3      15 
  7      16       8      10
 14       5      23      19
     17      22       2 
     13       9       1
         11      20 
--8<--
found: sum= 78.0000 var=  0.0000 fitness= 78.0000
-->8--
          1      15 
     12      24       3
     19      16       2 
 14       6      18      21
 22       8      20       4
      9      10      13 
     11      23       7
         17       5 
--8<--
found: sum= 81.0000 var=  0.0000 fitness= 81.0000
-->8--
          7      16 
     17       6      15
     22       5      19 
  1      24      20      12
  2      18       3       4
     14      11      23 
      9      21      10
          8      13 
--8<--
found: sum= 75.0000 var=  0.0000 fitness= 75.0000
-->8--
         22      14 
      2      12       1
      5      23      16 
  4      11       9       8
 24      10       7      17
     21      15      18 
      6       3      19
         20      13 
--8<--
found: sum= 76.0000 var=  0.0000 fitness= 76.0000
-->8--
         11       9 
     17      20      14
      3      13      18 
 24      12       2       1
  4      23      19      15
     10       7      21 
     22       8       5
          6      16 
--8<--
found: sum= 74.0000 var=  0.0000 fitness= 74.0000
-->8--
          1      18 
     23      16      17
      8       5       6 
  3      21      12      10
 14      15       2      24
     13      19      20 
     11       7       4
          9      22 
--8<--
found: sum= 77.0000 var=  0.0000 fitness= 77.0000
-->8--
         20      22 
      4      21      12
     24       1       3 
 14       7      18       2
 10       9      23      15
     13      19      16 
     11       8       6
         17       5 
--8<--
found: sum= 77.0000 var=  0.0000 fitness= 77.0000
-->8--
         21      14 
     24       4       1
     12      13      23 
 15       3      22       2
 10      17       6       5
     20      16      19 
      9       7      18
          8      11 
--8<--
found: sum= 81.0000 var=  0.0000 fitness= 81.0000
-->8--
         11       1 
      7      18      10
     15      13      19 
  4      17      20      12
 22       2       5      16
     21      24       9 
      8      23       6
          3      14 
--8<--
found: sum= 78.0000 var=  0.0000 fitness= 78.0000
-->8--
         19       9 
     20      11      10
     21       3      23 
 15       4      22       6
  5      17      24       2
     16       8       1 
     12      18      13
          7      14 
--8<--
found: sum= 76.0000 var=  0.0000 fitness= 76.0000
-->8--
          6       9 
     18      10      17
     16      24      13 
 22       2       3      20
  8      21      12       5
      7      14      23 
     19      11       1
          4      15 
--8<--
found: sum= 76.0000 var=  0.0000 fitness= 76.0000
-->8--
          2       3 
      5      21       1
     10      24      15 
 23      14      12      18
 17       4      13      11
      8       9       7 
     16      19      22
         20       6 
--8<--
found: sum= 77.0000 var=  0.0000 fitness= 77.0000
-->8--
          1      13 
      9      15       6
     22       7      20 
 12      23      16      17
 14       2      11      10
      4      18       3 
      8      21      19
         24       5 
--8<--
found: sum= 74.0000 var=  0.0000 fitness= 74.0000
-->8--
          5      21 
     18       7      17
     24       6      22 
 19      14       1      11
  4      10      23      15
      3      20       2 
     16      12       8
         13       9 
--8<--
found: sum= 81.0000 var=  0.0000 fitness= 81.0000
-->8--
          4      10 
      2      13       8
     23      15      19 
  9      24      16      14
  7       6       3      11
     12      17      18 
      5      20      22
         21       1 
--8<--
found: sum= 80.0000 var=  0.0000 fitness= 80.0000
-->8--
          8       1 
     10      19      15
     23       7      20 
  2      13      18       5
  4      17      22       9
     21       3       6 
     12      11      14
         16      24 
--8<--
found: sum= 81.0000 var=  0.0000 fitness= 81.0000
-->8--
          4      10 
      2      13       8
     23      15      19 
  9      24      16      14
  7       6       3      11
     12      17      18 
      5      20      22
         21       1 
--8<--
found: sum= 74.0000 var=  0.0000 fitness= 74.0000
-->8--
         16       5 
     11      24       6
      8      14      10 
 18       1      15       9
  7      19      23      13
     21       2       4 
     12       3      22
         17      20 
--8<--
found: sum= 78.0000 var=  0.0000 fitness= 78.0000
-->8--
          9      13 
      6      24       8
     14      18       4 
  1       7      11      23
 19      17       3      21
     20      22      16 
      5      12      15
          2      10 
--8<--
found: sum= 73.0000 var=  0.0000 fitness= 73.0000
-->8--
          3      23 
      4      18       8
     14      21       2 
  5      13       1      22
 24       7      20      19
     10      11       9 
     17      12      15
         16       6 
--8<--
found: sum= 79.0000 var=  0.0000 fitness= 79.0000
-->8--
          8       3 
     10      24       6
     23      12      13 
  7       2      21      19
 14      22       5       1
     11      17      20 
     16       4      18
          9      15 
--8<--
found: sum= 78.0000 var=  0.0000 fitness= 78.0000
-->8--
          9      18 
     20       4       1
      8      24      21 
 11      13      10      14
 16       7       2      12
     23      22      19 
      6      15      17
          5       3 
--8<--
found: sum= 79.0000 var=  0.0000 fitness= 79.0000
-->8--
          8      10 
     11      21       2
     15      19      14 
  9       5      13       1
 24       3      17      16
     23      22      18 
      7       4       6
         20      12 
--8<--
found: sum= 77.0000 var=  0.0000 fitness= 77.0000
-->8--
         19      21 
      4      20       3
     24       1      18 
 11       9      14      10
  5      15      16      17
     13      22       2 
     12       8       6
          7      23 
--8<--
found: sum= 83.0000 var=  0.0000 fitness= 83.0000
-->8--
         10       1 
      9      21       2
     12      17      20 
  3      14      22       7
 18      13       6       4
     23      11      24 
     16      15      19
          5       8 
--8<--
found: sum= 79.0000 var=  0.0000 fitness= 79.0000
-->8--
          3      14 
      5       9       2
     22      23      18 
 15      17      13      11
  7      12      10       8
      6       4      19 
     16      21      24
         20       1 
--8<--
execution time: real 0.441913s user 0.012998s sys 0.003999s
GA: P=50 K=10 sp=2 xover=2D/1 optrpl=2 optskip=10 optmax=1.142857
generation #566: pop m= 78.026 v= 41.421 f= 57.772 best_age=1
best: found: sum= 83.0000 var=  0.0000 fitness= 83.0000
-->8--
         10       1 
      9      21       2
     12      17      20 
  3      14      22       7
 18      13       6       4
     23      11      24 
     16      15      19
          5       8 
--8<--
found: sum= 77.0000 var=  0.0000 fitness= 77.0000
-->8--
         19      21 
      4      20       3
     24       1      18 
 11       9      14      10
  5      15      16      17
     13      22       2 
     12       8       6
          7      23 
--8<--
found: sum= 79.0000 var=  0.0000 fitness= 79.0000
-->8--
          8       3 
     10      24       6
     23      12      13 
  7       2      21      19
 14      22       5       1
     11      17      20 
     16       4      18
          9      15 
--8<--
found: sum= 79.0000 var=  0.0000 fitness= 79.0000
-->8--
          3      14 
      5       9       2
     22      23      18 
 15      17      13      11
  7      12      10       8
      6       4      19 
     16      21      24
         20       1 
--8<--
