found: sum= 76.0000 var=  0.0000 fitness= 76.0000
-->8--
          1      19 
     16      15       7
     10      13      20 
  5      21       2       6
 12       4      22      23
     24      14       3 
      9       8      11
         17      18 
--8<--
found: sum= 81.0000 var=  0.0000 fitness= 81.0000
-->8--
          5       4 
      8      19      20
     24       2      21 
  1      23      15      18
 13       9      10       3
     11      22      14 
      6      16       7
         17      12 
--8<--
found: sum= 83.0000 var=  0.0000 fitness= 83.0000
-->8--
          3      11 
      4      21      10
     16      15      18 
  9      24       8       7
  2      12       5      22
     20      19      23 
     14      17      13
          1       6 
--8<--
execution time: real 1.283946s user 0.034994s sys 0.059990s
GA: P=50 K=10 sp=2 xover=2D/1 optrpl=2 optskip=10 optmax=1.142857
generation #5658: pop m= 78.640 v= 72.657 f= 40.802 best_age=1
best: found: sum= 83.0000 var=  0.0000 fitness= 83.0000
-->8--
          3      11 
      4      21      10
     16      15      18 
  9      24       8       7
  2      12       5      22
     20      19      23 
     14      17      13
          1       6 
--8<--
