found: sum= 74.0000 var=  0.0000 fitness= 74.0000 age=0
-->8--
         24      10 
      7      12       6
      2       8      20 
  9      21      18      19
 22       3       1      11
     17      23       5 
      4      14      15
         13      16 
--8<--
found: sum= 73.0000 var=  0.0000 fitness= 73.0000 age=0
-->8--
         16      15 
     24       5      12
      4      11      10 
  7      13      20      18
 17       9       1       3
     23      19      21 
      6       2      22
         14       8 
--8<--
found: sum= 76.0000 var=  0.0000 fitness= 76.0000 age=0
-->8--
         13      14 
      2      24       9
     15       6       3 
 10      16      20      12
  1      23       4      18
     11       7      19 
      5       8      17
         22      21 
--8<--
found: sum= 77.0000 var=  0.0000 fitness= 77.0000 age=0
-->8--
         13       8 
     22       1      17
     10      19      21 
  6      12      11       4
 20       5      23       3
     24       7      15 
      9      14       2
         18      16 
--8<--
found: sum= 80.0000 var=  0.0000 fitness= 80.0000 age=0
-->8--
          4      19 
      1      24       6
     18      23       5 
 11      10       3      22
  7      14      13      16
     20      17      21 
      8      12      15
          9       2 
--8<--
found: sum= 80.0000 var=  0.0000 fitness= 80.0000 age=0
-->8--
         17       5 
     10      24       2
      9      16      19 
 12       4      14       1
 13      20      15      23
     22      11       8 
      6      18       7
          3      21 
--8<--
found: sum= 80.0000 var=  0.0000 fitness= 80.0000 age=0
-->8--
         20      18 
      1      23       2
     17       3      24 
  8      16      10      22
  5      21      11       4
     13      19       9 
      6      14      12
          7      15 
--8<--
found: sum= 79.0000 var=  0.0000 fitness= 79.0000 age=0
-->8--
          8      22 
     19      16       4
     10       2      15 
  3      24      20       1
 17       7      21       9
     18       5      13 
     14      23       6
         12      11 
--8<--
found: sum= 78.0000 var=  0.0000 fitness= 78.0000 age=0
-->8--
         19      22 
      2       4      15
     24      11      20 
  7      18       6      12
  5       3      23       9
     21      17       8 
     10      13       1
         14      16 
--8<--
found: sum= 75.0000 var=  0.0000 fitness= 75.0000 age=0
-->8--
         23      20 
     18      13       5
      8      12      22 
  9       1       3       7
 21      19      24      15
     17      16       4 
      2      11      14
         10       6 
--8<--
found: sum= 76.0000 var=  0.0000 fitness= 76.0000 age=0
-->8--
         21       5 
      8      10      23
     15       6      18 
  3      16      14       4
 19      22      11      17
      1       7      12 
     20      24       9
          2      13 
--8<--
found: sum= 75.0000 var=  0.0000 fitness= 75.0000 age=0
-->8--
          2      16 
     22      10      13
      6      20      11 
 19      15       5       7
 14       3       8      23
     18      24      21 
      4       9      12
         17       1 
--8<--
found: sum= 78.0000 var=  0.0000 fitness= 78.0000 age=0
-->8--
          2       4 
     23      18      19
     20       3      21 
  8      12      13       9
  5      17      11      10
     16      22      14 
     15       1      24
          7       6 
--8<--
found: sum= 75.0000 var=  0.0000 fitness= 75.0000 age=0
-->8--
         23       4 
     12       5      22
      6      18      10 
 15      11      16       7
 14      20       2      19
      9       8      21 
     13      24       3
          1      17 
--8<--
found: sum= 76.0000 var=  0.0000 fitness= 76.0000 age=0
-->8--
         16      10 
     23      17      19
      4       3       7 
  8      13      20       1
 15      24       5      21
     12      11      22 
      9      18       6
          2      14 
--8<--
found: sum= 73.0000 var=  0.0000 fitness= 73.0000 age=0
-->8--
          7       8 
      2      15       9
     17      14       5 
 11      18      22      19
 20       6      10      13
      1       3       4 
     16      23      21
         24      12 
--8<--
found: sum= 78.0000 var=  0.0000 fitness= 78.0000 age=0
-->8--
          2       9 
     13      19       1
     17      16      15 
 20      11      18       8
  3       5       4      23
     22      24      10 
     14       7      12
          6      21 
--8<--
found: sum= 82.0000 var=  0.0000 fitness= 82.0000 age=0
-->8--
         10      22 
     11       8       5
     19      13      16 
  4      21      18       7
 14       1      12       9
     23      17      20 
     15      24       3
          2       6 
--8<--
found: sum= 73.0000 var=  0.0000 fitness= 73.0000 age=0
-->8--
         24      10 
     22       9      17
     15       1      20 
 14       2      16       5
 21      18      13       7
      3      23      12 
     19       6       8
          4      11 
--8<--
found: sum= 79.0000 var=  0.0000 fitness= 79.0000 age=0
-->8--
         11      13 
     10       8       6
     18      17      23 
 16      15      12      14
  7      22       4       5
      1       9      21 
     20      24       2
          3      19 
--8<--
found: sum= 77.0000 var=  0.0000 fitness= 77.0000 age=0
-->8--
         24       4 
     17      15      11
      1       2      23 
 16      18      22      10
  7      14       8       9
     21      13       5 
      3      20      12
          6      19 
--8<--
found: sum= 75.0000 var=  0.0000 fitness= 75.0000 age=0
-->8--
         22      14 
     10      12      18
      4       8      20 
 21      19       3      11
  2      23      17      15
      6       5       9 
     16      24      13
          1       7 
--8<--
found: sum= 73.0000 var=  0.0000 fitness= 73.0000 age=0
-->8--
         15       9 
     20       4      12
      5      19      21 
 13      10       8      18
 14      24       1       3
      7      11      22 
      2       6      16
         23      17 
--8<--
found: sum= 82.0000 var=  0.0000 fitness= 82.0000 age=0
-->8--
         12      17 
      4      23       1
     15      18      16 
  6      10       7       9
 14      24      20       8
     13       3      22 
      2      21      11
         19       5 
--8<--
found: sum= 77.0000 var=  0.0000 fitness= 77.0000 age=0
-->8--
          7       8 
      1      19       6
     11      18      17 
  5      21       9      20
 16      22       3      15
      2       4      13 
     12      23      10
         14      24 
--8<--
found: sum= 75.0000 var=  0.0000 fitness= 75.0000 age=0
-->8--
         14       5 
     22       7       3
     15      13      24 
 20       4      23       2
  9      11       6       8
     16      18      12 
     19       1      17
         10      21 
--8<--
found: sum= 80.0000 var=  0.0000 fitness= 80.0000 age=0
-->8--
          6       1 
      8      16      24
     23      17       2 
 12      10      20      15
  9       7      21       4
     19       5      18 
     13      22      11
         14       3 
--8<--
found: sum= 79.0000 var=  0.0000 fitness= 79.0000 age=0
-->8--
          1      10 
     23      14       8
     17       2      24 
 18      22      21       4
  3       6      12      11
     13      16       7 
     15      20      19
          9       5 
--8<--
found: sum= 78.0000 var=  0.0000 fitness= 78.0000 age=0
-->8--
          9      23 
      4      24      10
     18       7       1 
  2      16      13      22
 11      19      20       8
     12       3      14 
      6      21       5
         17      15 
--8<--
found: sum= 76.0000 var=  0.0000 fitness= 76.0000 age=0
-->8--
         24      15 
      9       2       6
     23      10      21 
  4       8      22       1
 16       5      17      12
     20      14       3 
     19      11      18
          7      13 
--8<--
found: sum= 79.0000 var=  0.0000 fitness= 79.0000 age=0
-->8--
         21       4 
      8      10      23
     22       5      19 
  1      13      18      12
  6      20      16      11
     17       7       3 
      2      24      14
          9      15 
--8<--
found: sum= 76.0000 var=  0.0000 fitness= 76.0000 age=0
-->8--
          1       8 
     23      20      18
     14       6       2 
 17      12      22      16
  3      21      10      15
      9       5      11 
      4      24       7
         13      19 
--8<--
found: sum= 71.0000 var=  0.0000 fitness= 71.0000 age=0
-->8--
          1      22 
      8       5      12
     24      15      10 
  6      18       7      21
 17       2      16      14
      4      13       3 
     20       9      19
         23      11 
--8<--
found: sum= 74.0000 var=  0.0000 fitness= 74.0000 age=0
-->8--
         21       1 
     23      12      11
      3      10      24 
 13       5      16      15
 14      19       6       4
     20      18       9 
      8       2      17
          7      22 
--8<--
found: sum= 82.0000 var=  0.0000 fitness= 82.0000 age=0
-->8--
         23       6 
      3      19      17
     20       7      21 
  9      10      12       1
  4      15      16      14
     24      22      18 
      2       8      13
         11       5 
--8<--
found: sum= 78.0000 var=  0.0000 fitness= 78.0000 age=0
-->8--
          6      16 
     17      21       2
      3      12      23 
 11      19       4       5
  7      18      24       9
     20       1      13 
     15      10      22
         14       8 
--8<--
found: sum= 77.0000 var=  0.0000 fitness= 77.0000 age=0
-->8--
          9      18 
      7      17      10
     21      11       8 
 15      12      13       2
  3       6      16      24
     20      19      14 
      4       5       1
         23      22 
--8<--
found: sum= 79.0000 var=  0.0000 fitness= 79.0000 age=0
-->8--
          1      17 
      6      22      15
     14      12       9 
  8      24       4      23
 11       3      20       2
     19      16      21 
     13      10       7
         18       5 
--8<--
found: sum= 79.0000 var=  0.0000 fitness= 79.0000 age=0
-->8--
          4      17 
     13      21      10
     14      15       9 
  8      12       7      22
  2      19      20       5
     24       6      16 
      1      11       3
         18      23 
--8<--
found: sum= 78.0000 var=  0.0000 fitness= 78.0000 age=0
-->8--
         23       1 
     13      18      16
      3       7      24 
 17      14      12       4
 10      15       8       9
     19      22      21 
     11       5      20
          6       2 
--8<--
found: sum= 79.0000 var=  0.0000 fitness= 79.0000 age=0
-->8--
          6      11 
      7      20       9
     22       8      18 
  5      16      13      17
 23       3      15      12
     10      24       4 
     19      21      14
          2       1 
--8<--
found: sum= 78.0000 var=  0.0000 fitness= 78.0000 age=0
-->8--
         24       9 
     20      17       8
      3       4      21 
 18      10      19       1
 11      23      16       7
     13       6      14 
     12      22       5
          2      15 
--8<--
found: sum= 76.0000 var=  0.0000 fitness= 76.0000 age=0
-->8--
         15       9 
     23      16      22
     10       5      20 
 11       7       4       6
 21      24      19      14
      3      17      13 
      2      18       8
         12       1 
--8<--
found: sum= 75.0000 var=  0.0000 fitness= 75.0000 age=0
-->8--
         24      15 
      1      11       2
     21       8      19 
 22      10      20      16
  6       9       5      12
      7      23       3 
      4      14      17
         18      13 
--8<--
found: sum= 73.0000 var=  0.0000 fitness= 73.0000 age=0
-->8--
         18       1 
     12      11      16
     15      13      22 
  2       4      10      19
 21      23      14       5
      8       9       3 
     20       6      24
          7      17 
--8<--
found: sum= 77.0000 var=  0.0000 fitness= 77.0000 age=0
-->8--
         15      16 
     10       3       4
     17      24      23 
  6       8       7      19
 12      14       2       5
     20      22      21 
     11       1      18
          9      13 
--8<--
found: sum= 81.0000 var=  0.0000 fitness= 81.0000 age=0
-->8--
         17      18 
      2      24       4
     19       7      20 
 13      12       8      15
  5      21      23       6
     11      10       9 
     16      22       3
          1      14 
--8<--
found: sum= 74.0000 var=  0.0000 fitness= 74.0000 age=0
-->8--
          7       5 
     22      19      24
     10       1      13 
  4      15      12      21
 16      18       8      17
     11      20       3 
      2      14       6
          9      23 
--8<--
found: sum= 75.0000 var=  0.0000 fitness= 75.0000 age=0
-->8--
         10      17 
      5      18      12
     20      15       9 
 23       7       4      24
  3      16      11      13
      6      22      14 
      2       8       1
         21      19 
--8<--
found: sum= 74.0000 var=  0.0000 fitness= 74.0000 age=0
-->8--
         17      16 
     20       2      13
      8      21      12 
 15       6      10       4
 18      22       1      23
      5      14      24 
     11      19       7
          3       9 
--8<--
found: sum= 76.0000 var=  0.0000 fitness= 76.0000 age=0
-->8--
         18      23 
     21      14      10
      5       1       8 
 15      17      20      12
 11       6      13      16
     22      19       7 
      2      24       9
          3       4 
--8<--
found: sum= 75.0000 var=  0.0000 fitness= 75.0000 age=0
-->8--
          5       4 
      1      23      12
      9      24       2 
 17      13      10      18
  7      14       3      22
     15      11      20 
      8       6      16
         21      19 
--8<--
found: sum= 78.0000 var=  0.0000 fitness= 78.0000 age=0
-->8--
         23      24 
      4      16       3
     20       5      17 
 18      10      13      15
  7       9      19       2
     14      22      12 
      1      11       6
         21       8 
--8<--
found: sum= 77.0000 var=  0.0000 fitness= 77.0000 age=0
-->8--
         21      14 
      2       9      18
     23       5      16 
 11      17      15       8
  3      10       6      12
     13      24      20 
     19       4      22
          7       1 
--8<--
found: sum= 77.0000 var=  0.0000 fitness= 77.0000 age=0
-->8--
         18       7 
      1      23      20
     11       3       8 
 12      21      16       6
  2      17      15      22
     14       5      10 
      9      19       4
         13      24 
--8<--
found: sum= 81.0000 var=  0.0000 fitness= 81.0000 age=0
-->8--
          3       1 
     13       9      17
     12      23      20 
 10      21      11      19
 14       6       5       4
     18      15      22 
     16      24       7
          2       8 
--8<--
found: sum= 81.0000 var=  0.0000 fitness= 81.0000 age=0
-->8--
          8      20 
      1       9       2
     18      23      21 
 13      22       6      12
  4      10      15       3
     14       5      24 
     16      19       7
         17      11 
--8<--
found: sum= 77.0000 var=  0.0000 fitness= 77.0000 age=0
-->8--
          6       1 
     15      13      17
     10       9      21 
  5      24      16       4
 20       7       2      12
     11      19      22 
     14       8      23
         18       3 
--8<--
found: sum= 81.0000 var=  0.0000 fitness= 81.0000 age=0
-->8--
          8      18 
     16      24       4
     17       2      10 
 20      14      23      11
  5      12       9       6
     13      21      22 
     15      19       3
          1       7 
--8<--
found: sum= 81.0000 var=  0.0000 fitness= 81.0000 age=0
-->8--
          1       3 
     12      21      15
     24       9      23 
  2      14      10      13
 17       6      20       7
     18      22       8 
     19      11      16
          5       4 
--8<--
found: sum= 80.0000 var=  0.0000 fitness= 80.0000 age=0
-->8--
          2       4 
     16      17       9
      5      19      24 
 14      21       7      22
  8      12       3       1
     20      18      23 
     13      11      10
          6      15 
--8<--
found: sum= 79.0000 var=  0.0000 fitness= 79.0000 age=0
-->8--
          1      18 
     12      13       3
     24       9      22 
  2      20      14      21
 19       6       7       4
      8      23      11 
     15      17      16
         10       5 
--8<--
found: sum= 72.0000 var=  0.0000 fitness= 72.0000 age=0
-->8--
          1      19 
     17       5       2
      9      24      12 
 22      16      10      21
 15       3      11       4
      7       8      14 
     18      13      20
         23       6 
--8<--
found: sum= 74.0000 var=  0.0000 fitness= 74.0000 age=0
-->8--
         18       9 
      3       4      12
     21      20      14 
 24       8      15       1
  6      13      11      23
      2       7      10 
     17      19      22
         16       5 
--8<--
found: sum= 75.0000 var=  0.0000 fitness= 75.0000 age=0
-->8--
         16       5 
     20      23      18
      2       1       6 
 21      13      22      14
  3      24      11       7
     12       4      15 
     10      17       9
          8      19 
--8<--
found: sum= 81.0000 var=  0.0000 fitness= 81.0000 age=0
-->8--
         14       8 
      4      13       9
     11      23      22 
 17      16       6       3
  7      12      19      10
     18       5      21 
     24      20      15
          2       1 
--8<--
found: sum= 79.0000 var=  0.0000 fitness= 79.0000 age=0
-->8--
          7      11 
     15      23       5
     17       8      22 
 19       9      10      20
  4      24      12       1
      6      16      14 
     18      13       3
          2      21 
--8<--
found: sum= 79.0000 var=  0.0000 fitness= 79.0000 age=0
-->8--
          1       2 
     20      17      18
     13      19      12 
  4       9      11       5
 15      14      23      21
     24       3       7 
      6      22      16
         10       8 
--8<--
found: sum= 78.0000 var=  0.0000 fitness= 78.0000 age=0
-->8--
          4      11 
     12      22      21
     15       1       3 
  2      24      20      23
  8      10      14       5
     19       9      13 
      6      18       7
         16      17 
--8<--
found: sum= 81.0000 var=  0.0000 fitness= 81.0000 age=0
-->8--
          2       7 
     15       8      22
     16      21      14 
 10      19       9       6
 13       3      11      17
     20      18      24 
     12      23       4
          5       1 
--8<--
found: sum= 74.0000 var=  0.0000 fitness= 74.0000 age=0
-->8--
         13      17 
      3      22       9
      8       7       1 
  2      21      18      24
 16       4      14       6
     23      10      11 
     20       5      15
         12      19 
--8<--
found: sum= 81.0000 var=  0.0000 fitness= 81.0000 age=0
-->8--
          1      13 
     20      18      17
     19       2      23 
 10      21       8       4
  5      12      16       6
     14      22      24 
     15       7       3
         11       9 
--8<--
found: sum= 79.0000 var=  0.0000 fitness= 79.0000 age=0
-->8--
          3       9 
     22      17       8
     14      13      20 
  2      10      12       6
 19      16      23       7
     18       5      11 
      4      15       1
         21      24 
--8<--
found: sum= 74.0000 var=  0.0000 fitness= 74.0000 age=0
-->8--
         12      17 
     24       3      13
     11      20      14 
  9       4       7       5
 21       6      22       8
     23      15      18 
     10       1       2
         19      16 
--8<--
found: sum= 77.0000 var=  0.0000 fitness= 77.0000 age=0
-->8--
         23      12 
     10       7      15
     16      19      18 
 17       2       6       8
 11      22       4      20
      9      24      21 
      3      14      13
          5       1 
--8<--
found: sum= 78.0000 var=  0.0000 fitness= 78.0000 age=0
-->8--
         22      17 
      1      15       8
     21      10      24 
 14       9       4       7
  5      23      12      18
      6      20      13 
     16      11       3
          2      19 
--8<--
found: sum= 78.0000 var=  0.0000 fitness= 78.0000 age=0
-->8--
          9      12 
     14      15      20
     17       2      22 
  1      21       7       6
 18      13      16      23
      8      19       4 
     11      24       5
          3      10 
--8<--
found: sum= 75.0000 var=  0.0000 fitness= 75.0000 age=0
-->8--
          1       8 
     22      13      23
     24       5      19 
  3      10       7      18
 11      21      12      15
      6      20       4 
     17       9      14
          2      16 
--8<--
found: sum= 76.0000 var=  0.0000 fitness= 76.0000 age=0
-->8--
          7       2 
     13       1      18
     24      23      15 
 22       8      17      12
  6       5       9       4
     11      14      19 
     20      10       3
         16      21 
--8<--
found: sum= 75.0000 var=  0.0000 fitness= 75.0000 age=0
-->8--
         18      20 
      1      13       3
     17       2      23 
 12      24      14       9
  8       4      16       6
     10      15       7 
     22       5      21
         19      11 
--8<--
found: sum= 78.0000 var=  0.0000 fitness= 78.0000 age=0
-->8--
          1      21 
     23      12       3
     24       7      22 
  2      11      13       6
 15       8      19      14
     18      20       4 
     17      10       9
          5      16 
--8<--
found: sum= 80.0000 var=  0.0000 fitness= 80.0000 age=0
-->8--
         19       2 
      3      15      17
     14       9      24 
 22      20      13       4
  6       8       7      11
     10      23      21 
      5      16      12
         18       1 
--8<--
found: sum= 77.0000 var=  0.0000 fitness= 77.0000 age=0
-->8--
          5      13 
      7      17       9
     23      15       4 
 20      10      19       3
  1      11      16      14
     12       6      21 
     22       8      24
         18       2 
--8<--
found: sum= 79.0000 var=  0.0000 fitness= 79.0000 age=0
-->8--
          1      15 
     12      17      16
     19       9       4 
 13      21      18      22
 10       5       3       8
     11      23      24 
      6      20       2
         14       7 
--8<--
found: sum= 77.0000 var=  0.0000 fitness= 77.0000 age=0
-->8--
          7      12 
     14      13       9
     24       4      21 
 22      15      18       3
  5       1      16       8
     10      23      11 
     20       6       2
         17      19 
--8<--
found: sum= 76.0000 var=  0.0000 fitness= 76.0000 age=0
-->8--
         11      16 
     13      15       2
      5      12      23 
  4      20       8       6
 22       1      17      19
     24      18       3 
      9      10       7
         14      21 
--8<--
found: sum= 77.0000 var=  0.0000 fitness= 77.0000 age=0
-->8--
         20       1 
      4       3      19
     22      16      24 
 10      12      14      11
  9       6      21       2
     18       8       5 
     17      13      23
         15       7 
--8<--
found: sum= 73.0000 var=  0.0000 fitness= 73.0000 age=0
-->8--
          8      10 
     23       9      17
     11      18      14 
 20       4       5      16
 15       1      24      12
     22      21       2 
      3       7       6
         19      13 
--8<--
found: sum= 78.0000 var=  0.0000 fitness= 78.0000 age=0
-->8--
         24       2 
      5       4      21
     20      22      23 
  8       3       6      11
 15      14      16      10
     18      17      12 
      7      13      19
          9       1 
--8<--
found: sum= 82.0000 var=  0.0000 fitness= 82.0000 age=0
-->8--
          2       7 
     15      11      18
     16      14      19 
  5      24      13      17
  8       6       3       9
     23      22      21 
     10      20       4
          1      12 
--8<--
found: sum= 75.0000 var=  0.0000 fitness= 75.0000 age=0
-->8--
         18      20 
      1      13       3
     17       2      23 
 12      24      14       9
  8       4      16       6
     10      15       7 
     22       5      21
         19      11 
--8<--
found: sum= 77.0000 var=  0.0000 fitness= 77.0000 age=0
-->8--
         18       5 
      8      15      19
     10       3      21 
  1      23      14      24
  6      17       9       2
     20      11       7 
      4      12      16
         13      22 
--8<--
found: sum= 81.0000 var=  0.0000 fitness= 81.0000 age=0
-->8--
          1      19 
      4      23       2
     14      17      13 
  6      22       7      16
  3      12      15      20
     24       8      10 
     11      21       9
          5      18 
--8<--
found: sum= 77.0000 var=  0.0000 fitness= 77.0000 age=0
-->8--
          4       6 
     16      23       9
      3       7      15 
 21      24      17       1
 11       5      22      10
     13       2      12 
     18      19      14
         20       8 
--8<--
found: sum= 79.0000 var=  0.0000 fitness= 79.0000 age=0
-->8--
         14      19 
      1      22       2
     18       9       3 
 20      15      24      16
  4      10      13       6
     12       8      17 
      5      23      11
         21       7 
--8<--
found: sum= 81.0000 var=  0.0000 fitness= 81.0000 age=0
-->8--
         15      16 
      1      19      21
     17      11       4 
  3      18      10       9
  7      13      24      14
     23       5      20 
     12      22       8
          6       2 
--8<--
found: sum= 78.0000 var=  0.0000 fitness= 78.0000 age=0
-->8--
          3       8 
     18      17       6
      7      10      24 
  2      23      13       4
 19      11      20      12
     16       1       5 
     15      21       9
         14      22 
--8<--
found: sum= 81.0000 var=  0.0000 fitness= 81.0000 age=0
-->8--
         12       1 
      6      21      20
     16       3      14 
  4      23      22       8
  9      11      15       5
     18       7      17 
      2      19      13
         24      10 
--8<--
found: sum= 80.0000 var=  0.0000 fitness= 80.0000 age=0
-->8--
         17       4 
     18       8      13
     20      15      24 
 21       2      16       1
  7      19      22       3
     11       6      14 
      9      23       5
         12      10 
--8<--
found: sum= 77.0000 var=  0.0000 fitness= 77.0000 age=0
-->8--
         24      11 
      8       5      12
     16      23      19 
  4       1       7       6
 18      17      20      15
     21       9      10 
      3      14      22
         13       2 
--8<--
found: sum= 77.0000 var=  0.0000 fitness= 77.0000 age=0
-->8--
          2       3 
     23      21      13
      5       6      22 
  4      20      12       1
 18      14      17      15
     16       8      10 
     19      11       7
          9      24 
--8<--
found: sum= 79.0000 var=  0.0000 fitness= 79.0000 age=0
-->8--
          7       1 
     19       5      20
     13      21      22 
 11      14      10      18
 16       8       2      12
     17      24      15 
      4      23       9
          3       6 
--8<--
found: sum= 80.0000 var=  0.0000 fitness= 80.0000 age=0
-->8--
          5      14 
     10      24       1
     22      11      12 
  7       8      18      17
 21      19      15       2
      3       9      16 
     20      23      13
          6       4 
--8<--
found: sum= 81.0000 var=  0.0000 fitness= 81.0000 age=0
-->8--
          9       5 
      6      17      13
     20       8      22 
 14      21      16       1
  4      10       7      24
     12      19      11 
      2      23      18
         15       3 
--8<--
found: sum= 79.0000 var=  0.0000 fitness= 79.0000 age=0
-->8--
         23      19 
      4      21       3
      9      14      16 
 17       8       6       2
  1      24      15      22
     20      12      18 
      5      11      13
          7      10 
--8<--
found: sum= 78.0000 var=  0.0000 fitness= 78.0000 age=0
-->8--
          9      15 
     12      11      18
     13      10      19 
  1      23       5      16
 22      17       3      14
      2      20      21 
      7      24       4
          8       6 
--8<--
found: sum= 84.0000 var=  0.0000 fitness= 84.0000 age=0
-->8--
          8       3 
      4      22       9
     19      10      24 
  1      21      16       6
 18      13       7      11
     12      17      20 
      5      23      15
         14       2 
--8<--
found: sum= 79.0000 var=  0.0000 fitness= 79.0000 age=0
-->8--
          7       4 
     12       6      16
     11      23      17 
  2      20      13       3
 19       5       8      14
     22      10      24 
      9      15       1
         18      21 
--8<--
found: sum= 72.0000 var=  0.0000 fitness= 72.0000 age=0
-->8--
          2      12 
      7      24      11
      5      15       6 
  8      19       4      22
 17      13       3      23
     10      18      14 
      9       1      20
         21      16 
--8<--
found: sum= 83.0000 var=  0.0000 fitness= 83.0000 age=0
-->8--
          1       2 
     14      24       9
     16       7      18 
  6      21      23      10
 12      13       8       4
     15      11      20 
      3      22      17
         19       5 
--8<--
found: sum= 82.0000 var=  0.0000 fitness= 82.0000 age=0
-->8--
         10       4 
      2      24      23
     15       9      19 
  1      22       3      18
  7      16      12      13
     21      20      17 
      6      14      11
          5       8 
--8<--
found: sum= 82.0000 var=  0.0000 fitness= 82.0000 age=0
-->8--
         21      10 
      1      18      14
     23       3      20 
  9      16      17      12
  2      13      22       5
     19      11       6 
      7      24       4
          8      15 
--8<--
found: sum= 79.0000 var=  0.0000 fitness= 79.0000 age=0
-->8--
         13      23 
      3      18       5
     21      16       7 
 17       8      10      22
  6      12      24       2
     15       9      14 
      4      20       1
         19      11 
--8<--
found: sum= 79.0000 var=  0.0000 fitness= 79.0000 age=0
-->8--
         19       1 
      8      20      15
     16       6      23 
 21      10      14       4
  2      18      22       3
     12       9      13 
      5      11      17
         24       7 
--8<--
found: sum= 81.0000 var=  0.0000 fitness= 81.0000 age=0
-->8--
         14       9 
      3      21       4
     17      11      13 
  7      15      23       5
 16       6      18      10
     20       8      12 
     24      22       2
          1      19 
--8<--
found: sum= 79.0000 var=  0.0000 fitness= 79.0000 age=0
-->8--
          5      15 
      3      16      12
     24      18       7 
 10      13      11      23
  8       4      14       2
     20      19      22 
     21       6       1
          9      17 
--8<--
found: sum= 80.0000 var=  0.0000 fitness= 80.0000 age=0
-->8--
          1       2 
      5      20      17
     23      12       8 
  3      19      21       7
 15       4       6      14
     16      18      24 
     11       9      10
         22      13 
--8<--
found: sum= 79.0000 var=  0.0000 fitness= 79.0000 age=0
-->8--
         21      11 
     10      13      19
     24       4      15 
  5       7      17       1
 18      16      23       3
      9      12      20 
      6      14       2
         22       8 
--8<--
found: sum= 80.0000 var=  0.0000 fitness= 80.0000 age=0
-->8--
         15       7 
      1      17      19
     18       9      22 
  2      20       6       4
 11       8      13      23
     21      24      12 
      3      10       5
         14      16 
--8<--
found: sum= 75.0000 var=  0.0000 fitness= 75.0000 age=0
-->8--
          9      15 
      1      19      10
     18       8      17 
 21      20       6      16
  5       4      13      12
      7      24      11 
     14       3       2
         23      22 
--8<--
execution time: real 0.491285s user 0.396939s sys 0.003999s
GA: P=1024 K=512 sp=2 xover=2D/1 aging
generation #3: pop m= 78.997 v=0.191 f= 77.002
best: found: sum= 84.0000 var=  0.0000 fitness= 84.0000 age=1
-->8--
          8       3 
      4      22       9
     19      10      24 
  1      21      16       6
 18      13       7      11
     12      17      20 
      5      23      15
         14       2 
--8<--
found: sum= 72.0000 var=  0.0000 fitness= 72.0000 age=1
-->8--
          2      12 
      7      24      11
      5      15       6 
  8      19       4      22
 17      13       3      23
     10      18      14 
      9       1      20
         21      16 
--8<--
found: sum= 79.0000 var=  0.0000 fitness= 79.0000 age=1
-->8--
          7       1 
     19       5      20
     13      21      22 
 11      14      10      18
 16       8       2      12
     17      24      15 
      4      23       9
          3       6 
--8<--
found: sum= 79.0000 var=  0.0000 fitness= 79.0000 age=2
-->8--
          6      11 
      7      20       9
     22       8      18 
  5      16      13      17
 23       3      15      12
     10      24       4 
     19      21      14
          2       1 
--8<--
found: sum= 77.0000 var=  0.0000 fitness= 77.0000 age=1
-->8--
          4       6 
     16      23       9
      3       7      15 
 21      24      17       1
 11       5      22      10
     13       2      12 
     18      19      14
         20       8 
--8<--
found: sum= 81.0000 var=  0.0000 fitness= 81.0000 age=2
-->8--
          3       1 
     13       9      17
     12      23      20 
 10      21      11      19
 14       6       5       4
     18      15      22 
     16      24       7
          2       8 
--8<--
found: sum= 77.0000 var=  0.0000 fitness= 77.0000 age=2
-->8--
         23      12 
     10       7      15
     16      19      18 
 17       2       6       8
 11      22       4      20
      9      24      21 
      3      14      13
          5       1 
--8<--
found: sum= 79.0000 var=  0.0000 fitness= 79.0000 age=3
-->8--
         11      13 
     10       8       6
     18      17      23 
 16      15      12      14
  7      22       4       5
      1       9      21 
     20      24       2
          3      19 
--8<--
found: sum= 77.0000 var=  0.0000 fitness= 77.0000 age=2
-->8--
          9      18 
      7      17      10
     21      11       8 
 15      12      13       2
  3       6      16      24
     20      19      14 
      4       5       1
         23      22 
--8<--
found: sum= 80.0000 var=  0.0000 fitness= 80.0000 age=2
-->8--
          2       4 
     16      17       9
      5      19      24 
 14      21       7      22
  8      12       3       1
     20      18      23 
     13      11      10
          6      15 
--8<--
found: sum= 81.0000 var=  0.0000 fitness= 81.0000 age=1
-->8--
         12       1 
      6      21      20
     16       3      14 
  4      23      22       8
  9      11      15       5
     18       7      17 
      2      19      13
         24      10 
--8<--
found: sum= 77.0000 var=  0.0000 fitness= 77.0000 age=1
-->8--
         20       1 
      4       3      19
     22      16      24 
 10      12      14      11
  9       6      21       2
     18       8       5 
     17      13      23
         15       7 
--8<--
found: sum= 82.0000 var=  0.0000 fitness= 82.0000 age=1
-->8--
         10       4 
      2      24      23
     15       9      19 
  1      22       3      18
  7      16      12      13
     21      20      17 
      6      14      11
          5       8 
--8<--
found: sum= 77.0000 var=  0.0000 fitness= 77.0000 age=2
-->8--
          6       1 
     15      13      17
     10       9      21 
  5      24      16       4
 20       7       2      12
     11      19      22 
     14       8      23
         18       3 
--8<--
found: sum= 80.0000 var=  0.0000 fitness= 80.0000 age=3
-->8--
         17       5 
     10      24       2
      9      16      19 
 12       4      14       1
 13      20      15      23
     22      11       8 
      6      18       7
          3      21 
--8<--
found: sum= 79.0000 var=  0.0000 fitness= 79.0000 age=3
-->8--
          8      22 
     19      16       4
     10       2      15 
  3      24      20       1
 17       7      21       9
     18       5      13 
     14      23       6
         12      11 
--8<--
found: sum= 76.0000 var=  0.0000 fitness= 76.0000 age=2
-->8--
          7       2 
     13       1      18
     24      23      15 
 22       8      17      12
  6       5       9       4
     11      14      19 
     20      10       3
         16      21 
--8<--
found: sum= 82.0000 var=  0.0000 fitness= 82.0000 age=3
-->8--
         12      17 
      4      23       1
     15      18      16 
  6      10       7       9
 14      24      20       8
     13       3      22 
      2      21      11
         19       5 
--8<--
found: sum= 75.0000 var=  0.0000 fitness= 75.0000 age=1
-->8--
         18      20 
      1      13       3
     17       2      23 
 12      24      14       9
  8       4      16       6
     10      15       7 
     22       5      21
         19      11 
--8<--
found: sum= 76.0000 var=  0.0000 fitness= 76.0000 age=2
-->8--
         18      23 
     21      14      10
      5       1       8 
 15      17      20      12
 11       6      13      16
     22      19       7 
      2      24       9
          3       4 
--8<--
found: sum= 76.0000 var=  0.0000 fitness= 76.0000 age=3
-->8--
         21       5 
      8      10      23
     15       6      18 
  3      16      14       4
 19      22      11      17
      1       7      12 
     20      24       9
          2      13 
--8<--
found: sum= 78.0000 var=  0.0000 fitness= 78.0000 age=3
-->8--
          2       4 
     23      18      19
     20       3      21 
  8      12      13       9
  5      17      11      10
     16      22      14 
     15       1      24
          7       6 
--8<--
found: sum= 78.0000 var=  0.0000 fitness= 78.0000 age=1
-->8--
          9      15 
     12      11      18
     13      10      19 
  1      23       5      16
 22      17       3      14
      2      20      21 
      7      24       4
          8       6 
--8<--
found: sum= 77.0000 var=  0.0000 fitness= 77.0000 age=1
-->8--
         24      11 
      8       5      12
     16      23      19 
  4       1       7       6
 18      17      20      15
     21       9      10 
      3      14      22
         13       2 
--8<--
found: sum= 83.0000 var=  0.0000 fitness= 83.0000 age=1
-->8--
          1       2 
     14      24       9
     16       7      18 
  6      21      23      10
 12      13       8       4
     15      11      20 
      3      22      17
         19       5 
--8<--
found: sum= 78.0000 var=  0.0000 fitness= 78.0000 age=1
-->8--
         24       2 
      5       4      21
     20      22      23 
  8       3       6      11
 15      14      16      10
     18      17      12 
      7      13      19
          9       1 
--8<--
found: sum= 78.0000 var=  0.0000 fitness= 78.0000 age=2
-->8--
          6      16 
     17      21       2
      3      12      23 
 11      19       4       5
  7      18      24       9
     20       1      13 
     15      10      22
         14       8 
--8<--
found: sum= 79.0000 var=  0.0000 fitness= 79.0000 age=2
-->8--
          1      18 
     12      13       3
     24       9      22 
  2      20      14      21
 19       6       7       4
      8      23      11 
     15      17      16
         10       5 
--8<--
found: sum= 79.0000 var=  0.0000 fitness= 79.0000 age=1
-->8--
          5      15 
      3      16      12
     24      18       7 
 10      13      11      23
  8       4      14       2
     20      19      22 
     21       6       1
          9      17 
--8<--
found: sum= 77.0000 var=  0.0000 fitness= 77.0000 age=3
-->8--
         24       4 
     17      15      11
      1       2      23 
 16      18      22      10
  7      14       8       9
     21      13       5 
      3      20      12
          6      19 
--8<--
found: sum= 81.0000 var=  0.0000 fitness= 81.0000 age=1
-->8--
          1      19 
      4      23       2
     14      17      13 
  6      22       7      16
  3      12      15      20
     24       8      10 
     11      21       9
          5      18 
--8<--
found: sum= 81.0000 var=  0.0000 fitness= 81.0000 age=2
-->8--
          8      18 
     16      24       4
     17       2      10 
 20      14      23      11
  5      12       9       6
     13      21      22 
     15      19       3
          1       7 
--8<--
found: sum= 76.0000 var=  0.0000 fitness= 76.0000 age=3
-->8--
         24      15 
      9       2       6
     23      10      21 
  4       8      22       1
 16       5      17      12
     20      14       3 
     19      11      18
          7      13 
--8<--
found: sum= 77.0000 var=  0.0000 fitness= 77.0000 age=3
-->8--
          7       8 
      1      19       6
     11      18      17 
  5      21       9      20
 16      22       3      15
      2       4      13 
     12      23      10
         14      24 
--8<--
found: sum= 79.0000 var=  0.0000 fitness= 79.0000 age=1
-->8--
         13      23 
      3      18       5
     21      16       7 
 17       8      10      22
  6      12      24       2
     15       9      14 
      4      20       1
         19      11 
--8<--
found: sum= 76.0000 var=  0.0000 fitness= 76.0000 age=3
-->8--
          1       8 
     23      20      18
     14       6       2 
 17      12      22      16
  3      21      10      15
      9       5      11 
      4      24       7
         13      19 
--8<--
found: sum= 78.0000 var=  0.0000 fitness= 78.0000 age=1
-->8--
          3       8 
     18      17       6
      7      10      24 
  2      23      13       4
 19      11      20      12
     16       1       5 
     15      21       9
         14      22 
--8<--
found: sum= 79.0000 var=  0.0000 fitness= 79.0000 age=1
-->8--
         19       1 
      8      20      15
     16       6      23 
 21      10      14       4
  2      18      22       3
     12       9      13 
      5      11      17
         24       7 
--8<--
found: sum= 78.0000 var=  0.0000 fitness= 78.0000 age=2
-->8--
          4      11 
     12      22      21
     15       1       3 
  2      24      20      23
  8      10      14       5
     19       9      13 
      6      18       7
         16      17 
--8<--
found: sum= 78.0000 var=  0.0000 fitness= 78.0000 age=3
-->8--
         19      22 
      2       4      15
     24      11      20 
  7      18       6      12
  5       3      23       9
     21      17       8 
     10      13       1
         14      16 
--8<--
found: sum= 79.0000 var=  0.0000 fitness= 79.0000 age=1
-->8--
          1      15 
     12      17      16
     19       9       4 
 13      21      18      22
 10       5       3       8
     11      23      24 
      6      20       2
         14       7 
--8<--
found: sum= 79.0000 var=  0.0000 fitness= 79.0000 age=3
-->8--
          1      10 
     23      14       8
     17       2      24 
 18      22      21       4
  3       6      12      11
     13      16       7 
     15      20      19
          9       5 
--8<--
found: sum= 81.0000 var=  0.0000 fitness= 81.0000 age=1
-->8--
          9       5 
      6      17      13
     20       8      22 
 14      21      16       1
  4      10       7      24
     12      19      11 
      2      23      18
         15       3 
--8<--
found: sum= 78.0000 var=  0.0000 fitness= 78.0000 age=2
-->8--
         23      24 
      4      16       3
     20       5      17 
 18      10      13      15
  7       9      19       2
     14      22      12 
      1      11       6
         21       8 
--8<--
found: sum= 80.0000 var=  0.0000 fitness= 80.0000 age=3
-->8--
         20      18 
      1      23       2
     17       3      24 
  8      16      10      22
  5      21      11       4
     13      19       9 
      6      14      12
          7      15 
--8<--
found: sum= 80.0000 var=  0.0000 fitness= 80.0000 age=1
-->8--
          1       2 
      5      20      17
     23      12       8 
  3      19      21       7
 15       4       6      14
     16      18      24 
     11       9      10
         22      13 
--8<--
found: sum= 78.0000 var=  0.0000 fitness= 78.0000 age=2
-->8--
         23       1 
     13      18      16
      3       7      24 
 17      14      12       4
 10      15       8       9
     19      22      21 
     11       5      20
          6       2 
--8<--
found: sum= 80.0000 var=  0.0000 fitness= 80.0000 age=1
-->8--
         15       7 
      1      17      19
     18       9      22 
  2      20       6       4
 11       8      13      23
     21      24      12 
      3      10       5
         14      16 
--8<--
found: sum= 79.0000 var=  0.0000 fitness= 79.0000 age=2
-->8--
          7      11 
     15      23       5
     17       8      22 
 19       9      10      20
  4      24      12       1
      6      16      14 
     18      13       3
          2      21 
--8<--
found: sum= 80.0000 var=  0.0000 fitness= 80.0000 age=1
-->8--
         19       2 
      3      15      17
     14       9      24 
 22      20      13       4
  6       8       7      11
     10      23      21 
      5      16      12
         18       1 
--8<--
found: sum= 80.0000 var=  0.0000 fitness= 80.0000 age=1
-->8--
         17       4 
     18       8      13
     20      15      24 
 21       2      16       1
  7      19      22       3
     11       6      14 
      9      23       5
         12      10 
--8<--
found: sum= 80.0000 var=  0.0000 fitness= 80.0000 age=1
-->8--
          5      14 
     10      24       1
     22      11      12 
  7       8      18      17
 21      19      15       2
      3       9      16 
     20      23      13
          6       4 
--8<--
found: sum= 73.0000 var=  0.0000 fitness= 73.0000 age=1
-->8--
          8      10 
     23       9      17
     11      18      14 
 20       4       5      16
 15       1      24      12
     22      21       2 
      3       7       6
         19      13 
--8<--
found: sum= 81.0000 var=  0.0000 fitness= 81.0000 age=2
-->8--
         14       8 
      4      13       9
     11      23      22 
 17      16       6       3
  7      12      19      10
     18       5      21 
     24      20      15
          2       1 
--8<--
found: sum= 80.0000 var=  0.0000 fitness= 80.0000 age=3
-->8--
          6       1 
      8      16      24
     23      17       2 
 12      10      20      15
  9       7      21       4
     19       5      18 
     13      22      11
         14       3 
--8<--
found: sum= 77.0000 var=  0.0000 fitness= 77.0000 age=2
-->8--
         21      14 
      2       9      18
     23       5      16 
 11      17      15       8
  3      10       6      12
     13      24      20 
     19       4      22
          7       1 
--8<--
found: sum= 79.0000 var=  0.0000 fitness= 79.0000 age=2
-->8--
          1      17 
      6      22      15
     14      12       9 
  8      24       4      23
 11       3      20       2
     19      16      21 
     13      10       7
         18       5 
--8<--
found: sum= 82.0000 var=  0.0000 fitness= 82.0000 age=3
-->8--
         10      22 
     11       8       5
     19      13      16 
  4      21      18       7
 14       1      12       9
     23      17      20 
     15      24       3
          2       6 
--8<--
found: sum= 76.0000 var=  0.0000 fitness= 76.0000 age=2
-->8--
         15       9 
     23      16      22
     10       5      20 
 11       7       4       6
 21      24      19      14
      3      17      13 
      2      18       8
         12       1 
--8<--
found: sum= 77.0000 var=  0.0000 fitness= 77.0000 age=2
-->8--
         18       7 
      1      23      20
     11       3       8 
 12      21      16       6
  2      17      15      22
     14       5      10 
      9      19       4
         13      24 
--8<--
found: sum= 79.0000 var=  0.0000 fitness= 79.0000 age=1
-->8--
         14      19 
      1      22       2
     18       9       3 
 20      15      24      16
  4      10      13       6
     12       8      17 
      5      23      11
         21       7 
--8<--
found: sum= 81.0000 var=  0.0000 fitness= 81.0000 age=1
-->8--
         15      16 
      1      19      21
     17      11       4 
  3      18      10       9
  7      13      24      14
     23       5      20 
     12      22       8
          6       2 
--8<--
found: sum= 78.0000 var=  0.0000 fitness= 78.0000 age=3
-->8--
          2       9 
     13      19       1
     17      16      15 
 20      11      18       8
  3       5       4      23
     22      24      10 
     14       7      12
          6      21 
--8<--
found: sum= 80.0000 var=  0.0000 fitness= 80.0000 age=3
-->8--
          4      19 
      1      24       6
     18      23       5 
 11      10       3      22
  7      14      13      16
     20      17      21 
      8      12      15
          9       2 
--8<--
found: sum= 77.0000 var=  0.0000 fitness= 77.0000 age=1
-->8--
          2       3 
     23      21      13
      5       6      22 
  4      20      12       1
 18      14      17      15
     16       8      10 
     19      11       7
          9      24 
--8<--
found: sum= 79.0000 var=  0.0000 fitness= 79.0000 age=2
-->8--
          4      17 
     13      21      10
     14      15       9 
  8      12       7      22
  2      19      20       5
     24       6      16 
      1      11       3
         18      23 
--8<--
found: sum= 78.0000 var=  0.0000 fitness= 78.0000 age=2
-->8--
          9      12 
     14      15      20
     17       2      22 
  1      21       7       6
 18      13      16      23
      8      19       4 
     11      24       5
          3      10 
--8<--
found: sum= 82.0000 var=  0.0000 fitness= 82.0000 age=1
-->8--
          2       7 
     15      11      18
     16      14      19 
  5      24      13      17
  8       6       3       9
     23      22      21 
     10      20       4
          1      12 
--8<--
found: sum= 78.0000 var=  0.0000 fitness= 78.0000 age=2
-->8--
         24       9 
     20      17       8
      3       4      21 
 18      10      19       1
 11      23      16       7
     13       6      14 
     12      22       5
          2      15 
--8<--
found: sum= 79.0000 var=  0.0000 fitness= 79.0000 age=1
-->8--
         23      19 
      4      21       3
      9      14      16 
 17       8       6       2
  1      24      15      22
     20      12      18 
      5      11      13
          7      10 
--8<--
found: sum= 79.0000 var=  0.0000 fitness= 79.0000 age=1
-->8--
         21      11 
     10      13      19
     24       4      15 
  5       7      17       1
 18      16      23       3
      9      12      20 
      6      14       2
         22       8 
--8<--
found: sum= 81.0000 var=  0.0000 fitness= 81.0000 age=2
-->8--
          1      13 
     20      18      17
     19       2      23 
 10      21       8       4
  5      12      16       6
     14      22      24 
     15       7       3
         11       9 
--8<--
found: sum= 78.0000 var=  0.0000 fitness= 78.0000 age=1
-->8--
          1      21 
     23      12       3
     24       7      22 
  2      11      13       6
 15       8      19      14
     18      20       4 
     17      10       9
          5      16 
--8<--
found: sum= 82.0000 var=  0.0000 fitness= 82.0000 age=1
-->8--
         21      10 
      1      18      14
     23       3      20 
  9      16      17      12
  2      13      22       5
     19      11       6 
      7      24       4
          8      15 
--8<--
found: sum= 81.0000 var=  0.0000 fitness= 81.0000 age=2
-->8--
         17      18 
      2      24       4
     19       7      20 
 13      12       8      15
  5      21      23       6
     11      10       9 
     16      22       3
          1      14 
--8<--
found: sum= 77.0000 var=  0.0000 fitness= 77.0000 age=1
-->8--
          5      13 
      7      17       9
     23      15       4 
 20      10      19       3
  1      11      16      14
     12       6      21 
     22       8      24
         18       2 
--8<--
found: sum= 79.0000 var=  0.0000 fitness= 79.0000 age=2
-->8--
          3       9 
     22      17       8
     14      13      20 
  2      10      12       6
 19      16      23       7
     18       5      11 
      4      15       1
         21      24 
--8<--
found: sum= 77.0000 var=  0.0000 fitness= 77.0000 age=1
-->8--
          7      12 
     14      13       9
     24       4      21 
 22      15      18       3
  5       1      16       8
     10      23      11 
     20       6       2
         17      19 
--8<--
found: sum= 78.0000 var=  0.0000 fitness= 78.0000 age=3
-->8--
          9      23 
      4      24      10
     18       7       1 
  2      16      13      22
 11      19      20       8
     12       3      14 
      6      21       5
         17      15 
--8<--
found: sum= 81.0000 var=  0.0000 fitness= 81.0000 age=2
-->8--
          1       3 
     12      21      15
     24       9      23 
  2      14      10      13
 17       6      20       7
     18      22       8 
     19      11      16
          5       4 
--8<--
found: sum= 78.0000 var=  0.0000 fitness= 78.0000 age=2
-->8--
         22      17 
      1      15       8
     21      10      24 
 14       9       4       7
  5      23      12      18
      6      20      13 
     16      11       3
          2      19 
--8<--
found: sum= 79.0000 var=  0.0000 fitness= 79.0000 age=3
-->8--
         21       4 
      8      10      23
     22       5      19 
  1      13      18      12
  6      20      16      11
     17       7       3 
      2      24      14
          9      15 
--8<--
found: sum= 75.0000 var=  0.0000 fitness= 75.0000 age=1
-->8--
          9      15 
      1      19      10
     18       8      17 
 21      20       6      16
  5       4      13      12
      7      24      11 
     14       3       2
         23      22 
--8<--
found: sum= 79.0000 var=  0.0000 fitness= 79.0000 age=1
-->8--
          7       4 
     12       6      16
     11      23      17 
  2      20      13       3
 19       5       8      14
     22      10      24 
      9      15       1
         18      21 
--8<--
found: sum= 82.0000 var=  0.0000 fitness= 82.0000 age=2
-->8--
         23       6 
      3      19      17
     20       7      21 
  9      10      12       1
  4      15      16      14
     24      22      18 
      2       8      13
         11       5 
--8<--
found: sum= 77.0000 var=  0.0000 fitness= 77.0000 age=2
-->8--
         15      16 
     10       3       4
     17      24      23 
  6       8       7      19
 12      14       2       5
     20      22      21 
     11       1      18
          9      13 
--8<--
found: sum= 81.0000 var=  0.0000 fitness= 81.0000 age=2
-->8--
          8      20 
      1       9       2
     18      23      21 
 13      22       6      12
  4      10      15       3
     14       5      24 
     16      19       7
         17      11 
--8<--
found: sum= 76.0000 var=  0.0000 fitness= 76.0000 age=3
-->8--
         16      10 
     23      17      19
      4       3       7 
  8      13      20       1
 15      24       5      21
     12      11      22 
      9      18       6
          2      14 
--8<--
found: sum= 81.0000 var=  0.0000 fitness= 81.0000 age=2
-->8--
          2       7 
     15       8      22
     16      21      14 
 10      19       9       6
 13       3      11      17
     20      18      24 
     12      23       4
          5       1 
--8<--
found: sum= 76.0000 var=  0.0000 fitness= 76.0000 age=1
-->8--
         11      16 
     13      15       2
      5      12      23 
  4      20       8       6
 22       1      17      19
     24      18       3 
      9      10       7
         14      21 
--8<--
found: sum= 76.0000 var=  0.0000 fitness= 76.0000 age=3
-->8--
         13      14 
      2      24       9
     15       6       3 
 10      16      20      12
  1      23       4      18
     11       7      19 
      5       8      17
         22      21 
--8<--
found: sum= 81.0000 var=  0.0000 fitness= 81.0000 age=1
-->8--
         14       9 
      3      21       4
     17      11      13 
  7      15      23       5
 16       6      18      10
     20       8      12 
     24      22       2
          1      19 
--8<--
found: sum= 77.0000 var=  0.0000 fitness= 77.0000 age=3
-->8--
         13       8 
     22       1      17
     10      19      21 
  6      12      11       4
 20       5      23       3
     24       7      15 
      9      14       2
         18      16 
--8<--
found: sum= 79.0000 var=  0.0000 fitness= 79.0000 age=2
-->8--
          1       2 
     20      17      18
     13      19      12 
  4       9      11       5
 15      14      23      21
     24       3       7 
      6      22      16
         10       8 
--8<--
found: sum= 77.0000 var=  0.0000 fitness= 77.0000 age=1
-->8--
         18       5 
      8      15      19
     10       3      21 
  1      23      14      24
  6      17       9       2
     20      11       7 
      4      12      16
         13      22 
--8<--
