found: sum= 80.0000 var=  0.0000 fitness= 80.0000 age=0
-->8--
          2      17 
      5      20       7
     24      13      14 
 11      16       9      23
  4      22       1      12
      3      19      21 
     10      18       6
          8      15 
--8<--
found: sum= 77.0000 var=  0.0000 fitness= 77.0000 age=0
-->8--
         19      21 
     12       4      20
     23       3      24 
 14      16       5       8
  2      13      18       7
      9      22      15 
      6      10      11
         17       1 
--8<--
found: sum= 76.0000 var=  0.0000 fitness= 76.0000 age=0
-->8--
         12       1 
     24      13       8
      2      14      18 
 21      11      22      10
 16       3       6       5
     23      20      15 
     17       9      19
          4       7 
--8<--
found: sum= 78.0000 var=  0.0000 fitness= 78.0000 age=0
-->8--
          2       8 
     21      10      24
     18       7      23 
  9      20       6      12
  3      15      14       1
     13      16      22 
     19       4      17
         11       5 
--8<--
found: sum= 80.0000 var=  0.0000 fitness= 80.0000 age=0
-->8--
          4       1 
      7      19      13
     24      21      18 
 15       5       8      22
  2      23      17       3
     11       6      12 
     10      16       9
         14      20 
--8<--
found: sum= 75.0000 var=  0.0000 fitness= 75.0000 age=0
-->8--
          7      20 
     22      18       2
      6      17      15 
  8       5       3      19
 21      24      12      10
     11      14      16 
     13       9      23
          4       1 
--8<--
found: sum= 74.0000 var=  0.0000 fitness= 74.0000 age=0
-->8--
         15      19 
     20      10       6
      3       4      14 
 24      22      21      13
  1      16       9       5
      8       2      12 
      7      23      17
         18      11 
--8<--
found: sum= 75.0000 var=  0.0000 fitness= 75.0000 age=0
-->8--
         16      14 
     19      17      13
      1      18       2 
 15       4      11       5
 23      10      12      21
     22      20      24 
      8       9       3
          6       7 
--8<--
found: sum= 77.0000 var=  0.0000 fitness= 77.0000 age=0
-->8--
          4       1 
      3       9      21
     24      18      17 
 12      19      11      13
  5      15       6      20
      2       8      10 
     22      23      16
          7      14 
--8<--
found: sum= 78.0000 var=  0.0000 fitness= 78.0000 age=0
-->8--
         24       4 
      1      23      15
     16       5      21 
  3       9      10       6
 12      18      22      17
     20      14       2 
      7       8      13
         11      19 
--8<--
found: sum= 74.0000 var=  0.0000 fitness= 74.0000 age=0
-->8--
         14       3 
     22       7       8
      5      15      24 
 19      11      17      21
 12       9       2       4
     18      20       6 
     16      10      23
          1      13 
--8<--
found: sum= 81.0000 var=  0.0000 fitness= 81.0000 age=0
-->8--
          1      12 
     16      18       5
     20       2      23 
  4      24      21      14
  8       6      13       7
     19      15       3 
      9      22      11
         10      17 
--8<--
found: sum= 71.0000 var=  0.0000 fitness= 71.0000 age=0
-->8--
         21      24 
     22       6       9
      4       8       7 
 11      10      17      14
 23      20       1      13
      3      15      19 
     12      16       2
          5      18 
--8<--
found: sum= 80.0000 var=  0.0000 fitness= 80.0000 age=0
-->8--
          9       3 
     19      20      14
     22       6      21 
 11       4      16       5
  8      17      24       2
     18      13      12 
     15       7      23
         10       1 
--8<--
found: sum= 77.0000 var=  0.0000 fitness= 77.0000 age=0
-->8--
          2       7 
      1       5      16
     23      24      19 
  3      22       6      10
  9       8      13      18
     12       4      11 
     21      15      14
         17      20 
--8<--
found: sum= 79.0000 var=  0.0000 fitness= 79.0000 age=0
-->8--
         23       5 
      1      10      19
     17      12      24 
  6      16       9      22
  4      15      14       7
     21      13       3 
      2      20      18
          8      11 
--8<--
found: sum= 73.0000 var=  0.0000 fitness= 73.0000 age=0
-->8--
          2      24 
     17      12       9
      7      19       1 
 23      16       8      20
 11       3       5      21
     13      22      18 
     15      14       4
          6      10 
--8<--
found: sum= 77.0000 var=  0.0000 fitness= 77.0000 age=0
-->8--
         23      12 
     19      11      10
      8      14      24 
 22       2       6       4
  9      21      18       5
     15      16      20 
      1       7       3
         17      13 
--8<--
found: sum= 77.0000 var=  0.0000 fitness= 77.0000 age=0
-->8--
          1      14 
     23       4      16
     24      15      19 
 12      10       9       7
  3      17       8      13
     11      18      21 
     20       6       2
          5      22 
--8<--
found: sum= 75.0000 var=  0.0000 fitness= 75.0000 age=0
-->8--
         23       6 
     17      15       9
      5      14      20 
 19       1      11       2
 22      21      24       8
      7       4      10 
     12      18      16
         13       3 
--8<--
found: sum= 75.0000 var=  0.0000 fitness= 75.0000 age=0
-->8--
         15      13 
     12      24       5
      4       6      11 
 10      14      16       2
 21       8      22       7
     18       9      17 
     20       1       3
         19      23 
--8<--
found: sum= 73.0000 var=  0.0000 fitness= 73.0000 age=0
-->8--
          1       2 
     24      10      19
      4      21      12 
 20      13       9      14
  6      22       5      18
      8       3      15 
     17      16      11
          7      23 
--8<--
found: sum= 76.0000 var=  0.0000 fitness= 76.0000 age=0
-->8--
         15      22 
     24       4      18
     14      11      19 
  3       8       2      10
  7      23      20       9
     21      12      16 
      1       6       5
         13      17 
--8<--
found: sum= 81.0000 var=  0.0000 fitness= 81.0000 age=0
-->8--
         13      10 
     14      12      24
     17       4      23 
  3      21       8      20
  9      15      11       1
     16      22      18 
      7      19       5
          2       6 
--8<--
found: sum= 81.0000 var=  0.0000 fitness= 81.0000 age=0
-->8--
          5      18 
     17      24       7
     19       1       9 
 13      15      22      11
  3      21      14       2
     10       8      23 
      6      20      12
         16       4 
--8<--
found: sum= 78.0000 var=  0.0000 fitness= 78.0000 age=0
-->8--
          1      24 
     16       9      13
     23       8      14 
  2      21      10       7
 12      15       6      22
      5      18      19 
     17      20       4
          3      11 
--8<--
found: sum= 77.0000 var=  0.0000 fitness= 77.0000 age=0
-->8--
         15       3 
      7      11      19
     22      14      21 
 23       8       9      17
  1      10      16       2
     13      20      12 
      4       6       5
         24      18 
--8<--
found: sum= 77.0000 var=  0.0000 fitness= 77.0000 age=0
-->8--
         23       2 
     10      17      13
      3       4      22 
 18      20      19       5
  1      11      15       9
     24       8       7 
      6      12      14
         16      21 
--8<--
found: sum= 80.0000 var=  0.0000 fitness= 80.0000 age=0
-->8--
         10       5 
     17      24      11
      6       7      15 
 21      16      18      14
  3      22       4       9
     12      13      20 
      2      23      19
          8       1 
--8<--
found: sum= 79.0000 var=  0.0000 fitness= 79.0000 age=0
-->8--
          3      24 
     18      16       4
     13      12      15 
 21      17       8      11
  1       5      23       2
     22      14      20 
     19       9       6
         10       7 
--8<--
found: sum= 82.0000 var=  0.0000 fitness= 82.0000 age=0
-->8--
          8      19 
      1      22      11
     23       7      18 
  2      21       5      17
  6      20      15       3
     10      14      24 
      9      13      12
         16       4 
--8<--
found: sum= 72.0000 var=  0.0000 fitness= 72.0000 age=0
-->8--
         21       6 
     10       3      24
      4      11      19 
 20      23       9      13
  2       1      16       8
     22      12       7 
     14       5      15
         18      17 
--8<--
found: sum= 78.0000 var=  0.0000 fitness= 78.0000 age=0
-->8--
          2       7 
     11      18      15
     13      12       5 
 14      22      21       1
  3       6       8      19
     20       9      24 
     17      10       4
         16      23 
--8<--
found: sum= 78.0000 var=  0.0000 fitness= 78.0000 age=0
-->8--
         18      14 
      2      23      22
     20       3       9 
 15      12       7      17
  1      11      24       8
     19      21      13 
     16       6       4
          5      10 
--8<--
found: sum= 77.0000 var=  0.0000 fitness= 77.0000 age=0
-->8--
         22       4 
      1      20      15
      9      14       6 
 21      11      18       2
 17       3       8      19
     16      23      24 
     12      10       5
         13       7 
--8<--
found: sum= 75.0000 var=  0.0000 fitness= 75.0000 age=0
-->8--
         23      21 
     20       1      19
      9       5      18 
  4      17      11       2
 13       8      22       6
     24      12      16 
     14       7      15
         10       3 
--8<--
found: sum= 78.0000 var=  0.0000 fitness= 78.0000 age=0
-->8--
          4      23 
      8      24       1
      9      12      15 
 16      21       3      22
 13      14      10      11
      5      18      17 
     19      20       7
          2       6 
--8<--
found: sum= 76.0000 var=  0.0000 fitness= 76.0000 age=0
-->8--
          2       4 
     18       9      16
     10      20      24 
  5      17       3      22
 19      13      15       1
     12       8      11 
      6      14       7
         23      21 
--8<--
found: sum= 72.0000 var=  0.0000 fitness= 72.0000 age=0
-->8--
         13       6 
     23       5      12
     18      10      24 
 19       3      15      16
 11      17       7       9
      4      20       1 
      2       8      14
         21      22 
--8<--
found: sum= 76.0000 var=  0.0000 fitness= 76.0000 age=0
-->8--
          6      14 
     23       1      17
     24      19      21 
 13       3       4      22
  7      18      12       9
     11      20       8 
     10      15      16
          2       5 
--8<--
found: sum= 81.0000 var=  0.0000 fitness= 81.0000 age=0
-->8--
          2      13 
      9      12      10
     21      17      23 
  1      20       6      19
 16       5      22       4
     18      11       7 
     15      24      14
          8       3 
--8<--
found: sum= 75.0000 var=  0.0000 fitness= 75.0000 age=0
-->8--
         19      18 
     24      23      10
      4       2       6 
 21       3      16       1
 11      22      20      17
     14      12      15 
      5      13       8
          9       7 
--8<--
found: sum= 81.0000 var=  0.0000 fitness= 81.0000 age=0
-->8--
         10      20 
      2      22       6
     19      21       4 
  3       7       8      17
 16      12      15      14
     24      18      23 
      9      13       1
          5      11 
--8<--
found: sum= 76.0000 var=  0.0000 fitness= 76.0000 age=0
-->8--
         14       6 
     13       2       3
     17      23      20 
 16       7      22      12
 24       1       8       5
     11      15       9 
     18      21       4
         10      19 
--8<--
found: sum= 69.0000 var=  0.0000 fitness= 69.0000 age=0
-->8--
         16      13 
     22       8      14
      2      20       5 
 17       1       9      15
 24      21       7      10
      4      11      23 
     12       3       6
         18      19 
--8<--
found: sum= 73.0000 var=  0.0000 fitness= 73.0000 age=0
-->8--
          1      20 
     15      16       3
     18      19       8 
 22       4       7      24
 21       6      14      11
      2      23       9 
     17      12       5
         13      10 
--8<--
found: sum= 77.0000 var=  0.0000 fitness= 77.0000 age=0
-->8--
         13       5 
     11       7      19
     22      23       8 
  6       1      15       3
 10      24      12      21
     14       2      18 
     17      16       9
          4      20 
--8<--
found: sum= 82.0000 var=  0.0000 fitness= 82.0000 age=0
-->8--
         16       4 
      6      18      15
     21      10      23 
 20      11      12       2
  1      22       8      13
      7      19      24 
      3      17       9
         14       5 
--8<--
found: sum= 82.0000 var=  0.0000 fitness= 82.0000 age=0
-->8--
          3       2 
      6      22       7
     23      16      24 
  8      12      11       1
 15      20      14      13
      4       9      19 
     10      18       5
         21      17 
--8<--
found: sum= 77.0000 var=  0.0000 fitness= 77.0000 age=0
-->8--
          3       5 
     20      19      12
     11      15      24 
  7       9       2       8
 18      22      23      16
     10       6       4 
     21      17      13
          1      14 
--8<--
found: sum= 78.0000 var=  0.0000 fitness= 78.0000 age=0
-->8--
         13      17 
      6       7      10
     18      19      16 
  2      15       9      20
 14       8      24       4
     21       3       5 
     12      23       1
         11      22 
--8<--
found: sum= 79.0000 var=  0.0000 fitness= 79.0000 age=0
-->8--
          3      22 
     12      23       5
     21       2       7 
  9      18      20       1
  4      13      10      17
     14      16      24 
     19       6      15
         11       8 
--8<--
found: sum= 79.0000 var=  0.0000 fitness= 79.0000 age=0
-->8--
         12       5 
     10      24      13
     19       6      11 
 16       8      20       2
  7      14      22       1
     15       9      23 
     17       3       4
         21      18 
--8<--
found: sum= 74.0000 var=  0.0000 fitness= 74.0000 age=0
-->8--
          1      10 
      5      13      19
     20      14      16 
  4      21       2      17
 12       6      23       9
     11       8       7 
     24       3      15
         22      18 
--8<--
found: sum= 79.0000 var=  0.0000 fitness= 79.0000 age=0
-->8--
         15       4 
      3      14       9
      6      24      23 
 16      17       5      22
 10      18       7       1
     12       8      21 
     20      19      13
          2      11 
--8<--
found: sum= 80.0000 var=  0.0000 fitness= 80.0000 age=0
-->8--
         12      13 
     17      14      10
     23       9      16 
 20       5      18       6
  2      11      15       1
     19      22      24 
      3       4       7
         21       8 
--8<--
found: sum= 77.0000 var=  0.0000 fitness= 77.0000 age=0
-->8--
         21       7 
      9      13      17
     22       4      24 
 15       8      12       3
  5      16      18       6
     11      19      14 
     20       1       2
         10      23 
--8<--
found: sum= 80.0000 var=  0.0000 fitness= 80.0000 age=0
-->8--
         10      14 
      4       6      18
     21      16      24 
  1      23       2      17
  9      19      12       3
      7       8      22 
     11      20      13
         15       5 
--8<--
found: sum= 75.0000 var=  0.0000 fitness= 75.0000 age=0
-->8--
          1       2 
     18      17      19
      4      21      13 
 22      14       3      16
 10      20       8      11
      5       9      24 
     23      12      15
          6       7 
--8<--
found: sum= 71.0000 var=  0.0000 fitness= 71.0000 age=0
-->8--
          9      19 
     18       5      24
     15       1       6 
 12      23      16       2
  7      10      13      20
      4       8      14 
     21      11       3
         17      22 
--8<--
found: sum= 75.0000 var=  0.0000 fitness= 75.0000 age=0
-->8--
          8       7 
      3      10      24
     15      19      13 
  6      20       2      23
 16       1      12      14
     17      21      11 
      5       9      18
         22       4 
--8<--
found: sum= 77.0000 var=  0.0000 fitness= 77.0000 age=0
-->8--
         14       5 
      2      17      10
     22      13      24 
  1       9       8      23
 15      19      12       6
     11      16       4 
     21       7      20
          3      18 
--8<--
found: sum= 75.0000 var=  0.0000 fitness= 75.0000 age=0
-->8--
          8       4 
     11       7      19
     17       9      16 
 14      23      20      18
  3      12       1      15
      6      10       5 
      2      24      13
         21      22 
--8<--
found: sum= 81.0000 var=  0.0000 fitness= 81.0000 age=0
-->8--
         16      14 
      3      12       8
     17      15       9 
 13      18      23       6
  7       4       2      20
     22      19      21 
     11      24       5
          1      10 
--8<--
found: sum= 79.0000 var=  0.0000 fitness= 79.0000 age=0
-->8--
          7      10 
      4      16      11
     22      13       9 
  1      17      20       2
 12       3       8      21
     24      18      19 
      6       5      15
         23      14 
--8<--
found: sum= 80.0000 var=  0.0000 fitness= 80.0000 age=0
-->8--
          2       3 
     12      17      23
     22      13       6 
  8      14      18       5
  1      15      11      24
     20       9      16 
      7      19      21
         10       4 
--8<--
found: sum= 75.0000 var=  0.0000 fitness= 75.0000 age=0
-->8--
         11       5 
      1      22      18
     23      16       8 
 15       2       6      13
  9      14      20      21
     12      17       7 
     19       3      24
         10       4 
--8<--
found: sum= 78.0000 var=  0.0000 fitness= 78.0000 age=0
-->8--
         22       9 
     24      11      20
      6       5      21 
 18      10      12       3
  4      23      15       8
     17      13      19 
      2      16      14
          7       1 
--8<--
found: sum= 75.0000 var=  0.0000 fitness= 75.0000 age=0
-->8--
          1      13 
     23      10      21
     18       8      12 
 14      15      11      22
  4       5      20       3
     19      16       7 
      2       9       6
         24      17 
--8<--
found: sum= 76.0000 var=  0.0000 fitness= 76.0000 age=0
-->8--
          4      17 
      2      24      11
     21       6       5 
  8      19      13      10
 12       7      16      14
      9      15      18 
     22       3       1
         20      23 
--8<--
found: sum= 75.0000 var=  0.0000 fitness= 75.0000 age=0
-->8--
         17       8 
     22       3       7
      4      16      18 
 11      13      23      19
 14      12       9       1
     21       2       5 
      6      24      15
         10      20 
--8<--
found: sum= 79.0000 var=  0.0000 fitness= 79.0000 age=0
-->8--
          2       1 
     23      12      20
     22       6      21 
  7      14      19       4
 10      15      17      13
     11       8       5 
     18      24       9
          3      16 
--8<--
found: sum= 76.0000 var=  0.0000 fitness= 76.0000 age=0
-->8--
         21       5 
      4      15      18
     22       2      23 
  9      12      13      19
 14       8      17       1
     11      24       3 
      7       6      10
         20      16 
--8<--
found: sum= 81.0000 var=  0.0000 fitness= 81.0000 age=0
-->8--
         14       1 
      9      18      19
     23      10      22 
  6       7      11      15
  8      16      24       5
     21      13       4 
      2      17      20
         12       3 
--8<--
found: sum= 84.0000 var=  0.0000 fitness= 84.0000 age=0
-->8--
          5       9 
     17      18       2
     24      13      22 
  8       7      20      16
 10      12      11       1
     23      21      14 
      3      19       4
          6      15 
--8<--
found: sum= 80.0000 var=  0.0000 fitness= 80.0000 age=0
-->8--
         22      13 
      8      23       3
      5       1      24 
 12      21      16      15
  4      18      10       6
     20      14       9 
      7      19      17
          2      11 
--8<--
found: sum= 79.0000 var=  0.0000 fitness= 79.0000 age=0
-->8--
          5      15 
      3      21       6
      8      19      14 
  2      23       4      18
  7      22      10       9
     17       1      24 
     12      11      13
         16      20 
--8<--
found: sum= 76.0000 var=  0.0000 fitness= 76.0000 age=0
-->8--
         23       1 
      7      16      22
     18       8      10 
 14       4      19      20
 13      24       6       9
      3      15      12 
      2      21      17
         11       5 
--8<--
found: sum= 76.0000 var=  0.0000 fitness= 76.0000 age=0
-->8--
          7       2 
     10      13       5
     16      24      14 
 15       6      18      22
 19       8      17       1
     12       3       4 
     23      21      11
          9      20 
--8<--
found: sum= 83.0000 var=  0.0000 fitness= 83.0000 age=0
-->8--
         14      13 
      3      22       5
     19       8      20 
  9      17      15       4
  2      12      10      11
     24      21      23 
     18       7      16
          1       6 
--8<--
found: sum= 75.0000 var=  0.0000 fitness= 75.0000 age=0
-->8--
          3       1 
     12      10      18
      9      24      15 
  6      17       7      19
 16       4      21       8
     23       2       5 
     11      13      14
         22      20 
--8<--
found: sum= 79.0000 var=  0.0000 fitness= 79.0000 age=0
-->8--
         21       3 
     17      20       4
      6      13      16 
 22       2      23       1
 11      14      12       8
     24      15      19 
      9      10      18
          7       5 
--8<--
found: sum= 77.0000 var=  0.0000 fitness= 77.0000 age=0
-->8--
         20      17 
     15      23      18
      2       4      12 
  8      13       3      22
  9      24      19       5
     21      14      16 
      1      11       7
          6      10 
--8<--
found: sum= 78.0000 var=  0.0000 fitness= 78.0000 age=0
-->8--
          8      16 
     14      24      10
     20       7       2 
 13       5      19       6
 15      22      21      12
      3       4      18 
      9      23       1
         17      11 
--8<--
found: sum= 73.0000 var=  0.0000 fitness= 73.0000 age=0
-->8--
         15       9 
     20       4      22
      1      19      12 
 16      14       7      24
 21      13       2       5
      8      18      23 
      6      17       3
         11      10 
--8<--
found: sum= 78.0000 var=  0.0000 fitness= 78.0000 age=0
-->8--
         10       7 
     12      23      17
     13       1      16 
  9      19      14       2
 24       8      15      20
      5      21      11 
     18      22       3
          4       6 
--8<--
found: sum= 78.0000 var=  0.0000 fitness= 78.0000 age=0
-->8--
         15      10 
      4      18       7
     16      19      23 
 13       6       1      14
  2      24      20       9
     17       8      11 
     21       5      22
          3      12 
--8<--
found: sum= 77.0000 var=  0.0000 fitness= 77.0000 age=0
-->8--
         12      17 
      6      16       8
     24       5      11 
 23      14      20       4
  2      13       3      21
      1      22      18 
      7      15       9
         19      10 
--8<--
found: sum= 73.0000 var=  0.0000 fitness= 73.0000 age=0
-->8--
         24       5 
      9      18      11
      8      13      14 
 21       1      12      15
  4      19      22       7
     20       6       3 
     10       2      23
         16      17 
--8<--
found: sum= 72.0000 var=  0.0000 fitness= 72.0000 age=0
-->8--
         18      11 
     12       1      22
      8      20       4 
 24      13      14      23
 15       5       3       9
      7      17      19 
      6      21      10
         16       2 
--8<--
execution time: real 0.286422s user 0.241963s sys 0.002999s
GA: P=1024 K=512 sp=2 xover=2D/1 aging
generation #2: pop m= 77.026 v=0.190 f= 75.032
best: found: sum= 84.0000 var=  0.0000 fitness= 84.0000 age=1
-->8--
          5       9 
     17      18       2
     24      13      22 
  8       7      20      16
 10      12      11       1
     23      21      14 
      3      19       4
          6      15 
--8<--
found: sum= 81.0000 var=  0.0000 fitness= 81.0000 age=2
-->8--
          5      18 
     17      24       7
     19       1       9 
 13      15      22      11
  3      21      14       2
     10       8      23 
      6      20      12
         16       4 
--8<--
found: sum= 79.0000 var=  0.0000 fitness= 79.0000 age=1
-->8--
          3      22 
     12      23       5
     21       2       7 
  9      18      20       1
  4      13      10      17
     14      16      24 
     19       6      15
         11       8 
--8<--
found: sum= 78.0000 var=  0.0000 fitness= 78.0000 age=2
-->8--
         24       4 
      1      23      15
     16       5      21 
  3       9      10       6
 12      18      22      17
     20      14       2 
      7       8      13
         11      19 
--8<--
found: sum= 76.0000 var=  0.0000 fitness= 76.0000 age=1
-->8--
         21       5 
      4      15      18
     22       2      23 
  9      12      13      19
 14       8      17       1
     11      24       3 
      7       6      10
         20      16 
--8<--
found: sum= 81.0000 var=  0.0000 fitness= 81.0000 age=1
-->8--
         16      14 
      3      12       8
     17      15       9 
 13      18      23       6
  7       4       2      20
     22      19      21 
     11      24       5
          1      10 
--8<--
found: sum= 75.0000 var=  0.0000 fitness= 75.0000 age=2
-->8--
         23       6 
     17      15       9
      5      14      20 
 19       1      11       2
 22      21      24       8
      7       4      10 
     12      18      16
         13       3 
--8<--
found: sum= 76.0000 var=  0.0000 fitness= 76.0000 age=2
-->8--
         15      22 
     24       4      18
     14      11      19 
  3       8       2      10
  7      23      20       9
     21      12      16 
      1       6       5
         13      17 
--8<--
found: sum= 75.0000 var=  0.0000 fitness= 75.0000 age=1
-->8--
          8       7 
      3      10      24
     15      19      13 
  6      20       2      23
 16       1      12      14
     17      21      11 
      5       9      18
         22       4 
--8<--
found: sum= 77.0000 var=  0.0000 fitness= 77.0000 age=2
-->8--
          4       1 
      3       9      21
     24      18      17 
 12      19      11      13
  5      15       6      20
      2       8      10 
     22      23      16
          7      14 
--8<--
found: sum= 76.0000 var=  0.0000 fitness= 76.0000 age=1
-->8--
          4      17 
      2      24      11
     21       6       5 
  8      19      13      10
 12       7      16      14
      9      15      18 
     22       3       1
         20      23 
--8<--
found: sum= 80.0000 var=  0.0000 fitness= 80.0000 age=1
-->8--
         10      14 
      4       6      18
     21      16      24 
  1      23       2      17
  9      19      12       3
      7       8      22 
     11      20      13
         15       5 
--8<--
found: sum= 78.0000 var=  0.0000 fitness= 78.0000 age=2
-->8--
          2       8 
     21      10      24
     18       7      23 
  9      20       6      12
  3      15      14       1
     13      16      22 
     19       4      17
         11       5 
--8<--
found: sum= 75.0000 var=  0.0000 fitness= 75.0000 age=2
-->8--
         23      21 
     20       1      19
      9       5      18 
  4      17      11       2
 13       8      22       6
     24      12      16 
     14       7      15
         10       3 
--8<--
found: sum= 76.0000 var=  0.0000 fitness= 76.0000 age=2
-->8--
         12       1 
     24      13       8
      2      14      18 
 21      11      22      10
 16       3       6       5
     23      20      15 
     17       9      19
          4       7 
--8<--
found: sum= 80.0000 var=  0.0000 fitness= 80.0000 age=1
-->8--
         12      13 
     17      14      10
     23       9      16 
 20       5      18       6
  2      11      15       1
     19      22      24 
      3       4       7
         21       8 
--8<--
found: sum= 78.0000 var=  0.0000 fitness= 78.0000 age=2
-->8--
          2       7 
     11      18      15
     13      12       5 
 14      22      21       1
  3       6       8      19
     20       9      24 
     17      10       4
         16      23 
--8<--
found: sum= 77.0000 var=  0.0000 fitness= 77.0000 age=2
-->8--
         23      12 
     19      11      10
      8      14      24 
 22       2       6       4
  9      21      18       5
     15      16      20 
      1       7       3
         17      13 
--8<--
found: sum= 77.0000 var=  0.0000 fitness= 77.0000 age=2
-->8--
          2       7 
      1       5      16
     23      24      19 
  3      22       6      10
  9       8      13      18
     12       4      11 
     21      15      14
         17      20 
--8<--
found: sum= 73.0000 var=  0.0000 fitness= 73.0000 age=2
-->8--
          2      24 
     17      12       9
      7      19       1 
 23      16       8      20
 11       3       5      21
     13      22      18 
     15      14       4
          6      10 
--8<--
found: sum= 75.0000 var=  0.0000 fitness= 75.0000 age=2
-->8--
         15      13 
     12      24       5
      4       6      11 
 10      14      16       2
 21       8      22       7
     18       9      17 
     20       1       3
         19      23 
--8<--
found: sum= 77.0000 var=  0.0000 fitness= 77.0000 age=1
-->8--
         20      17 
     15      23      18
      2       4      12 
  8      13       3      22
  9      24      19       5
     21      14      16 
      1      11       7
          6      10 
--8<--
found: sum= 75.0000 var=  0.0000 fitness= 75.0000 age=1
-->8--
          1      13 
     23      10      21
     18       8      12 
 14      15      11      22
  4       5      20       3
     19      16       7 
      2       9       6
         24      17 
--8<--
found: sum= 79.0000 var=  0.0000 fitness= 79.0000 age=2
-->8--
          3      24 
     18      16       4
     13      12      15 
 21      17       8      11
  1       5      23       2
     22      14      20 
     19       9       6
         10       7 
--8<--
found: sum= 71.0000 var=  0.0000 fitness= 71.0000 age=1
-->8--
          9      19 
     18       5      24
     15       1       6 
 12      23      16       2
  7      10      13      20
      4       8      14 
     21      11       3
         17      22 
--8<--
found: sum= 75.0000 var=  0.0000 fitness= 75.0000 age=2
-->8--
         19      18 
     24      23      10
      4       2       6 
 21       3      16       1
 11      22      20      17
     14      12      15 
      5      13       8
          9       7 
--8<--
found: sum= 79.0000 var=  0.0000 fitness= 79.0000 age=1
-->8--
         21       3 
     17      20       4
      6      13      16 
 22       2      23       1
 11      14      12       8
     24      15      19 
      9      10      18
          7       5 
--8<--
found: sum= 75.0000 var=  0.0000 fitness= 75.0000 age=1
-->8--
         11       5 
      1      22      18
     23      16       8 
 15       2       6      13
  9      14      20      21
     12      17       7 
     19       3      24
         10       4 
--8<--
found: sum= 75.0000 var=  0.0000 fitness= 75.0000 age=2
-->8--
         16      14 
     19      17      13
      1      18       2 
 15       4      11       5
 23      10      12      21
     22      20      24 
      8       9       3
          6       7 
--8<--
found: sum= 74.0000 var=  0.0000 fitness= 74.0000 age=2
-->8--
         15      19 
     20      10       6
      3       4      14 
 24      22      21      13
  1      16       9       5
      8       2      12 
      7      23      17
         18      11 
--8<--
found: sum= 69.0000 var=  0.0000 fitness= 69.0000 age=2
-->8--
         16      13 
     22       8      14
      2      20       5 
 17       1       9      15
 24      21       7      10
      4      11      23 
     12       3       6
         18      19 
--8<--
found: sum= 71.0000 var=  0.0000 fitness= 71.0000 age=2
-->8--
         21      24 
     22       6       9
      4       8       7 
 11      10      17      14
 23      20       1      13
      3      15      19 
     12      16       2
          5      18 
--8<--
found: sum= 75.0000 var=  0.0000 fitness= 75.0000 age=1
-->8--
          1       2 
     18      17      19
      4      21      13 
 22      14       3      16
 10      20       8      11
      5       9      24 
     23      12      15
          6       7 
--8<--
found: sum= 72.0000 var=  0.0000 fitness= 72.0000 age=2
-->8--
         21       6 
     10       3      24
      4      11      19 
 20      23       9      13
  2       1      16       8
     22      12       7 
     14       5      15
         18      17 
--8<--
found: sum= 76.0000 var=  0.0000 fitness= 76.0000 age=1
-->8--
          7       2 
     10      13       5
     16      24      14 
 15       6      18      22
 19       8      17       1
     12       3       4 
     23      21      11
          9      20 
--8<--
found: sum= 78.0000 var=  0.0000 fitness= 78.0000 age=1
-->8--
         13      17 
      6       7      10
     18      19      16 
  2      15       9      20
 14       8      24       4
     21       3       5 
     12      23       1
         11      22 
--8<--
found: sum= 78.0000 var=  0.0000 fitness= 78.0000 age=1
-->8--
         22       9 
     24      11      20
      6       5      21 
 18      10      12       3
  4      23      15       8
     17      13      19 
      2      16      14
          7       1 
--8<--
found: sum= 77.0000 var=  0.0000 fitness= 77.0000 age=2
-->8--
         15       3 
      7      11      19
     22      14      21 
 23       8       9      17
  1      10      16       2
     13      20      12 
      4       6       5
         24      18 
--8<--
found: sum= 80.0000 var=  0.0000 fitness= 80.0000 age=2
-->8--
          2      17 
      5      20       7
     24      13      14 
 11      16       9      23
  4      22       1      12
      3      19      21 
     10      18       6
          8      15 
--8<--
found: sum= 73.0000 var=  0.0000 fitness= 73.0000 age=2
-->8--
          1      20 
     15      16       3
     18      19       8 
 22       4       7      24
 21       6      14      11
      2      23       9 
     17      12       5
         13      10 
--8<--
found: sum= 77.0000 var=  0.0000 fitness= 77.0000 age=2
-->8--
          1      14 
     23       4      16
     24      15      19 
 12      10       9       7
  3      17       8      13
     11      18      21 
     20       6       2
          5      22 
--8<--
found: sum= 80.0000 var=  0.0000 fitness= 80.0000 age=2
-->8--
         10       5 
     17      24      11
      6       7      15 
 21      16      18      14
  3      22       4       9
     12      13      20 
      2      23      19
          8       1 
--8<--
found: sum= 79.0000 var=  0.0000 fitness= 79.0000 age=2
-->8--
         23       5 
      1      10      19
     17      12      24 
  6      16       9      22
  4      15      14       7
     21      13       3 
      2      20      18
          8      11 
--8<--
found: sum= 79.0000 var=  0.0000 fitness= 79.0000 age=1
-->8--
         15       4 
      3      14       9
      6      24      23 
 16      17       5      22
 10      18       7       1
     12       8      21 
     20      19      13
          2      11 
--8<--
found: sum= 72.0000 var=  0.0000 fitness= 72.0000 age=1
-->8--
         18      11 
     12       1      22
      8      20       4 
 24      13      14      23
 15       5       3       9
      7      17      19 
      6      21      10
         16       2 
--8<--
found: sum= 78.0000 var=  0.0000 fitness= 78.0000 age=1
-->8--
         10       7 
     12      23      17
     13       1      16 
  9      19      14       2
 24       8      15      20
      5      21      11 
     18      22       3
          4       6 
--8<--
found: sum= 73.0000 var=  0.0000 fitness= 73.0000 age=1
-->8--
         24       5 
      9      18      11
      8      13      14 
 21       1      12      15
  4      19      22       7
     20       6       3 
     10       2      23
         16      17 
--8<--
found: sum= 80.0000 var=  0.0000 fitness= 80.0000 age=2
-->8--
          4       1 
      7      19      13
     24      21      18 
 15       5       8      22
  2      23      17       3
     11       6      12 
     10      16       9
         14      20 
--8<--
found: sum= 77.0000 var=  0.0000 fitness= 77.0000 age=1
-->8--
         21       7 
      9      13      17
     22       4      24 
 15       8      12       3
  5      16      18       6
     11      19      14 
     20       1       2
         10      23 
--8<--
found: sum= 76.0000 var=  0.0000 fitness= 76.0000 age=1
-->8--
         23       1 
      7      16      22
     18       8      10 
 14       4      19      20
 13      24       6       9
      3      15      12 
      2      21      17
         11       5 
--8<--
found: sum= 75.0000 var=  0.0000 fitness= 75.0000 age=2
-->8--
          7      20 
     22      18       2
      6      17      15 
  8       5       3      19
 21      24      12      10
     11      14      16 
     13       9      23
          4       1 
--8<--
found: sum= 82.0000 var=  0.0000 fitness= 82.0000 age=1
-->8--
          3       2 
      6      22       7
     23      16      24 
  8      12      11       1
 15      20      14      13
      4       9      19 
     10      18       5
         21      17 
--8<--
found: sum= 75.0000 var=  0.0000 fitness= 75.0000 age=1
-->8--
         17       8 
     22       3       7
      4      16      18 
 11      13      23      19
 14      12       9       1
     21       2       5 
      6      24      15
         10      20 
--8<--
found: sum= 78.0000 var=  0.0000 fitness= 78.0000 age=2
-->8--
          4      23 
      8      24       1
      9      12      15 
 16      21       3      22
 13      14      10      11
      5      18      17 
     19      20       7
          2       6 
--8<--
found: sum= 74.0000 var=  0.0000 fitness= 74.0000 age=1
-->8--
          1      10 
      5      13      19
     20      14      16 
  4      21       2      17
 12       6      23       9
     11       8       7 
     24       3      15
         22      18 
--8<--
found: sum= 77.0000 var=  0.0000 fitness= 77.0000 age=2
-->8--
         22       4 
      1      20      15
      9      14       6 
 21      11      18       2
 17       3       8      19
     16      23      24 
     12      10       5
         13       7 
--8<--
found: sum= 77.0000 var=  0.0000 fitness= 77.0000 age=1
-->8--
          3       5 
     20      19      12
     11      15      24 
  7       9       2       8
 18      22      23      16
     10       6       4 
     21      17      13
          1      14 
--8<--
found: sum= 81.0000 var=  0.0000 fitness= 81.0000 age=2
-->8--
          1      12 
     16      18       5
     20       2      23 
  4      24      21      14
  8       6      13       7
     19      15       3 
      9      22      11
         10      17 
--8<--
found: sum= 79.0000 var=  0.0000 fitness= 79.0000 age=1
-->8--
          7      10 
      4      16      11
     22      13       9 
  1      17      20       2
 12       3       8      21
     24      18      19 
      6       5      15
         23      14 
--8<--
found: sum= 80.0000 var=  0.0000 fitness= 80.0000 age=1
-->8--
         22      13 
      8      23       3
      5       1      24 
 12      21      16      15
  4      18      10       6
     20      14       9 
      7      19      17
          2      11 
--8<--
found: sum= 77.0000 var=  0.0000 fitness= 77.0000 age=2
-->8--
         13       5 
     11       7      19
     22      23       8 
  6       1      15       3
 10      24      12      21
     14       2      18 
     17      16       9
          4      20 
--8<--
found: sum= 76.0000 var=  0.0000 fitness= 76.0000 age=2
-->8--
          2       4 
     18       9      16
     10      20      24 
  5      17       3      22
 19      13      15       1
     12       8      11 
      6      14       7
         23      21 
--8<--
found: sum= 75.0000 var=  0.0000 fitness= 75.0000 age=1
-->8--
          3       1 
     12      10      18
      9      24      15 
  6      17       7      19
 16       4      21       8
     23       2       5 
     11      13      14
         22      20 
--8<--
found: sum= 74.0000 var=  0.0000 fitness= 74.0000 age=2
-->8--
         14       3 
     22       7       8
      5      15      24 
 19      11      17      21
 12       9       2       4
     18      20       6 
     16      10      23
          1      13 
--8<--
found: sum= 82.0000 var=  0.0000 fitness= 82.0000 age=2
-->8--
          8      19 
      1      22      11
     23       7      18 
  2      21       5      17
  6      20      15       3
     10      14      24 
      9      13      12
         16       4 
--8<--
found: sum= 79.0000 var=  0.0000 fitness= 79.0000 age=1
-->8--
          5      15 
      3      21       6
      8      19      14 
  2      23       4      18
  7      22      10       9
     17       1      24 
     12      11      13
         16      20 
--8<--
found: sum= 76.0000 var=  0.0000 fitness= 76.0000 age=2
-->8--
          6      14 
     23       1      17
     24      19      21 
 13       3       4      22
  7      18      12       9
     11      20       8 
     10      15      16
          2       5 
--8<--
found: sum= 73.0000 var=  0.0000 fitness= 73.0000 age=1
-->8--
         15       9 
     20       4      22
      1      19      12 
 16      14       7      24
 21      13       2       5
      8      18      23 
      6      17       3
         11      10 
--8<--
found: sum= 83.0000 var=  0.0000 fitness= 83.0000 age=1
-->8--
         14      13 
      3      22       5
     19       8      20 
  9      17      15       4
  2      12      10      11
     24      21      23 
     18       7      16
          1       6 
--8<--
found: sum= 77.0000 var=  0.0000 fitness= 77.0000 age=1
-->8--
         12      17 
      6      16       8
     24       5      11 
 23      14      20       4
  2      13       3      21
      1      22      18 
      7      15       9
         19      10 
--8<--
found: sum= 79.0000 var=  0.0000 fitness= 79.0000 age=1
-->8--
         12       5 
     10      24      13
     19       6      11 
 16       8      20       2
  7      14      22       1
     15       9      23 
     17       3       4
         21      18 
--8<--
found: sum= 80.0000 var=  0.0000 fitness= 80.0000 age=1
-->8--
          2       3 
     12      17      23
     22      13       6 
  8      14      18       5
  1      15      11      24
     20       9      16 
      7      19      21
         10       4 
--8<--
found: sum= 75.0000 var=  0.0000 fitness= 75.0000 age=1
-->8--
          8       4 
     11       7      19
     17       9      16 
 14      23      20      18
  3      12       1      15
      6      10       5 
      2      24      13
         21      22 
--8<--
found: sum= 76.0000 var=  0.0000 fitness= 76.0000 age=2
-->8--
         14       6 
     13       2       3
     17      23      20 
 16       7      22      12
 24       1       8       5
     11      15       9 
     18      21       4
         10      19 
--8<--
found: sum= 81.0000 var=  0.0000 fitness= 81.0000 age=2
-->8--
         13      10 
     14      12      24
     17       4      23 
  3      21       8      20
  9      15      11       1
     16      22      18 
      7      19       5
          2       6 
--8<--
found: sum= 81.0000 var=  0.0000 fitness= 81.0000 age=2
-->8--
          2      13 
      9      12      10
     21      17      23 
  1      20       6      19
 16       5      22       4
     18      11       7 
     15      24      14
          8       3 
--8<--
found: sum= 81.0000 var=  0.0000 fitness= 81.0000 age=2
-->8--
         10      20 
      2      22       6
     19      21       4 
  3       7       8      17
 16      12      15      14
     24      18      23 
      9      13       1
          5      11 
--8<--
found: sum= 79.0000 var=  0.0000 fitness= 79.0000 age=1
-->8--
          2       1 
     23      12      20
     22       6      21 
  7      14      19       4
 10      15      17      13
     11       8       5 
     18      24       9
          3      16 
--8<--
found: sum= 77.0000 var=  0.0000 fitness= 77.0000 age=2
-->8--
         19      21 
     12       4      20
     23       3      24 
 14      16       5       8
  2      13      18       7
      9      22      15 
      6      10      11
         17       1 
--8<--
found: sum= 72.0000 var=  0.0000 fitness= 72.0000 age=2
-->8--
         13       6 
     23       5      12
     18      10      24 
 19       3      15      16
 11      17       7       9
      4      20       1 
      2       8      14
         21      22 
--8<--
found: sum= 77.0000 var=  0.0000 fitness= 77.0000 age=1
-->8--
         14       5 
      2      17      10
     22      13      24 
  1       9       8      23
 15      19      12       6
     11      16       4 
     21       7      20
          3      18 
--8<--
found: sum= 82.0000 var=  0.0000 fitness= 82.0000 age=2
-->8--
         16       4 
      6      18      15
     21      10      23 
 20      11      12       2
  1      22       8      13
      7      19      24 
      3      17       9
         14       5 
--8<--
found: sum= 78.0000 var=  0.0000 fitness= 78.0000 age=2
-->8--
         18      14 
      2      23      22
     20       3       9 
 15      12       7      17
  1      11      24       8
     19      21      13 
     16       6       4
          5      10 
--8<--
found: sum= 73.0000 var=  0.0000 fitness= 73.0000 age=2
-->8--
          1       2 
     24      10      19
      4      21      12 
 20      13       9      14
  6      22       5      18
      8       3      15 
     17      16      11
          7      23 
--8<--
found: sum= 77.0000 var=  0.0000 fitness= 77.0000 age=2
-->8--
         23       2 
     10      17      13
      3       4      22 
 18      20      19       5
  1      11      15       9
     24       8       7 
      6      12      14
         16      21 
--8<--
found: sum= 81.0000 var=  0.0000 fitness= 81.0000 age=1
-->8--
         14       1 
      9      18      19
     23      10      22 
  6       7      11      15
  8      16      24       5
     21      13       4 
      2      17      20
         12       3 
--8<--
found: sum= 78.0000 var=  0.0000 fitness= 78.0000 age=1
-->8--
         15      10 
      4      18       7
     16      19      23 
 13       6       1      14
  2      24      20       9
     17       8      11 
     21       5      22
          3      12 
--8<--
found: sum= 78.0000 var=  0.0000 fitness= 78.0000 age=2
-->8--
          1      24 
     16       9      13
     23       8      14 
  2      21      10       7
 12      15       6      22
      5      18      19 
     17      20       4
          3      11 
--8<--
found: sum= 78.0000 var=  0.0000 fitness= 78.0000 age=1
-->8--
          8      16 
     14      24      10
     20       7       2 
 13       5      19       6
 15      22      21      12
      3       4      18 
      9      23       1
         17      11 
--8<--
found: sum= 80.0000 var=  0.0000 fitness= 80.0000 age=2
-->8--
          9       3 
     19      20      14
     22       6      21 
 11       4      16       5
  8      17      24       2
     18      13      12 
     15       7      23
         10       1 
--8<--
