found: sum= 51.0000 var=  0.0000 fitness= 51.0000 age=0
-->8--
         17      10 
     21      -3       4
      6       8      14 
 19       2      18       9
  1      12      -2      15
     11      13      -3 
      5       7      16
          3      20 
--8<--
found: sum= 78.0000 var=  0.0000 fitness= 78.0000 age=0
-->8--
         12      16 
     18      24       1
     11       4      23 
  8       9      10       3
  7      22      20      17
     21      13       5 
     14       6      15
          2      19 
--8<--
found: sum= 77.0000 var=  0.0000 fitness= 77.0000 age=0
-->8--
         12       1 
     19      22       2
     10       9      20 
 18       5      23      14
  7      16      13       3
     21      11       4 
     15       8      17
          6      24 
--8<--
found: sum= 78.0000 var=  0.0000 fitness= 78.0000 age=0
-->8--
          5       2 
     20      18      22
     12      19       7 
 17       4      10      16
  8      23       9      21
     14      13      15 
      3      24      11
          1       6 
--8<--
found: sum= 78.0000 var=  0.0000 fitness= 78.0000 age=0
-->8--
         24       5 
      2      23       9
     16       1      22 
 13      12      18      10
  3      20       6      15
     14      21       7 
      4       8      17
         11      19 
--8<--
found: sum= 76.0000 var=  0.0000 fitness= 76.0000 age=0
-->8--
          8      15 
     19      21      18
     17       1      14 
  3      10       7      16
  4      22      24      13
     20      12       2 
     11       6       9
          5      23 
--8<--
found: sum= 64.0000 var=  0.0000 fitness= 64.0000 age=0
-->8--
          2      17 
     18      20       7
     15       6       5 
  4       3       9      11
  1      22      10      16
     19      14      13 
     12      -2      21
         -1       8 
--8<--
found: sum= 78.0000 var=  0.0000 fitness= 78.0000 age=0
-->8--
          5      -2 
     17      22      15
     18       6      23 
  9      10      14       1
  7      13      16       4
     21      19      20 
     11      12       8
          2       3 
--8<--
found: sum= 76.0000 var=  0.0000 fitness= 76.0000 age=0
-->8--
         13       4 
     16      17      20
      8       3      21 
  9      19      11       2
  7      10      15       5
     23      18      22 
     12      14       6
         -1       1 
--8<--
found: sum= 77.0000 var=  0.0000 fitness= 77.0000 age=0
-->8--
          9      18 
     19      20       4
     13      14      15 
 16       2       6       1
  7      22      23      24
     17      10       8 
      5      12      21
         11       3 
--8<--
found: sum= 66.0000 var=  0.0000 fitness= 66.0000 age=0
-->8--
         17      20 
      3       6       5
     21      18      13 
 16       1       4       9
  2      11      10      23
     15      22       7 
     14      -4      19
          8      12 
--8<--
found: sum= 79.0000 var=  0.0000 fitness= 79.0000 age=0
-->8--
          8       5 
     21      16      11
     14      17      10 
 22       3      20       6
  4      23       7      12
     13       9      24 
     15      18       2
          1      19 
--8<--
found: sum= 71.0000 var=  0.0000 fitness= 71.0000 age=0
-->8--
         14      22 
     19      16      17
      7       5       2 
 13      10       9       1
  3      15      20      18
     23      12      21 
      4      11      -1
          6       8 
--8<--
found: sum= 75.0000 var=  0.0000 fitness= 75.0000 age=0
-->8--
         12      24 
     21      16      18
     14       5       3 
 20       7       9       6
  1      22      15      19
     11      17      23 
     13       8      10
          4       2 
--8<--
found: sum= 75.0000 var=  0.0000 fitness= 75.0000 age=0
-->8--
          1      23 
     20      15       7
     21       8      13 
  4      10       9      16
 -1      19      18       2
     22      11      17 
      5      12       3
          6      14 
--8<--
found: sum= 80.0000 var=  0.0000 fitness= 80.0000 age=0
-->8--
         13      11 
     19      14       2
     20      10      21 
  9       4      22       7
  5      18       3      12
     24      23      15 
      8       6      16
          1      17 
--8<--
found: sum= 76.0000 var=  0.0000 fitness= 76.0000 age=0
-->8--
         13       2 
      7      23      19
     17      11      15 
  8       5       6      22
 10      16      14      18
     20      24       1 
      3       4      21
          9      12 
--8<--
found: sum= 71.0000 var=  0.0000 fitness= 71.0000 age=0
-->8--
          9      16 
     13      19       7
     23       2      17 
  6       5      10      18
  1      22      12      15
     14      20      -1 
      3       8      11
          4      21 
--8<--
found: sum= 84.0000 var=  0.0000 fitness= 84.0000 age=0
-->8--
          5       8 
     13      19       9
     24       7      23 
  6      16      18       4
  1      17      15       2
     20      11      22 
      3      12      10
         21      14 
--8<--
found: sum= 74.0000 var=  0.0000 fitness= 74.0000 age=0
-->8--
         22      17 
     15       8       7
     14       9      20 
 21       6      13       3
  2      19      16      -1
     12      11      23 
      4      18       5
         10       1 
--8<--
execution time: real 1.883140s user 0.023996s sys 0.000999s
GA: P=512 K=256 sp=3 xover=2D/1 aging
generation #11: pop m= 78.485 v=1.033 f= 74.634
best: found: sum= 84.0000 var=  0.0000 fitness= 84.0000 age=1
-->8--
          5       8 
     13      19       9
     24       7      23 
  6      16      18       4
  1      17      15       2
     20      11      22 
      3      12      10
         21      14 
--8<--
found: sum= 77.0000 var=  0.0000 fitness= 77.0000 age=4
-->8--
          9      18 
     19      20       4
     13      14      15 
 16       2       6       1
  7      22      23      24
     17      10       8 
      5      12      21
         11       3 
--8<--
found: sum= 78.0000 var=  0.0000 fitness= 78.0000 age=6
-->8--
         12      16 
     18      24       1
     11       4      23 
  8       9      10       3
  7      22      20      17
     21      13       5 
     14       6      15
          2      19 
--8<--
found: sum= 77.0000 var=  0.0000 fitness= 77.0000 age=6
-->8--
         12       1 
     19      22       2
     10       9      20 
 18       5      23      14
  7      16      13       3
     21      11       4 
     15       8      17
          6      24 
--8<--
found: sum= 79.0000 var=  0.0000 fitness= 79.0000 age=3
-->8--
          8       5 
     21      16      11
     14      17      10 
 22       3      20       6
  4      23       7      12
     13       9      24 
     15      18       2
          1      19 
--8<--
found: sum= 80.0000 var=  0.0000 fitness= 80.0000 age=2
-->8--
         13      11 
     19      14       2
     20      10      21 
  9       4      22       7
  5      18       3      12
     24      23      15 
      8       6      16
          1      17 
--8<--
found: sum= 78.0000 var=  0.0000 fitness= 78.0000 age=5
-->8--
          5       2 
     20      18      22
     12      19       7 
 17       4      10      16
  8      23       9      21
     14      13      15 
      3      24      11
          1       6 
--8<--
found: sum= 71.0000 var=  0.0000 fitness= 71.0000 age=1
-->8--
          9      16 
     13      19       7
     23       2      17 
  6       5      10      18
  1      22      12      15
     14      20      -1 
      3       8      11
          4      21 
--8<--
found: sum= 78.0000 var=  0.0000 fitness= 78.0000 age=5
-->8--
          5      -2 
     17      22      15
     18       6      23 
  9      10      14       1
  7      13      16       4
     21      19      20 
     11      12       8
          2       3 
--8<--
found: sum= 78.0000 var=  0.0000 fitness= 78.0000 age=5
-->8--
         24       5 
      2      23       9
     16       1      22 
 13      12      18      10
  3      20       6      15
     14      21       7 
      4       8      17
         11      19 
--8<--
found: sum= 74.0000 var=  0.0000 fitness= 74.0000 age=1
-->8--
         22      17 
     15       8       7
     14       9      20 
 21       6      13       3
  2      19      16      -1
     12      11      23 
      4      18       5
         10       1 
--8<--
