found: sum= 78.0000 var=  0.0000 fitness= 78.0000
-->8--
         15      12 
     16       9      13
     23       5      21 
  1      10      18       4
 17      19       2      11
      8      24      22 
      6       7      20
         14       3 
--8<--
found: sum= 76.0000 var=  0.0000 fitness= 76.0000
-->8--
         19      12 
     21      10      15
     16       2      24 
 11       8      13       1
  6      17      22       7
     18      14       9 
      4       3      23
         20       5 
--8<--
found: sum= 74.0000 var=  0.0000 fitness= 74.0000
-->8--
         10      11 
     21      18      23
      6      16       2 
 15       3       4      22
  9      24      14      12
     17      13      20 
      8       7      19
          5       1 
--8<--
found: sum= 78.0000 var=  0.0000 fitness= 78.0000
-->8--
         16       9 
      5      20       8
     12      15       4 
  1      10      22      13
 21      11      18       7
     23       2      14 
     19      17       3
          6      24 
--8<--
found: sum= 76.0000 var=  0.0000 fitness= 76.0000
-->8--
         14       2 
      7      24      16
     18      10      13 
 21       3      11      22
  8      17      23       6
      9      12       1 
      4      15      20
         19       5 
--8<--
found: sum= 75.0000 var=  0.0000 fitness= 75.0000
-->8--
          2       8 
     19       1      20
     18      14      17 
  5      21      15      10
  7      13       3       6
     11       9      24 
     16       4      23
         22      12 
--8<--
found: sum= 77.0000 var=  0.0000 fitness= 77.0000
-->8--
          6       7 
     24      12      23
      2      13      17 
 22      20       5       9
  4       8      16      11
     21      15      19 
      1      14      10
         18       3 
--8<--
found: sum= 75.0000 var=  0.0000 fitness= 75.0000
-->8--
         16      10 
      2      23      21
     18      11       6 
 15       5       4      14
  9      20      22      12
      8      13      17 
     24       3      19
          7       1 
--8<--
found: sum= 78.0000 var=  0.0000 fitness= 78.0000
-->8--
          2      14 
     11      13       8
     24       9      16 
 12      19      18      20
  6       7       4      15
     10      21       5 
      1      22      23
         17       3 
--8<--
found: sum= 77.0000 var=  0.0000 fitness= 77.0000
-->8--
          4      12 
      2      23       9
     20      11       3 
 15      17      19      16
 14       1       8       7
     10      21      24 
     22       5      13
         18       6 
--8<--
found: sum= 72.0000 var=  0.0000 fitness= 72.0000
-->8--
         20      15 
      5       8      22
     16       2      13 
 10      21      12       4
 17       7       6      18
      1      24      19 
     23       3       9
         14      11 
--8<--
found: sum= 81.0000 var=  0.0000 fitness= 81.0000
-->8--
         17       5 
      9      22      19
     20       2      15 
 16      11      18       4
  3      21      23       7
     10       6      14 
      8      24      13
         12       1 
--8<--
found: sum= 77.0000 var=  0.0000 fitness= 77.0000
-->8--
         21      10 
     22      19      17
      8       1      14 
 18       6      16      15
 12      20      23       2
     13      11       7 
      4      24       3
          5       9 
--8<--
found: sum= 76.0000 var=  0.0000 fitness= 76.0000
-->8--
         22       9 
     20      15      11
     13       1      24 
  7       5      16       8
 18      12      23       2
     21      19       3 
     14       4      17
          6      10 
--8<--
found: sum= 77.0000 var=  0.0000 fitness= 77.0000
-->8--
         24      15 
     20      17      14
      4       3      16 
  2       9      12       1
 23      18      22       7
     21      13      19 
     11       8       5
          6      10 
--8<--
found: sum= 81.0000 var=  0.0000 fitness= 81.0000
-->8--
         15      11 
      2      24      12
     18      21       3 
 14       1      10      13
  9      22      19      16
     17       8      20 
      5      23       4
          6       7 
--8<--
found: sum= 75.0000 var=  0.0000 fitness= 75.0000
-->8--
         19       2 
     22      24      23
      1       3       5 
 14       6      18      10
 13      20      16       9
     21      12      17 
      4       7       8
         11      15 
--8<--
found: sum= 80.0000 var=  0.0000 fitness= 80.0000
-->8--
          4      11 
      3      16       5
     12      24      15 
  8      21       9      22
 17       2      14       1
     20      10      19 
      7      18       6
         23      13 
--8<--
found: sum= 75.0000 var=  0.0000 fitness= 75.0000
-->8--
          3      17 
      1      14       7
     20      24       2 
  5      13      11      22
 21       4      15      16
     12       8       9 
     23      18       6
         10      19 
--8<--
found: sum= 82.0000 var=  0.0000 fitness= 82.0000
-->8--
         10       6 
      1      24       4
     16      18      22 
  3      13       8      17
 20       7      15       9
     23      21      11 
      5      14      19
         12       2 
--8<--
found: sum= 81.0000 var=  0.0000 fitness= 81.0000
-->8--
          3      12 
      5      24       2
     18      17      16 
  1      14      10      11
 13      15      19      21
     20       6       4 
      9      23      22
          8       7 
--8<--
found: sum= 80.0000 var=  0.0000 fitness= 80.0000
-->8--
          4      11 
      8      18       1
     19      14      23 
 16      17      13       9
  3      10      24       6
     15       2       5 
     21      20      22
         12       7 
--8<--
found: sum= 78.0000 var=  0.0000 fitness= 78.0000
-->8--
         16      18 
      1      12       8
     10      20       9 
  7      19      11      17
 15       4       3      24
     23      21      14 
      6      22       5
          2      13 
--8<--
found: sum= 76.0000 var=  0.0000 fitness= 76.0000
-->8--
         23      15 
      8       1      17
     24       4      19 
 14      16      20       9
 13       2      12       5
      7      22      11 
     21      18      10
          6       3 
--8<--
found: sum= 76.0000 var=  0.0000 fitness= 76.0000
-->8--
          4      18 
      2      24      14
     23       6       1 
 10      17      13      21
 12       5      16      22
      9      19       3 
     15      20      11
          8       7 
--8<--
found: sum= 75.0000 var=  0.0000 fitness= 75.0000
-->8--
         23      11 
     22       2      16
     18       1      21 
  6       9      24       5
 10      17       4      14
     15      20       7 
      3      12      13
          8      19 
--8<--
found: sum= 75.0000 var=  0.0000 fitness= 75.0000
-->8--
          3       2 
      7      19      15
     16       8      14 
 13      22      17      18
 11       4       1      20
      9      23       5 
     21      12      24
          6      10 
--8<--
found: sum= 75.0000 var=  0.0000 fitness= 75.0000
-->8--
          4       3 
     20      16       6
      5      19       9 
 12      11      22       1
 15       8      13      23
     24       2       7 
     10      14      21
         17      18 
--8<--
found: sum= 75.0000 var=  0.0000 fitness= 75.0000
-->8--
          5       7 
     22      23      13
      4      19       1 
 20       2      12      11
 18      15      24       6
     16       3      21 
     17      10       9
         14       8 
--8<--
found: sum= 78.0000 var=  0.0000 fitness= 78.0000
-->8--
          1      15 
     11      23       4
     17      20      14 
 10       6       2      12
 16       7      24      21
     22      19       5 
     13       9      18
          8       3 
--8<--
found: sum= 77.0000 var=  0.0000 fitness= 77.0000
-->8--
          6      11 
      2      21       9
     24       5      23 
 10      19       8      12
  4       7      16      15
     13      22       3 
     20       1      17
         14      18 
--8<--
found: sum= 80.0000 var=  0.0000 fitness= 80.0000
-->8--
         15       2 
      8      11      12
     17      13      22 
 14      16      20       7
  9       3      24       1
     21       4       6 
     10      23       5
         19      18 
--8<--
found: sum= 75.0000 var=  0.0000 fitness= 75.0000
-->8--
         20      10 
     21       5      16
     14       7      19 
 13       8      18       6
 11      17      22       9
     12       3       1 
      4      24       2
         15      23 
--8<--
found: sum= 81.0000 var=  0.0000 fitness= 81.0000
-->8--
          2      11 
      1      19       3
     22      16      24 
  6      21       8      13
  5      20       4      14
      7      12      18 
     10      15      23
         17       9 
--8<--
found: sum= 75.0000 var=  0.0000 fitness= 75.0000
-->8--
         22       7 
      4      18      15
     16      14      13 
  3       1       8       9
 12      23      24      19
     20       5       2 
     10       6      17
         11      21 
--8<--
found: sum= 78.0000 var=  0.0000 fitness= 78.0000
-->8--
          2      20 
     10      22      12
     24      16       5 
  7       4       3      14
  9      21      15      23
     13      19      18 
     11       8       1
          6      17 
--8<--
found: sum= 75.0000 var=  0.0000 fitness= 75.0000
-->8--
         22       8 
     14      21      12
      9       4      19 
 10       5      11       1
 15      20      18      23
     16      17       3 
      2       7       6
         13      24 
--8<--
found: sum= 74.0000 var=  0.0000 fitness= 74.0000
-->8--
         20      10 
      2       3      24
      9      17      13 
 16      23       7      11
 19       1      14       8
      6      12      21 
     22      18       5
         15       4 
--8<--
found: sum= 77.0000 var=  0.0000 fitness= 77.0000
-->8--
          9      16 
     12      24      17
     19       5      14 
 13       8       1      15
 10      20      21      23
      7      22       3 
      4      18       2
          6      11 
--8<--
found: sum= 80.0000 var=  0.0000 fitness= 80.0000
-->8--
          2       4 
     14      22      21
     13      17       7 
  5      12       9       3
 10      16      20      18
     24       6      23 
      8      11       1
         15      19 
--8<--
found: sum= 76.0000 var=  0.0000 fitness= 76.0000
-->8--
          9       4 
     13      11       6
     18      22      19 
 17       3      14       8
 23       5      12      16
     10      20       7 
      2      15       1
         24      21 
--8<--
found: sum= 77.0000 var=  0.0000 fitness= 77.0000
-->8--
         21       2 
     22       6      11
      9      15      19 
 12       4      24       1
 20      14       3       7
     18      17      23 
     13      10      16
          5       8 
--8<--
found: sum= 72.0000 var=  0.0000 fitness= 72.0000
-->8--
          1      23 
     18       4      21
     19       6       7 
  2      24      11      13
  9       8      20      16
     10       3       5 
     22      15      17
         14      12 
--8<--
found: sum= 78.0000 var=  0.0000 fitness= 78.0000
-->8--
          5       2 
     10      19      11
      4      24       7 
  1      16      15      14
 23      12       3      18
     22       8      21 
      6      17      20
         13       9 
--8<--
found: sum= 75.0000 var=  0.0000 fitness= 75.0000
-->8--
          3      11 
      4      13      16
     14      24       1 
 12      17      10      19
  5       7       2      22
     20      15      21 
      9       6       8
         18      23 
--8<--
found: sum= 82.0000 var=  0.0000 fitness= 82.0000
-->8--
          2      12 
      5      21       6
     22       8      20 
  4      24      15       3
 13       9      19      11
     10       7      14 
     16      23      18
         17       1 
--8<--
found: sum= 75.0000 var=  0.0000 fitness= 75.0000
-->8--
         21       7 
     22      19       8
      1      10      11 
 12       2      20       5
 13      23      14       9
     24       6      16 
      3       4      17
         15      18 
--8<--
found: sum= 78.0000 var=  0.0000 fitness= 78.0000
-->8--
          2       1 
      4      22      16
     14      13      11 
  8      23      15      21
 10       3       5       9
     20      19      17 
     18       6      24
         12       7 
--8<--
found: sum= 78.0000 var=  0.0000 fitness= 78.0000
-->8--
          2       1 
     13       6      23
     19      17      22 
  4      21       9      12
 11      18       3       8
      5      10      24 
     15      14      20
         16       7 
--8<--
found: sum= 78.0000 var=  0.0000 fitness= 78.0000
-->8--
         19      17 
      7       1       9
     23       8      21 
  4      20      22       2
 12       3      10      18
     16      15       5 
     14      24      11
          6      13 
--8<--
found: sum= 72.0000 var=  0.0000 fitness= 72.0000
-->8--
         20       1 
     19       3      18
     13      12      14 
 11       5      24      15
 10      16       8       2
     17       7       9 
     22       4      21
          6      23 
--8<--
found: sum= 76.0000 var=  0.0000 fitness= 76.0000
-->8--
          6       1 
      3      20      21
      5      18       9 
  4      24       7      10
 15      11      14      23
     17       2      13 
      8      16      19
         22      12 
--8<--
found: sum= 80.0000 var=  0.0000 fitness= 80.0000
-->8--
         20       6 
     12      22      11
      8      14      10 
 18       4      17       5
 15      19      24       3
     16       2      21 
      7      23       1
         13       9 
--8<--
found: sum= 76.0000 var=  0.0000 fitness= 76.0000
-->8--
          6      14 
     18      24       2
      1      22       4 
 19       5      10      11
 21       7      15      20
     23      17      16 
      8      12      13
          9       3 
--8<--
found: sum= 76.0000 var=  0.0000 fitness= 76.0000
-->8--
         13      24 
      4       7       1
     23       9      21 
  3      20      14       5
  8      16      15      10
      6       2      11 
     18      12      17
         22      19 
--8<--
found: sum= 75.0000 var=  0.0000 fitness= 75.0000
-->8--
          5      12 
     20      24      16
     13       7       1 
 21       6      15      11
 14       2      23      17
     19      22       8 
     18      10       3
          4       9 
--8<--
found: sum= 78.0000 var=  0.0000 fitness= 78.0000
-->8--
         21       7 
     20      15      13
      4      10      17 
 18       8      16       6
  2      24      19      11
     22       1       9 
      3      23      12
          5      14 
--8<--
found: sum= 74.0000 var=  0.0000 fitness= 74.0000
-->8--
         10      12 
      4       5       8
     15      16      20 
 14      24      13       3
 18       1      11      21
      2       9       6 
     17      22       7
         23      19 
--8<--
found: sum= 80.0000 var=  0.0000 fitness= 80.0000
-->8--
          1       4 
      8      23      21
     22       2      17 
  7      24      13       5
 10       6      16      20
     11      19       9 
     14      18      15
         12       3 
--8<--
found: sum= 77.0000 var=  0.0000 fitness= 77.0000
-->8--
         19      14 
      7      24       5
      3      20       6 
 15       4       8       1
 16      22      21      18
     17       2      23 
     13      12      10
         11       9 
--8<--
found: sum= 77.0000 var=  0.0000 fitness= 77.0000
-->8--
         14      13 
      3      15      10
     23       5      12 
 18      17      22       1
  8       2      11      24
      9      20       7 
      6      19       4
         21      16 
--8<--
found: sum= 80.0000 var=  0.0000 fitness= 80.0000
-->8--
          1      14 
      3      19      12
     22      11       9 
 13      24      15      17
  7       8       2      16
      6      20      21 
      5      23      10
         18       4 
--8<--
found: sum= 74.0000 var=  0.0000 fitness= 74.0000
-->8--
         19      12 
     18      24      20
      7       4       1 
 14       2      13      23
  8      22      16      10
     21      17      11 
      5       6      15
          3       9 
--8<--
found: sum= 78.0000 var=  0.0000 fitness= 78.0000
-->8--
          3       9 
      7      22      17
     15       8      18 
 12      23       4       1
  5      13      16      20
     10      14      19 
     24       6      21
         11       2 
--8<--
found: sum= 76.0000 var=  0.0000 fitness= 76.0000
-->8--
         24      18 
      9       1       3
      7      19      20 
 21      16      15       5
  6      14       8      11
     12       4      17 
     10      23      22
         13       2 
--8<--
found: sum= 80.0000 var=  0.0000 fitness= 80.0000
-->8--
         16       1 
      2      24      23
     19       7      14 
 18      12      11      13
  6       8      22      15
     17      20       5 
      4      21       9
         10       3 
--8<--
found: sum= 78.0000 var=  0.0000 fitness= 78.0000
-->8--
         10      12 
     21      20       1
      6      18      13 
  5       3      14      22
 17      24       8       2
     23      11      19 
      4       9      15
          7      16 
--8<--
found: sum= 74.0000 var=  0.0000 fitness= 74.0000
-->8--
         24      13 
     11      19      20
      1       5       7 
  9      14      10       4
 12      21       8      22
     17      16      23 
      2       3       6
         15      18 
--8<--
found: sum= 75.0000 var=  0.0000 fitness= 75.0000
-->8--
         17       1 
     18       3      21
     16       9      22 
  2      12      19      11
 13       8       7      10
     24      20       6 
     14       4      15
          5      23 
--8<--
found: sum= 77.0000 var=  0.0000 fitness= 77.0000
-->8--
         11      10 
      4      19       3
      2      24      14 
 23      17       7      13
  6       8      16      18
     21       5       9 
     22      20      12
          1      15 
--8<--
found: sum= 78.0000 var=  0.0000 fitness= 78.0000
-->8--
         10       9 
      7       6       1
     14      24      22 
  3      17      16      12
 13      11       8      15
     20       2       5 
     18      23      19
          4      21 
--8<--
found: sum= 83.0000 var=  0.0000 fitness= 83.0000
-->8--
          1      10 
      8      18       4
     17      19      21 
  3      20      11      12
  5      24       2      15
     14       7      22 
      6      23      13
          9      16 
--8<--
execution time: real 0.253857s user 0.010998s sys 0.005999s
GA: P=50 K=10 sp=2 xover=2D/1 optrpl=2 optskip=10 optmax=1.142857
generation #303: pop m= 78.566 v= 48.988 f= 54.653 best_age=1
best: found: sum= 83.0000 var=  0.0000 fitness= 83.0000
-->8--
          1      10 
      8      18       4
     17      19      21 
  3      20      11      12
  5      24       2      15
     14       7      22 
      6      23      13
          9      16 
--8<--
found: sum= 78.0000 var=  0.0000 fitness= 78.0000
-->8--
         10       9 
      7       6       1
     14      24      22 
  3      17      16      12
 13      11       8      15
     20       2       5 
     18      23      19
          4      21 
--8<--
