found: sum=  0.0000 var=  0.0000 fitness=  0.0000
-->8--
         18      21 
     10       2      23
     24       1      22 
  3      20       6       9
  4      19      17      14
      5      12       7 
     11      15      16
         13       8 
--8<--
found: sum=  0.0000 var=  0.0000 fitness=  0.0000
-->8--
          8      18 
      2      21      14
     24      16       1 
 15       4       5      23
  7      19      11      22
      6      20      13 
      3      10      12
         17       9 
--8<--
found: sum=  0.0000 var=  0.0000 fitness=  0.0000
-->8--
         14       1 
      6      19      11
     12      13      18 
 24      15      17       5
  2      23       7      10
      3       4      22 
     20      21      16
          8       9 
--8<--
execution time: real 0.012040s user 0.011998s sys 0.000000s
GA: P=50 K=25 sp=3 xover=2D/1
generation #0: pop m= 76.243 v=  0.247 f= 73.949 best_age=0
best: sum= 82.5714 var=  0.2449 fitness= 80.1471
-->8--
          2      14 
      3      16       4
     21      18      19 
  8      23      11      22
 10       6       5       1
     15      20      24 
     12      17       9
         13       7 
--8<--
found: sum= 75.0000 var=  0.0000 fitness= 75.0000
-->8--
         18      21 
     10       2      23
     24       1      22 
  3      20       6       9
  4      19      17      14
      5      12       7 
     11      15      16
         13       8 
--8<--
found: sum= 75.0000 var=  0.0000 fitness= 75.0000
-->8--
          8      18 
      2      21      14
     24      16       1 
 15       4       5      23
  7      19      11      22
      6      20      13 
      3      10      12
         17       9 
--8<--
found: sum= 79.0000 var=  0.0000 fitness= 79.0000
-->8--
         14       1 
      6      19      11
     12      13      18 
 24      15      17       5
  2      23       7      10
      3       4      22 
     20      21      16
          8       9 
--8<--
