found: sum= 72.0000 var=  0.0000 fitness= 72.0000
-->8--
          3      15 
      5       2      18
     19      20       8 
  1      23       9      24
 12      10       6      14
      7       4      11 
     16      13      21
         22      17 
--8<--
found: sum= 77.0000 var=  0.0000 fitness= 77.0000
-->8--
         21      11 
      9      19      17
     15       5      24 
 10       8       1      20
 12      18      23       2
     14      22       7 
     13       6      16
          4       3 
--8<--
found: sum= 76.0000 var=  0.0000 fitness= 76.0000
-->8--
         21       5 
      8      11      13
      7      20      15 
 18       9      12       6
 16       2      10      14
     24      23      19 
     22       4       3
          1      17 
--8<--
found: sum= 76.0000 var=  0.0000 fitness= 76.0000
-->8--
         21       8 
     17      24      11
     10       1      14 
  9       3      18       4
 16      15      20      13
     23      19       7 
      5       2       6
         12      22 
--8<--
found: sum= 78.0000 var=  0.0000 fitness= 78.0000
-->8--
         13       7 
     23       3       8
      5      22      24 
 15      12      14       6
 16       9      10       4
     21      11      20 
     18      17       1
          2      19 
--8<--
found: sum= 72.0000 var=  0.0000 fitness= 72.0000
-->8--
          4      12 
     15       1      21
     16      13      22 
  2      23       3      24
 14       8       6      10
      9      19       7 
     11       5      17
         20      18 
--8<--
found: sum= 77.0000 var=  0.0000 fitness= 77.0000
-->8--
         20       2 
      3      17      23
     19       7      18 
 21      11      10       5
  6      12      13      22
      8      24       9 
      4      14       1
         15      16 
--8<--
found: sum= 79.0000 var=  0.0000 fitness= 79.0000
-->8--
          8       4 
     15      21      11
     18       5      24 
 17      12      14      16
  3       6      22       1
     23      20       2 
     10       7       9
         13      19 
--8<--
found: sum= 76.0000 var=  0.0000 fitness= 76.0000
-->8--
         21       5 
      9      24      15
      2       6       8 
  1      14      18       3
 19      23      11      20
     17       4      16 
     12      13      22
          7      10 
--8<--
found: sum= 76.0000 var=  0.0000 fitness= 76.0000
-->8--
          4      10 
     22      24       8
     11      13      14 
 12       2       7       9
 16      15      21      19
     20      18       6 
     17       5       3
          1      23 
--8<--
found: sum= 70.0000 var=  0.0000 fitness= 70.0000
-->8--
         21      23 
     20       4      17
      1       5       8 
 14      19      13      22
  2      24       3       9
     10       6      15 
     11      12      16
          7      18 
--8<--
found: sum= 78.0000 var=  0.0000 fitness= 78.0000
-->8--
          2       5 
     23      11      14
     21      17      24 
 20       4       7      13
  8      16      19      12
      9      15       3 
     10      22      18
          6       1 
--8<--
found: sum= 79.0000 var=  0.0000 fitness= 79.0000
-->8--
         12      11 
      4      20      10
      8      18      13 
 23      17       7      14
  3      19       2      22
      9      16      21 
      5      24       1
          6      15 
--8<--
found: sum= 76.0000 var=  0.0000 fitness= 76.0000
-->8--
          5       2 
      7      18      12
     13      19       1 
 11      14      24       4
 23       6      10      15
      9       3      22 
     21      17       8
         20      16 
--8<--
found: sum= 77.0000 var=  0.0000 fitness= 77.0000
-->8--
          2      13 
      1      21      10
     17      22       8 
 12      14       3      11
 23       5      24      16
      6       9      15 
     20      18       7
         19       4 
--8<--
found: sum= 77.0000 var=  0.0000 fitness= 77.0000
-->8--
          5      16 
      6       8       4
     14      24      13 
 10      20      12      15
  7       3      17       2
     23       1      18 
     22       9      21
         19      11 
--8<--
found: sum= 76.0000 var=  0.0000 fitness= 76.0000
-->8--
          6      16 
      2      21       3
      5      23       1 
 22      19      12      17
 11      10       4      18
      9       8      24 
     15      20      13
         14       7 
--8<--
found: sum= 76.0000 var=  0.0000 fitness= 76.0000
-->8--
          3      18 
      4       7       5
     20      19      14 
 16      23      13      24
 10       1      11       2
      6       9      12 
     22      21      15
         17       8 
--8<--
found: sum= 78.0000 var=  0.0000 fitness= 78.0000
-->8--
         23      20 
      4       5       8
     18      11      22 
 19      17      12       6
  2      13       1      16
      9      24      21 
      7      15       3
         10      14 
--8<--
found: sum= 80.0000 var=  0.0000 fitness= 80.0000
-->8--
          8      16 
      6      24      14
     21       9      13 
  1      12       4       2
  7      22      23      18
     17      10      20 
     15       5      19
         11       3 
--8<--
found: sum= 76.0000 var=  0.0000 fitness= 76.0000
-->8--
          6      19 
     23       9       7
     18      16      13 
  1       4      12       2
 15      24      17      11
     14       3      21 
     10       5       8
         20      22 
--8<--
found: sum= 80.0000 var=  0.0000 fitness= 80.0000
-->8--
          2      11 
      7      12      10
     19      23       9 
  8      17      15      16
  4      14       5      13
     18       6      22 
      1      20       3
         21      24 
--8<--
found: sum= 76.0000 var=  0.0000 fitness= 76.0000
-->8--
          1      15 
      4      11      13
     18      19      10 
 20      23       8       9
  2       7      16      12
      6       3      21 
     22      14       5
         24      17 
--8<--
found: sum= 81.0000 var=  0.0000 fitness= 81.0000
-->8--
          3       8 
      1      17       2
     14      24      21 
 12      22       9      19
  6       7       4       5
     20      15      23 
     13      10      11
         16      18 
--8<--
found: sum= 75.0000 var=  0.0000 fitness= 75.0000
-->8--
         22      14 
     19       5      15
     12       8      16 
 18       9      17       3
 11       4      13       6
     21      24      20 
     23       1      10
          2       7 
--8<--
found: sum= 76.0000 var=  0.0000 fitness= 76.0000
-->8--
         17      16 
      9       3      15
     24       1      21 
  6      22      20      19
  2       8       7       4
     14      18       5 
     12      13      23
         11      10 
--8<--
found: sum= 77.0000 var=  0.0000 fitness= 77.0000
-->8--
          5      11 
     13       2      12
     24      10      22 
 19      23      20       9
  1       3       4       6
      7      17      16 
     15      14       8
         21      18 
--8<--
found: sum= 76.0000 var=  0.0000 fitness= 76.0000
-->8--
         20      13 
     17       9      15
     19       1      22 
 14      10      16       4
 12      18       8       5
      3      23      21 
     24       6      11
          2       7 
--8<--
found: sum= 79.0000 var=  0.0000 fitness= 79.0000
-->8--
          4       8 
      3      24      10
     11      14      22 
  6      23       1       2
 18       9      15      20
     12      17      19 
     13       7      16
         21       5 
--8<--
found: sum= 82.0000 var=  0.0000 fitness= 82.0000
-->8--
          5      12 
      4      22       8
     23      13      21 
 14      15       6       1
 11      10      18      17
      9      20      19 
     24      16       7
          3       2 
--8<--
execution time: real 0.157049s user 0.008998s sys 0.001999s
GA: P=50 K=10 sp=2 xover=2D/1 optrpl=2 optskip=10 optmax=1.142857
generation #113: pop m= 77.460 v= 52.521 f= 50.974 best_age=1
best: found: sum= 82.0000 var=  0.0000 fitness= 82.0000
-->8--
          5      12 
      4      22       8
     23      13      21 
 14      15       6       1
 11      10      18      17
      9      20      19 
     24      16       7
          3       2 
--8<--
found: sum= 79.0000 var=  0.0000 fitness= 79.0000
-->8--
          4       8 
      3      24      10
     11      14      22 
  6      23       1       2
 18       9      15      20
     12      17      19 
     13       7      16
         21       5 
--8<--
found: sum= 77.0000 var=  0.0000 fitness= 77.0000
-->8--
          5      11 
     13       2      12
     24      10      22 
 19      23      20       9
  1       3       4       6
      7      17      16 
     15      14       8
         21      18 
--8<--
