found: sum= 78.0000 var=  0.0000 fitness= 78.0000
-->8--
         15       1 
      9      17       3
      8      10      24 
  4      19      23       2
 22      13       6       5
     12       7      18 
     21      11      20
         14      16 
--8<--
found: sum= 80.0000 var=  0.0000 fitness= 80.0000
-->8--
          5       9 
      1      20       6
     22      19      23 
 15      13       3       8
  2      17      24      12
     11       4      10 
     18      14       7
         16      21 
--8<--
execution time: real 2.055384s user 0.056991s sys 0.097985s
GA: P=50 K=10 sp=2 xover=2D/1 optrpl=2 optskip=10 optmax=1.142857
generation #9240: pop m= 77.409 v= 98.982 f= 34.470 best_age=1979
best: sum= 83.1429 var=  0.1224 fitness= 81.4286
-->8--
          9       6 
      7      15      12
     21      20      22 
 10      11       8       5
  3      23      17      13
     16       4      18 
      2      24      19
         14       1 
--8<--
found: sum= 80.0000 var=  0.0000 fitness= 80.0000
-->8--
          5       9 
      1      20       6
     22      19      23 
 15      13       3       8
  2      17      24      12
     11       4      10 
     18      14       7
         16      21 
--8<--
