found: sum= 78.0000 var=  0.0000 fitness= 78.0000 age=0
-->8--
          8       7 
      3      18       5
     23      15      12 
 17      11      21      19
  4       1      14      10
     22      16       2 
     20      13      24
          6       9 
--8<--
found: sum= 78.0000 var=  0.0000 fitness= 78.0000 age=0
-->8--
         11      21 
     13       8       4
      6      18      17 
  9      22      10      23
  1      16       5       3
     24       7      20 
     14      15      19
          2      12 
--8<--
found: sum= 82.0000 var=  0.0000 fitness= 82.0000 age=0
-->8--
         17       6 
      1      20      12
     22       3      23 
  9      19      18      16
 10      14       7       5
      8      21      13 
     11      24       2
          4      15 
--8<--
found: sum= 76.0000 var=  0.0000 fitness= 76.0000 age=0
-->8--
          1       2 
     18      17      22
     15      16      12 
  4       9       7      10
 21      19      11      13
      8      14      23 
      6       5       3
         24      20 
--8<--
found: sum= 78.0000 var=  0.0000 fitness= 78.0000 age=0
-->8--
          5      20 
     17      12       4
     13      21      15 
  7      10       6      22
 24      16      11       1
      8      14      23 
      3      19       2
         18       9 
--8<--
found: sum= 85.0000 var=  0.0000 fitness= 85.0000 age=0
-->8--
          5       7 
      9      19       8
     22      12      23 
  2      18      16       1
  4      15      14      11
     24      10      20 
     13      17       3
          6      21 
--8<--
found: sum= 79.0000 var=  0.0000 fitness= 79.0000 age=0
-->8--
          7      21 
      8      10       4
     23       9      11 
  1      22      24      12
 13       3       2      16
     17      19      14 
     15      20      18
          5       6 
--8<--
execution time: real 0.548246s user 0.087986s sys 0.000000s
jsgmd24: M=7 A=2 B=3 P=512 K=256 sp=3 xover=2D/3 mut=6 replace_worst=51 aging explosion=128@0.005000*128 swap=2 hexspin=2
generation #6: pop m= 83.191 v=1.480 f= 78.122
best: found: sum= 85.0000 var=  0.0000 fitness= 85.0000 age=1
-->8--
          5       7 
      9      19       8
     22      12      23 
  2      18      16       1
  4      15      14      11
     24      10      20 
     13      17       3
          6      21 
--8<--
found: sum= 78.0000 var=  0.0000 fitness= 78.0000 age=3
-->8--
         11      21 
     13       8       4
      6      18      17 
  9      22      10      23
  1      16       5       3
     24       7      20 
     14      15      19
          2      12 
--8<--
found: sum= 82.0000 var=  0.0000 fitness= 82.0000 age=3
-->8--
         17       6 
      1      20      12
     22       3      23 
  9      19      18      16
 10      14       7       5
      8      21      13 
     11      24       2
          4      15 
--8<--
found: sum= 78.0000 var=  0.0000 fitness= 78.0000 age=3
-->8--
          8       7 
      3      18       5
     23      15      12 
 17      11      21      19
  4       1      14      10
     22      16       2 
     20      13      24
          6       9 
--8<--
found: sum= 79.0000 var=  0.0000 fitness= 79.0000 age=1
-->8--
          7      21 
      8      10       4
     23       9      11 
  1      22      24      12
 13       3       2      16
     17      19      14 
     15      20      18
          5       6 
--8<--
found: sum= 78.0000 var=  0.0000 fitness= 78.0000 age=2
-->8--
          5      20 
     17      12       4
     13      21      15 
  7      10       6      22
 24      16      11       1
      8      14      23 
      3      19       2
         18       9 
--8<--
