found: sum= 77.0000 var=  0.0000 fitness= 77.0000
-->8--
          2      19 
     21      20      10
     16       3       8 
 12      15      17       1
 13       7      11      18
     14      24      22 
      4       5       6
         23       9 
--8<--
found: sum= 78.0000 var=  0.0000 fitness= 78.0000
-->8--
          5      11 
     21       6      23
     19      12      22 
 16      15       4      17
  1      13      24       2
     14      10       9 
     18      20       7
          3       8 
--8<--
found: sum= 78.0000 var=  0.0000 fitness= 78.0000
-->8--
         16      13 
      2      24       8
     17       7       6 
 21      12      20      11
  5      22       3      15
      1      14      23 
      4      19      10
         18       9 
--8<--
found: sum= 78.0000 var=  0.0000 fitness= 78.0000
-->8--
          8       4 
     12      23      21
     18       1      24 
 22      16       5      13
  2      17      19      10
      3      20       7 
     14      15      11
          9       6 
--8<--
found: sum= 74.0000 var=  0.0000 fitness= 74.0000
-->8--
         19       4 
     17      20      14
      6       7      13 
 15       5      16      12
  3      23      21      11
     22       2       1 
     10       8      18
          9      24 
--8<--
found: sum= 78.0000 var=  0.0000 fitness= 78.0000
-->8--
         10      13 
      3      24      20
     18       6       8 
 19      17       7       2
  1      11      22      16
     12      15      23 
     14       5       9
         21       4 
--8<--
found: sum= 76.0000 var=  0.0000 fitness= 76.0000
-->8--
         20      23 
      6       8      11
     17       7      22 
  1      18       5      12
 16       9      13      10
     15      24      14 
      3       4      19
         21       2 
--8<--
found: sum= 80.0000 var=  0.0000 fitness= 80.0000
-->8--
          2      23 
      4      24      10
     19      16       6 
  5      15       1      20
  8      21      18      13
     12       9      22 
      7      17      11
         14       3 
--8<--
found: sum= 77.0000 var=  0.0000 fitness= 77.0000
-->8--
         21      10 
      3      17       4
     13      11      19 
 18      12      16       8
 24       1      14      15
      9      23       5 
      2      22       6
         20       7 
--8<--
found: sum= 73.0000 var=  0.0000 fitness= 73.0000
-->8--
         12       7 
     23       8      20
      6       3      17 
  9      21      18      19
 10      14       2       1
     13      15      16 
     22       5      24
          4      11 
--8<--
found: sum= 77.0000 var=  0.0000 fitness= 77.0000
-->8--
          1      11 
     22      21      23
     18       7       3 
 20       8      12       2
  5      16      19      17
     10      15      24 
     13       9       4
         14       6 
--8<--
found: sum= 71.0000 var=  0.0000 fitness= 71.0000
-->8--
         21      19 
      1       6      17
     16       9       7 
 20      18      13      24
  4       3       5       8
     10      23      14 
     22       2      12
         11      15 
--8<--
found: sum= 78.0000 var=  0.0000 fitness= 78.0000
-->8--
          2       4 
      3      12       9
     24      22      21 
  8      15      10      23
  7      11       1      17
     13      19       6 
     16      14      18
          5      20 
--8<--
found: sum= 79.0000 var=  0.0000 fitness= 79.0000
-->8--
          8      19 
     22      11       6
     21       5      24 
  1      12      14       7
 18      23      16       3
      4       9      15 
     13      20       2
         10      17 
--8<--
found: sum= 79.0000 var=  0.0000 fitness= 79.0000
-->8--
          2       9 
      6      22       4
     13      21      12 
  5      15      11      23
 24       8       7      10
     14      17      16 
     19      18      20
          3       1 
--8<--
found: sum= 76.0000 var=  0.0000 fitness= 76.0000
-->8--
          7      13 
     19       6      22
     18       9      21 
 14      17       5      16
  3      23      20       4
      1       2      10 
     11      24      12
         15       8 
--8<--
found: sum= 76.0000 var=  0.0000 fitness= 76.0000
-->8--
          4      14 
     19      22      18
     24       1       9 
 20       6      12      11
  3      21      13      16
      2      23      15 
     17       8       7
          5      10 
--8<--
found: sum= 73.0000 var=  0.0000 fitness= 73.0000
-->8--
         19       7 
     16      13      11
      3      20      18 
 14       2       4       5
 17      22      24      12
     15       1      10 
      8       6      23
         21       9 
--8<--
found: sum= 82.0000 var=  0.0000 fitness= 82.0000
-->8--
          2       8 
     13      24       6
     19       1      22 
 18      23      21       4
  3       7      10       9
     12      20      16 
     15      17      14
         11       5 
--8<--
execution time: real 0.047086s user 0.004999s sys 0.004999s
GA: P=50 K=10 sp=2 xover=2D/1 optrpl=2 optskip=10 optmax=1.142857
generation #50: pop m= 77.277 v= 57.707 f= 50.125 best_age=1
best: found: sum= 82.0000 var=  0.0000 fitness= 82.0000
-->8--
          2       8 
     13      24       6
     19       1      22 
 18      23      21       4
  3       7      10       9
     12      20      16 
     15      17      14
         11       5 
--8<--
found: sum= 78.0000 var=  0.0000 fitness= 78.0000
-->8--
         10      13 
      3      24      20
     18       6       8 
 19      17       7       2
  1      11      22      16
     12      15      23 
     14       5       9
         21       4 
--8<--
found: sum= 78.0000 var=  0.0000 fitness= 78.0000
-->8--
          2       4 
      3      12       9
     24      22      21 
  8      15      10      23
  7      11       1      17
     13      19       6 
     16      14      18
          5      20 
--8<--
found: sum= 80.0000 var=  0.0000 fitness= 80.0000
-->8--
          2      23 
      4      24      10
     19      16       6 
  5      15       1      20
  8      21      18      13
     12       9      22 
      7      17      11
         14       3 
--8<--
found: sum= 77.0000 var=  0.0000 fitness= 77.0000
-->8--
          1      11 
     22      21      23
     18       7       3 
 20       8      12       2
  5      16      19      17
     10      15      24 
     13       9       4
         14       6 
--8<--
found: sum= 71.0000 var=  0.0000 fitness= 71.0000
-->8--
         21      19 
      1       6      17
     16       9       7 
 20      18      13      24
  4       3       5       8
     10      23      14 
     22       2      12
         11      15 
--8<--
