execution time: real 0.011177s user 0.000999s sys 0.000999s
GA: P=10 K=7 sp=3 xover_cuts=2
generation #4: pop m= 78.786 v=  0.196 f= 76.760 var0cnt=1 bage=2
best: sum= 83.5714 var=  0.2449 fitness= 81.1471
-->8--
          6       5 
      8      16      12
     19      17      24 
 14      18       9       2
  1      10      23       3
     21       7      22 
     20      15      13
         11       4 
--8<--
found: sum= 72.0000 var=  0.0000 fitness= 72.0000
-->8--
          6      18 
     19      10      14
      7       9       8 
 16      21      13      17
  1       5      20       3
     22       4      11 
     24       2      23
         15      12 
--8<--
