found: sum= 79.0000 var=  0.0000 fitness= 79.0000
-->8--
         11      10 
     14      24      23
     16      12       3 
  8       2       7       9
 13      21      20      22
     19      17      18 
      1      15       5
          6       4 
--8<--
found: sum= 76.0000 var=  0.0000 fitness= 76.0000
-->8--
         12      11 
     21       1      17
     16       2      22 
 13      24      23       4
  3       5      14       6
     15       8       7 
      9      19      10
         20      18 
--8<--
found: sum= 79.0000 var=  0.0000 fitness= 79.0000
-->8--
         15      18 
      8      24      11
     21      10       9 
 16       1       7      17
 13      22      19       4
      6      20      23 
     14      12       3
          5       2 
--8<--
found: sum= 77.0000 var=  0.0000 fitness= 77.0000
-->8--
          8      10 
      7      16       4
     21      14      15 
 19      11      18      12
 20       1       9      17
      5      24       6 
     23      22       3
          2      13 
--8<--
found: sum= 77.0000 var=  0.0000 fitness= 77.0000
-->8--
         19       7 
     20      10       9
      8      17      22 
 14       3      12       4
 15      16      24       2
     21       5      13 
     23      11      18
          1       6 
--8<--
found: sum= 76.0000 var=  0.0000 fitness= 76.0000
-->8--
         18       8 
     22       3      17
     21      10      14 
 13       2      24       4
 20       1      16       7
     19      23      11 
     15      12       9
          6       5 
--8<--
found: sum= 79.0000 var=  0.0000 fitness= 79.0000
-->8--
         14       4 
     13       9      18
     20      21      24 
  5       2       3       7
 19      23      22       6
     10       8      17 
     12      15       1
         11      16 
--8<--
found: sum= 74.0000 var=  0.0000 fitness= 74.0000
-->8--
         18       1 
     17       3       7
     14      20      22 
 10       2      21       5
 13      19       8      12
     16       4       6 
     15       9      24
         11      23 
--8<--
found: sum= 79.0000 var=  0.0000 fitness= 79.0000
-->8--
         13       5 
     10      19       3
      2      17      23 
 11      18      12      16
  7      20       8      14
     21       4       6 
      1      24      22
          9      15 
--8<--
found: sum= 75.0000 var=  0.0000 fitness= 75.0000
-->8--
          4      19 
     13       7       2
     18      11      21 
  5      22      15       6
 17       1      10       9
     12      16      14 
     23       3       8
         20      24 
--8<--
found: sum= 80.0000 var=  0.0000 fitness= 80.0000
-->8--
         11       4 
      8      18      15
     14      16      24 
  5      13       3       1
  9      19      23       7
     20       6      22 
     12       2      17
         21      10 
--8<--
found: sum= 77.0000 var=  0.0000 fitness= 77.0000
-->8--
         16      10 
      3      22      17
     11      19       2 
  5       6       7      15
 20      23      21      18
     12       1      14 
      4      24       9
         13       8 
--8<--
found: sum= 76.0000 var=  0.0000 fitness= 76.0000
-->8--
         17      12 
     21       1      16
      7       6      23 
 11      24      18       3
 13       2       4       8
     19      22      20 
     14      10      15
          9       5 
--8<--
found: sum= 77.0000 var=  0.0000 fitness= 77.0000
-->8--
          2      12 
      1      11      10
     24      20      21 
 14      19       3       9
  5       7      22      18
      8       6       4 
     23      17      15
         16      13 
--8<--
found: sum= 75.0000 var=  0.0000 fitness= 75.0000
-->8--
          4      12 
      5      23       3
     14      16      11 
 24      13      10       7
 21       1      20      19
      2      15       8 
     22      17       9
         18       6 
--8<--
found: sum= 75.0000 var=  0.0000 fitness= 75.0000
-->8--
          5      14 
      7      12       1
     11      24       9 
  2      16      15      20
 17      10       6      22
     19       4       3 
     13      21      23
          8      18 
--8<--
found: sum= 78.0000 var=  0.0000 fitness= 78.0000
-->8--
          4       9 
      5      13       2
     12      20      23 
 10      24      11       8
  7      19       1      14
      6       3      21 
     17      15      16
         18      22 
--8<--
found: sum= 83.0000 var=  0.0000 fitness= 83.0000
-->8--
          9      13 
      6      24      11
     22      10      21 
 15      12       4       1
  7      19      20      14
      8      18      23 
     16      17       2
          5       3 
--8<--
execution time: real 0.068945s user 0.007998s sys 0.001999s
GA: P=50 K=10 sp=2 xover=2D/1 optrpl=2 optskip=10 optmax=1.142857
generation #65: pop m= 77.683 v= 56.910 f= 52.452 best_age=1
best: found: sum= 83.0000 var=  0.0000 fitness= 83.0000
-->8--
          9      13 
      6      24      11
     22      10      21 
 15      12       4       1
  7      19      20      14
      8      18      23 
     16      17       2
          5       3 
--8<--
found: sum= 79.0000 var=  0.0000 fitness= 79.0000
-->8--
         15      18 
      8      24      11
     21      10       9 
 16       1       7      17
 13      22      19       4
      6      20      23 
     14      12       3
          5       2 
--8<--
