found: sum= 73.0000 var=  0.0000 fitness= 73.0000
-->8--
         20       8 
     17      22       7
      1       9      13 
 15       4      14       5
 18      19      24       6
     16       3      11 
     12       2      10
         21      23 
--8<--
found: sum= 76.0000 var=  0.0000 fitness= 76.0000
-->8--
         14       9 
     15      10      16
      6       8      11 
 20      23      22       5
  2       1      19       7
     24       3      12 
     18      17       4
         13      21 
--8<--
found: sum= 72.0000 var=  0.0000 fitness= 72.0000
-->8--
         15      19 
     16       2      23
      1      20       5 
  7      18       3      22
 13       9      10      21
     24      12      11 
      6      17      14
          4       8 
--8<--
found: sum= 73.0000 var=  0.0000 fitness= 73.0000
-->8--
         20      11 
     23       6      19
     16       1      24 
 21       7      12       9
  8      18      22       4
      3      13       2 
     10      14      17
         15       5 
--8<--
found: sum= 77.0000 var=  0.0000 fitness= 77.0000
-->8--
          5      23 
     13      12       2
     22       9      20 
 18      16      11      15
  8       7      24       3
      6      10       4 
     14      21       1
         19      17 
--8<--
found: sum= 81.0000 var=  0.0000 fitness= 81.0000
-->8--
          4      14 
      2      22      13
     23      12       9 
  8      18      11      24
 10       3      16       6
     19      21      15 
      1      17       7
         20       5 
--8<--
execution time: real 0.021787s user 0.006998s sys 0.000000s
GA: P=50 K=10 sp=2 xover=2D/1 optrpl=2 optskip=10 optmax=1.142857
generation #19: pop m= 77.557 v= 67.322 f= 46.804 best_age=1
best: found: sum= 81.0000 var=  0.0000 fitness= 81.0000
-->8--
          4      14 
      2      22      13
     23      12       9 
  8      18      11      24
 10       3      16       6
     19      21      15 
      1      17       7
         20       5 
--8<--
