found: sum= 79.0000 var=  0.0000 fitness= 79.0000
-->8--
         11      10 
     14      24      23
     16      12       3 
  8       2       7       9
 13      21      20      22
     19      17      18 
      1      15       5
          6       4 
--8<--
found: sum= 78.0000 var=  0.0000 fitness= 78.0000
-->8--
          8       6 
     22      12       3
     14      20      18 
 11       2      19       4
 21      13      23       9
     17       1       5 
     16      24      15
          7      10 
--8<--
found: sum= 77.0000 var=  0.0000 fitness= 77.0000
-->8--
          6      14 
     24      23      15
     10       5       2 
  7       9      18      17
 19      20      21       3
     12       4      16 
      8      22       1
         11      13 
--8<--
found: sum= 83.0000 var=  0.0000 fitness= 83.0000
-->8--
          2       3 
      9      19       7
     14      18      24 
  8      21      12      10
 11       6       4      13
     23      22      20 
     16      15      17
          1       5 
--8<--
execution time: real 0.035159s user 0.007998s sys 0.000000s
GA: P=50 K=10 sp=2 xover=2D/1 optrpl=2 optskip=10 optmax=1.142857
generation #27: pop m= 77.189 v= 55.614 f= 53.039 best_age=1
best: found: sum= 83.0000 var=  0.0000 fitness= 83.0000
-->8--
          2       3 
      9      19       7
     14      18      24 
  8      21      12      10
 11       6       4      13
     23      22      20 
     16      15      17
          1       5 
--8<--
found: sum= 77.0000 var=  0.0000 fitness= 77.0000
-->8--
          6      14 
     24      23      15
     10       5       2 
  7       9      18      17
 19      20      21       3
     12       4      16 
      8      22       1
         11      13 
--8<--
found: sum= 78.0000 var=  0.0000 fitness= 78.0000
-->8--
          8       6 
     22      12       3
     14      20      18 
 11       2      19       4
 21      13      23       9
     17       1       5 
     16      24      15
          7      10 
--8<--
