found: sum= 77.0000 var=  0.0000 fitness= 77.0000
-->8--
          2      19 
     21      20      10
     16       3       8 
 12      15      17       1
 13       7      11      18
     14      24      22 
      4       5       6
         23       9 
--8<--
found: sum= 78.0000 var=  0.0000 fitness= 78.0000
-->8--
          5      11 
     21       6      23
     19      12      22 
 16      15       4      17
  1      13      24       2
     14      10       9 
     18      20       7
          3       8 
--8<--
found: sum= 77.0000 var=  0.0000 fitness= 77.0000
-->8--
          6       5 
      7      22      18
     24       1       8 
  2      17      23      15
 11      13       3      16
     10      20      12 
     21       9      14
          4      19 
--8<--
found: sum= 72.0000 var=  0.0000 fitness= 72.0000
-->8--
          5       9 
     16       1       8
     15      14      22 
 13      21      18       4
 10       6       2      23
      7      11       3 
     17      12      20
         19      24 
--8<--
found: sum= 76.0000 var=  0.0000 fitness= 76.0000
-->8--
         20       8 
      3      12      19
     10      13      17 
 14      18       7       5
  9      23      11      21
      2       4      15 
     22      24      16
          1       6 
--8<--
found: sum= 76.0000 var=  0.0000 fitness= 76.0000
-->8--
         22      11 
     24       2      10
      6      21      20 
 13       1      12       4
 14      23      16       9
     19       3      15 
      8      18      17
          5       7 
--8<--
found: sum= 81.0000 var=  0.0000 fitness= 81.0000
-->8--
         17       3 
      4      23       6
     11      19      22 
 16       7       8       2
 18      14      13      12
     15      20      24 
      1      10       5
         21       9 
--8<--
execution time: real 0.030459s user 0.004999s sys 0.001999s
GA: P=50 K=10 sp=2 xover=2D/1 optrpl=2 optskip=10 optmax=1.142857
generation #25: pop m= 77.303 v= 77.277 f= 44.180 best_age=1
best: found: sum= 81.0000 var=  0.0000 fitness= 81.0000
-->8--
         17       3 
      4      23       6
     11      19      22 
 16       7       8       2
 18      14      13      12
     15      20      24 
      1      10       5
         21       9 
--8<--
