found: sum= 79.0000 var=  0.0000 fitness= 79.0000
-->8--
          3       9 
     22      18      15
     24       2      12 
 11      10      23      14
 17       4      21       1
     13      19       8 
     16      20       6
          7       5 
--8<--
found: sum= 73.0000 var=  0.0000 fitness= 73.0000
-->8--
         16      13 
     20       1      24
      6       8       4 
  9      22      23      10
  7      15       3      12
     14       2      21 
     18      19      11
          5      17 
--8<--
found: sum= 78.0000 var=  0.0000 fitness= 78.0000
-->8--
          7      12 
     22      15      13
     20       3      16 
  4      11      19       8
 18       1      21       5
     24      23       9 
     10       6      17
         14       2 
--8<--
found: sum= 79.0000 var=  0.0000 fitness= 79.0000
-->8--
         19      23 
      3      24       6
     17       1      13 
 14      15      12      18
  8       9      22      10
     16      20       4 
     11      21       5
          2       7 
--8<--
found: sum= 76.0000 var=  0.0000 fitness= 76.0000
-->8--
          8      21 
      9      16       5
     13      18       1 
 14      12      15      23
 10       7       2      11
     20      22      24 
      4       6      19
         17       3 
--8<--
found: sum= 77.0000 var=  0.0000 fitness= 77.0000
-->8--
         17       1 
      3       4      21
     14      15      23 
 19      24      13      11
  2      12       5       7
      6       8      18 
      9      20      16
         22      10 
--8<--
found: sum= 77.0000 var=  0.0000 fitness= 77.0000
-->8--
         18      14 
     23       8      15
     11       7      17 
 19      10      16      13
 12       1      22       4
     24      21       5 
      9      20       3
          2       6 
--8<--
found: sum= 79.0000 var=  0.0000 fitness= 79.0000
-->8--
          7       2 
      5      15      14
     20      24      23 
 18       8       1       4
  3      13      21      19
     17      12      11 
      6       9      10
         22      16 
--8<--
found: sum= 71.0000 var=  0.0000 fitness= 71.0000
-->8--
         24      22 
     12      11       2
      3      20       9 
 19       1       7      10
 23      21      14      18
      4       8      13 
     17      15      16
          6       5 
--8<--
found: sum= 72.0000 var=  0.0000 fitness= 72.0000
-->8--
          6      10 
     19       2       9
      1      24      22 
 11      20       5      16
 13      12       4       8
     15       7      17 
     21       3      18
         14      23 
--8<--
found: sum= 78.0000 var=  0.0000 fitness= 78.0000
-->8--
         10      21 
      4      23      14
     24       5       7 
  1      12       8      22
  6      16      17       9
     19      20      15 
      3       2      13
         18      11 
--8<--
found: sum= 74.0000 var=  0.0000 fitness= 74.0000
-->8--
          7      17 
      5       1      13
     24      14      18 
 10      23      11       9
  6       3       2      19
      8      21      15 
     22       4      12
         16      20 
--8<--
found: sum= 75.0000 var=  0.0000 fitness= 75.0000
-->8--
          3      22 
      9       2       7
     24      14      17 
  8      23      13      10
  5       4       1      19
     11      20      15 
     16       6      12
         18      21 
--8<--
found: sum= 80.0000 var=  0.0000 fitness= 80.0000
-->8--
         12       8 
      2      15       1
     13      22      24 
  9      16      10       5
 14       7      19      18
     21       6       4 
     20      23      11
          3      17 
--8<--
found: sum= 79.0000 var=  0.0000 fitness= 79.0000
-->8--
          3       2 
      4      24       5
     16      20      18 
 11      12      10       1
 17       8      23      14
     15       6      13 
     22       9      21
         19       7 
--8<--
found: sum= 78.0000 var=  0.0000 fitness= 78.0000
-->8--
          5      20 
      8       4       2
     22      18      24 
 11      21      10       7
  6      17       9      12
      1       3      16 
     19      23      14
         15      13 
--8<--
found: sum= 79.0000 var=  0.0000 fitness= 79.0000
-->8--
          5      14 
      4      10      22
     19      23       9 
 15      18       1      17
  2      13       8      20
     12      16      24 
      6      21       7
         11       3 
--8<--
found: sum= 78.0000 var=  0.0000 fitness= 78.0000
-->8--
          4      16 
      7      22       8
     10      18      11 
  6      17       3      23
  9      15       5      12
     21      20      24 
     19       2      14
          1      13 
--8<--
found: sum= 76.0000 var=  0.0000 fitness= 76.0000
-->8--
         19       2 
      3      12      24
     17      15       7 
  5      10      16      18
 14       8      21       1
     22       6      13 
     11       9       4
         20      23 
--8<--
found: sum= 79.0000 var=  0.0000 fitness= 79.0000
-->8--
         15       3 
     12      21       8
     13      16      14 
 18       2      17      10
  7      19      24       9
     20       1       5 
      6      22       4
         11      23 
--8<--
found: sum= 82.0000 var=  0.0000 fitness= 82.0000
-->8--
          2       6 
      4      22       9
     20      13      24 
 10      21       8      15
 12       1      23       5
     18      16       7 
     17      19       3
         11      14 
--8<--
found: sum= 76.0000 var=  0.0000 fitness= 76.0000
-->8--
         20      11 
     19       7       5
     10       6      24 
 12      14      23      18
  9      15       1       8
     16      17       2 
      4      21      13
          3      22 
--8<--
execution time: real 0.040380s user 0.006998s sys 0.000999s
GA: P=50 K=10 sp=2 xover=2D/1 optrpl=2 optskip=10 optmax=1.142857
generation #34: pop m= 78.029 v= 55.445 f= 52.433 best_age=1
best: found: sum= 82.0000 var=  0.0000 fitness= 82.0000
-->8--
          2       6 
      4      22       9
     20      13      24 
 10      21       8      15
 12       1      23       5
     18      16       7 
     17      19       3
         11      14 
--8<--
found: sum= 76.0000 var=  0.0000 fitness= 76.0000
-->8--
         20      11 
     19       7       5
     10       6      24 
 12      14      23      18
  9      15       1       8
     16      17       2 
      4      21      13
          3      22 
--8<--
found: sum= 75.0000 var=  0.0000 fitness= 75.0000
-->8--
          3      22 
      9       2       7
     24      14      17 
  8      23      13      10
  5       4       1      19
     11      20      15 
     16       6      12
         18      21 
--8<--
found: sum= 79.0000 var=  0.0000 fitness= 79.0000
-->8--
         15       3 
     12      21       8
     13      16      14 
 18       2      17      10
  7      19      24       9
     20       1       5 
      6      22       4
         11      23 
--8<--
found: sum= 79.0000 var=  0.0000 fitness= 79.0000
-->8--
          3       2 
      4      24       5
     16      20      18 
 11      12      10       1
 17       8      23      14
     15       6      13 
     22       9      21
         19       7 
--8<--
found: sum= 78.0000 var=  0.0000 fitness= 78.0000
-->8--
          4      16 
      7      22       8
     10      18      11 
  6      17       3      23
  9      15       5      12
     21      20      24 
     19       2      14
          1      13 
--8<--
found: sum= 80.0000 var=  0.0000 fitness= 80.0000
-->8--
         12       8 
      2      15       1
     13      22      24 
  9      16      10       5
 14       7      19      18
     21       6       4 
     20      23      11
          3      17 
--8<--
found: sum= 79.0000 var=  0.0000 fitness= 79.0000
-->8--
          5      14 
      4      10      22
     19      23       9 
 15      18       1      17
  2      13       8      20
     12      16      24 
      6      21       7
         11       3 
--8<--
