found: sum= 75.0000 var=  0.0000 fitness= 75.0000 age=0
-->8--
          9      18 
      7      13       3
     11      20      19 
  1      15       2      17
 23       4      24       8
     21      10       5 
     22       6      16
         12      14 
--8<--
found: sum= 77.0000 var=  0.0000 fitness= 77.0000 age=0
-->8--
          2       7 
     12      24       9
     14      15       6 
 19      10      16      20
  8       4      21      13
     22      11       1 
     17      18       3
          5      23 
--8<--
found: sum= 81.0000 var=  0.0000 fitness= 81.0000 age=0
-->8--
         10       6 
     15      19      13
     23       2      24 
 22      12      17       8
  1       9      20       5
     14      21       7 
      3      18       4
         16      11 
--8<--
found: sum= 78.0000 var=  0.0000 fitness= 78.0000 age=0
-->8--
         13      15 
      6      24      10
     17      11       4 
  9       7      14      20
 18      22      16       3
      5       8      21 
     23      19      12
          1       2 
--8<--
found: sum= 70.0000 var=  0.0000 fitness= 70.0000 age=0
-->8--
         17      20 
      6       3      13
     19       7      12 
  1      18      15      24
 23       5       9       8
      4      16       2 
     21      10      22
         14      11 
--8<--
found: sum= 83.0000 var=  0.0000 fitness= 83.0000 age=0
-->8--
          3       5 
      9      18      11
     17      13      20 
  8      23      16      19
  4      10       7       6
     21      14      15 
     12      24       1
          2      22 
--8<--
found: sum= 79.0000 var=  0.0000 fitness= 79.0000 age=0
-->8--
          2       6 
      1      24      17
     22      21       3 
  4       9       8      16
 18      11      10      23
     15      20      19 
      7      12      13
         14       5 
--8<--
found: sum= 79.0000 var=  0.0000 fitness= 79.0000 age=0
-->8--
         18      20 
     11      24       9
     21       1      15 
  5       4      10       8
 14      19      23      17
     16      22       6 
      7      13      12
          2       3 
--8<--
found: sum= 80.0000 var=  0.0000 fitness= 80.0000 age=0
-->8--
         24      21 
      2       9       8
     23       4      22 
  1      18      16       3
  7      14      15       5
     17      13      19 
     20      10      11
          6      12 
--8<--
found: sum= 74.0000 var=  0.0000 fitness= 74.0000 age=0
-->8--
         21       1 
     15       7      13
     12      17      16 
 23       2      20       4
 10      24       5      11
      3       6      18 
      8      14      22
         19       9 
--8<--
found: sum= 73.0000 var=  0.0000 fitness= 73.0000 age=0
-->8--
         23      19 
     24       8       9
     13       3      20 
 10       2      14       1
 21      15      22      11
     12      17       5 
     16       7       4
          6      18 
--8<--
found: sum= 74.0000 var=  0.0000 fitness= 74.0000 age=0
-->8--
         19      11 
     24      20      21
      8       2       3 
 12       1      17      15
 23      14      22       7
     16      18      10 
      9      13       5
          4       6 
--8<--
found: sum= 76.0000 var=  0.0000 fitness= 76.0000 age=0
-->8--
         20      19 
     13      12       7
     21       9       6 
 16       1      23       5
  4      10      22      17
     24      11       3 
      2      14      18
         15       8 
--8<--
found: sum= 69.0000 var=  0.0000 fitness= 69.0000 age=0
-->8--
         23      18 
     14      16      10
      2      13       3 
 22       1       9      11
 15      17      21      20
     12       8       5 
      6       7       4
         19      24 
--8<--
found: sum= 75.0000 var=  0.0000 fitness= 75.0000 age=0
-->8--
         10       8 
      6       4      11
     24       9      23 
  7      22      20      12
 18       1       2      13
      3      21       5 
     19      16      17
         15      14 
--8<--
found: sum= 78.0000 var=  0.0000 fitness= 78.0000 age=0
-->8--
          7      10 
      1      12      20
     23      11      19 
 21      24       6      13
  2       3      18       8
      5      16      14 
     22      17       9
         15       4 
--8<--
found: sum= 77.0000 var=  0.0000 fitness= 77.0000 age=0
-->8--
         22       2 
     24      12      16
     10       5      23 
 13       4      19       7
 15      17      11       9
     18      21       8 
      6      14       3
          1      20 
--8<--
found: sum= 73.0000 var=  0.0000 fitness= 73.0000 age=0
-->8--
         12      23 
     16       4       9
     22      17       6 
 10       2      14      24
 13       5      20       8
     21      15       1 
     18      11       7
          3      19 
--8<--
found: sum= 77.0000 var=  0.0000 fitness= 77.0000 age=0
-->8--
         19      23 
      1       5      12
     24       6      11 
  7      22      20      15
  2       9       3      10
     13      17      18 
     16      14      21
          8       4 
--8<--
found: sum= 79.0000 var=  0.0000 fitness= 79.0000 age=0
-->8--
          3       6 
     23      19      10
     17       2      24 
  7      15      18      11
  4      22       1      13
     14      21      12 
      8       9      20
          5      16 
--8<--
found: sum= 77.0000 var=  0.0000 fitness= 77.0000 age=0
-->8--
          1      14 
     22      24       9
      8       7       3 
  5      15      20      18
 10      16       2      13
     23      17      21 
     11       6      12
          4      19 
--8<--
found: sum= 82.0000 var=  0.0000 fitness= 82.0000 age=0
-->8--
         17       6 
      1      21      18
     22       2      20 
 14      19      15       5
  4      10      12       7
     13      24      23 
      8      11       9
         16       3 
--8<--
found: sum= 77.0000 var=  0.0000 fitness= 77.0000 age=0
-->8--
          5      22 
     10      23       7
      1      18       4 
 19      20       3      21
 11       9      13      12
     17      14      24 
     15      16       2
          6       8 
--8<--
found: sum= 77.0000 var=  0.0000 fitness= 77.0000 age=0
-->8--
          7       8 
     24      15      19
      5       4      18 
  1      22      13       6
 21      12       3      20
     16      23      17 
      2      14      11
         10       9 
--8<--
found: sum= 79.0000 var=  0.0000 fitness= 79.0000 age=0
-->8--
          6      12 
      1      20      15
     17      19       3 
 18      16      10      14
  9      11      21       7
      8       2      24 
     22      23       4
         13       5 
--8<--
found: sum= 80.0000 var=  0.0000 fitness= 80.0000 age=0
-->8--
         18       9 
     15      20      11
     19       1      22 
 13       7      17       2
  8      10      21      14
     23      24       4 
      5      12      16
          6       3 
--8<--
found: sum= 69.0000 var=  0.0000 fitness= 69.0000 age=0
-->8--
         22      20 
      6       2      16
     23      15       4 
  7       1      12       9
 19      14      17      24
      5      10       3 
     21       8      18
         11      13 
--8<--
found: sum= 77.0000 var=  0.0000 fitness= 77.0000 age=0
-->8--
         24      15 
      6      14       3
      8      16      12 
 22       9      17       1
  7      10      23      13
     21       2      11 
      5      19      18
         20       4 
--8<--
found: sum= 74.0000 var=  0.0000 fitness= 74.0000 age=0
-->8--
         10      18 
      8       2      22
     21      14      12 
 11      19       6      20
  3      13      17      15
      7       5       4 
      9      24       1
         16      23 
--8<--
found: sum= 71.0000 var=  0.0000 fitness= 71.0000 age=0
-->8--
         21      19 
     12      15       6
      4       1      20 
  8      18      10      23
 14      22      13       3
      5       7       2 
     11       9      16
         17      24 
--8<--
found: sum= 83.0000 var=  0.0000 fitness= 83.0000 age=0
-->8--
         11      18 
      1      22       2
     21      19       5 
  3       9      17      15
 14      16      10      13
     20      12      23 
      4      24       6
          7       8 
--8<--
found: sum= 73.0000 var=  0.0000 fitness= 73.0000 age=0
-->8--
         22       1 
     14      24      20
      2       4       8 
  9       7      16       6
 21      19      17      23
     15      10       3 
     11      13      18
          5      12 
--8<--
found: sum= 74.0000 var=  0.0000 fitness= 74.0000 age=0
-->8--
          3       9 
     11      12      23
     22       8      21 
  2      18       1      15
  7      20      17      14
      5      10       6 
     16       4      13
         19      24 
--8<--
execution time: real 0.139602s user 0.132979s sys 0.001999s
GA: P=1024 K=512 sp=2 xover=2D/1 aging
generation #1: pop m= 76.257 v=58.551 f= 49.323
best: found: sum= 83.0000 var=  0.0000 fitness= 83.0000 age=1
-->8--
         11      18 
      1      22       2
     21      19       5 
  3       9      17      15
 14      16      10      13
     20      12      23 
      4      24       6
          7       8 
--8<--
found: sum= 80.0000 var=  0.0000 fitness= 80.0000 age=1
-->8--
         24      21 
      2       9       8
     23       4      22 
  1      18      16       3
  7      14      15       5
     17      13      19 
     20      10      11
          6      12 
--8<--
found: sum= 76.0000 var=  0.0000 fitness= 76.0000 age=1
-->8--
         20      19 
     13      12       7
     21       9       6 
 16       1      23       5
  4      10      22      17
     24      11       3 
      2      14      18
         15       8 
--8<--
found: sum= 79.0000 var=  0.0000 fitness= 79.0000 age=1
-->8--
          2       6 
      1      24      17
     22      21       3 
  4       9       8      16
 18      11      10      23
     15      20      19 
      7      12      13
         14       5 
--8<--
found: sum= 74.0000 var=  0.0000 fitness= 74.0000 age=1
-->8--
          3       9 
     11      12      23
     22       8      21 
  2      18       1      15
  7      20      17      14
      5      10       6 
     16       4      13
         19      24 
--8<--
found: sum= 77.0000 var=  0.0000 fitness= 77.0000 age=1
-->8--
         22       2 
     24      12      16
     10       5      23 
 13       4      19       7
 15      17      11       9
     18      21       8 
      6      14       3
          1      20 
--8<--
found: sum= 74.0000 var=  0.0000 fitness= 74.0000 age=1
-->8--
         10      18 
      8       2      22
     21      14      12 
 11      19       6      20
  3      13      17      15
      7       5       4 
      9      24       1
         16      23 
--8<--
found: sum= 81.0000 var=  0.0000 fitness= 81.0000 age=1
-->8--
         10       6 
     15      19      13
     23       2      24 
 22      12      17       8
  1       9      20       5
     14      21       7 
      3      18       4
         16      11 
--8<--
found: sum= 77.0000 var=  0.0000 fitness= 77.0000 age=1
-->8--
          1      14 
     22      24       9
      8       7       3 
  5      15      20      18
 10      16       2      13
     23      17      21 
     11       6      12
          4      19 
--8<--
found: sum= 69.0000 var=  0.0000 fitness= 69.0000 age=1
-->8--
         23      18 
     14      16      10
      2      13       3 
 22       1       9      11
 15      17      21      20
     12       8       5 
      6       7       4
         19      24 
--8<--
found: sum= 71.0000 var=  0.0000 fitness= 71.0000 age=1
-->8--
         21      19 
     12      15       6
      4       1      20 
  8      18      10      23
 14      22      13       3
      5       7       2 
     11       9      16
         17      24 
--8<--
found: sum= 70.0000 var=  0.0000 fitness= 70.0000 age=1
-->8--
         17      20 
      6       3      13
     19       7      12 
  1      18      15      24
 23       5       9       8
      4      16       2 
     21      10      22
         14      11 
--8<--
found: sum= 79.0000 var=  0.0000 fitness= 79.0000 age=1
-->8--
          6      12 
      1      20      15
     17      19       3 
 18      16      10      14
  9      11      21       7
      8       2      24 
     22      23       4
         13       5 
--8<--
found: sum= 78.0000 var=  0.0000 fitness= 78.0000 age=1
-->8--
         13      15 
      6      24      10
     17      11       4 
  9       7      14      20
 18      22      16       3
      5       8      21 
     23      19      12
          1       2 
--8<--
found: sum= 69.0000 var=  0.0000 fitness= 69.0000 age=1
-->8--
         22      20 
      6       2      16
     23      15       4 
  7       1      12       9
 19      14      17      24
      5      10       3 
     21       8      18
         11      13 
--8<--
found: sum= 74.0000 var=  0.0000 fitness= 74.0000 age=1
-->8--
         19      11 
     24      20      21
      8       2       3 
 12       1      17      15
 23      14      22       7
     16      18      10 
      9      13       5
          4       6 
--8<--
found: sum= 75.0000 var=  0.0000 fitness= 75.0000 age=1
-->8--
         10       8 
      6       4      11
     24       9      23 
  7      22      20      12
 18       1       2      13
      3      21       5 
     19      16      17
         15      14 
--8<--
found: sum= 73.0000 var=  0.0000 fitness= 73.0000 age=1
-->8--
         23      19 
     24       8       9
     13       3      20 
 10       2      14       1
 21      15      22      11
     12      17       5 
     16       7       4
          6      18 
--8<--
found: sum= 78.0000 var=  0.0000 fitness= 78.0000 age=1
-->8--
          7      10 
      1      12      20
     23      11      19 
 21      24       6      13
  2       3      18       8
      5      16      14 
     22      17       9
         15       4 
--8<--
found: sum= 74.0000 var=  0.0000 fitness= 74.0000 age=1
-->8--
         21       1 
     15       7      13
     12      17      16 
 23       2      20       4
 10      24       5      11
      3       6      18 
      8      14      22
         19       9 
--8<--
found: sum= 83.0000 var=  0.0000 fitness= 83.0000 age=1
-->8--
          3       5 
      9      18      11
     17      13      20 
  8      23      16      19
  4      10       7       6
     21      14      15 
     12      24       1
          2      22 
--8<--
found: sum= 73.0000 var=  0.0000 fitness= 73.0000 age=1
-->8--
         22       1 
     14      24      20
      2       4       8 
  9       7      16       6
 21      19      17      23
     15      10       3 
     11      13      18
          5      12 
--8<--
found: sum= 77.0000 var=  0.0000 fitness= 77.0000 age=1
-->8--
          5      22 
     10      23       7
      1      18       4 
 19      20       3      21
 11       9      13      12
     17      14      24 
     15      16       2
          6       8 
--8<--
found: sum= 75.0000 var=  0.0000 fitness= 75.0000 age=1
-->8--
          9      18 
      7      13       3
     11      20      19 
  1      15       2      17
 23       4      24       8
     21      10       5 
     22       6      16
         12      14 
--8<--
found: sum= 77.0000 var=  0.0000 fitness= 77.0000 age=1
-->8--
         19      23 
      1       5      12
     24       6      11 
  7      22      20      15
  2       9       3      10
     13      17      18 
     16      14      21
          8       4 
--8<--
found: sum= 73.0000 var=  0.0000 fitness= 73.0000 age=1
-->8--
         12      23 
     16       4       9
     22      17       6 
 10       2      14      24
 13       5      20       8
     21      15       1 
     18      11       7
          3      19 
--8<--
found: sum= 80.0000 var=  0.0000 fitness= 80.0000 age=1
-->8--
         18       9 
     15      20      11
     19       1      22 
 13       7      17       2
  8      10      21      14
     23      24       4 
      5      12      16
          6       3 
--8<--
found: sum= 79.0000 var=  0.0000 fitness= 79.0000 age=1
-->8--
          3       6 
     23      19      10
     17       2      24 
  7      15      18      11
  4      22       1      13
     14      21      12 
      8       9      20
          5      16 
--8<--
found: sum= 77.0000 var=  0.0000 fitness= 77.0000 age=1
-->8--
          2       7 
     12      24       9
     14      15       6 
 19      10      16      20
  8       4      21      13
     22      11       1 
     17      18       3
          5      23 
--8<--
found: sum= 82.0000 var=  0.0000 fitness= 82.0000 age=1
-->8--
         17       6 
      1      21      18
     22       2      20 
 14      19      15       5
  4      10      12       7
     13      24      23 
      8      11       9
         16       3 
--8<--
found: sum= 79.0000 var=  0.0000 fitness= 79.0000 age=1
-->8--
         18      20 
     11      24       9
     21       1      15 
  5       4      10       8
 14      19      23      17
     16      22       6 
      7      13      12
          2       3 
--8<--
found: sum= 77.0000 var=  0.0000 fitness= 77.0000 age=1
-->8--
          7       8 
     24      15      19
      5       4      18 
  1      22      13       6
 21      12       3      20
     16      23      17 
      2      14      11
         10       9 
--8<--
found: sum= 77.0000 var=  0.0000 fitness= 77.0000 age=1
-->8--
         24      15 
      6      14       3
      8      16      12 
 22       9      17       1
  7      10      23      13
     21       2      11 
      5      19      18
         20       4 
--8<--
