found: sum= 81.0000 var=  0.0000 fitness= 81.0000
-->8--
          1       8 
     17      19      11
     23      15      16 
  4       6      12      13
 10      18       9       7
     20      21      24 
      5       3      22
         14       2 
--8<--
found: sum= 78.0000 var=  0.0000 fitness= 78.0000
-->8--
          1      10 
     21      23       7
     18       9      12 
  2       6      17       8
 20      13      11      16
     19      22      14 
      5       4      24
         15       3 
--8<--
found: sum= 79.0000 var=  0.0000 fitness= 79.0000
-->8--
         20       1 
     10      23      12
      7       6      22 
  3      13      15       4
 18      17      19      11
     21       9       8 
      2      14      24
         16       5 
--8<--
execution time: real 2.322772s user 0.050992s sys 0.131979s
GA: P=50 K=10 sp=2 xover=2D/1 optrpl=2 optskip=10 optmax=1.142857
generation #10717: pop m= 78.009 v=121.178 f= 33.043 best_age=571
best: sum= 86.1429 var=  0.1224 fitness= 84.4286
-->8--
          4      11 
      6      21       9
     24      16      22 
  5      15       7      13
  2      17      14      10
     23      18      20 
      8      19      12
          1       3 
--8<--
found: sum= 79.0000 var=  0.0000 fitness= 79.0000
-->8--
         20       1 
     10      23      12
      7       6      22 
  3      13      15       4
 18      17      19      11
     21       9       8 
      2      14      24
         16       5 
--8<--
