found: sum= 78.0000 var=  0.0000 fitness= 78.0000
-->8--
          1      22 
      5      19       8
     15      20       7 
 10      18       2       9
 17       4      13      24
     14      21      23 
     16      12       3
         11       6 
--8<--
found: sum= 79.0000 var=  0.0000 fitness= 79.0000
-->8--
          2       4 
      5      23       7
     13      15      10 
  1      21      20      18
 22       8       9       3
     14       6      19 
     24      16      12
         11      17 
--8<--
found: sum= 80.0000 var=  0.0000 fitness= 80.0000
-->8--
         11      23 
      8      15       2
     17      10      14 
  7      19      16      21
  1      24       5       4
     12       6      20 
      3      22       9
         13      18 
--8<--
execution time: real 0.452862s user 0.014997s sys 0.025996s
GA: P=50 K=10 sp=2 xover=2D/1 optrpl=2 optskip=10 optmax=1.142857
generation #1965: pop m= 77.934 v= 95.975 f= 37.288 best_age=1
best: found: sum= 80.0000 var=  0.0000 fitness= 80.0000
-->8--
         11      23 
      8      15       2
     17      10      14 
  7      19      16      21
  1      24       5       4
     12       6      20 
      3      22       9
         13      18 
--8<--
