found: sum= 79.0000 var=  0.0000 fitness= 79.0000
-->8--
          9       2 
     10      23      14
     21      11      13 
 18       5      16      17
 19       1      22       8
     15      24       3 
      7      20       6
         12       4 
--8<--
found: sum= 76.0000 var=  0.0000 fitness= 76.0000
-->8--
         21      13 
     17      12      16
     23       2      15 
  4       1      18       6
 20       9      24      10
     19      22       3 
      7       8       5
         11      14 
--8<--
found: sum= 76.0000 var=  0.0000 fitness= 76.0000
-->8--
         12       5 
     14       4      20
     17      22      15 
 24       7      10      18
  3       2      19       1
     23      16      13 
     21       8       9
          6      11 
--8<--
found: sum= 74.0000 var=  0.0000 fitness= 74.0000
-->8--
         18       7 
     20      17       9
      4      10      12 
 22       5      19      11
 16      13      24       6
     14       3       2 
     15      21      23
          8       1 
--8<--
found: sum= 80.0000 var=  0.0000 fitness= 80.0000
-->8--
         11       1 
      5      24       9
     17       3      21 
 16      20      22       2
 14       7      18       4
      6      10      13 
     23      19      12
         15       8 
--8<--
found: sum= 81.0000 var=  0.0000 fitness= 81.0000
-->8--
          5       4 
     12      24      10
     23       2      20 
  6      15      21       1
  8      22       3      19
      7      18      17 
     11      14      13
          9      16 
--8<--
execution time: real 0.017519s user 0.006998s sys 0.000000s
GA: P=50 K=10 sp=2 xover=2D/1 optrpl=2 optskip=10 optmax=1.142857
generation #8: pop m= 77.900 v= 89.052 f= 43.279 best_age=1
best: found: sum= 81.0000 var=  0.0000 fitness= 81.0000
-->8--
          5       4 
     12      24      10
     23       2      20 
  6      15      21       1
  8      22       3      19
      7      18      17 
     11      14      13
          9      16 
--8<--
found: sum= 76.0000 var=  0.0000 fitness= 76.0000
-->8--
         12       5 
     14       4      20
     17      22      15 
 24       7      10      18
  3       2      19       1
     23      16      13 
     21       8       9
          6      11 
--8<--
found: sum= 80.0000 var=  0.0000 fitness= 80.0000
-->8--
         11       1 
      5      24       9
     17       3      21 
 16      20      22       2
 14       7      18       4
      6      10      13 
     23      19      12
         15       8 
--8<--
