found: sum= 82.0000 var=  0.0000 fitness= 82.0000 age=0
-->8--
          9      12 
     10      22       3
     23      16      14 
 19       2      15       5
  1      24      21       7
     13       4      20 
      6      18      11
         17       8 
--8<--
found: sum= 79.0000 var=  0.0000 fitness= 79.0000 age=0
-->8--
          1      19 
      6      23       7
     21      13      14 
  8      15       3      24
  2      17      11      18
     16      20       9 
      4      12      22
         10       5 
--8<--
found: sum= 78.0000 var=  0.0000 fitness= 78.0000 age=0
-->8--
         20      24 
      4      13       9
     16       3      12 
  2      22      17       6
  8      11      15      21
     19      10       7 
     14      23      18
          1       5 
--8<--
found: sum= 80.0000 var=  0.0000 fitness= 80.0000 age=0
-->8--
          8       5 
      7      19       4
     12      24      22 
 11      10       6      13
 17      16       1      20
     14      23      18 
      9      15      21
          3       2 
--8<--
found: sum= 77.0000 var=  0.0000 fitness= 77.0000 age=0
-->8--
         23      13 
     12       2      24
     20      11      22 
  7       9       5      10
  8      19      15       4
     14      18      21 
      3       6       1
         17      16 
--8<--
found: sum= 78.0000 var=  0.0000 fitness= 78.0000 age=0
-->8--
         10       6 
      2      18      16
     24      11      23 
 12      13       4       5
  9      17      19      20
      3      14       7 
      8      15      22
         21       1 
--8<--
found: sum= 81.0000 var=  0.0000 fitness= 81.0000 age=0
-->8--
          1      15 
      9      11      12
     24      23      16 
  8      13       4      20
  5      17      21       2
     14       3      18 
      6      22      10
         19       7 
--8<--
found: sum= 73.0000 var=  0.0000 fitness= 73.0000 age=0
-->8--
         19       5 
     24       7      15
      4      18      22 
 16       1       6      12
  8      23      11      13
     21      14       9 
      3       2      17
         10      20 
--8<--
found: sum= 74.0000 var=  0.0000 fitness= 74.0000 age=0
-->8--
         23      12 
     21      19      17
      2       3       5 
  7       6      18       4
 20      15      22      16
     24      10       9 
      1      11       8
         13      14 
--8<--
found: sum= 76.0000 var=  0.0000 fitness= 76.0000 age=0
-->8--
          1      21 
     17      13      12
     11      15       5 
  7      19      10      18
  3      14      16       4
     22       2      23 
      8       6       9
         24      20 
--8<--
found: sum= 82.0000 var=  0.0000 fitness= 82.0000 age=0
-->8--
         14      16 
      8      24       7
     21       3      17 
  2      12      15      13
  9      18      11       4
     20      23      22 
     10       6      19
          5       1 
--8<--
found: sum= 78.0000 var=  0.0000 fitness= 78.0000 age=0
-->8--
          7       6 
     23      12      11
      5       9      19 
 18      22      21       2
  1      15       8       4
     17       3      24 
     14      13      10
         16      20 
--8<--
found: sum= 78.0000 var=  0.0000 fitness= 78.0000 age=0
-->8--
          4      23 
      5      10      13
     22      17      12 
  2      20       3      15
 19       9      18      14
      6      11      16 
     21      24       8
          7       1 
--8<--
found: sum= 79.0000 var=  0.0000 fitness= 79.0000 age=0
-->8--
         18      19 
      5      20       1
     11      13      22 
  7      12       4      16
 10      24      23       8
     15       3       6 
      2      21       9
         14      17 
--8<--
found: sum= 72.0000 var=  0.0000 fitness= 72.0000 age=0
-->8--
         14      23 
     19       4      17
      5      20       7 
  2      10       1      11
 21      22      13      16
     12       6      24 
      9       8       3
         15      18 
--8<--
found: sum= 77.0000 var=  0.0000 fitness= 77.0000 age=0
-->8--
         14      16 
      1      24       9
     17       2      11 
  7      19      15       3
  4      20       8      22
     10      13      18 
      6       5      12
         23      21 
--8<--
found: sum= 75.0000 var=  0.0000 fitness= 75.0000 age=0
-->8--
         20      14 
     13      22      12
      1       8       3 
 18      11      16      10
  9      15      23      19
     21       2       4 
      6      24      17
          7       5 
--8<--
found: sum= 78.0000 var=  0.0000 fitness= 78.0000 age=0
-->8--
          1      17 
      4      14      10
     24      12      22 
  2      23       3      21
 18       5      16       7
      6      19       9 
     20      15      11
         13       8 
--8<--
found: sum= 75.0000 var=  0.0000 fitness= 75.0000 age=0
-->8--
         18      19 
     10      20       8
     22       1      11 
 15       4      16       9
  5      23      14      12
      6      17      13 
     24       3      21
          2       7 
--8<--
found: sum= 78.0000 var=  0.0000 fitness= 78.0000 age=0
-->8--
         23       7 
      9      21      20
      2       8       3 
 10      15      19      17
 13      14       6      11
     24      16      22 
      5      18       4
          1      12 
--8<--
found: sum= 80.0000 var=  0.0000 fitness= 80.0000 age=0
-->8--
          6       1 
      4      23      17
     24       9      18 
 13      14      12       5
  7      20      15       8
      2      10      22 
     16      11       3
         21      19 
--8<--
found: sum= 79.0000 var=  0.0000 fitness= 79.0000 age=0
-->8--
          6      12 
      1       8      14
     19      21      20 
  3      24       4      22
  9       7       5      13
     17      18      15 
     11      16      23
         10       2 
--8<--
found: sum= 72.0000 var=  0.0000 fitness= 72.0000 age=0
-->8--
          5       4 
     24       7      15
      6      22      14 
 13       8      10      23
 16       9       2      11
     20      21      12 
      3       1      17
         18      19 
--8<--
found: sum= 77.0000 var=  0.0000 fitness= 77.0000 age=0
-->8--
         19      12 
     13       7      20
     24       6      22 
  9       8      10      18
  3      17      21       1
     16      15       5 
     14      11       2
          4      23 
--8<--
found: sum= 77.0000 var=  0.0000 fitness= 77.0000 age=0
-->8--
          1       3 
      4       6      20
     23      22      19 
 10      21       7      11
  2       8      14      17
     13       5       9 
     12      15      16
         24      18 
--8<--
found: sum= 77.0000 var=  0.0000 fitness= 77.0000 age=0
-->8--
         15      13 
      2      19      16
     24       5      10 
  6      12      14      11
  8      23       3      18
      4      20      21 
      1       7       9
         22      17 
--8<--
found: sum= 78.0000 var=  0.0000 fitness= 78.0000 age=0
-->8--
         12       1 
      4      18       9
     11      16      19 
 23      17      15       2
  6      13       7      21
      8      10      14 
      3      20       5
         24      22 
--8<--
found: sum= 77.0000 var=  0.0000 fitness= 77.0000 age=0
-->8--
          2       5 
     18       4      15
     16      23      24 
 12      14       6       9
  7      11      22      13
     17       1       3 
      8      21      10
         19      20 
--8<--
found: sum= 73.0000 var=  0.0000 fitness= 73.0000 age=0
-->8--
         22      18 
     17      19       8
      6       7      12 
 15       2       9      24
 23      14      20       3
     13      21       5 
     11      10       1
          4      16 
--8<--
found: sum= 70.0000 var=  0.0000 fitness= 70.0000 age=0
-->8--
         13      19 
     21      10       9
      6       3      24 
 11      17       5      22
 16      18       4       8
      2      23       7 
     14       1      20
         12      15 
--8<--
found: sum= 73.0000 var=  0.0000 fitness= 73.0000 age=0
-->8--
         17      12 
     18       3       9
     13      14      20 
  4       8      15       2
 21       5       7      23
     22      24       6 
     11       1      19
         10      16 
--8<--
found: sum= 77.0000 var=  0.0000 fitness= 77.0000 age=0
-->8--
          1      22 
      6      11      12
     24      16       2 
  9      19      14      13
  3      17       7      21
      5       4      20 
     10      23      15
         18       8 
--8<--
found: sum= 74.0000 var=  0.0000 fitness= 74.0000 age=0
-->8--
          1      10 
     24       7      23
     16       4      19 
  3      22      11      15
  8       5      18       9
     20      14       2 
     17       6      13
         12      21 
--8<--
found: sum= 75.0000 var=  0.0000 fitness= 75.0000 age=0
-->8--
          1       8 
     24       2      17
     12      21      23 
 10      15       4       7
  6      19       5      14
     13      11      22 
     20       3      18
          9      16 
--8<--
found: sum= 78.0000 var=  0.0000 fitness= 78.0000 age=0
-->8--
         15       4 
     13      11      17
     14      18      22 
 21       7       6       9
 10      23       5      20
      3      19      16 
      8      24      12
          1       2 
--8<--
found: sum= 77.0000 var=  0.0000 fitness= 77.0000 age=0
-->8--
         21      19 
      5      23       6
     13      12      16 
 18       3       1      10
  8      20      17      22
     15      24      11 
      9       7       4
          2      14 
--8<--
found: sum= 73.0000 var=  0.0000 fitness= 73.0000 age=0
-->8--
         21      19 
      5      18      16
      9      17       2 
 22       3       1      23
  4      20      24      13
     15       8      10 
     12      11       6
          7      14 
--8<--
found: sum= 79.0000 var=  0.0000 fitness= 79.0000 age=0
-->8--
         10       5 
      1      24      17
     19      12       7 
 20      13      14       2
  8       3      15      18
     16      22      23 
     11       6       4
         21       9 
--8<--
found: sum= 82.0000 var=  0.0000 fitness= 82.0000 age=0
-->8--
         19       4 
      1      24      10
     22      13      16 
 12       3      15      11
  2      20      14       8
     23      17      18 
      9       7      21
          6       5 
--8<--
found: sum= 78.0000 var=  0.0000 fitness= 78.0000 age=0
-->8--
          2       1 
     20      14      15
      9      16      24 
  5      17       8      10
 18      22      11      12
      7       4      13 
     19      23      21
          3       6 
--8<--
found: sum= 71.0000 var=  0.0000 fitness= 71.0000 age=0
-->8--
          2      13 
     15      21       9
      3      19       4 
 17      11       5      24
 18       8       6      20
     14      22      12 
     16       1       7
         10      23 
--8<--
found: sum= 70.0000 var=  0.0000 fitness= 70.0000 age=0
-->8--
         17      11 
     23       3      24
     19       2       9 
  5       6      21       1
 18      14      15      20
      8      12       4 
     13       7      10
         16      22 
--8<--
found: sum= 77.0000 var=  0.0000 fitness= 77.0000 age=0
-->8--
          9       5 
      2      18      17
     15      20      11 
 21      13       6      22
  4      23       8      14
      1       7      16 
      3      24      12
         19      10 
--8<--
found: sum= 75.0000 var=  0.0000 fitness= 75.0000 age=0
-->8--
          2      23 
     17       5       3
     21      22       4 
 24       8      18      20
  1       6      12       7
     15       9      14 
     19      16      13
         10      11 
--8<--
found: sum= 76.0000 var=  0.0000 fitness= 76.0000 age=0
-->8--
          9       1 
      7      23      11
     22      13       4 
 20       2      24       3
  5      12      17      18
     15       8      10 
     14       6      19
         21      16 
--8<--
found: sum= 79.0000 var=  0.0000 fitness= 79.0000 age=0
-->8--
          7      10 
      4      19      20
     18      15      12 
  6      16       3       1
  5      21      22      17
     13       2      24 
     23       9       8
         11      14 
--8<--
found: sum= 81.0000 var=  0.0000 fitness= 81.0000 age=0
-->8--
          2      21 
      1      23       6
     20      16       5 
  4      19      10      24
  8      13      11       9
     17      12      22 
      7      18       3
         14      15 
--8<--
found: sum= 78.0000 var=  0.0000 fitness= 78.0000 age=0
-->8--
          7      12 
      1      18       5
     22       9      15 
 16      21      19       3
  2      13       6      24
      4      10      11 
     23      20      14
          8      17 
--8<--
found: sum= 80.0000 var=  0.0000 fitness= 80.0000 age=0
-->8--
         16      13 
     12       8       4
     20      14      19 
  9      10      22      11
  3      23       6       1
     15       5      21 
     18      17       7
          2      24 
--8<--
found: sum= 81.0000 var=  0.0000 fitness= 81.0000 age=0
-->8--
          9       4 
      8      23      16
     17      18       7 
 11       6      13       2
 22      10      14      21
     15      20      24 
      5      19       1
         12       3 
--8<--
found: sum= 77.0000 var=  0.0000 fitness= 77.0000 age=0
-->8--
          1      15 
      9      14      17
     21      13       8 
 24      19      10      20
  4       2      11       5
      7      22      23 
     16      12       6
         18       3 
--8<--
found: sum= 72.0000 var=  0.0000 fitness= 72.0000 age=0
-->8--
         20      14 
      2      21       6
     10       8       4 
 23      11      19      16
 18       7      15      13
      3      12       5 
      9      17      22
         24       1 
--8<--
found: sum= 78.0000 var=  0.0000 fitness= 78.0000 age=0
-->8--
          3      14 
     17       7       9
     16      13      23 
 21      22      12      10
  2      11       5       8
      6      15      20 
     24      18      19
          4       1 
--8<--
found: sum= 76.0000 var=  0.0000 fitness= 76.0000 age=0
-->8--
         18      22 
     16       3      14
     21       6      23 
 10      12       8       1
  9       7      19      20
     17      24       5 
     13      11      15
          4       2 
--8<--
found: sum= 80.0000 var=  0.0000 fitness= 80.0000 age=0
-->8--
         12       3 
     15      13       4
     18      20      16 
 14       2      24      19
  7      17       6       5
     22      11      10 
      1      21       9
          8      23 
--8<--
found: sum= 77.0000 var=  0.0000 fitness= 77.0000 age=0
-->8--
         13       8 
      9      17      23
     22       4      19 
 16      12       6       5
  1      24      11      21
      2      20      15 
     14      10      18
          7       3 
--8<--
found: sum= 75.0000 var=  0.0000 fitness= 75.0000 age=0
-->8--
          7       4 
      1      12      11
     15      18      16 
 23      22      14       9
 10       3      13      17
      2       5       6 
     21      24      19
         20       8 
--8<--
found: sum= 76.0000 var=  0.0000 fitness= 76.0000 age=0
-->8--
         19       4 
      1      20      11
      9      10      24 
 12      17       7       6
 21       3      16      18
     14      23       5 
     15       8       2
         13      22 
--8<--
found: sum= 74.0000 var=  0.0000 fitness= 74.0000 age=0
-->8--
          9       2 
      8      24      22
     17       1       7 
 14      15      18      21
 10      12       5      20
      6      23       3 
      4      13      19
         16      11 
--8<--
found: sum= 75.0000 var=  0.0000 fitness= 75.0000 age=0
-->8--
         18       2 
      9      13      17
      1      14      10 
  5      20      19       6
 22      11       4      24
     16       7      12 
     15      23       8
          3      21 
--8<--
found: sum= 77.0000 var=  0.0000 fitness= 77.0000 age=0
-->8--
          2      17 
     13      24      11
     23       1       8 
 12      14      16       9
  4       6      19      20
     18      21       5 
     10       7      22
         15       3 
--8<--
found: sum= 83.0000 var=  0.0000 fitness= 83.0000 age=0
-->8--
         10       5 
      1      21      15
     22       6      20 
  7      23      16       3
  2      18       8      19
     11      12      17 
      4      24       9
         14      13 
--8<--
found: sum= 73.0000 var=  0.0000 fitness= 73.0000 age=0
-->8--
         24      22 
      1      11      14
     13       3       5 
  2      21      18      17
 16      15       4       9
      6      12      20 
      7      10       8
         23      19 
--8<--
found: sum= 70.0000 var=  0.0000 fitness= 70.0000 age=0
-->8--
         15       5 
     23       1      17
      7      18      16 
 24       6      13      20
 11      19       4       8
      3      10       9 
     22      14      21
          2      12 
--8<--
execution time: real 0.292021s user 0.264959s sys 0.000000s
GA: P=1024 K=512 sp=2 xover=2D/1 aging
generation #2: pop m= 76.765 v=0.201 f= 74.695
best: found: sum= 83.0000 var=  0.0000 fitness= 83.0000 age=1
-->8--
         10       5 
      1      21      15
     22       6      20 
  7      23      16       3
  2      18       8      19
     11      12      17 
      4      24       9
         14      13 
--8<--
found: sum= 78.0000 var=  0.0000 fitness= 78.0000 age=1
-->8--
          3      14 
     17       7       9
     16      13      23 
 21      22      12      10
  2      11       5       8
      6      15      20 
     24      18      19
          4       1 
--8<--
found: sum= 75.0000 var=  0.0000 fitness= 75.0000 age=2
-->8--
          1       8 
     24       2      17
     12      21      23 
 10      15       4       7
  6      19       5      14
     13      11      22 
     20       3      18
          9      16 
--8<--
found: sum= 73.0000 var=  0.0000 fitness= 73.0000 age=2
-->8--
         22      18 
     17      19       8
      6       7      12 
 15       2       9      24
 23      14      20       3
     13      21       5 
     11      10       1
          4      16 
--8<--
found: sum= 78.0000 var=  0.0000 fitness= 78.0000 age=2
-->8--
          7       6 
     23      12      11
      5       9      19 
 18      22      21       2
  1      15       8       4
     17       3      24 
     14      13      10
         16      20 
--8<--
found: sum= 75.0000 var=  0.0000 fitness= 75.0000 age=1
-->8--
          7       4 
      1      12      11
     15      18      16 
 23      22      14       9
 10       3      13      17
      2       5       6 
     21      24      19
         20       8 
--8<--
found: sum= 71.0000 var=  0.0000 fitness= 71.0000 age=1
-->8--
          2      13 
     15      21       9
      3      19       4 
 17      11       5      24
 18       8       6      20
     14      22      12 
     16       1       7
         10      23 
--8<--
found: sum= 77.0000 var=  0.0000 fitness= 77.0000 age=2
-->8--
          1       3 
      4       6      20
     23      22      19 
 10      21       7      11
  2       8      14      17
     13       5       9 
     12      15      16
         24      18 
--8<--
found: sum= 77.0000 var=  0.0000 fitness= 77.0000 age=2
-->8--
         21      19 
      5      23       6
     13      12      16 
 18       3       1      10
  8      20      17      22
     15      24      11 
      9       7       4
          2      14 
--8<--
found: sum= 80.0000 var=  0.0000 fitness= 80.0000 age=2
-->8--
          8       5 
      7      19       4
     12      24      22 
 11      10       6      13
 17      16       1      20
     14      23      18 
      9      15      21
          3       2 
--8<--
found: sum= 78.0000 var=  0.0000 fitness= 78.0000 age=2
-->8--
          4      23 
      5      10      13
     22      17      12 
  2      20       3      15
 19       9      18      14
      6      11      16 
     21      24       8
          7       1 
--8<--
found: sum= 77.0000 var=  0.0000 fitness= 77.0000 age=2
-->8--
         14      16 
      1      24       9
     17       2      11 
  7      19      15       3
  4      20       8      22
     10      13      18 
      6       5      12
         23      21 
--8<--
found: sum= 77.0000 var=  0.0000 fitness= 77.0000 age=1
-->8--
          9       5 
      2      18      17
     15      20      11 
 21      13       6      22
  4      23       8      14
      1       7      16 
      3      24      12
         19      10 
--8<--
found: sum= 79.0000 var=  0.0000 fitness= 79.0000 age=2
-->8--
          1      19 
      6      23       7
     21      13      14 
  8      15       3      24
  2      17      11      18
     16      20       9 
      4      12      22
         10       5 
--8<--
found: sum= 70.0000 var=  0.0000 fitness= 70.0000 age=2
-->8--
         13      19 
     21      10       9
      6       3      24 
 11      17       5      22
 16      18       4       8
      2      23       7 
     14       1      20
         12      15 
--8<--
found: sum= 72.0000 var=  0.0000 fitness= 72.0000 age=1
-->8--
         20      14 
      2      21       6
     10       8       4 
 23      11      19      16
 18       7      15      13
      3      12       5 
      9      17      22
         24       1 
--8<--
found: sum= 72.0000 var=  0.0000 fitness= 72.0000 age=2
-->8--
          5       4 
     24       7      15
      6      22      14 
 13       8      10      23
 16       9       2      11
     20      21      12 
      3       1      17
         18      19 
--8<--
found: sum= 78.0000 var=  0.0000 fitness= 78.0000 age=2
-->8--
         20      24 
      4      13       9
     16       3      12 
  2      22      17       6
  8      11      15      21
     19      10       7 
     14      23      18
          1       5 
--8<--
found: sum= 81.0000 var=  0.0000 fitness= 81.0000 age=2
-->8--
          1      15 
      9      11      12
     24      23      16 
  8      13       4      20
  5      17      21       2
     14       3      18 
      6      22      10
         19       7 
--8<--
found: sum= 77.0000 var=  0.0000 fitness= 77.0000 age=1
-->8--
          2      17 
     13      24      11
     23       1       8 
 12      14      16       9
  4       6      19      20
     18      21       5 
     10       7      22
         15       3 
--8<--
found: sum= 79.0000 var=  0.0000 fitness= 79.0000 age=2
-->8--
         18      19 
      5      20       1
     11      13      22 
  7      12       4      16
 10      24      23       8
     15       3       6 
      2      21       9
         14      17 
--8<--
found: sum= 75.0000 var=  0.0000 fitness= 75.0000 age=2
-->8--
         20      14 
     13      22      12
      1       8       3 
 18      11      16      10
  9      15      23      19
     21       2       4 
      6      24      17
          7       5 
--8<--
found: sum= 80.0000 var=  0.0000 fitness= 80.0000 age=2
-->8--
          6       1 
      4      23      17
     24       9      18 
 13      14      12       5
  7      20      15       8
      2      10      22 
     16      11       3
         21      19 
--8<--
found: sum= 77.0000 var=  0.0000 fitness= 77.0000 age=1
-->8--
          1      15 
      9      14      17
     21      13       8 
 24      19      10      20
  4       2      11       5
      7      22      23 
     16      12       6
         18       3 
--8<--
found: sum= 75.0000 var=  0.0000 fitness= 75.0000 age=1
-->8--
         18       2 
      9      13      17
      1      14      10 
  5      20      19       6
 22      11       4      24
     16       7      12 
     15      23       8
          3      21 
--8<--
found: sum= 78.0000 var=  0.0000 fitness= 78.0000 age=2
-->8--
         12       1 
      4      18       9
     11      16      19 
 23      17      15       2
  6      13       7      21
      8      10      14 
      3      20       5
         24      22 
--8<--
found: sum= 77.0000 var=  0.0000 fitness= 77.0000 age=1
-->8--
         13       8 
      9      17      23
     22       4      19 
 16      12       6       5
  1      24      11      21
      2      20      15 
     14      10      18
          7       3 
--8<--
found: sum= 74.0000 var=  0.0000 fitness= 74.0000 age=1
-->8--
          9       2 
      8      24      22
     17       1       7 
 14      15      18      21
 10      12       5      20
      6      23       3 
      4      13      19
         16      11 
--8<--
found: sum= 74.0000 var=  0.0000 fitness= 74.0000 age=2
-->8--
          1      10 
     24       7      23
     16       4      19 
  3      22      11      15
  8       5      18       9
     20      14       2 
     17       6      13
         12      21 
--8<--
found: sum= 78.0000 var=  0.0000 fitness= 78.0000 age=2
-->8--
         15       4 
     13      11      17
     14      18      22 
 21       7       6       9
 10      23       5      20
      3      19      16 
      8      24      12
          1       2 
--8<--
found: sum= 70.0000 var=  0.0000 fitness= 70.0000 age=1
-->8--
         17      11 
     23       3      24
     19       2       9 
  5       6      21       1
 18      14      15      20
      8      12       4 
     13       7      10
         16      22 
--8<--
found: sum= 76.0000 var=  0.0000 fitness= 76.0000 age=1
-->8--
          9       1 
      7      23      11
     22      13       4 
 20       2      24       3
  5      12      17      18
     15       8      10 
     14       6      19
         21      16 
--8<--
found: sum= 79.0000 var=  0.0000 fitness= 79.0000 age=1
-->8--
          7      10 
      4      19      20
     18      15      12 
  6      16       3       1
  5      21      22      17
     13       2      24 
     23       9       8
         11      14 
--8<--
found: sum= 77.0000 var=  0.0000 fitness= 77.0000 age=2
-->8--
         15      13 
      2      19      16
     24       5      10 
  6      12      14      11
  8      23       3      18
      4      20      21 
      1       7       9
         22      17 
--8<--
found: sum= 82.0000 var=  0.0000 fitness= 82.0000 age=1
-->8--
         19       4 
      1      24      10
     22      13      16 
 12       3      15      11
  2      20      14       8
     23      17      18 
      9       7      21
          6       5 
--8<--
found: sum= 73.0000 var=  0.0000 fitness= 73.0000 age=2
-->8--
         17      12 
     18       3       9
     13      14      20 
  4       8      15       2
 21       5       7      23
     22      24       6 
     11       1      19
         10      16 
--8<--
found: sum= 80.0000 var=  0.0000 fitness= 80.0000 age=1
-->8--
         12       3 
     15      13       4
     18      20      16 
 14       2      24      19
  7      17       6       5
     22      11      10 
      1      21       9
          8      23 
--8<--
found: sum= 75.0000 var=  0.0000 fitness= 75.0000 age=2
-->8--
         18      19 
     10      20       8
     22       1      11 
 15       4      16       9
  5      23      14      12
      6      17      13 
     24       3      21
          2       7 
--8<--
found: sum= 82.0000 var=  0.0000 fitness= 82.0000 age=2
-->8--
          9      12 
     10      22       3
     23      16      14 
 19       2      15       5
  1      24      21       7
     13       4      20 
      6      18      11
         17       8 
--8<--
found: sum= 76.0000 var=  0.0000 fitness= 76.0000 age=1
-->8--
         18      22 
     16       3      14
     21       6      23 
 10      12       8       1
  9       7      19      20
     17      24       5 
     13      11      15
          4       2 
--8<--
found: sum= 79.0000 var=  0.0000 fitness= 79.0000 age=2
-->8--
          6      12 
      1       8      14
     19      21      20 
  3      24       4      22
  9       7       5      13
     17      18      15 
     11      16      23
         10       2 
--8<--
found: sum= 79.0000 var=  0.0000 fitness= 79.0000 age=2
-->8--
         10       5 
      1      24      17
     19      12       7 
 20      13      14       2
  8       3      15      18
     16      22      23 
     11       6       4
         21       9 
--8<--
found: sum= 78.0000 var=  0.0000 fitness= 78.0000 age=1
-->8--
          7      12 
      1      18       5
     22       9      15 
 16      21      19       3
  2      13       6      24
      4      10      11 
     23      20      14
          8      17 
--8<--
found: sum= 78.0000 var=  0.0000 fitness= 78.0000 age=2
-->8--
         10       6 
      2      18      16
     24      11      23 
 12      13       4       5
  9      17      19      20
      3      14       7 
      8      15      22
         21       1 
--8<--
found: sum= 78.0000 var=  0.0000 fitness= 78.0000 age=1
-->8--
          2       1 
     20      14      15
      9      16      24 
  5      17       8      10
 18      22      11      12
      7       4      13 
     19      23      21
          3       6 
--8<--
found: sum= 81.0000 var=  0.0000 fitness= 81.0000 age=1
-->8--
          2      21 
      1      23       6
     20      16       5 
  4      19      10      24
  8      13      11       9
     17      12      22 
      7      18       3
         14      15 
--8<--
found: sum= 72.0000 var=  0.0000 fitness= 72.0000 age=2
-->8--
         14      23 
     19       4      17
      5      20       7 
  2      10       1      11
 21      22      13      16
     12       6      24 
      9       8       3
         15      18 
--8<--
found: sum= 74.0000 var=  0.0000 fitness= 74.0000 age=2
-->8--
         23      12 
     21      19      17
      2       3       5 
  7       6      18       4
 20      15      22      16
     24      10       9 
      1      11       8
         13      14 
--8<--
found: sum= 77.0000 var=  0.0000 fitness= 77.0000 age=2
-->8--
          2       5 
     18       4      15
     16      23      24 
 12      14       6       9
  7      11      22      13
     17       1       3 
      8      21      10
         19      20 
--8<--
found: sum= 76.0000 var=  0.0000 fitness= 76.0000 age=1
-->8--
         19       4 
      1      20      11
      9      10      24 
 12      17       7       6
 21       3      16      18
     14      23       5 
     15       8       2
         13      22 
--8<--
found: sum= 78.0000 var=  0.0000 fitness= 78.0000 age=2
-->8--
          1      17 
      4      14      10
     24      12      22 
  2      23       3      21
 18       5      16       7
      6      19       9 
     20      15      11
         13       8 
--8<--
found: sum= 82.0000 var=  0.0000 fitness= 82.0000 age=2
-->8--
         14      16 
      8      24       7
     21       3      17 
  2      12      15      13
  9      18      11       4
     20      23      22 
     10       6      19
          5       1 
--8<--
found: sum= 70.0000 var=  0.0000 fitness= 70.0000 age=1
-->8--
         15       5 
     23       1      17
      7      18      16 
 24       6      13      20
 11      19       4       8
      3      10       9 
     22      14      21
          2      12 
--8<--
found: sum= 77.0000 var=  0.0000 fitness= 77.0000 age=2
-->8--
         23      13 
     12       2      24
     20      11      22 
  7       9       5      10
  8      19      15       4
     14      18      21 
      3       6       1
         17      16 
--8<--
found: sum= 80.0000 var=  0.0000 fitness= 80.0000 age=1
-->8--
         16      13 
     12       8       4
     20      14      19 
  9      10      22      11
  3      23       6       1
     15       5      21 
     18      17       7
          2      24 
--8<--
found: sum= 76.0000 var=  0.0000 fitness= 76.0000 age=2
-->8--
          1      21 
     17      13      12
     11      15       5 
  7      19      10      18
  3      14      16       4
     22       2      23 
      8       6       9
         24      20 
--8<--
found: sum= 77.0000 var=  0.0000 fitness= 77.0000 age=2
-->8--
         19      12 
     13       7      20
     24       6      22 
  9       8      10      18
  3      17      21       1
     16      15       5 
     14      11       2
          4      23 
--8<--
found: sum= 75.0000 var=  0.0000 fitness= 75.0000 age=1
-->8--
          2      23 
     17       5       3
     21      22       4 
 24       8      18      20
  1       6      12       7
     15       9      14 
     19      16      13
         10      11 
--8<--
found: sum= 77.0000 var=  0.0000 fitness= 77.0000 age=2
-->8--
          1      22 
      6      11      12
     24      16       2 
  9      19      14      13
  3      17       7      21
      5       4      20 
     10      23      15
         18       8 
--8<--
found: sum= 78.0000 var=  0.0000 fitness= 78.0000 age=2
-->8--
         23       7 
      9      21      20
      2       8       3 
 10      15      19      17
 13      14       6      11
     24      16      22 
      5      18       4
          1      12 
--8<--
found: sum= 73.0000 var=  0.0000 fitness= 73.0000 age=1
-->8--
         24      22 
      1      11      14
     13       3       5 
  2      21      18      17
 16      15       4       9
      6      12      20 
      7      10       8
         23      19 
--8<--
found: sum= 73.0000 var=  0.0000 fitness= 73.0000 age=2
-->8--
         19       5 
     24       7      15
      4      18      22 
 16       1       6      12
  8      23      11      13
     21      14       9 
      3       2      17
         10      20 
--8<--
found: sum= 81.0000 var=  0.0000 fitness= 81.0000 age=1
-->8--
          9       4 
      8      23      16
     17      18       7 
 11       6      13       2
 22      10      14      21
     15      20      24 
      5      19       1
         12       3 
--8<--
found: sum= 73.0000 var=  0.0000 fitness= 73.0000 age=2
-->8--
         21      19 
      5      18      16
      9      17       2 
 22       3       1      23
  4      20      24      13
     15       8      10 
     12      11       6
          7      14 
--8<--
