found: sum= 78.0000 var=  0.0000 fitness= 78.0000 age=0
-->8--
         21      24 
      1      11       7
     22      14       2 
 16       9      20      18
  5       3      19       4
     23      13      15 
     10      17       6
         12       8 
--8<--
found: sum= 76.0000 var=  0.0000 fitness= 76.0000 age=0
-->8--
         24       4 
      3       8      23
     15       6      17 
 16      20      18       2
  5       1      22      10
     19       9       7 
     12      14      13
         21      11 
--8<--
found: sum= 76.0000 var=  0.0000 fitness= 76.0000 age=0
-->8--
          1       2 
     18       3      17
     21      11      23 
 14      22      20      13
  5       6       7       4
      8      10       9 
     24      16      15
         12      19 
--8<--
found: sum= 77.0000 var=  0.0000 fitness= 77.0000 age=0
-->8--
          2       3 
     18      22       5
      6      17       9 
 11      12      21       4
 23       1       7      20
     24      19      16 
     15       8      13
         10      14 
--8<--
found: sum= 77.0000 var=  0.0000 fitness= 77.0000 age=0
-->8--
         23      18 
      5      15       1
      6       8      22 
  7      20      13       2
 14       9      24      12
     21       3       4 
     16      17      10
         11      19 
--8<--
found: sum= 76.0000 var=  0.0000 fitness= 76.0000 age=0
-->8--
          2       9 
      1      12      19
     16      24       4 
  6      21       8      17
 15       7      13      20
     11       3      14 
     22      23      18
         10       5 
--8<--
found: sum= 82.0000 var=  0.0000 fitness= 82.0000 age=0
-->8--
          8       1 
      6      18       9
     14      21      23 
 11      15      10       4
 17       5      24       2
     20       7      19 
     12      16      13
         22       3 
--8<--
found: sum= 73.0000 var=  0.0000 fitness= 73.0000 age=0
-->8--
          6      16 
      3       4      20
     21      15      11 
 13      24       7      14
  1      12      10      22
      2       5       9 
     17      18       8
         19      23 
--8<--
found: sum= 77.0000 var=  0.0000 fitness= 77.0000 age=0
-->8--
         12      23 
     20      11       9
      3       7      19 
 10      24       8      14
  5      22       1      17
     13      15      18 
      4      21      16
          2       6 
--8<--
found: sum= 78.0000 var=  0.0000 fitness= 78.0000 age=0
-->8--
         16       9 
      3      24       5
     11      23       2 
 17       1      15       4
 10      19      14      22
     20       6      21 
      8      12      18
         13       7 
--8<--
found: sum= 75.0000 var=  0.0000 fitness= 75.0000 age=0
-->8--
         14      21 
     20       4       1
      3      16      22 
  8      18      11       5
 24       9      15      12
     13       6      10 
     17      23       2
          7      19 
--8<--
found: sum= 80.0000 var=  0.0000 fitness= 80.0000 age=0
-->8--
          4       2 
      8      13      24
     22      14      20 
  1      19       7      12
 18      11      23       3
      9       6      15 
     16      21       5
         17      10 
--8<--
found: sum= 75.0000 var=  0.0000 fitness= 75.0000 age=0
-->8--
          7       5 
      4      24      12
      8      13       1 
 18      19      20      17
  9       6       3      23
     15      14      11 
      2      16      21
         22      10 
--8<--
found: sum= 76.0000 var=  0.0000 fitness= 76.0000 age=0
-->8--
         13      18 
      4       8       5
      9      19      16 
 11      23      10       6
 17       1      21       3
     15       2      20 
     24      12      14
         22       7 
--8<--
found: sum= 79.0000 var=  0.0000 fitness= 79.0000 age=0
-->8--
          8       3 
     13      19      12
     15       7      24 
 20      17      14      22
  1      16       2      11
     10      23       6 
      5      21       9
          4      18 
--8<--
found: sum= 77.0000 var=  0.0000 fitness= 77.0000 age=0
-->8--
          1       7 
      6       3      13
     21      24      18 
 11      22      12       5
  4       2       9      23
     17       8      10 
     15      16      14
         19      20 
--8<--
found: sum= 77.0000 var=  0.0000 fitness= 77.0000 age=0
-->8--
          2      16 
      4      12       5
     23      21      22 
 13      15       1      10
  9       3      20      18
     14      17       6 
     24       8      19
         11       7 
--8<--
found: sum= 77.0000 var=  0.0000 fitness= 77.0000 age=0
-->8--
          5       1 
     16       9      22
     20      19      23 
 14       8       3      18
  7      11      12      15
     17      24       6 
     13      10       4
          2      21 
--8<--
found: sum= 78.0000 var=  0.0000 fitness= 78.0000 age=0
-->8--
         14      21 
     10      18       6
     22       1      24 
  7      13       8      20
 11      16      17       4
      9      23       5 
     15      12       2
          3      19 
--8<--
found: sum= 77.0000 var=  0.0000 fitness= 77.0000 age=0
-->8--
          4      10 
     22      21      14
      8       5      24 
 15      17       3      16
 13      23      20       2
      1       9      12 
     18      19      11
          7       6 
--8<--
found: sum= 76.0000 var=  0.0000 fitness= 76.0000 age=0
-->8--
         19       5 
     16      20      18
      8       1      11 
 24      12      21       2
  6      22      13      15
      4       7      14 
      3      23      10
         17       9 
--8<--
found: sum= 77.0000 var=  0.0000 fitness= 77.0000 age=0
-->8--
         23       2 
      7       9      24
     12       8      21 
 20      18      13      16
  1      11      17       4
     15      10       6 
     14      22      19
          5       3 
--8<--
found: sum= 73.0000 var=  0.0000 fitness= 73.0000 age=0
-->8--
          1       4 
     12       3      18
     19      16      11 
 13      22      21      10
  8       5       2      20
      6       7       9 
     15      17      14
         23      24 
--8<--
found: sum= 74.0000 var=  0.0000 fitness= 74.0000 age=0
-->8--
          7       9 
      4       6       8
     24      20      19 
 14      13      12      22
 15       5       1      18
      3      23       2 
     10      16      11
         17      21 
--8<--
found: sum= 73.0000 var=  0.0000 fitness= 73.0000 age=0
-->8--
         16       6 
      8      15      14
     10       5       9 
 21      19      24      18
 17       2      12       3
      4      11       7 
     23      20      22
         13       1 
--8<--
found: sum= 74.0000 var=  0.0000 fitness= 74.0000 age=0
-->8--
          5       6 
     19      20       3
      1      17       7 
 23      12      21       8
 10       4       9      13
     24      11      16 
     18       2      14
         15      22 
--8<--
found: sum= 75.0000 var=  0.0000 fitness= 75.0000 age=0
-->8--
         22      12 
      2       7       8
     15      23      24 
 13       6       1      11
 20      16      19      17
      5      10       3 
     14      21      18
          9       4 
--8<--
found: sum= 74.0000 var=  0.0000 fitness= 74.0000 age=0
-->8--
         13       7 
      6      15      18
      3      21       8 
 20      16       5       1
 10       2      19      24
     23      11      17 
     12       4      14
         22       9 
--8<--
found: sum= 78.0000 var=  0.0000 fitness= 78.0000 age=0
-->8--
          6      12 
     21      14       2
     10      20       8 
 23       7      22       5
  9      11      15       4
     18       3      24 
     17      16      19
         13       1 
--8<--
found: sum= 80.0000 var=  0.0000 fitness= 80.0000 age=0
-->8--
         12      15 
      8       5      20
     24       9      21 
  1      22      10      13
  3      14       6       7
     16      19      23 
     18      11       4
          2      17 
--8<--
found: sum= 74.0000 var=  0.0000 fitness= 74.0000 age=0
-->8--
          1      17 
     22      23       8
     12      10       7 
 15       6       9      24
 19      18      11       2
      4      20      21 
     16       3      14
         13       5 
--8<--
found: sum= 79.0000 var=  0.0000 fitness= 79.0000 age=0
-->8--
          5       2 
      7       6      15
     14      24      20 
 11      23      12       4
  1       8       9      18
     22       3      16 
     10      17      13
         19      21 
--8<--
found: sum= 77.0000 var=  0.0000 fitness= 77.0000 age=0
-->8--
          4      16 
     17      20       5
      6      12       2 
 19      18      22      13
  7       3      21       9
     24       1      10 
     11      23      14
         15       8 
--8<--
found: sum= 79.0000 var=  0.0000 fitness= 79.0000 age=0
-->8--
         15       1 
      5      20       6
      7      23      21 
 18       9       8      10
 22      11       4      17
     12      24      19 
     14      16      13
          2       3 
--8<--
found: sum= 73.0000 var=  0.0000 fitness= 73.0000 age=0
-->8--
         19      23 
     21       4      10
      6       3      24 
 16      20       9      15
 13      17       2       5
      1      22      18 
      7      12       8
         14      11 
--8<--
found: sum= 80.0000 var=  0.0000 fitness= 80.0000 age=0
-->8--
          8       4 
      3      24       6
      5      23      21 
 14      17       2       1
 15       9      22      16
     20       7      18 
     19      12      11
         13      10 
--8<--
found: sum= 73.0000 var=  0.0000 fitness= 73.0000 age=0
-->8--
          9       3 
     24      12      20
      2      21      11 
 19       5       6       1
 17       8      23      18
     22      10      14 
     16       4       7
         13      15 
--8<--
found: sum= 78.0000 var=  0.0000 fitness= 78.0000 age=0
-->8--
          4      19 
     13      23      10
      7      11       9 
 17      20       6       8
  1      18      21      22
     15       2      12 
      3      24       5
         16      14 
--8<--
found: sum= 78.0000 var=  0.0000 fitness= 78.0000 age=0
-->8--
         16       4 
     17       5      15
      7      22      13 
 14      11      19       1
 20       8      12       9
     18       6      24 
     21      23      10
          2       3 
--8<--
found: sum= 74.0000 var=  0.0000 fitness= 74.0000 age=0
-->8--
         22      11 
     16      18      17
      1       3      19 
  9      14       6       5
 12      23      24      13
     15       4       7 
     20      10       8
          2      21 
--8<--
found: sum= 78.0000 var=  0.0000 fitness= 78.0000 age=0
-->8--
          1       5 
     19       7      16
     24      21      17 
 10       6      12      23
  4      20      11       2
     14       8      13 
     18      15       9
          3      22 
--8<--
found: sum= 79.0000 var=  0.0000 fitness= 79.0000 age=0
-->8--
          5       1 
     16       4      18
      9      22      24 
 13      23      10      15
 11       3       7       6
     20      14      17 
     19      21       8
          2      12 
--8<--
found: sum= 76.0000 var=  0.0000 fitness= 76.0000 age=0
-->8--
         18      16 
      9      19       6
      3      17       7 
 14      10      11       5
 22       4      21      24
     23      13       8 
     15      20      12
          1       2 
--8<--
found: sum= 78.0000 var=  0.0000 fitness= 78.0000 age=0
-->8--
          2      17 
     15      18       9
      4      23       3 
 10      16       8      22
 11      13       6      19
     24      12      20 
      7      21      14
          1       5 
--8<--
found: sum= 81.0000 var=  0.0000 fitness= 81.0000 age=0
-->8--
         10       9 
      3      17       6
     23       7      20 
 11      21      22       1
  5      13      16       4
      8       2      18 
     24      19      14
         15      12 
--8<--
found: sum= 71.0000 var=  0.0000 fitness= 71.0000 age=0
-->8--
         21      18 
     23       3      24
      4       5       1 
 11      15      20      10
 19       9      16       2
     13       6      22 
     17      12       8
         14       7 
--8<--
found: sum= 74.0000 var=  0.0000 fitness= 74.0000 age=0
-->8--
         16       9 
     21      18      13
     10       5      12 
 15       4      17       1
  3      22      19      23
     20       7       2 
      6       8      14
         11      24 
--8<--
found: sum= 81.0000 var=  0.0000 fitness= 81.0000 age=0
-->8--
          6      12 
     23      17       7
     18       4      22 
 11      13      19      20
  3      21      10       1
     15      14       9 
      5      24      16
          2       8 
--8<--
found: sum= 81.0000 var=  0.0000 fitness= 81.0000 age=0
-->8--
         20       8 
      1      14       6
     23      19      13 
 24       4      21       2
  3       9      16       7
     18      12      22 
     17      15       5
         10      11 
--8<--
found: sum= 78.0000 var=  0.0000 fitness= 78.0000 age=0
-->8--
         10       6 
     17       3      13
     20      24      21 
 19       4      11      15
  7       5      16      14
     23      18       1 
      8      22       9
          2      12 
--8<--
found: sum= 73.0000 var=  0.0000 fitness= 73.0000 age=0
-->8--
         19       2 
      1      16      24
     17       6       5 
 22      14      20      23
  7       9       3      12
      4      21      10 
     18      13      11
          8      15 
--8<--
found: sum= 73.0000 var=  0.0000 fitness= 73.0000 age=0
-->8--
         24      11 
     10       1      17
      4      22      20 
  3      12       2       5
 21      15      13      19
     18       9      14 
     16       8       6
          7      23 
--8<--
found: sum= 74.0000 var=  0.0000 fitness= 74.0000 age=0
-->8--
         16      18 
     12       9      15
      6       7      23 
  1      24       2      21
 20      10      14       3
     13      17      11 
     22       8      19
          4       5 
--8<--
found: sum= 74.0000 var=  0.0000 fitness= 74.0000 age=0
-->8--
          1       9 
      8      21      17
     16      10       2 
  3      18      15      24
  4      14       6      20
     19      11       7 
     13       5      22
         12      23 
--8<--
found: sum= 76.0000 var=  0.0000 fitness= 76.0000 age=0
-->8--
         12      16 
      1      19       8
     23      15       7 
  9       6      11      18
 24      10      14      21
      4      20       5 
     17      22      13
          3       2 
--8<--
found: sum= 78.0000 var=  0.0000 fitness= 78.0000 age=0
-->8--
         16      12 
      4      23       2
     10      18      22 
 21       7       1       5
  9      17      24      20
     14      11       6 
      8      15       3
         13      19 
--8<--
found: sum= 80.0000 var=  0.0000 fitness= 80.0000 age=0
-->8--
          8      12 
      9      24       3
     20       1      21 
  4      18      19       2
 15       6      14      11
     17      22      13 
      7       5      16
         23      10 
--8<--
found: sum= 78.0000 var=  0.0000 fitness= 78.0000 age=0
-->8--
         24       1 
      8      20       7
      9      15      14 
 13       2      21       4
 17      19      11       5
     18      10      23 
     22       6      16
          3      12 
--8<--
found: sum= 74.0000 var=  0.0000 fitness= 74.0000 age=0
-->8--
         24      19 
     18      12      10
     13       1      21 
 23       6      11       3
  5      20      14      16
      7      22       9 
      2       8       4
         15      17 
--8<--
found: sum= 80.0000 var=  0.0000 fitness= 80.0000 age=0
-->8--
          5       2 
     15      20      17
     23      16      13 
 10       1      12       8
  4      18      14      22
     24      19      11 
      3       9       6
          7      21 
--8<--
found: sum= 79.0000 var=  0.0000 fitness= 79.0000 age=0
-->8--
          3       5 
      9      22       6
     15      14      11 
 20      16      21      13
  1      17       4      12
     10       7      18 
     24      19      23
          2       8 
--8<--
found: sum= 75.0000 var=  0.0000 fitness= 75.0000 age=0
-->8--
         12       1 
     18       7      24
      2      17      23 
 10      19       3      16
 15      21       6       5
      8       9      22 
     20      13      11
          4      14 
--8<--
found: sum= 74.0000 var=  0.0000 fitness= 74.0000 age=0
-->8--
         10      13 
     11      14       6
     16      22       2 
 21       1      17      20
 12      19       7       4
      5       8      24 
     15       9      23
         18       3 
--8<--
found: sum= 80.0000 var=  0.0000 fitness= 80.0000 age=0
-->8--
          5      13 
      3      22      21
     24      10       8 
  4      16       6      15
  1      18      19      23
     17      11       9 
     12      20       7
          2      14 
--8<--
found: sum= 77.0000 var=  0.0000 fitness= 77.0000 age=0
-->8--
          4      10 
     20      21      18
     13       5       6 
  8      14      17       1
 15       3      22      19
     24      16      12 
     23       9       7
          2      11 
--8<--
found: sum= 77.0000 var=  0.0000 fitness= 77.0000 age=0
-->8--
          9       2 
      8      23      20
     14       4      16 
  7      19      12       6
 13       3      15      18
     21      24      10 
     17       1      22
         11       5 
--8<--
found: sum= 76.0000 var=  0.0000 fitness= 76.0000 age=0
-->8--
          8       6 
      4      19      18
     20       2      10 
 22      23      21      17
  3       1       5      14
      7      24       9 
     13      15      12
         16      11 
--8<--
found: sum= 79.0000 var=  0.0000 fitness= 79.0000 age=0
-->8--
         11       1 
      3      14      21
     24       9      19 
  2      18      15      12
 13       6       8      20
     16      23       5 
     10      17      22
          7       4 
--8<--
found: sum= 77.0000 var=  0.0000 fitness= 77.0000 age=0
-->8--
          9      19 
      5      15      14
     23       7      12 
  1      18      10      22
 11      16      24       3
      8       2       6 
     17      21       4
         13      20 
--8<--
found: sum= 76.0000 var=  0.0000 fitness= 76.0000 age=0
-->8--
          3       7 
      9      23       5
      4      13      18 
 11      24      10      19
 14       6       1      12
     17      22      16 
      8       2      15
         21      20 
--8<--
found: sum= 72.0000 var=  0.0000 fitness= 72.0000 age=0
-->8--
         20       8 
     18       3      24
      5       4      16 
 23      22      17       2
  6       1      19      11
     15       9       7 
     12      14      13
         21      10 
--8<--
found: sum= 79.0000 var=  0.0000 fitness= 79.0000 age=0
-->8--
          7      12 
      6      24      15
     19      14       3 
 10       9      11       8
  4      17      23      18
     20       5      16 
      2      13      21
         22       1 
--8<--
found: sum= 79.0000 var=  0.0000 fitness= 79.0000 age=0
-->8--
         22       1 
      8       6      18
     21      20      19 
 23       2      15       4
  9      13      17      10
     11      12      14 
     16      24       5
          3       7 
--8<--
found: sum= 73.0000 var=  0.0000 fitness= 73.0000 age=0
-->8--
         16       1 
      4      18      21
      3      20       7 
 11      12       6       2
 24      10      17      22
     13       8      19 
     23       5      15
         14       9 
--8<--
found: sum= 77.0000 var=  0.0000 fitness= 77.0000 age=0
-->8--
          1      24 
      7      13       8
     18      16      12 
 20      22       4      11
  5       3      15      21
      9      17      14 
     23      19       2
          6      10 
--8<--
found: sum= 76.0000 var=  0.0000 fitness= 76.0000 age=0
-->8--
         24      13 
     11      12       8
      4      16      22 
  7       9       5       1
 21      17      23      15
     18       6      10 
      2      14      20
         19       3 
--8<--
found: sum= 75.0000 var=  0.0000 fitness= 75.0000 age=0
-->8--
         20      17 
     21       7      14
     15       9       6 
 12       3      22       4
 11      16      23       1
     18       2      19 
     24      10      13
          5       8 
--8<--
found: sum= 77.0000 var=  0.0000 fitness= 77.0000 age=0
-->8--
         20      21 
      3       6      13
     23      18      17 
  8       7       2      12
 10      24      22       9
      5       4      15 
     14      19      16
         11       1 
--8<--
found: sum= 81.0000 var=  0.0000 fitness= 81.0000 age=0
-->8--
          9       1 
     11      24      10
      2      21      17 
  5      14       8      15
 22      18      16       6
     20       4      19 
      3      23       7
         13      12 
--8<--
found: sum= 81.0000 var=  0.0000 fitness= 81.0000 age=0
-->8--
         18      14 
      5      22       1
     23       7      13 
  2       6      24       3
 19      15       9      11
     16      20      21 
     12      10      17
          8       4 
--8<--
found: sum= 77.0000 var=  0.0000 fitness= 77.0000 age=0
-->8--
          1       9 
     22      16       2
     12      23      17 
  8       3      10       4
 20      15      21      11
     19       5      14 
     18       7      24
         13       6 
--8<--
found: sum= 74.0000 var=  0.0000 fitness= 74.0000 age=0
-->8--
         12      22 
      4      24       9
      3      11       7 
 16      20       1      15
  8      10      19      18
     17      13      14 
     23       5       2
          6      21 
--8<--
found: sum= 78.0000 var=  0.0000 fitness= 78.0000 age=0
-->8--
          5      24 
     11      13       2
     18      19      14 
 15      12       6      21
  7      23       8       9
      3      10      20 
      4      22      17
         16       1 
--8<--
found: sum= 74.0000 var=  0.0000 fitness= 74.0000 age=0
-->8--
          9       8 
     22      20      24
      1       3       7 
 11      19      12       2
 10      18      17      23
     15       5      13 
     16      14      21
          6       4 
--8<--
found: sum= 82.0000 var=  0.0000 fitness= 82.0000 age=0
-->8--
         13       9 
      3      17      12
     19      14      22 
  6      16       8      23
  5      15      18       4
     21      11       7 
     10      24       2
          1      20 
--8<--
found: sum= 77.0000 var=  0.0000 fitness= 77.0000 age=0
-->8--
          4       1 
     20      21      18
      5      15       3 
 16      12      19       7
 13       8      17      22
     23       6       9 
      2      24      11
         14      10 
--8<--
found: sum= 73.0000 var=  0.0000 fitness= 73.0000 age=0
-->8--
         22       5 
      9       6      19
     14      12      18 
 11      10      13      17
 16      20       3      21
      2      15       1 
      8      24      23
          4       7 
--8<--
found: sum= 75.0000 var=  0.0000 fitness= 75.0000 age=0
-->8--
         23       5 
     22       3      21
      9      11      15 
 12       7      20      10
 17       6      18       4
     24      13       8 
     14      16       1
          2      19 
--8<--
found: sum= 75.0000 var=  0.0000 fitness= 75.0000 age=0
-->8--
          6       3 
     22       5       4
     16      24      18 
 17       2      21       1
 20      11       7      15
      9      10      13 
     23      14      19
          8      12 
--8<--
found: sum= 79.0000 var=  0.0000 fitness= 79.0000 age=0
-->8--
          2       5 
     14      20      15
     19       7      23 
 18      17       9      12
  6       3      21      10
     16      22       4 
     24      13      11
          1       8 
--8<--
found: sum= 81.0000 var=  0.0000 fitness= 81.0000 age=0
-->8--
          3      19 
      6      22       1
     15      14      20 
 16      21       5      11
  2       9      24       4
     18       8      17 
     23      13      12
         10       7 
--8<--
found: sum= 78.0000 var=  0.0000 fitness= 78.0000 age=0
-->8--
          1       7 
      9      19      20
     24      14      16 
  4      11       2      10
  6      15      23      22
     18      13       5 
     21       8      12
          3      17 
--8<--
found: sum= 82.0000 var=  0.0000 fitness= 82.0000 age=0
-->8--
          2       7 
     13      20      15
     10      18      14 
 17      19       8      24
  4       9      12       3
     23      16      21 
     11      22       5
          1       6 
--8<--
found: sum= 78.0000 var=  0.0000 fitness= 78.0000 age=0
-->8--
          3       6 
     23       9      13
     17      19      10 
 14       7      21      11
  8      12      15       5
     20       4      16 
     22      18       1
          2      24 
--8<--
found: sum= 76.0000 var=  0.0000 fitness= 76.0000 age=0
-->8--
          8      13 
     16       4      21
     11      17      15 
 23      20       6      19
  5       7      12       2
     10      14      22 
     24      18       1
          3       9 
--8<--
found: sum= 81.0000 var=  0.0000 fitness= 81.0000 age=0
-->8--
          1       3 
     17      10       5
     23      21      20 
 15       9      22       2
  4      14       7      18
     16       8      12 
      6      24      11
         13      19 
--8<--
found: sum= 77.0000 var=  0.0000 fitness= 77.0000 age=0
-->8--
          1      14 
     21       2      22
     13      16      17 
  4      24       6      20
  7      18       8       3
     11       5      23 
     15      19      10
          9      12 
--8<--
found: sum= 77.0000 var=  0.0000 fitness= 77.0000 age=0
-->8--
          5       1 
     20      13      23
     21      14      24 
 10       4       2       8
 17      22      16      18
      3      19       9 
      7      15       6
         11      12 
--8<--
found: sum= 79.0000 var=  0.0000 fitness= 79.0000 age=0
-->8--
         24      15 
      1      23       8
     21       7      14 
 20       3      12      19
  6      18      22       2
     11      17      10 
      4      16       5
         13       9 
--8<--
found: sum= 76.0000 var=  0.0000 fitness= 76.0000 age=0
-->8--
         21      17 
      7      23      24
      9       5       1 
 14      11       6      16
  3      20      22      18
     19      12      13 
      8      15      10
          2       4 
--8<--
found: sum= 71.0000 var=  0.0000 fitness= 71.0000 age=0
-->8--
         22      24 
     12       5       2
      1      16      21 
 14      15       3       4
 20       8      18      19
     13      11       6 
      7       9      10
         23      17 
--8<--
found: sum= 83.0000 var=  0.0000 fitness= 83.0000 age=0
-->8--
         20      14 
      1      23       3
     15      17      22 
  8       7       4      10
 13      21      18       5
     19      16      24 
      6      12       2
          9      11 
--8<--
found: sum= 81.0000 var=  0.0000 fitness= 81.0000 age=0
-->8--
         21      13 
      2      22       3
      5      14      11 
 19      17      18       6
  4      16       7      15
     20       9      24 
     12      23      10
          1       8 
--8<--
found: sum= 78.0000 var=  0.0000 fitness= 78.0000 age=0
-->8--
          8      10 
     16       2      14
     20      13      24 
 18      19      15       4
  6       3       5       9
     12      23      21 
     22      11       1
          7      17 
--8<--
found: sum= 82.0000 var=  0.0000 fitness= 82.0000 age=0
-->8--
          5       1 
      2      20       3
     21      24      22 
 19      10      12      15
  7       9      14      11
     16      13       8 
     17      23      18
          4       6 
--8<--
found: sum= 77.0000 var=  0.0000 fitness= 77.0000 age=0
-->8--
         11      10 
      9      16      17
     20       3       7 
  2      18      24      14
 21       4      23       1
     12       5       8 
     15      22       6
         19      13 
--8<--
found: sum= 75.0000 var=  0.0000 fitness= 75.0000 age=0
-->8--
         16       8 
     22       9      24
      5       3      10 
 23      20      21      15
  2      11       7       4
     14      13      18 
     12      19      17
          6       1 
--8<--
found: sum= 83.0000 var=  0.0000 fitness= 83.0000 age=0
-->8--
         19       9 
      2      20       4
     18      21      17 
 10       3      12      16
 15      23      13       1
     14      11      24 
      5      22       7
          8       6 
--8<--
found: sum= 81.0000 var=  0.0000 fitness= 81.0000 age=0
-->8--
          5       8 
      2       9      22
     21      20      15 
  3      24       7      12
 14       1      13      11
     18      16      23 
     17      19       4
         10       6 
--8<--
found: sum= 74.0000 var=  0.0000 fitness= 74.0000 age=0
-->8--
          6       2 
     18       1      21
     14      19       9 
  3      16      22       7
 24       5       8      17
     12       4      11 
     20      23      15
         10      13 
--8<--
found: sum= 79.0000 var=  0.0000 fitness= 79.0000 age=0
-->8--
         20      11 
      4      24       1
     12       2      19 
  7      17      22       8
 13      14      18       3
     16       6       9 
     23      15      10
          5      21 
--8<--
found: sum= 81.0000 var=  0.0000 fitness= 81.0000 age=0
-->8--
          3       5 
     13      18      10
     22       9      20 
  1      16      19      23
 11      14       8       4
     17      15       7 
     12      21      24
          2       6 
--8<--
found: sum= 78.0000 var=  0.0000 fitness= 78.0000 age=0
-->8--
         21       5 
      4      19      16
     23       3      20 
  9       8      15       6
 13      11      17      18
     14      24       2 
     10      12      22
          7       1 
--8<--
found: sum= 75.0000 var=  0.0000 fitness= 75.0000 age=0
-->8--
         22       7 
      8       5      18
     23      14      12 
 11       3      19      21
 10       4      15       6
     24      20       2 
     17       9      13
          1      16 
--8<--
found: sum= 78.0000 var=  0.0000 fitness= 78.0000 age=0
-->8--
         16       9 
     12      11      24
     15       4       8 
  6      20      22       3
  7      13      14      10
     17       5      21 
     23      18       1
          2      19 
--8<--
found: sum= 78.0000 var=  0.0000 fitness= 78.0000 age=0
-->8--
          1       3 
      9      19      23
     21      10       8 
  7      18      15       6
  5      11      22      13
     16       2      14 
     20      12      24
         17       4 
--8<--
found: sum= 77.0000 var=  0.0000 fitness= 77.0000 age=0
-->8--
          3       9 
     13      24      21
     17       4       7 
  5      16      12       6
 18       2      20      22
     19      23      10 
     11       8      15
         14       1 
--8<--
found: sum= 73.0000 var=  0.0000 fitness= 73.0000 age=0
-->8--
          5      16 
     18      15       4
      1      23       3 
 21      11      12       9
 10       6       7      22
     24      14      20 
     19       2      13
          8      17 
--8<--
found: sum= 80.0000 var=  0.0000 fitness= 80.0000 age=0
-->8--
         18       8 
      1      17       3
     10      22      11 
 16      12      19      20
  5      14       4       2
     23       9      24 
      6      15       7
         13      21 
--8<--
found: sum= 82.0000 var=  0.0000 fitness= 82.0000 age=0
-->8--
          2       6 
     13      24       1
     14      18      10 
 16      11      23      20
  5      15       3       4
     21      12      22 
      7      19      17
          8       9 
--8<--
found: sum= 83.0000 var=  0.0000 fitness= 83.0000 age=0
-->8--
         10       3 
     12      24      11
     14       2      23 
  9      21      20       1
  7      13       5      16
     19      22      18 
      8      17       6
          4      15 
--8<--
found: sum= 75.0000 var=  0.0000 fitness= 75.0000 age=0
-->8--
          5      16 
      2      24       1
     23       8       6 
  7      13      20      21
 12      11       4      14
      9      19      10 
     18       3      22
         15      17 
--8<--
found: sum= 79.0000 var=  0.0000 fitness= 79.0000 age=0
-->8--
         24       2 
      1       7      14
     20      21      22 
 10       6      13       3
 15      12      18       4
     16       9      19 
     23      11      17
          8       5 
--8<--
found: sum= 76.0000 var=  0.0000 fitness= 76.0000 age=0
-->8--
          5      23 
      6      11      17
     24      18       4 
 16      12       3      19
  1      14       8      20
      9      21      22 
      7      10      13
         15       2 
--8<--
found: sum= 84.0000 var=  0.0000 fitness= 84.0000 age=0
-->8--
          7      14 
      5      18       6
     24       9      22 
  1      21      15       3
 10      12      19       2
     16       8      23 
     20      17       4
         11      13 
--8<--
found: sum= 77.0000 var=  0.0000 fitness= 77.0000 age=0
-->8--
         13      16 
     12      23       3
     20       5       9 
 18       4      21       1
 14      15      10      17
      6      22      19 
      2       8      11
         24       7 
--8<--
found: sum= 80.0000 var=  0.0000 fitness= 80.0000 age=0
-->8--
         13       2 
     11      24       5
      9       6      20 
 10      17      23       3
  7      18       1      21
     19      15      12 
      8      16      22
          4      14 
--8<--
found: sum= 75.0000 var=  0.0000 fitness= 75.0000 age=0
-->8--
          7      21 
     16       8      18
     24       3       6 
  1      17      19      14
 11      20       4      10
      2      12      22 
      5      13       9
         23      15 
--8<--
found: sum= 81.0000 var=  0.0000 fitness= 81.0000 age=0
-->8--
          6       2 
     20      19      22
     10       5      16 
  3      21      17       1
 15       9      11      12
     23      18      24 
      4      13       7
         14       8 
--8<--
found: sum= 73.0000 var=  0.0000 fitness= 73.0000 age=0
-->8--
         13      17 
     21       7      22
      4      10       2 
 14      18      15      23
 12      16       8       1
      9       6      24 
      3      19      11
         20       5 
--8<--
found: sum= 80.0000 var=  0.0000 fitness= 80.0000 age=0
-->8--
         12       1 
      9       5      21
     19      22      17 
 11      13      14       3
  2      15       6      24
     20      10      16 
      8      23      18
          4       7 
--8<--
found: sum= 75.0000 var=  0.0000 fitness= 75.0000 age=0
-->8--
          8      13 
     18      20       1
     10      15       3 
 22       4      23       6
 11       7      24      14
     21       2       5 
     17      16       9
         12      19 
--8<--
found: sum= 81.0000 var=  0.0000 fitness= 81.0000 age=0
-->8--
         22       2 
      1      21      14
     23       5      15 
  4       9      24       3
 18      11      13       6
     16      19      20 
     17      10      12
          8       7 
--8<--
found: sum= 80.0000 var=  0.0000 fitness= 80.0000 age=0
-->8--
          1       2 
     17      14      22
     20      18       8 
  4      10      16      11
 13       9      21       5
     24       6      19 
     23      15       7
          3      12 
--8<--
found: sum= 82.0000 var=  0.0000 fitness= 82.0000 age=0
-->8--
         12       1 
     14      22      16
     21       9      11 
  8       4      23      10
  6      24      15       3
     19       7      20 
     13      17       5
          2      18 
--8<--
found: sum= 77.0000 var=  0.0000 fitness= 77.0000 age=0
-->8--
         12      15 
     20       4       7
      9      24      22 
 17       8       5       1
 13      11      23      16
     19       6      10 
      2      21      14
         18       3 
--8<--
found: sum= 81.0000 var=  0.0000 fitness= 81.0000 age=0
-->8--
         10      23 
      3      22       8
     20      15       9 
 12      11       4      16
  6      19      14      21
     13      18      17 
      5      24       1
          2       7 
--8<--
found: sum= 76.0000 var=  0.0000 fitness= 76.0000 age=0
-->8--
         15      19 
      2      24       7
      8       6       9 
 20      21      11      14
 10       5      16      22
     12      17       4 
     18      23      13
          1       3 
--8<--
found: sum= 74.0000 var=  0.0000 fitness= 74.0000 age=0
-->8--
          9      19 
      8      18       2
      4      21      11 
 23      14       3      20
 15      13      17       1
      5       6      22 
     16      10      12
         24       7 
--8<--
found: sum= 78.0000 var=  0.0000 fitness= 78.0000 age=0
-->8--
          9      16 
     15      13      10
     21      18      17 
 24       2       4       1
  3      23      20      14
      5      11      22 
      8      12       6
         19       7 
--8<--
found: sum= 81.0000 var=  0.0000 fitness= 81.0000 age=0
-->8--
         16       2 
      1      22      17
     19      14       5 
  3       9      21       4
 15      11       8      20
     24      18      23 
     10      12       7
          6      13 
--8<--
found: sum= 80.0000 var=  0.0000 fitness= 80.0000 age=0
-->8--
          2       3 
      6      13      17
     24      16      21 
  1      19      10       7
 12       9      18      20
     15       8       4 
     11      23       5
         14      22 
--8<--
found: sum= 78.0000 var=  0.0000 fitness= 78.0000 age=0
-->8--
         20      24 
     17      10       9
     11       6      22 
 13      14       7       1
  3      18      21       4
     19      12      23 
      8       5       2
         16      15 
--8<--
found: sum= 74.0000 var=  0.0000 fitness= 74.0000 age=0
-->8--
          5      18 
     20       3      10
     21      24      15 
 17       1       4      16
 19       9      22       6
      7      14      11 
     23      13      12
          8       2 
--8<--
execution time: real 1.295834s user 0.379942s sys 0.000000s
GA: P=1024 K=512 sp=2 xover=2D/1 aging
generation #4: pop m= 79.763 v=0.192 f= 77.766
best: found: sum= 84.0000 var=  0.0000 fitness= 84.0000 age=1
-->8--
          7      14 
      5      18       6
     24       9      22 
  1      21      15       3
 10      12      19       2
     16       8      23 
     20      17       4
         11      13 
--8<--
found: sum= 78.0000 var=  0.0000 fitness= 78.0000 age=1
-->8--
         20      24 
     17      10       9
     11       6      22 
 13      14       7       1
  3      18      21       4
     19      12      23 
      8       5       2
         16      15 
--8<--
found: sum= 74.0000 var=  0.0000 fitness= 74.0000 age=1
-->8--
          9      19 
      8      18       2
      4      21      11 
 23      14       3      20
 15      13      17       1
      5       6      22 
     16      10      12
         24       7 
--8<--
found: sum= 75.0000 var=  0.0000 fitness= 75.0000 age=1
-->8--
          5      16 
      2      24       1
     23       8       6 
  7      13      20      21
 12      11       4      14
      9      19      10 
     18       3      22
         15      17 
--8<--
found: sum= 75.0000 var=  0.0000 fitness= 75.0000 age=1
-->8--
          7      21 
     16       8      18
     24       3       6 
  1      17      19      14
 11      20       4      10
      2      12      22 
      5      13       9
         23      15 
--8<--
found: sum= 79.0000 var=  0.0000 fitness= 79.0000 age=1
-->8--
         20      11 
      4      24       1
     12       2      19 
  7      17      22       8
 13      14      18       3
     16       6       9 
     23      15      10
          5      21 
--8<--
found: sum= 78.0000 var=  0.0000 fitness= 78.0000 age=1
-->8--
          1       3 
      9      19      23
     21      10       8 
  7      18      15       6
  5      11      22      13
     16       2      14 
     20      12      24
         17       4 
--8<--
found: sum= 79.0000 var=  0.0000 fitness= 79.0000 age=2
-->8--
          2       5 
     14      20      15
     19       7      23 
 18      17       9      12
  6       3      21      10
     16      22       4 
     24      13      11
          1       8 
--8<--
found: sum= 82.0000 var=  0.0000 fitness= 82.0000 age=1
-->8--
          5       1 
      2      20       3
     21      24      22 
 19      10      12      15
  7       9      14      11
     16      13       8 
     17      23      18
          4       6 
--8<--
found: sum= 80.0000 var=  0.0000 fitness= 80.0000 age=3
-->8--
          8      12 
      9      24       3
     20       1      21 
  4      18      19       2
 15       6      14      11
     17      22      13 
      7       5      16
         23      10 
--8<--
found: sum= 81.0000 var=  0.0000 fitness= 81.0000 age=1
-->8--
          3       5 
     13      18      10
     22       9      20 
  1      16      19      23
 11      14       8       4
     17      15       7 
     12      21      24
          2       6 
--8<--
found: sum= 77.0000 var=  0.0000 fitness= 77.0000 age=2
-->8--
          9      19 
      5      15      14
     23       7      12 
  1      18      10      22
 11      16      24       3
      8       2       6 
     17      21       4
         13      20 
--8<--
found: sum= 80.0000 var=  0.0000 fitness= 80.0000 age=1
-->8--
          2       3 
      6      13      17
     24      16      21 
  1      19      10       7
 12       9      18      20
     15       8       4 
     11      23       5
         14      22 
--8<--
found: sum= 77.0000 var=  0.0000 fitness= 77.0000 age=2
-->8--
         20      21 
      3       6      13
     23      18      17 
  8       7       2      12
 10      24      22       9
      5       4      15 
     14      19      16
         11       1 
--8<--
found: sum= 75.0000 var=  0.0000 fitness= 75.0000 age=1
-->8--
         16       8 
     22       9      24
      5       3      10 
 23      20      21      15
  2      11       7       4
     14      13      18 
     12      19      17
          6       1 
--8<--
found: sum= 79.0000 var=  0.0000 fitness= 79.0000 age=2
-->8--
         11       1 
      3      14      21
     24       9      19 
  2      18      15      12
 13       6       8      20
     16      23       5 
     10      17      22
          7       4 
--8<--
found: sum= 79.0000 var=  0.0000 fitness= 79.0000 age=4
-->8--
          8       3 
     13      19      12
     15       7      24 
 20      17      14      22
  1      16       2      11
     10      23       6 
      5      21       9
          4      18 
--8<--
found: sum= 79.0000 var=  0.0000 fitness= 79.0000 age=3
-->8--
          5       1 
     16       4      18
      9      22      24 
 13      23      10      15
 11       3       7       6
     20      14      17 
     19      21       8
          2      12 
--8<--
found: sum= 80.0000 var=  0.0000 fitness= 80.0000 age=1
-->8--
         12       1 
      9       5      21
     19      22      17 
 11      13      14       3
  2      15       6      24
     20      10      16 
      8      23      18
          4       7 
--8<--
found: sum= 81.0000 var=  0.0000 fitness= 81.0000 age=1
-->8--
         16       2 
      1      22      17
     19      14       5 
  3       9      21       4
 15      11       8      20
     24      18      23 
     10      12       7
          6      13 
--8<--
found: sum= 79.0000 var=  0.0000 fitness= 79.0000 age=2
-->8--
         24      15 
      1      23       8
     21       7      14 
 20       3      12      19
  6      18      22       2
     11      17      10 
      4      16       5
         13       9 
--8<--
found: sum= 78.0000 var=  0.0000 fitness= 78.0000 age=3
-->8--
          1       5 
     19       7      16
     24      21      17 
 10       6      12      23
  4      20      11       2
     14       8      13 
     18      15       9
          3      22 
--8<--
found: sum= 79.0000 var=  0.0000 fitness= 79.0000 age=3
-->8--
          3       5 
      9      22       6
     15      14      11 
 20      16      21      13
  1      17       4      12
     10       7      18 
     24      19      23
          2       8 
--8<--
found: sum= 73.0000 var=  0.0000 fitness= 73.0000 age=1
-->8--
          5      16 
     18      15       4
      1      23       3 
 21      11      12       9
 10       6       7      22
     24      14      20 
     19       2      13
          8      17 
--8<--
found: sum= 77.0000 var=  0.0000 fitness= 77.0000 age=4
-->8--
         23       2 
      7       9      24
     12       8      21 
 20      18      13      16
  1      11      17       4
     15      10       6 
     14      22      19
          5       3 
--8<--
found: sum= 80.0000 var=  0.0000 fitness= 80.0000 age=1
-->8--
         13       2 
     11      24       5
      9       6      20 
 10      17      23       3
  7      18       1      21
     19      15      12 
      8      16      22
          4      14 
--8<--
found: sum= 75.0000 var=  0.0000 fitness= 75.0000 age=1
-->8--
         22       7 
      8       5      18
     23      14      12 
 11       3      19      21
 10       4      15       6
     24      20       2 
     17       9      13
          1      16 
--8<--
found: sum= 76.0000 var=  0.0000 fitness= 76.0000 age=1
-->8--
          5      23 
      6      11      17
     24      18       4 
 16      12       3      19
  1      14       8      20
      9      21      22 
      7      10      13
         15       2 
--8<--
found: sum= 81.0000 var=  0.0000 fitness= 81.0000 age=1
-->8--
          5       8 
      2       9      22
     21      20      15 
  3      24       7      12
 14       1      13      11
     18      16      23 
     17      19       4
         10       6 
--8<--
found: sum= 83.0000 var=  0.0000 fitness= 83.0000 age=1
-->8--
         19       9 
      2      20       4
     18      21      17 
 10       3      12      16
 15      23      13       1
     14      11      24 
      5      22       7
          8       6 
--8<--
found: sum= 77.0000 var=  0.0000 fitness= 77.0000 age=2
-->8--
          9       2 
      8      23      20
     14       4      16 
  7      19      12       6
 13       3      15      18
     21      24      10 
     17       1      22
         11       5 
--8<--
found: sum= 77.0000 var=  0.0000 fitness= 77.0000 age=4
-->8--
         23      18 
      5      15       1
      6       8      22 
  7      20      13       2
 14       9      24      12
     21       3       4 
     16      17      10
         11      19 
--8<--
found: sum= 81.0000 var=  0.0000 fitness= 81.0000 age=2
-->8--
          3      19 
      6      22       1
     15      14      20 
 16      21       5      11
  2       9      24       4
     18       8      17 
     23      13      12
         10       7 
--8<--
found: sum= 77.0000 var=  0.0000 fitness= 77.0000 age=4
-->8--
          2      16 
      4      12       5
     23      21      22 
 13      15       1      10
  9       3      20      18
     14      17       6 
     24       8      19
         11       7 
--8<--
found: sum= 79.0000 var=  0.0000 fitness= 79.0000 age=3
-->8--
          5       2 
      7       6      15
     14      24      20 
 11      23      12       4
  1       8       9      18
     22       3      16 
     10      17      13
         19      21 
--8<--
found: sum= 78.0000 var=  0.0000 fitness= 78.0000 age=4
-->8--
         14      21 
     10      18       6
     22       1      24 
  7      13       8      20
 11      16      17       4
      9      23       5 
     15      12       2
          3      19 
--8<--
found: sum= 78.0000 var=  0.0000 fitness= 78.0000 age=3
-->8--
         10       6 
     17       3      13
     20      24      21 
 19       4      11      15
  7       5      16      14
     23      18       1 
      8      22       9
          2      12 
--8<--
found: sum= 77.0000 var=  0.0000 fitness= 77.0000 age=3
-->8--
          4      10 
     20      21      18
     13       5       6 
  8      14      17       1
 15       3      22      19
     24      16      12 
     23       9       7
          2      11 
--8<--
found: sum= 83.0000 var=  0.0000 fitness= 83.0000 age=1
-->8--
         20      14 
      1      23       3
     15      17      22 
  8       7       4      10
 13      21      18       5
     19      16      24 
      6      12       2
          9      11 
--8<--
found: sum= 74.0000 var=  0.0000 fitness= 74.0000 age=1
-->8--
          5      18 
     20       3      10
     21      24      15 
 17       1       4      16
 19       9      22       6
      7      14      11 
     23      13      12
          8       2 
--8<--
found: sum= 77.0000 var=  0.0000 fitness= 77.0000 age=2
-->8--
          4       1 
     20      21      18
      5      15       3 
 16      12      19       7
 13       8      17      22
     23       6       9 
      2      24      11
         14      10 
--8<--
found: sum= 79.0000 var=  0.0000 fitness= 79.0000 age=1
-->8--
         24       2 
      1       7      14
     20      21      22 
 10       6      13       3
 15      12      18       4
     16       9      19 
     23      11      17
          8       5 
--8<--
found: sum= 77.0000 var=  0.0000 fitness= 77.0000 age=1
-->8--
         11      10 
      9      16      17
     20       3       7 
  2      18      24      14
 21       4      23       1
     12       5       8 
     15      22       6
         19      13 
--8<--
found: sum= 78.0000 var=  0.0000 fitness= 78.0000 age=4
-->8--
          6      12 
     21      14       2
     10      20       8 
 23       7      22       5
  9      11      15       4
     18       3      24 
     17      16      19
         13       1 
--8<--
found: sum= 80.0000 var=  0.0000 fitness= 80.0000 age=4
-->8--
          4       2 
      8      13      24
     22      14      20 
  1      19       7      12
 18      11      23       3
      9       6      15 
     16      21       5
         17      10 
--8<--
found: sum= 78.0000 var=  0.0000 fitness= 78.0000 age=3
-->8--
         24       1 
      8      20       7
      9      15      14 
 13       2      21       4
 17      19      11       5
     18      10      23 
     22       6      16
          3      12 
--8<--
found: sum= 77.0000 var=  0.0000 fitness= 77.0000 age=1
-->8--
         13      16 
     12      23       3
     20       5       9 
 18       4      21       1
 14      15      10      17
      6      22      19 
      2       8      11
         24       7 
--8<--
found: sum= 77.0000 var=  0.0000 fitness= 77.0000 age=4
-->8--
          1       7 
      6       3      13
     21      24      18 
 11      22      12       5
  4       2       9      23
     17       8      10 
     15      16      14
         19      20 
--8<--
found: sum= 81.0000 var=  0.0000 fitness= 81.0000 age=3
-->8--
          6      12 
     23      17       7
     18       4      22 
 11      13      19      20
  3      21      10       1
     15      14       9 
      5      24      16
          2       8 
--8<--
found: sum= 78.0000 var=  0.0000 fitness= 78.0000 age=1
-->8--
         16       9 
     12      11      24
     15       4       8 
  6      20      22       3
  7      13      14      10
     17       5      21 
     23      18       1
          2      19 
--8<--
found: sum= 79.0000 var=  0.0000 fitness= 79.0000 age=3
-->8--
         15       1 
      5      20       6
      7      23      21 
 18       9       8      10
 22      11       4      17
     12      24      19 
     14      16      13
          2       3 
--8<--
found: sum= 82.0000 var=  0.0000 fitness= 82.0000 age=1
-->8--
         12       1 
     14      22      16
     21       9      11 
  8       4      23      10
  6      24      15       3
     19       7      20 
     13      17       5
          2      18 
--8<--
found: sum= 78.0000 var=  0.0000 fitness= 78.0000 age=1
-->8--
          8      10 
     16       2      14
     20      13      24 
 18      19      15       4
  6       3       5       9
     12      23      21 
     22      11       1
          7      17 
--8<--
found: sum= 81.0000 var=  0.0000 fitness= 81.0000 age=2
-->8--
          9       1 
     11      24      10
      2      21      17 
  5      14       8      15
 22      18      16       6
     20       4      19 
      3      23       7
         13      12 
--8<--
found: sum= 77.0000 var=  0.0000 fitness= 77.0000 age=1
-->8--
         12      15 
     20       4       7
      9      24      22 
 17       8       5       1
 13      11      23      16
     19       6      10 
      2      21      14
         18       3 
--8<--
found: sum= 78.0000 var=  0.0000 fitness= 78.0000 age=2
-->8--
          3       6 
     23       9      13
     17      19      10 
 14       7      21      11
  8      12      15       5
     20       4      16 
     22      18       1
          2      24 
--8<--
found: sum= 78.0000 var=  0.0000 fitness= 78.0000 age=3
-->8--
          4      19 
     13      23      10
      7      11       9 
 17      20       6       8
  1      18      21      22
     15       2      12 
      3      24       5
         16      14 
--8<--
found: sum= 77.0000 var=  0.0000 fitness= 77.0000 age=2
-->8--
          1      24 
      7      13       8
     18      16      12 
 20      22       4      11
  5       3      15      21
      9      17      14 
     23      19       2
          6      10 
--8<--
found: sum= 81.0000 var=  0.0000 fitness= 81.0000 age=1
-->8--
         22       2 
      1      21      14
     23       5      15 
  4       9      24       3
 18      11      13       6
     16      19      20 
     17      10      12
          8       7 
--8<--
found: sum= 73.0000 var=  0.0000 fitness= 73.0000 age=1
-->8--
         13      17 
     21       7      22
      4      10       2 
 14      18      15      23
 12      16       8       1
      9       6      24 
      3      19      11
         20       5 
--8<--
found: sum= 78.0000 var=  0.0000 fitness= 78.0000 age=4
-->8--
         21      24 
      1      11       7
     22      14       2 
 16       9      20      18
  5       3      19       4
     23      13      15 
     10      17       6
         12       8 
--8<--
found: sum= 77.0000 var=  0.0000 fitness= 77.0000 age=4
-->8--
         12      23 
     20      11       9
      3       7      19 
 10      24       8      14
  5      22       1      17
     13      15      18 
      4      21      16
          2       6 
--8<--
found: sum= 78.0000 var=  0.0000 fitness= 78.0000 age=2
-->8--
          1       7 
      9      19      20
     24      14      16 
  4      11       2      10
  6      15      23      22
     18      13       5 
     21       8      12
          3      17 
--8<--
found: sum= 77.0000 var=  0.0000 fitness= 77.0000 age=3
-->8--
          4      16 
     17      20       5
      6      12       2 
 19      18      22      13
  7       3      21       9
     24       1      10 
     11      23      14
         15       8 
--8<--
found: sum= 80.0000 var=  0.0000 fitness= 80.0000 age=4
-->8--
         12      15 
      8       5      20
     24       9      21 
  1      22      10      13
  3      14       6       7
     16      19      23 
     18      11       4
          2      17 
--8<--
found: sum= 82.0000 var=  0.0000 fitness= 82.0000 age=2
-->8--
         13       9 
      3      17      12
     19      14      22 
  6      16       8      23
  5      15      18       4
     21      11       7 
     10      24       2
          1      20 
--8<--
found: sum= 80.0000 var=  0.0000 fitness= 80.0000 age=1
-->8--
         18       8 
      1      17       3
     10      22      11 
 16      12      19      20
  5      14       4       2
     23       9      24 
      6      15       7
         13      21 
--8<--
found: sum= 78.0000 var=  0.0000 fitness= 78.0000 age=1
-->8--
          9      16 
     15      13      10
     21      18      17 
 24       2       4       1
  3      23      20      14
      5      11      22 
      8      12       6
         19       7 
--8<--
found: sum= 77.0000 var=  0.0000 fitness= 77.0000 age=4
-->8--
          5       1 
     16       9      22
     20      19      23 
 14       8       3      18
  7      11      12      15
     17      24       6 
     13      10       4
          2      21 
--8<--
found: sum= 78.0000 var=  0.0000 fitness= 78.0000 age=4
-->8--
         16       9 
      3      24       5
     11      23       2 
 17       1      15       4
 10      19      14      22
     20       6      21 
      8      12      18
         13       7 
--8<--
found: sum= 82.0000 var=  0.0000 fitness= 82.0000 age=4
-->8--
          8       1 
      6      18       9
     14      21      23 
 11      15      10       4
 17       5      24       2
     20       7      19 
     12      16      13
         22       3 
--8<--
found: sum= 81.0000 var=  0.0000 fitness= 81.0000 age=2
-->8--
         18      14 
      5      22       1
     23       7      13 
  2       6      24       3
 19      15       9      11
     16      20      21 
     12      10      17
          8       4 
--8<--
found: sum= 80.0000 var=  0.0000 fitness= 80.0000 age=3
-->8--
          5      13 
      3      22      21
     24      10       8 
  4      16       6      15
  1      18      19      23
     17      11       9 
     12      20       7
          2      14 
--8<--
found: sum= 79.0000 var=  0.0000 fitness= 79.0000 age=2
-->8--
          7      12 
      6      24      15
     19      14       3 
 10       9      11       8
  4      17      23      18
     20       5      16 
      2      13      21
         22       1 
--8<--
found: sum= 80.0000 var=  0.0000 fitness= 80.0000 age=3
-->8--
          5       2 
     15      20      17
     23      16      13 
 10       1      12       8
  4      18      14      22
     24      19      11 
      3       9       6
          7      21 
--8<--
found: sum= 77.0000 var=  0.0000 fitness= 77.0000 age=1
-->8--
          3       9 
     13      24      21
     17       4       7 
  5      16      12       6
 18       2      20      22
     19      23      10 
     11       8      15
         14       1 
--8<--
found: sum= 83.0000 var=  0.0000 fitness= 83.0000 age=1
-->8--
         10       3 
     12      24      11
     14       2      23 
  9      21      20       1
  7      13       5      16
     19      22      18 
      8      17       6
          4      15 
--8<--
found: sum= 82.0000 var=  0.0000 fitness= 82.0000 age=2
-->8--
          2       7 
     13      20      15
     10      18      14 
 17      19       8      24
  4       9      12       3
     23      16      21 
     11      22       5
          1       6 
--8<--
found: sum= 78.0000 var=  0.0000 fitness= 78.0000 age=1
-->8--
         21       5 
      4      19      16
     23       3      20 
  9       8      15       6
 13      11      17      18
     14      24       2 
     10      12      22
          7       1 
--8<--
found: sum= 81.0000 var=  0.0000 fitness= 81.0000 age=3
-->8--
         10       9 
      3      17       6
     23       7      20 
 11      21      22       1
  5      13      16       4
      8       2      18 
     24      19      14
         15      12 
--8<--
found: sum= 81.0000 var=  0.0000 fitness= 81.0000 age=1
-->8--
          6       2 
     20      19      22
     10       5      16 
  3      21      17       1
 15       9      11      12
     23      18      24 
      4      13       7
         14       8 
--8<--
found: sum= 74.0000 var=  0.0000 fitness= 74.0000 age=1
-->8--
          6       2 
     18       1      21
     14      19       9 
  3      16      22       7
 24       5       8      17
     12       4      11 
     20      23      15
         10      13 
--8<--
found: sum= 77.0000 var=  0.0000 fitness= 77.0000 age=2
-->8--
          1      14 
     21       2      22
     13      16      17 
  4      24       6      20
  7      18       8       3
     11       5      23 
     15      19      10
          9      12 
--8<--
found: sum= 75.0000 var=  0.0000 fitness= 75.0000 age=1
-->8--
          8      13 
     18      20       1
     10      15       3 
 22       4      23       6
 11       7      24      14
     21       2       5 
     17      16       9
         12      19 
--8<--
found: sum= 78.0000 var=  0.0000 fitness= 78.0000 age=2
-->8--
          5      24 
     11      13       2
     18      19      14 
 15      12       6      21
  7      23       8       9
      3      10      20 
      4      22      17
         16       1 
--8<--
found: sum= 81.0000 var=  0.0000 fitness= 81.0000 age=3
-->8--
         20       8 
      1      14       6
     23      19      13 
 24       4      21       2
  3       9      16       7
     18      12      22 
     17      15       5
         10      11 
--8<--
found: sum= 77.0000 var=  0.0000 fitness= 77.0000 age=4
-->8--
          2       3 
     18      22       5
      6      17       9 
 11      12      21       4
 23       1       7      20
     24      19      16 
     15       8      13
         10      14 
--8<--
found: sum= 82.0000 var=  0.0000 fitness= 82.0000 age=1
-->8--
          2       6 
     13      24       1
     14      18      10 
 16      11      23      20
  5      15       3       4
     21      12      22 
      7      19      17
          8       9 
--8<--
found: sum= 78.0000 var=  0.0000 fitness= 78.0000 age=3
-->8--
          2      17 
     15      18       9
      4      23       3 
 10      16       8      22
 11      13       6      19
     24      12      20 
      7      21      14
          1       5 
--8<--
found: sum= 80.0000 var=  0.0000 fitness= 80.0000 age=1
-->8--
          1       2 
     17      14      22
     20      18       8 
  4      10      16      11
 13       9      21       5
     24       6      19 
     23      15       7
          3      12 
--8<--
found: sum= 78.0000 var=  0.0000 fitness= 78.0000 age=3
-->8--
         16      12 
      4      23       2
     10      18      22 
 21       7       1       5
  9      17      24      20
     14      11       6 
      8      15       3
         13      19 
--8<--
found: sum= 76.0000 var=  0.0000 fitness= 76.0000 age=1
-->8--
         15      19 
      2      24       7
      8       6       9 
 20      21      11      14
 10       5      16      22
     12      17       4 
     18      23      13
          1       3 
--8<--
found: sum= 78.0000 var=  0.0000 fitness= 78.0000 age=3
-->8--
         16       4 
     17       5      15
      7      22      13 
 14      11      19       1
 20       8      12       9
     18       6      24 
     21      23      10
          2       3 
--8<--
found: sum= 79.0000 var=  0.0000 fitness= 79.0000 age=2
-->8--
         22       1 
      8       6      18
     21      20      19 
 23       2      15       4
  9      13      17      10
     11      12      14 
     16      24       5
          3       7 
--8<--
found: sum= 77.0000 var=  0.0000 fitness= 77.0000 age=4
-->8--
          4      10 
     22      21      14
      8       5      24 
 15      17       3      16
 13      23      20       2
      1       9      12 
     18      19      11
          7       6 
--8<--
found: sum= 81.0000 var=  0.0000 fitness= 81.0000 age=1
-->8--
         21      13 
      2      22       3
      5      14      11 
 19      17      18       6
  4      16       7      15
     20       9      24 
     12      23      10
          1       8 
--8<--
found: sum= 81.0000 var=  0.0000 fitness= 81.0000 age=1
-->8--
         10      23 
      3      22       8
     20      15       9 
 12      11       4      16
  6      19      14      21
     13      18      17 
      5      24       1
          2       7 
--8<--
found: sum= 77.0000 var=  0.0000 fitness= 77.0000 age=2
-->8--
          1       9 
     22      16       2
     12      23      17 
  8       3      10       4
 20      15      21      11
     19       5      14 
     18       7      24
         13       6 
--8<--
found: sum= 77.0000 var=  0.0000 fitness= 77.0000 age=2
-->8--
          5       1 
     20      13      23
     21      14      24 
 10       4       2       8
 17      22      16      18
      3      19       9 
      7      15       6
         11      12 
--8<--
found: sum= 80.0000 var=  0.0000 fitness= 80.0000 age=3
-->8--
          8       4 
      3      24       6
      5      23      21 
 14      17       2       1
 15       9      22      16
     20       7      18 
     19      12      11
         13      10 
--8<--
found: sum= 81.0000 var=  0.0000 fitness= 81.0000 age=2
-->8--
          1       3 
     17      10       5
     23      21      20 
 15       9      22       2
  4      14       7      18
     16       8      12 
      6      24      11
         13      19 
--8<--
