found: sum= 77.0000 var=  0.0000 fitness= 77.0000
-->8--
          2      12 
      1      23      10
     14      24       5 
 20      13       3      19
 15       9      11      18
      6      17      21 
      7      16       8
         22       4 
--8<--
found: sum= 77.0000 var=  0.0000 fitness= 77.0000
-->8--
         20      11 
     19      12      14
      6       2      17 
  1      18      21      15
 13      23       9       5
     16       4      10 
      3      24      22
          7       8 
--8<--
found: sum= 78.0000 var=  0.0000 fitness= 78.0000
-->8--
         21      20 
      5      11       3
     22       2      23 
 18      17      19       1
  4      10       6      16
      7      24      13 
      8      14       9
         15      12 
--8<--
found: sum= 73.0000 var=  0.0000 fitness= 73.0000
-->8--
         20       1 
     18       3      16
     17       7      22 
 23       8      24      11
 14       5      10       2
      6      19       4 
      9      13      12
         21      15 
--8<--
found: sum= 75.0000 var=  0.0000 fitness= 75.0000
-->8--
         21       9 
      1       4      17
     20       5      18 
 12      24      22      15
  2      10       6      11
      7       8       3 
     13      23      16
         14      19 
--8<--
found: sum= 71.0000 var=  0.0000 fitness= 71.0000
-->8--
         24      19 
     14       2      20
      5      22       1 
  6       4       7      15
 23      16       9      21
     17      13      18 
     10      12      11
          3       8 
--8<--
found: sum= 80.0000 var=  0.0000 fitness= 80.0000
-->8--
          5      12 
     11      23      14
     16       8      13 
  7      17      10      18
  3      15       9       6
     22      21      24 
      1       2       4
         19      20 
--8<--
execution time: real 0.013841s user 0.006998s sys 0.000999s
GA: P=50 K=10 sp=2 xover=2D/1 optrpl=2 optskip=10 optmax=1.142857
generation #5: pop m= 76.834 v= 46.828 f= 54.456 best_age=1
best: found: sum= 80.0000 var=  0.0000 fitness= 80.0000
-->8--
          5      12 
     11      23      14
     16       8      13 
  7      17      10      18
  3      15       9       6
     22      21      24 
      1       2       4
         19      20 
--8<--
found: sum= 77.0000 var=  0.0000 fitness= 77.0000
-->8--
          2      12 
      1      23      10
     14      24       5 
 20      13       3      19
 15       9      11      18
      6      17      21 
      7      16       8
         22       4 
--8<--
found: sum= 77.0000 var=  0.0000 fitness= 77.0000
-->8--
         20      11 
     19      12      14
      6       2      17 
  1      18      21      15
 13      23       9       5
     16       4      10 
      3      24      22
          7       8 
--8<--
found: sum= 75.0000 var=  0.0000 fitness= 75.0000
-->8--
         21       9 
      1       4      17
     20       5      18 
 12      24      22      15
  2      10       6      11
      7       8       3 
     13      23      16
         14      19 
--8<--
found: sum= 78.0000 var=  0.0000 fitness= 78.0000
-->8--
         21      20 
      5      11       3
     22       2      23 
 18      17      19       1
  4      10       6      16
      7      24      13 
      8      14       9
         15      12 
--8<--
