found: sum= 79.0000 var=  0.0000 fitness= 79.0000
-->8--
          4       3 
      2      18      21
     24       9      16 
 15      22      12      14
 11       6       7      13
      1      23      17 
     10      19       5
         20       8 
--8<--
found: sum= 79.0000 var=  0.0000 fitness= 79.0000
-->8--
          2      16 
      4      24       9
     19      18       1 
 23      12      11      15
  7       8      17      14
     10      13      21 
     22      20       3
          6       5 
--8<--
found: sum= 84.0000 var=  0.0000 fitness= 84.0000
-->8--
          1      14 
      7      21      10
     24      19      15 
  2      12       5      13
  3      23      16      17
     20       9      18 
      4      22       8
          6      11 
--8<--
execution time: real 2.093576s user 0.037994s sys 0.118981s
GA: P=50 K=10 sp=2 xover=2D/1 optrpl=2 optskip=10 optmax=1.142857
generation #9319: pop m= 79.606 v=103.646 f= 36.195 best_age=1
best: found: sum= 84.0000 var=  0.0000 fitness= 84.0000
-->8--
          1      14 
      7      21      10
     24      19      15 
  2      12       5      13
  3      23      16      17
     20       9      18 
      4      22       8
          6      11 
--8<--
