found: sum= 79.0000 var=  0.0000 fitness= 79.0000 age=0
-->8--
          2       3 
      8      16      20
     19      10      23 
  6      24       7       5
 15       4      13      14
     11      21      17 
     12       9       1
         22      18 
--8<--
found: sum= 81.0000 var=  0.0000 fitness= 81.0000 age=0
-->8--
         13       5 
     18      22      16
     12       2      19 
 23      14      17       7
  6      15       9       8
     11      24      21 
     10      20       4
          1       3 
--8<--
found: sum= 77.0000 var=  0.0000 fitness= 77.0000 age=0
-->8--
          1      13 
      3      18      12
     21      19       5 
  4      15      10      11
  9       6      20      14
     22       7      17 
     16       2      23
         24       8 
--8<--
found: sum= 80.0000 var=  0.0000 fitness= 80.0000 age=0
-->8--
         24       6 
     13      19      16
     12      10      20 
 22       2       9       8
 11      15      23       3
     18      21      17 
      5      14       4
          7       1 
--8<--
found: sum= 77.0000 var=  0.0000 fitness= 77.0000 age=0
-->8--
         19      13 
      9       3      23
     24       5      22 
  1      17      11      20
  2      15       8      10
     18      21       6 
      4      12      16
          7      14 
--8<--
found: sum= 73.0000 var=  0.0000 fitness= 73.0000 age=0
-->8--
         21       6 
     23       4      19
      2      22       8 
 17       1      14      15
 16      24       7       9
     13       5      20 
      3      18      11
         10      12 
--8<--
found: sum= 79.0000 var=  0.0000 fitness= 79.0000 age=0
-->8--
         11      17 
     19       2      12
     14      20      18 
 15      13      10       5
  8       6      21       3
     23       9      22 
      1      16       4
         24       7 
--8<--
found: sum= 77.0000 var=  0.0000 fitness= 77.0000 age=0
-->8--
          2      15 
     19      14       8
     12       7      20 
 17      23      13      18
  9      10       3       1
      6      21      22 
      5      11       4
         24      16 
--8<--
found: sum= 79.0000 var=  0.0000 fitness= 79.0000 age=0
-->8--
         13      11 
     21      18      10
      9      15       6 
 24       3      19       7
 12       8      14      16
     23      20      17 
      4      22       5
          2       1 
--8<--
found: sum= 79.0000 var=  0.0000 fitness= 79.0000 age=0
-->8--
          3       4 
      1      22       5
     14      24      17 
  9      15       7      16
 18      10      12      21
     13      11       6 
     20      23      19
          2       8 
--8<--
found: sum= 76.0000 var=  0.0000 fitness= 76.0000 age=0
-->8--
          1       3 
     14      10       5
      8      21      19 
 15      22      18      20
 13       7       6       4
     11       2       9 
     16      23      12
         17      24 
--8<--
found: sum= 83.0000 var=  0.0000 fitness= 83.0000 age=0
-->8--
         10       6 
      7      11      20
     24      13      21 
  5      18      12       9
 15       4      14       8
     17      22      19 
     16      23       2
          1       3 
--8<--
found: sum= 74.0000 var=  0.0000 fitness= 74.0000 age=0
-->8--
          1      21 
     24      19       4
      7      17       5 
 16       6       8      10
 20      23      11      18
      2       9      22 
     13      15      14
         12       3 
--8<--
found: sum= 75.0000 var=  0.0000 fitness= 75.0000 age=0
-->8--
          6      20 
     24      21       4
      3       5       8 
 11      16      17       9
  7      15      10      13
     23      12      18 
     22       2      19
          1      14 
--8<--
found: sum= 81.0000 var=  0.0000 fitness= 81.0000 age=0
-->8--
          8      12 
      1      22      14
     15      11      20 
 17      24       2       9
  3      16      10      21
      6      18      19 
      5      23       4
         13       7 
--8<--
found: sum= 75.0000 var=  0.0000 fitness= 75.0000 age=0
-->8--
          3      23 
      1      22       2
     12      13       5 
  7      24      10      15
 20       8      11      16
      4       9      18 
     21      14      17
         19       6 
--8<--
found: sum= 76.0000 var=  0.0000 fitness= 76.0000 age=0
-->8--
         12       9 
      2      22      21
     23       3       5 
 17      14      16       7
  1      15      18      19
      6      10      11 
     24      13      20
          8       4 
--8<--
found: sum= 81.0000 var=  0.0000 fitness= 81.0000 age=0
-->8--
          5       4 
     14      19      15
     10       9      18 
  6      24      16      12
  7      11      20       2
     23       1      13 
      3      22      17
         21       8 
--8<--
found: sum= 76.0000 var=  0.0000 fitness= 76.0000 age=0
-->8--
         24      23 
      3       6       4
     22      11      20 
  8      10      12      14
  1      17      19       2
     18       7       9 
     16       5      15
         13      21 
--8<--
found: sum= 70.0000 var=  0.0000 fitness= 70.0000 age=0
-->8--
         24       3 
      2      18      15
      8      14       7 
 21       4      13      16
 20      12      10      23
      5      17       1 
      6      11      22
         19       9 
--8<--
found: sum= 72.0000 var=  0.0000 fitness= 72.0000 age=0
-->8--
         11      10 
      8       3      23
     12      14      18 
 20      24       4      21
  2       5       6      22
      9      19       1 
      7      17      16
         15      13 
--8<--
found: sum= 77.0000 var=  0.0000 fitness= 77.0000 age=0
-->8--
          2       6 
     24      19      20
     12       3      21 
 13      17       8      11
 15       4      22       5
     16      23      10 
     18       7       1
          9      14 
--8<--
found: sum= 76.0000 var=  0.0000 fitness= 76.0000 age=0
-->8--
         20      23 
      1      18       8
      7      19       3 
  2      11       5      13
 24      15      22      12
     17       4      21 
     10      14       9
         16       6 
--8<--
found: sum= 79.0000 var=  0.0000 fitness= 79.0000 age=0
-->8--
         21      10 
     12      23       2
      5      15       7 
 16       3      22       9
 20      18      13       4
     17       8      24 
     11      19       1
          6      14 
--8<--
found: sum= 76.0000 var=  0.0000 fitness= 76.0000 age=0
-->8--
          2       6 
     23      24       8
      3       7      12 
 21      17      19      15
  4      22       1      11
      9      10      18 
      5      14      20
         16      13 
--8<--
found: sum= 71.0000 var=  0.0000 fitness= 71.0000 age=0
-->8--
         10      11 
      8       6      19
     22      23       5 
 14       2       7      13
 18       3      20      17
     12      16       9 
     15       1      21
         24       4 
--8<--
found: sum= 76.0000 var=  0.0000 fitness= 76.0000 age=0
-->8--
         21      17 
     20      12       1
      4      13      24 
 16       6       9       3
  5      23      11      19
     22      14      10 
      7       8      15
          2      18 
--8<--
found: sum= 81.0000 var=  0.0000 fitness= 81.0000 age=0
-->8--
          2       6 
     11      23      15
     19      10       3 
  4      16      24       1
 13       9      17      14
     20       5      22 
     21      18      12
          8       7 
--8<--
execution time: real 0.192717s user 0.150977s sys 0.002999s
GA: P=1024 K=512 sp=2 xover=2D/1 aging
generation #1: pop m= 76.125 v=58.897 f= 49.056
best: found: sum= 83.0000 var=  0.0000 fitness= 83.0000 age=1
-->8--
         10       6 
      7      11      20
     24      13      21 
  5      18      12       9
 15       4      14       8
     17      22      19 
     16      23       2
          1       3 
--8<--
found: sum= 81.0000 var=  0.0000 fitness= 81.0000 age=1
-->8--
          5       4 
     14      19      15
     10       9      18 
  6      24      16      12
  7      11      20       2
     23       1      13 
      3      22      17
         21       8 
--8<--
found: sum= 77.0000 var=  0.0000 fitness= 77.0000 age=1
-->8--
          2      15 
     19      14       8
     12       7      20 
 17      23      13      18
  9      10       3       1
      6      21      22 
      5      11       4
         24      16 
--8<--
found: sum= 75.0000 var=  0.0000 fitness= 75.0000 age=1
-->8--
          3      23 
      1      22       2
     12      13       5 
  7      24      10      15
 20       8      11      16
      4       9      18 
     21      14      17
         19       6 
--8<--
found: sum= 77.0000 var=  0.0000 fitness= 77.0000 age=1
-->8--
         19      13 
      9       3      23
     24       5      22 
  1      17      11      20
  2      15       8      10
     18      21       6 
      4      12      16
          7      14 
--8<--
found: sum= 79.0000 var=  0.0000 fitness= 79.0000 age=1
-->8--
         21      10 
     12      23       2
      5      15       7 
 16       3      22       9
 20      18      13       4
     17       8      24 
     11      19       1
          6      14 
--8<--
found: sum= 77.0000 var=  0.0000 fitness= 77.0000 age=1
-->8--
          2       6 
     24      19      20
     12       3      21 
 13      17       8      11
 15       4      22       5
     16      23      10 
     18       7       1
          9      14 
--8<--
found: sum= 81.0000 var=  0.0000 fitness= 81.0000 age=1
-->8--
         13       5 
     18      22      16
     12       2      19 
 23      14      17       7
  6      15       9       8
     11      24      21 
     10      20       4
          1       3 
--8<--
found: sum= 80.0000 var=  0.0000 fitness= 80.0000 age=1
-->8--
         24       6 
     13      19      16
     12      10      20 
 22       2       9       8
 11      15      23       3
     18      21      17 
      5      14       4
          7       1 
--8<--
found: sum= 79.0000 var=  0.0000 fitness= 79.0000 age=1
-->8--
          2       3 
      8      16      20
     19      10      23 
  6      24       7       5
 15       4      13      14
     11      21      17 
     12       9       1
         22      18 
--8<--
found: sum= 77.0000 var=  0.0000 fitness= 77.0000 age=1
-->8--
          1      13 
      3      18      12
     21      19       5 
  4      15      10      11
  9       6      20      14
     22       7      17 
     16       2      23
         24       8 
--8<--
found: sum= 79.0000 var=  0.0000 fitness= 79.0000 age=1
-->8--
          3       4 
      1      22       5
     14      24      17 
  9      15       7      16
 18      10      12      21
     13      11       6 
     20      23      19
          2       8 
--8<--
found: sum= 71.0000 var=  0.0000 fitness= 71.0000 age=1
-->8--
         10      11 
      8       6      19
     22      23       5 
 14       2       7      13
 18       3      20      17
     12      16       9 
     15       1      21
         24       4 
--8<--
found: sum= 76.0000 var=  0.0000 fitness= 76.0000 age=1
-->8--
         20      23 
      1      18       8
      7      19       3 
  2      11       5      13
 24      15      22      12
     17       4      21 
     10      14       9
         16       6 
--8<--
found: sum= 70.0000 var=  0.0000 fitness= 70.0000 age=1
-->8--
         24       3 
      2      18      15
      8      14       7 
 21       4      13      16
 20      12      10      23
      5      17       1 
      6      11      22
         19       9 
--8<--
found: sum= 72.0000 var=  0.0000 fitness= 72.0000 age=1
-->8--
         11      10 
      8       3      23
     12      14      18 
 20      24       4      21
  2       5       6      22
      9      19       1 
      7      17      16
         15      13 
--8<--
found: sum= 73.0000 var=  0.0000 fitness= 73.0000 age=1
-->8--
         21       6 
     23       4      19
      2      22       8 
 17       1      14      15
 16      24       7       9
     13       5      20 
      3      18      11
         10      12 
--8<--
found: sum= 81.0000 var=  0.0000 fitness= 81.0000 age=1
-->8--
          2       6 
     11      23      15
     19      10       3 
  4      16      24       1
 13       9      17      14
     20       5      22 
     21      18      12
          8       7 
--8<--
found: sum= 76.0000 var=  0.0000 fitness= 76.0000 age=1
-->8--
          2       6 
     23      24       8
      3       7      12 
 21      17      19      15
  4      22       1      11
      9      10      18 
      5      14      20
         16      13 
--8<--
found: sum= 81.0000 var=  0.0000 fitness= 81.0000 age=1
-->8--
          8      12 
      1      22      14
     15      11      20 
 17      24       2       9
  3      16      10      21
      6      18      19 
      5      23       4
         13       7 
--8<--
found: sum= 79.0000 var=  0.0000 fitness= 79.0000 age=1
-->8--
         11      17 
     19       2      12
     14      20      18 
 15      13      10       5
  8       6      21       3
     23       9      22 
      1      16       4
         24       7 
--8<--
found: sum= 76.0000 var=  0.0000 fitness= 76.0000 age=1
-->8--
          1       3 
     14      10       5
      8      21      19 
 15      22      18      20
 13       7       6       4
     11       2       9 
     16      23      12
         17      24 
--8<--
found: sum= 74.0000 var=  0.0000 fitness= 74.0000 age=1
-->8--
          1      21 
     24      19       4
      7      17       5 
 16       6       8      10
 20      23      11      18
      2       9      22 
     13      15      14
         12       3 
--8<--
found: sum= 76.0000 var=  0.0000 fitness= 76.0000 age=1
-->8--
         24      23 
      3       6       4
     22      11      20 
  8      10      12      14
  1      17      19       2
     18       7       9 
     16       5      15
         13      21 
--8<--
found: sum= 76.0000 var=  0.0000 fitness= 76.0000 age=1
-->8--
         21      17 
     20      12       1
      4      13      24 
 16       6       9       3
  5      23      11      19
     22      14      10 
      7       8      15
          2      18 
--8<--
found: sum= 75.0000 var=  0.0000 fitness= 75.0000 age=1
-->8--
          6      20 
     24      21       4
      3       5       8 
 11      16      17       9
  7      15      10      13
     23      12      18 
     22       2      19
          1      14 
--8<--
found: sum= 76.0000 var=  0.0000 fitness= 76.0000 age=1
-->8--
         12       9 
      2      22      21
     23       3       5 
 17      14      16       7
  1      15      18      19
      6      10      11 
     24      13      20
          8       4 
--8<--
found: sum= 79.0000 var=  0.0000 fitness= 79.0000 age=1
-->8--
         13      11 
     21      18      10
      9      15       6 
 24       3      19       7
 12       8      14      16
     23      20      17 
      4      22       5
          2       1 
--8<--
