found: sum= 73.0000 var=  0.0000 fitness= 73.0000
-->8--
         12      15 
     23       3      22
     13       1      24 
  7      21       8      18
  6      17      16       5
      9      10       2 
      4      14      20
         19      11 
--8<--
found: sum= 81.0000 var=  0.0000 fitness= 81.0000
-->8--
         15       1 
      6      24       5
      9      20      17 
  8       7      14      12
 22      16      21       4
     19       3      13 
      2      23      11
         18      10 
--8<--
found: sum= 74.0000 var=  0.0000 fitness= 74.0000
-->8--
         14       6 
     22      24       1
      2       9      15 
 17       3      19      16
 23      11      12       8
     18      20       4 
     13       7      10
          5      21 
--8<--
found: sum= 78.0000 var=  0.0000 fitness= 78.0000
-->8--
         22       8 
      3      23      11
     17      12      18 
 10       1       6      21
 19      15      24       2
     16      20       7 
      5       9      14
         13       4 
--8<--
found: sum= 72.0000 var=  0.0000 fitness= 72.0000
-->8--
         18      12 
     16       2      13
     19       6      24 
  8      11      15      23
 10      17       1       4
      7      22       5 
     14       3      21
          9      20 
--8<--
found: sum= 74.0000 var=  0.0000 fitness= 74.0000
-->8--
         15      10 
     23      17       7
      2      16      13 
 24       1      11      19
 20       6      18       4
     21      22       9 
      3       8      12
         14       5 
--8<--
found: sum= 80.0000 var=  0.0000 fitness= 80.0000
-->8--
          9      13 
      5      24      12
     19      16       1 
 18       7      14       2
 10      15      20      21
     11       8      22 
     17      23       4
          6       3 
--8<--
found: sum= 74.0000 var=  0.0000 fitness= 74.0000
-->8--
         22      12 
     15      24      18
     10       2      11 
 17       1       7      13
 19      21      20       9
      6      23      14 
     16       5       8
          3       4 
--8<--
found: sum= 78.0000 var=  0.0000 fitness= 78.0000
-->8--
         13       4 
     18       2       5
     15      24      21 
 11       6      22       1
 20      16       3       8
     10       7      23 
      9      19      14
         17      12 
--8<--
found: sum= 78.0000 var=  0.0000 fitness= 78.0000
-->8--
         19      20 
     15      12       6
      1       8      22 
  3      23      10      21
 17      16       7       5
     18      14      13 
      2      24       9
          4      11 
--8<--
found: sum= 76.0000 var=  0.0000 fitness= 76.0000
-->8--
         17       3 
      4      23      15
     10      20       8 
 16       2       7      12
 18       6      22      13
     24      19      14 
     21       1      11
          5       9 
--8<--
found: sum= 76.0000 var=  0.0000 fitness= 76.0000
-->8--
         17       4 
      7      13       5
     19      18      24 
 11       2      12       3
 23       6      22      14
     15      16       1 
     21       8      20
         10       9 
--8<--
found: sum= 72.0000 var=  0.0000 fitness= 72.0000
-->8--
         11      23 
      6       1       9
     17      19      12 
 16      18       8      24
 13       3       4      14
      5      20      10 
     22      15       2
          7      21 
--8<--
found: sum= 79.0000 var=  0.0000 fitness= 79.0000
-->8--
          4      13 
     14      23      20
     24       9       6 
 19       5       8      21
  3      17      18      10
     11      22      16 
     12      15       1
          2       7 
--8<--
found: sum= 78.0000 var=  0.0000 fitness= 78.0000
-->8--
         15      20 
      1      17       8
     23       6      18 
 22      16       9      11
  5       2      24      13
     10      21       3 
     12      19       7
         14       4 
--8<--
found: sum= 78.0000 var=  0.0000 fitness= 78.0000
-->8--
         19      11 
     21      13      10
     12       6      23 
 16       7      15       5
  8      17       9       4
     18      24      22 
     14       2       1
          3      20 
--8<--
found: sum= 76.0000 var=  0.0000 fitness= 76.0000
-->8--
          4      10 
     18      12      13
     22       6      20 
 24      14      15      11
  5       3      21       7
      8      17       2 
      9      16       1
         23      19 
--8<--
found: sum= 77.0000 var=  0.0000 fitness= 77.0000
-->8--
          4       2 
     16       1      21
     19      15      20 
 14      22      18      12
 11       6       7       3
      5       9      17 
     10      23      13
         24       8 
--8<--
found: sum= 76.0000 var=  0.0000 fitness= 76.0000
-->8--
         21      11 
     12      20       4
      3       6      22 
  5      14      13       7
 19      18      24       8
     17       1       2 
     15      16      10
          9      23 
--8<--
found: sum= 78.0000 var=  0.0000 fitness= 78.0000
-->8--
         22      14 
      3      24      11
     10      18       2 
 21       1       9      15
  7      20      13      16
     19      17      23 
      6      12       8
          4       5 
--8<--
found: sum= 75.0000 var=  0.0000 fitness= 75.0000
-->8--
          5      15 
     14      10       1
     17      16      21 
 23      13      12       8
 11       9       7      24
      2      18       3 
      4      22       6
         20      19 
--8<--
found: sum= 77.0000 var=  0.0000 fitness= 77.0000
-->8--
         17       2 
      9      14       3
     21      11      23 
 12       5      24       1
 10      13       6      19
     16      18       4 
     15       7      22
          8      20 
--8<--
found: sum= 77.0000 var=  0.0000 fitness= 77.0000
-->8--
          7       1 
     23      22      13
     11       8       9 
 16       6      24      12
  3      21       4      10
     20      14      18 
     15       5      17
          2      19 
--8<--
found: sum= 74.0000 var=  0.0000 fitness= 74.0000
-->8--
         16      12 
      5      23       8
     15       4      10 
  6      11      17      24
 21      20       3      13
      1      19       7 
      2      14       9
         18      22 
--8<--
found: sum= 81.0000 var=  0.0000 fitness= 81.0000
-->8--
          5      24 
     17       9       1
     22       8      21 
 13      20      18      10
  3      12       7       6
     11      16      19 
      4      23       2
         15      14 
--8<--
found: sum= 78.0000 var=  0.0000 fitness= 78.0000
-->8--
          8       3 
      1      22      12
     17       7      16 
  9      23      18      11
 13       6       5      24
     10      19       4 
      2      21      14
         20      15 
--8<--
found: sum= 79.0000 var=  0.0000 fitness= 79.0000
-->8--
          3      14 
      6      22      13
     17      24       4 
  9       7       2      16
 11      23      18      20
     12       5      19 
     10      21       1
          8      15 
--8<--
found: sum= 72.0000 var=  0.0000 fitness= 72.0000
-->8--
         16      15 
      7       1      21
     23      22       4 
  6       3       9      11
  8      20      13      17
     12       5      18 
     14       2      10
         19      24 
--8<--
found: sum= 78.0000 var=  0.0000 fitness= 78.0000
-->8--
          8      14 
      2      23      12
     15      19       9 
  4      11       1      10
 18      24      20      17
      6       3      21 
      7      16      13
         22       5 
--8<--
found: sum= 77.0000 var=  0.0000 fitness= 77.0000
-->8--
         11      17 
     14       4      10
     16      12      21 
  8      20      13      15
  2       7       3       6
     24      22      19 
     18       1      23
          5       9 
--8<--
found: sum= 82.0000 var=  0.0000 fitness= 82.0000
-->8--
          7      15 
     14      24       6
     22       2      16 
  1      13      19       3
  9      20       5      18
     17      23      21 
      8      10      11
          4      12 
--8<--
execution time: real 0.151837s user 0.006998s sys 0.001999s
GA: P=50 K=10 sp=2 xover=2D/1 optrpl=2 optskip=10 optmax=1.142857
generation #120: pop m= 78.129 v= 57.650 f= 52.173 best_age=1
best: found: sum= 82.0000 var=  0.0000 fitness= 82.0000
-->8--
          7      15 
     14      24       6
     22       2      16 
  1      13      19       3
  9      20       5      18
     17      23      21 
      8      10      11
          4      12 
--8<--
found: sum= 79.0000 var=  0.0000 fitness= 79.0000
-->8--
          3      14 
      6      22      13
     17      24       4 
  9       7       2      16
 11      23      18      20
     12       5      19 
     10      21       1
          8      15 
--8<--
found: sum= 81.0000 var=  0.0000 fitness= 81.0000
-->8--
          5      24 
     17       9       1
     22       8      21 
 13      20      18      10
  3      12       7       6
     11      16      19 
      4      23       2
         15      14 
--8<--
