found: sum= 85.0000 var=  0.0000 fitness= 85.0000
-->8--
          7      12 
      3      20       1
     19      14      23 
  9      22      15       2
  6       8      10      17
     21      16      18 
      5      24      13
         11       4 
--8<--
execution time: real 0.976406s user 0.030995s sys 0.033994s
GA: P=50 K=10 sp=2 xover=2D/1 optrpl=2 optskip=10 optmax=1.142857
generation #4333: pop m= 79.180 v=133.934 f= 29.218 best_age=1
best: found: sum= 85.0000 var=  0.0000 fitness= 85.0000
-->8--
          7      12 
      3      20       1
     19      14      23 
  9      22      15       2
  6       8      10      17
     21      16      18 
      5      24      13
         11       4 
--8<--
