found: sum= 77.0000 var=  0.0000 fitness= 77.0000 age=0
-->8--
         23      20 
      5      22       1
     17       7      15 
 24       3      12      19
  4      16      21       2
     13      18       8 
      9      10       6
         11      14 
--8<--
found: sum= 85.0000 var=  0.0000 fitness= 85.0000 age=0
-->8--
          1       4 
      9      23       7
     21      14      24 
 11      17      13       8
 15       3      16       5
     18      22      19 
     10      20       6
         12       2 
--8<--
found: sum= 75.0000 var=  0.0000 fitness= 75.0000 age=0
-->8--
         20      22 
      4      24       2
     11       7       5 
 23       9      15      16
  3      12      18      13
     17      14       8 
      1      10       6
         21      19 
--8<--
execution time: real 0.414945s user 0.012998s sys 0.002999s
GA: P=512 K=256 sp=3 xover=2D/1 aging
generation #3: pop m= 70.699 v=11.391 f= 57.260
best: found: sum= 85.0000 var=  0.0000 fitness= 85.0000 age=1
-->8--
          1       4 
      9      23       7
     21      14      24 
 11      17      13       8
 15       3      16       5
     18      22      19 
     10      20       6
         12       2 
--8<--
found: sum= 75.0000 var=  0.0000 fitness= 75.0000 age=1
-->8--
         20      22 
      4      24       2
     11       7       5 
 23       9      15      16
  3      12      18      13
     17      14       8 
      1      10       6
         21      19 
--8<--
found: sum= 77.0000 var=  0.0000 fitness= 77.0000 age=1
-->8--
         23      20 
      5      22       1
     17       7      15 
 24       3      12      19
  4      16      21       2
     13      18       8 
      9      10       6
         11      14 
--8<--
