found: sum= 82.0000 var=  0.0000 fitness= 82.0000 age=0
-->8--
         19       7 
      3      10       5
     18      15      24 
 12      17      21       8
  1      14       2      11
     20      13      16 
      4      22       6
          9      23 
--8<--
found: sum= 84.0000 var=  0.0000 fitness= 84.0000 age=0
-->8--
          9      16 
     12      14       8
     19       7      22 
 10      23      17       4
  2       6      18       3
     24      13      20 
      5      21      11
         15       1 
--8<--
found: sum= 85.0000 var=  0.0000 fitness= 85.0000 age=0
-->8--
          9      16 
      2      19       5
     23      17      18 
 12      15      10       3
  7       8      22      11
     20      13      21 
      6      24       4
         14       1 
--8<--
execution time: real 0.702338s user 0.069989s sys 0.001999s
jsgmd24: M=7 A=2 B=3 P=512 K=256 sp=3 xover=2D/3 mut=6 replace_worst=51 aging explosion=128@0.005000*128 swap=2 hexspin=2
generation #5: pop m= 82.908 v=1.552 f= 77.534
best: found: sum= 85.0000 var=  0.0000 fitness= 85.0000 age=1
-->8--
          9      16 
      2      19       5
     23      17      18 
 12      15      10       3
  7       8      22      11
     20      13      21 
      6      24       4
         14       1 
--8<--
found: sum= 82.0000 var=  0.0000 fitness= 82.0000 age=2
-->8--
         19       7 
      3      10       5
     18      15      24 
 12      17      21       8
  1      14       2      11
     20      13      16 
      4      22       6
          9      23 
--8<--
found: sum= 84.0000 var=  0.0000 fitness= 84.0000 age=1
-->8--
          9      16 
     12      14       8
     19       7      22 
 10      23      17       4
  2       6      18       3
     24      13      20 
      5      21      11
         15       1 
--8<--
