found: sum=  0.0000 var=  0.0000 fitness=  0.0000
-->8--
          4       9 
      3      17      12
     15      21       7 
 11      20      14      18
  8      10      13       6
     16       2      22 
      5      23       1
         24      19 
--8<--
found: sum=  0.0000 var=  0.0000 fitness=  0.0000
-->8--
         16      15 
     22       3      18
     13       9      21 
  6      14      11      10
  2      19       7       4
     23      17      24 
      5       1       8
         12      20 
--8<--
execution time: real 0.089007s user 0.011998s sys 0.000999s
GA: P=50 K=25 sp=3 xover=2D/1
generation #0: pop m= 75.846 v=  0.176 f= 73.876 best_age=0
best: sum= 82.5714 var=  0.2449 fitness= 80.1471
-->8--
         22      12 
      8      24      11
     20       4      13 
  6       5      18       9
 14      21      19       1
     17      16      23 
      3      15       2
         10       7 
--8<--
found: sum= 80.0000 var=  0.0000 fitness= 80.0000
-->8--
          4       9 
      3      17      12
     15      21       7 
 11      20      14      18
  8      10      13       6
     16       2      22 
      5      23       1
         24      19 
--8<--
found: sum= 77.0000 var=  0.0000 fitness= 77.0000
-->8--
         16      15 
     22       3      18
     13       9      21 
  6      14      11      10
  2      19       7       4
     23      17      24 
      5       1       8
         12      20 
--8<--
