found: sum= 72.0000 var=  0.0000 fitness= 72.0000
-->8--
         20      14 
     21       8      16
     12       2      17 
 19       9      15      11
  1      18      22       4
     13       6       3 
      5       7      24
         23      10 
--8<--
found: sum= 79.0000 var=  0.0000 fitness= 79.0000
-->8--
          5      22 
      4      12       3
     18      17      24 
  6      23       1       2
  9       7      21      20
     16      10      11 
     19      14      15
         13       8 
--8<--
found: sum= 72.0000 var=  0.0000 fitness= 72.0000
-->8--
          1      19 
     22       3      21
      7      15       2 
  6      24      12      13
 16       9       4      23
     10       8      18 
     14      20      17
         11       5 
--8<--
found: sum= 73.0000 var=  0.0000 fitness= 73.0000
-->8--
          9       8 
     22      23      15
     12       1       5 
 20       6      21       3
 17      14      18       7
      4      13      19 
     16       2      11
         24      10 
--8<--
found: sum= 76.0000 var=  0.0000 fitness= 76.0000
-->8--
         16       5 
     17      23      11
      8       9       6 
 12       3      22      15
 14      21      19      13
     18       2       1 
      7      24      10
          4      20 
--8<--
found: sum= 76.0000 var=  0.0000 fitness= 76.0000
-->8--
          4      23 
      2      13      10
     21      14       1 
  3      22      15      17
 16       8       5      18
      6      12      20 
      7      19       9
         24      11 
--8<--
found: sum= 73.0000 var=  0.0000 fitness= 73.0000
-->8--
          9      17 
     10      21      16
     19       1       6 
 18      13      12       7
  4       5      22      23
     14      20       3 
     24       2      11
          8      15 
--8<--
found: sum= 78.0000 var=  0.0000 fitness= 78.0000
-->8--
          8       6 
      4      24       1
     21      18       7 
 15       3      22      14
 10      20       2      16
      9      13      17 
     19      12      11
          5      23 
--8<--
found: sum= 74.0000 var=  0.0000 fitness= 74.0000
-->8--
         14      12 
     19      21       8
      3      16      10 
 18       1       7       9
 13      24      20      11
     15       6      17 
      2       4       5
         23      22 
--8<--
found: sum= 76.0000 var=  0.0000 fitness= 76.0000
-->8--
          7      15 
      5      20       2
     10      13      12 
 19      21      14       4
 22       1      18      17
      3       9      11 
     16      24       6
         23       8 
--8<--
found: sum= 80.0000 var=  0.0000 fitness= 80.0000
-->8--
          8       6 
      3      18      12
     24      20      11 
  1       7      13      21
  9      16      19      14
     23       5       2 
      4      22      15
         10      17 
--8<--
found: sum= 75.0000 var=  0.0000 fitness= 75.0000
-->8--
         14      18 
     19       3      17
     10       5      23 
 21      24       9       2
  1       4      13      12
     15      20      16 
     22       8       7
          6      11 
--8<--
found: sum= 78.0000 var=  0.0000 fitness= 78.0000
-->8--
          8      17 
      7       1       3
     16      24      20 
  2      22      13      12
 11       4      10      14
     23       5       9 
     19      21      15
          6      18 
--8<--
found: sum= 77.0000 var=  0.0000 fitness= 77.0000
-->8--
         14       8 
     21      17       1
      2      16      24 
 13       7      11       4
 23      22       3      15
     10      18      20 
      9      12       5
          6      19 
--8<--
found: sum= 81.0000 var=  0.0000 fitness= 81.0000
-->8--
         11      16 
     12      23       7
     18       3      17 
 13      14      15      19
  9       5      20       6
     22      24       4 
      1      21       2
          8      10 
--8<--
found: sum= 81.0000 var=  0.0000 fitness= 81.0000
-->8--
          5      14 
      8      20      12
     13      16      10 
  2      19       9       6
  4      21      15      24
     22       1      17 
      3      23       7
         11      18 
--8<--
found: sum= 75.0000 var=  0.0000 fitness= 75.0000
-->8--
          5      16 
      3      20      11
      9      17       1 
 18      21      10      15
  7      12       2      24
      8      13      23 
     22      14       4
          6      19 
--8<--
found: sum= 81.0000 var=  0.0000 fitness= 81.0000
-->8--
          4      15 
     18      12      10
     11      13      22 
  6      23       9       5
  8      14       1      20
     19      21      24 
      3      17       2
          7      16 
--8<--
found: sum= 76.0000 var=  0.0000 fitness= 76.0000
-->8--
          3      11 
      1      12      10
     17      24       6 
  9      19      13      14
  4       5       7      15
     22       8      21 
     23       2      20
         16      18 
--8<--
found: sum= 77.0000 var=  0.0000 fitness= 77.0000
-->8--
         14       4 
     19       7      24
      2      13      21 
 11      22       8       1
 16       6      18      17
     20      10      12 
      3      23       5
         15       9 
--8<--
found: sum= 80.0000 var=  0.0000 fitness= 80.0000
-->8--
          4      13 
      3      19       5
     24      12      11 
  9      18      20      10
  8      14       1      16
      7      15      22 
     21      17       2
          6      23 
--8<--
found: sum= 80.0000 var=  0.0000 fitness= 80.0000
-->8--
          2      11 
      8      17      10
     24      23       7 
  1       6      12       4
 20      14      16      22
     15       9      19 
     21      18      13
          3       5 
--8<--
found: sum= 75.0000 var=  0.0000 fitness= 75.0000
-->8--
         17      10 
     14      13       9
      1      24       4 
 12       6      15      11
 19      21       2      20
     16       7      23 
      5      18      22
          8       3 
--8<--
found: sum= 78.0000 var=  0.0000 fitness= 78.0000
-->8--
         17       6 
      7      24      16
     19       3      15 
 12       8      14       2
 20       9      21      22
     10      23       4 
     13      18       1
          5      11 
--8<--
found: sum= 76.0000 var=  0.0000 fitness= 76.0000
-->8--
         11       1 
      3      19       9
      2      23      10 
 21      18      14       5
 15       8       7      16
     12       6      24 
     17      13       4
         20      22 
--8<--
found: sum= 79.0000 var=  0.0000 fitness= 79.0000
-->8--
          2      23 
     19      14      12
     21       3      16 
  4      20      11       7
 15      10      18       5
      9      17      22 
     24      13       1
          6       8 
--8<--
found: sum= 76.0000 var=  0.0000 fitness= 76.0000
-->8--
         20       3 
      1       7       8
     11      23      19 
  9      14      16       5
 12       6       4      15
     24      13      17 
     21       2      18
         10      22 
--8<--
found: sum= 75.0000 var=  0.0000 fitness= 75.0000
-->8--
         10       4 
     17      23      14
      2       7       5 
 21      16      22      20
 19       9       3       1
      8      18      24 
     15      13       6
         12      11 
--8<--
found: sum= 79.0000 var=  0.0000 fitness= 79.0000
-->8--
          9      14 
      4      18      19
     21       3      17 
  7      24       8      10
  6      20      13      15
      1      11      16 
     23      22      12
          2       5 
--8<--
found: sum= 80.0000 var=  0.0000 fitness= 80.0000
-->8--
          4       1 
      5      22       2
     14      18      13 
 10      17      24       9
  8      11       7      15
     20       3      12 
     21      19      23
          6      16 
--8<--
found: sum= 77.0000 var=  0.0000 fitness= 77.0000
-->8--
         17       2 
     19      22      14
      3       4      15 
 13      12      20       1
 23       8      24      11
     18       9       6 
     16      21       7
          5      10 
--8<--
found: sum= 73.0000 var=  0.0000 fitness= 73.0000
-->8--
         22      23 
     15       1       9
      6      11      24 
 12      18       5      13
 14       3      19       8
     20      17       4 
      2      10       7
         21      16 
--8<--
found: sum= 78.0000 var=  0.0000 fitness= 78.0000
-->8--
         15       1 
     21      22      13
      6       2      24 
  4      12      16       8
 19      23      20       3
     14       5       7 
      9      17      18
         10      11 
--8<--
found: sum= 75.0000 var=  0.0000 fitness= 75.0000
-->8--
         12      24 
      8      11       1
     18      22       7 
 17       4      10      20
 15      19      14       3
      2       6      21 
      9      16       5
         23      13 
--8<--
found: sum= 79.0000 var=  0.0000 fitness= 79.0000
-->8--
         21       1 
     16      19      14
     12       7      18 
  9       4      20       8
 15      22      24       3
     17       2       6 
     10      23      13
          5      11 
--8<--
found: sum= 77.0000 var=  0.0000 fitness= 77.0000
-->8--
          6      16 
      2      24       9
     17      23       1 
 10       5       4      21
 13      12      14      22
     20      19      15 
      7       8       3
         11      18 
--8<--
found: sum= 75.0000 var=  0.0000 fitness= 75.0000
-->8--
         17       7 
     13      24      10
      2      18      11 
 15       1       5      12
 20      14      16      22
     23      21       9 
      3       6       4
          8      19 
--8<--
found: sum= 82.0000 var=  0.0000 fitness= 82.0000
-->8--
          7      17 
     10      18       1
     20       8      22 
  5      19      16      14
 15       2      13      11
     21      24       6 
      9      23       4
          3      12 
--8<--
found: sum= 78.0000 var=  0.0000 fitness= 78.0000
-->8--
          2       1 
      6      16      15
     24      23      18 
 17       7       5       4
 14       3      19      22
     13      21      10 
     12       9      11
         20       8 
--8<--
found: sum= 80.0000 var=  0.0000 fitness= 80.0000
-->8--
         12       4 
      6       9       7
     14      23      24 
 20      16      13      11
  8       1       5      10
     21      22      17 
     19      15       3
          2      18 
--8<--
found: sum= 76.0000 var=  0.0000 fitness= 76.0000
-->8--
         23       3 
     10      11      20
      8      22      19 
 24       2       1       5
  6      21      17      16
     15      13      18 
      4       9      12
         14       7 
--8<--
found: sum= 74.0000 var=  0.0000 fitness= 74.0000
-->8--
          5       9 
     17      16      24
     20       4       8 
 14      12      13       6
 18       7      15      10
      3      23      22 
     19       1      11
         21       2 
--8<--
found: sum= 75.0000 var=  0.0000 fitness= 75.0000
-->8--
         21       6 
     16       2      24
     20       7      13 
 12       9      23       5
  8       4      14      19
     22      18       1 
      3      17      15
         11      10 
--8<--
found: sum= 73.0000 var=  0.0000 fitness= 73.0000
-->8--
          5      15 
      4      18      11
     14      13      10 
  7      19       6       9
 23       2      16      20
      8      17      12 
     21       3      24
         22       1 
--8<--
found: sum= 74.0000 var=  0.0000 fitness= 74.0000
-->8--
          6      11 
      5      14       8
      9      24       7 
  2      16      10      13
 12      17       4      19
     18       3      21 
     15       1      22
         20      23 
--8<--
found: sum= 77.0000 var=  0.0000 fitness= 77.0000
-->8--
         16       4 
     12       7      17
     13      24      14 
 18       5      11       2
 20      15      19       8
      6       3      23 
     21      22       1
         10       9 
--8<--
found: sum= 75.0000 var=  0.0000 fitness= 75.0000
-->8--
         10      23 
     17       9       1
      3      14      20 
  7      22       8       5
 19      18      11      15
      6       2      16 
     24      21      12
          4      13 
--8<--
found: sum= 81.0000 var=  0.0000 fitness= 81.0000
-->8--
         18       6 
     13      21      10
     19       1      23 
 17       9      20       3
  8      12      24       7
     16      15       4 
      5      22       2
         11      14 
--8<--
found: sum= 75.0000 var=  0.0000 fitness= 75.0000
-->8--
         24      18 
     20       1       9
      5      14      12 
 10      11      21      16
 13      17       4       7
     19       8      15 
      2      23       3
          6      22 
--8<--
found: sum= 76.0000 var=  0.0000 fitness= 76.0000
-->8--
          3       2 
      5      11       7
     14      21      19 
  8      22      16      15
 17       6      10      12
      9       1       4 
     13      23      18
         24      20 
--8<--
found: sum= 80.0000 var=  0.0000 fitness= 80.0000
-->8--
          4       2 
     12      20       3
     21      22      17 
 14       1      16      23
  7      24       8       5
     13       9      11 
     10      18      19
          6      15 
--8<--
found: sum= 79.0000 var=  0.0000 fitness= 79.0000
-->8--
          4       2 
      1      22      13
     17      11      12 
  8      24      19       9
 20       3       6      10
      7      16      23 
     18      14       5
         21      15 
--8<--
found: sum= 78.0000 var=  0.0000 fitness= 78.0000
-->8--
          1       2 
      6      24       9
     18      10      17 
  8      19      16      14
 21       7      15      12
      5      11       4 
     13      22      23
         20       3 
--8<--
found: sum= 79.0000 var=  0.0000 fitness= 79.0000
-->8--
          4       9 
      3      22       8
     17      18      10 
  1      15      12       2
 20       5      13      23
     21      16      19 
     24       6      14
          7      11 
--8<--
found: sum= 81.0000 var=  0.0000 fitness= 81.0000
-->8--
         14      10 
     13      22      18
     23       3       8 
 19       6      20       9
  1      11      24       4
     21      17      16 
     12      15       7
          5       2 
--8<--
found: sum= 77.0000 var=  0.0000 fitness= 77.0000
-->8--
          8      15 
     22       2      14
     24       9      19 
 23      12      18       4
 10       5      13       7
      3      20      16 
     17      21       1
         11       6 
--8<--
found: sum= 78.0000 var=  0.0000 fitness= 78.0000
-->8--
         19       9 
      7      17      12
     21      13      11 
  3       1      16      14
  8      23      20       2
     22       5      15 
     18       4      24
          6      10 
--8<--
found: sum= 77.0000 var=  0.0000 fitness= 77.0000
-->8--
          4      18 
     14      21       1
     19      12       3 
 23       7      22      24
  2      11       5      13
     15      20      10 
      6      17       9
          8      16 
--8<--
found: sum= 85.0000 var=  0.0000 fitness= 85.0000
-->8--
         12       1 
      3      21       7
     24      14      22 
 15      11      20       6
 10       9      13       5
     16      18      19 
     17      23       4
          2       8 
--8<--
execution time: real 0.182128s user 0.011998s sys 0.002999s
GA: P=50 K=10 sp=2 xover=2D/1 optrpl=2 optskip=10 optmax=1.005952
generation #220: pop m= 78.126 v= 44.795 f= 55.792 best_age=1
best: found: sum= 85.0000 var=  0.0000 fitness= 85.0000
-->8--
         12       1 
      3      21       7
     24      14      22 
 15      11      20       6
 10       9      13       5
     16      18      19 
     17      23       4
          2       8 
--8<--
found: sum= 77.0000 var=  0.0000 fitness= 77.0000
-->8--
          8      15 
     22       2      14
     24       9      19 
 23      12      18       4
 10       5      13       7
      3      20      16 
     17      21       1
         11       6 
--8<--
found: sum= 82.0000 var=  0.0000 fitness= 82.0000
-->8--
          7      17 
     10      18       1
     20       8      22 
  5      19      16      14
 15       2      13      11
     21      24       6 
      9      23       4
          3      12 
--8<--
found: sum= 77.0000 var=  0.0000 fitness= 77.0000
-->8--
          4      18 
     14      21       1
     19      12       3 
 23       7      22      24
  2      11       5      13
     15      20      10 
      6      17       9
          8      16 
--8<--
found: sum= 81.0000 var=  0.0000 fitness= 81.0000
-->8--
         14      10 
     13      22      18
     23       3       8 
 19       6      20       9
  1      11      24       4
     21      17      16 
     12      15       7
          5       2 
--8<--
