found: sum= 78.0000 var=  0.0000 fitness= 78.0000
-->8--
          5       3 
     23      17      24
     13      11       2 
 14       9      21      15
  8      12       6      18
     22      19      16 
      1      20       7
          4      10 
--8<--
found: sum= 79.0000 var=  0.0000 fitness= 79.0000
-->8--
          6       4 
      9      20      14
     13      15      18 
  7      16       8      21
 23      17      11       2
      3      12      19 
     24      22      10
          1       5 
--8<--
execution time: real 0.437686s user 0.007998s sys 0.023996s
GA: P=50 K=10 sp=2 xover=2D/1 optrpl=2 optskip=10 optmax=1.142857
generation #1857: pop m= 77.477 v= 79.189 f= 40.245 best_age=1
best: found: sum= 79.0000 var=  0.0000 fitness= 79.0000
-->8--
          6       4 
      9      20      14
     13      15      18 
  7      16       8      21
 23      17      11       2
      3      12      19 
     24      22      10
          1       5 
--8<--
