execution time: real 0.277482s user 0.000999s sys 0.000000s
GA: P=10 K=7 sp=3 xover_cuts=2
generation #116: pop m= 80.300 v=  0.176 f= 78.625 var0cnt=3 bage=21
best: found: sum= 85.0000 var=  0.0000 fitness= 85.0000
-->8--
          2      12 
      9      21       5
     24      19      15 
  4      10      13      14
  7      17      18       3
     23       8      22 
      6      20       1
         11      16 
--8<--
found: sum= 83.0000 var=  0.0000 fitness= 83.0000
-->8--
         13       9 
      8      23      10
     22       5      20 
 21      12      16       2
  4       7      24       3
     17      19      18 
     14      15       6
         11       1 
--8<--
found: sum= 79.0000 var=  0.0000 fitness= 79.0000
-->8--
          2      18 
      9      24       3
     15      17       4 
  6      12      13      23
 19       7       8      10
     20      22      21 
      5      11       1
         14      16 
--8<--
