sum= 72.7143 var=161.0612 fitness= 10.5414
-->8--
         10      20 
     18      14      17
      6      15      12 
 13      19       8      16
 22       1      24       7
      3       9      11 
      2      23       4
          5      21 
--8<--
execution time: real 0.002115s user 0.000000s sys 0.000999s
GA: P=20 K=10 sp=3 xover_cuts=2
generation #1: pop m= 75.543 v=185.571 f= 27.386 best_age=1
best: sum= 82.5714 var=  0.2449 fitness= 80.1471
-->8--
         13      22 
     11       9      16
     21      14      24 
 19      10      17       1
  2      23       3       6
     15      20      12 
      7      18       4
          8       5 
--8<--
found: sum= 77.0000 var=  0.0000 fitness= 77.0000
-->8--
         10      20 
     18      14      17
      6      15      12 
 13      19       8      16
 22       1      24       7
      3       9      11 
      2      23       4
          5      21 
--8<--
