found: sum= 76.0000 var=  0.0000 fitness= 76.0000
-->8--
         15      10 
     16       7      12
     19       5      18 
  4      14      24      11
 21       1       9       8
     17      23       6 
     20      13      22
          2       3 
--8<--
found: sum= 71.0000 var=  0.0000 fitness= 71.0000
-->8--
         23      11 
     24       5      19
      4      13      22 
 17       2       1      10
 18      21      20      15
      9      14       3 
      7      12       6
          8      16 
--8<--
found: sum= 74.0000 var=  0.0000 fitness= 74.0000
-->8--
         19       5 
     22      14      13
      8       7      18 
  9       4      17       1
 12      20      24      11
     21       2       3 
     10       6      23
         15      16 
--8<--
found: sum= 76.0000 var=  0.0000 fitness= 76.0000
-->8--
         24       3 
     15      21       8
      2       5      20 
 17       9      19      14
 12      23       4       1
     13      16      18 
      7       6      10
         11      22 
--8<--
found: sum= 78.0000 var=  0.0000 fitness= 78.0000
-->8--
         18       1 
     21      19      11
     12       2      23 
  8       6      22       5
 13      24       4      10
     15      20      14 
      3       7      16
          9      17 
--8<--
found: sum= 77.0000 var=  0.0000 fitness= 77.0000
-->8--
         14      13 
      3      20       8
     17      11      15 
  7      12      10      18
 21      16       6      23
      4      22       5 
      2      24       1
          9      19 
--8<--
found: sum= 76.0000 var=  0.0000 fitness= 76.0000
-->8--
         10       3 
     11       2      24
     13      19      23 
 15      21       5      14
  1      18       6      16
      8       7      12 
      4      22       9
         17      20 
--8<--
found: sum= 74.0000 var=  0.0000 fitness= 74.0000
-->8--
         23       7 
     17       2      12
      9      19      13 
  8       4      21      11
 15      24       1      18
     14       5      10 
      6      22      16
          3      20 
--8<--
found: sum= 75.0000 var=  0.0000 fitness= 75.0000
-->8--
         13       2 
     20       7      21
      1      15      24 
 10      19       6      12
 18       4      17       5
     23      14      11 
      3       9      16
         22       8 
--8<--
found: sum= 74.0000 var=  0.0000 fitness= 74.0000
-->8--
         22       3 
     20       2       7
      1      24      21 
 15       5      17      11
 16      14       6       9
     23       8      10 
      4      13      18
         12      19 
--8<--
found: sum= 80.0000 var=  0.0000 fitness= 80.0000
-->8--
         17      20 
      3      21       8
     14      10      12 
  1      15       9      23
 18      19       5       7
     13      22      24 
      4      16       2
          6      11 
--8<--
found: sum= 75.0000 var=  0.0000 fitness= 75.0000
-->8--
         10      14 
      3      23      21
     20       4       1 
  2      15      12      18
  8      11      17      22
     19      16       5 
     13       7      24
          9       6 
--8<--
found: sum= 76.0000 var=  0.0000 fitness= 76.0000
-->8--
          2      13 
     22      20      15
     11      18       4 
  5       3       6      23
 21      24      16       8
     12       9      19 
      7      14       1
         10      17 
--8<--
found: sum= 73.0000 var=  0.0000 fitness= 73.0000
-->8--
          9       1 
     22      10      20
     11       3      23 
  8      18      16      13
 17      15       2       7
      4      19      12 
     24       5      14
          6      21 
--8<--
found: sum= 74.0000 var=  0.0000 fitness= 74.0000
-->8--
         21      10 
     22       3      16
     14       8      17 
 15       6      20       1
  9      12      23       2
     18       5      11 
     19       7      24
         13       4 
--8<--
found: sum= 77.0000 var=  0.0000 fitness= 77.0000
-->8--
         15      17 
     16      19      14
     18       5      21 
 10       4       1       2
 12      24      20      22
      9      23      11 
      8       7      13
          6       3 
--8<--
found: sum= 79.0000 var=  0.0000 fitness= 79.0000
-->8--
          3       2 
      9       5      16
     20      24      17 
 12      18      15      13
  4      14       1      10
     11       7      23 
     22      19       8
          6      21 
--8<--
found: sum= 75.0000 var=  0.0000 fitness= 75.0000
-->8--
         14      12 
      4       6      11
     13      21      15 
 16      17      10      23
  8      20       2       7
      1       5      18 
      3      22      19
         24       9 
--8<--
found: sum= 74.0000 var=  0.0000 fitness= 74.0000
-->8--
         19      11 
     16      22       4
     10       5      15 
 18       2      17       3
 14      21       6      20
      9      23      13 
     12       1       7
          8      24 
--8<--
found: sum= 79.0000 var=  0.0000 fitness= 79.0000
-->8--
         22       1 
      5      16      13
      9      17      24 
 12      10       8      23
 14      19       7       6
     15      18      11 
      4      20      21
          3       2 
--8<--
found: sum= 79.0000 var=  0.0000 fitness= 79.0000
-->8--
          1      12 
      3      18      10
     17      24       4 
  9      16      11      14
  8       6      15      22
     23       7      13 
     21      20       5
          2      19 
--8<--
found: sum= 81.0000 var=  0.0000 fitness= 81.0000
-->8--
         13       1 
      8      19       4
     22      16      21 
 18       3      20      10
 14       7      23       5
     17      12       2 
     15      24       9
          6      11 
--8<--
execution time: real 0.061148s user 0.007998s sys 0.000999s
GA: P=50 K=10 sp=2 xover=2D/1 optrpl=2 optskip=10 optmax=1.142857
generation #64: pop m= 78.631 v= 60.174 f= 49.849 best_age=1
best: found: sum= 81.0000 var=  0.0000 fitness= 81.0000
-->8--
         13       1 
      8      19       4
     22      16      21 
 18       3      20      10
 14       7      23       5
     17      12       2 
     15      24       9
          6      11 
--8<--
found: sum= 79.0000 var=  0.0000 fitness= 79.0000
-->8--
          3       2 
      9       5      16
     20      24      17 
 12      18      15      13
  4      14       1      10
     11       7      23 
     22      19       8
          6      21 
--8<--
found: sum= 79.0000 var=  0.0000 fitness= 79.0000
-->8--
          1      12 
      3      18      10
     17      24       4 
  9      16      11      14
  8       6      15      22
     23       7      13 
     21      20       5
          2      19 
--8<--
