found: sum= 57.0000 var=  0.0000 fitness= 57.0000 age=0
-->8--
         11      19 
     18       4       8
      9      12      16 
 13       3      -2       5
 -2      20       7      21
     14      17      10 
     -1       6      15
          1       2 
--8<--
found: sum= 78.0000 var=  0.0000 fitness= 78.0000 age=0
-->8--
         11      21 
     15      23       4
     16       3      22 
 14      10       5       8
  6      19      24      12
     13      17       7 
     18       9       1
          2      20 
--8<--
found: sum= 65.0000 var=  0.0000 fitness= 65.0000 age=0
-->8--
         20      10 
     18      15       3
      7       1      17 
 23       4      19       8
  5      14       6      13
     12      21       2 
     11      -2      22
          9      16 
--8<--
found: sum= 77.0000 var=  0.0000 fitness= 77.0000 age=0
-->8--
         13      23 
     24       8       2
     14       7      22 
 10      11      15       1
  4      20      19       3
     18       5      17 
     16       6      21
         12       9 
--8<--
found: sum= 68.0000 var=  0.0000 fitness= 68.0000 age=0
-->8--
          4       6 
     20      19       3
      9       5      13 
  7      11      22       2
  8      15      16      -2
     18      -1      17 
     12      14       1
         10      21 
--8<--
found: sum= 71.0000 var=  0.0000 fitness= 71.0000 age=0
-->8--
          4      -1 
     21      16      18
     12       8      23 
 20      10       7       2
  1      22      13      17
      6      11       9 
     15      14       5
          3      19 
--8<--
found: sum= 69.0000 var=  0.0000 fitness= 69.0000 age=0
-->8--
          4      -1 
     20      18      14
      5      10      17 
 13      12      11       1
  2      16      22       3
     21      -2      15 
      9      19       7
          6       8 
--8<--
found: sum= 79.0000 var=  0.0000 fitness= 79.0000 age=0
-->8--
          3       4 
     24      18      12
     21       6      23 
 15       7      16       2
  1      22       8      19
     13      20      11 
      5       9      14
         10      17 
--8<--
found: sum= 62.0000 var=  0.0000 fitness= 62.0000 age=0
-->8--
         14       7 
      5      10       2
     13      17      22 
 19       3       4       8
  1       6      21       9
     20      11      -2 
     12      -2      16
         15      18 
--8<--
found: sum= 71.0000 var=  0.0000 fitness= 71.0000 age=0
-->8--
         18      11 
      9       7      19
      1      15      20 
 14      21      -1      16
 10       8      22       2
     17       6      12 
      4      23       5
         13       3 
--8<--
found: sum= 76.0000 var=  0.0000 fitness= 76.0000 age=0
-->8--
          7       2 
      6      22      13
     21       4      23 
  9      16      12       1
  3      17       8      14
     10      19      18 
     -1      11       5
         20      15 
--8<--
found: sum= 75.0000 var=  0.0000 fitness= 75.0000 age=0
-->8--
         21       9 
      5       8      24
     17      18      14 
 12       6       2      13
  4      16      22      23
     20      11       1 
     10      15      19
          3       7 
--8<--
found: sum= 81.0000 var=  0.0000 fitness= 81.0000 age=0
-->8--
          4       3 
     24      14      18
     11      12      21 
 19      16      13      15
  6       7      10       5
     22      23      17 
      8      20       2
          1       9 
--8<--
found: sum= 80.0000 var=  0.0000 fitness= 80.0000 age=0
-->8--
          9      18 
     12      23      11
     17       6       2 
 10      13      20       5
  4      14       8      24
     22      19      21 
      3      15      16
          7       1 
--8<--
found: sum= 68.0000 var=  0.0000 fitness= 68.0000 age=0
-->8--
          6      21 
     17      20       5
     10       8      12 
 11       7       2      19
  1      16      22      15
     23      13      -2 
      9       3      18
          4      14 
--8<--
found: sum= 80.0000 var=  0.0000 fitness= 80.0000 age=0
-->8--
         12       6 
     17      10      11
     16      18      22 
 21       7      13       1
  4       9      19      20
     23      14       5 
      2      24      15
          8       3 
--8<--
execution time: real 0.906973s user 0.012998s sys 0.000999s
GA: P=512 K=256 sp=3 xover=2D/1 aging
generation #7: pop m= 75.584 v=1.568 f= 70.880
best: found: sum= 81.0000 var=  0.0000 fitness= 81.0000 age=1
-->8--
          4       3 
     24      14      18
     11      12      21 
 19      16      13      15
  6       7      10       5
     22      23      17 
      8      20       2
          1       9 
--8<--
found: sum= 75.0000 var=  0.0000 fitness= 75.0000 age=1
-->8--
         21       9 
      5       8      24
     17      18      14 
 12       6       2      13
  4      16      22      23
     20      11       1 
     10      15      19
          3       7 
--8<--
found: sum= 77.0000 var=  0.0000 fitness= 77.0000 age=4
-->8--
         13      23 
     24       8       2
     14       7      22 
 10      11      15       1
  4      20      19       3
     18       5      17 
     16       6      21
         12       9 
--8<--
found: sum= 71.0000 var=  0.0000 fitness= 71.0000 age=3
-->8--
          4      -1 
     21      16      18
     12       8      23 
 20      10       7       2
  1      22      13      17
      6      11       9 
     15      14       5
          3      19 
--8<--
found: sum= 71.0000 var=  0.0000 fitness= 71.0000 age=2
-->8--
         18      11 
      9       7      19
      1      15      20 
 14      21      -1      16
 10       8      22       2
     17       6      12 
      4      23       5
         13       3 
--8<--
found: sum= 80.0000 var=  0.0000 fitness= 80.0000 age=1
-->8--
         12       6 
     17      10      11
     16      18      22 
 21       7      13       1
  4       9      19      20
     23      14       5 
      2      24      15
          8       3 
--8<--
found: sum= 76.0000 var=  0.0000 fitness= 76.0000 age=1
-->8--
          7       2 
      6      22      13
     21       4      23 
  9      16      12       1
  3      17       8      14
     10      19      18 
     -1      11       5
         20      15 
--8<--
found: sum= 79.0000 var=  0.0000 fitness= 79.0000 age=2
-->8--
          3       4 
     24      18      12
     21       6      23 
 15       7      16       2
  1      22       8      19
     13      20      11 
      5       9      14
         10      17 
--8<--
found: sum= 78.0000 var=  0.0000 fitness= 78.0000 age=5
-->8--
         11      21 
     15      23       4
     16       3      22 
 14      10       5       8
  6      19      24      12
     13      17       7 
     18       9       1
          2      20 
--8<--
found: sum= 80.0000 var=  0.0000 fitness= 80.0000 age=1
-->8--
          9      18 
     12      23      11
     17       6       2 
 10      13      20       5
  4      14       8      24
     22      19      21 
      3      15      16
          7       1 
--8<--
found: sum= 68.0000 var=  0.0000 fitness= 68.0000 age=1
-->8--
          6      21 
     17      20       5
     10       8      12 
 11       7       2      19
  1      16      22      15
     23      13      -2 
      9       3      18
          4      14 
--8<--
