execution time: real 0.244555s user 0.000999s sys 0.000000s
GA: P=10 K=7 sp=3 xover_cuts=2
generation #98: pop m= 80.529 v=  0.114 f= 79.057 var0cnt=2 bage=21
best: found: sum= 85.0000 var=  0.0000 fitness= 85.0000
-->8--
          9       5 
      3      24      11
     22      12      20 
 18      15      13       8
  1      10      14       7
     19      21      23 
      2      17       6
         16       4 
--8<--
found: sum= 82.0000 var=  0.0000 fitness= 82.0000
-->8--
         20       5 
      9      23      10
     17      11      19 
 16       2      14       1
  7      18      24       3
     22      13      21 
      6       8       4
         15      12 
--8<--
