found: sum= 78.0000 var=  0.0000 fitness= 78.0000
-->8--
         15      12 
     16       9      13
     23       5      21 
  1      10      18       4
 17      19       2      11
      8      24      22 
      6       7      20
         14       3 
--8<--
found: sum= 76.0000 var=  0.0000 fitness= 76.0000
-->8--
         19      12 
     21      10      15
     16       2      24 
 11       8      13       1
  6      17      22       7
     18      14       9 
      4       3      23
         20       5 
--8<--
found: sum= 74.0000 var=  0.0000 fitness= 74.0000
-->8--
         10      11 
     21      18      23
      6      16       2 
 15       3       4      22
  9      24      14      12
     17      13      20 
      8       7      19
          5       1 
--8<--
found: sum= 78.0000 var=  0.0000 fitness= 78.0000
-->8--
         16       9 
      5      20       8
     12      15       4 
  1      10      22      13
 21      11      18       7
     23       2      14 
     19      17       3
          6      24 
--8<--
found: sum= 76.0000 var=  0.0000 fitness= 76.0000
-->8--
         14       2 
      7      24      16
     18      10      13 
 21       3      11      22
  8      17      23       6
      9      12       1 
      4      15      20
         19       5 
--8<--
found: sum= 77.0000 var=  0.0000 fitness= 77.0000
-->8--
         11      20 
      4      19      13
     18       8       1 
 10      17      16      21
  6       2      22       3
     24      12      14 
     23       9      15
          7       5 
--8<--
found: sum= 77.0000 var=  0.0000 fitness= 77.0000
-->8--
          1      13 
     12      23      14
     22      17       4 
 15       2       6       9
 19       8      24      16
     11      20      18 
     21       7       5
         10       3 
--8<--
found: sum= 73.0000 var=  0.0000 fitness= 73.0000
-->8--
          6      15 
     22      24       1
      3      13      12 
 17       5       8       4
 18      16      20      19
     14      11      10 
     21       2       7
          9      23 
--8<--
found: sum= 76.0000 var=  0.0000 fitness= 76.0000
-->8--
          1      10 
     13       6      20
     19      14      17 
 12      23       9       8
  5       2      24      11
     15       4       7 
     18      16      22
         21       3 
--8<--
found: sum= 74.0000 var=  0.0000 fitness= 74.0000
-->8--
          9      19 
     24      22       5
     11       1       6 
 23       7      21       2
  8      10      17      16
     15      18      12 
     13       4       3
         14      20 
--8<--
found: sum= 77.0000 var=  0.0000 fitness= 77.0000
-->8--
         18      12 
     16       6       9
     22       5      24 
 23      10      21       3
  1      19       7       8
      2      15      14 
     13      17       4
         11      20 
--8<--
found: sum= 79.0000 var=  0.0000 fitness= 79.0000
-->8--
          4       6 
     14      20      12
     24       1      23 
 21      16      17       5
  3       8      15       9
      7      22      10 
     13      11       2
         18      19 
--8<--
found: sum= 75.0000 var=  0.0000 fitness= 75.0000
-->8--
          7      14 
     15      21      18
     22       1       4 
 20       9      17       3
 13       6      23      16
      5      19      12 
     24      11       8
         10       2 
--8<--
found: sum= 76.0000 var=  0.0000 fitness= 76.0000
-->8--
          2      12 
      3      23      17
     24      16       1 
 19       8       7      14
  4      15      20      13
      6      10      21 
     22       5      11
         18       9 
--8<--
found: sum= 72.0000 var=  0.0000 fitness= 72.0000
-->8--
         15       7 
     20       5      14
     11      12      16 
 17       9      18       2
 13      19       8       4
      3       6      24 
     21       1      23
         22      10 
--8<--
found: sum= 77.0000 var=  0.0000 fitness= 77.0000
-->8--
         19       2 
     13      24       6
      9       4      21 
 23       8      20       3
 15      17      10      11
      5      18      12 
      1      14       7
         22      16 
--8<--
found: sum= 78.0000 var=  0.0000 fitness= 78.0000
-->8--
          5       4 
     13      22      12
     21       6      14 
 10      11      20       3
 18      16      24       9
      2       1       8 
     19      23       7
         17      15 
--8<--
found: sum= 79.0000 var=  0.0000 fitness= 79.0000
-->8--
          1       5 
      2      22      12
     19      17      10 
  9      18      13      14
  8       4      24      11
     21       3       7 
     20      16       6
         15      23 
--8<--
found: sum= 80.0000 var=  0.0000 fitness= 80.0000
-->8--
          7      22 
      6      23      14
     24       1       5 
  9      19      15       2
  4      13      20      17
     11      12      21 
     18      16       3
         10       8 
--8<--
found: sum= 80.0000 var=  0.0000 fitness= 80.0000
-->8--
          8      13 
      4      22      10
     14      17      11 
  9      15       7      23
  6      24      16       2
     12       1      21 
      5      20       3
         18      19 
--8<--
found: sum= 75.0000 var=  0.0000 fitness= 75.0000
-->8--
         17       4 
     19       3      13
      7      21      18 
 12       8      16      24
 15      10      14       1
     23       6       2 
      5      22      11
          9      20 
--8<--
found: sum= 78.0000 var=  0.0000 fitness= 78.0000
-->8--
          4       3 
      7       6       9
     15      24      20 
  5      22      16       8
 11      13       1      10
     12       2      23 
     18      14      21
         19      17 
--8<--
found: sum= 76.0000 var=  0.0000 fitness= 76.0000
-->8--
          3      18 
      7      21      13
     16      14       9 
  8      15       1      19
 11      20       2      22
      6      24      23 
     17       5      12
          4      10 
--8<--
found: sum= 76.0000 var=  0.0000 fitness= 76.0000
-->8--
         10       9 
      8      23      18
     19       1      13 
 24      15      12      17
  5       7      20      11
      6      21       3 
     22      16       2
          4      14 
--8<--
found: sum= 79.0000 var=  0.0000 fitness= 79.0000
-->8--
          6       2 
      3      18       4
     10      20      23 
  7      22      12       1
 15      11       5      21
     14       9      17 
      8      13      19
         24      16 
--8<--
found: sum= 79.0000 var=  0.0000 fitness= 79.0000
-->8--
         16      24 
     18       3       2
      8      13      20 
  4      21      17       5
  9      15       7      11
     22       6      19 
     12      23      10
          1      14 
--8<--
found: sum= 76.0000 var=  0.0000 fitness= 76.0000
-->8--
          9       3 
     13      16      22
      2      12       6 
 10      24      17      20
 21       1      14       4
     18       8      15 
     19      23       5
          7      11 
--8<--
found: sum= 72.0000 var=  0.0000 fitness= 72.0000
-->8--
          8      12 
     20       2      13
      6      14      16 
  9      22      15      23
 11      17       3      10
      7       1       5 
     19      24      21
          4      18 
--8<--
found: sum= 73.0000 var=  0.0000 fitness= 73.0000
-->8--
         20      19 
     22       2      21
     13      12      11 
 23       4       8       9
  3      24      18      10
      6       7      17 
      5      16       1
         15      14 
--8<--
execution time: real 0.131244s user 0.007998s sys 0.003999s
GA: P=50 K=10 sp=2 xover=2D/1 optrpl=2 optskip=10 optmax=1.142857
generation #157: pop m= 77.526 v= 49.402 f= 52.316 best_age=1
best: sum= 84.1429 var=  0.1224 fitness= 82.4286
-->8--
          3      14 
     11      23      15
     24       7      17 
 12      16       8       5
  4      10      22      13
     18      21      19 
      9      20       1
          6       2 
--8<--
found: sum= 76.0000 var=  0.0000 fitness= 76.0000
-->8--
          9       3 
     13      16      22
      2      12       6 
 10      24      17      20
 21       1      14       4
     18       8      15 
     19      23       5
          7      11 
--8<--
found: sum= 79.0000 var=  0.0000 fitness= 79.0000
-->8--
         16      24 
     18       3       2
      8      13      20 
  4      21      17       5
  9      15       7      11
     22       6      19 
     12      23      10
          1      14 
--8<--
