found: sum= 74.0000 var=  0.0000 fitness= 74.0000
-->8--
          8      19 
     14       3      18
     23       2      15 
 10      24      17      12
  6       4      16       1
      7      11      13 
     21       9       5
         22      20 
--8<--
found: sum= 80.0000 var=  0.0000 fitness= 80.0000
-->8--
          5       6 
      7      19      14
     11      23      10 
  9      15       8       4
  3      20      13      24
     22       1      21 
     18      17      12
          2      16 
--8<--
found: sum= 77.0000 var=  0.0000 fitness= 77.0000
-->8--
         22       8 
     10       5      23
     15       4      13 
  7      21      24       2
  6       9      18       3
     19       1      17 
     20      16      14
         12      11 
--8<--
found: sum= 79.0000 var=  0.0000 fitness= 79.0000
-->8--
          6       4 
      3      23       7
     14       9      16 
 21      24      20       1
  2      10       5      22
      8      11      15 
     18      19      17
         13      12 
--8<--
found: sum= 77.0000 var=  0.0000 fitness= 77.0000
-->8--
          7       1 
      6      16      11
     13      20      17 
  8      15      12      21
 22       9       3      19
     10      18       5 
     14      24       4
          2      23 
--8<--
found: sum= 80.0000 var=  0.0000 fitness= 80.0000
-->8--
         22      23 
      9      21       4
     16      11      15 
 10       1       6      13
 14      20      24       5
     19      18      17 
      3      12       2
          8       7 
--8<--
found: sum= 78.0000 var=  0.0000 fitness= 78.0000
-->8--
          3       6 
      2      19       9
     20      10      13 
  8      24      21      23
  7       1       5      12
     18      17       4 
     15      16      14
         11      22 
--8<--
found: sum= 77.0000 var=  0.0000 fitness= 77.0000
-->8--
          4       9 
      3      12       2
     21      20      16 
 13      17      18       6
  7      11      10      22
      8       1       5 
     19      23      14
         15      24 
--8<--
found: sum= 79.0000 var=  0.0000 fitness= 79.0000
-->8--
          5       2 
     11       4      15
     23      22      24 
 13      14      12      20
  9       3      10       7
     17      18       6 
     19      21      16
          1       8 
--8<--
found: sum= 79.0000 var=  0.0000 fitness= 79.0000
-->8--
          3       2 
     10      13      18
     19      22       4 
 16      12      20       6
  8       1      17      11
     23       7      21 
      9      15      14
         24       5 
--8<--
found: sum= 80.0000 var=  0.0000 fitness= 80.0000
-->8--
         22       2 
     12      18       9
     19       8      20 
 17       1      23       3
  6      13      14       5
     24      21      15 
      7       4      16
         11      10 
--8<--
found: sum= 77.0000 var=  0.0000 fitness= 77.0000
-->8--
          7      11 
      4      18      19
     22       5      23 
 10      21       1      16
  9      13      20       3
      2      17      14 
     24       6      12
         15       8 
--8<--
found: sum= 71.0000 var=  0.0000 fitness= 71.0000
-->8--
         11       9 
     12       6       7
      1      22      13 
  8      19      14      16
 18      10       2      23
     15       4       3 
     20      17      21
          5      24 
--8<--
found: sum= 75.0000 var=  0.0000 fitness= 75.0000
-->8--
         16      19 
     15      11      21
      6       5       9 
 14      22      10      17
 12      13       1      20
      8      24      18 
      4      23       2
          3       7 
--8<--
found: sum= 79.0000 var=  0.0000 fitness= 79.0000
-->8--
          9      22 
      7      24       5
     19       6       4 
 11      14      18      21
  2      16      12       1
     17      13      23 
     15       8      20
         10       3 
--8<--
found: sum= 76.0000 var=  0.0000 fitness= 76.0000
-->8--
         16      23 
     11       4      19
     22       6      21 
  2      17       3      15
 10      18      24       1
      7       8      12 
      9      14       5
         20      13 
--8<--
found: sum= 70.0000 var=  0.0000 fitness= 70.0000
-->8--
          9       8 
     15       3      23
     18      24       2 
  5       1      10      21
 19      20      11      12
      7       4      14 
     16       6      22
         17      13 
--8<--
found: sum= 78.0000 var=  0.0000 fitness= 78.0000
-->8--
          2       5 
     18      13      21
     23       3      24 
 10      19      12       4
 16       9      20      11
      1      15       7 
     14      22       8
         17       6 
--8<--
found: sum= 79.0000 var=  0.0000 fitness= 79.0000
-->8--
          5       2 
      4      21      24
     16      19       1 
  6      14      12      23
 15      10      13       8
     18      11      22 
      3      17       9
         20       7 
--8<--
found: sum= 78.0000 var=  0.0000 fitness= 78.0000
-->8--
          9       2 
      4       7      17
     24      11      21 
  6      23      20      19
  1       8       3       5
     16      13      10 
     15      12      18
         14      22 
--8<--
found: sum= 74.0000 var=  0.0000 fitness= 74.0000
-->8--
          3      19 
      5      13      15
      7      24       2 
 17      22       1      21
  8       4      12      20
     16      11      18 
     23      14       9
          6      10 
--8<--
found: sum= 80.0000 var=  0.0000 fitness= 80.0000
-->8--
          1       7 
     12      24       6
     13      21       3 
 10       9      19      11
 16      14       2      23
     18      15      22 
      5      20      17
          8       4 
--8<--
found: sum= 79.0000 var=  0.0000 fitness= 79.0000
-->8--
         24       3 
      9      22      19
      7       2      17 
 18      15      16      14
  6      12      23       1
     21      11       8 
      5      20       4
         10      13 
--8<--
found: sum= 78.0000 var=  0.0000 fitness= 78.0000
-->8--
         19      13 
     23      12      10
      9       1      20 
  7      14      22       3
 16      15      21       4
     17       5       8 
      6      24      18
         11       2 
--8<--
found: sum= 78.0000 var=  0.0000 fitness= 78.0000
-->8--
         10       3 
      9      12       5
      6      21      24 
  1      20      13      15
 16      18       4      14
     17       2       8 
      7      23      19
         11      22 
--8<--
found: sum= 80.0000 var=  0.0000 fitness= 80.0000
-->8--
          8       2 
      6       5      21
     24      17      22 
 10      20      13       9
  3      11       4      14
     12      15      18 
     16      19       1
          7      23 
--8<--
found: sum= 78.0000 var=  0.0000 fitness= 78.0000
-->8--
         17      11 
     24      23      14
      9       2      13 
 10       3      15       4
 19      16      20       8
     21      22      18 
     12       6       5
          1       7 
--8<--
found: sum= 75.0000 var=  0.0000 fitness= 75.0000
-->8--
         22       8 
      4      15      10
     16      17      14 
  3       1      11      12
 13      23       5      24
     19      18       9 
      7       2      20
          6      21 
--8<--
found: sum= 78.0000 var=  0.0000 fitness= 78.0000
-->8--
          9      23 
      3      17       4
     14      13      20 
  8      22       1      10
  2      11      16      19
     21      15      12 
     18       6       5
          7      24 
--8<--
found: sum= 75.0000 var=  0.0000 fitness= 75.0000
-->8--
          7      11 
      3      16      14
     10      21       5 
  2      18       8      20
  9      23       1      22
     13       4      19 
      6      12      15
         17      24 
--8<--
found: sum= 75.0000 var=  0.0000 fitness= 75.0000
-->8--
          9      17 
     23      21      16
     11      10       5 
  8       1       6       7
 19      24      20      15
     12      14      22 
     18       4       2
          3      13 
--8<--
found: sum= 81.0000 var=  0.0000 fitness= 81.0000
-->8--
          3      17 
      1      21       8
     15      22       2 
  4      19      11      16
 10       9      14      18
     24       6      20 
     12      23      13
          7       5 
--8<--
execution time: real 0.095782s user 0.007998s sys 0.001999s
GA: P=50 K=10 sp=2 xover=2D/1 optrpl=2 optskip=10 optmax=1.005952
generation #99: pop m= 78.086 v= 31.181 f= 60.220 best_age=1
best: found: sum= 81.0000 var=  0.0000 fitness= 81.0000
-->8--
          3      17 
      1      21       8
     15      22       2 
  4      19      11      16
 10       9      14      18
     24       6      20 
     12      23      13
          7       5 
--8<--
found: sum= 75.0000 var=  0.0000 fitness= 75.0000
-->8--
          7      11 
      3      16      14
     10      21       5 
  2      18       8      20
  9      23       1      22
     13       4      19 
      6      12      15
         17      24 
--8<--
found: sum= 75.0000 var=  0.0000 fitness= 75.0000
-->8--
          9      17 
     23      21      16
     11      10       5 
  8       1       6       7
 19      24      20      15
     12      14      22 
     18       4       2
          3      13 
--8<--
found: sum= 80.0000 var=  0.0000 fitness= 80.0000
-->8--
          8       2 
      6       5      21
     24      17      22 
 10      20      13       9
  3      11       4      14
     12      15      18 
     16      19       1
          7      23 
--8<--
