found: sum=  0.0000 var=  0.0000 fitness=  0.0000
-->8--
         13       6 
      9      17      24
     15      10      16 
 18      14       5      12
  7      23      22       2
      1       4      21 
     11      20       3
         19       8 
--8<--
found: sum=  0.0000 var=  0.0000 fitness=  0.0000
-->8--
          6       3 
     24      12      18
     17      15      23 
 22       2       5       8
 13      21      19      10
      1      14      11 
     20      16       9
          4       7 
--8<--
found: sum=  0.0000 var=  0.0000 fitness=  0.0000
-->8--
         24      20 
     18      14      10
     12       2      16 
 21       5      13       6
  9      17      15      22
     11      23       3 
      4      19       8
          1       7 
--8<--
execution time: real 0.011700s user 0.010998s sys 0.001999s
GA: P=50 K=25 sp=3 xover=2D/1
generation #0: pop m= 75.106 v=  0.229 f= 72.883 best_age=0
best: sum= 84.1429 var=  0.1224 fitness= 82.4286
-->8--
         13      12 
      5      19       9
     24       4      23 
 10      20      17       1
  2       7      22       3
     21      14      18 
     15      16       6
         11       8 
--8<--
found: sum= 78.0000 var=  0.0000 fitness= 78.0000
-->8--
         13       6 
      9      17      24
     15      10      16 
 18      14       5      12
  7      23      22       2
      1       4      21 
     11      20       3
         19       8 
--8<--
found: sum= 76.0000 var=  0.0000 fitness= 76.0000
-->8--
          6       3 
     24      12      18
     17      15      23 
 22       2       5       8
 13      21      19      10
      1      14      11 
     20      16       9
          4       7 
--8<--
found: sum= 75.0000 var=  0.0000 fitness= 75.0000
-->8--
         24      20 
     18      14      10
     12       2      16 
 21       5      13       6
  9      17      15      22
     11      23       3 
      4      19       8
          1       7 
--8<--
