found: sum= 79.0000 var=  0.0000 fitness= 79.0000 age=0
-->8--
          3       7 
      5      24       8
     14      23      11 
  4      10       6      20
 17      16      22       1
     18       2      19 
     13       9      15
         21      12 
--8<--
found: sum= 74.0000 var=  0.0000 fitness= 74.0000 age=0
-->8--
         21      24 
     22       5      16
     19       4       7 
 10       3      18       1
 14      11      15      20
     17      23      13 
      8       9       2
          6      12 
--8<--
found: sum= 80.0000 var=  0.0000 fitness= 80.0000 age=0
-->8--
         11      10 
      3      23      22
     24       5      13 
  6      14       7       4
  1      20      18      21
     15      16      17 
     19       8       9
          2      12 
--8<--
found: sum= 74.0000 var=  0.0000 fitness= 74.0000 age=0
-->8--
         14      10 
     24       3      18
      4      16      19 
  1      13       8      12
 20      21      11       2
     15       5      22 
     17       7       6
          9      23 
--8<--
found: sum= 79.0000 var=  0.0000 fitness= 79.0000 age=0
-->8--
         22       8 
      1      24       6
      9      19      12 
 15       4      10       3
 18      16      23      11
     17       7      20 
     21      13      14
          5       2 
--8<--
found: sum= 76.0000 var=  0.0000 fitness= 76.0000 age=0
-->8--
          4      13 
      5      14      22
     24       8       9 
  2      21      10      19
  6      16      20      15
      7       1       3 
     11      23      12
         18      17 
--8<--
found: sum= 79.0000 var=  0.0000 fitness= 79.0000 age=0
-->8--
          1      16 
     17      15       2
      8      14      11 
 12      24      21       5
  6      10       7      13
     19       3      22 
      9      20       4
         18      23 
--8<--
found: sum= 78.0000 var=  0.0000 fitness= 78.0000 age=0
-->8--
         24       5 
      4      19      14
     13       6      18 
 21      12      16       3
  1      22       7      23
      9      15      11 
      2      20      17
         10       8 
--8<--
found: sum= 77.0000 var=  0.0000 fitness= 77.0000 age=0
-->8--
          3      12 
      6      13      20
     22      10      15 
  1      23       7      21
  2      24       9      14
      5       4      11 
     17      19      18
          8      16 
--8<--
found: sum= 80.0000 var=  0.0000 fitness= 80.0000 age=0
-->8--
          2      14 
      4      15      13
     24      17       9 
 11      18      12       7
  1       6      19      23
     20       8      10 
      3      22       5
         21      16 
--8<--
found: sum= 71.0000 var=  0.0000 fitness= 71.0000 age=0
-->8--
          5      13 
     24      23       2
      6      10      12 
 19       3      11       8
 17      22      18      21
      4       7       1 
     15       9      16
         14      20 
--8<--
found: sum= 79.0000 var=  0.0000 fitness= 79.0000 age=0
-->8--
         24       1 
      4      12       9
     15      19      22 
 13       5      16       3
  2      21      10      11
     23       8      17 
     14       6      18
          7      20 
--8<--
found: sum= 76.0000 var=  0.0000 fitness= 76.0000 age=0
-->8--
          7      16 
      2      23       8
     17       5      11 
  9      22      13      24
 15      12       4       6
      1      20      18 
     14      10       3
         19      21 
--8<--
found: sum= 71.0000 var=  0.0000 fitness= 71.0000 age=0
-->8--
         19       9 
     24      10      23
      8       7       6 
  5       3      16      13
 17      20      21      14
     18       4       1 
     15      12      22
          2      11 
--8<--
found: sum= 78.0000 var=  0.0000 fitness= 78.0000 age=0
-->8--
         24      22 
      1      20       3
     16       9      19 
 18       8       5      15
  4      21      23       2
     11      12      14 
      7      10       6
         17      13 
--8<--
found: sum= 75.0000 var=  0.0000 fitness= 75.0000 age=0
-->8--
         18      13 
      1      11       6
     15      10      19 
  8      20      16      12
  5       3      17       7
     24       9       4 
     14       2      21
         23      22 
--8<--
found: sum= 70.0000 var=  0.0000 fitness= 70.0000 age=0
-->8--
         21       7 
     16       1       4
      5      17      19 
 12      10      22       6
 23      11       2      18
      9       8       3 
     15      13      20
         14      24 
--8<--
found: sum= 79.0000 var=  0.0000 fitness= 79.0000 age=0
-->8--
          4      17 
      5      23       1
     24       9      16 
 21      14      13      19
  2      10      22       3
      8      11       6 
     20      18       7
         12      15 
--8<--
found: sum= 77.0000 var=  0.0000 fitness= 77.0000 age=0
-->8--
         18      15 
     22      10       4
      5      20      11 
  9       2      17       1
 21      16      19       6
     24       3      23 
     14      12       7
          8      13 
--8<--
found: sum= 77.0000 var=  0.0000 fitness= 77.0000 age=0
-->8--
          9      17 
      4      13       8
     20      15      10 
  3      16      14      22
 12       7      24       5
     19       1       2 
     11      21      23
         18       6 
--8<--
found: sum= 81.0000 var=  0.0000 fitness= 81.0000 age=0
-->8--
          8      11 
      2      12       5
     22      14      15 
  9      23      24      10
  7       3       1      13
     17      16      18 
     20      21      19
          4       6 
--8<--
found: sum= 76.0000 var=  0.0000 fitness= 76.0000 age=0
-->8--
         16      10 
      8      24       2
     13      14       4 
  5       1      22       7
 17      19      11      20
     21       9      12 
     18       6      15
          3      23 
--8<--
found: sum= 78.0000 var=  0.0000 fitness= 78.0000 age=0
-->8--
          2       8 
     23      24       4
      3      14       7 
 17      12      21       9
 11      20       6      13
     15       5      22 
     18      19      10
          1      16 
--8<--
found: sum= 80.0000 var=  0.0000 fitness= 80.0000 age=0
-->8--
          7      10 
      6      24       2
     11      17      18 
 19      15       9      16
  1      13       3      12
     21      23      22 
     14       4      20
          5       8 
--8<--
found: sum= 78.0000 var=  0.0000 fitness= 78.0000 age=0
-->8--
          3      19 
      9      13      10
     22      14      18 
  5      17       4      21
 16      12      20       8
      6      11       7 
     23      24       1
          2      15 
--8<--
found: sum= 77.0000 var=  0.0000 fitness= 77.0000 age=0
-->8--
         23       5 
      6      21       3
     16       7      24 
  8       4      17       2
 14      22      15      18
     13      12       1 
      9      10      19
         11      20 
--8<--
found: sum= 80.0000 var=  0.0000 fitness= 80.0000 age=0
-->8--
          8       3 
     10      21      12
     13      19       1 
  4       9      24       5
 16      15      11      17
     23       2      22 
     14      20       7
          6      18 
--8<--
found: sum= 73.0000 var=  0.0000 fitness= 73.0000 age=0
-->8--
          1      23 
     20      14      13
     12       2       4 
  5      24      17       7
 11       3      21      16
     18       6       8 
     15       9      10
         22      19 
--8<--
found: sum= 79.0000 var=  0.0000 fitness= 79.0000 age=0
-->8--
          3       2 
     22      24      20
     14      10       8 
 23       6      15      17
 13      11      16       5
     12      21      18 
      7      19       1
          9       4 
--8<--
found: sum= 75.0000 var=  0.0000 fitness= 75.0000 age=0
-->8--
          4      12 
     15      23      18
     24       6      11 
 13       3       5      21
 14      19      20      10
      2      22       8 
     16       7      17
          9       1 
--8<--
found: sum= 77.0000 var=  0.0000 fitness= 77.0000 age=0
-->8--
          1      13 
     21       7      12
      8      17      18 
 16      23      10      14
  4      20       2      11
      6       5      22 
      3      24      15
         19       9 
--8<--
found: sum= 77.0000 var=  0.0000 fitness= 77.0000 age=0
-->8--
         10       4 
      3      23      18
     21      13       5 
  6       7      14       1
 24      17      15      20
      2      11      22 
     19      12       8
         16       9 
--8<--
found: sum= 80.0000 var=  0.0000 fitness= 80.0000 age=0
-->8--
          1      11 
      5      23       6
     17      19      18 
 12      15       3      22
  7      21      13      14
      8       9      10 
      2      24       4
         16      20 
--8<--
found: sum= 78.0000 var=  0.0000 fitness= 78.0000 age=0
-->8--
         21       6 
      1      18       5
     11      19      16 
 12       8      14       9
 17      10       3      13
     20      24      23 
      7       2      22
         15       4 
--8<--
found: sum= 76.0000 var=  0.0000 fitness= 76.0000 age=0
-->8--
         20      24 
     21      16       2
      1      11       5 
  8       7      18      10
 23      15      12      14
     22      13      17 
      3      19       9
          4       6 
--8<--
found: sum= 76.0000 var=  0.0000 fitness= 76.0000 age=0
-->8--
         24      11 
      5       1      20
     15      10      22 
  6      21      12       3
 13       2       8      17
     19      23      14 
      7       9       4
         16      18 
--8<--
found: sum= 77.0000 var=  0.0000 fitness= 77.0000 age=0
-->8--
          1       3 
      8      20      12
     16      15      23 
  6      17       4      14
  7      21      18      13
     10       2       5 
     24      11      19
          9      22 
--8<--
found: sum= 77.0000 var=  0.0000 fitness= 77.0000 age=0
-->8--
         21       2 
      1      22      11
      4      14      10 
  9      15      18       3
 17      19       6      16
     13       5      24 
     20      12      23
          8       7 
--8<--
found: sum= 77.0000 var=  0.0000 fitness= 77.0000 age=0
-->8--
          5      18 
     20      21       7
      6      12      10 
 17      13       9      24
  8      19      22       1
     14       2      11 
      3      23       4
         16      15 
--8<--
found: sum= 76.0000 var=  0.0000 fitness= 76.0000 age=0
-->8--
          1      13 
     14      22       5
      8      10      24 
  9      21       2      11
 20       3      23      12
     15      17       4 
     16       7       6
         18      19 
--8<--
found: sum= 76.0000 var=  0.0000 fitness= 76.0000 age=0
-->8--
         23      22 
      6       2       1
     19      16      20 
  8      10      15      11
 14      13       5       7
     12      17      18 
     21       9       3
          4      24 
--8<--
found: sum= 73.0000 var=  0.0000 fitness= 73.0000 age=0
-->8--
         23       2 
      4       5       8
     13      22      20 
 10       6      16      14
 24      11       1       7
      9      17      15 
     12       3      18
         21      19 
--8<--
found: sum= 78.0000 var=  0.0000 fitness= 78.0000 age=0
-->8--
         14       3 
      5      20      24
     22      11       7 
 10       6      13      17
 12       9      16       4
     19      23      21 
      8       1      15
         18       2 
--8<--
found: sum= 84.0000 var=  0.0000 fitness= 84.0000 age=0
-->8--
          5       7 
      8      17      18
     24      14      13 
 12      16      15       2
  1      10      20      11
     21       9      23 
      3      22       4
         19       6 
--8<--
found: sum= 81.0000 var=  0.0000 fitness= 81.0000 age=0
-->8--
         12       4 
      1      14      13
     22      15      19 
 11      17      16       7
  3       5       8      10
     23      20      21 
     18       6       2
          9      24 
--8<--
found: sum= 79.0000 var=  0.0000 fitness= 79.0000 age=0
-->8--
         22      20 
     15       9      11
     24       2      19 
 10       7      18       1
 13       8      23       4
     17      21      14 
     16      12       6
          5       3 
--8<--
found: sum= 80.0000 var=  0.0000 fitness= 80.0000 age=0
-->8--
          4      10 
     14      13       5
     24      23      21 
  3       2       8      20
 17      12      16       6
     22      19       9 
      1      11      18
         15       7 
--8<--
found: sum= 74.0000 var=  0.0000 fitness= 74.0000 age=0
-->8--
          1       2 
     13      17      15
     10      24      11 
 18       9       5      22
 20      14      16      12
      3       6       8 
     23      21      19
          7       4 
--8<--
found: sum= 76.0000 var=  0.0000 fitness= 76.0000 age=0
-->8--
         21      10 
      9      24      16
     15       1      14 
 23       6      11      20
  3      22      19       4
      7      17       8 
     13      12      18
          5       2 
--8<--
found: sum= 77.0000 var=  0.0000 fitness= 77.0000 age=0
-->8--
         13       3 
     12      24       6
      2      17      16 
 23       9      11       7
 15       8      10      14
     20      22      19 
     18       4      21
          5       1 
--8<--
found: sum= 82.0000 var=  0.0000 fitness= 82.0000 age=0
-->8--
         13       6 
      1      22       7
     18      12      24 
 17      16      11       4
  2       9      15       5
     20      19      23 
     10       3       8
         21      14 
--8<--
found: sum= 75.0000 var=  0.0000 fitness= 75.0000 age=0
-->8--
         13      20 
     18       1       9
     14      21       7 
  3       8      17       6
 16      15      12      23
     19       2      10 
     11      24      22
          4       5 
--8<--
found: sum= 79.0000 var=  0.0000 fitness= 79.0000 age=0
-->8--
         15       7 
     23      13      12
      6      17      22 
 21       5       8       4
 18      19      16       9
     10      14      20 
      1      24       2
         11       3 
--8<--
found: sum= 77.0000 var=  0.0000 fitness= 77.0000 age=0
-->8--
         24      13 
     21      14      16
      7       8      17 
 23       3       9       4
 11      15      22       6
     18      20      19 
     12      10       5
          2       1 
--8<--
found: sum= 78.0000 var=  0.0000 fitness= 78.0000 age=0
-->8--
          6       5 
      4      11      23
     17      16      13 
  7      24      10      18
  9       2      12       3
     19      14      22 
     15       8       1
         20      21 
--8<--
found: sum= 71.0000 var=  0.0000 fitness= 71.0000 age=0
-->8--
         23      15 
      4       2      21
     14       9       7 
 16      19      17      20
  1      13      10      11
      8       3       6 
      5      18      12
         24      22 
--8<--
found: sum= 76.0000 var=  0.0000 fitness= 76.0000 age=0
-->8--
          8      22 
     18      16      13
     24       6      12 
 20       4       7       9
  2      23      15      19
      3      21      14 
     17      11      10
          1       5 
--8<--
found: sum= 79.0000 var=  0.0000 fitness= 79.0000 age=0
-->8--
         12      23 
      1      17       9
     21      15       8 
  2      13       7      16
 14       5      20       6
     24      19      22 
     18       3       4
         10      11 
--8<--
found: sum= 81.0000 var=  0.0000 fitness= 81.0000 age=0
-->8--
          7       6 
     14      22      19
     20       8       3 
  9      10      23      18
 16      11      12       1
     15      17      24 
      4      21       2
         13       5 
--8<--
found: sum= 78.0000 var=  0.0000 fitness= 78.0000 age=0
-->8--
          6      12 
      2       7       4
     22      23      24 
 13      18       8      15
  3       1       9      17
     21      19       5 
     10      11      14
         16      20 
--8<--
found: sum= 73.0000 var=  0.0000 fitness= 73.0000 age=0
-->8--
         24      20 
     13      14       8
     17       2      18 
  6       3      11       7
 22      15      23       9
     10      19       5 
     12       1       4
         16      21 
--8<--
found: sum= 78.0000 var=  0.0000 fitness= 78.0000 age=0
-->8--
         24      21 
      3       5       7
     20      17      16 
 13       9      12       6
  4      14      11      10
     18      15      23 
     22       8      19
          1       2 
--8<--
found: sum= 73.0000 var=  0.0000 fitness= 73.0000 age=0
-->8--
         19       1 
      9      18      21
     13      12      14 
  8       2       7      22
 24      20      15       5
      6      17      10 
      3       4      11
         23      16 
--8<--
found: sum= 78.0000 var=  0.0000 fitness= 78.0000 age=0
-->8--
         19      17 
      3      10       8
     16      23      14 
 22       7       6       2
  5       4      20      21
     24      18      15 
      9      11      13
         12       1 
--8<--
found: sum= 76.0000 var=  0.0000 fitness= 76.0000 age=0
-->8--
         11       3 
     13      10      24
     20      21       4 
  5       1      14      17
 16      19      12       6
     15       9      23 
     18       8      22
          7       2 
--8<--
found: sum= 75.0000 var=  0.0000 fitness= 75.0000 age=0
-->8--
          5       1 
     13      23       2
      8      12      22 
 20      14      15       4
 17       7       6      18
      9      21      10 
     11       3      16
         24      19 
--8<--
found: sum= 80.0000 var=  0.0000 fitness= 80.0000 age=0
-->8--
          1       2 
     18      17       4
      5      15      23 
  9      24      19       7
 22       6       3       8
     14      13      20 
     16      21      12
         10      11 
--8<--
found: sum= 76.0000 var=  0.0000 fitness= 76.0000 age=0
-->8--
         15       5 
      8      18      12
     10      24      11 
 22       1       6      23
  3      19       9      20
     21      17       7 
      4      13      16
          2      14 
--8<--
found: sum= 77.0000 var=  0.0000 fitness= 77.0000 age=0
-->8--
          7       1 
     11       9      24
     15      21      20 
 10      14       2      17
  6      19      18       4
     13       3      16 
     22      12       5
          8      23 
--8<--
execution time: real 0.263733s user 0.216967s sys 0.001999s
GA: P=1024 K=512 sp=2 xover=2D/1 aging
generation #2: pop m= 77.063 v=0.198 f= 75.005
best: found: sum= 84.0000 var=  0.0000 fitness= 84.0000 age=1
-->8--
          5       7 
      8      17      18
     24      14      13 
 12      16      15       2
  1      10      20      11
     21       9      23 
      3      22       4
         19       6 
--8<--
found: sum= 75.0000 var=  0.0000 fitness= 75.0000 age=2
-->8--
         18      13 
      1      11       6
     15      10      19 
  8      20      16      12
  5       3      17       7
     24       9       4 
     14       2      21
         23      22 
--8<--
found: sum= 78.0000 var=  0.0000 fitness= 78.0000 age=1
-->8--
         21       6 
      1      18       5
     11      19      16 
 12       8      14       9
 17      10       3      13
     20      24      23 
      7       2      22
         15       4 
--8<--
found: sum= 70.0000 var=  0.0000 fitness= 70.0000 age=2
-->8--
         21       7 
     16       1       4
      5      17      19 
 12      10      22       6
 23      11       2      18
      9       8       3 
     15      13      20
         14      24 
--8<--
found: sum= 78.0000 var=  0.0000 fitness= 78.0000 age=1
-->8--
          6       5 
      4      11      23
     17      16      13 
  7      24      10      18
  9       2      12       3
     19      14      22 
     15       8       1
         20      21 
--8<--
found: sum= 76.0000 var=  0.0000 fitness= 76.0000 age=1
-->8--
         23      22 
      6       2       1
     19      16      20 
  8      10      15      11
 14      13       5       7
     12      17      18 
     21       9       3
          4      24 
--8<--
found: sum= 77.0000 var=  0.0000 fitness= 77.0000 age=2
-->8--
         18      15 
     22      10       4
      5      20      11 
  9       2      17       1
 21      16      19       6
     24       3      23 
     14      12       7
          8      13 
--8<--
found: sum= 78.0000 var=  0.0000 fitness= 78.0000 age=2
-->8--
          3      19 
      9      13      10
     22      14      18 
  5      17       4      21
 16      12      20       8
      6      11       7 
     23      24       1
          2      15 
--8<--
found: sum= 71.0000 var=  0.0000 fitness= 71.0000 age=2
-->8--
         19       9 
     24      10      23
      8       7       6 
  5       3      16      13
 17      20      21      14
     18       4       1 
     15      12      22
          2      11 
--8<--
found: sum= 80.0000 var=  0.0000 fitness= 80.0000 age=1
-->8--
          1      11 
      5      23       6
     17      19      18 
 12      15       3      22
  7      21      13      14
      8       9      10 
      2      24       4
         16      20 
--8<--
found: sum= 75.0000 var=  0.0000 fitness= 75.0000 age=2
-->8--
          4      12 
     15      23      18
     24       6      11 
 13       3       5      21
 14      19      20      10
      2      22       8 
     16       7      17
          9       1 
--8<--
found: sum= 80.0000 var=  0.0000 fitness= 80.0000 age=2
-->8--
          7      10 
      6      24       2
     11      17      18 
 19      15       9      16
  1      13       3      12
     21      23      22 
     14       4      20
          5       8 
--8<--
found: sum= 76.0000 var=  0.0000 fitness= 76.0000 age=1
-->8--
          8      22 
     18      16      13
     24       6      12 
 20       4       7       9
  2      23      15      19
      3      21      14 
     17      11      10
          1       5 
--8<--
found: sum= 78.0000 var=  0.0000 fitness= 78.0000 age=1
-->8--
         14       3 
      5      20      24
     22      11       7 
 10       6      13      17
 12       9      16       4
     19      23      21 
      8       1      15
         18       2 
--8<--
found: sum= 80.0000 var=  0.0000 fitness= 80.0000 age=2
-->8--
         11      10 
      3      23      22
     24       5      13 
  6      14       7       4
  1      20      18      21
     15      16      17 
     19       8       9
          2      12 
--8<--
found: sum= 76.0000 var=  0.0000 fitness= 76.0000 age=2
-->8--
          7      16 
      2      23       8
     17       5      11 
  9      22      13      24
 15      12       4       6
      1      20      18 
     14      10       3
         19      21 
--8<--
found: sum= 73.0000 var=  0.0000 fitness= 73.0000 age=1
-->8--
         23       2 
      4       5       8
     13      22      20 
 10       6      16      14
 24      11       1       7
      9      17      15 
     12       3      18
         21      19 
--8<--
found: sum= 77.0000 var=  0.0000 fitness= 77.0000 age=2
-->8--
          3      12 
      6      13      20
     22      10      15 
  1      23       7      21
  2      24       9      14
      5       4      11 
     17      19      18
          8      16 
--8<--
found: sum= 76.0000 var=  0.0000 fitness= 76.0000 age=1
-->8--
         15       5 
      8      18      12
     10      24      11 
 22       1       6      23
  3      19       9      20
     21      17       7 
      4      13      16
          2      14 
--8<--
found: sum= 71.0000 var=  0.0000 fitness= 71.0000 age=2
-->8--
          5      13 
     24      23       2
      6      10      12 
 19       3      11       8
 17      22      18      21
      4       7       1 
     15       9      16
         14      20 
--8<--
found: sum= 77.0000 var=  0.0000 fitness= 77.0000 age=1
-->8--
          5      18 
     20      21       7
      6      12      10 
 17      13       9      24
  8      19      22       1
     14       2      11 
      3      23       4
         16      15 
--8<--
found: sum= 77.0000 var=  0.0000 fitness= 77.0000 age=2
-->8--
         23       5 
      6      21       3
     16       7      24 
  8       4      17       2
 14      22      15      18
     13      12       1 
      9      10      19
         11      20 
--8<--
found: sum= 73.0000 var=  0.0000 fitness= 73.0000 age=1
-->8--
         19       1 
      9      18      21
     13      12      14 
  8       2       7      22
 24      20      15       5
      6      17      10 
      3       4      11
         23      16 
--8<--
found: sum= 76.0000 var=  0.0000 fitness= 76.0000 age=1
-->8--
         21      10 
      9      24      16
     15       1      14 
 23       6      11      20
  3      22      19       4
      7      17       8 
     13      12      18
          5       2 
--8<--
found: sum= 79.0000 var=  0.0000 fitness= 79.0000 age=2
-->8--
          1      16 
     17      15       2
      8      14      11 
 12      24      21       5
  6      10       7      13
     19       3      22 
      9      20       4
         18      23 
--8<--
found: sum= 76.0000 var=  0.0000 fitness= 76.0000 age=1
-->8--
         24      11 
      5       1      20
     15      10      22 
  6      21      12       3
 13       2       8      17
     19      23      14 
      7       9       4
         16      18 
--8<--
found: sum= 76.0000 var=  0.0000 fitness= 76.0000 age=2
-->8--
          4      13 
      5      14      22
     24       8       9 
  2      21      10      19
  6      16      20      15
      7       1       3 
     11      23      12
         18      17 
--8<--
found: sum= 80.0000 var=  0.0000 fitness= 80.0000 age=1
-->8--
          1       2 
     18      17       4
      5      15      23 
  9      24      19       7
 22       6       3       8
     14      13      20 
     16      21      12
         10      11 
--8<--
found: sum= 80.0000 var=  0.0000 fitness= 80.0000 age=2
-->8--
          2      14 
      4      15      13
     24      17       9 
 11      18      12       7
  1       6      19      23
     20       8      10 
      3      22       5
         21      16 
--8<--
found: sum= 79.0000 var=  0.0000 fitness= 79.0000 age=2
-->8--
          3       2 
     22      24      20
     14      10       8 
 23       6      15      17
 13      11      16       5
     12      21      18 
      7      19       1
          9       4 
--8<--
found: sum= 78.0000 var=  0.0000 fitness= 78.0000 age=2
-->8--
         24       5 
      4      19      14
     13       6      18 
 21      12      16       3
  1      22       7      23
      9      15      11 
      2      20      17
         10       8 
--8<--
found: sum= 76.0000 var=  0.0000 fitness= 76.0000 age=2
-->8--
         16      10 
      8      24       2
     13      14       4 
  5       1      22       7
 17      19      11      20
     21       9      12 
     18       6      15
          3      23 
--8<--
found: sum= 79.0000 var=  0.0000 fitness= 79.0000 age=1
-->8--
         12      23 
      1      17       9
     21      15       8 
  2      13       7      16
 14       5      20       6
     24      19      22 
     18       3       4
         10      11 
--8<--
found: sum= 77.0000 var=  0.0000 fitness= 77.0000 age=2
-->8--
          9      17 
      4      13       8
     20      15      10 
  3      16      14      22
 12       7      24       5
     19       1       2 
     11      21      23
         18       6 
--8<--
found: sum= 81.0000 var=  0.0000 fitness= 81.0000 age=1
-->8--
         12       4 
      1      14      13
     22      15      19 
 11      17      16       7
  3       5       8      10
     23      20      21 
     18       6       2
          9      24 
--8<--
found: sum= 78.0000 var=  0.0000 fitness= 78.0000 age=1
-->8--
         19      17 
      3      10       8
     16      23      14 
 22       7       6       2
  5       4      20      21
     24      18      15 
      9      11      13
         12       1 
--8<--
found: sum= 80.0000 var=  0.0000 fitness= 80.0000 age=1
-->8--
          4      10 
     14      13       5
     24      23      21 
  3       2       8      20
 17      12      16       6
     22      19       9 
      1      11      18
         15       7 
--8<--
found: sum= 80.0000 var=  0.0000 fitness= 80.0000 age=2
-->8--
          8       3 
     10      21      12
     13      19       1 
  4       9      24       5
 16      15      11      17
     23       2      22 
     14      20       7
          6      18 
--8<--
found: sum= 81.0000 var=  0.0000 fitness= 81.0000 age=2
-->8--
          8      11 
      2      12       5
     22      14      15 
  9      23      24      10
  7       3       1      13
     17      16      18 
     20      21      19
          4       6 
--8<--
found: sum= 74.0000 var=  0.0000 fitness= 74.0000 age=2
-->8--
         21      24 
     22       5      16
     19       4       7 
 10       3      18       1
 14      11      15      20
     17      23      13 
      8       9       2
          6      12 
--8<--
found: sum= 78.0000 var=  0.0000 fitness= 78.0000 age=2
-->8--
          2       8 
     23      24       4
      3      14       7 
 17      12      21       9
 11      20       6      13
     15       5      22 
     18      19      10
          1      16 
--8<--
found: sum= 77.0000 var=  0.0000 fitness= 77.0000 age=1
-->8--
          7       1 
     11       9      24
     15      21      20 
 10      14       2      17
  6      19      18       4
     13       3      16 
     22      12       5
          8      23 
--8<--
found: sum= 77.0000 var=  0.0000 fitness= 77.0000 age=1
-->8--
         24      13 
     21      14      16
      7       8      17 
 23       3       9       4
 11      15      22       6
     18      20      19 
     12      10       5
          2       1 
--8<--
found: sum= 77.0000 var=  0.0000 fitness= 77.0000 age=1
-->8--
          1      13 
     21       7      12
      8      17      18 
 16      23      10      14
  4      20       2      11
      6       5      22 
      3      24      15
         19       9 
--8<--
found: sum= 71.0000 var=  0.0000 fitness= 71.0000 age=1
-->8--
         23      15 
      4       2      21
     14       9       7 
 16      19      17      20
  1      13      10      11
      8       3       6 
      5      18      12
         24      22 
--8<--
found: sum= 73.0000 var=  0.0000 fitness= 73.0000 age=1
-->8--
         24      20 
     13      14       8
     17       2      18 
  6       3      11       7
 22      15      23       9
     10      19       5 
     12       1       4
         16      21 
--8<--
found: sum= 75.0000 var=  0.0000 fitness= 75.0000 age=1
-->8--
          5       1 
     13      23       2
      8      12      22 
 20      14      15       4
 17       7       6      18
      9      21      10 
     11       3      16
         24      19 
--8<--
found: sum= 77.0000 var=  0.0000 fitness= 77.0000 age=1
-->8--
         21       2 
      1      22      11
      4      14      10 
  9      15      18       3
 17      19       6      16
     13       5      24 
     20      12      23
          8       7 
--8<--
found: sum= 79.0000 var=  0.0000 fitness= 79.0000 age=2
-->8--
         22       8 
      1      24       6
      9      19      12 
 15       4      10       3
 18      16      23      11
     17       7      20 
     21      13      14
          5       2 
--8<--
found: sum= 79.0000 var=  0.0000 fitness= 79.0000 age=2
-->8--
         24       1 
      4      12       9
     15      19      22 
 13       5      16       3
  2      21      10      11
     23       8      17 
     14       6      18
          7      20 
--8<--
found: sum= 77.0000 var=  0.0000 fitness= 77.0000 age=1
-->8--
         10       4 
      3      23      18
     21      13       5 
  6       7      14       1
 24      17      15      20
      2      11      22 
     19      12       8
         16       9 
--8<--
found: sum= 81.0000 var=  0.0000 fitness= 81.0000 age=1
-->8--
          7       6 
     14      22      19
     20       8       3 
  9      10      23      18
 16      11      12       1
     15      17      24 
      4      21       2
         13       5 
--8<--
found: sum= 78.0000 var=  0.0000 fitness= 78.0000 age=1
-->8--
         24      21 
      3       5       7
     20      17      16 
 13       9      12       6
  4      14      11      10
     18      15      23 
     22       8      19
          1       2 
--8<--
found: sum= 76.0000 var=  0.0000 fitness= 76.0000 age=1
-->8--
         11       3 
     13      10      24
     20      21       4 
  5       1      14      17
 16      19      12       6
     15       9      23 
     18       8      22
          7       2 
--8<--
found: sum= 77.0000 var=  0.0000 fitness= 77.0000 age=1
-->8--
          1       3 
      8      20      12
     16      15      23 
  6      17       4      14
  7      21      18      13
     10       2       5 
     24      11      19
          9      22 
--8<--
found: sum= 77.0000 var=  0.0000 fitness= 77.0000 age=1
-->8--
         13       3 
     12      24       6
      2      17      16 
 23       9      11       7
 15       8      10      14
     20      22      19 
     18       4      21
          5       1 
--8<--
found: sum= 73.0000 var=  0.0000 fitness= 73.0000 age=2
-->8--
          1      23 
     20      14      13
     12       2       4 
  5      24      17       7
 11       3      21      16
     18       6       8 
     15       9      10
         22      19 
--8<--
found: sum= 79.0000 var=  0.0000 fitness= 79.0000 age=1
-->8--
         22      20 
     15       9      11
     24       2      19 
 10       7      18       1
 13       8      23       4
     17      21      14 
     16      12       6
          5       3 
--8<--
found: sum= 79.0000 var=  0.0000 fitness= 79.0000 age=2
-->8--
          4      17 
      5      23       1
     24       9      16 
 21      14      13      19
  2      10      22       3
      8      11       6 
     20      18       7
         12      15 
--8<--
found: sum= 79.0000 var=  0.0000 fitness= 79.0000 age=1
-->8--
         15       7 
     23      13      12
      6      17      22 
 21       5       8       4
 18      19      16       9
     10      14      20 
      1      24       2
         11       3 
--8<--
found: sum= 76.0000 var=  0.0000 fitness= 76.0000 age=1
-->8--
         20      24 
     21      16       2
      1      11       5 
  8       7      18      10
 23      15      12      14
     22      13      17 
      3      19       9
          4       6 
--8<--
found: sum= 74.0000 var=  0.0000 fitness= 74.0000 age=2
-->8--
         14      10 
     24       3      18
      4      16      19 
  1      13       8      12
 20      21      11       2
     15       5      22 
     17       7       6
          9      23 
--8<--
found: sum= 76.0000 var=  0.0000 fitness= 76.0000 age=1
-->8--
          1      13 
     14      22       5
      8      10      24 
  9      21       2      11
 20       3      23      12
     15      17       4 
     16       7       6
         18      19 
--8<--
found: sum= 79.0000 var=  0.0000 fitness= 79.0000 age=2
-->8--
          3       7 
      5      24       8
     14      23      11 
  4      10       6      20
 17      16      22       1
     18       2      19 
     13       9      15
         21      12 
--8<--
found: sum= 78.0000 var=  0.0000 fitness= 78.0000 age=2
-->8--
         24      22 
      1      20       3
     16       9      19 
 18       8       5      15
  4      21      23       2
     11      12      14 
      7      10       6
         17      13 
--8<--
found: sum= 78.0000 var=  0.0000 fitness= 78.0000 age=1
-->8--
          6      12 
      2       7       4
     22      23      24 
 13      18       8      15
  3       1       9      17
     21      19       5 
     10      11      14
         16      20 
--8<--
found: sum= 74.0000 var=  0.0000 fitness= 74.0000 age=1
-->8--
          1       2 
     13      17      15
     10      24      11 
 18       9       5      22
 20      14      16      12
      3       6       8 
     23      21      19
          7       4 
--8<--
found: sum= 75.0000 var=  0.0000 fitness= 75.0000 age=1
-->8--
         13      20 
     18       1       9
     14      21       7 
  3       8      17       6
 16      15      12      23
     19       2      10 
     11      24      22
          4       5 
--8<--
found: sum= 82.0000 var=  0.0000 fitness= 82.0000 age=1
-->8--
         13       6 
      1      22       7
     18      12      24 
 17      16      11       4
  2       9      15       5
     20      19      23 
     10       3       8
         21      14 
--8<--
