found: sum=  0.0000 var=  0.0000 fitness=  0.0000
-->8--
         16       1 
      4      24       9
     20       2      21 
  3      14      23       8
 10      22       6      15
     11      13       7 
     12      17      18
          5      19 
--8<--
found: sum=  0.0000 var=  0.0000 fitness=  0.0000
-->8--
         15      14 
     24      10      18
     12       6       8 
 19       9      20      17
  2      13      23       1
     21       5       7 
     11      22       3
          4      16 
--8<--
found: sum=  0.0000 var=  0.0000 fitness=  0.0000
-->8--
         14      21 
      3      13      24
     22       4       7 
 10      18       5      23
  6      17      11      16
      1      19      12 
      2      15       8
         20       9 
--8<--
sum= 74.0000 var=  0.2857 fitness= 71.3814
-->8--
         16      14 
      8      23      21
     19       9       3 
 18       2       7      24
  1      22      20      11
     15      17      12 
      6      13      10
          4       5 
--8<--
found: sum= 74.0000 var=  0.0000 fitness= 74.0000
-->8--
         24      10 
     13       4      16
     23       1      21 
 20       9      22       7
  6      11      19       2
      5      12       3 
     15      14      18
         17       8 
--8<--
execution time: real 0.087894s user 0.016997s sys 0.000999s
GA: P=50 K=25 sp=3 xover=2D/1
generation #1: pop m= 76.889 v=  0.199 f= 74.794 best_age=1
best: sum= 82.7143 var=  0.2041 fitness= 80.5012
-->8--
         16       5 
      4      21       3
     17      10      23 
 12      15      20       8
 18       2      22       1
     19      14       9 
     13      24       7
         11       6 
--8<--
found: sum= 80.0000 var=  0.0000 fitness= 80.0000
-->8--
         16       1 
      4      24       9
     20       2      21 
  3      14      23       8
 10      22       6      15
     11      13       7 
     12      17      18
          5      19 
--8<--
found: sum= 77.0000 var=  0.0000 fitness= 77.0000
-->8--
         16      14 
      8      23      21
     19       9       3 
 18       2       7      24
  1      22      20      11
     15      17      12 
      6      13      10
          4       5 
--8<--
found: sum= 76.0000 var=  0.0000 fitness= 76.0000
-->8--
         15      14 
     24      10      18
     12       6       8 
 19       9      20      17
  2      13      23       1
     21       5       7 
     11      22       3
          4      16 
--8<--
