found: sum= 79.0000 var=  0.0000 fitness= 79.0000 age=0
-->8--
         15       1 
      5      14      20
     24       9      19 
  2      12      16      10
 11      17      22       8
     13       3       4 
      7      21       6
         18      23 
--8<--
found: sum= 73.0000 var=  0.0000 fitness= 73.0000 age=0
-->8--
         24      17 
      5       9      22
     23       1      18 
  8      11       6      12
 13      16      19      15
      2      20       3 
      4      10      14
         21       7 
--8<--
found: sum= 78.0000 var=  0.0000 fitness= 78.0000 age=0
-->8--
          9      13 
      2       7       6
     19      21      17 
 16      20      14       4
  3      12       1      18
      8      10      24 
     22      15      23
         11       5 
--8<--
found: sum= 77.0000 var=  0.0000 fitness= 77.0000 age=0
-->8--
         13      10 
     18      19      23
      2       4      12 
  7      21       9      16
 22      17      15       5
      8      11      20 
      3      24       6
         14       1 
--8<--
found: sum= 76.0000 var=  0.0000 fitness= 76.0000 age=0
-->8--
         21      22 
      2      18      12
     13      17       3 
 14       5       4      23
  1      19      20      10
     24      11      16 
      7       6      15
          9       8 
--8<--
found: sum= 79.0000 var=  0.0000 fitness= 79.0000 age=0
-->8--
          2      19 
     10      21       4
     22       6      14 
  7      18      15       5
 13      16       1      20
      3      23      24 
      9      11      12
         17       8 
--8<--
found: sum= 72.0000 var=  0.0000 fitness= 72.0000 age=0
-->8--
         14       3 
     24      22      12
      1       6      11 
 19       5      18      16
 23      15      21       2
      9       7       4 
      8      13      17
         20      10 
--8<--
found: sum= 75.0000 var=  0.0000 fitness= 75.0000 age=0
-->8--
          1      14 
     13      15       4
     20       7      18 
 23      19      17      12
  5       6      16       3
      2      10       9 
     24      11      21
         22       8 
--8<--
found: sum= 77.0000 var=  0.0000 fitness= 77.0000 age=0
-->8--
         21      20 
      7       6      15
     23       9      14 
  8      11      13      12
 18       1      24      10
     16      19       4 
      2      22       3
         17       5 
--8<--
found: sum= 75.0000 var=  0.0000 fitness= 75.0000 age=0
-->8--
         23      15 
     22       7       4
      6      14      19 
 13       3      16       1
 20       9      12      10
     24      21      17 
     11       2      18
          8       5 
--8<--
found: sum= 78.0000 var=  0.0000 fitness= 78.0000 age=0
-->8--
         24       2 
     10      15      18
     16       9      14 
 12       4      20       6
 22       3      23       8
     21      19       7 
     13      17       1
          5      11 
--8<--
found: sum= 71.0000 var=  0.0000 fitness= 71.0000 age=0
-->8--
          8      10 
     24      13      18
      6       3       4 
 21      17      23      16
  7       1      12       5
     19      15      11 
     14       2       9
         20      22 
--8<--
found: sum= 77.0000 var=  0.0000 fitness= 77.0000 age=0
-->8--
          8      19 
     17      24      23
     15       1       7 
  5      12       3       9
 14      18      22      20
     13      21      16 
      4      10       2
         11       6 
--8<--
found: sum= 71.0000 var=  0.0000 fitness= 71.0000 age=0
-->8--
         18      16 
     20      12      15
      7       3      17 
 23      11       8       5
 22       6      19       9
      2      24      13 
     14       4       1
         21      10 
--8<--
found: sum= 75.0000 var=  0.0000 fitness= 75.0000 age=0
-->8--
          9      14 
     22      10      15
     18      11       8 
  3       5      17      13
 23      24      12       4
      2       6      21 
     20      16      19
          7       1 
--8<--
found: sum= 75.0000 var=  0.0000 fitness= 75.0000 age=0
-->8--
          2       9 
     15      13      20
      7      22       5 
  8      16       6      12
 18       3      24      11
     23       4      17 
     14      10       1
         21      19 
--8<--
found: sum= 73.0000 var=  0.0000 fitness= 73.0000 age=0
-->8--
         15       3 
     22       6      12
      2      21      11 
 18       7      20      10
 24      13       8       1
      9       4      23 
     17      14      19
         16       5 
--8<--
found: sum= 77.0000 var=  0.0000 fitness= 77.0000 age=0
-->8--
         13      19 
     24      14       8
      4       5      20 
 18      17      11       1
  2      21      16       6
     15       7      23 
      3       9      10
         22      12 
--8<--
found: sum= 74.0000 var=  0.0000 fitness= 74.0000 age=0
-->8--
          1      14 
      9      10      23
     24      12      13 
  7      18       2      17
  4      16      20      19
      5       6       3 
     11      15       8
         21      22 
--8<--
found: sum= 74.0000 var=  0.0000 fitness= 74.0000 age=0
-->8--
         17       1 
      2      13      24
      8      11      20 
 21      23       5      18
  4      15      14       7
      3       6      10 
     12      16      19
         22       9 
--8<--
found: sum= 74.0000 var=  0.0000 fitness= 74.0000 age=0
-->8--
          5       6 
     23      18      15
      1      16      12 
 19      11       7      24
  2      20      17       4
     21       3      10 
     13       8      22
          9      14 
--8<--
found: sum= 79.0000 var=  0.0000 fitness= 79.0000 age=0
-->8--
          1       5 
     22      16      10
     13       4      24 
  8      23      20       7
  6      18       2       9
     11      12      17 
      3      14      15
         21      19 
--8<--
found: sum= 76.0000 var=  0.0000 fitness= 76.0000 age=0
-->8--
          4       1 
     24       9       6
      5      20      23 
 10      14      17      18
 12      16       2       3
     19       7      13 
     15      11      21
          8      22 
--8<--
found: sum= 73.0000 var=  0.0000 fitness= 73.0000 age=0
-->8--
          2      22 
     18       7      14
     16      21       6 
  8       9       3      13
 12      17       4      23
     11      19      24 
      5       1      15
         20      10 
--8<--
found: sum= 81.0000 var=  0.0000 fitness= 81.0000 age=0
-->8--
          6      10 
      3      18      16
     22      11      24 
 14      21       2       7
  1      15      23       5
      8       9      20 
     17      13       4
         19      12 
--8<--
found: sum= 80.0000 var=  0.0000 fitness= 80.0000 age=0
-->8--
          9      18 
      8      24      15
     23       2      11 
  1      14      10       5
 16      22      20      13
      4      12      21 
     19      17       3
          6       7 
--8<--
found: sum= 78.0000 var=  0.0000 fitness= 78.0000 age=0
-->8--
         22       4 
     19       7      11
     12      17      23 
 21       1      16      10
 14       6      18       2
     24      20       9 
      5      15       3
          8      13 
--8<--
found: sum= 77.0000 var=  0.0000 fitness= 77.0000 age=0
-->8--
         19      10 
      5      20      13
     23       1      12 
  6       9      21       3
 14       7      22      11
     18      17       8 
     16       4       2
         15      24 
--8<--
found: sum= 80.0000 var=  0.0000 fitness= 80.0000 age=0
-->8--
         11       8 
      1      20       2
     21      13      19 
  5      14      18      10
 17       7       6      12
     16      22      15 
     23       9      24
          3       4 
--8<--
found: sum= 74.0000 var=  0.0000 fitness= 74.0000 age=0
-->8--
         22       6 
     13      14      23
      4       9       5 
 21      12      17       1
  2      15      11      16
     20      10      24 
     19       3      18
          7       8 
--8<--
found: sum= 74.0000 var=  0.0000 fitness= 74.0000 age=0
-->8--
         24      19 
     11      15      10
      5       7       3 
 21      12      20      22
  1      17       2       4
     18      16      23 
      8       6      14
          9      13 
--8<--
found: sum= 76.0000 var=  0.0000 fitness= 76.0000 age=0
-->8--
         15      12 
      4      18      17
     24       1       7 
 20      14      21       8
  2      13       5      16
      3      22      19 
     23       9      10
          6      11 
--8<--
found: sum= 75.0000 var=  0.0000 fitness= 75.0000 age=0
-->8--
         18      21 
      5      22       4
      9      14       6 
 13       7       8       2
 19      12      23      16
     15      11      20 
     24       3       1
         10      17 
--8<--
found: sum= 72.0000 var=  0.0000 fitness= 72.0000 age=0
-->8--
         12      24 
     16       5      11
      9      23       1 
 20       7       8      21
 14      18       6      17
      4      10      19 
     15      22       2
          3      13 
--8<--
found: sum= 83.0000 var=  0.0000 fitness= 83.0000 age=0
-->8--
         18       3 
      2      19       4
     13      11      22 
 16      20      24       1
  5      12       9       6
     17       7      21 
     14      23       8
         10      15 
--8<--
found: sum= 73.0000 var=  0.0000 fitness= 73.0000 age=0
-->8--
          2      16 
     18      19       4
     15      10      17 
  1       9       7      12
 22      23      11      21
      3      13       5 
      8       6      24
         20      14 
--8<--
found: sum= 76.0000 var=  0.0000 fitness= 76.0000 age=0
-->8--
          6       1 
     18      24       2
     15       5      21 
 10       8      23      14
 20      16      11       3
      7      13       4 
     19       9      22
         12      17 
--8<--
found: sum= 74.0000 var=  0.0000 fitness= 74.0000 age=0
-->8--
         22      21 
     14       5      24
     18       2      12 
  3      13      10       8
 15      19       7      17
      6      23      20 
      1       9       4
         16      11 
--8<--
found: sum= 76.0000 var=  0.0000 fitness= 76.0000 age=0
-->8--
         10       4 
      7       6      13
     23      18      14 
 20      12      21       1
  8      11       9      15
      2       5      16 
     22      19      24
         17       3 
--8<--
found: sum= 73.0000 var=  0.0000 fitness= 73.0000 age=0
-->8--
          1       9 
     23       8      15
      5      19      12 
  2      17      10      24
 21       6       3      13
     22      18      11 
     16       7      14
          4      20 
--8<--
found: sum= 81.0000 var=  0.0000 fitness= 81.0000 age=0
-->8--
          7      17 
     10      16       1
     14      11      12 
  2      23      24       4
 13       8       6      15
     21       9      20 
     18      22       5
          3      19 
--8<--
found: sum= 77.0000 var=  0.0000 fitness= 77.0000 age=0
-->8--
          1      11 
     20       5       7
     17      24      22 
 12      10       8       3
 14      15       4      21
      9      16      19 
     18      13       2
          6      23 
--8<--
found: sum= 76.0000 var=  0.0000 fitness= 76.0000 age=0
-->8--
         19      18 
      2      23       8
     21       1       4 
 15      10      22       9
  5      12      14      11
     13      17      16 
     24       3      20
          7       6 
--8<--
found: sum= 83.0000 var=  0.0000 fitness= 83.0000 age=0
-->8--
          2      11 
     12      21      17
     24       1      19 
 10      23      14       9
  3       7      20       8
     16      18      13 
      5      22       4
         15       6 
--8<--
found: sum= 76.0000 var=  0.0000 fitness= 76.0000 age=0
-->8--
          7       5 
     24       8      10
      4      18      21 
 16      15      14       1
 22       6      20       9
     13       3      11 
     12      23      17
         19       2 
--8<--
found: sum= 75.0000 var=  0.0000 fitness= 75.0000 age=0
-->8--
         23      16 
      1      21      15
     17       3       7 
 11      10      13       6
  5      12      19      22
     20      18       8 
      9       2       4
         14      24 
--8<--
found: sum= 73.0000 var=  0.0000 fitness= 73.0000 age=0
-->8--
         24      17 
      8       1      23
     19       9      21 
  4      12       2      16
  3      22      18      11
     13      10       5 
     15       6      14
          7      20 
--8<--
found: sum= 75.0000 var=  0.0000 fitness= 75.0000 age=0
-->8--
          2      13 
      3      18       7
     12      21      11 
  9      19       5       1
 17       8      16      22
     10       6      20 
     23       4      15
         24      14 
--8<--
found: sum= 81.0000 var=  0.0000 fitness= 81.0000 age=0
-->8--
         24       2 
      6      16      14
      7       9      22 
 21      19      18       3
  4      13      10       5
     17      12      23 
      8      20       1
         11      15 
--8<--
found: sum= 77.0000 var=  0.0000 fitness= 77.0000 age=0
-->8--
          4      20 
      2      24       5
     18      15       6 
 21      14       7      12
 13       3      22      11
      8      16      19 
     17      10       9
         23       1 
--8<--
found: sum= 73.0000 var=  0.0000 fitness= 73.0000 age=0
-->8--
          7      24 
     20       2       8
     19      22      12 
  1       3       5      21
 23      10      18       6
     17      15      11 
     14       4       9
         13      16 
--8<--
found: sum= 81.0000 var=  0.0000 fitness= 81.0000 age=0
-->8--
          8      10 
      3      19      15
     24       6      20 
 18      21      11       7
  1       5      16      14
     12      22      13 
      2      17       9
         23       4 
--8<--
found: sum= 75.0000 var=  0.0000 fitness= 75.0000 age=0
-->8--
          6       2 
     22      24       7
      5      15       8 
 11       3      19      21
 20      13      16      10
     23       9       1 
      4      14      18
         12      17 
--8<--
found: sum= 76.0000 var=  0.0000 fitness= 76.0000 age=0
-->8--
          2      15 
      1      17       9
     23      14       3 
 12      19      18      21
  7      10       4      22
      5      11       8 
     20      24      16
          6      13 
--8<--
found: sum= 78.0000 var=  0.0000 fitness= 78.0000 age=0
-->8--
          1       5 
     19      11       4
     24      15      23 
 21       8      20       3
 17       6       7      13
      2      22      12 
     16      18       9
         14      10 
--8<--
found: sum= 78.0000 var=  0.0000 fitness= 78.0000 age=0
-->8--
          5      14 
      4      13       1
     21      23      16 
  3      12      11      18
 19      17       7       2
      6       8      24 
     22      10       9
         15      20 
--8<--
execution time: real 0.333297s user 0.116982s sys 0.001999s
GA: P=1024 K=512 sp=2 xover=2D/1 aging
generation #1: pop m= 76.141 v=59.379 f= 49.035
best: found: sum= 83.0000 var=  0.0000 fitness= 83.0000 age=1
-->8--
         18       3 
      2      19       4
     13      11      22 
 16      20      24       1
  5      12       9       6
     17       7      21 
     14      23       8
         10      15 
--8<--
found: sum= 80.0000 var=  0.0000 fitness= 80.0000 age=1
-->8--
          9      18 
      8      24      15
     23       2      11 
  1      14      10       5
 16      22      20      13
      4      12      21 
     19      17       3
          6       7 
--8<--
found: sum= 78.0000 var=  0.0000 fitness= 78.0000 age=1
-->8--
         22       4 
     19       7      11
     12      17      23 
 21       1      16      10
 14       6      18       2
     24      20       9 
      5      15       3
          8      13 
--8<--
found: sum= 74.0000 var=  0.0000 fitness= 74.0000 age=1
-->8--
         24      19 
     11      15      10
      5       7       3 
 21      12      20      22
  1      17       2       4
     18      16      23 
      8       6      14
          9      13 
--8<--
found: sum= 75.0000 var=  0.0000 fitness= 75.0000 age=1
-->8--
          6       2 
     22      24       7
      5      15       8 
 11       3      19      21
 20      13      16      10
     23       9       1 
      4      14      18
         12      17 
--8<--
found: sum= 76.0000 var=  0.0000 fitness= 76.0000 age=1
-->8--
         21      22 
      2      18      12
     13      17       3 
 14       5       4      23
  1      19      20      10
     24      11      16 
      7       6      15
          9       8 
--8<--
found: sum= 76.0000 var=  0.0000 fitness= 76.0000 age=1
-->8--
          7       5 
     24       8      10
      4      18      21 
 16      15      14       1
 22       6      20       9
     13       3      11 
     12      23      17
         19       2 
--8<--
found: sum= 78.0000 var=  0.0000 fitness= 78.0000 age=1
-->8--
          5      14 
      4      13       1
     21      23      16 
  3      12      11      18
 19      17       7       2
      6       8      24 
     22      10       9
         15      20 
--8<--
found: sum= 77.0000 var=  0.0000 fitness= 77.0000 age=1
-->8--
          4      20 
      2      24       5
     18      15       6 
 21      14       7      12
 13       3      22      11
      8      16      19 
     17      10       9
         23       1 
--8<--
found: sum= 76.0000 var=  0.0000 fitness= 76.0000 age=1
-->8--
         15      12 
      4      18      17
     24       1       7 
 20      14      21       8
  2      13       5      16
      3      22      19 
     23       9      10
          6      11 
--8<--
found: sum= 73.0000 var=  0.0000 fitness= 73.0000 age=1
-->8--
          2      16 
     18      19       4
     15      10      17 
  1       9       7      12
 22      23      11      21
      3      13       5 
      8       6      24
         20      14 
--8<--
found: sum= 80.0000 var=  0.0000 fitness= 80.0000 age=1
-->8--
         11       8 
      1      20       2
     21      13      19 
  5      14      18      10
 17       7       6      12
     16      22      15 
     23       9      24
          3       4 
--8<--
found: sum= 75.0000 var=  0.0000 fitness= 75.0000 age=1
-->8--
          1      14 
     13      15       4
     20       7      18 
 23      19      17      12
  5       6      16       3
      2      10       9 
     24      11      21
         22       8 
--8<--
found: sum= 74.0000 var=  0.0000 fitness= 74.0000 age=1
-->8--
          5       6 
     23      18      15
      1      16      12 
 19      11       7      24
  2      20      17       4
     21       3      10 
     13       8      22
          9      14 
--8<--
found: sum= 79.0000 var=  0.0000 fitness= 79.0000 age=1
-->8--
          2      19 
     10      21       4
     22       6      14 
  7      18      15       5
 13      16       1      20
      3      23      24 
      9      11      12
         17       8 
--8<--
found: sum= 75.0000 var=  0.0000 fitness= 75.0000 age=1
-->8--
          9      14 
     22      10      15
     18      11       8 
  3       5      17      13
 23      24      12       4
      2       6      21 
     20      16      19
          7       1 
--8<--
found: sum= 79.0000 var=  0.0000 fitness= 79.0000 age=1
-->8--
         15       1 
      5      14      20
     24       9      19 
  2      12      16      10
 11      17      22       8
     13       3       4 
      7      21       6
         18      23 
--8<--
found: sum= 71.0000 var=  0.0000 fitness= 71.0000 age=1
-->8--
         18      16 
     20      12      15
      7       3      17 
 23      11       8       5
 22       6      19       9
      2      24      13 
     14       4       1
         21      10 
--8<--
found: sum= 73.0000 var=  0.0000 fitness= 73.0000 age=1
-->8--
          1       9 
     23       8      15
      5      19      12 
  2      17      10      24
 21       6       3      13
     22      18      11 
     16       7      14
          4      20 
--8<--
found: sum= 76.0000 var=  0.0000 fitness= 76.0000 age=1
-->8--
         19      18 
      2      23       8
     21       1       4 
 15      10      22       9
  5      12      14      11
     13      17      16 
     24       3      20
          7       6 
--8<--
found: sum= 76.0000 var=  0.0000 fitness= 76.0000 age=1
-->8--
          4       1 
     24       9       6
      5      20      23 
 10      14      17      18
 12      16       2       3
     19       7      13 
     15      11      21
          8      22 
--8<--
found: sum= 77.0000 var=  0.0000 fitness= 77.0000 age=1
-->8--
         19      10 
      5      20      13
     23       1      12 
  6       9      21       3
 14       7      22      11
     18      17       8 
     16       4       2
         15      24 
--8<--
found: sum= 81.0000 var=  0.0000 fitness= 81.0000 age=1
-->8--
         24       2 
      6      16      14
      7       9      22 
 21      19      18       3
  4      13      10       5
     17      12      23 
      8      20       1
         11      15 
--8<--
found: sum= 74.0000 var=  0.0000 fitness= 74.0000 age=1
-->8--
         22      21 
     14       5      24
     18       2      12 
  3      13      10       8
 15      19       7      17
      6      23      20 
      1       9       4
         16      11 
--8<--
found: sum= 76.0000 var=  0.0000 fitness= 76.0000 age=1
-->8--
          2      15 
      1      17       9
     23      14       3 
 12      19      18      21
  7      10       4      22
      5      11       8 
     20      24      16
          6      13 
--8<--
found: sum= 76.0000 var=  0.0000 fitness= 76.0000 age=1
-->8--
          6       1 
     18      24       2
     15       5      21 
 10       8      23      14
 20      16      11       3
      7      13       4 
     19       9      22
         12      17 
--8<--
found: sum= 77.0000 var=  0.0000 fitness= 77.0000 age=1
-->8--
         21      20 
      7       6      15
     23       9      14 
  8      11      13      12
 18       1      24      10
     16      19       4 
      2      22       3
         17       5 
--8<--
found: sum= 75.0000 var=  0.0000 fitness= 75.0000 age=1
-->8--
         23      16 
      1      21      15
     17       3       7 
 11      10      13       6
  5      12      19      22
     20      18       8 
      9       2       4
         14      24 
--8<--
found: sum= 81.0000 var=  0.0000 fitness= 81.0000 age=1
-->8--
          6      10 
      3      18      16
     22      11      24 
 14      21       2       7
  1      15      23       5
      8       9      20 
     17      13       4
         19      12 
--8<--
found: sum= 73.0000 var=  0.0000 fitness= 73.0000 age=1
-->8--
          7      24 
     20       2       8
     19      22      12 
  1       3       5      21
 23      10      18       6
     17      15      11 
     14       4       9
         13      16 
--8<--
found: sum= 74.0000 var=  0.0000 fitness= 74.0000 age=1
-->8--
          1      14 
      9      10      23
     24      12      13 
  7      18       2      17
  4      16      20      19
      5       6       3 
     11      15       8
         21      22 
--8<--
found: sum= 75.0000 var=  0.0000 fitness= 75.0000 age=1
-->8--
          2       9 
     15      13      20
      7      22       5 
  8      16       6      12
 18       3      24      11
     23       4      17 
     14      10       1
         21      19 
--8<--
found: sum= 77.0000 var=  0.0000 fitness= 77.0000 age=1
-->8--
         13      10 
     18      19      23
      2       4      12 
  7      21       9      16
 22      17      15       5
      8      11      20 
      3      24       6
         14       1 
--8<--
found: sum= 79.0000 var=  0.0000 fitness= 79.0000 age=1
-->8--
          1       5 
     22      16      10
     13       4      24 
  8      23      20       7
  6      18       2       9
     11      12      17 
      3      14      15
         21      19 
--8<--
found: sum= 73.0000 var=  0.0000 fitness= 73.0000 age=1
-->8--
          2      22 
     18       7      14
     16      21       6 
  8       9       3      13
 12      17       4      23
     11      19      24 
      5       1      15
         20      10 
--8<--
found: sum= 81.0000 var=  0.0000 fitness= 81.0000 age=1
-->8--
          8      10 
      3      19      15
     24       6      20 
 18      21      11       7
  1       5      16      14
     12      22      13 
      2      17       9
         23       4 
--8<--
found: sum= 73.0000 var=  0.0000 fitness= 73.0000 age=1
-->8--
         15       3 
     22       6      12
      2      21      11 
 18       7      20      10
 24      13       8       1
      9       4      23 
     17      14      19
         16       5 
--8<--
found: sum= 81.0000 var=  0.0000 fitness= 81.0000 age=1
-->8--
          7      17 
     10      16       1
     14      11      12 
  2      23      24       4
 13       8       6      15
     21       9      20 
     18      22       5
          3      19 
--8<--
found: sum= 74.0000 var=  0.0000 fitness= 74.0000 age=1
-->8--
         17       1 
      2      13      24
      8      11      20 
 21      23       5      18
  4      15      14       7
      3       6      10 
     12      16      19
         22       9 
--8<--
found: sum= 78.0000 var=  0.0000 fitness= 78.0000 age=1
-->8--
         24       2 
     10      15      18
     16       9      14 
 12       4      20       6
 22       3      23       8
     21      19       7 
     13      17       1
          5      11 
--8<--
found: sum= 73.0000 var=  0.0000 fitness= 73.0000 age=1
-->8--
         24      17 
      8       1      23
     19       9      21 
  4      12       2      16
  3      22      18      11
     13      10       5 
     15       6      14
          7      20 
--8<--
found: sum= 71.0000 var=  0.0000 fitness= 71.0000 age=1
-->8--
          8      10 
     24      13      18
      6       3       4 
 21      17      23      16
  7       1      12       5
     19      15      11 
     14       2       9
         20      22 
--8<--
found: sum= 75.0000 var=  0.0000 fitness= 75.0000 age=1
-->8--
         23      15 
     22       7       4
      6      14      19 
 13       3      16       1
 20       9      12      10
     24      21      17 
     11       2      18
          8       5 
--8<--
found: sum= 74.0000 var=  0.0000 fitness= 74.0000 age=1
-->8--
         22       6 
     13      14      23
      4       9       5 
 21      12      17       1
  2      15      11      16
     20      10      24 
     19       3      18
          7       8 
--8<--
found: sum= 83.0000 var=  0.0000 fitness= 83.0000 age=1
-->8--
          2      11 
     12      21      17
     24       1      19 
 10      23      14       9
  3       7      20       8
     16      18      13 
      5      22       4
         15       6 
--8<--
found: sum= 75.0000 var=  0.0000 fitness= 75.0000 age=1
-->8--
          2      13 
      3      18       7
     12      21      11 
  9      19       5       1
 17       8      16      22
     10       6      20 
     23       4      15
         24      14 
--8<--
found: sum= 78.0000 var=  0.0000 fitness= 78.0000 age=1
-->8--
          9      13 
      2       7       6
     19      21      17 
 16      20      14       4
  3      12       1      18
      8      10      24 
     22      15      23
         11       5 
--8<--
found: sum= 77.0000 var=  0.0000 fitness= 77.0000 age=1
-->8--
          8      19 
     17      24      23
     15       1       7 
  5      12       3       9
 14      18      22      20
     13      21      16 
      4      10       2
         11       6 
--8<--
found: sum= 78.0000 var=  0.0000 fitness= 78.0000 age=1
-->8--
          1       5 
     19      11       4
     24      15      23 
 21       8      20       3
 17       6       7      13
      2      22      12 
     16      18       9
         14      10 
--8<--
found: sum= 72.0000 var=  0.0000 fitness= 72.0000 age=1
-->8--
         14       3 
     24      22      12
      1       6      11 
 19       5      18      16
 23      15      21       2
      9       7       4 
      8      13      17
         20      10 
--8<--
found: sum= 72.0000 var=  0.0000 fitness= 72.0000 age=1
-->8--
         12      24 
     16       5      11
      9      23       1 
 20       7       8      21
 14      18       6      17
      4      10      19 
     15      22       2
          3      13 
--8<--
found: sum= 77.0000 var=  0.0000 fitness= 77.0000 age=1
-->8--
          1      11 
     20       5       7
     17      24      22 
 12      10       8       3
 14      15       4      21
      9      16      19 
     18      13       2
          6      23 
--8<--
found: sum= 75.0000 var=  0.0000 fitness= 75.0000 age=1
-->8--
         18      21 
      5      22       4
      9      14       6 
 13       7       8       2
 19      12      23      16
     15      11      20 
     24       3       1
         10      17 
--8<--
found: sum= 76.0000 var=  0.0000 fitness= 76.0000 age=1
-->8--
         10       4 
      7       6      13
     23      18      14 
 20      12      21       1
  8      11       9      15
      2       5      16 
     22      19      24
         17       3 
--8<--
found: sum= 77.0000 var=  0.0000 fitness= 77.0000 age=1
-->8--
         13      19 
     24      14       8
      4       5      20 
 18      17      11       1
  2      21      16       6
     15       7      23 
      3       9      10
         22      12 
--8<--
found: sum= 73.0000 var=  0.0000 fitness= 73.0000 age=1
-->8--
         24      17 
      5       9      22
     23       1      18 
  8      11       6      12
 13      16      19      15
      2      20       3 
      4      10      14
         21       7 
--8<--
