found: sum= 75.0000 var=  0.0000 fitness= 75.0000
-->8--
         15      10 
     24      23       8
      3       1      11 
 13       9      22      19
 14      20       2       4
     16      21      17 
      7       5      12
          6      18 
--8<--
found: sum= 74.0000 var=  0.0000 fitness= 74.0000
-->8--
         19      24 
     17       3      18
     11      14      13 
  7      10       2       1
  8      23      20      16
     15       5      22 
      4       6       9
         21      12 
--8<--
found: sum= 77.0000 var=  0.0000 fitness= 77.0000
-->8--
         19      21 
     15      20      11
     14       7       8 
  5       2      10      16
  9      23      13      12
     24      22      18 
      3       1      17
          4       6 
--8<--
found: sum= 77.0000 var=  0.0000 fitness= 77.0000
-->8--
         16      23 
     21      17      14
     11       3      12 
 13       9       8       7
 10      15      20       6
     19      22      24 
      1       2       5
         18       4 
--8<--
found: sum= 81.0000 var=  0.0000 fitness= 81.0000
-->8--
          6       3 
     19      14      24
     23       7      13 
  2      12      20      17
 11      15       5      10
     18      22      16 
      4      21       9
          1       8 
--8<--
found: sum= 80.0000 var=  0.0000 fitness= 80.0000
-->8--
          5      19 
      8      24      16
     22       7      13 
 12      14       1       2
  6      17      23      20
      9      18      21 
     15      11       3
         10       4 
--8<--
found: sum= 77.0000 var=  0.0000 fitness= 77.0000
-->8--
         24      16 
      5      11      21
     22       2       9 
  1      13      18      19
 10      23       4      12
      8      17      15 
      6      20      14
          3       7 
--8<--
found: sum= 80.0000 var=  0.0000 fitness= 80.0000
-->8--
         20       3 
      6      22       4
      1      13      23 
 16      18      15      10
 21       5      12       9
     19      17      11 
      7      24       2
          8      14 
--8<--
found: sum= 80.0000 var=  0.0000 fitness= 80.0000
-->8--
         13       5 
     14      10       9
      7      20      24 
  1      16      12       6
 21      18      11       4
     17       3      23 
      8      19       2
         15      22 
--8<--
found: sum= 81.0000 var=  0.0000 fitness= 81.0000
-->8--
          8       2 
      5      17       6
     16      15      23 
 14      20      18      11
 10      12       3       7
      9      13      19 
     22      21      24
          4       1 
--8<--
found: sum= 76.0000 var=  0.0000 fitness= 76.0000
-->8--
         13       7 
     23      24      18
      8       5       2 
 19       3      20       4
 21      15      16      12
     10      17      22 
      9      14       1
         11       6 
--8<--
found: sum= 77.0000 var=  0.0000 fitness= 77.0000
-->8--
         23       4 
      1      24      14
      6      15      18 
 19       8       2      13
 12      22      21      16
     10       9       7 
     11      20       3
          5      17 
--8<--
found: sum= 76.0000 var=  0.0000 fitness= 76.0000
-->8--
         16       5 
      2      23      10
     19       1      24 
  8      15      13      14
  9      21       6      12
      4      20       7 
     17       3      18
         11      22 
--8<--
found: sum= 76.0000 var=  0.0000 fitness= 76.0000
-->8--
          4      24 
      8      23      11
     12      10       3 
 13      19       5      22
 16       1      20      17
     15      21       9 
      7      18       2
         14       6 
--8<--
found: sum= 77.0000 var=  0.0000 fitness= 77.0000
-->8--
          4      16 
      8       5      11
     19      23      21 
  6      18       1       3
 12       2      24      15
     20       9      13 
     17       7      10
         22      14 
--8<--
found: sum= 78.0000 var=  0.0000 fitness= 78.0000
-->8--
          1       2 
      7      24      11
     10      21       3 
  6      15      17      12
 20      13       4      19
     14       8      23 
     22      16       9
          5      18 
--8<--
found: sum= 79.0000 var=  0.0000 fitness= 79.0000
-->8--
         12       1 
      8      21      20
     11       3      16 
 23      24      18       5
  4       2      10      17
     15      22      13 
      7      19       9
         14       6 
--8<--
found: sum= 76.0000 var=  0.0000 fitness= 76.0000
-->8--
          5      23 
      1       7       6
     20      19      18 
 10      24       3      15
 16       4      12      17
      2      14      11 
     21      22       9
         13       8 
--8<--
found: sum= 78.0000 var=  0.0000 fitness= 78.0000
-->8--
          6      11 
     10      24      16
     19       1       3 
  5      18      23       7
 14       2      13      17
     20      21      15 
     22       9       8
          4      12 
--8<--
found: sum= 80.0000 var=  0.0000 fitness= 80.0000
-->8--
          3      14 
      5      24       7
     20      12      22 
  9      16       1      19
 18      11      23       2
      6      17      13 
     21      15       8
         10       4 
--8<--
found: sum= 76.0000 var=  0.0000 fitness= 76.0000
-->8--
          9      17 
      3      19       2
     11      13      15 
 23      21      10      16
 12       1      24       6
      8       7       5 
     20      22      14
         18       4 
--8<--
found: sum= 78.0000 var=  0.0000 fitness= 78.0000
-->8--
          4      17 
      2      24      13
     22      15       6 
  9      11       3      23
 12      10      21      20
     14      18       5 
     16      19       8
          1       7 
--8<--
found: sum= 75.0000 var=  0.0000 fitness= 75.0000
-->8--
         19       3 
      8      22      16
      1       2      11 
  6      23      21      13
 20      15       9      14
     10       5       7 
      4      24      12
         17      18 
--8<--
found: sum= 78.0000 var=  0.0000 fitness= 78.0000
-->8--
          4      17 
     10      24       6
     20       2      14 
  7      18      15       5
 11      19      23      13
      3       1       8 
     22      21       9
         12      16 
--8<--
found: sum= 76.0000 var=  0.0000 fitness= 76.0000
-->8--
         15       6 
     23       3      17
      7      10      24 
 11      18      16       2
 19       9       1      20
     12      22      13 
      8      21       5
          4      14 
--8<--
found: sum= 80.0000 var=  0.0000 fitness= 80.0000
-->8--
          8       3 
      6      24       9
     21       7      15 
 18      14      22       4
 16       1      23       5
     10      13      11 
     17      19      12
         20       2 
--8<--
found: sum= 78.0000 var=  0.0000 fitness= 78.0000
-->8--
         21      20 
      3      10      17
     19       1      16 
 12      24      14       9
  8      11      15       6
      4      13      18 
      5      23       2
         22       7 
--8<--
found: sum= 79.0000 var=  0.0000 fitness= 79.0000
-->8--
         18       3 
     21      10      20
     14       4      23 
 17      12      19      11
  6      22       9       1
      8      13      16 
      5      24       2
          7      15 
--8<--
found: sum= 80.0000 var=  0.0000 fitness= 80.0000
-->8--
          5      11 
      2      16       6
     10      24      14 
  8      23       9      17
 13       4      19       3
     22       1      18 
     12      20      15
         21       7 
--8<--
found: sum= 84.0000 var=  0.0000 fitness= 84.0000
-->8--
         12       2 
     10      17       6
     24      18      21 
  5       3      20      13
 15      14       7       4
     23      22      19 
      1      16       9
          8      11 
--8<--
execution time: real 0.178315s user 0.006998s sys 0.002999s
GA: P=50 K=10 sp=2 xover=2D/1 optrpl=2 optskip=10 optmax=1.142857
generation #65: pop m= 77.840 v= 48.527 f= 54.819 best_age=1
best: found: sum= 84.0000 var=  0.0000 fitness= 84.0000
-->8--
         12       2 
     10      17       6
     24      18      21 
  5       3      20      13
 15      14       7       4
     23      22      19 
      1      16       9
          8      11 
--8<--
found: sum= 80.0000 var=  0.0000 fitness= 80.0000
-->8--
          3      14 
      5      24       7
     20      12      22 
  9      16       1      19
 18      11      23       2
      6      17      13 
     21      15       8
         10       4 
--8<--
found: sum= 80.0000 var=  0.0000 fitness= 80.0000
-->8--
          5      11 
      2      16       6
     10      24      14 
  8      23       9      17
 13       4      19       3
     22       1      18 
     12      20      15
         21       7 
--8<--
found: sum= 79.0000 var=  0.0000 fitness= 79.0000
-->8--
         18       3 
     21      10      20
     14       4      23 
 17      12      19      11
  6      22       9       1
      8      13      16 
      5      24       2
          7      15 
--8<--
found: sum= 77.0000 var=  0.0000 fitness= 77.0000
-->8--
         19      21 
     15      20      11
     14       7       8 
  5       2      10      16
  9      23      13      12
     24      22      18 
      3       1      17
          4       6 
--8<--
