found: sum= 75.0000 var=  0.0000 fitness= 75.0000
-->8--
         23      22 
      4       9      20
     13       7       5 
  6      19      12      14
 11       2      18      10
     24      17      16 
      3       8       1
         21      15 
--8<--
found: sum= 78.0000 var=  0.0000 fitness= 78.0000
-->8--
         14       8 
     13      23      24
     22       1       3 
  6       5      19      16
  7      20      21      10
     18      12       9 
     11      15      17
          2       4 
--8<--
found: sum= 72.0000 var=  0.0000 fitness= 72.0000
-->8--
         16      24 
     13      17      11
     20       1       7 
 23       5      12      15
  6      14      21       8
      4      19       9 
     22       3      18
         10       2 
--8<--
found: sum= 79.0000 var=  0.0000 fitness= 79.0000
-->8--
          6       1 
     10      22      11
     21      17      15 
 19       3      13      24
  4      18       8      12
     14      20       7 
      2      16      23
          9       5 
--8<--
found: sum= 77.0000 var=  0.0000 fitness= 77.0000
-->8--
          8       1 
      9      18       7
     24      15      22 
 16       3      14      19
  4      17       5      11
     13      23       6 
     12       2      20
         10      21 
--8<--
found: sum= 77.0000 var=  0.0000 fitness= 77.0000
-->8--
         20      12 
     17       7      14
     10       5      16 
  2      18      23      15
  4      21       1       3
     22       9      19 
      8      11      13
          6      24 
--8<--
found: sum= 77.0000 var=  0.0000 fitness= 77.0000
-->8--
         16      15 
     11       3      18
     23       2      20 
  4      22      19      21
  5      17       7       1
      6      10       9 
      8      24      14
         12      13 
--8<--
found: sum= 79.0000 var=  0.0000 fitness= 79.0000
-->8--
         11       1 
      5      24      18
     15      14      20 
 16      10       2      19
  9      22      23       3
      7       8      12 
     21      17      13
          4       6 
--8<--
found: sum= 77.0000 var=  0.0000 fitness= 77.0000
-->8--
         21      15 
     20       6      19
     12       4      16 
  1      14      17      13
  3      24      11       2
     23       7      18 
      8      10       9
          5      22 
--8<--
found: sum= 77.0000 var=  0.0000 fitness= 77.0000
-->8--
         23      11 
     21      17      13
     12       1      20 
 14       3      15       7
 10      16      18       9
     22      24       8 
      5       6      19
          4       2 
--8<--
found: sum= 76.0000 var=  0.0000 fitness= 76.0000
-->8--
         20      24 
     21       8       4
     13       9      15 
  7       5      16       2
 12      17       6      18
     22      23      19 
     10       3      14
          1      11 
--8<--
found: sum= 77.0000 var=  0.0000 fitness= 77.0000
-->8--
         10       9 
     22      24      12
     13       1      16 
  3       7      15      21
 14      17      18       2
     23      19       5 
      6       4      20
          8      11 
--8<--
found: sum= 80.0000 var=  0.0000 fitness= 80.0000
-->8--
          1      10 
      9      20      15
     24       3      18 
  2      23      14       7
  5      22      12      16
      4       6      13 
     19      21      17
          8      11 
--8<--
found: sum= 76.0000 var=  0.0000 fitness= 76.0000
-->8--
          2      20 
     17       8       3
     24      13      14 
 23      12      18      11
  7       1      22       5
      9      10       6 
     21      19      15
         16       4 
--8<--
found: sum= 77.0000 var=  0.0000 fitness= 77.0000
-->8--
          3      15 
      8      21       1
     14      13      17 
 23      18      10      22
  4      12       5      16
      6      19       7 
     11      20       2
          9      24 
--8<--
found: sum= 74.0000 var=  0.0000 fitness= 74.0000
-->8--
         22      13 
     21      20      19
      7       1      16 
 15       3       5      11
 14      18      24      12
     17      23       6 
     10       4       9
          2       8 
--8<--
found: sum= 75.0000 var=  0.0000 fitness= 75.0000
-->8--
          2      19 
      3      16       8
     23       9      13 
  7      22      10      11
  6      12       4      20
      5      18      17 
     15       1      14
         24      21 
--8<--
found: sum= 77.0000 var=  0.0000 fitness= 77.0000
-->8--
         20       9 
     17      18       6
      7      10      12 
 13       5      22       3
 21      15       2      14
     16      23      24 
      4       8      19
         11       1 
--8<--
found: sum= 82.0000 var=  0.0000 fitness= 82.0000
-->8--
          4      15 
      5      10       9
     20      19      17 
  6      24      12      13
  2       8       3      14
     22      16      23 
      7      18       1
         11      21 
--8<--
found: sum= 72.0000 var=  0.0000 fitness= 72.0000
-->8--
          2       9 
     20       4      22
     21      24       3 
  7       1      10      15
 13      18      11      19
     12       8      14 
      5       6      16
         23      17 
--8<--
found: sum= 78.0000 var=  0.0000 fitness= 78.0000
-->8--
         20      11 
     17      24      18
      9       1      14 
 12       7      10       3
 15      16      21       8
     19      23      22 
      5       2       6
         13       4 
--8<--
found: sum= 77.0000 var=  0.0000 fitness= 77.0000
-->8--
         22      17 
     13       7       6
     23       4      24 
  1       8      19       2
 14      15      11      18
     16      20       3 
      9      12      10
          5      21 
--8<--
found: sum= 76.0000 var=  0.0000 fitness= 76.0000
-->8--
         23      24 
     17      19      11
     10       1       8 
 16       6      13       2
  9      14      20      15
     21      22      18 
      3       4       7
         12       5 
--8<--
found: sum= 83.0000 var=  0.0000 fitness= 83.0000
-->8--
          5      12 
      4      23       9
     18      20      11 
 10      13       8       7
 16       2      21      14
     24      19      22 
     15      17       1
          6       3 
--8<--
execution time: real 0.095024s user 0.008998s sys 0.000999s
GA: P=50 K=10 sp=2 xover=2D/1 optrpl=2 optskip=10 optmax=1.142857
generation #74: pop m= 77.814 v= 69.860 f= 49.158 best_age=1
best: found: sum= 83.0000 var=  0.0000 fitness= 83.0000
-->8--
          5      12 
      4      23       9
     18      20      11 
 10      13       8       7
 16       2      21      14
     24      19      22 
     15      17       1
          6       3 
--8<--
found: sum= 72.0000 var=  0.0000 fitness= 72.0000
-->8--
          2       9 
     20       4      22
     21      24       3 
  7       1      10      15
 13      18      11      19
     12       8      14 
      5       6      16
         23      17 
--8<--
