found: sum=  0.0000 var=  0.0000 fitness=  0.0000
-->8--
         24      22 
     19       3       2
     16       7      20 
  1       6      21      10
 17      23       4       9
     12      14      11 
      5      13      15
          8      18 
--8<--
found: sum=  0.0000 var=  0.0000 fitness=  0.0000
-->8--
         22      10 
     17      20      19
      7       3      21 
 12       5       1      11
 13      23      24      15
     14      18       2 
      9       6      16
          4       8 
--8<--
execution time: real 0.066671s user 0.011998s sys 0.001999s
GA: P=50 K=25 sp=3 xover=2D/1
generation #0: pop m= 76.669 v=  0.206 f= 74.543 best_age=0
best: sum= 81.5714 var=  0.2449 fitness= 79.1471
-->8--
         12       1 
     13      22      11
     19       6      21 
 18      10      20       3
  2      15      24       9
     17       7       5 
     16      23      14
          4       8 
--8<--
found: sum= 75.0000 var=  0.0000 fitness= 75.0000
-->8--
         24      22 
     19       3       2
     16       7      20 
  1       6      21      10
 17      23       4       9
     12      14      11 
      5      13      15
          8      18 
--8<--
found: sum= 74.0000 var=  0.0000 fitness= 74.0000
-->8--
         22      10 
     17      20      19
      7       3      21 
 12       5       1      11
 13      23      24      15
     14      18       2 
      9       6      16
          4       8 
--8<--
