found: sum= 82.0000 var=  0.0000 fitness= 82.0000
-->8--
          7      17 
      8      10       1
     18      23      19 
  9      16      12      24
  2      15       3       4
     22      13      20 
      6      21      14
          5      11 
--8<--
found: sum= 83.0000 var=  0.0000 fitness= 83.0000
-->8--
          3      21 
     10      15       2
     18      20      13 
 14      17      12       9
  1      11       7      19
     22      16      23 
      6      24       5
          4       8 
--8<--
found: sum= 85.0000 var=  0.0000 fitness= 85.0000
-->8--
          2       7 
      8      24       9
     17      16      19 
 13      18      10      21
  1      14      12       3
     22      15      20 
      6      23       4
          5      11 
--8<--
execution time: real 2.624132s user 0.052991s sys 0.122981s
GA: P=50 K=10 sp=2 xover=2D/1 optrpl=2 optskip=10 optmax=1.142857
generation #11701: pop m= 79.363 v= 85.776 f= 39.773 best_age=1
best: found: sum= 85.0000 var=  0.0000 fitness= 85.0000
-->8--
          2       7 
      8      24       9
     17      16      19 
 13      18      10      21
  1      14      12       3
     22      15      20 
      6      23       4
          5      11 
--8<--
