found: sum= 72.0000 var=  0.0000 fitness= 72.0000
-->8--
         23       8 
     24       3      19
     14       1      21 
 17       7      20      13
 12      18      11       5
      4      15       2 
      9      16       6
         10      22 
--8<--
found: sum= 72.0000 var=  0.0000 fitness= 72.0000
-->8--
         17      18 
     14      10      21
     22       2      12 
  1       7       9      16
 23      11      19      13
      8      24       3 
      4       5       6
         20      15 
--8<--
found: sum= 81.0000 var=  0.0000 fitness= 81.0000
-->8--
          2      16 
      4      20      12
     19      13       9 
 10      23      11       1
  8       7      24      15
     14       3      21 
     18      22       6
         17       5 
--8<--
execution time: real 0.025162s user 0.005999s sys 0.000999s
GA: P=50 K=10 sp=2 xover=2D/1 optrpl=2 optskip=10 optmax=1.005952
generation #21: pop m= 77.640 v= 59.707 f= 49.612 best_age=1
best: found: sum= 81.0000 var=  0.0000 fitness= 81.0000
-->8--
          2      16 
      4      20      12
     19      13       9 
 10      23      11       1
  8       7      24      15
     14       3      21 
     18      22       6
         17       5 
--8<--
