found: sum= 72.0000 var=  0.0000 fitness= 72.0000 age=0
-->8--
         23      22 
      5      14       4
     15       6      18 
 11       9       8       1
  3      13      19      16
     21      17      10 
     12       7      -1
          2      20 
--8<--
found: sum= 71.0000 var=  0.0000 fitness= 71.0000 age=0
-->8--
         14      18 
      2      13       1
     19       3      21 
  4      20      15      -1
 -1       7      16       8
     22      10      12 
      6      17      11
          9       5 
--8<--
found: sum= 65.0000 var=  0.0000 fitness= 65.0000 age=0
-->8--
          9       3 
     13       7      16
     14      18      15 
 17       4       6      12
 -1      11       5      19
     20      21       8 
      1      10      22
          2      -1 
--8<--
found: sum= 78.0000 var=  0.0000 fitness= 78.0000 age=0
-->8--
         22      24 
     10      23       2
      5       7      18 
 20      11       4      14
  6      21      16       9
     15      19      17 
      8      12       1
          3      13 
--8<--
found: sum= 75.0000 var=  0.0000 fitness= 75.0000 age=0
-->8--
         12      10 
      8      21      -2
     16       7      20 
 13      11      19       2
  4      14       9       3
     17      15      22 
     18       5       1
          6      23 
--8<--
found: sum= 62.0000 var=  0.0000 fitness= 62.0000 age=0
-->8--
         22      17 
     12       1       6
      3      19      11 
 16       5       8      20
  4      13      -1      10
     21      18      14 
     -1       9       7
          2      15 
--8<--
found: sum= 82.0000 var=  0.0000 fitness= 82.0000 age=0
-->8--
          7       8 
     21      24       4
     17       1      23 
 18      12      22       2
  5      14      13       3
     16      20      19 
     15      11      10
          6       9 
--8<--
execution time: real 0.872065s user 0.004999s sys 0.001999s
GA: P=512 K=256 sp=3 xover=2D/1 aging
generation #4: pop m= 72.214 v=3.805 f= 64.773
best: found: sum= 82.0000 var=  0.0000 fitness= 82.0000 age=1
-->8--
          7       8 
     21      24       4
     17       1      23 
 18      12      22       2
  5      14      13       3
     16      20      19 
     15      11      10
          6       9 
--8<--
found: sum= 65.0000 var=  0.0000 fitness= 65.0000 age=2
-->8--
          9       3 
     13       7      16
     14      18      15 
 17       4       6      12
 -1      11       5      19
     20      21       8 
      1      10      22
          2      -1 
--8<--
found: sum= 62.0000 var=  0.0000 fitness= 62.0000 age=1
-->8--
         22      17 
     12       1       6
      3      19      11 
 16       5       8      20
  4      13      -1      10
     21      18      14 
     -1       9       7
          2      15 
--8<--
found: sum= 75.0000 var=  0.0000 fitness= 75.0000 age=1
-->8--
         12      10 
      8      21      -2
     16       7      20 
 13      11      19       2
  4      14       9       3
     17      15      22 
     18       5       1
          6      23 
--8<--
found: sum= 72.0000 var=  0.0000 fitness= 72.0000 age=3
-->8--
         23      22 
      5      14       4
     15       6      18 
 11       9       8       1
  3      13      19      16
     21      17      10 
     12       7      -1
          2      20 
--8<--
found: sum= 78.0000 var=  0.0000 fitness= 78.0000 age=2
-->8--
         22      24 
     10      23       2
      5       7      18 
 20      11       4      14
  6      21      16       9
     15      19      17 
      8      12       1
          3      13 
--8<--
found: sum= 71.0000 var=  0.0000 fitness= 71.0000 age=2
-->8--
         14      18 
      2      13       1
     19       3      21 
  4      20      15      -1
 -1       7      16       8
     22      10      12 
      6      17      11
          9       5 
--8<--
