found: sum= 73.0000 var=  0.0000 fitness= 73.0000
-->8--
         13      11 
     17      24      14
     10       4       2 
 21       5      18      12
  9      22      23      15
      6       1       3 
      8      20      19
         16       7 
--8<--
found: sum= 77.0000 var=  0.0000 fitness= 77.0000
-->8--
          1       3 
     22       9      23
     11      10      17 
 13      24      15       5
  2       6      18      14
     21       4       8 
      7      19      16
         20      12 
--8<--
found: sum= 76.0000 var=  0.0000 fitness= 76.0000
-->8--
         23       6 
     20       2      15
     17      13      24 
 12       1      16       9
 11      21       3       5
     14      22      19 
      8       4      18
          7      10 
--8<--
found: sum= 74.0000 var=  0.0000 fitness= 74.0000
-->8--
         18       2 
     22       1      21
     10      12      24 
  6      11      14       4
 13      15      17       8
     19       5       7 
     23       9      16
          3      20 
--8<--
found: sum= 77.0000 var=  0.0000 fitness= 77.0000
-->8--
         19      11 
     17       5      10
     13       7      21 
 20      16      23       9
  1       3       6      14
     24      22       4 
      2      18      12
          8      15 
--8<--
found: sum= 76.0000 var=  0.0000 fitness= 76.0000
-->8--
          3      17 
      6      20       4
      5      24       2 
 12      18       9      19
 15      16       1      23
     10       8      22 
      7      21      11
         14      13 
--8<--
found: sum= 79.0000 var=  0.0000 fitness= 79.0000
-->8--
          1       4 
     14      13       7
     10      19      21 
  6      22      15       8
  5      12       2      17
     24       9      16 
      3      11      23
         20      18 
--8<--
found: sum= 76.0000 var=  0.0000 fitness= 76.0000
-->8--
          4       3 
     17      12       5
     10      24      19 
 18       9      13      16
  2      15       8      14
     22       7       6 
      1      11      23
         20      21 
--8<--
found: sum= 78.0000 var=  0.0000 fitness= 78.0000
-->8--
         22       5 
     18      13      14
     12      10      15 
 16       3      21       9
  8      19      24       2
     20       1       7 
      4      23      17
         11       6 
--8<--
found: sum= 75.0000 var=  0.0000 fitness= 75.0000
-->8--
          2       4 
     22      10       8
      3      17      20 
 15      21      16      13
 18       6      14       5
     12       1       7 
      9      23      11
         24      19 
--8<--
found: sum= 76.0000 var=  0.0000 fitness= 76.0000
-->8--
         24      14 
      7      23      15
     13       4       1 
 17       5      19       6
  3      18      22      16
     20       8      12 
      9      11      21
         10       2 
--8<--
found: sum= 75.0000 var=  0.0000 fitness= 75.0000
-->8--
         20      11 
     19      14      15
      9       5      17 
 16       8      13       6
  2      18      24       3
     22       7      12 
      4       1      21
         23      10 
--8<--
found: sum= 74.0000 var=  0.0000 fitness= 74.0000
-->8--
         22      12 
     20       1      15
      3       9      21 
 24      19      16      10
 13      11       2       7
      4      17      18 
     14      23       6
          5       8 
--8<--
found: sum= 76.0000 var=  0.0000 fitness= 76.0000
-->8--
         13       1 
     11      12      18
     22       4      20 
 19      14      21       6
  9       5      24       3
      7       8       2 
     16      17      10
         23      15 
--8<--
found: sum= 83.0000 var=  0.0000 fitness= 83.0000
-->8--
          3      14 
      6      24       1
     23       5      21 
 11      22      18       9
  2      13       8       7
     12      17      20 
     10      15       4
         16      19 
--8<--
execution time: real 0.212415s user 0.005999s sys 0.000999s
GA: P=50 K=10 sp=2 xover=2D/1 optrpl=2 optskip=10 optmax=1.142857
generation #51: pop m= 78.106 v= 48.194 f= 53.095 best_age=1
best: found: sum= 83.0000 var=  0.0000 fitness= 83.0000
-->8--
          3      14 
      6      24       1
     23       5      21 
 11      22      18       9
  2      13       8       7
     12      17      20 
     10      15       4
         16      19 
--8<--
