found: sum= 75.0000 var=  0.0000 fitness= 75.0000
-->8--
         10      20 
      1       2       7
     16      22      11 
 17      24      13      15
  4       8       3      12
      6       5      21 
     23      19       9
         14      18 
--8<--
found: sum= 77.0000 var=  0.0000 fitness= 77.0000
-->8--
         10      22 
     18      23       9
     11       7      13 
 12       8       3       1
 15      14      21      20
     17      24      19 
      4       2       5
         16       6 
--8<--
found: sum= 78.0000 var=  0.0000 fitness= 78.0000
-->8--
          6       4 
      8      23      15
     21       1      22 
  3      19      13       5
  9      14      20      16
     12      11       2 
      7      10      17
         24      18 
--8<--
found: sum= 80.0000 var=  0.0000 fitness= 80.0000
-->8--
         18      10 
      9       6      22
     24       2      23 
  4      21      17       5
  1      11      15       8
     19      14      12 
     13      16      20
          7       3 
--8<--
execution time: real 0.023299s user 0.007998s sys 0.000999s
GA: P=50 K=10 sp=2 xover=2D/1 optrpl=2 optskip=10 optmax=1.005952
generation #12: pop m= 76.643 v= 41.642 f= 56.064 best_age=1
best: found: sum= 80.0000 var=  0.0000 fitness= 80.0000
-->8--
         18      10 
      9       6      22
     24       2      23 
  4      21      17       5
  1      11      15       8
     19      14      12 
     13      16      20
          7       3 
--8<--
