found: sum= 79.0000 var=  0.0000 fitness= 79.0000
-->8--
         13       9 
     23       5      11
     12      19      15 
  4       7      20      14
 16      22       8       1
     18       3      21 
     10      24       6
          2      17 
--8<--
found: sum= 76.0000 var=  0.0000 fitness= 76.0000
-->8--
          4       8 
     12      22       1
     16      19      17 
 13       3       9       2
 20      10      24      18
     14      11       6 
     21       5       7
         15      23 
--8<--
found: sum= 76.0000 var=  0.0000 fitness= 76.0000
-->8--
         23      18 
     24      15       5
      6       7      19 
 20       1      12       2
 10      22      13      16
     17      21      14 
      4       9       8
          3      11 
--8<--
found: sum= 75.0000 var=  0.0000 fitness= 75.0000
-->8--
         21      22 
     16      24       8
      1       4       6 
 13       9      11      14
 17      12      19       7
     23      20      18 
      2       3      10
         15       5 
--8<--
found: sum= 77.0000 var=  0.0000 fitness= 77.0000
-->8--
         21      18 
      9       1      19
     20       2      23 
  7      24      14       6
  3      12      10      16
     11      15       8 
     13      22       5
          4      17 
--8<--
found: sum= 75.0000 var=  0.0000 fitness= 75.0000
-->8--
         23      13 
     21       6      16
     10       4      17 
  5      11      19      14
 22      12      20       2
     15       9       3 
      8      24      18
          7       1 
--8<--
found: sum= 76.0000 var=  0.0000 fitness= 76.0000
-->8--
         16      18 
      3      22      19
     21       1       7 
 17      13       9      10
  5       6      23      15
     14      24      12 
      8       4       2
         20      11 
--8<--
found: sum= 80.0000 var=  0.0000 fitness= 80.0000
-->8--
          3       4 
      6      12       9
     13      24      23 
 11      22       8      19
 16       1       7       2
     17      18      21 
     10      14      15
         20       5 
--8<--
found: sum= 79.0000 var=  0.0000 fitness= 79.0000
-->8--
          4      10 
      1      24       5
     17      20      18 
 16      13       2      14
  3      21      11      15
      9      12      19 
      6       8       7
         23      22 
--8<--
found: sum= 72.0000 var=  0.0000 fitness= 72.0000
-->8--
         23       9 
     19       1      13
      3      14      18 
 11      12      17       4
 16      22       2       7
      8       5      24 
     10       6      20
         21      15 
--8<--
found: sum= 76.0000 var=  0.0000 fitness= 76.0000
-->8--
         22      12 
     15       3      23
     14       1      20 
 18      21      17       5
  8       2      19       9
     13      16       6 
     11      24       4
         10       7 
--8<--
found: sum= 78.0000 var=  0.0000 fitness= 78.0000
-->8--
         13       9 
      2      24      11
     18       1      10 
  5      20      23      14
 16       7       6       3
     12      21      22 
     19       4       8
         15      17 
--8<--
found: sum= 78.0000 var=  0.0000 fitness= 78.0000
-->8--
          1      22 
     17      12       3
     11      21       5 
  8      16      15      24
  9      14       2      13
     20      10      19 
      7      23       6
          4      18 
--8<--
found: sum= 74.0000 var=  0.0000 fitness= 74.0000
-->8--
          6       5 
     18       8      11
      9      23      12 
 14      10      15       1
  7      21       2      20
     13       3      24 
     17       4      22
         16      19 
--8<--
found: sum= 76.0000 var=  0.0000 fitness= 76.0000
-->8--
         21       7 
     22      15      16
     14       3      18 
 12       1      17      13
 10      20      11       8
     19      24       9 
      6       5      23
          2       4 
--8<--
found: sum= 78.0000 var=  0.0000 fitness= 78.0000
-->8--
         15       9 
     22      23      10
      4       3      16 
 19      11      17       7
 14       6      21      12
     24      20       5 
      2      18       1
          8      13 
--8<--
found: sum= 81.0000 var=  0.0000 fitness= 81.0000
-->8--
          5       2 
      3      19       4
     13      21      12 
  8      20      23      11
 16       9       7       6
     15       1      22 
     14      24      17
         18      10 
--8<--
found: sum= 82.0000 var=  0.0000 fitness= 82.0000
-->8--
          8       1 
      4      24      17
     22       9      18 
 16      15      13       7
 12       3      23      10
     14      19      11 
      5      21       2
         20       6 
--8<--
found: sum= 83.0000 var=  0.0000 fitness= 83.0000
-->8--
          8       3 
      1      23       7
     19      14      24 
 11      18      12       4
  9      16      21       5
     10       2      17 
     13      22       6
         20      15 
--8<--
execution time: real 0.063998s user 0.010998s sys 0.001999s
GA: P=50 K=10 sp=2 xover=2D/1 optrpl=2 optskip=10 optmax=1.142857
generation #59: pop m= 77.611 v= 55.080 f= 51.081 best_age=1
best: found: sum= 83.0000 var=  0.0000 fitness= 83.0000
-->8--
          8       3 
      1      23       7
     19      14      24 
 11      18      12       4
  9      16      21       5
     10       2      17 
     13      22       6
         20      15 
--8<--
found: sum= 79.0000 var=  0.0000 fitness= 79.0000
-->8--
         13       9 
     23       5      11
     12      19      15 
  4       7      20      14
 16      22       8       1
     18       3      21 
     10      24       6
          2      17 
--8<--
found: sum= 82.0000 var=  0.0000 fitness= 82.0000
-->8--
          8       1 
      4      24      17
     22       9      18 
 16      15      13       7
 12       3      23      10
     14      19      11 
      5      21       2
         20       6 
--8<--
