found: sum=  0.0000 var=  0.0000 fitness=  0.0000
-->8--
          1      15 
      6      24      18
     23      13       5 
  4      11       3      10
 14       9      20      21
     17      22      19 
     12       2       8
         16       7 
--8<--
found: sum=  0.0000 var=  0.0000 fitness=  0.0000
-->8--
         22      12 
     13      16      14
     17       3      23 
 15       8      11       1
  9      20      18       2
     10      19      24 
     21       5       7
          4       6 
--8<--
found: sum=  0.0000 var=  0.0000 fitness=  0.0000
-->8--
         24      14 
     20       6      16
     11       5      17 
  7      10      18       2
  8      19      23      13
     21       1       3 
      9      22      15
          4      12 
--8<--
found: sum=  0.0000 var=  0.0000 fitness=  0.0000
-->8--
          2       6 
      4      22       9
     17      13      12 
  7      23      19       3
 14       5      10      16
     15      11      21 
      8      18      20
         24       1 
--8<--
found: sum=  0.0000 var=  0.0000 fitness=  0.0000
-->8--
          2      13 
     19       8      15
     22      12      24 
 16      14       5       6
  4      20       3      18
      1      23      21 
      7       9      11
         17      10 
--8<--
found: sum=  0.0000 var=  0.0000 fitness=  0.0000
-->8--
          1      18 
      7       8       4
     24      23      22 
  2      15       3      13
 12       5      21       9
     20      11      10 
     17       6      14
         19      16 
--8<--
found: sum=  0.0000 var=  0.0000 fitness=  0.0000
-->8--
         22      21 
      8      12      20
      4      11       9 
 13      18       2       5
  1      24      17      23
     15       3      19 
      7      16      14
         10       6 
--8<--
found: sum=  0.0000 var=  0.0000 fitness=  0.0000
-->8--
         16       8 
     17       6      18
     22       2      23 
 15      13      19       4
  1      11       7      20
     14      24       3 
      5      12       9
         10      21 
--8<--
found: sum=  0.0000 var=  0.0000 fitness=  0.0000
-->8--
          7      18 
      6      20       3
     24       1      22 
  2      23      17       4
 15       5      14       8
     12      21      16 
     19      11       9
         13      10 
--8<--
found: sum=  0.0000 var=  0.0000 fitness=  0.0000
-->8--
         14      10 
     21      24      13
      9       3      16 
 17       6      11       8
 18      15      22      19
     12      20       1 
      5      23       7
          2       4 
--8<--
found: sum=  0.0000 var=  0.0000 fitness=  0.0000
-->8--
         13      14 
     22       1      20
      2      12      19 
  6      23       7       5
 10      24       3      21
      8       4      18 
      9      17      15
         11      16 
--8<--
sum= 76.7143 var=  0.2041 fitness= 74.5012
-->8--
         24       1 
     12      14      17
     13      11      18 
  2       6      19       5
 16      21      20       8
     22       3      10 
      7      23      15
          4       9 
--8<--
sum= 79.1429 var=  0.4082 fitness= 76.0130
-->8--
          3      19 
     23      11       2
     18      13      24 
  5      10       9       6
 12      17      15       4
     16      14      20 
      8       1      21
         22       7 
--8<--
sum= 77.8571 var=  0.1224 fitness= 76.1429
-->8--
          6      10 
     19      21      20
     11       5      12 
  3      15       9       1
 16      18       8      24
     14      22      23 
     17       4       7
          2      13 
--8<--
sum= 72.7143 var=  0.2041 fitness= 70.5012
-->8--
         13      14 
      9      17       3
      2      19       8 
  1      16      15      18
 22      12       4       7
     23      10      24 
     20       6      11
          5      21 
--8<--
sum= 75.8571 var=  0.1224 fitness= 74.1429
-->8--
         12       7 
      5      24       1
     21      15      10 
  4       2      22       9
 23      18      19       6
     11       3      13 
     14      16       8
         17      20 
--8<--
sum= 71.8571 var=  0.1224 fitness= 70.1429
-->8--
          1      17 
     18       3      12
     22      20       8 
 10       9      13       2
 14       7      19      16
     11       5      15 
     21       6       4
         23      24 
--8<--
execution time: real 0.130613s user 0.051992s sys 0.000999s
GA: P=50 K=25 sp=3 xover=2D/1
generation #7: pop m= 78.794 v=  0.215 f= 76.670 best_age=1
best: sum= 82.8571 var=  0.1224 fitness= 81.1429
-->8--
          2       5 
      6      17      16
     24      12      20 
  3      22      13      19
 11       9       4       8
     14      23      18 
     15      21      10
          1       7 
--8<--
found: sum= 76.0000 var=  0.0000 fitness= 76.0000
-->8--
         13      14 
      9      17       3
      2      19       8 
  1      16      15      18
 22      12       4       7
     23      10      24 
     20       6      11
          5      21 
--8<--
found: sum= 81.0000 var=  0.0000 fitness= 81.0000
-->8--
          2       6 
      4      22       9
     17      13      12 
  7      23      19       3
 14       5      10      16
     15      11      21 
      8      18      20
         24       1 
--8<--
found: sum= 80.0000 var=  0.0000 fitness= 80.0000
-->8--
         24       1 
     12      14      17
     13      11      18 
  2       6      19       5
 16      21      20       8
     22       3      10 
      7      23      15
          4       9 
--8<--
found: sum= 81.0000 var=  0.0000 fitness= 81.0000
-->8--
          7      18 
      6      20       3
     24       1      22 
  2      23      17       4
 15       5      14       8
     12      21      16 
     19      11       9
         13      10 
--8<--
