found: sum= 76.0000 var=  0.0000 fitness= 76.0000 age=0
-->8--
         12       7 
      4      20      17
      1      24       2 
 19      15       6       9
  8      10      16      22
     23       5      21 
     11      13      18
         14       3 
--8<--
found: sum= 83.0000 var=  0.0000 fitness= 83.0000 age=0
-->8--
          8      20 
     14      13       2
     21      16      22 
  7      11      10       6
  1      19      23       5
     24       4      17 
     15      18       9
          3      12 
--8<--
found: sum= 83.0000 var=  0.0000 fitness= 83.0000 age=0
-->8--
         13       5 
      3      21       1
     24      14      19 
  2       8      23       4
 17      10      12       7
     22      16      18 
     15      11      20
          9       6 
--8<--
found: sum= 85.0000 var=  0.0000 fitness= 85.0000 age=0
-->8--
          7       8 
      5      24      11
     19       9      23 
 13      21      10       1
  3      12      15      16
     17      18      20 
     14      22       6
          2       4 
--8<--
found: sum= 83.0000 var=  0.0000 fitness= 83.0000 age=0
-->8--
          4       6 
     19      20      13
     22      10      23 
  3       8      11       2
 15      21      17      18
     14      16      12 
      7      24       5
          1       9 
--8<--
found: sum= 85.0000 var=  0.0000 fitness= 85.0000 age=0
-->8--
         16       6 
      1      23      12
     17       7      19 
 11      21      18       2
  4      10      14       8
     22      15      24 
      5      20       9
         13       3 
--8<--
found: sum= 85.0000 var=  0.0000 fitness= 85.0000 age=0
-->8--
          5      11 
     10      23       4
     24      14      18 
  3       9      15      16
 13      19       8       6
     17      20      22 
      7      21       2
          1      12 
--8<--
found: sum= 85.0000 var=  0.0000 fitness= 85.0000 age=0
-->8--
         16       5 
      4      23       6
     22      13      18 
 14       7      20       3
  2      19      11       9
     21      15      24 
     12      17      10
          1       8 
--8<--
execution time: real 0.116137s user 0.114982s sys 0.002999s
jsgmd24: M=7 A=2 B=3 P=512 K=256 sp=3 xover=2D/3 mut=6 replace_worst=51 aging explosion=128@0.005000*128 swap=2 hexspin=2
generation #9: pop m= 85.015 v=0.765 f= 81.179
best: found: sum= 85.0000 var=  0.0000 fitness= 85.0000 age=1
-->8--
          7       8 
      5      24      11
     19       9      23 
 13      21      10       1
  3      12      15      16
     17      18      20 
     14      22       6
          2       4 
--8<--
found: sum= 83.0000 var=  0.0000 fitness= 83.0000 age=5
-->8--
          8      20 
     14      13       2
     21      16      22 
  7      11      10       6
  1      19      23       5
     24       4      17 
     15      18       9
          3      12 
--8<--
found: sum= 85.0000 var=  0.0000 fitness= 85.0000 age=1
-->8--
          5      11 
     10      23       4
     24      14      18 
  3       9      15      16
 13      19       8       6
     17      20      22 
      7      21       2
          1      12 
--8<--
found: sum= 83.0000 var=  0.0000 fitness= 83.0000 age=4
-->8--
         13       5 
      3      21       1
     24      14      19 
  2       8      23       4
 17      10      12       7
     22      16      18 
     15      11      20
          9       6 
--8<--
found: sum= 85.0000 var=  0.0000 fitness= 85.0000 age=1
-->8--
         16       5 
      4      23       6
     22      13      18 
 14       7      20       3
  2      19      11       9
     21      15      24 
     12      17      10
          1       8 
--8<--
found: sum= 85.0000 var=  0.0000 fitness= 85.0000 age=1
-->8--
         16       6 
      1      23      12
     17       7      19 
 11      21      18       2
  4      10      14       8
     22      15      24 
      5      20       9
         13       3 
--8<--
found: sum= 83.0000 var=  0.0000 fitness= 83.0000 age=1
-->8--
          4       6 
     19      20      13
     22      10      23 
  3       8      11       2
 15      21      17      18
     14      16      12 
      7      24       5
          1       9 
--8<--
