found: sum= 67.0000 var=  0.0000 fitness= 67.0000 age=0
-->8--
         22      16 
     13      17      15
      6      -2       3 
 20      11      18      23
  1      10       9       2
     19      21      12 
      8       4       7
          5      14 
--8<--
found: sum= 77.0000 var=  0.0000 fitness= 77.0000 age=0
-->8--
         10      17 
     18      15      12
     19       2      20 
  6      13      11      24
  3      14      16       1
     22      21       5 
      9       4       8
          7      23 
--8<--
found: sum= 81.0000 var=  0.0000 fitness= 81.0000 age=0
-->8--
          8       6 
     20      18      13
      9      23      17 
 16       3       4      12
 10      21      19      14
     22      11      15 
      2      24       7
          1       5 
--8<--
found: sum= 78.0000 var=  0.0000 fitness= 78.0000 age=0
-->8--
          4       8 
     23      24       3
     11       1      20 
  9      15      22       5
  7      17      13      16
     19      10       2 
     12      14      18
          6      21 
--8<--
found: sum= 70.0000 var=  0.0000 fitness= 70.0000 age=0
-->8--
         15      19 
     21       5      -1
      3      16      13 
 20      10      18       2
  7       8      17      11
     22       1       9 
     12      23       6
          4      14 
--8<--
found: sum= 77.0000 var=  0.0000 fitness= 77.0000 age=0
-->8--
         18      24 
      6      19       2
     13       7      16 
  5      14       9      15
  1      21      22      12
     23       4       3 
     10      11      17
          8      20 
--8<--
found: sum= 77.0000 var=  0.0000 fitness= 77.0000 age=0
-->8--
         16      23 
     15      11       2
     10      22       7 
 17       3      12       1
  8      21      13      24
     18       6      20 
      9      19      14
          4       5 
--8<--
found: sum= 73.0000 var=  0.0000 fitness= 73.0000 age=0
-->8--
         23      -1 
     12       2      18
     17      13      20 
 11       6      21       5
  1      16      10       3
     22       7      14 
      9      15       8
          4      19 
--8<--
found: sum= 59.0000 var=  0.0000 fitness= 59.0000 age=0
-->8--
         21      -2 
      3      12      19
      2       7      15 
  4      14       8      16
  1      18      13      -2
     20      -1       9 
      6      11      17
          5      10 
--8<--
found: sum= 62.0000 var=  0.0000 fitness= 62.0000 age=0
-->8--
         22      21 
      8      12      14
      5       2      -2 
 18      13      15      20
  1       9       6       4
     16      17      19 
      3      10      -1
          7      11 
--8<--
found: sum= 68.0000 var=  0.0000 fitness= 68.0000 age=0
-->8--
          9      18 
     20      17      21
     14       1      -1 
  5       7      12      23
  4      16      13      11
     22      19      10 
      2       3      15
          6       8 
--8<--
found: sum= 80.0000 var=  0.0000 fitness= 80.0000 age=0
-->8--
          6      17 
     22      19      10
      9       3      18 
 16      21      13       1
  2       8      20       5
     24      15      23 
     14       7       4
         12      11 
--8<--
found: sum= 71.0000 var=  0.0000 fitness= 71.0000 age=0
-->8--
         11       7 
     17      19      10
      4      14      16 
 23       6       5      21
  3      13      15       2
     22      18      12 
      1       9      -3
          8      20 
--8<--
found: sum= 71.0000 var=  0.0000 fitness= 71.0000 age=0
-->8--
         21      -2 
      9      22      23
      8       6       3 
 10       5      19       7
 12      16      11      18
     20      14      13 
      4      15       1
          2      17 
--8<--
found: sum= 73.0000 var=  0.0000 fitness= 73.0000 age=0
-->8--
         20      21 
     13       3       8
     12      14      22 
  9      11       5      10
  1      17      19       2
     23       7      15 
      6      16      18
          4      -2 
--8<--
found: sum= 72.0000 var=  0.0000 fitness= 72.0000 age=0
-->8--
         14      15 
     20      16       6
      5       4       8 
 11      13      23      22
 10      12       2      -2
     21      18      19 
      3      17       7
          1       9 
--8<--
found: sum= 79.0000 var=  0.0000 fitness= 79.0000 age=0
-->8--
         16      23 
      2      21       4
     18      12      14 
  7      10       5       8
  9      13      24      11
     22      15      17 
     20       3       1
          6      19 
--8<--
found: sum= 71.0000 var=  0.0000 fitness= 71.0000 age=0
-->8--
         11      20 
     14      21      -2
      2       7      15 
 18      16      10      23
  1      12       9       6
     22      17       8 
      3      13       5
          4      19 
--8<--
found: sum= 82.0000 var=  0.0000 fitness= 82.0000 age=0
-->8--
         21      14 
      7      16      13
     23      11      22 
 15       4       6      10
  2      18      24       8
     20      19      12 
      5      17       1
          3       9 
--8<--
found: sum= 78.0000 var=  0.0000 fitness= 78.0000 age=0
-->8--
          6       8 
     23      10      13
     12      16      24 
 17      11       7      14
  2      21       5      19
     15      18       9 
      1      20       4
          3      22 
--8<--
found: sum= 74.0000 var=  0.0000 fitness= 74.0000 age=0
-->8--
         11       9 
     -2      14      19
     22      13      18 
  4      16       1      12
  7       8      21      20
     17      15       2 
      6      23       3
          5      10 
--8<--
found: sum= 73.0000 var=  0.0000 fitness= 73.0000 age=0
-->8--
         22      17 
      5      20       7
     13       1      19 
  8      12       9      18
  3      14      21       2
     23      16       4 
     -1      11       6
         10      15 
--8<--
found: sum= 83.0000 var=  0.0000 fitness= 83.0000 age=0
-->8--
         15      19 
     13      23       2
     10       6      24 
 11      16       9       3
  7      18      22       5
     21      12      20 
      1      17       4
         14       8 
--8<--
found: sum= 77.0000 var=  0.0000 fitness= 77.0000 age=0
-->8--
         23      13 
     18      15       3
      9       5      22 
 21       7      19      11
  4      24       6       2
     12      16      17 
      1      10      20
         14       8 
--8<--
found: sum= 73.0000 var=  0.0000 fitness= 73.0000 age=0
-->8--
          2      20 
     19      21       9
     17       4       5 
  8      10      14       1
  3      12      15      22
     23      18      16 
     13      11       7
         -4       6 
--8<--
found: sum= 70.0000 var=  0.0000 fitness= 70.0000 age=0
-->8--
         17      21 
     20      13       2
     11       4      12 
 16       5      18      15
  1      14      19      -1
     23      10       7 
      8       9       3
          6      22 
--8<--
found: sum= 70.0000 var=  0.0000 fitness= 70.0000 age=0
-->8--
          2      18 
     22      12      21
     19       6       3 
  4       9      10      23
  1      17      13       5
     20      15      16 
     14       7       8
         -3      11 
--8<--
found: sum= 76.0000 var=  0.0000 fitness= 76.0000 age=0
-->8--
         14      19 
      5      15      -1
     23      12       9 
 18       7      22      11
  2       6      13       4
     20      16      17 
      3      21       1
         10       8 
--8<--
found: sum= 77.0000 var=  0.0000 fitness= 77.0000 age=0
-->8--
         24      12 
      4      14       5
     20       9      18 
 16       6      19       7
  1      11      15      10
     23      17       8 
      3       2      22
         21      13 
--8<--
found: sum= 76.0000 var=  0.0000 fitness= 76.0000 age=0
-->8--
          5      18 
     20      16      14
     12       4      15 
  1      19       9       3
  8      13      21      11
     23      10      17 
      2      22       7
          6      -1 
--8<--
found: sum= 84.0000 var=  0.0000 fitness= 84.0000 age=0
-->8--
         23       6 
      5      15      16
     18      14      20 
  8       9      13       7
 11      17      12      10
     21      19      22 
      1      24       3
          2       4 
--8<--
found: sum= 80.0000 var=  0.0000 fitness= 80.0000 age=0
-->8--
          4       1 
     15      14      10
     24      11      23 
  2      12      21      19
  8      18       5       9
     16      13       3 
      7      20      17
          6      22 
--8<--
execution time: real 1.810126s user 0.032994s sys 0.000999s
GA: P=512 K=256 sp=3 xover=2D/1 aging
generation #11: pop m= 78.459 v=0.992 f= 74.644
best: found: sum= 84.0000 var=  0.0000 fitness= 84.0000 age=1
-->8--
         23       6 
      5      15      16
     18      14      20 
  8       9      13       7
 11      17      12      10
     21      19      22 
      1      24       3
          2       4 
--8<--
found: sum= 79.0000 var=  0.0000 fitness= 79.0000 age=3
-->8--
         16      23 
      2      21       4
     18      12      14 
  7      10       5       8
  9      13      24      11
     22      15      17 
     20       3       1
          6      19 
--8<--
found: sum= 82.0000 var=  0.0000 fitness= 82.0000 age=3
-->8--
         21      14 
      7      16      13
     23      11      22 
 15       4       6      10
  2      18      24       8
     20      19      12 
      5      17       1
          3       9 
--8<--
found: sum= 77.0000 var=  0.0000 fitness= 77.0000 age=2
-->8--
         23      13 
     18      15       3
      9       5      22 
 21       7      19      11
  4      24       6       2
     12      16      17 
      1      10      20
         14       8 
--8<--
found: sum= 78.0000 var=  0.0000 fitness= 78.0000 age=8
-->8--
          4       8 
     23      24       3
     11       1      20 
  9      15      22       5
  7      17      13      16
     19      10       2 
     12      14      18
          6      21 
--8<--
found: sum= 78.0000 var=  0.0000 fitness= 78.0000 age=3
-->8--
          6       8 
     23      10      13
     12      16      24 
 17      11       7      14
  2      21       5      19
     15      18       9 
      1      20       4
          3      22 
--8<--
found: sum= 76.0000 var=  0.0000 fitness= 76.0000 age=1
-->8--
         14      19 
      5      15      -1
     23      12       9 
 18       7      22      11
  2       6      13       4
     20      16      17 
      3      21       1
         10       8 
--8<--
found: sum= 80.0000 var=  0.0000 fitness= 80.0000 age=1
-->8--
          4       1 
     15      14      10
     24      11      23 
  2      12      21      19
  8      18       5       9
     16      13       3 
      7      20      17
          6      22 
--8<--
found: sum= 70.0000 var=  0.0000 fitness= 70.0000 age=1
-->8--
          2      18 
     22      12      21
     19       6       3 
  4       9      10      23
  1      17      13       5
     20      15      16 
     14       7       8
         -3      11 
--8<--
found: sum= 83.0000 var=  0.0000 fitness= 83.0000 age=2
-->8--
         15      19 
     13      23       2
     10       6      24 
 11      16       9       3
  7      18      22       5
     21      12      20 
      1      17       4
         14       8 
--8<--
found: sum= 77.0000 var=  0.0000 fitness= 77.0000 age=8
-->8--
         18      24 
      6      19       2
     13       7      16 
  5      14       9      15
  1      21      22      12
     23       4       3 
     10      11      17
          8      20 
--8<--
found: sum= 76.0000 var=  0.0000 fitness= 76.0000 age=1
-->8--
          5      18 
     20      16      14
     12       4      15 
  1      19       9       3
  8      13      21      11
     23      10      17 
      2      22       7
          6      -1 
--8<--
found: sum= 81.0000 var=  0.0000 fitness= 81.0000 age=9
-->8--
          8       6 
     20      18      13
      9      23      17 
 16       3       4      12
 10      21      19      14
     22      11      15 
      2      24       7
          1       5 
--8<--
found: sum= 70.0000 var=  0.0000 fitness= 70.0000 age=1
-->8--
         17      21 
     20      13       2
     11       4      12 
 16       5      18      15
  1      14      19      -1
     23      10       7 
      8       9       3
          6      22 
--8<--
found: sum= 80.0000 var=  0.0000 fitness= 80.0000 age=5
-->8--
          6      17 
     22      19      10
      9       3      18 
 16      21      13       1
  2       8      20       5
     24      15      23 
     14       7       4
         12      11 
--8<--
found: sum= 77.0000 var=  0.0000 fitness= 77.0000 age=7
-->8--
         16      23 
     15      11       2
     10      22       7 
 17       3      12       1
  8      21      13      24
     18       6      20 
      9      19      14
          4       5 
--8<--
found: sum= 77.0000 var=  0.0000 fitness= 77.0000 age=9
-->8--
         10      17 
     18      15      12
     19       2      20 
  6      13      11      24
  3      14      16       1
     22      21       5 
      9       4       8
          7      23 
--8<--
found: sum= 77.0000 var=  0.0000 fitness= 77.0000 age=1
-->8--
         24      12 
      4      14       5
     20       9      18 
 16       6      19       7
  1      11      15      10
     23      17       8 
      3       2      22
         21      13 
--8<--
