found: sum= 79.0000 var=  0.0000 fitness= 79.0000 age=0
-->8--
         22       5 
      4      12      11
     20      14      21 
 13       7      16       9
 18      19      15       1
      2       8      17 
      3      23      10
         24       6 
--8<--
found: sum= 77.0000 var=  0.0000 fitness= 77.0000 age=0
-->8--
         19       9 
      1      13      18
     22       2      11 
 17      20      24      15
  7       3       5      12
      8      23      10 
      6      21       4
         16      14 
--8<--
found: sum= 74.0000 var=  0.0000 fitness= 74.0000 age=0
-->8--
         24      17 
     12       5      13
     19       4      20 
  9      10      15       3
 11      23      21       7
      2       1       8 
     14      16      22
         18       6 
--8<--
found: sum= 78.0000 var=  0.0000 fitness= 78.0000 age=0
-->8--
         11       1 
     12      19      10
      2      18      22 
 23      16       8      15
  3      21       9       4
     13       6      20 
      7      14       5
         17      24 
--8<--
found: sum= 78.0000 var=  0.0000 fitness= 78.0000 age=0
-->8--
          8       9 
      3      13      19
     24      12       4 
 15      18      21       2
  5       6      20      14
     10       1      17 
     23      22      11
         16       7 
--8<--
found: sum= 76.0000 var=  0.0000 fitness= 76.0000 age=0
-->8--
          4       2 
     18      14      24
     11       9       8 
 17      20      19      15
 12      13       5       6
      3      10      23 
     22      21       1
          7      16 
--8<--
found: sum= 76.0000 var=  0.0000 fitness= 76.0000 age=0
-->8--
         23      13 
      3       8       1
      6      24      20 
  7      12      10      18
 21      11       4       2
     19      15      22 
     17       5      14
          9      16 
--8<--
found: sum= 78.0000 var=  0.0000 fitness= 78.0000 age=0
-->8--
          1      15 
     18      23       3
     17      11       2 
 13       8      24       7
 19       5      21      14
     16       9      10 
      6      22       4
         20      12 
--8<--
found: sum= 76.0000 var=  0.0000 fitness= 76.0000 age=0
-->8--
          7       1 
     10       2      20
     12      21      18 
  4      24      14       5
 13       8       3      19
     15       6      17 
      9      16      11
         22      23 
--8<--
found: sum= 74.0000 var=  0.0000 fitness= 74.0000 age=0
-->8--
          9      10 
     12      24       5
      4      11       2 
 15      14      22       6
 16       7       3      20
     18      17      21 
      8       1      19
         23      13 
--8<--
found: sum= 71.0000 var=  0.0000 fitness= 71.0000 age=0
-->8--
         20       8 
     18       1      22
     21       2      15 
  7       9      23       5
 16      14       6      19
      4      17       3 
     13      11      10
         12      24 
--8<--
found: sum= 74.0000 var=  0.0000 fitness= 74.0000 age=0
-->8--
         19      11 
     21       2      20
     13      10      23 
  1       9       8      22
 17      18      14       3
     16      15       4 
      6      12       5
          7      24 
--8<--
found: sum= 71.0000 var=  0.0000 fitness= 71.0000 age=0
-->8--
         13       4 
     11      24      23
      8       1      10 
 18      14       9       7
 17      12      19      21
      2      16       5 
     15       6       3
         20      22 
--8<--
found: sum= 76.0000 var=  0.0000 fitness= 76.0000 age=0
-->8--
         19      23 
      2      11      18
     22       1      20 
 14      21       3      12
  4      10      17      15
      5      24       9 
     16      13       7
          8       6 
--8<--
found: sum= 76.0000 var=  0.0000 fitness= 76.0000 age=0
-->8--
         15      23 
      6      16      17
     24      13       3 
 12       2       4       7
  9      18      19      22
     11      20      21 
      8       5      10
         14       1 
--8<--
found: sum= 81.0000 var=  0.0000 fitness= 81.0000 age=0
-->8--
          3      19 
      9      24       7
     23       4      16 
  8      18      11       1
  6      21      14      22
      5      13      17 
     10      20       2
         12      15 
--8<--
found: sum= 78.0000 var=  0.0000 fitness= 78.0000 age=0
-->8--
          1       5 
     12       8      16
     24      10      22 
  9      23      17      11
  2       6       3       7
     14      19      18 
     15       4      21
         20      13 
--8<--
found: sum= 81.0000 var=  0.0000 fitness= 81.0000 age=0
-->8--
         16      10 
      2      22      15
     18       4      13 
 21      19      17      11
  3      12       6      14
      8      23      20 
      5      24       7
          9       1 
--8<--
found: sum= 73.0000 var=  0.0000 fitness= 73.0000 age=0
-->8--
         16       3 
     20      10      19
      7       5      14 
  1      15      22       8
 24      17       2       6
      9      12      21 
     13       4      11
         18      23 
--8<--
found: sum= 79.0000 var=  0.0000 fitness= 79.0000 age=0
-->8--
          7      11 
     10      24      14
     23       2      19 
  6      13       9      20
 12      22      18       8
      3      15       5 
     17      21      16
          1       4 
--8<--
found: sum= 74.0000 var=  0.0000 fitness= 74.0000 age=0
-->8--
         16       2 
     24       1      20
      7      14      22 
  9      12      15       5
 23      10       6      18
     13      17       8 
      4      19      21
         11       3 
--8<--
found: sum= 80.0000 var=  0.0000 fitness= 80.0000 age=0
-->8--
          2      16 
      6      17      10
     24       8      22 
  1      23       7      14
  9       4      20      12
     19      18       5 
     11      13      21
         15       3 
--8<--
found: sum= 78.0000 var=  0.0000 fitness= 78.0000 age=0
-->8--
          1      11 
      6      23       7
     22      10       9 
 14      16      18      12
  8      15       2      24
      3      17      13 
      4      20       5
         19      21 
--8<--
found: sum= 76.0000 var=  0.0000 fitness= 76.0000 age=0
-->8--
          6      18 
     23      16       7
      8      12      20 
 10      11       3      13
 21       9      22       4
     17      19      14 
     24       5       1
          2      15 
--8<--
found: sum= 79.0000 var=  0.0000 fitness= 79.0000 age=0
-->8--
          7       1 
      5      18      19
     23      11      13 
 12      15      17      16
  6      14      20       3
      9       2      10 
     24      22      21
          8       4 
--8<--
found: sum= 80.0000 var=  0.0000 fitness= 80.0000 age=0
-->8--
          3       6 
     14      24       5
     21      16      12 
 22       2      17       4
  7      13       9      20
     15      23      18 
      8      10      19
         11       1 
--8<--
found: sum= 74.0000 var=  0.0000 fitness= 74.0000 age=0
-->8--
         24       9 
      1      14      23
     10       4      22 
 17      21       2      19
  3      16      11      15
      7      20       5 
      6      12       8
         13      18 
--8<--
found: sum= 75.0000 var=  0.0000 fitness= 75.0000 age=0
-->8--
         24       5 
     15       7      18
      8       2      23 
 22      19      20       3
  9       1      12       6
     16      21      11 
     14      10      17
         13       4 
--8<--
found: sum= 70.0000 var=  0.0000 fitness= 70.0000 age=0
-->8--
          8      21 
     19      11       6
      1      18      10 
  3      13       4      14
 22      24       9      17
      7       2      16 
     20       5      15
         12      23 
--8<--
found: sum= 75.0000 var=  0.0000 fitness= 75.0000 age=0
-->8--
         11      16 
     10      24       5
      7      20       4 
 12       3       6      13
  8      23      21      14
     22       2      17 
      9       1      19
         18      15 
--8<--
found: sum= 75.0000 var=  0.0000 fitness= 75.0000 age=0
-->8--
         24      10 
     22       4      11
      3      13      21 
 15       9      16       1
 12      17       6       8
     19      14      23 
      2       5      20
         18       7 
--8<--
found: sum= 73.0000 var=  0.0000 fitness= 73.0000 age=0
-->8--
         19       4 
     24       2      17
      6      14      13 
 21       8      23       1
 20      11       5       9
      7      12      22 
     18      15       3
         10      16 
--8<--
found: sum= 72.0000 var=  0.0000 fitness= 72.0000 age=0
-->8--
         18      20 
     11       3      12
     19      15       1 
 24       6      21       8
  4       9       5      23
     10      16      14 
      2      13       7
         22      17 
--8<--
found: sum= 77.0000 var=  0.0000 fitness= 77.0000 age=0
-->8--
          3      11 
      5      21       9
     12      20      15 
 17      16       1      24
  2      22      14      13
      8       4      10 
      6      19      23
         18       7 
--8<--
found: sum= 77.0000 var=  0.0000 fitness= 77.0000 age=0
-->8--
         20      14 
      1       6       2
     22      13      24 
  4      15      18       7
 12       5       9       8
     19      17      11 
     10       3      16
         23      21 
--8<--
found: sum= 81.0000 var=  0.0000 fitness= 81.0000 age=0
-->8--
          3      10 
     18      24       8
     15       4      16 
 11      17      19      22
  5      20       9       1
     13      12      14 
      7      23      21
          6       2 
--8<--
found: sum= 75.0000 var=  0.0000 fitness= 75.0000 age=0
-->8--
         18       6 
      1       4      13
     12      24      20 
  9      16       8       5
 11      10       2      21
     17      15      19 
      7       3      14
         23      22 
--8<--
found: sum= 76.0000 var=  0.0000 fitness= 76.0000 age=0
-->8--
          1      21 
     22       9       4
     10      19      20 
 18      15       3       6
 11      14      23       7
      8       2      17 
     24      16       5
         12      13 
--8<--
found: sum= 74.0000 var=  0.0000 fitness= 74.0000 age=0
-->8--
         19      11 
     21       2      20
     13      10      23 
  1       9       8      22
 17      18      14       3
     16      15       4 
      6      12       5
          7      24 
--8<--
found: sum= 83.0000 var=  0.0000 fitness= 83.0000 age=0
-->8--
         10       5 
      9      23       4
     20      13      22 
 11       8      16       3
  6      24      21       2
     14       1      19 
     12      17      18
         15       7 
--8<--
found: sum= 78.0000 var=  0.0000 fitness= 78.0000 age=0
-->8--
         18      19 
      2       4       5
     16      23      24 
 20      15       3       7
  1       9      22      14
     17       6       8 
     13      21      11
         12      10 
--8<--
found: sum= 76.0000 var=  0.0000 fitness= 76.0000 age=0
-->8--
          2       3 
     22       9      13
      6      16      24 
 10      21      11       5
 14       7      20      12
     18       1       4 
     23      19      15
          8      17 
--8<--
found: sum= 80.0000 var=  0.0000 fitness= 80.0000 age=0
-->8--
          4       7 
     20      13       2
      6      23      19 
 22      14      16      12
 11       3      15       1
     24       9      17 
      5      21       8
         18      10 
--8<--
found: sum= 70.0000 var=  0.0000 fitness= 70.0000 age=0
-->8--
         22      20 
      1       7      21
     11       5      15 
 13      24       2      14
  4      10      17      16
      8      12       6 
     19       3       9
         18      23 
--8<--
found: sum= 75.0000 var=  0.0000 fitness= 75.0000 age=0
-->8--
         19      12 
      8      23      11
      3       4       1 
 22      18      24      20
  2      13       6       9
     17      10      15 
     14      16       7
          5      21 
--8<--
found: sum= 78.0000 var=  0.0000 fitness= 78.0000 age=0
-->8--
         20      12 
      1       9      10
     16      19      24 
  5      13       4      14
 15      11       8      22
     18      23       6 
      2      17       3
          7      21 
--8<--
found: sum= 81.0000 var=  0.0000 fitness= 81.0000 age=0
-->8--
         18       9 
      8      12      19
     17       2      23 
  1      24      16       7
 13       4      21       3
     22      14      11 
      6      20       5
         15      10 
--8<--
found: sum= 78.0000 var=  0.0000 fitness= 78.0000 age=0
-->8--
          2       5 
     22      10      17
     11      18      24 
  3      15       4      12
 19       7      14       8
     23      20      16 
      1       6       9
         21      13 
--8<--
found: sum= 74.0000 var=  0.0000 fitness= 74.0000 age=0
-->8--
          6      12 
     16      11       9
      3      15      19 
 24      23       8       4
 18       1       7      14
      5      20      22 
     21      10       2
         17      13 
--8<--
found: sum= 81.0000 var=  0.0000 fitness= 81.0000 age=0
-->8--
         11      10 
      4      18       9
     23       6      21 
  2      19      17      15
  1      12      20       3
     24       7       5 
      8      14      13
         16      22 
--8<--
found: sum= 82.0000 var=  0.0000 fitness= 82.0000 age=0
-->8--
          1       6 
      4      13      18
     22      19      14 
  8      23      12      15
 10       2       5      16
     17      21      20 
     11      24       3
          7       9 
--8<--
found: sum= 73.0000 var=  0.0000 fitness= 73.0000 age=0
-->8--
         10       2 
     22      18      14
      1       3      13 
  9      19      23       6
 15       8       4      20
     21      16       7 
     12       5      17
         11      24 
--8<--
found: sum= 75.0000 var=  0.0000 fitness= 75.0000 age=0
-->8--
          3       7 
     10      24       4
      5      12      20 
 23      21       8      19
  2      15       1      16
      9      18      11 
     13       6      17
         14      22 
--8<--
found: sum= 79.0000 var=  0.0000 fitness= 79.0000 age=0
-->8--
         12      20 
      3      19      17
     24       5      11 
  2      16       7       9
  8      23      18      13
      6      10      21 
     22      14       1
          4      15 
--8<--
found: sum= 79.0000 var=  0.0000 fitness= 79.0000 age=0
-->8--
          4      23 
     19       5      18
     20      10      17 
  1      21       6      11
 16       7      13       8
     14      22      24 
     12      15       3
          9       2 
--8<--
found: sum= 77.0000 var=  0.0000 fitness= 77.0000 age=0
-->8--
          7      15 
      1      10      17
     24      21       8 
  3      14       6      12
 11      23       9      20
      2       4      22 
     13      19      18
         16       5 
--8<--
found: sum= 80.0000 var=  0.0000 fitness= 80.0000 age=0
-->8--
          5       8 
      2      12       3
     18      24      20 
  6      19      13      15
 16      14       1      10
      7       9      21 
     11      22       4
         17      23 
--8<--
found: sum= 77.0000 var=  0.0000 fitness= 77.0000 age=0
-->8--
         19      11 
      3       5      24
     22       8      23 
  9      20       6      12
  1      18       4      17
      7      21      15 
     16      13      10
          2      14 
--8<--
found: sum= 80.0000 var=  0.0000 fitness= 80.0000 age=0
-->8--
          6       4 
     18       5       9
     21      20      19 
 14      10      23       3
  7      11       1      12
     17      15      22 
     13      16       2
          8      24 
--8<--
found: sum= 73.0000 var=  0.0000 fitness= 73.0000 age=0
-->8--
          9       6 
     18      22      21
      8       3       2 
 12      13      19       5
 24       1      20      23
     15      17       4 
     16      14       7
         10      11 
--8<--
found: sum= 71.0000 var=  0.0000 fitness= 71.0000 age=0
-->8--
         24      19 
     11      12      20
     15       2       8 
  3       7      10       1
 23      17      21      22
      6      14       9 
     13       5      18
         16       4 
--8<--
found: sum= 76.0000 var=  0.0000 fitness= 76.0000 age=0
-->8--
          1      19 
     21      14      12
     15       5      23 
  4      20       3      17
 13      16      22       2
      8      10       9 
     24      11       6
          7      18 
--8<--
found: sum= 81.0000 var=  0.0000 fitness= 81.0000 age=0
-->8--
         22       3 
      2      24       5
     11      12      23 
 18      10      14       8
  6      15      13       4
     21      17      19 
      1       7      16
         20       9 
--8<--
found: sum= 72.0000 var=  0.0000 fitness= 72.0000 age=0
-->8--
         18       4 
     16      13      12
      1      19       9 
 23       5      15       7
 11      22       3      17
     10       8      21 
      2       6      20
         24      14 
--8<--
found: sum= 80.0000 var=  0.0000 fitness= 80.0000 age=0
-->8--
          8       5 
     12      24       7
     21      14      10 
 16       1      20       2
 11      22       6      19
      9      17      23 
     15      13      18
          4       3 
--8<--
found: sum= 71.0000 var=  0.0000 fitness= 71.0000 age=0
-->8--
          1       2 
     23       4      20
      8      22       7 
 18      13      16      10
 21       5       3      24
      6      12      11 
     14      19       9
         15      17 
--8<--
found: sum= 78.0000 var=  0.0000 fitness= 78.0000 age=0
-->8--
         17       2 
     13       6      16
     24      15      20 
 18       3      19       4
 11      14       5      21
      8      22       9 
      1      23       7
         10      12 
--8<--
found: sum= 73.0000 var=  0.0000 fitness= 73.0000 age=0
-->8--
         18       8 
     23      11      14
     13       1      15 
 12       7      24       6
 20      16       4      22
      5      21       2 
      9      19      10
          3      17 
--8<--
found: sum= 76.0000 var=  0.0000 fitness= 76.0000 age=0
-->8--
         20       5 
      3      21       7
     10      18      14 
  8       4      11       6
 13      19       9      24
     22      15      12 
      2       1      16
         17      23 
--8<--
found: sum= 79.0000 var=  0.0000 fitness= 79.0000 age=0
-->8--
          6       1 
     19       9      21
     18      20      16 
  2       7      12       4
 15      13      22       8
     24       5      17 
     23      11      10
          3      14 
--8<--
found: sum= 76.0000 var=  0.0000 fitness= 76.0000 age=0
-->8--
         15       6 
      3      19      16
      4      18       9 
 14      17       8      23
  5      12       1      22
     24      20      13 
      2      11      10
          7      21 
--8<--
found: sum= 76.0000 var=  0.0000 fitness= 76.0000 age=0
-->8--
         14      13 
      2       8       5
     12      22      24 
  1      18       4      23
 17       9      16       3
     19       7       6 
     10      11      15
         20      21 
--8<--
found: sum= 79.0000 var=  0.0000 fitness= 79.0000 age=0
-->8--
          1      11 
     14      18       3
     16      10      24 
  6      20      13       7
  5       9       8      15
     23      19      12 
     22       2      21
          4      17 
--8<--
found: sum= 78.0000 var=  0.0000 fitness= 78.0000 age=0
-->8--
         22      10 
      7      14      11
     12       3      24 
 17      20      16       2
  1      19      15      13
      9       5       8 
      4      23      21
         18       6 
--8<--
found: sum= 78.0000 var=  0.0000 fitness= 78.0000 age=0
-->8--
         20       7 
      1      23       4
      9      19      17 
 18       6       8      16
 10      21       2      11
     14      22      24 
     13       3      15
          5      12 
--8<--
found: sum= 70.0000 var=  0.0000 fitness= 70.0000 age=0
-->8--
         24      13 
      6       7      15
     20       5      16 
 12       8      14      11
 23       3      19       9
      4      21       1 
     22       2      17
         18      10 
--8<--
found: sum= 76.0000 var=  0.0000 fitness= 76.0000 age=0
-->8--
         11      20 
     15      24       2
     10       4       5 
 16      12      21      23
  9       7      18       3
     22      14       6 
     19      13      17
          1       8 
--8<--
found: sum= 79.0000 var=  0.0000 fitness= 79.0000 age=0
-->8--
          3       9 
     15      18      22
     14       6      13 
 12      23      11       1
  2       4      16      17
     24      19      21 
      7       5       8
         20      10 
--8<--
found: sum= 75.0000 var=  0.0000 fitness= 75.0000 age=0
-->8--
         21      11 
     15       6      13
     12      20       7 
 17       1      18       3
 16      10       2      23
     19      24      22 
      5       9       4
          8      14 
--8<--
found: sum= 73.0000 var=  0.0000 fitness= 73.0000 age=0
-->8--
          6      16 
     20       8       4
     14      15      19 
 23      10      11       1
 17       2      13      24
      7      22       5 
      9      12      18
         21       3 
--8<--
found: sum= 78.0000 var=  0.0000 fitness= 78.0000 age=0
-->8--
          1       9 
     20      23      13
      6      16       3 
  5      12      14      19
 24      10      18       2
     21       8      22 
      7      15       4
         17      11 
--8<--
execution time: real 0.296089s user 0.205968s sys 0.001999s
GA: P=1024 K=512 sp=2 xover=2D/1 aging
generation #2: pop m= 76.775 v=0.205 f= 74.721
best: found: sum= 83.0000 var=  0.0000 fitness= 83.0000 age=1
-->8--
         10       5 
      9      23       4
     20      13      22 
 11       8      16       3
  6      24      21       2
     14       1      19 
     12      17      18
         15       7 
--8<--
found: sum= 78.0000 var=  0.0000 fitness= 78.0000 age=1
-->8--
         17       2 
     13       6      16
     24      15      20 
 18       3      19       4
 11      14       5      21
      8      22       9 
      1      23       7
         10      12 
--8<--
found: sum= 75.0000 var=  0.0000 fitness= 75.0000 age=1
-->8--
         18       6 
      1       4      13
     12      24      20 
  9      16       8       5
 11      10       2      21
     17      15      19 
      7       3      14
         23      22 
--8<--
found: sum= 79.0000 var=  0.0000 fitness= 79.0000 age=2
-->8--
          7      11 
     10      24      14
     23       2      19 
  6      13       9      20
 12      22      18       8
      3      15       5 
     17      21      16
          1       4 
--8<--
found: sum= 78.0000 var=  0.0000 fitness= 78.0000 age=2
-->8--
          1       5 
     12       8      16
     24      10      22 
  9      23      17      11
  2       6       3       7
     14      19      18 
     15       4      21
         20      13 
--8<--
found: sum= 76.0000 var=  0.0000 fitness= 76.0000 age=2
-->8--
         23      13 
      3       8       1
      6      24      20 
  7      12      10      18
 21      11       4       2
     19      15      22 
     17       5      14
          9      16 
--8<--
found: sum= 81.0000 var=  0.0000 fitness= 81.0000 age=1
-->8--
          3      10 
     18      24       8
     15       4      16 
 11      17      19      22
  5      20       9       1
     13      12      14 
      7      23      21
          6       2 
--8<--
found: sum= 76.0000 var=  0.0000 fitness= 76.0000 age=1
-->8--
         15       6 
      3      19      16
      4      18       9 
 14      17       8      23
  5      12       1      22
     24      20      13 
      2      11      10
          7      21 
--8<--
found: sum= 81.0000 var=  0.0000 fitness= 81.0000 age=1
-->8--
         22       3 
      2      24       5
     11      12      23 
 18      10      14       8
  6      15      13       4
     21      17      19 
      1       7      16
         20       9 
--8<--
found: sum= 79.0000 var=  0.0000 fitness= 79.0000 age=1
-->8--
          4      23 
     19       5      18
     20      10      17 
  1      21       6      11
 16       7      13       8
     14      22      24 
     12      15       3
          9       2 
--8<--
found: sum= 78.0000 var=  0.0000 fitness= 78.0000 age=2
-->8--
          1      15 
     18      23       3
     17      11       2 
 13       8      24       7
 19       5      21      14
     16       9      10 
      6      22       4
         20      12 
--8<--
found: sum= 81.0000 var=  0.0000 fitness= 81.0000 age=1
-->8--
         18       9 
      8      12      19
     17       2      23 
  1      24      16       7
 13       4      21       3
     22      14      11 
      6      20       5
         15      10 
--8<--
found: sum= 78.0000 var=  0.0000 fitness= 78.0000 age=1
-->8--
          2       5 
     22      10      17
     11      18      24 
  3      15       4      12
 19       7      14       8
     23      20      16 
      1       6       9
         21      13 
--8<--
found: sum= 76.0000 var=  0.0000 fitness= 76.0000 age=1
-->8--
         20       5 
      3      21       7
     10      18      14 
  8       4      11       6
 13      19       9      24
     22      15      12 
      2       1      16
         17      23 
--8<--
found: sum= 76.0000 var=  0.0000 fitness= 76.0000 age=2
-->8--
          7       1 
     10       2      20
     12      21      18 
  4      24      14       5
 13       8       3      19
     15       6      17 
      9      16      11
         22      23 
--8<--
found: sum= 80.0000 var=  0.0000 fitness= 80.0000 age=1
-->8--
          6       4 
     18       5       9
     21      20      19 
 14      10      23       3
  7      11       1      12
     17      15      22 
     13      16       2
          8      24 
--8<--
found: sum= 77.0000 var=  0.0000 fitness= 77.0000 age=2
-->8--
          3      11 
      5      21       9
     12      20      15 
 17      16       1      24
  2      22      14      13
      8       4      10 
      6      19      23
         18       7 
--8<--
found: sum= 78.0000 var=  0.0000 fitness= 78.0000 age=1
-->8--
         22      10 
      7      14      11
     12       3      24 
 17      20      16       2
  1      19      15      13
      9       5       8 
      4      23      21
         18       6 
--8<--
found: sum= 73.0000 var=  0.0000 fitness= 73.0000 age=1
-->8--
         18       8 
     23      11      14
     13       1      15 
 12       7      24       6
 20      16       4      22
      5      21       2 
      9      19      10
          3      17 
--8<--
found: sum= 78.0000 var=  0.0000 fitness= 78.0000 age=1
-->8--
         20      12 
      1       9      10
     16      19      24 
  5      13       4      14
 15      11       8      22
     18      23       6 
      2      17       3
          7      21 
--8<--
found: sum= 82.0000 var=  0.0000 fitness= 82.0000 age=1
-->8--
          1       6 
      4      13      18
     22      19      14 
  8      23      12      15
 10       2       5      16
     17      21      20 
     11      24       3
          7       9 
--8<--
found: sum= 74.0000 var=  0.0000 fitness= 74.0000 age=2
-->8--
         24      17 
     12       5      13
     19       4      20 
  9      10      15       3
 11      23      21       7
      2       1       8 
     14      16      22
         18       6 
--8<--
found: sum= 76.0000 var=  0.0000 fitness= 76.0000 age=1
-->8--
         11      20 
     15      24       2
     10       4       5 
 16      12      21      23
  9       7      18       3
     22      14       6 
     19      13      17
          1       8 
--8<--
found: sum= 76.0000 var=  0.0000 fitness= 76.0000 age=2
-->8--
         19      23 
      2      11      18
     22       1      20 
 14      21       3      12
  4      10      17      15
      5      24       9 
     16      13       7
          8       6 
--8<--
found: sum= 81.0000 var=  0.0000 fitness= 81.0000 age=2
-->8--
         16      10 
      2      22      15
     18       4      13 
 21      19      17      11
  3      12       6      14
      8      23      20 
      5      24       7
          9       1 
--8<--
found: sum= 76.0000 var=  0.0000 fitness= 76.0000 age=1
-->8--
         14      13 
      2       8       5
     12      22      24 
  1      18       4      23
 17       9      16       3
     19       7       6 
     10      11      15
         20      21 
--8<--
found: sum= 76.0000 var=  0.0000 fitness= 76.0000 age=1
-->8--
          2       3 
     22       9      13
      6      16      24 
 10      21      11       5
 14       7      20      12
     18       1       4 
     23      19      15
          8      17 
--8<--
found: sum= 80.0000 var=  0.0000 fitness= 80.0000 age=1
-->8--
          4       7 
     20      13       2
      6      23      19 
 22      14      16      12
 11       3      15       1
     24       9      17 
      5      21       8
         18      10 
--8<--
found: sum= 74.0000 var=  0.0000 fitness= 74.0000 age=1
-->8--
         19      11 
     21       2      20
     13      10      23 
  1       9       8      22
 17      18      14       3
     16      15       4 
      6      12       5
          7      24 
--8<--
found: sum= 78.0000 var=  0.0000 fitness= 78.0000 age=1
-->8--
         20       7 
      1      23       4
      9      19      17 
 18       6       8      16
 10      21       2      11
     14      22      24 
     13       3      15
          5      12 
--8<--
found: sum= 78.0000 var=  0.0000 fitness= 78.0000 age=1
-->8--
         18      19 
      2       4       5
     16      23      24 
 20      15       3       7
  1       9      22      14
     17       6       8 
     13      21      11
         12      10 
--8<--
found: sum= 77.0000 var=  0.0000 fitness= 77.0000 age=1
-->8--
          7      15 
      1      10      17
     24      21       8 
  3      14       6      12
 11      23       9      20
      2       4      22 
     13      19      18
         16       5 
--8<--
found: sum= 71.0000 var=  0.0000 fitness= 71.0000 age=1
-->8--
         24      19 
     11      12      20
     15       2       8 
  3       7      10       1
 23      17      21      22
      6      14       9 
     13       5      18
         16       4 
--8<--
found: sum= 80.0000 var=  0.0000 fitness= 80.0000 age=1
-->8--
          5       8 
      2      12       3
     18      24      20 
  6      19      13      15
 16      14       1      10
      7       9      21 
     11      22       4
         17      23 
--8<--
found: sum= 78.0000 var=  0.0000 fitness= 78.0000 age=2
-->8--
          1      11 
      6      23       7
     22      10       9 
 14      16      18      12
  8      15       2      24
      3      17      13 
      4      20       5
         19      21 
--8<--
found: sum= 78.0000 var=  0.0000 fitness= 78.0000 age=2
-->8--
         11       1 
     12      19      10
      2      18      22 
 23      16       8      15
  3      21       9       4
     13       6      20 
      7      14       5
         17      24 
--8<--
found: sum= 74.0000 var=  0.0000 fitness= 74.0000 age=2
-->8--
         16       2 
     24       1      20
      7      14      22 
  9      12      15       5
 23      10       6      18
     13      17       8 
      4      19      21
         11       3 
--8<--
found: sum= 75.0000 var=  0.0000 fitness= 75.0000 age=2
-->8--
         11      16 
     10      24       5
      7      20       4 
 12       3       6      13
  8      23      21      14
     22       2      17 
      9       1      19
         18      15 
--8<--
found: sum= 75.0000 var=  0.0000 fitness= 75.0000 age=2
-->8--
         24      10 
     22       4      11
      3      13      21 
 15       9      16       1
 12      17       6       8
     19      14      23 
      2       5      20
         18       7 
--8<--
found: sum= 74.0000 var=  0.0000 fitness= 74.0000 age=2
-->8--
         19      11 
     21       2      20
     13      10      23 
  1       9       8      22
 17      18      14       3
     16      15       4 
      6      12       5
          7      24 
--8<--
found: sum= 80.0000 var=  0.0000 fitness= 80.0000 age=2
-->8--
          3       6 
     14      24       5
     21      16      12 
 22       2      17       4
  7      13       9      20
     15      23      18 
      8      10      19
         11       1 
--8<--
found: sum= 73.0000 var=  0.0000 fitness= 73.0000 age=1
-->8--
          9       6 
     18      22      21
      8       3       2 
 12      13      19       5
 24       1      20      23
     15      17       4 
     16      14       7
         10      11 
--8<--
found: sum= 74.0000 var=  0.0000 fitness= 74.0000 age=1
-->8--
          6      12 
     16      11       9
      3      15      19 
 24      23       8       4
 18       1       7      14
      5      20      22 
     21      10       2
         17      13 
--8<--
found: sum= 71.0000 var=  0.0000 fitness= 71.0000 age=2
-->8--
         20       8 
     18       1      22
     21       2      15 
  7       9      23       5
 16      14       6      19
      4      17       3 
     13      11      10
         12      24 
--8<--
found: sum= 75.0000 var=  0.0000 fitness= 75.0000 age=1
-->8--
         19      12 
      8      23      11
      3       4       1 
 22      18      24      20
  2      13       6       9
     17      10      15 
     14      16       7
          5      21 
--8<--
found: sum= 74.0000 var=  0.0000 fitness= 74.0000 age=2
-->8--
         24       9 
      1      14      23
     10       4      22 
 17      21       2      19
  3      16      11      15
      7      20       5 
      6      12       8
         13      18 
--8<--
found: sum= 79.0000 var=  0.0000 fitness= 79.0000 age=1
-->8--
         12      20 
      3      19      17
     24       5      11 
  2      16       7       9
  8      23      18      13
      6      10      21 
     22      14       1
          4      15 
--8<--
found: sum= 80.0000 var=  0.0000 fitness= 80.0000 age=2
-->8--
          2      16 
      6      17      10
     24       8      22 
  1      23       7      14
  9       4      20      12
     19      18       5 
     11      13      21
         15       3 
--8<--
found: sum= 81.0000 var=  0.0000 fitness= 81.0000 age=2
-->8--
          3      19 
      9      24       7
     23       4      16 
  8      18      11       1
  6      21      14      22
      5      13      17 
     10      20       2
         12      15 
--8<--
found: sum= 76.0000 var=  0.0000 fitness= 76.0000 age=1
-->8--
          1      21 
     22       9       4
     10      19      20 
 18      15       3       6
 11      14      23       7
      8       2      17 
     24      16       5
         12      13 
--8<--
found: sum= 75.0000 var=  0.0000 fitness= 75.0000 age=1
-->8--
         21      11 
     15       6      13
     12      20       7 
 17       1      18       3
 16      10       2      23
     19      24      22 
      5       9       4
          8      14 
--8<--
found: sum= 77.0000 var=  0.0000 fitness= 77.0000 age=2
-->8--
         19       9 
      1      13      18
     22       2      11 
 17      20      24      15
  7       3       5      12
      8      23      10 
      6      21       4
         16      14 
--8<--
found: sum= 73.0000 var=  0.0000 fitness= 73.0000 age=1
-->8--
         10       2 
     22      18      14
      1       3      13 
  9      19      23       6
 15       8       4      20
     21      16       7 
     12       5      17
         11      24 
--8<--
found: sum= 73.0000 var=  0.0000 fitness= 73.0000 age=1
-->8--
          6      16 
     20       8       4
     14      15      19 
 23      10      11       1
 17       2      13      24
      7      22       5 
      9      12      18
         21       3 
--8<--
found: sum= 76.0000 var=  0.0000 fitness= 76.0000 age=2
-->8--
          6      18 
     23      16       7
      8      12      20 
 10      11       3      13
 21       9      22       4
     17      19      14 
     24       5       1
          2      15 
--8<--
found: sum= 79.0000 var=  0.0000 fitness= 79.0000 age=2
-->8--
          7       1 
      5      18      19
     23      11      13 
 12      15      17      16
  6      14      20       3
      9       2      10 
     24      22      21
          8       4 
--8<--
found: sum= 78.0000 var=  0.0000 fitness= 78.0000 age=2
-->8--
          8       9 
      3      13      19
     24      12       4 
 15      18      21       2
  5       6      20      14
     10       1      17 
     23      22      11
         16       7 
--8<--
found: sum= 71.0000 var=  0.0000 fitness= 71.0000 age=2
-->8--
         13       4 
     11      24      23
      8       1      10 
 18      14       9       7
 17      12      19      21
      2      16       5 
     15       6       3
         20      22 
--8<--
found: sum= 76.0000 var=  0.0000 fitness= 76.0000 age=1
-->8--
          1      19 
     21      14      12
     15       5      23 
  4      20       3      17
 13      16      22       2
      8      10       9 
     24      11       6
          7      18 
--8<--
found: sum= 81.0000 var=  0.0000 fitness= 81.0000 age=1
-->8--
         11      10 
      4      18       9
     23       6      21 
  2      19      17      15
  1      12      20       3
     24       7       5 
      8      14      13
         16      22 
--8<--
found: sum= 71.0000 var=  0.0000 fitness= 71.0000 age=1
-->8--
          1       2 
     23       4      20
      8      22       7 
 18      13      16      10
 21       5       3      24
      6      12      11 
     14      19       9
         15      17 
--8<--
found: sum= 72.0000 var=  0.0000 fitness= 72.0000 age=1
-->8--
         18       4 
     16      13      12
      1      19       9 
 23       5      15       7
 11      22       3      17
     10       8      21 
      2       6      20
         24      14 
--8<--
found: sum= 77.0000 var=  0.0000 fitness= 77.0000 age=2
-->8--
         20      14 
      1       6       2
     22      13      24 
  4      15      18       7
 12       5       9       8
     19      17      11 
     10       3      16
         23      21 
--8<--
found: sum= 74.0000 var=  0.0000 fitness= 74.0000 age=2
-->8--
          9      10 
     12      24       5
      4      11       2 
 15      14      22       6
 16       7       3      20
     18      17      21 
      8       1      19
         23      13 
--8<--
found: sum= 79.0000 var=  0.0000 fitness= 79.0000 age=1
-->8--
          3       9 
     15      18      22
     14       6      13 
 12      23      11       1
  2       4      16      17
     24      19      21 
      7       5       8
         20      10 
--8<--
found: sum= 73.0000 var=  0.0000 fitness= 73.0000 age=2
-->8--
         16       3 
     20      10      19
      7       5      14 
  1      15      22       8
 24      17       2       6
      9      12      21 
     13       4      11
         18      23 
--8<--
found: sum= 72.0000 var=  0.0000 fitness= 72.0000 age=2
-->8--
         18      20 
     11       3      12
     19      15       1 
 24       6      21       8
  4       9       5      23
     10      16      14 
      2      13       7
         22      17 
--8<--
found: sum= 70.0000 var=  0.0000 fitness= 70.0000 age=1
-->8--
         24      13 
      6       7      15
     20       5      16 
 12       8      14      11
 23       3      19       9
      4      21       1 
     22       2      17
         18      10 
--8<--
found: sum= 75.0000 var=  0.0000 fitness= 75.0000 age=2
-->8--
         24       5 
     15       7      18
      8       2      23 
 22      19      20       3
  9       1      12       6
     16      21      11 
     14      10      17
         13       4 
--8<--
found: sum= 76.0000 var=  0.0000 fitness= 76.0000 age=2
-->8--
          4       2 
     18      14      24
     11       9       8 
 17      20      19      15
 12      13       5       6
      3      10      23 
     22      21       1
          7      16 
--8<--
found: sum= 78.0000 var=  0.0000 fitness= 78.0000 age=1
-->8--
          1       9 
     20      23      13
      6      16       3 
  5      12      14      19
 24      10      18       2
     21       8      22 
      7      15       4
         17      11 
--8<--
found: sum= 80.0000 var=  0.0000 fitness= 80.0000 age=1
-->8--
          8       5 
     12      24       7
     21      14      10 
 16       1      20       2
 11      22       6      19
      9      17      23 
     15      13      18
          4       3 
--8<--
found: sum= 70.0000 var=  0.0000 fitness= 70.0000 age=1
-->8--
         22      20 
      1       7      21
     11       5      15 
 13      24       2      14
  4      10      17      16
      8      12       6 
     19       3       9
         18      23 
--8<--
found: sum= 79.0000 var=  0.0000 fitness= 79.0000 age=1
-->8--
          1      11 
     14      18       3
     16      10      24 
  6      20      13       7
  5       9       8      15
     23      19      12 
     22       2      21
          4      17 
--8<--
found: sum= 77.0000 var=  0.0000 fitness= 77.0000 age=1
-->8--
         19      11 
      3       5      24
     22       8      23 
  9      20       6      12
  1      18       4      17
      7      21      15 
     16      13      10
          2      14 
--8<--
found: sum= 70.0000 var=  0.0000 fitness= 70.0000 age=2
-->8--
          8      21 
     19      11       6
      1      18      10 
  3      13       4      14
 22      24       9      17
      7       2      16 
     20       5      15
         12      23 
--8<--
found: sum= 79.0000 var=  0.0000 fitness= 79.0000 age=1
-->8--
          6       1 
     19       9      21
     18      20      16 
  2       7      12       4
 15      13      22       8
     24       5      17 
     23      11      10
          3      14 
--8<--
found: sum= 79.0000 var=  0.0000 fitness= 79.0000 age=2
-->8--
         22       5 
      4      12      11
     20      14      21 
 13       7      16       9
 18      19      15       1
      2       8      17 
      3      23      10
         24       6 
--8<--
found: sum= 76.0000 var=  0.0000 fitness= 76.0000 age=2
-->8--
         15      23 
      6      16      17
     24      13       3 
 12       2       4       7
  9      18      19      22
     11      20      21 
      8       5      10
         14       1 
--8<--
found: sum= 75.0000 var=  0.0000 fitness= 75.0000 age=1
-->8--
          3       7 
     10      24       4
      5      12      20 
 23      21       8      19
  2      15       1      16
      9      18      11 
     13       6      17
         14      22 
--8<--
found: sum= 73.0000 var=  0.0000 fitness= 73.0000 age=2
-->8--
         19       4 
     24       2      17
      6      14      13 
 21       8      23       1
 20      11       5       9
      7      12      22 
     18      15       3
         10      16 
--8<--
