found: sum= 76.0000 var=  0.0000 fitness= 76.0000
-->8--
          3      12 
     18       1      14
     21      10      22 
  2      23      17      19
 13       6       4       9
     11      16       5 
     15      20       7
          8      24 
--8<--
found: sum= 77.0000 var=  0.0000 fitness= 77.0000
-->8--
         22       8 
     16       4       2
     10      18      21 
  9       7      24       1
 20      17       5       3
     14       6      23 
     12      13      19
         15      11 
--8<--
found: sum= 74.0000 var=  0.0000 fitness= 74.0000
-->8--
          5      16 
      6      21      15
     17       1       2 
 12      24      19      20
  3       8       4      22
     10      18       7 
     14      13       9
         11      23 
--8<--
found: sum= 74.0000 var=  0.0000 fitness= 74.0000
-->8--
         18      17 
     12      20      15
     13       3      10 
 11       8       9       4
  7      16      24      21
     19      14       6 
      1       2       5
         22      23 
--8<--
found: sum= 75.0000 var=  0.0000 fitness= 75.0000
-->8--
         19      14 
     18       4      23
     24       1      16 
  3       9      17       6
 20      11      22      12
      8      15       2 
      7      21       5
         13      10 
--8<--
found: sum= 79.0000 var=  0.0000 fitness= 79.0000
-->8--
         19      12 
     23      18      14
      9       2      20 
 10       8      13       6
 16      15      17       1
     21      24      22 
      3       5       7
         11       4 
--8<--
found: sum= 79.0000 var=  0.0000 fitness= 79.0000
-->8--
          1       6 
     20      21      12
     24       4      13 
 17       9      23       2
 11       3      22       5
     15      18      14 
     19       8       7
         16      10 
--8<--
found: sum= 74.0000 var=  0.0000 fitness= 74.0000
-->8--
         21       9 
     20       2      10
      6      14      24 
 22      11      15      23
  7      12       4       5
     16      18       3 
      1      19      13
          8      17 
--8<--
found: sum= 76.0000 var=  0.0000 fitness= 76.0000
-->8--
         18      16 
     19       2      21
     23       5      24 
 15       9       8       1
  3      12      20      17
     14      22       6 
     13      11       7
          4      10 
--8<--
found: sum= 76.0000 var=  0.0000 fitness= 76.0000
-->8--
          4      15 
      1      17      16
     23      11      14 
 10      20       3       2
  6       8      21      24
      9      13      12 
     22       5       7
         19      18 
--8<--
found: sum= 77.0000 var=  0.0000 fitness= 77.0000
-->8--
          3       7 
      6      24      18
     19      23       1 
 12       2       4      21
 10      20      13      22
     14      15      16 
      8      11       5
          9      17 
--8<--
found: sum= 78.0000 var=  0.0000 fitness= 78.0000
-->8--
         13      23 
      2      14       3
     20       5      21 
 11      24      12       1
  8       6      15      10
      9      16      19 
     22       7       4
         18      17 
--8<--
found: sum= 75.0000 var=  0.0000 fitness= 75.0000
-->8--
         18      21 
      8      22       5
     16       1      12 
  6      10      14       2
 23      13      20      24
      7      17       3 
     19      15       9
          4      11 
--8<--
found: sum= 75.0000 var=  0.0000 fitness= 75.0000
-->8--
          4      16 
      7       3      18
     23      21       9 
  6      17       8      24
  1      15       2      10
     13      12      22 
     11       5      14
         19      20 
--8<--
found: sum= 77.0000 var=  0.0000 fitness= 77.0000
-->8--
          2       3 
      7      17      12
     24      14      16 
  8      13      15      10
  5      23      11      19
      4       1       6 
      9      18      20
         22      21 
--8<--
found: sum= 80.0000 var=  0.0000 fitness= 80.0000
-->8--
         10       2 
      5      16       9
     13      24      15 
  8      12      14       3
 19      17       6      20
     11       7      22 
      4      23       1
         18      21 
--8<--
found: sum= 72.0000 var=  0.0000 fitness= 72.0000
-->8--
         19      13 
     17       2      10
      5      22      21 
 16       7       4      23
 12      18       1       8
     14      20      15 
     11       3       9
          6      24 
--8<--
found: sum= 76.0000 var=  0.0000 fitness= 76.0000
-->8--
         22       2 
      1      24      10
      9       7      17 
 11      13      16      15
 18       5      21       3
     20      14       4 
     19       6       8
         12      23 
--8<--
found: sum= 72.0000 var=  0.0000 fitness= 72.0000
-->8--
         20       7 
      5       8      12
      4      16      23 
 13      19       6       2
 17      18      10      22
      1       3       9 
     14      15      24
         21      11 
--8<--
found: sum= 75.0000 var=  0.0000 fitness= 75.0000
-->8--
          2      19 
      6      24      18
     20       8       5 
  4      15       1      21
 11      12      22      23
     13      17       3 
     14      10       7
          9      16 
--8<--
found: sum= 72.0000 var=  0.0000 fitness= 72.0000
-->8--
         17      20 
     21      11      19
     18       2       5 
  1       3      15      14
 16      22      23       9
     12       7       6 
     13       8      24
         10       4 
--8<--
found: sum= 75.0000 var=  0.0000 fitness= 75.0000
-->8--
         15      14 
     20       8      22
     12      16       5 
  7       4      10      13
 11      18      24      17
     23       3       6 
      9      21      19
          1       2 
--8<--
found: sum= 76.0000 var=  0.0000 fitness= 76.0000
-->8--
          2       9 
      5      10      20
     22      23       3 
  8      14      11      19
 13      15       7      12
      4       6      24 
     18      17      21
         16       1 
--8<--
found: sum= 78.0000 var=  0.0000 fitness= 78.0000
-->8--
          5      19 
     22       6      21
     17      10      20 
  1      18       2      13
 12      14      11       8
     16      23      24 
      3       7       4
         15       9 
--8<--
found: sum= 79.0000 var=  0.0000 fitness= 79.0000
-->8--
         14       8 
     10      21      22
     18      15       6 
  4       1       7       9
 16      17      20      13
     23      19      24 
     12       3       2
          5      11 
--8<--
found: sum= 77.0000 var=  0.0000 fitness= 77.0000
-->8--
         23      18 
      6      22       5
     21       1      16 
 19       4      15      12
  7      24      13      11
      2      20      10 
      8      14       3
          9      17 
--8<--
found: sum= 79.0000 var=  0.0000 fitness= 79.0000
-->8--
          5      16 
     24       2      11
     20      19      18 
 14       9      13       3
  1      23       8      15
     12       7      22 
     10      21      17
          6       4 
--8<--
found: sum= 78.0000 var=  0.0000 fitness= 78.0000
-->8--
         13       3 
      1      22      20
     14       7       2 
 11      21      24      19
  9       6      16       5
     17       4      12 
     10      23      15
         18       8 
--8<--
found: sum= 74.0000 var=  0.0000 fitness= 74.0000
-->8--
         23      10 
     22      18      11
      6       2      21 
 15       3      12       4
 20      14      24       5
     16      19       8 
      7       1      13
         17       9 
--8<--
found: sum= 76.0000 var=  0.0000 fitness= 76.0000
-->8--
          9      24 
     17      18       1
      5       4      15 
 13      23      14      12
 10       6      21      11
     19       8       3 
     16      20       2
          7      22 
--8<--
found: sum= 77.0000 var=  0.0000 fitness= 77.0000
-->8--
         15      17 
     20       8      18
     21       1      14 
  6      12      19       3
 13      16      24       7
      9       5      10 
      2      23      11
         22       4 
--8<--
found: sum= 76.0000 var=  0.0000 fitness= 76.0000
-->8--
         15       5 
      3      24      12
      2      22       9 
 13      10       4      23
 19      18      21       8
     14       1      11 
     17      20       7
          6      16 
--8<--
found: sum= 73.0000 var=  0.0000 fitness= 73.0000
-->8--
         23       7 
     24       1      20
      4       9      21 
  8      12      15       5
 13      17      14      16
     19       6       2 
      3      18      22
         10      11 
--8<--
found: sum= 72.0000 var=  0.0000 fitness= 72.0000
-->8--
         23       9 
     14       4      24
      8       3      22 
  5      20      10       2
 15      17      16      21
      7       6       1 
     11      18      12
         13      19 
--8<--
found: sum= 76.0000 var=  0.0000 fitness= 76.0000
-->8--
         23      11 
     19      12      14
      9       3      20 
 13      10      16       6
 15      21      22       5
      8       4       7 
     18      24       2
          1      17 
--8<--
found: sum= 80.0000 var=  0.0000 fitness= 80.0000
-->8--
          5      10 
      3      20      11
     13      21       6 
  9      18      12      15
  4      14       7      17
     22       8      23 
     19      16       2
          1      24 
--8<--
found: sum= 82.0000 var=  0.0000 fitness= 82.0000
-->8--
          4       1 
      6      20      13
     17      16      14 
  9      19      18       3
 12       2      22      10
     23       5      15 
     24      21       8
          7      11 
--8<--
execution time: real 0.126881s user 0.007998s sys 0.004999s
GA: P=50 K=10 sp=2 xover=2D/1 optrpl=2 optskip=10 optmax=1.142857
generation #129: pop m= 77.611 v= 47.872 f= 54.504 best_age=1
best: found: sum= 82.0000 var=  0.0000 fitness= 82.0000
-->8--
          4       1 
      6      20      13
     17      16      14 
  9      19      18       3
 12       2      22      10
     23       5      15 
     24      21       8
          7      11 
--8<--
