found: sum= 76.0000 var=  0.0000 fitness= 76.0000 age=0
-->8--
          5      18 
     20      10       1
      6      23      17 
 11      12       7       8
 24      19      13       9
      4       2      22 
     16      21      15
         14       3 
--8<--
found: sum= 80.0000 var=  0.0000 fitness= 80.0000 age=0
-->8--
         11       9 
     17      24       7
     13       5      12 
 20      10      23       1
  3      18      22       8
     16       2      14 
     19      21      15
          4       6 
--8<--
found: sum= 73.0000 var=  0.0000 fitness= 73.0000 age=0
-->8--
         13      19 
     10       7       6
     17      22       3 
 20       4      16      21
 11      12       1       8
      9      18      24 
     15       5       2
         14      23 
--8<--
found: sum= 79.0000 var=  0.0000 fitness= 79.0000 age=0
-->8--
          2      13 
     10      18       3
     24       8      23 
 16      17      14       5
  4      11       9       6
      7      20      22 
     19       1      12
         21      15 
--8<--
found: sum= 77.0000 var=  0.0000 fitness= 77.0000 age=0
-->8--
         16      10 
     23       6      13
     22       9      21 
  2       1      18       4
  8      20      15      12
     24      14       7 
      3       5      19
         11      17 
--8<--
found: sum= 73.0000 var=  0.0000 fitness= 73.0000 age=0
-->8--
         14       4 
     20       1      18
      2      24      23 
 11      12       3      21
 17       9       6      13
     22      19       7 
      8      10      16
          5      15 
--8<--
found: sum= 75.0000 var=  0.0000 fitness= 75.0000 age=0
-->8--
         24      16 
      2      12       1
     11      22      19 
 23       4       5      21
  7      17       9      15
     13      18       6 
      3      14       8
         10      20 
--8<--
found: sum= 76.0000 var=  0.0000 fitness= 76.0000 age=0
-->8--
          7      24 
     18      14       3
     10      19      11 
  9       8       5       1
 22       6      23      16
     21      15      20 
     13       4       2
         17      12 
--8<--
found: sum= 75.0000 var=  0.0000 fitness= 75.0000 age=0
-->8--
         16      12 
      8       7       6
      2      23      17 
  3      19      10      15
 14      13       9      20
     24       1       4 
     11      21      22
          5      18 
--8<--
found: sum= 74.0000 var=  0.0000 fitness= 74.0000 age=0
-->8--
          3      19 
     10       9       4
     23      21      14 
 22       8       7      12
 15       5      13      11
      1      20      17 
     18       6      16
         24       2 
--8<--
found: sum= 74.0000 var=  0.0000 fitness= 74.0000 age=0
-->8--
         16      21 
      3      23       1
      8      19       6 
 12       5       4      13
 18      17      22      20
     14       7       9 
     11      10      24
         15       2 
--8<--
found: sum= 71.0000 var=  0.0000 fitness= 71.0000 age=0
-->8--
         14      10 
     24       5      20
      6      13      12 
 18       9      11       3
 16      21      15       7
      1       2      23 
     22       8      19
         17       4 
--8<--
found: sum= 76.0000 var=  0.0000 fitness= 76.0000 age=0
-->8--
          2       7 
      1      21      11
     10      19       6 
 17      23      12      13
  8       3       5      16
     15      14      24 
     22       4      20
         18       9 
--8<--
found: sum= 76.0000 var=  0.0000 fitness= 76.0000 age=0
-->8--
         23       5 
      2       4      19
     24      11      20 
  3      12      17       7
 22       6      16       1
      9      14      15 
     18       8      13
         21      10 
--8<--
found: sum= 70.0000 var=  0.0000 fitness= 70.0000 age=0
-->8--
         20      21 
      1       3      12
     18      11      14 
  8      17       9      19
 16       5       4      22
      6      24       2 
     13       7      10
         15      23 
--8<--
found: sum= 74.0000 var=  0.0000 fitness= 74.0000 age=0
-->8--
         19      14 
     16      10      21
     13       1      20 
 12      15       8       4
  7      24       9      11
      3      17      22 
     23       2      18
          5       6 
--8<--
found: sum= 72.0000 var=  0.0000 fitness= 72.0000 age=0
-->8--
         11      16 
      7      10       6
     15      12      19 
 14      17       9       5
 21       4       8      18
      1      22      13 
     23       2      24
         20       3 
--8<--
found: sum= 79.0000 var=  0.0000 fitness= 79.0000 age=0
-->8--
          3       2 
      8      18      19
     24       4      23 
  5      22      13      15
 10       6      20       7
     12      14       1 
      9      17      11
         21      16 
--8<--
found: sum= 74.0000 var=  0.0000 fitness= 74.0000 age=0
-->8--
          9      20 
     19      10      13
      8       4      11 
  7      24      16       3
 12      22       6      15
      1       2      23 
     18      17      21
         14       5 
--8<--
found: sum= 78.0000 var=  0.0000 fitness= 78.0000 age=0
-->8--
         24       4 
      6      20       3
     11      16      17 
 19       1      18       2
  9      23       7      12
     15      13      22 
     14       5      10
          8      21 
--8<--
found: sum= 70.0000 var=  0.0000 fitness= 70.0000 age=0
-->8--
         24      19 
     17       2       3
      1      16      18 
 21      10      12       7
 13      20       4      14
      5       8      15 
      6       9      23
         22      11 
--8<--
found: sum= 81.0000 var=  0.0000 fitness= 81.0000 age=0
-->8--
          9      15 
      6      13       2
     20      21      23 
  1      12       7       3
 18      11       8      24
     19      22      16 
     10      14       4
          5      17 
--8<--
found: sum= 77.0000 var=  0.0000 fitness= 77.0000 age=0
-->8--
          1      17 
     15       4       2
     24      20      22 
  7      13      12      14
 19       5      11      10
      9      16       8 
     23      18       3
          6      21 
--8<--
found: sum= 79.0000 var=  0.0000 fitness= 79.0000 age=0
-->8--
          8       7 
     15      13      16
     24      17      14 
 11       2      12       9
  1      20      18      22
     21      10       4 
      3      19      23
          6       5 
--8<--
found: sum= 81.0000 var=  0.0000 fitness= 81.0000 age=0
-->8--
         15      21 
      3      24       1
     23       5      18 
 19      11      12       7
  2      22      14      10
      4      17      20 
      9      16       8
         13       6 
--8<--
found: sum= 79.0000 var=  0.0000 fitness= 79.0000 age=0
-->8--
          8       9 
      3      24      20
     18      12      13 
 15      14       1       4
  7      19      17      21
      6      16      23 
     22      11      10
          5       2 
--8<--
found: sum= 80.0000 var=  0.0000 fitness= 80.0000 age=0
-->8--
         20      12 
     10      17       1
     19       3      24 
 18      11      23       8
  4      22       7       5
      6      14      13 
      2      21      16
         15       9 
--8<--
found: sum= 76.0000 var=  0.0000 fitness= 76.0000 age=0
-->8--
          1       6 
     17      18       7
      2      16      15 
 11      22      14      20
 21       8      13       5
     12       3       9 
     19      24       4
         10      23 
--8<--
found: sum= 75.0000 var=  0.0000 fitness= 75.0000 age=0
-->8--
          5       6 
     17       4       9
      7      22      24 
 16      20      10      11
 19       1      14       3
     12       8      13 
     21      15       2
         18      23 
--8<--
found: sum= 81.0000 var=  0.0000 fitness= 81.0000 age=0
-->8--
          1       2 
     16      24      19
     20      17      11 
 13       3       8       7
 12      10      22      15
     23      21      18 
      4       9       6
         14       5 
--8<--
found: sum= 79.0000 var=  0.0000 fitness= 79.0000 age=0
-->8--
          4       8 
     11      12      14
     24      15      20 
 16      13      10       3
  2      17      19      18
      7       5       9 
      6      23      22
         21       1 
--8<--
found: sum= 74.0000 var=  0.0000 fitness= 74.0000 age=0
-->8--
          6       7 
     16      22       9
      2      20      11 
 21       8       5      12
 24       1      23      10
     18      17      13 
     19       4       3
         15      14 
--8<--
found: sum= 78.0000 var=  0.0000 fitness= 78.0000 age=0
-->8--
         21       8 
      4      17      19
     24       5      13 
 14       7      16      23
  3      18      10       1
     12      22      15 
     11       9       2
          6      20 
--8<--
found: sum= 78.0000 var=  0.0000 fitness= 78.0000 age=0
-->8--
         24       8 
      2      15      22
     23       3       9 
  4      11      21      16
  1      20       6      12
     19      17      14 
      7      10      13
          5      18 
--8<--
found: sum= 73.0000 var=  0.0000 fitness= 73.0000 age=0
-->8--
         23      20 
     10      14       1
     17       7      19 
 11       2      12       3
 15      22      21      13
      6       9       5 
      8       4      18
         24      16 
--8<--
found: sum= 75.0000 var=  0.0000 fitness= 75.0000 age=0
-->8--
         17      12 
     16       4       9
      6       8      23 
 14      24      19      20
 13       7       2       1
     11      15      10 
     18      21      22
          3       5 
--8<--
found: sum= 79.0000 var=  0.0000 fitness= 79.0000 age=0
-->8--
          9      10 
     24      13      12
     14       4      22 
  8      15      18       2
  5      20       3      11
     17      19      23 
     16       6       7
          1      21 
--8<--
found: sum= 76.0000 var=  0.0000 fitness= 76.0000 age=0
-->8--
         24       3 
     11      10      21
     14      15       9 
 12       2      18       7
 13      16      17      20
     19       8       5 
      4      23      22
          6       1 
--8<--
found: sum= 80.0000 var=  0.0000 fitness= 80.0000 age=0
-->8--
         18      23 
     10      21       2
     20       5      14 
 22       6      15       7
  1      19      24       4
     12      11      16 
     13      17       9
          8       3 
--8<--
found: sum= 76.0000 var=  0.0000 fitness= 76.0000 age=0
-->8--
          1       7 
     24      10      18
     15      12       8 
  9      14      21       5
 23       4       3      20
     11      22      19 
     16      17      13
          6       2 
--8<--
found: sum= 72.0000 var=  0.0000 fitness= 72.0000 age=0
-->8--
          4      21 
     16      17       7
     24       3      11 
  9       8      13      14
  6      23      15      18
      2      10       1 
     20       5      22
         12      19 
--8<--
found: sum= 73.0000 var=  0.0000 fitness= 73.0000 age=0
-->8--
          5      24 
      9      15       1
     21       4      11 
 12      19      18      17
  8       3       7      14
     10      22       6 
     20       2      23
         16      13 
--8<--
found: sum= 83.0000 var=  0.0000 fitness= 83.0000 age=0
-->8--
          6       8 
      5      23       4
     13      20      19 
 11      16       9       2
 12       7      21      18
     24      10      14 
      3      22      15
         17       1 
--8<--
found: sum= 80.0000 var=  0.0000 fitness= 80.0000 age=0
-->8--
          8      11 
      1      24      19
     16      18       5 
 14      13       3       6
 10      15      22      21
     12       9      23 
      7      20       4
         17       2 
--8<--
found: sum= 75.0000 var=  0.0000 fitness= 75.0000 age=0
-->8--
         21       2 
     20      12      16
      6      15      22 
 23       1       8       3
 17      18      24       7
     10       9      11 
      5      14      13
         19       4 
--8<--
found: sum= 83.0000 var=  0.0000 fitness= 83.0000 age=0
-->8--
          8      15 
      6      21      14
     16       9      22 
  3      23       2      18
 11      13      12      10
     17      24      19 
      5      20       1
          4       7 
--8<--
found: sum= 81.0000 var=  0.0000 fitness= 81.0000 age=0
-->8--
          6      16 
      7      19       3
     23      17      24 
  5       9       2       1
 15      18      22      12
     11      13      20 
     21       8      14
         10       4 
--8<--
found: sum= 75.0000 var=  0.0000 fitness= 75.0000 age=0
-->8--
         19      12 
      5      21      10
      9      17       8 
 15       4       7      14
 13      23       6      16
     11      18      24 
      1       2      22
         20       3 
--8<--
found: sum= 82.0000 var=  0.0000 fitness= 82.0000 age=0
-->8--
         13       7 
      3      21       9
     23      12      17 
 19      10      16      18
  2       8      22       4
     20      14       5 
     15      24      11
          1       6 
--8<--
found: sum= 77.0000 var=  0.0000 fitness= 77.0000 age=0
-->8--
          2       1 
     18      20      19
     24       5      10 
  7       8      22       4
 23      12       9      15
      3      21      17 
     16      11      13
         14       6 
--8<--
found: sum= 81.0000 var=  0.0000 fitness= 81.0000 age=0
-->8--
         14       8 
      6      19      21
      7      15      16 
  9      20       2      10
  5      17      24      11
     23       3      18 
      4      22      13
         12       1 
--8<--
found: sum= 79.0000 var=  0.0000 fitness= 79.0000 age=0
-->8--
          4      24 
      2      16      10
     23      15      11 
  1      19       3       5
  9       7      21      22
     20      14      17 
     18       8       6
         12      13 
--8<--
found: sum= 77.0000 var=  0.0000 fitness= 77.0000 age=0
-->8--
         19      10 
      3      12      13
      8      20       1 
 22      15      21       6
  4       5       9      16
     23       7      24 
     11      17       2
         14      18 
--8<--
found: sum= 78.0000 var=  0.0000 fitness= 78.0000 age=0
-->8--
         16       5 
      2      10       3
     13      19      24 
 15      18      17      12
  1       8       7       4
     23       9      14 
     21       6      22
         11      20 
--8<--
found: sum= 77.0000 var=  0.0000 fitness= 77.0000 age=0
-->8--
         13      18 
     14       8       7
     16      15      23 
  1      11       6      12
 17      22       3      24
     10      20       9 
      4      19       5
          2      21 
--8<--
found: sum= 75.0000 var=  0.0000 fitness= 75.0000 age=0
-->8--
         24       2 
     14      16      11
      5      15      23 
 17       1       8       3
 20      19      22       7
     13      10      12 
     18       6      21
          9       4 
--8<--
found: sum= 77.0000 var=  0.0000 fitness= 77.0000 age=0
-->8--
         11       1 
      5       8      13
     17      21      24 
 12      15      10       4
  9      22       6      19
      2       3      14 
      7      20      16
         23      18 
--8<--
found: sum= 72.0000 var=  0.0000 fitness= 72.0000 age=0
-->8--
          3      18 
     20       8      11
      1      19      12 
 22      21       4      15
 17       5       7      24
      6      16      10 
      9      23       2
         13      14 
--8<--
found: sum= 76.0000 var=  0.0000 fitness= 76.0000 age=0
-->8--
          5       4 
      1      18      11
     16      21       3 
  8      15      19      20
 17       6       2      10
     14      13      22 
     24       7      23
         12       9 
--8<--
found: sum= 78.0000 var=  0.0000 fitness= 78.0000 age=0
-->8--
         15       2 
     12      13      11
     17      14      18 
 22       7      20       9
 21       8       5      10
      3      24      16 
      1      23       4
         19       6 
--8<--
found: sum= 77.0000 var=  0.0000 fitness= 77.0000 age=0
-->8--
          2      11 
     21      22       6
     15       5      14 
  9      12      19       3
 24      13       8      10
      4      20      23 
     16       7      18
         17       1 
--8<--
found: sum= 76.0000 var=  0.0000 fitness= 76.0000 age=0
-->8--
         17      22 
      2      14       1
     21      16       3 
 11       6      20      24
  8      12       9      15
     18      13       5 
     10      19      23
          4       7 
--8<--
found: sum= 77.0000 var=  0.0000 fitness= 77.0000 age=0
-->8--
         20      10 
      5      13      15
      8      12      23 
 16      19       4       3
 21      11       7      18
      2      24      22 
     14      17       1
          9       6 
--8<--
found: sum= 73.0000 var=  0.0000 fitness= 73.0000 age=0
-->8--
         12      13 
     15      20      18
      2       1      10 
  7      23      11       5
 17       8      24       9
     16       6      14 
     21       3      22
         19       4 
--8<--
found: sum= 75.0000 var=  0.0000 fitness= 75.0000 age=0
-->8--
          4      13 
     20       3      17
     24      19       2 
 11       5      21      22
 18       8      15       1
      9       7      14 
     16      23      10
         12       6 
--8<--
found: sum= 76.0000 var=  0.0000 fitness= 76.0000 age=0
-->8--
         24      15 
     20      13       7
      5       6      18 
 21       8      17       1
 16      23      12       9
      3      10      19 
     14      22      11
          4       2 
--8<--
found: sum= 75.0000 var=  0.0000 fitness= 75.0000 age=0
-->8--
         22      13 
     20       1      18
     21       8      16 
 10       3      19      15
 11      23      17       2
      7       5       6 
      4      24      14
         12       9 
--8<--
found: sum= 81.0000 var=  0.0000 fitness= 81.0000 age=0
-->8--
          2       1 
      7      23      10
     20      18      15 
  6      11      14       3
 13      22      12      16
      9       4      21 
     24      17       8
          5      19 
--8<--
found: sum= 79.0000 var=  0.0000 fitness= 79.0000 age=0
-->8--
          7       8 
      4      10      14
     21      22      16 
  1      15       9      23
 17      12       2      18
     13      19      11 
      6      24      20
          5       3 
--8<--
found: sum= 80.0000 var=  0.0000 fitness= 80.0000 age=0
-->8--
         21       1 
     10      24      16
     15       2      19 
 20       8      18       4
  3      23      12       5
     11      17      22 
     14       9      13
          6       7 
--8<--
found: sum= 82.0000 var=  0.0000 fitness= 82.0000 age=0
-->8--
          9      14 
      7      21       6
     18       5      12 
  8      22      24      10
  2      13       3      16
     19      15      17 
      1      23       4
         11      20 
--8<--
found: sum= 83.0000 var=  0.0000 fitness= 83.0000 age=0
-->8--
         10      11 
     14      15       2
     24      12      23 
  7       8      20       6
  9      17       5      16
     18      21      13 
      4      22       3
          1      19 
--8<--
found: sum= 69.0000 var=  0.0000 fitness= 69.0000 age=0
-->8--
          4      15 
     24       6      21
      7       5       8 
 17      23      14      18
 19       2       3      16
      1      22      10 
     11      13      12
         20       9 
--8<--
found: sum= 77.0000 var=  0.0000 fitness= 77.0000 age=0
-->8--
         18      19 
      5      10       2
     16      20      22 
  7       8       4      21
 23       9      12       1
     14      24      17 
     13       6      15
         11       3 
--8<--
found: sum= 71.0000 var=  0.0000 fitness= 71.0000 age=0
-->8--
         16      23 
     13       6      20
     22      12       1 
  8       2       9       3
 21      11      19      24
      7      18      15 
     14       4       5
         17      10 
--8<--
found: sum= 78.0000 var=  0.0000 fitness= 78.0000 age=0
-->8--
          1       7 
     18      22       4
      8      19      24 
 21      10       2       3
 20      13      23      12
      6      11      14 
     17      16       9
         15       5 
--8<--
found: sum= 76.0000 var=  0.0000 fitness= 76.0000 age=0
-->8--
          9       8 
     17      14      24
      5      13      16 
  3      18       1       6
 23       7      22      10
     20      15      21 
     11       4      12
         19       2 
--8<--
found: sum= 74.0000 var=  0.0000 fitness= 74.0000 age=0
-->8--
         24      12 
      6       7      19
     21       2      23 
  3      14      11      15
 17       9      20       4
     10      18       1 
     13       8      22
         16       5 
--8<--
found: sum= 77.0000 var=  0.0000 fitness= 77.0000 age=0
-->8--
         21       1 
      6      14      24
     22       4      11 
  5      10      23      17
 19       9      15       3
     12      16       8 
      2      18      13
         20       7 
--8<--
found: sum= 77.0000 var=  0.0000 fitness= 77.0000 age=0
-->8--
          3      20 
     10      15       1
     14      11      21 
 13      24       9       2
 12       6       5      17
      8      22      23 
     18       4       7
         19      16 
--8<--
found: sum= 80.0000 var=  0.0000 fitness= 80.0000 age=0
-->8--
          5      12 
     20      15      10
     18       8      22 
 21      14      13       2
  7       3      23      16
     17      19       4 
      6      24       1
         11       9 
--8<--
found: sum= 78.0000 var=  0.0000 fitness= 78.0000 age=0
-->8--
         20      16 
     11      21       3
      2      14      23 
 19      10       1       9
 17      18      22      15
     12      13       8 
      5      24       7
          6       4 
--8<--
found: sum= 80.0000 var=  0.0000 fitness= 80.0000 age=0
-->8--
          7      13 
      2      16      18
     21      10      20 
  4      24       3      14
  5      15      22      12
     11       6       9 
     17      23      19
          8       1 
--8<--
found: sum= 81.0000 var=  0.0000 fitness= 81.0000 age=0
-->8--
         11       3 
      2      10      17
     14      24      15 
  4      20      12       8
  9      13       7      16
     21       5      23 
      1      22       6
         19      18 
--8<--
found: sum= 75.0000 var=  0.0000 fitness= 75.0000 age=0
-->8--
          2       6 
     10       9      20
     19      17      15 
  1      18       8      24
 14      16      13      11
      7       3       4 
      5      21      12
         23      22 
--8<--
found: sum= 77.0000 var=  0.0000 fitness= 77.0000 age=0
-->8--
          2      18 
     11      12       4
     22      21      15 
 10       9       7       5
 19       3      24      20
     14      13       6 
      8      16      17
         23       1 
--8<--
found: sum= 80.0000 var=  0.0000 fitness= 80.0000 age=0
-->8--
         21       3 
      2      14      10
      7      23      18 
 24      13      12      15
  9       5      11       4
     22      16      20 
     17      19       8
          1       6 
--8<--
found: sum= 73.0000 var=  0.0000 fitness= 73.0000 age=0
-->8--
          4      15 
     20      14       1
     11      19      18 
 24       5       6      17
  8      12       9      16
     13      22       7 
     21       2      10
          3      23 
--8<--
found: sum= 78.0000 var=  0.0000 fitness= 78.0000 age=0
-->8--
          6      12 
     22       8       5
     13      10      23 
  1      19      20      17
 24       7       4       3
     14      18      11 
      2      21       9
         16      15 
--8<--
found: sum= 74.0000 var=  0.0000 fitness= 74.0000 age=0
-->8--
          4      22 
     11       8      18
     23      21       2 
 14       7       3      15
  9      20      17      13
      1       6      24 
     19      12      10
         16       5 
--8<--
found: sum= 76.0000 var=  0.0000 fitness= 76.0000 age=0
-->8--
         16      19 
     18      15       8
      2      11      22 
  6      14       1       4
 10      21      12      24
     23      17      13 
      7       5      20
          3       9 
--8<--
found: sum= 81.0000 var=  0.0000 fitness= 81.0000 age=0
-->8--
          8       3 
      7      22      13
      6      18      16 
 15      20       9      19
  5      21      12       2
     14       1      23 
     10      24      17
         11       4 
--8<--
found: sum= 75.0000 var=  0.0000 fitness= 75.0000 age=0
-->8--
          1       5 
     21      22      17
     10      19       9 
 24       2       3      23
  7      20      15      11
     12      16      14 
      6       8       4
         13      18 
--8<--
found: sum= 76.0000 var=  0.0000 fitness= 76.0000 age=0
-->8--
          1      23 
     22      15      14
     10      11       9 
  3      17       4       8
 21      18      24      12
      7       2      19 
     13      20       5
         16       6 
--8<--
found: sum= 74.0000 var=  0.0000 fitness= 74.0000 age=0
-->8--
          1       4 
     24      17      23
     14       7       3 
  2      11      20      21
 22      12      15      10
     13       9       5 
      6      18       8
         16      19 
--8<--
found: sum= 84.0000 var=  0.0000 fitness= 84.0000 age=0
-->8--
         16       9 
     12      22       8
     21       7      24 
 10       6      14       2
  5      19      20      11
     23      18      13 
      3      17      15
          4       1 
--8<--
found: sum= 76.0000 var=  0.0000 fitness= 76.0000 age=0
-->8--
         19       1 
     24       9      16
      3      11      22 
  8      10      17       5
 23      20       4      15
     12      14      13 
      7      21       6
          2      18 
--8<--
found: sum= 78.0000 var=  0.0000 fitness= 78.0000 age=0
-->8--
          8       6 
      9      16      14
      5      22       3 
 13      18      17      15
 11       7       4      20
     24      10      19 
      2      23      21
         12       1 
--8<--
found: sum= 75.0000 var=  0.0000 fitness= 75.0000 age=0
-->8--
          3      22 
     24      20       5
     10      17       9 
 13       1       2       8
 16      21      15      23
     14      19      18 
     11       4      12
          6       7 
--8<--
found: sum= 82.0000 var=  0.0000 fitness= 82.0000 age=0
-->8--
          2       4 
     14      20      10
     18      17      22 
  6      11       9      21
  8      16       5      13
     23      24      12 
      1      15       7
          3      19 
--8<--
found: sum= 79.0000 var=  0.0000 fitness= 79.0000 age=0
-->8--
         14      10 
     11      17      24
     23       1       9 
  7      13      18       3
  2      15      20       8
     19      12      21 
     22       6       4
          5      16 
--8<--
found: sum= 74.0000 var=  0.0000 fitness= 74.0000 age=0
-->8--
         17      21 
     10       2      20
     15      18       8 
  1      12       5      22
 19       3      23       9
     24      13       7 
      4      14       6
         16      11 
--8<--
found: sum= 77.0000 var=  0.0000 fitness= 77.0000 age=0
-->8--
          6      23 
     14       5       4
     24      16      22 
  8      12       7      10
 11       9      18      19
     13      15       1 
      3      20      21
         17       2 
--8<--
found: sum= 73.0000 var=  0.0000 fitness= 73.0000 age=0
-->8--
         20      24 
     10      15       8
      2       3      11 
  5      23      12       1
 22       7      19      13
     14       9      17 
     21       6      18
         16       4 
--8<--
found: sum= 81.0000 var=  0.0000 fitness= 81.0000 age=0
-->8--
          4      14 
      3       7      10
     24      23      19 
  9      20       8      15
  5      11       1      16
     12      18      22 
      6      21      17
         13       2 
--8<--
found: sum= 79.0000 var=  0.0000 fitness= 79.0000 age=0
-->8--
          8      18 
      7       9       2
     14      21      24 
  1      20       5      22
 15       6      11       4
     23      16      13 
     19      12      10
          3      17 
--8<--
found: sum= 83.0000 var=  0.0000 fitness= 83.0000 age=0
-->8--
          8      15 
      6      21      14
     16       9      22 
  3      23       2      18
 11      13      12      10
     17      24      19 
      5      20       1
          4       7 
--8<--
found: sum= 78.0000 var=  0.0000 fitness= 78.0000 age=0
-->8--
          3      14 
      5      19      12
     24      23       8 
 15       4       2      16
  7      22      18      21
      6       9      13 
     11      20       1
         10      17 
--8<--
found: sum= 76.0000 var=  0.0000 fitness= 76.0000 age=0
-->8--
         15      10 
      1      20      21
     22       4       9 
 13      14      12       6
  3       5      24      23
     19      17       2 
     11       8       7
         16      18 
--8<--
found: sum= 80.0000 var=  0.0000 fitness= 80.0000 age=0
-->8--
          3       9 
     17      12       8
     16      10      23 
  1      22      18      19
 15       5      14       2
     21      11       4 
     13      24       7
          6      20 
--8<--
found: sum= 78.0000 var=  0.0000 fitness= 78.0000 age=0
-->8--
          1      17 
      5      22       3
     21      23       2 
 15       6      11      19
  4       8      20      12
     24      10      14 
     16       7      18
         13       9 
--8<--
found: sum= 81.0000 var=  0.0000 fitness= 81.0000 age=0
-->8--
         11       8 
     10      22      15
     21       5      17 
  1      12      14      18
  4      24       3       9
     19      23      20 
      7       6      16
          2      13 
--8<--
found: sum= 82.0000 var=  0.0000 fitness= 82.0000 age=0
-->8--
          1       5 
      8      20      21
     22      19      11 
  3      12       6      24
  9      13      15      10
     23      17      16 
      7      18       2
          4      14 
--8<--
found: sum= 71.0000 var=  0.0000 fitness= 71.0000 age=0
-->8--
         19      24 
     16      10      11
      6      17       8 
 21       3       1       2
 14      23      18      22
      4       9      20 
     15       7       5
         13      12 
--8<--
found: sum= 79.0000 var=  0.0000 fitness= 79.0000 age=0
-->8--
          1      10 
     16      12       2
     11      22      24 
 23      17       9      19
  6      15       3       4
      7      13      20 
      5      21       8
         18      14 
--8<--
found: sum= 82.0000 var=  0.0000 fitness= 82.0000 age=0
-->8--
          3       8 
      4      14      12
     18      20      22 
 11      23       6      21
  1      16       7       2
     13      10      24 
     15      19       5
          9      17 
--8<--
found: sum= 84.0000 var=  0.0000 fitness= 84.0000 age=0
-->8--
          1       8 
     11      24       5
     16      17      21 
  3      15       9       4
 18      10      20       7
     22      13      23 
     19      14      12
          6       2 
--8<--
found: sum= 79.0000 var=  0.0000 fitness= 79.0000 age=0
-->8--
         24      16 
      3       7       9
     21      20      17 
  1       4      10       2
 12      18      22      15
     23       5      13 
      8      14       6
         11      19 
--8<--
found: sum= 83.0000 var=  0.0000 fitness= 83.0000 age=0
-->8--
          6      19 
      8      21       9
     23       5      16 
  7      20      13       2
  1      17      24      10
     15       4      18 
     14      22      12
         11       3 
--8<--
found: sum= 83.0000 var=  0.0000 fitness= 83.0000 age=0
-->8--
          4       9 
      7      23       5
     22      16      24 
 12      11       6       2
  1      18      17      20
     19      15      14 
      8      13      21
         10       3 
--8<--
found: sum= 82.0000 var=  0.0000 fitness= 82.0000 age=0
-->8--
          3      10 
     12      20      14
     19      15      18 
  1      13       5       2
  9      17      11      22
     23      21      24 
      7       6      16
          8       4 
--8<--
found: sum= 76.0000 var=  0.0000 fitness= 76.0000 age=0
-->8--
         20       7 
      8      13      18
     17      12      15 
  1       6      11      14
 19      23       3      24
     10      21       9 
      4      16       5
          2      22 
--8<--
found: sum= 83.0000 var=  0.0000 fitness= 83.0000 age=0
-->8--
         17      13 
      9      21       8
     20       5      14 
  7      11      22      16
 12      15       6       2
     18      24      23 
      4      19      10
          3       1 
--8<--
found: sum= 79.0000 var=  0.0000 fitness= 79.0000 age=0
-->8--
          6      14 
      8      19      20
     23      10       4 
  7      13      12       1
  5       9      17      21
     22      18      24 
     11       3      15
         16       2 
--8<--
found: sum= 84.0000 var=  0.0000 fitness= 84.0000 age=0
-->8--
          2      11 
     13      18       1
     24      17      22 
  8      10      15       3
 12      16      21       4
     14       5      19 
      6      23       7
         20       9 
--8<--
found: sum= 82.0000 var=  0.0000 fitness= 82.0000 age=0
-->8--
          1      13 
     14       9       8
     19      18      23 
 10      21      11      17
  5       3       7       4
     24      22      20 
     12      15      16
          6       2 
--8<--
found: sum= 79.0000 var=  0.0000 fitness= 79.0000 age=0
-->8--
         19       4 
     11      13      21
     22       5      24 
 14       9      12       1
  6      10      20       7
     18      23      15 
      8       3      16
         17       2 
--8<--
found: sum= 80.0000 var=  0.0000 fitness= 80.0000 age=0
-->8--
         24       6 
      3      21       8
      5      11      14 
  1      16      20       4
 17      19      12       7
     22       2      23 
     13      15      18
          9      10 
--8<--
found: sum= 77.0000 var=  0.0000 fitness= 77.0000 age=0
-->8--
         24       4 
     14      22      15
      8       3      13 
  1       6      20       9
 21      18      11       7
     23      19      17 
      5       2      12
         10      16 
--8<--
found: sum= 76.0000 var=  0.0000 fitness= 76.0000 age=0
-->8--
         19       1 
      5       4      16
     12      13      24 
  8      23      18       9
 20       2       3       7
     11      17      15 
     10      14      21
         22       6 
--8<--
found: sum= 79.0000 var=  0.0000 fitness= 79.0000 age=0
-->8--
          1       2 
     12      11      20
     23      19      22 
  4      13       5      17
 10      21      14       6
      8       7      15 
     24      16      18
          3       9 
--8<--
found: sum= 78.0000 var=  0.0000 fitness= 78.0000 age=0
-->8--
          2      13 
      1      16       4
     14      22      18 
 11      23       5      19
 10       8       3       9
     12      17      24 
     20       6       7
         15      21 
--8<--
found: sum= 73.0000 var=  0.0000 fitness= 73.0000 age=0
-->8--
         16       4 
     20       3      19
      1      22      23 
 17      11       2      10
 21      15       5       9
      8      18      24 
     12       6      13
         14       7 
--8<--
found: sum= 79.0000 var=  0.0000 fitness= 79.0000 age=0
-->8--
          8       1 
      7      24      10
     13      22      20 
 23       5       2      16
  6      15      21      11
     17      14       9 
     18      12      19
          3       4 
--8<--
found: sum= 83.0000 var=  0.0000 fitness= 83.0000 age=0
-->8--
          1       7 
     22      13      18
     20      12      23 
 14      15      10      11
  2       8      17       3
     24      21      19 
      9      16       4
          5       6 
--8<--
found: sum= 77.0000 var=  0.0000 fitness= 77.0000 age=0
-->8--
         24       9 
      7      16       4
      3      15      23 
 20      12      10       2
 14      22      13      11
      6       5      18 
     17      19       1
          8      21 
--8<--
found: sum= 80.0000 var=  0.0000 fitness= 80.0000 age=0
-->8--
         10      17 
      1      18       5
     12      16      22 
  8      23       2       3
  6       7      19      14
     24      13      20 
     21       4      15
         11       9 
--8<--
found: sum= 78.0000 var=  0.0000 fitness= 78.0000 age=0
-->8--
         11      17 
      4      13       7
     24      12      23 
 20      14       6      10
  1      16       9       8
      3      21      22 
     15       5      19
         18       2 
--8<--
found: sum= 78.0000 var=  0.0000 fitness= 78.0000 age=0
-->8--
         24       6 
      1      16      23
     14      10      15 
  5      13       8       3
 19       7      22       9
     20      18      21 
     12       4      11
         17       2 
--8<--
found: sum= 75.0000 var=  0.0000 fitness= 75.0000 age=0
-->8--
          9       4 
     17       5      15
     10      18      19 
 22      16      14       8
 20       1       3       7
      6      23      24 
     13      11       2
         21      12 
--8<--
found: sum= 85.0000 var=  0.0000 fitness= 85.0000 age=0
-->8--
          1       9 
     15      23       3
     20      10      18 
  2      16      22       5
 11      17      12       4
     19       8      24 
     14      21      13
          6       7 
--8<--
found: sum= 77.0000 var=  0.0000 fitness= 77.0000 age=0
-->8--
         19      24 
      1       9       6
     12      14      16 
  2      22       8      10
  4      17      13       7
     20       3      23 
     11       5      15
         21      18 
--8<--
execution time: real 0.627767s user 0.467928s sys 0.001999s
GA: P=1024 K=512 sp=2 xover=2D/1 aging
generation #4: pop m= 80.211 v=0.194 f= 78.187
best: found: sum= 85.0000 var=  0.0000 fitness= 85.0000 age=1
-->8--
          1       9 
     15      23       3
     20      10      18 
  2      16      22       5
 11      17      12       4
     19       8      24 
     14      21      13
          6       7 
--8<--
found: sum= 82.0000 var=  0.0000 fitness= 82.0000 age=3
-->8--
         13       7 
      3      21       9
     23      12      17 
 19      10      16      18
  2       8      22       4
     20      14       5 
     15      24      11
          1       6 
--8<--
found: sum= 78.0000 var=  0.0000 fitness= 78.0000 age=3
-->8--
         15       2 
     12      13      11
     17      14      18 
 22       7      20       9
 21       8       5      10
      3      24      16 
      1      23       4
         19       6 
--8<--
found: sum= 78.0000 var=  0.0000 fitness= 78.0000 age=1
-->8--
          2      13 
      1      16       4
     14      22      18 
 11      23       5      19
 10       8       3       9
     12      17      24 
     20       6       7
         15      21 
--8<--
found: sum= 82.0000 var=  0.0000 fitness= 82.0000 age=1
-->8--
          3       8 
      4      14      12
     18      20      22 
 11      23       6      21
  1      16       7       2
     13      10      24 
     15      19       5
          9      17 
--8<--
found: sum= 84.0000 var=  0.0000 fitness= 84.0000 age=2
-->8--
         16       9 
     12      22       8
     21       7      24 
 10       6      14       2
  5      19      20      11
     23      18      13 
      3      17      15
          4       1 
--8<--
found: sum= 82.0000 var=  0.0000 fitness= 82.0000 age=1
-->8--
          1       5 
      8      20      21
     22      19      11 
  3      12       6      24
  9      13      15      10
     23      17      16 
      7      18       2
          4      14 
--8<--
found: sum= 77.0000 var=  0.0000 fitness= 77.0000 age=1
-->8--
         24       9 
      7      16       4
      3      15      23 
 20      12      10       2
 14      22      13      11
      6       5      18 
     17      19       1
          8      21 
--8<--
found: sum= 83.0000 var=  0.0000 fitness= 83.0000 age=1
-->8--
          6      19 
      8      21       9
     23       5      16 
  7      20      13       2
  1      17      24      10
     15       4      18 
     14      22      12
         11       3 
--8<--
found: sum= 78.0000 var=  0.0000 fitness= 78.0000 age=1
-->8--
          1      17 
      5      22       3
     21      23       2 
 15       6      11      19
  4       8      20      12
     24      10      14 
     16       7      18
         13       9 
--8<--
found: sum= 79.0000 var=  0.0000 fitness= 79.0000 age=1
-->8--
         24      16 
      3       7       9
     21      20      17 
  1       4      10       2
 12      18      22      15
     23       5      13 
      8      14       6
         11      19 
--8<--
found: sum= 77.0000 var=  0.0000 fitness= 77.0000 age=1
-->8--
         24       4 
     14      22      15
      8       3      13 
  1       6      20       9
 21      18      11       7
     23      19      17 
      5       2      12
         10      16 
--8<--
found: sum= 83.0000 var=  0.0000 fitness= 83.0000 age=3
-->8--
         10      11 
     14      15       2
     24      12      23 
  7       8      20       6
  9      17       5      16
     18      21      13 
      4      22       3
          1      19 
--8<--
found: sum= 79.0000 var=  0.0000 fitness= 79.0000 age=4
-->8--
          4       8 
     11      12      14
     24      15      20 
 16      13      10       3
  2      17      19      18
      7       5       9 
      6      23      22
         21       1 
--8<--
found: sum= 77.0000 var=  0.0000 fitness= 77.0000 age=1
-->8--
         19      24 
      1       9       6
     12      14      16 
  2      22       8      10
  4      17      13       7
     20       3      23 
     11       5      15
         21      18 
--8<--
found: sum= 81.0000 var=  0.0000 fitness= 81.0000 age=2
-->8--
          4      14 
      3       7      10
     24      23      19 
  9      20       8      15
  5      11       1      16
     12      18      22 
      6      21      17
         13       2 
--8<--
found: sum= 79.0000 var=  0.0000 fitness= 79.0000 age=3
-->8--
          4      24 
      2      16      10
     23      15      11 
  1      19       3       5
  9       7      21      22
     20      14      17 
     18       8       6
         12      13 
--8<--
found: sum= 75.0000 var=  0.0000 fitness= 75.0000 age=1
-->8--
          9       4 
     17       5      15
     10      18      19 
 22      16      14       8
 20       1       3       7
      6      23      24 
     13      11       2
         21      12 
--8<--
found: sum= 83.0000 var=  0.0000 fitness= 83.0000 age=4
-->8--
          6       8 
      5      23       4
     13      20      19 
 11      16       9       2
 12       7      21      18
     24      10      14 
      3      22      15
         17       1 
--8<--
found: sum= 80.0000 var=  0.0000 fitness= 80.0000 age=2
-->8--
         21       3 
      2      14      10
      7      23      18 
 24      13      12      15
  9       5      11       4
     22      16      20 
     17      19       8
          1       6 
--8<--
found: sum= 78.0000 var=  0.0000 fitness= 78.0000 age=4
-->8--
         21       8 
      4      17      19
     24       5      13 
 14       7      16      23
  3      18      10       1
     12      22      15 
     11       9       2
          6      20 
--8<--
found: sum= 78.0000 var=  0.0000 fitness= 78.0000 age=4
-->8--
         24       4 
      6      20       3
     11      16      17 
 19       1      18       2
  9      23       7      12
     15      13      22 
     14       5      10
          8      21 
--8<--
found: sum= 78.0000 var=  0.0000 fitness= 78.0000 age=1
-->8--
         24       6 
      1      16      23
     14      10      15 
  5      13       8       3
 19       7      22       9
     20      18      21 
     12       4      11
         17       2 
--8<--
found: sum= 81.0000 var=  0.0000 fitness= 81.0000 age=4
-->8--
          1       2 
     16      24      19
     20      17      11 
 13       3       8       7
 12      10      22      15
     23      21      18 
      4       9       6
         14       5 
--8<--
found: sum= 73.0000 var=  0.0000 fitness= 73.0000 age=1
-->8--
         16       4 
     20       3      19
      1      22      23 
 17      11       2      10
 21      15       5       9
      8      18      24 
     12       6      13
         14       7 
--8<--
found: sum= 80.0000 var=  0.0000 fitness= 80.0000 age=1
-->8--
         24       6 
      3      21       8
      5      11      14 
  1      16      20       4
 17      19      12       7
     22       2      23 
     13      15      18
          9      10 
--8<--
found: sum= 79.0000 var=  0.0000 fitness= 79.0000 age=1
-->8--
         19       4 
     11      13      21
     22       5      24 
 14       9      12       1
  6      10      20       7
     18      23      15 
      8       3      16
         17       2 
--8<--
found: sum= 79.0000 var=  0.0000 fitness= 79.0000 age=3
-->8--
          7       8 
      4      10      14
     21      22      16 
  1      15       9      23
 17      12       2      18
     13      19      11 
      6      24      20
          5       3 
--8<--
found: sum= 83.0000 var=  0.0000 fitness= 83.0000 age=1
-->8--
          1       7 
     22      13      18
     20      12      23 
 14      15      10      11
  2       8      17       3
     24      21      19 
      9      16       4
          5       6 
--8<--
found: sum= 78.0000 var=  0.0000 fitness= 78.0000 age=3
-->8--
         16       5 
      2      10       3
     13      19      24 
 15      18      17      12
  1       8       7       4
     23       9      14 
     21       6      22
         11      20 
--8<--
found: sum= 80.0000 var=  0.0000 fitness= 80.0000 age=3
-->8--
         21       1 
     10      24      16
     15       2      19 
 20       8      18       4
  3      23      12       5
     11      17      22 
     14       9      13
          6       7 
--8<--
found: sum= 81.0000 var=  0.0000 fitness= 81.0000 age=3
-->8--
          2       1 
      7      23      10
     20      18      15 
  6      11      14       3
 13      22      12      16
      9       4      21 
     24      17       8
          5      19 
--8<--
found: sum= 84.0000 var=  0.0000 fitness= 84.0000 age=1
-->8--
          2      11 
     13      18       1
     24      17      22 
  8      10      15       3
 12      16      21       4
     14       5      19 
      6      23       7
         20       9 
--8<--
found: sum= 76.0000 var=  0.0000 fitness= 76.0000 age=1
-->8--
         19       1 
      5       4      16
     12      13      24 
  8      23      18       9
 20       2       3       7
     11      17      15 
     10      14      21
         22       6 
--8<--
found: sum= 71.0000 var=  0.0000 fitness= 71.0000 age=1
-->8--
         19      24 
     16      10      11
      6      17       8 
 21       3       1       2
 14      23      18      22
      4       9      20 
     15       7       5
         13      12 
--8<--
found: sum= 83.0000 var=  0.0000 fitness= 83.0000 age=2
-->8--
          8      15 
      6      21      14
     16       9      22 
  3      23       2      18
 11      13      12      10
     17      24      19 
      5      20       1
          4       7 
--8<--
found: sum= 76.0000 var=  0.0000 fitness= 76.0000 age=1
-->8--
         20       7 
      8      13      18
     17      12      15 
  1       6      11      14
 19      23       3      24
     10      21       9 
      4      16       5
          2      22 
--8<--
found: sum= 79.0000 var=  0.0000 fitness= 79.0000 age=4
-->8--
          2      13 
     10      18       3
     24       8      23 
 16      17      14       5
  4      11       9       6
      7      20      22 
     19       1      12
         21      15 
--8<--
found: sum= 79.0000 var=  0.0000 fitness= 79.0000 age=4
-->8--
          3       2 
      8      18      19
     24       4      23 
  5      22      13      15
 10       6      20       7
     12      14       1 
      9      17      11
         21      16 
--8<--
found: sum= 78.0000 var=  0.0000 fitness= 78.0000 age=2
-->8--
          3      14 
      5      19      12
     24      23       8 
 15       4       2      16
  7      22      18      21
      6       9      13 
     11      20       1
         10      17 
--8<--
found: sum= 78.0000 var=  0.0000 fitness= 78.0000 age=2
-->8--
          6      12 
     22       8       5
     13      10      23 
  1      19      20      17
 24       7       4       3
     14      18      11 
      2      21       9
         16      15 
--8<--
found: sum= 84.0000 var=  0.0000 fitness= 84.0000 age=1
-->8--
          1       8 
     11      24       5
     16      17      21 
  3      15       9       4
 18      10      20       7
     22      13      23 
     19      14      12
          6       2 
--8<--
found: sum= 78.0000 var=  0.0000 fitness= 78.0000 age=2
-->8--
          8       6 
      9      16      14
      5      22       3 
 13      18      17      15
 11       7       4      20
     24      10      19 
      2      23      21
         12       1 
--8<--
found: sum= 78.0000 var=  0.0000 fitness= 78.0000 age=2
-->8--
         20      16 
     11      21       3
      2      14      23 
 19      10       1       9
 17      18      22      15
     12      13       8 
      5      24       7
          6       4 
--8<--
found: sum= 82.0000 var=  0.0000 fitness= 82.0000 age=3
-->8--
          9      14 
      7      21       6
     18       5      12 
  8      22      24      10
  2      13       3      16
     19      15      17 
      1      23       4
         11      20 
--8<--
found: sum= 79.0000 var=  0.0000 fitness= 79.0000 age=4
-->8--
          9      10 
     24      13      12
     14       4      22 
  8      15      18       2
  5      20       3      11
     17      19      23 
     16       6       7
          1      21 
--8<--
found: sum= 83.0000 var=  0.0000 fitness= 83.0000 age=1
-->8--
         17      13 
      9      21       8
     20       5      14 
  7      11      22      16
 12      15       6       2
     18      24      23 
      4      19      10
          3       1 
--8<--
found: sum= 81.0000 var=  0.0000 fitness= 81.0000 age=2
-->8--
          8       3 
      7      22      13
      6      18      16 
 15      20       9      19
  5      21      12       2
     14       1      23 
     10      24      17
         11       4 
--8<--
found: sum= 80.0000 var=  0.0000 fitness= 80.0000 age=2
-->8--
          7      13 
      2      16      18
     21      10      20 
  4      24       3      14
  5      15      22      12
     11       6       9 
     17      23      19
          8       1 
--8<--
found: sum= 82.0000 var=  0.0000 fitness= 82.0000 age=1
-->8--
          3      10 
     12      20      14
     19      15      18 
  1      13       5       2
  9      17      11      22
     23      21      24 
      7       6      16
          8       4 
--8<--
found: sum= 80.0000 var=  0.0000 fitness= 80.0000 age=4
-->8--
         11       9 
     17      24       7
     13       5      12 
 20      10      23       1
  3      18      22       8
     16       2      14 
     19      21      15
          4       6 
--8<--
found: sum= 79.0000 var=  0.0000 fitness= 79.0000 age=1
-->8--
          1       2 
     12      11      20
     23      19      22 
  4      13       5      17
 10      21      14       6
      8       7      15 
     24      16      18
          3       9 
--8<--
found: sum= 79.0000 var=  0.0000 fitness= 79.0000 age=1
-->8--
          8       1 
      7      24      10
     13      22      20 
 23       5       2      16
  6      15      21      11
     17      14       9 
     18      12      19
          3       4 
--8<--
found: sum= 81.0000 var=  0.0000 fitness= 81.0000 age=4
-->8--
          6      16 
      7      19       3
     23      17      24 
  5       9       2       1
 15      18      22      12
     11      13      20 
     21       8      14
         10       4 
--8<--
found: sum= 78.0000 var=  0.0000 fitness= 78.0000 age=1
-->8--
         11      17 
      4      13       7
     24      12      23 
 20      14       6      10
  1      16       9       8
      3      21      22 
     15       5      19
         18       2 
--8<--
found: sum= 80.0000 var=  0.0000 fitness= 80.0000 age=2
-->8--
          5      12 
     20      15      10
     18       8      22 
 21      14      13       2
  7       3      23      16
     17      19       4 
      6      24       1
         11       9 
--8<--
found: sum= 81.0000 var=  0.0000 fitness= 81.0000 age=4
-->8--
         15      21 
      3      24       1
     23       5      18 
 19      11      12       7
  2      22      14      10
      4      17      20 
      9      16       8
         13       6 
--8<--
found: sum= 81.0000 var=  0.0000 fitness= 81.0000 age=1
-->8--
         11       8 
     10      22      15
     21       5      17 
  1      12      14      18
  4      24       3       9
     19      23      20 
      7       6      16
          2      13 
--8<--
found: sum= 78.0000 var=  0.0000 fitness= 78.0000 age=3
-->8--
          1       7 
     18      22       4
      8      19      24 
 21      10       2       3
 20      13      23      12
      6      11      14 
     17      16       9
         15       5 
--8<--
found: sum= 80.0000 var=  0.0000 fitness= 80.0000 age=4
-->8--
         20      12 
     10      17       1
     19       3      24 
 18      11      23       8
  4      22       7       5
      6      14      13 
      2      21      16
         15       9 
--8<--
found: sum= 80.0000 var=  0.0000 fitness= 80.0000 age=1
-->8--
         10      17 
      1      18       5
     12      16      22 
  8      23       2       3
  6       7      19      14
     24      13      20 
     21       4      15
         11       9 
--8<--
found: sum= 80.0000 var=  0.0000 fitness= 80.0000 age=2
-->8--
          3       9 
     17      12       8
     16      10      23 
  1      22      18      19
 15       5      14       2
     21      11       4 
     13      24       7
          6      20 
--8<--
found: sum= 82.0000 var=  0.0000 fitness= 82.0000 age=2
-->8--
          2       4 
     14      20      10
     18      17      22 
  6      11       9      21
  8      16       5      13
     23      24      12 
      1      15       7
          3      19 
--8<--
found: sum= 81.0000 var=  0.0000 fitness= 81.0000 age=3
-->8--
         14       8 
      6      19      21
      7      15      16 
  9      20       2      10
  5      17      24      11
     23       3      18 
      4      22      13
         12       1 
--8<--
found: sum= 78.0000 var=  0.0000 fitness= 78.0000 age=4
-->8--
         24       8 
      2      15      22
     23       3       9 
  4      11      21      16
  1      20       6      12
     19      17      14 
      7      10      13
          5      18 
--8<--
found: sum= 79.0000 var=  0.0000 fitness= 79.0000 age=4
-->8--
          8       7 
     15      13      16
     24      17      14 
 11       2      12       9
  1      20      18      22
     21      10       4 
      3      19      23
          6       5 
--8<--
found: sum= 79.0000 var=  0.0000 fitness= 79.0000 age=1
-->8--
          6      14 
      8      19      20
     23      10       4 
  7      13      12       1
  5       9      17      21
     22      18      24 
     11       3      15
         16       2 
--8<--
found: sum= 79.0000 var=  0.0000 fitness= 79.0000 age=2
-->8--
         14      10 
     11      17      24
     23       1       9 
  7      13      18       3
  2      15      20       8
     19      12      21 
     22       6       4
          5      16 
--8<--
found: sum= 81.0000 var=  0.0000 fitness= 81.0000 age=4
-->8--
          9      15 
      6      13       2
     20      21      23 
  1      12       7       3
 18      11       8      24
     19      22      16 
     10      14       4
          5      17 
--8<--
found: sum= 80.0000 var=  0.0000 fitness= 80.0000 age=4
-->8--
         18      23 
     10      21       2
     20       5      14 
 22       6      15       7
  1      19      24       4
     12      11      16 
     13      17       9
          8       3 
--8<--
found: sum= 82.0000 var=  0.0000 fitness= 82.0000 age=1
-->8--
          1      13 
     14       9       8
     19      18      23 
 10      21      11      17
  5       3       7       4
     24      22      20 
     12      15      16
          6       2 
--8<--
found: sum= 79.0000 var=  0.0000 fitness= 79.0000 age=1
-->8--
          1      10 
     16      12       2
     11      22      24 
 23      17       9      19
  6      15       3       4
      7      13      20 
      5      21       8
         18      14 
--8<--
found: sum= 83.0000 var=  0.0000 fitness= 83.0000 age=1
-->8--
          4       9 
      7      23       5
     22      16      24 
 12      11       6       2
  1      18      17      20
     19      15      14 
      8      13      21
         10       3 
--8<--
found: sum= 83.0000 var=  0.0000 fitness= 83.0000 age=4
-->8--
          8      15 
      6      21      14
     16       9      22 
  3      23       2      18
 11      13      12      10
     17      24      19 
      5      20       1
          4       7 
--8<--
found: sum= 81.0000 var=  0.0000 fitness= 81.0000 age=2
-->8--
         11       3 
      2      10      17
     14      24      15 
  4      20      12       8
  9      13       7      16
     21       5      23 
      1      22       6
         19      18 
--8<--
found: sum= 80.0000 var=  0.0000 fitness= 80.0000 age=4
-->8--
          8      11 
      1      24      19
     16      18       5 
 14      13       3       6
 10      15      22      21
     12       9      23 
      7      20       4
         17       2 
--8<--
found: sum= 79.0000 var=  0.0000 fitness= 79.0000 age=4
-->8--
          8       9 
      3      24      20
     18      12      13 
 15      14       1       4
  7      19      17      21
      6      16      23 
     22      11      10
          5       2 
--8<--
found: sum= 79.0000 var=  0.0000 fitness= 79.0000 age=2
-->8--
          8      18 
      7       9       2
     14      21      24 
  1      20       5      22
 15       6      11       4
     23      16      13 
     19      12      10
          3      17 
--8<--
