found: sum=  0.0000 var=  0.0000 fitness=  0.0000
-->8--
         22       3 
      6      12      18
      7      24      21 
 20       8       1      16
  2      19      14      10
     23      13      17 
      5      15      11
          4       9 
--8<--
found: sum=  0.0000 var=  0.0000 fitness=  0.0000
-->8--
         18      19 
     16      21      15
     13       7      11 
 14       3       5      12
  6      22      17      10
     20      24      23 
      9       2       4
          1       8 
--8<--
found: sum=  0.0000 var=  0.0000 fitness=  0.0000
-->8--
          9       3 
     11      16      15
     12      20      19 
 21      10       5      14
  7      22       4      23
      6      17      13 
      8      24      18
          1       2 
--8<--
found: sum=  0.0000 var=  0.0000 fitness=  0.0000
-->8--
         20       7 
     21      16      17
      3       1      14 
 19       9      15      18
 13      22      12       6
      4      11       5 
     23       8      24
          2      10 
--8<--
execution time: real 0.047938s user 0.012998s sys 0.000000s
GA: P=50 K=25 sp=3 xover=2D/1
generation #0: pop m= 76.014 v=  0.189 f= 74.001 best_age=0
best: sum= 83.2857 var=  0.2041 fitness= 81.0726
-->8--
         16       3 
      5      24      20
     22      11      13 
 10       6      12       4
  9      14      21      15
     23      19      18 
      8      17       1
          2       7 
--8<--
found: sum= 79.0000 var=  0.0000 fitness= 79.0000
-->8--
         22       3 
      6      12      18
      7      24      21 
 20       8       1      16
  2      19      14      10
     23      13      17 
      5      15      11
          4       9 
--8<--
found: sum= 78.0000 var=  0.0000 fitness= 78.0000
-->8--
         18      19 
     16      21      15
     13       7      11 
 14       3       5      12
  6      22      17      10
     20      24      23 
      9       2       4
          1       8 
--8<--
found: sum= 78.0000 var=  0.0000 fitness= 78.0000
-->8--
          9       3 
     11      16      15
     12      20      19 
 21      10       5      14
  7      22       4      23
      6      17      13 
      8      24      18
          1       2 
--8<--
found: sum= 70.0000 var=  0.0000 fitness= 70.0000
-->8--
         20       7 
     21      16      17
      3       1      14 
 19       9      15      18
 13      22      12       6
      4      11       5 
     23       8      24
          2      10 
--8<--
