found: sum= 77.0000 var=  0.0000 fitness= 77.0000
-->8--
         12      17 
      4       6       9
     16      20      23 
 11      19       2      22
  5       8      15      14
     18      13       1 
      7      21       3
         10      24 
--8<--
found: sum= 78.0000 var=  0.0000 fitness= 78.0000
-->8--
         24      13 
      2      15      14
     12      21       8 
  6       4       7       9
 18      22      23      11
     16       1      20 
     17      19       5
          3      10 
--8<--
found: sum= 79.0000 var=  0.0000 fitness= 79.0000
-->8--
         15       5 
     21      14      13
      9      19      18 
  8       1      10       6
 17      24      22      12
     20       3      11 
      7      23       4
          2      16 
--8<--
found: sum= 75.0000 var=  0.0000 fitness= 75.0000
-->8--
         21      18 
      4       1      22
     16      19      12 
  6      14       3      24
  9      17       2      11
     13      20      23 
      7      10       5
          8      15 
--8<--
found: sum= 73.0000 var=  0.0000 fitness= 73.0000
-->8--
         15       9 
     14      17      11
      4      20      10 
  8       3       6      21
 18      24       1      22
     16      19      13 
      7       5      12
          2      23 
--8<--
found: sum= 79.0000 var=  0.0000 fitness= 79.0000
-->8--
         18       4 
     12      24      20
     15       1      14 
 21       9      16      13
  5      23       8      11
      6      22      17 
      2      19       3
          7      10 
--8<--
found: sum= 77.0000 var=  0.0000 fitness= 77.0000
-->8--
         10      21 
     24       8       2
     14       9      19 
 15      12      18       4
  3      17       1      13
     16      20      22 
      7       6      23
         11       5 
--8<--
found: sum= 78.0000 var=  0.0000 fitness= 78.0000
-->8--
          5       4 
     17       9      14
     15       8      20 
 11      24      23       6
 13       3       1      10
     12      19      18 
      7      16       2
         21      22 
--8<--
found: sum= 74.0000 var=  0.0000 fitness= 74.0000
-->8--
         20       1 
     24       5      14
      8      10      21 
 18       7      23       6
 22       4      13       9
     15      17       2 
      3      19      11
         16      12 
--8<--
found: sum= 76.0000 var=  0.0000 fitness= 76.0000
-->8--
         11      13 
      8      22      20
     10       2      14 
  6      23       5      15
  9      24       3      21
      4      19      18 
      1      12      17
         16       7 
--8<--
found: sum= 74.0000 var=  0.0000 fitness= 74.0000
-->8--
          2      22 
      3      11       7
     23      15      10 
 12      20       9      14
  6       5      21      19
      8       4       1 
     24      17      18
         16      13 
--8<--
found: sum= 79.0000 var=  0.0000 fitness= 79.0000
-->8--
         19       9 
      4      24      20
     16      15       8 
 14       1       3      12
 13      17      22      11
     18      21      23 
      7       6       2
         10       5 
--8<--
found: sum= 81.0000 var=  0.0000 fitness= 81.0000
-->8--
          2      18 
     10      23       4
     20      14       3 
  6      12      19       8
 15       7      24      11
     21       5      16 
      9      22      13
         17       1 
--8<--
found: sum= 81.0000 var=  0.0000 fitness= 81.0000
-->8--
          3       1 
      8      23      14
      7      19      15 
  2      21       9       6
 13      18      10      17
     20       4      24 
     11      16      22
         12       5 
--8<--
found: sum= 76.0000 var=  0.0000 fitness= 76.0000
-->8--
         12      14 
     10       2      20
     19       9      16 
  7      24      15       8
  4       5       1      13
     17      22      23 
     18       3       6
         11      21 
--8<--
found: sum= 75.0000 var=  0.0000 fitness= 75.0000
-->8--
          7      15 
      9      20      10
     19      14      11 
  8       6       5      16
 17      24       3      18
      1      23      22 
     21       2      13
          4      12 
--8<--
found: sum= 80.0000 var=  0.0000 fitness= 80.0000
-->8--
         19       8 
      7      24      11
     15      14       6 
 16       1      17       9
  5      21      23      12
     22       4      13 
     10      20       2
          3      18 
--8<--
found: sum= 73.0000 var=  0.0000 fitness= 73.0000
-->8--
         14      23 
     18      15      19
     12       4       1 
 20      10      11       3
  2      22      21      13
      7       5      24 
     16       6       9
         17       8 
--8<--
found: sum= 77.0000 var=  0.0000 fitness= 77.0000
-->8--
         11      18 
      5      24      14
     23       2      16 
 10      12       3      13
  4      19      21      17
      9      20       7 
     22       6       8
          1      15 
--8<--
found: sum= 78.0000 var=  0.0000 fitness= 78.0000
-->8--
          5      14 
      2      22       8
     11      21       1 
 19      17      12      16
  3       4       6      20
     24      18      23 
     13       9       7
         10      15 
--8<--
found: sum= 75.0000 var=  0.0000 fitness= 75.0000
-->8--
          6       2 
      3      24      18
     14      11       5 
 20      17      15      19
  7       9      13      22
      8      10       1 
      4      23      16
         21      12 
--8<--
found: sum= 78.0000 var=  0.0000 fitness= 78.0000
-->8--
          2      15 
      7      19       1
      9      24       8 
  3      17      11      18
 22       4       6      14
     23      16      21 
     12      10      20
         13       5 
--8<--
found: sum= 74.0000 var=  0.0000 fitness= 74.0000
-->8--
         16       5 
     17      23      24
     13       4       6 
 11       1      12      15
  9      22      14      20
     18      21       7 
      2       3      19
          8      10 
--8<--
found: sum= 78.0000 var=  0.0000 fitness= 78.0000
-->8--
          1       3 
     17      23       7
     11       8      21 
 15      18      16       5
 13      12      20      14
      9       4       2 
     10      24       6
         19      22 
--8<--
found: sum= 74.0000 var=  0.0000 fitness= 74.0000
-->8--
         13      11 
     24      16      15
     18       1      23 
 12       2       8       9
 14      22      20      10
      6      21       4 
      5       3       7
         17      19 
--8<--
found: sum= 80.0000 var=  0.0000 fitness= 80.0000
-->8--
          2      17 
     20      22      16
      8       7      15 
 12      21       3      18
  5      11      24       1
     23      14      19 
     10      13       4
          9       6 
--8<--
found: sum= 74.0000 var=  0.0000 fitness= 74.0000
-->8--
          3      13 
      2       5       8
     17      23      10 
 14      24      15      11
  9       4       7      19
      6       1      12 
     22      20      16
         21      18 
--8<--
found: sum= 79.0000 var=  0.0000 fitness= 79.0000
-->8--
         16       6 
     15      24       7
      4      17      11 
  9       3      14      18
 19      21      22       1
     23       2      13 
      5      20      10
          8      12 
--8<--
found: sum= 80.0000 var=  0.0000 fitness= 80.0000
-->8--
          7       2 
     15       4      13
     21      24      23 
 17       9      14      11
  3       8      19       1
     22       6      12 
     16      18       5
         10      20 
--8<--
found: sum= 76.0000 var=  0.0000 fitness= 76.0000
-->8--
          1       3 
     15      22       5
     20      16       6 
 19       2      24       7
 18       9      12      17
      8      13      10 
     11      14      23
         21       4 
--8<--
found: sum= 74.0000 var=  0.0000 fitness= 74.0000
-->8--
          6      15 
     17       4      14
     11      16       7 
 10      20      18      22
 13      12       5       1
      8       3      21 
     23      19      24
          9       2 
--8<--
found: sum= 82.0000 var=  0.0000 fitness= 82.0000
-->8--
          9       1 
      7      23      17
      8      19      12 
  6      16      10      11
 13      18       5      20
     21      14      24 
      4      22      15
          3       2 
--8<--
found: sum= 74.0000 var=  0.0000 fitness= 74.0000
-->8--
          7      19 
     18      15      12
     10       1      16 
  3      23      11      20
  5      24      13       8
      9       2       6 
      4      14      17
         21      22 
--8<--
found: sum= 79.0000 var=  0.0000 fitness= 79.0000
-->8--
         16      21 
     19      22      14
     15       3      11 
  6       4       8      12
 10      24      17      13
     20      23      18 
      1       9       7
          2       5 
--8<--
found: sum= 78.0000 var=  0.0000 fitness= 78.0000
-->8--
          1       9 
      3      22       6
     11      23      10 
  5      18       8      15
 13       7      20      21
     24       2       4 
     14      19      16
         12      17 
--8<--
found: sum= 74.0000 var=  0.0000 fitness= 74.0000
-->8--
          8       4 
      2      12       7
     13      24      10 
  5      15      17      18
 21      11       6      20
      9       1       3 
     16      23      22
         14      19 
--8<--
found: sum= 80.0000 var=  0.0000 fitness= 80.0000
-->8--
         22      18 
     15      24       9
      7       8      10 
 13       4      11      14
 12      21      19       6
     23      17      20 
      1      16       3
          2       5 
--8<--
found: sum= 71.0000 var=  0.0000 fitness= 71.0000
-->8--
         20      23 
      6       5      16
      4      14       2 
 15      22      11      18
 17       1      13      19
     12      10       8 
      3      24       9
         21       7 
--8<--
found: sum= 78.0000 var=  0.0000 fitness= 78.0000
-->8--
          6      15 
     12       1      16
     18      20      24 
  4      21       2      10
  5      19       7      13
     11       9      22 
     17      14       3
          8      23 
--8<--
found: sum= 77.0000 var=  0.0000 fitness= 77.0000
-->8--
         19       4 
      2       1      14
     18      16      22 
 13      21      20       5
 10       9       3      12
      6       8      15 
     24      23      17
          7      11 
--8<--
found: sum= 78.0000 var=  0.0000 fitness= 78.0000
-->8--
         14       3 
     21      18      13
      8      12      15 
 23       5      17      11
 16      20       2       9
      6      22      24 
     10      19       7
          1       4 
--8<--
found: sum= 72.0000 var=  0.0000 fitness= 72.0000
-->8--
         10      23 
     16       1      21
     22       9      11 
 15      14       7      17
 13       6      12      20
      2      24       5 
     18      19       8
          3       4 
--8<--
found: sum= 74.0000 var=  0.0000 fitness= 74.0000
-->8--
         12       1 
     19       2      16
     14      20      22 
 23       7      13       6
  9      11       8      21
     10      15       4 
      3      18       5
         17      24 
--8<--
found: sum= 78.0000 var=  0.0000 fitness= 78.0000
-->8--
          6      15 
      7      22       1
     17       5      12 
 16      21      23      13
 11       3       2       8
     10      24      20 
     18       9      19
         14       4 
--8<--
found: sum= 73.0000 var=  0.0000 fitness= 73.0000
-->8--
         19       1 
     15      23      12
      4       2      13 
 14      10      22       8
 18      24       6       7
      3       9      17 
     11       5      16
         21      20 
--8<--
found: sum= 77.0000 var=  0.0000 fitness= 77.0000
-->8--
         11      18 
     15      22       7
     17       3      19 
 12       9       8      10
 14      20      13       6
      5      24      21 
     23       1       2
          4      16 
--8<--
found: sum= 81.0000 var=  0.0000 fitness= 81.0000
-->8--
          6       1 
      7      20       2
     12      23      24 
 22      13      11      18
 10      15       3       4
      9      16      21 
      8      19       5
         14      17 
--8<--
found: sum= 80.0000 var=  0.0000 fitness= 80.0000
-->8--
          1      18 
     13      23       5
      4      20       6 
  9      19       8      11
 10      14      17      16
     24       2      22 
      7      21      15
         12       3 
--8<--
found: sum= 69.0000 var=  0.0000 fitness= 69.0000
-->8--
         13       9 
     24       5      18
      6       2      14 
 17      19      21      15
 23       3       4       8
      1      20       7 
     11      12      10
         22      16 
--8<--
found: sum= 75.0000 var=  0.0000 fitness= 75.0000
-->8--
          9      24 
      5       1      11
     18      20      17 
 15      22       2       3
  6      10      13      19
      4       8      21 
     16      14      12
         23       7 
--8<--
found: sum= 78.0000 var=  0.0000 fitness= 78.0000
-->8--
          3       8 
      2      20      15
     13      23       1 
  4      17      11      16
 14       6       9      19
     24      12      22 
     21      10      18
          5       7 
--8<--
found: sum= 75.0000 var=  0.0000 fitness= 75.0000
-->8--
         21      11 
     20      17      12
      9       5      24 
 14       3       6      19
 18      16      23       1
     15      22       2 
     10       8      13
          4       7 
--8<--
found: sum= 78.0000 var=  0.0000 fitness= 78.0000
-->8--
          7       1 
     13      19      10
     17      16      14 
  9       6      18      12
 20      23      11       8
      3       4      15 
     24      22      21
          2       5 
--8<--
found: sum= 76.0000 var=  0.0000 fitness= 76.0000
-->8--
          5      12 
     21      10       3
     15      16      24 
  7       9      11      13
 19      18       2       4
      8      20      22 
     23       1      17
          6      14 
--8<--
found: sum= 80.0000 var=  0.0000 fitness= 80.0000
-->8--
          7       1 
      6      21      16
     20      24      13 
 17       2       5      10
 14      12      19      11
     15      18      22 
      3       9       8
         23       4 
--8<--
found: sum= 74.0000 var=  0.0000 fitness= 74.0000
-->8--
          1       4 
     19      21      11
      7      23       6 
 13       3       9      20
 18      17      12      22
     16      10       5 
     14      15      24
          2       8 
--8<--
found: sum= 81.0000 var=  0.0000 fitness= 81.0000
-->8--
         12      11 
     20      19      15
     13       8      10 
  3       9      18       6
 16      23      21       4
     17       2      22 
     14      24       5
          1       7 
--8<--
found: sum= 82.0000 var=  0.0000 fitness= 82.0000
-->8--
          8       7 
     10      23       1
     19      13      20 
  2       9      18       4
 24       6      21       5
     22      15      14 
     16      12      17
         11       3 
--8<--
found: sum= 75.0000 var=  0.0000 fitness= 75.0000
-->8--
         23      10 
      5      22      12
      7      16       4 
 14       2      11       6
 13      19      24       9
     20       3      21 
     17       1      18
         15       8 
--8<--
found: sum= 73.0000 var=  0.0000 fitness= 73.0000
-->8--
         22      12 
      9      13       1
      3      24       6 
 18       2      17      15
 19      10      16       5
     21       4      14 
      7       8      11
         23      20 
--8<--
found: sum= 79.0000 var=  0.0000 fitness= 79.0000
-->8--
         12      14 
      5      22      17
     24       1      19 
  2      15       6      16
  7      13      23      11
     18      21       4 
      9       8       3
         10      20 
--8<--
found: sum= 80.0000 var=  0.0000 fitness= 80.0000
-->8--
          8      11 
     16       5       4
     24      17      23 
  6      10      20       3
 15       7      12      13
     18      14       9 
     19      21       2
          1      22 
--8<--
found: sum= 73.0000 var=  0.0000 fitness= 73.0000
-->8--
         23      21 
      1       2       3
      6      22      13 
  7      19      12      14
 16       5      11       8
     20       4      15 
     18       9      10
         17      24 
--8<--
found: sum= 79.0000 var=  0.0000 fitness= 79.0000
-->8--
          4      20 
      9      24       3
     21      19       8 
  7       2       5      10
 15      16      23      22
     18      14      11 
      6      13       1
         12      17 
--8<--
found: sum= 79.0000 var=  0.0000 fitness= 79.0000
-->8--
         10      24 
      2      13      14
     22      11      16 
  3      21       1      12
  9       5      18      15
     19      23      17 
     20       8       7
          4       6 
--8<--
found: sum= 73.0000 var=  0.0000 fitness= 73.0000
-->8--
         11       2 
     18      12      23
     10      14      16 
  4       8       6       3
 22      24      20      21
      5       1       7 
      9      15      17
         19      13 
--8<--
found: sum= 76.0000 var=  0.0000 fitness= 76.0000
-->8--
         15      13 
     16      19      11
      8      17       7 
 10       1       9       4
 12      21      22      14
     24       6      20 
     18       2      23
          5       3 
--8<--
found: sum= 78.0000 var=  0.0000 fitness= 78.0000
-->8--
          4       6 
      5       9      21
     24      13      22 
 18      23       7       3
  1       2      17      15
     10      16      14 
     20      11      12
         19       8 
--8<--
found: sum= 78.0000 var=  0.0000 fitness= 78.0000
-->8--
         22      16 
      2       4      21
     23       3      15 
 13      24      19      12
  1       6       8       7
     11      18      17 
     14      20      10
          9       5 
--8<--
found: sum= 78.0000 var=  0.0000 fitness= 78.0000
-->8--
          7       2 
      3      21       6
     14       9      23 
 12      24      17      22
 10       5       4      11
     13      19       1 
      8      18      20
         15      16 
--8<--
found: sum= 74.0000 var=  0.0000 fitness= 74.0000
-->8--
         21      12 
     20       3      16
     10      11      15 
 18       9      17       6
  1      22      13      19
     14       2       4 
      7      24      23
          5       8 
--8<--
found: sum= 78.0000 var=  0.0000 fitness= 78.0000
-->8--
         18      14 
      5      24      19
     22       8       3 
 13       1      10      12
  7      20      23      21
     15      16       9 
      6      17       2
          4      11 
--8<--
found: sum= 73.0000 var=  0.0000 fitness= 73.0000
-->8--
         21      18 
     22       2      23
     16       8      17 
 19       4       5       3
  1      20      24      14
     13      12      10 
     15       7       9
          6      11 
--8<--
found: sum= 74.0000 var=  0.0000 fitness= 74.0000
-->8--
          6      12 
     17       3       1
      8      24      19 
 18      16      15      22
  4       7       2      11
     21      10       5 
      9      14      20
         13      23 
--8<--
found: sum= 80.0000 var=  0.0000 fitness= 80.0000
-->8--
         11      14 
      7      16      10
     21      13      18 
  1      12       9       2
  5      19      23       8
     22       4      20 
     17       3       6
         15      24 
--8<--
found: sum= 74.0000 var=  0.0000 fitness= 74.0000
-->8--
          5      23 
     22      14      21
      4      13       2 
  9      16       1      20
 10      11      15      17
     24      18      19 
      8       7       3
          6      12 
--8<--
found: sum= 79.0000 var=  0.0000 fitness= 79.0000
-->8--
          8      13 
     12       1      10
     16      23      17 
  7      19      15       9
  5      14       6      11
     18       2      21 
      3      22       4
         20      24 
--8<--
found: sum= 74.0000 var=  0.0000 fitness= 74.0000
-->8--
         16      12 
     21       1      22
      2      11      19 
 14      23       9      15
  3       8       5       6
     24      18      20 
      7       4      17
         13      10 
--8<--
found: sum= 79.0000 var=  0.0000 fitness= 79.0000
-->8--
         10       3 
      6      24       4
      5      16      20 
  1      18      12       9
 15      23       2      14
     17       8      22 
     11       7      19
         13      21 
--8<--
found: sum= 75.0000 var=  0.0000 fitness= 75.0000
-->8--
         15      24 
      1      20      10
     12      16       3 
 14      11       2       8
 18       7      22      19
     13      17      21 
     23       6       5
          9       4 
--8<--
found: sum= 77.0000 var=  0.0000 fitness= 77.0000
-->8--
         24      19 
      1      10      18
     23       2       6 
  4      17      22       7
  3      16       8      13
     14      12      21 
     15      11      20
          9       5 
--8<--
execution time: real 0.408402s user 0.007998s sys 0.004999s
GA: P=50 K=10 sp=2 xover=2D/1 optrpl=2 optskip=10 optmax=1.142857
generation #402: pop m= 79.263 v= 45.475 f= 56.720 best_age=208
best: sum= 85.1429 var=  0.1224 fitness= 83.4286
-->8--
          2      11 
      4      23       3
     20      19      16 
 10      18      13       9
  7       6      14      12
     24      15      21 
     17      22       8
          1       5 
--8<--
found: sum= 77.0000 var=  0.0000 fitness= 77.0000
-->8--
         24      19 
      1      10      18
     23       2       6 
  4      17      22       7
  3      16       8      13
     14      12      21 
     15      11      20
          9       5 
--8<--
