found: sum= 75.0000 var=  0.0000 fitness= 75.0000 age=0
-->8--
          8      19 
     12      21       4
     14       7       9 
  1      13      15       2
 18       6      24      20
     23      10       5 
     17       3      22
         16      11 
--8<--
found: sum= 75.0000 var=  0.0000 fitness= 75.0000 age=0
-->8--
          7       9 
     13       3      18
     24      23      16 
 15       5       6      22
  2      10      11       8
     19      20      12 
      4       1      17
         21      14 
--8<--
found: sum= 72.0000 var=  0.0000 fitness= 72.0000 age=0
-->8--
         14      21 
     24      13      10
     12       6       7 
 11       3      15       9
 22      20      23       2
      4       5      16 
     18       8       1
         17      19 
--8<--
found: sum= 69.0000 var=  0.0000 fitness= 69.0000 age=0
-->8--
         19      21 
     20       1      17
     16       2       4 
  5      11      24      22
 15       8       6      10
     14      18       3 
      9       7      23
         13      12 
--8<--
found: sum= 78.0000 var=  0.0000 fitness= 78.0000 age=0
-->8--
         11      12 
      7      17       8
     20      22      13 
  2       1       6      18
 19      15      24       3
     21      10      14 
     23       5       9
          4      16 
--8<--
found: sum= 78.0000 var=  0.0000 fitness= 78.0000 age=0
-->8--
          4      12 
      9       7      11
     18      23      19 
  8      17       6      21
 20       5       3      15
     10      24      14 
      1      22       2
         16      13 
--8<--
found: sum= 75.0000 var=  0.0000 fitness= 75.0000 age=0
-->8--
         24       6 
      5      20      18
      4      12      11 
 16      10       8      19
 15      21       1      22
      9      23      14 
      2      17       7
          3      13 
--8<--
found: sum= 81.0000 var=  0.0000 fitness= 81.0000 age=0
-->8--
         22       2 
      3      23      10
      7       6      21 
 13      20      19      11
  9      14      17       1
     18       5      12 
      4      24       8
         16      15 
--8<--
found: sum= 75.0000 var=  0.0000 fitness= 75.0000 age=0
-->8--
          3       4 
      9      21      14
     16       2      11 
  5      24      23      18
 17       6       1      10
      7      19      12 
     15       8      13
         20      22 
--8<--
found: sum= 77.0000 var=  0.0000 fitness= 77.0000 age=0
-->8--
         14       1 
      4       3      17
     13      21      20 
  9      22      15      16
 10      11       2       5
     12       6      19 
      7      18      24
         23       8 
--8<--
found: sum= 76.0000 var=  0.0000 fitness= 76.0000 age=0
-->8--
         18       8 
     23       2      11
      4      22      24 
  5       7       9      10
 19      20      17       3
     21       1      13 
      6      16      14
         12      15 
--8<--
found: sum= 80.0000 var=  0.0000 fitness= 80.0000 age=0
-->8--
          7       2 
     13       8      23
     15      21      22 
 14      16       4       5
  6      11      19      10
     18       9      20 
      1      17       3
         24      12 
--8<--
found: sum= 75.0000 var=  0.0000 fitness= 75.0000 age=0
-->8--
         16       2 
      9      12      18
     11      17      21 
 22      10       5      19
 13      15      20       7
      4       8       3 
     23      24       6
          1      14 
--8<--
found: sum= 76.0000 var=  0.0000 fitness= 76.0000 age=0
-->8--
         12       6 
     18      11      19
     16       9      17 
  5      10      14      23
  3      20       2       7
     22      21      13 
      8       1      15
          4      24 
--8<--
found: sum= 82.0000 var=  0.0000 fitness= 82.0000 age=0
-->8--
         16      19 
      4      24       3
     11       7      14 
  1      20      15       9
  6      23      12      10
     21       5      22 
      2      18      17
         13       8 
--8<--
found: sum= 79.0000 var=  0.0000 fitness= 79.0000 age=0
-->8--
         20      11 
      7      23      15
      9       8      18 
 13      12       4       5
  2      24      14      22
     19      17      16 
      6      10      21
          3       1 
--8<--
found: sum= 77.0000 var=  0.0000 fitness= 77.0000 age=0
-->8--
         14      12 
     18      13       3
      1       8      17 
  5      23      24       4
 19       7       6      15
     22       9      11 
     16      21      20
          2      10 
--8<--
found: sum= 73.0000 var=  0.0000 fitness= 73.0000 age=0
-->8--
          3       8 
     13      12      19
     10      20       9 
 14      15       5      18
 11       7       2      22
     16      24      17 
      4       1      23
         21       6 
--8<--
found: sum= 76.0000 var=  0.0000 fitness= 76.0000 age=0
-->8--
          7       9 
     19      11      13
      4      20       2 
  3      15      21      22
 17      14       5      10
     23       1      16 
      8      24      12
          6      18 
--8<--
found: sum= 78.0000 var=  0.0000 fitness= 78.0000 age=0
-->8--
          9       2 
     11      24       7
      8      20      13 
 23       6      12       1
 10      17      19      18
     14       4      15 
      5      16       3
         22      21 
--8<--
found: sum= 73.0000 var=  0.0000 fitness= 73.0000 age=0
-->8--
         12      14 
     22       2      21
     10       9      23 
  5      18       4      11
 19       1      17      15
     20      24       3 
      8       7       6
         13      16 
--8<--
found: sum= 72.0000 var=  0.0000 fitness= 72.0000 age=0
-->8--
          5       4 
     16      19      21
      6      14       1 
 15      12      13      20
 24       8       3      18
      7      22      17 
      2      10      11
         23       9 
--8<--
found: sum= 79.0000 var=  0.0000 fitness= 79.0000 age=0
-->8--
         16       4 
     13      12      17
      9      11      20 
  5      18      15       1
 22       2      19       3
     23      14      21 
     24      10       8
          6       7 
--8<--
found: sum= 82.0000 var=  0.0000 fitness= 82.0000 age=0
-->8--
          6      10 
      3      12      14
     18      24      20 
  8      19       2      21
  5      17      13       4
     15       7      22 
      9      23      16
         11       1 
--8<--
found: sum= 80.0000 var=  0.0000 fitness= 80.0000 age=0
-->8--
          2       6 
     18      21       3
     12      22      20 
 15       5       8      10
 23      14      24       1
     11       7      17 
     16      19       4
         13       9 
--8<--
found: sum= 76.0000 var=  0.0000 fitness= 76.0000 age=0
-->8--
         24      16 
     14      15       1
      8      10      23 
  6       5      11       3
 19      17      13      22
     21      20       4 
      2       9      18
          7      12 
--8<--
found: sum= 81.0000 var=  0.0000 fitness= 81.0000 age=0
-->8--
         23      11 
      4      24       9
     22       6      13 
 12       2      18       7
  5      19      20       8
     21      16      15 
      1      10       3
         14      17 
--8<--
found: sum= 80.0000 var=  0.0000 fitness= 80.0000 age=0
-->8--
         19       9 
      3      17       5
     13      18       8 
 14      10      23      20
  6      21       1       4
     16       7      24 
      2      22      11
         12      15 
--8<--
found: sum= 81.0000 var=  0.0000 fitness= 81.0000 age=0
-->8--
         12       1 
      2      19       7
     17      21      13 
 24      10      20       6
  8       4      11       9
     18      15      22 
      5      16      14
         23       3 
--8<--
found: sum= 81.0000 var=  0.0000 fitness= 81.0000 age=0
-->8--
         11       6 
      7      21       2
     24      14      15 
  9       4      23      18
  5      17       3      12
     22      20      10 
      8      13      16
          1      19 
--8<--
found: sum= 82.0000 var=  0.0000 fitness= 82.0000 age=0
-->8--
          4       2 
      7      15      13
     24      22      19 
  6      10      11       9
 14      20       3      17
      8      16      23 
      5      21       1
         12      18 
--8<--
found: sum= 72.0000 var=  0.0000 fitness= 72.0000 age=0
-->8--
          7       1 
     14       9       5
     13      18      22 
 21      11      17      20
 15      10       4       3
      2      12       6 
     24       8      23
         16      19 
--8<--
found: sum= 81.0000 var=  0.0000 fitness= 81.0000 age=0
-->8--
          7       3 
      8      23       4
      5      22      18 
 14      16      11       1
  9      13      17      19
     24       2      15 
     12      20       6
         10      21 
--8<--
found: sum= 79.0000 var=  0.0000 fitness= 79.0000 age=0
-->8--
          9       6 
     19      16      21
     24       3      20 
  4       8      13      10
 12      14      23       2
     17      18      11 
     22       7       5
          1      15 
--8<--
found: sum= 73.0000 var=  0.0000 fitness= 73.0000 age=0
-->8--
         22      20 
     23       9       6
      2       7      18 
 17      10      13       5
  1      24      11      12
     19       8      14 
      4       3      21
         15      16 
--8<--
found: sum= 81.0000 var=  0.0000 fitness= 81.0000 age=0
-->8--
         15       6 
      2      20       8
      9      14      11 
 16      21      22       1
  4       7      12      17
     24       5      18 
     19      23      13
          3      10 
--8<--
found: sum= 78.0000 var=  0.0000 fitness= 78.0000 age=0
-->8--
          6       3 
     11      20      16
     18      15      22 
 13       8       2       9
 10      24      17       7
      5      12      21 
     19       4       1
         14      23 
--8<--
found: sum= 79.0000 var=  0.0000 fitness= 79.0000 age=0
-->8--
          2      21 
     16      24       4
     22       7       5 
 11       8      18      12
  1      14      19      10
     23      13      15 
      3       6      17
         20       9 
--8<--
found: sum= 80.0000 var=  0.0000 fitness= 80.0000 age=0
-->8--
         12      14 
      2      20       5
     21      10      24 
 18      15       7       4
  3      17      23       9
      6       8      13 
     22      16      19
         11       1 
--8<--
found: sum= 74.0000 var=  0.0000 fitness= 74.0000 age=0
-->8--
          1      20 
     23       2       3
      5      22      14 
 15      21      13      18
 11       6       8      12
     16       4       9 
      7      24      10
         17      19 
--8<--
found: sum= 79.0000 var=  0.0000 fitness= 79.0000 age=0
-->8--
         14       3 
     12      15       8
      9      13      18 
  6      16      22       2
 21      17       7      11
     10       4      19 
     23      24      20
          1       5 
--8<--
found: sum= 77.0000 var=  0.0000 fitness= 77.0000 age=0
-->8--
         11       6 
     16       7      24
     14      21       4 
 22       8      15       1
  3      13      18      19
     17       2      20 
     10      23       9
         12       5 
--8<--
found: sum= 76.0000 var=  0.0000 fitness= 76.0000 age=0
-->8--
          2       8 
     14      20       5
     18      21      12 
  9       1      10       6
 13      16      17      24
     19      11       7 
      3       4      22
         23      15 
--8<--
found: sum= 78.0000 var=  0.0000 fitness= 78.0000 age=0
-->8--
         11       6 
      5      16      24
     14      13      10 
 15      19       9      23
  1      21      12       2
      8       4      22 
     18      20      17
          7       3 
--8<--
found: sum= 77.0000 var=  0.0000 fitness= 77.0000 age=0
-->8--
         13      11 
      9      10       1
     22      18      21 
  7       5      16      12
 17      20       3      23
      6      15       2 
      8      24      19
          4      14 
--8<--
found: sum= 81.0000 var=  0.0000 fitness= 81.0000 age=0
-->8--
         11       3 
      5      23      12
     18      17      16 
 19       7      10       4
 14      21      20       9
      2       6      22 
     15      24       1
         13       8 
--8<--
found: sum= 75.0000 var=  0.0000 fitness= 75.0000 age=0
-->8--
         15       9 
     19      24      14
     11       4       3 
 22       2      21       1
  8      12      23      17
     20      13      10 
      5       7      16
         18       6 
--8<--
found: sum= 76.0000 var=  0.0000 fitness= 76.0000 age=0
-->8--
         19       4 
      2      10      22
      8      17      14 
 16      20       9      23
  3      18       5      12
     11       7      13 
     15      24       6
          1      21 
--8<--
found: sum= 72.0000 var=  0.0000 fitness= 72.0000 age=0
-->8--
         17       6 
     21      10      14
     11       9      13 
 23       4      20       1
 22       7      24      12
      5       8       2 
     15      19      16
         18       3 
--8<--
found: sum= 75.0000 var=  0.0000 fitness= 75.0000 age=0
-->8--
         23       8 
      3      10      14
     19      16       6 
  2       4      21       7
 22      13      12       5
     15       9      24 
     20       1      11
         17      18 
--8<--
found: sum= 75.0000 var=  0.0000 fitness= 75.0000 age=0
-->8--
         20      11 
      9      15      22
     24       1       7 
  5       6      19       8
 18      10      16      21
     12      23       4 
     14      13       2
          3      17 
--8<--
found: sum= 76.0000 var=  0.0000 fitness= 76.0000 age=0
-->8--
          2      12 
     17      21       5
     15       8       6 
 23      13      24      22
  4      14       1       3
      7      16      20 
     19      11      18
          9      10 
--8<--
found: sum= 76.0000 var=  0.0000 fitness= 76.0000 age=0
-->8--
          9       8 
     15       1      23
     12      18      19 
 13      21       7      22
  5      11      16       2
     14       3      10 
      4      24      17
         20       6 
--8<--
found: sum= 80.0000 var=  0.0000 fitness= 80.0000 age=0
-->8--
         11      10 
     15      17      21
     22       7      13 
  5       8      12       3
  4      18      19       9
     23      16      24 
      2       1       6
         20      14 
--8<--
found: sum= 76.0000 var=  0.0000 fitness= 76.0000 age=0
-->8--
          6      19 
     13      17       7
     24       1      10 
 11      15      22      21
  9      12       3      16
      5      23       4 
      2      20       8
         14      18 
--8<--
found: sum= 72.0000 var=  0.0000 fitness= 72.0000 age=0
-->8--
         15      11 
     14      13      21
      9      17       8 
 16       4       2       7
 18      24      22      23
      1       3      10 
      5      19       6
         20      12 
--8<--
found: sum= 78.0000 var=  0.0000 fitness= 78.0000 age=0
-->8--
          8       3 
     24      14       7
      9      22      19 
 12       1      13       6
 18      17      20      16
     21       5       4 
     10      23      11
          2      15 
--8<--
found: sum= 71.0000 var=  0.0000 fitness= 71.0000 age=0
-->8--
         23      22 
     13       2      16
     14       1       6 
  4      18      24      21
 15       9       7       8
     11      12       5 
      3      17      20
         19      10 
--8<--
found: sum= 74.0000 var=  0.0000 fitness= 74.0000 age=0
-->8--
         13      23 
     14       2       3
     15       9      18 
  4      21      19      16
 17       7      12       8
     10       6       1 
      5      24      11
         22      20 
--8<--
found: sum= 77.0000 var=  0.0000 fitness= 77.0000 age=0
-->8--
         11      21 
     22       6       2
     17       5      19 
  8      16      24       4
 14       9       3      15
     13      20      12 
      7      18      23
         10       1 
--8<--
found: sum= 82.0000 var=  0.0000 fitness= 82.0000 age=0
-->8--
         12      16 
      4       6       5
     23      19      21 
 10      18      15      17
  1       8       2       3
     22      20      24 
      7      14       9
         11      13 
--8<--
found: sum= 83.0000 var=  0.0000 fitness= 83.0000 age=0
-->8--
         19       1 
      6      22      12
     15      10      24 
 17      11      14       5
  2      18      23       4
     20       7      13 
      8      21       3
          9      16 
--8<--
found: sum= 79.0000 var=  0.0000 fitness= 79.0000 age=0
-->8--
         15       5 
      1      23      10
     19      17       3 
 13       4      21      11
 12       7      22       2
     24       8      20 
     18       6      14
         16       9 
--8<--
found: sum= 76.0000 var=  0.0000 fitness= 76.0000 age=0
-->8--
         23       9 
      8      20      17
     12      10       5 
 11       3      15      14
 13      18      24      16
     19       6       2 
      7      22       1
          4      21 
--8<--
found: sum= 74.0000 var=  0.0000 fitness= 74.0000 age=0
-->8--
         14       4 
     13      21      10
     11       8       9 
 19       7      22       3
  5      20      15      24
     12       2       1 
      6      16      17
         18      23 
--8<--
found: sum= 79.0000 var=  0.0000 fitness= 79.0000 age=0
-->8--
         13      14 
      5      19       4
      7      17      24 
  3      18       1      22
 23      12      10       2
     16      21      20 
      6       9      11
         15       8 
--8<--
found: sum= 78.0000 var=  0.0000 fitness= 78.0000 age=0
-->8--
          1      13 
     23       3       4
     10      21      22 
  5      20      15      18
 17       7       9       2
     19       6      12 
      8      24      11
         14      16 
--8<--
found: sum= 75.0000 var=  0.0000 fitness= 75.0000 age=0
-->8--
          5      22 
      8       9      20
     24      10      13 
  3      19       1      23
  6      12      18      16
     11      15       4 
     21      14      17
          2       7 
--8<--
found: sum= 79.0000 var=  0.0000 fitness= 79.0000 age=0
-->8--
          5       1 
     11      24       6
     10      16      15 
 12      13      17       3
 19       4      20      22
     21       9       2 
      8      23      18
         14       7 
--8<--
found: sum= 80.0000 var=  0.0000 fitness= 80.0000 age=0
-->8--
         16      21 
      3      24       4
     11       8      14 
  2      18       9       1
 22      15      23      13
     12       7      20 
     10      19       6
         17       5 
--8<--
found: sum= 79.0000 var=  0.0000 fitness= 79.0000 age=0
-->8--
         12       3 
      4      23       6
     14       8      17 
 19      18      22      16
 10       5      15       2
     13      11       7 
      9      21      24
         20       1 
--8<--
found: sum= 80.0000 var=  0.0000 fitness= 80.0000 age=0
-->8--
          8       6 
      9      17       3
      7      15      20 
 21      24      19      14
  2      10       1       4
     16      11      22 
     12      18      23
         13       5 
--8<--
found: sum= 81.0000 var=  0.0000 fitness= 81.0000 age=0
-->8--
          8       9 
      5      21       7
     12      11      16 
 15      24      17      14
  1       6       4      10
     23      19      20 
     18      13       3
          2      22 
--8<--
found: sum= 77.0000 var=  0.0000 fitness= 77.0000 age=0
-->8--
         22      12 
      7      15      18
     23       1      20 
  8       9      11       6
  5      19      16      14
     13      21      10 
     17       4       2
          3      24 
--8<--
found: sum= 79.0000 var=  0.0000 fitness= 79.0000 age=0
-->8--
          9      11 
      1      10      15
     19      16      13 
  7      24      14      20
  3      18       5       4
      8       2      23 
     17      22      21
         12       6 
--8<--
found: sum= 76.0000 var=  0.0000 fitness= 76.0000 age=0
-->8--
          3       5 
      6      16       2
     24      20      12 
 17       7      21      18
 15       4       1      13
      9      23      11 
     10       8      14
         22      19 
--8<--
found: sum= 79.0000 var=  0.0000 fitness= 79.0000 age=0
-->8--
          5       3 
     11      21      16
     20      10       6 
 24      12      23      18
  1       8       4       9
     14      22      19 
     13      15      17
          7       2 
--8<--
found: sum= 81.0000 var=  0.0000 fitness= 81.0000 age=0
-->8--
          8       3 
      2      24      21
     20       4      11 
  9      23      18      16
  6      10      14       7
     13      12      15 
      5      22      17
         19       1 
--8<--
found: sum= 80.0000 var=  0.0000 fitness= 80.0000 age=0
-->8--
         17       3 
     16      18      23
     14       4      13 
  8      11      19       7
  1      24      20       9
     22       2      12 
      6      21      15
          5      10 
--8<--
found: sum= 78.0000 var=  0.0000 fitness= 78.0000 age=0
-->8--
         17       3 
      2       6      18
     20      19      21 
 12      14      11       8
  4      15       9      22
     13      10       7 
     16      23      24
          1       5 
--8<--
found: sum= 76.0000 var=  0.0000 fitness= 76.0000 age=0
-->8--
         11       4 
      2       3      14
     18      19      24 
  9      23      12      10
 13       5       1      22
      8      16       7 
     21      20      17
          6      15 
--8<--
found: sum= 84.0000 var=  0.0000 fitness= 84.0000 age=0
-->8--
          5      10 
      7      16       2
     24      21      23 
  6      11      12       4
  3      18      13      17
     22       9      15 
     14      20      19
          1       8 
--8<--
found: sum= 81.0000 var=  0.0000 fitness= 81.0000 age=0
-->8--
          1      15 
      4      11      10
     23      20      17 
  3      22       8       7
  6      13      16      12
     14       2      21 
     24      19       5
          9      18 
--8<--
found: sum= 81.0000 var=  0.0000 fitness= 81.0000 age=0
-->8--
          6      12 
     14      18       5
     16      17      22 
 11      10       7      15
  2      23      20       8
     19       4       9 
     13      21       3
          1      24 
--8<--
found: sum= 79.0000 var=  0.0000 fitness= 79.0000 age=0
-->8--
         10       6 
      9      20      18
      7      17      13 
 19      16       5      23
  1      24      14       2
     12       3      22 
     15      21      11
          4       8 
--8<--
found: sum= 82.0000 var=  0.0000 fitness= 82.0000 age=0
-->8--
          2      17 
     15      14       8
     23       6      24 
  3      22      13       9
  7      11      20       4
     16      10      12 
      5      21       1
         19      18 
--8<--
found: sum= 80.0000 var=  0.0000 fitness= 80.0000 age=0
-->8--
          1       3 
      9      17      11
     10      19      22 
  7      24       8      16
 12       4       5      14
     23      20      15 
     18      13       6
          2      21 
--8<--
found: sum= 83.0000 var=  0.0000 fitness= 83.0000 age=0
-->8--
         11      19 
      4      23       8
     24      14      10 
 18       7       9      13
  3      16      17      12
     15      20      22 
      6      21       1
          5       2 
--8<--
found: sum= 78.0000 var=  0.0000 fitness= 78.0000 age=0
-->8--
         23      22 
      7      17       1
      9      16      14 
 21       6       8       2
 13      18      20      19
     11      10      15 
     12      24       4
          3       5 
--8<--
found: sum= 82.0000 var=  0.0000 fitness= 82.0000 age=0
-->8--
          8      20 
      5      19       2
     21      11      23 
  1      18       7      16
 14      22       9       3
      6      15      24 
     10      17      13
         12       4 
--8<--
found: sum= 79.0000 var=  0.0000 fitness= 79.0000 age=0
-->8--
         23       4 
      1      22       6
      3      20      16 
 21      10      11      14
  9      19      12       2
     17       7      24 
     18      13      15
          5       8 
--8<--
found: sum= 78.0000 var=  0.0000 fitness= 78.0000 age=0
-->8--
         10       5 
     21      11       8
      6      18      16 
  1      12      20      15
 23      17       9       4
     19       2      14 
      3      24       7
         13      22 
--8<--
found: sum= 85.0000 var=  0.0000 fitness= 85.0000 age=0
-->8--
          4      12 
      6      18       1
     19      22      23 
  8      16       9      17
  7      15      10       2
     20      13      24 
      5      21       3
         11      14 
--8<--
found: sum= 81.0000 var=  0.0000 fitness= 81.0000 age=0
-->8--
          2       4 
     18      21       6
     10      19      23 
 15      11       8       1
  9      14      24      13
     22       5      12 
      3      17      16
         20       7 
--8<--
found: sum= 75.0000 var=  0.0000 fitness= 75.0000 age=0
-->8--
          3      18 
     13      10      12
     11      21       9 
  6      17       5      14
 16       2       8      24
     23      22      15 
      1       7      19
         20       4 
--8<--
found: sum= 80.0000 var=  0.0000 fitness= 80.0000 age=0
-->8--
         12      20 
     15      22       8
      3       5      21 
  7      23       4       2
 10      13      18      19
     24      17      16 
     11      14       6
          1       9 
--8<--
found: sum= 77.0000 var=  0.0000 fitness= 77.0000 age=0
-->8--
         14      12 
     18      13       3
      1       8      17 
  5      23      24       4
 19       7       6      15
     22       9      11 
     16      21      20
          2      10 
--8<--
found: sum= 80.0000 var=  0.0000 fitness= 80.0000 age=0
-->8--
          5      12 
      7      13      17
     24      23       6 
 10       8       9      11
  4      15      22      14
     19       3      18 
      2      20      16
         21       1 
--8<--
found: sum= 77.0000 var=  0.0000 fitness= 77.0000 age=0
-->8--
         24       2 
      1      19      23
      4       7      21 
 11      22       5      10
  8      12      17      18
     20      14       6 
      3      15      16
         13       9 
--8<--
found: sum= 78.0000 var=  0.0000 fitness= 78.0000 age=0
-->8--
         19      16 
      5      17      18
     13       3       2 
 20      21      22      10
  1      12       6      15
     11      14      23 
      8      24       7
          9       4 
--8<--
found: sum= 79.0000 var=  0.0000 fitness= 79.0000 age=0
-->8--
          1       7 
     22      24      15
     14       8       2 
  3      10      23      16
 13      21      12       9
     18       5      17 
     11      20      19
          4       6 
--8<--
found: sum= 81.0000 var=  0.0000 fitness= 81.0000 age=0
-->8--
         18       3 
     10      23      15
      4       5      24 
 14      21      11       2
  1      19      16       8
     22       9      20 
      6      12       7
         13      17 
--8<--
found: sum= 77.0000 var=  0.0000 fitness= 77.0000 age=0
-->8--
         10      20 
     15      18       3
     11       1      23 
 13      22      12       7
  4      19      17       2
      8       6      16 
     21       9       5
         14      24 
--8<--
found: sum= 81.0000 var=  0.0000 fitness= 81.0000 age=0
-->8--
          6      17 
     11      23       8
     16      10       9 
  4      15      14      13
  3      22       2      19
     21      18      24 
      7      12       5
          1      20 
--8<--
found: sum= 77.0000 var=  0.0000 fitness= 77.0000 age=0
-->8--
         16       5 
      8      17       4
      7      19      23 
 22      10       9       1
  2      12      13      20
     24      14      11 
      6       3      21
         18      15 
--8<--
found: sum= 82.0000 var=  0.0000 fitness= 82.0000 age=0
-->8--
          3       5 
     11      21      10
     20       8      16 
  6      19      22      17
 13       9       1      12
     15      23      14 
      4      24       2
          7      18 
--8<--
found: sum= 81.0000 var=  0.0000 fitness= 81.0000 age=0
-->8--
          5       1 
      7      10      17
     20      24      21 
  3      15       8      13
  9      16       6      11
     18      12      22 
      2      14      23
         19       4 
--8<--
found: sum= 80.0000 var=  0.0000 fitness= 80.0000 age=0
-->8--
         16       3 
     10      21       5
     11      20      13 
 23       2      18       4
  8      14      19      17
     22       7       9 
     12      24       6
          1      15 
--8<--
found: sum= 78.0000 var=  0.0000 fitness= 78.0000 age=0
-->8--
         17       3 
      2       6      18
     20      19      21 
 12      14      11       8
  4      15       9      22
     13      10       7 
     16      23      24
          1       5 
--8<--
found: sum= 80.0000 var=  0.0000 fitness= 80.0000 age=0
-->8--
         18      19 
      3      14      15
     24      10      21 
  4      11       1       9
 12      16      20       6
     13      22      23 
      7       5       2
         17       8 
--8<--
found: sum= 74.0000 var=  0.0000 fitness= 74.0000 age=0
-->8--
         10      14 
      4       7      20
     19      21       9 
 11      13       3      18
  6       8       5      23
     17      24      16 
     22       2      12
          1      15 
--8<--
found: sum= 83.0000 var=  0.0000 fitness= 83.0000 age=0
-->8--
          7       8 
     22      21       3
     12      15      23 
  4       6      13       1
 20      17      18       9
     24      14      19 
     10      16      11
          2       5 
--8<--
found: sum= 79.0000 var=  0.0000 fitness= 79.0000 age=0
-->8--
          3      14 
     16      21       6
      8      22      15 
  2       9       1      10
 23      18      24      17
     19       5      12 
      4      20       7
         13      11 
--8<--
found: sum= 83.0000 var=  0.0000 fitness= 83.0000 age=0
-->8--
         12       1 
      6      24      13
     15      17      18 
  7       9      10       2
 22      16      11      19
     14      20      23 
      8      21       3
          4       5 
--8<--
found: sum= 78.0000 var=  0.0000 fitness= 78.0000 age=0
-->8--
          4       6 
     20      12      18
     23      14      19 
 15       5       9      10
  2      22       7      16
     11      21      17 
      3       8      24
         13       1 
--8<--
found: sum= 81.0000 var=  0.0000 fitness= 81.0000 age=0
-->8--
         12       9 
     11      22      17
     24       4      15 
 16       8      14       7
  2      13      23       1
     18      19      21 
     20       5      10
          6       3 
--8<--
execution time: real 0.472671s user 0.424935s sys 0.003999s
GA: P=1024 K=512 sp=2 xover=2D/1 aging
generation #4: pop m= 80.209 v=0.200 f= 78.153
best: found: sum= 85.0000 var=  0.0000 fitness= 85.0000 age=1
-->8--
          4      12 
      6      18       1
     19      22      23 
  8      16       9      17
  7      15      10       2
     20      13      24 
      5      21       3
         11      14 
--8<--
found: sum= 78.0000 var=  0.0000 fitness= 78.0000 age=1
-->8--
         19      16 
      5      17      18
     13       3       2 
 20      21      22      10
  1      12       6      15
     11      14      23 
      8      24       7
          9       4 
--8<--
found: sum= 74.0000 var=  0.0000 fitness= 74.0000 age=1
-->8--
         10      14 
      4       7      20
     19      21       9 
 11      13       3      18
  6       8       5      23
     17      24      16 
     22       2      12
          1      15 
--8<--
found: sum= 81.0000 var=  0.0000 fitness= 81.0000 age=1
-->8--
          6      12 
     14      18       5
     16      17      22 
 11      10       7      15
  2      23      20       8
     19       4       9 
     13      21       3
          1      24 
--8<--
found: sum= 80.0000 var=  0.0000 fitness= 80.0000 age=4
-->8--
          7       2 
     13       8      23
     15      21      22 
 14      16       4       5
  6      11      19      10
     18       9      20 
      1      17       3
         24      12 
--8<--
found: sum= 81.0000 var=  0.0000 fitness= 81.0000 age=1
-->8--
          5       1 
      7      10      17
     20      24      21 
  3      15       8      13
  9      16       6      11
     18      12      22 
      2      14      23
         19       4 
--8<--
found: sum= 83.0000 var=  0.0000 fitness= 83.0000 age=1
-->8--
          7       8 
     22      21       3
     12      15      23 
  4       6      13       1
 20      17      18       9
     24      14      19 
     10      16      11
          2       5 
--8<--
found: sum= 79.0000 var=  0.0000 fitness= 79.0000 age=3
-->8--
          9       6 
     19      16      21
     24       3      20 
  4       8      13      10
 12      14      23       2
     17      18      11 
     22       7       5
          1      15 
--8<--
found: sum= 80.0000 var=  0.0000 fitness= 80.0000 age=3
-->8--
         19       9 
      3      17       5
     13      18       8 
 14      10      23      20
  6      21       1       4
     16       7      24 
      2      22      11
         12      15 
--8<--
found: sum= 80.0000 var=  0.0000 fitness= 80.0000 age=1
-->8--
          1       3 
      9      17      11
     10      19      22 
  7      24       8      16
 12       4       5      14
     23      20      15 
     18      13       6
          2      21 
--8<--
found: sum= 79.0000 var=  0.0000 fitness= 79.0000 age=2
-->8--
         13      14 
      5      19       4
      7      17      24 
  3      18       1      22
 23      12      10       2
     16      21      20 
      6       9      11
         15       8 
--8<--
found: sum= 79.0000 var=  0.0000 fitness= 79.0000 age=3
-->8--
          2      21 
     16      24       4
     22       7       5 
 11       8      18      12
  1      14      19      10
     23      13      15 
      3       6      17
         20       9 
--8<--
found: sum= 81.0000 var=  0.0000 fitness= 81.0000 age=4
-->8--
         22       2 
      3      23      10
      7       6      21 
 13      20      19      11
  9      14      17       1
     18       5      12 
      4      24       8
         16      15 
--8<--
found: sum= 82.0000 var=  0.0000 fitness= 82.0000 age=3
-->8--
          4       2 
      7      15      13
     24      22      19 
  6      10      11       9
 14      20       3      17
      8      16      23 
      5      21       1
         12      18 
--8<--
found: sum= 77.0000 var=  0.0000 fitness= 77.0000 age=1
-->8--
         10      20 
     15      18       3
     11       1      23 
 13      22      12       7
  4      19      17       2
      8       6      16 
     21       9       5
         14      24 
--8<--
found: sum= 80.0000 var=  0.0000 fitness= 80.0000 age=2
-->8--
         11      10 
     15      17      21
     22       7      13 
  5       8      12       3
  4      18      19       9
     23      16      24 
      2       1       6
         20      14 
--8<--
found: sum= 80.0000 var=  0.0000 fitness= 80.0000 age=4
-->8--
          2       6 
     18      21       3
     12      22      20 
 15       5       8      10
 23      14      24       1
     11       7      17 
     16      19       4
         13       9 
--8<--
found: sum= 78.0000 var=  0.0000 fitness= 78.0000 age=4
-->8--
         11      12 
      7      17       8
     20      22      13 
  2       1       6      18
 19      15      24       3
     21      10      14 
     23       5       9
          4      16 
--8<--
found: sum= 80.0000 var=  0.0000 fitness= 80.0000 age=2
-->8--
          8       6 
      9      17       3
      7      15      20 
 21      24      19      14
  2      10       1       4
     16      11      22 
     12      18      23
         13       5 
--8<--
found: sum= 78.0000 var=  0.0000 fitness= 78.0000 age=1
-->8--
         17       3 
      2       6      18
     20      19      21 
 12      14      11       8
  4      15       9      22
     13      10       7 
     16      23      24
          1       5 
--8<--
found: sum= 79.0000 var=  0.0000 fitness= 79.0000 age=2
-->8--
          5       3 
     11      21      16
     20      10       6 
 24      12      23      18
  1       8       4       9
     14      22      19 
     13      15      17
          7       2 
--8<--
found: sum= 81.0000 var=  0.0000 fitness= 81.0000 age=1
-->8--
         12       9 
     11      22      17
     24       4      15 
 16       8      14       7
  2      13      23       1
     18      19      21 
     20       5      10
          6       3 
--8<--
found: sum= 75.0000 var=  0.0000 fitness= 75.0000 age=1
-->8--
          3      18 
     13      10      12
     11      21       9 
  6      17       5      14
 16       2       8      24
     23      22      15 
      1       7      19
         20       4 
--8<--
found: sum= 79.0000 var=  0.0000 fitness= 79.0000 age=1
-->8--
          3      14 
     16      21       6
      8      22      15 
  2       9       1      10
 23      18      24      17
     19       5      12 
      4      20       7
         13      11 
--8<--
found: sum= 79.0000 var=  0.0000 fitness= 79.0000 age=1
-->8--
         23       4 
      1      22       6
      3      20      16 
 21      10      11      14
  9      19      12       2
     17       7      24 
     18      13      15
          5       8 
--8<--
found: sum= 79.0000 var=  0.0000 fitness= 79.0000 age=2
-->8--
         12       3 
      4      23       6
     14       8      17 
 19      18      22      16
 10       5      15       2
     13      11       7 
      9      21      24
         20       1 
--8<--
found: sum= 81.0000 var=  0.0000 fitness= 81.0000 age=1
-->8--
          1      15 
      4      11      10
     23      20      17 
  3      22       8       7
  6      13      16      12
     14       2      21 
     24      19       5
          9      18 
--8<--
found: sum= 81.0000 var=  0.0000 fitness= 81.0000 age=3
-->8--
         15       6 
      2      20       8
      9      14      11 
 16      21      22       1
  4       7      12      17
     24       5      18 
     19      23      13
          3      10 
--8<--
found: sum= 81.0000 var=  0.0000 fitness= 81.0000 age=2
-->8--
          8       9 
      5      21       7
     12      11      16 
 15      24      17      14
  1       6       4      10
     23      19      20 
     18      13       3
          2      22 
--8<--
found: sum= 81.0000 var=  0.0000 fitness= 81.0000 age=3
-->8--
         11       3 
      5      23      12
     18      17      16 
 19       7      10       4
 14      21      20       9
      2       6      22 
     15      24       1
         13       8 
--8<--
found: sum= 77.0000 var=  0.0000 fitness= 77.0000 age=2
-->8--
         22      12 
      7      15      18
     23       1      20 
  8       9      11       6
  5      19      16      14
     13      21      10 
     17       4       2
          3      24 
--8<--
found: sum= 81.0000 var=  0.0000 fitness= 81.0000 age=3
-->8--
          7       3 
      8      23       4
      5      22      18 
 14      16      11       1
  9      13      17      19
     24       2      15 
     12      20       6
         10      21 
--8<--
found: sum= 82.0000 var=  0.0000 fitness= 82.0000 age=4
-->8--
          6      10 
      3      12      14
     18      24      20 
  8      19       2      21
  5      17      13       4
     15       7      22 
      9      23      16
         11       1 
--8<--
found: sum= 80.0000 var=  0.0000 fitness= 80.0000 age=1
-->8--
         16       3 
     10      21       5
     11      20      13 
 23       2      18       4
  8      14      19      17
     22       7       9 
     12      24       6
          1      15 
--8<--
found: sum= 79.0000 var=  0.0000 fitness= 79.0000 age=4
-->8--
         16       4 
     13      12      17
      9      11      20 
  5      18      15       1
 22       2      19       3
     23      14      21 
     24      10       8
          6       7 
--8<--
found: sum= 83.0000 var=  0.0000 fitness= 83.0000 age=1
-->8--
         11      19 
      4      23       8
     24      14      10 
 18       7       9      13
  3      16      17      12
     15      20      22 
      6      21       1
          5       2 
--8<--
found: sum= 79.0000 var=  0.0000 fitness= 79.0000 age=2
-->8--
         15       5 
      1      23      10
     19      17       3 
 13       4      21      11
 12       7      22       2
     24       8      20 
     18       6      14
         16       9 
--8<--
found: sum= 77.0000 var=  0.0000 fitness= 77.0000 age=1
-->8--
         14      12 
     18      13       3
      1       8      17 
  5      23      24       4
 19       7       6      15
     22       9      11 
     16      21      20
          2      10 
--8<--
found: sum= 77.0000 var=  0.0000 fitness= 77.0000 age=1
-->8--
         16       5 
      8      17       4
      7      19      23 
 22      10       9       1
  2      12      13      20
     24      14      11 
      6       3      21
         18      15 
--8<--
found: sum= 78.0000 var=  0.0000 fitness= 78.0000 age=4
-->8--
          4      12 
      9       7      11
     18      23      19 
  8      17       6      21
 20       5       3      15
     10      24      14 
      1      22       2
         16      13 
--8<--
found: sum= 79.0000 var=  0.0000 fitness= 79.0000 age=3
-->8--
         14       3 
     12      15       8
      9      13      18 
  6      16      22       2
 21      17       7      11
     10       4      19 
     23      24      20
          1       5 
--8<--
found: sum= 79.0000 var=  0.0000 fitness= 79.0000 age=2
-->8--
          9      11 
      1      10      15
     19      16      13 
  7      24      14      20
  3      18       5       4
      8       2      23 
     17      22      21
         12       6 
--8<--
found: sum= 82.0000 var=  0.0000 fitness= 82.0000 age=1
-->8--
          8      20 
      5      19       2
     21      11      23 
  1      18       7      16
 14      22       9       3
      6      15      24 
     10      17      13
         12       4 
--8<--
found: sum= 81.0000 var=  0.0000 fitness= 81.0000 age=1
-->8--
          2       4 
     18      21       6
     10      19      23 
 15      11       8       1
  9      14      24      13
     22       5      12 
      3      17      16
         20       7 
--8<--
found: sum= 78.0000 var=  0.0000 fitness= 78.0000 age=2
-->8--
         17       3 
      2       6      18
     20      19      21 
 12      14      11       8
  4      15       9      22
     13      10       7 
     16      23      24
          1       5 
--8<--
found: sum= 78.0000 var=  0.0000 fitness= 78.0000 age=3
-->8--
         11       6 
      5      16      24
     14      13      10 
 15      19       9      23
  1      21      12       2
      8       4      22 
     18      20      17
          7       3 
--8<--
found: sum= 80.0000 var=  0.0000 fitness= 80.0000 age=3
-->8--
         12      14 
      2      20       5
     21      10      24 
 18      15       7       4
  3      17      23       9
      6       8      13 
     22      16      19
         11       1 
--8<--
found: sum= 82.0000 var=  0.0000 fitness= 82.0000 age=2
-->8--
         12      16 
      4       6       5
     23      19      21 
 10      18      15      17
  1       8       2       3
     22      20      24 
      7      14       9
         11      13 
--8<--
found: sum= 81.0000 var=  0.0000 fitness= 81.0000 age=1
-->8--
         18       3 
     10      23      15
      4       5      24 
 14      21      11       2
  1      19      16       8
     22       9      20 
      6      12       7
         13      17 
--8<--
found: sum= 79.0000 var=  0.0000 fitness= 79.0000 age=4
-->8--
         20      11 
      7      23      15
      9       8      18 
 13      12       4       5
  2      24      14      22
     19      17      16 
      6      10      21
          3       1 
--8<--
found: sum= 81.0000 var=  0.0000 fitness= 81.0000 age=3
-->8--
         12       1 
      2      19       7
     17      21      13 
 24      10      20       6
  8       4      11       9
     18      15      22 
      5      16      14
         23       3 
--8<--
found: sum= 80.0000 var=  0.0000 fitness= 80.0000 age=1
-->8--
          5      12 
      7      13      17
     24      23       6 
 10       8       9      11
  4      15      22      14
     19       3      18 
      2      20      16
         21       1 
--8<--
found: sum= 80.0000 var=  0.0000 fitness= 80.0000 age=2
-->8--
         16      21 
      3      24       4
     11       8      14 
  2      18       9       1
 22      15      23      13
     12       7      20 
     10      19       6
         17       5 
--8<--
found: sum= 81.0000 var=  0.0000 fitness= 81.0000 age=3
-->8--
         11       6 
      7      21       2
     24      14      15 
  9       4      23      18
  5      17       3      12
     22      20      10 
      8      13      16
          1      19 
--8<--
found: sum= 83.0000 var=  0.0000 fitness= 83.0000 age=1
-->8--
         12       1 
      6      24      13
     15      17      18 
  7       9      10       2
 22      16      11      19
     14      20      23 
      8      21       3
          4       5 
--8<--
found: sum= 80.0000 var=  0.0000 fitness= 80.0000 age=2
-->8--
         17       3 
     16      18      23
     14       4      13 
  8      11      19       7
  1      24      20       9
     22       2      12 
      6      21      15
          5      10 
--8<--
found: sum= 82.0000 var=  0.0000 fitness= 82.0000 age=4
-->8--
         16      19 
      4      24       3
     11       7      14 
  1      20      15       9
  6      23      12      10
     21       5      22 
      2      18      17
         13       8 
--8<--
found: sum= 78.0000 var=  0.0000 fitness= 78.0000 age=2
-->8--
          1      13 
     23       3       4
     10      21      22 
  5      20      15      18
 17       7       9       2
     19       6      12 
      8      24      11
         14      16 
--8<--
found: sum= 78.0000 var=  0.0000 fitness= 78.0000 age=1
-->8--
          4       6 
     20      12      18
     23      14      19 
 15       5       9      10
  2      22       7      16
     11      21      17 
      3       8      24
         13       1 
--8<--
found: sum= 79.0000 var=  0.0000 fitness= 79.0000 age=2
-->8--
          5       1 
     11      24       6
     10      16      15 
 12      13      17       3
 19       4      20      22
     21       9       2 
      8      23      18
         14       7 
--8<--
found: sum= 80.0000 var=  0.0000 fitness= 80.0000 age=1
-->8--
         12      20 
     15      22       8
      3       5      21 
  7      23       4       2
 10      13      18      19
     24      17      16 
     11      14       6
          1       9 
--8<--
found: sum= 78.0000 var=  0.0000 fitness= 78.0000 age=4
-->8--
          9       2 
     11      24       7
      8      20      13 
 23       6      12       1
 10      17      19      18
     14       4      15 
      5      16       3
         22      21 
--8<--
found: sum= 80.0000 var=  0.0000 fitness= 80.0000 age=1
-->8--
         18      19 
      3      14      15
     24      10      21 
  4      11       1       9
 12      16      20       6
     13      22      23 
      7       5       2
         17       8 
--8<--
found: sum= 78.0000 var=  0.0000 fitness= 78.0000 age=1
-->8--
         10       5 
     21      11       8
      6      18      16 
  1      12      20      15
 23      17       9       4
     19       2      14 
      3      24       7
         13      22 
--8<--
found: sum= 78.0000 var=  0.0000 fitness= 78.0000 age=1
-->8--
         23      22 
      7      17       1
      9      16      14 
 21       6       8       2
 13      18      20      19
     11      10      15 
     12      24       4
          3       5 
--8<--
found: sum= 81.0000 var=  0.0000 fitness= 81.0000 age=4
-->8--
         23      11 
      4      24       9
     22       6      13 
 12       2      18       7
  5      19      20       8
     21      16      15 
      1      10       3
         14      17 
--8<--
found: sum= 79.0000 var=  0.0000 fitness= 79.0000 age=1
-->8--
         10       6 
      9      20      18
      7      17      13 
 19      16       5      23
  1      24      14       2
     12       3      22 
     15      21      11
          4       8 
--8<--
found: sum= 79.0000 var=  0.0000 fitness= 79.0000 age=1
-->8--
          1       7 
     22      24      15
     14       8       2 
  3      10      23      16
 13      21      12       9
     18       5      17 
     11      20      19
          4       6 
--8<--
found: sum= 81.0000 var=  0.0000 fitness= 81.0000 age=2
-->8--
          8       3 
      2      24      21
     20       4      11 
  9      23      18      16
  6      10      14       7
     13      12      15 
      5      22      17
         19       1 
--8<--
found: sum= 78.0000 var=  0.0000 fitness= 78.0000 age=3
-->8--
          6       3 
     11      20      16
     18      15      22 
 13       8       2       9
 10      24      17       7
      5      12      21 
     19       4       1
         14      23 
--8<--
found: sum= 77.0000 var=  0.0000 fitness= 77.0000 age=1
-->8--
         24       2 
      1      19      23
      4       7      21 
 11      22       5      10
  8      12      17      18
     20      14       6 
      3      15      16
         13       9 
--8<--
found: sum= 82.0000 var=  0.0000 fitness= 82.0000 age=1
-->8--
          2      17 
     15      14       8
     23       6      24 
  3      22      13       9
  7      11      20       4
     16      10      12 
      5      21       1
         19      18 
--8<--
found: sum= 82.0000 var=  0.0000 fitness= 82.0000 age=1
-->8--
          3       5 
     11      21      10
     20       8      16 
  6      19      22      17
 13       9       1      12
     15      23      14 
      4      24       2
          7      18 
--8<--
found: sum= 81.0000 var=  0.0000 fitness= 81.0000 age=1
-->8--
          6      17 
     11      23       8
     16      10       9 
  4      15      14      13
  3      22       2      19
     21      18      24 
      7      12       5
          1      20 
--8<--
found: sum= 77.0000 var=  0.0000 fitness= 77.0000 age=2
-->8--
         11      21 
     22       6       2
     17       5      19 
  8      16      24       4
 14       9       3      15
     13      20      12 
      7      18      23
         10       1 
--8<--
found: sum= 83.0000 var=  0.0000 fitness= 83.0000 age=2
-->8--
         19       1 
      6      22      12
     15      10      24 
 17      11      14       5
  2      18      23       4
     20       7      13 
      8      21       3
          9      16 
--8<--
found: sum= 78.0000 var=  0.0000 fitness= 78.0000 age=2
-->8--
          8       3 
     24      14       7
      9      22      19 
 12       1      13       6
 18      17      20      16
     21       5       4 
     10      23      11
          2      15 
--8<--
found: sum= 84.0000 var=  0.0000 fitness= 84.0000 age=2
-->8--
          5      10 
      7      16       2
     24      21      23 
  6      11      12       4
  3      18      13      17
     22       9      15 
     14      20      19
          1       8 
--8<--
