found: sum= 80.0000 var=  0.0000 fitness= 80.0000
-->8--
          7       6 
     16      19       1
     13      15      18 
  8      10      21      22
 20       5      12       4
     24      17       3 
      9      23      11
          2      14 
--8<--
found: sum= 83.0000 var=  0.0000 fitness= 83.0000
-->8--
          5       2 
     11      21       8
     24      18      15 
 10       4      19       7
  6      16      17      13
     23       9      12 
      1      20      22
         14       3 
--8<--
execution time: real 0.589724s user 0.012998s sys 0.033994s
GA: P=50 K=10 sp=2 xover=2D/1 optrpl=2 optskip=10 optmax=1.142857
generation #2593: pop m= 77.983 v= 96.610 f= 36.600 best_age=1
best: found: sum= 83.0000 var=  0.0000 fitness= 83.0000
-->8--
          5       2 
     11      21       8
     24      18      15 
 10       4      19       7
  6      16      17      13
     23       9      12 
      1      20      22
         14       3 
--8<--
