found: sum= 77.0000 var=  0.0000 fitness= 77.0000
-->8--
          1       9 
     24      23      14
      6       5      22 
 17      18       4      20
  8      16      21       3
     12      13       7 
     10      15       2
         11      19 
--8<--
found: sum= 85.0000 var=  0.0000 fitness= 85.0000
-->8--
          5       2 
     17      19      12
     21       8      24 
 13      15      20       1
  3      10      14       4
     23      18      22 
      7      16       6
         11       9 
--8<--
execution time: real 0.557660s user 0.014997s sys 0.030995s
GA: P=50 K=10 sp=2 xover=2D/1 optrpl=2 optskip=10 optmax=1.142857
generation #2504: pop m= 79.394 v=101.096 f= 36.445 best_age=1
best: found: sum= 85.0000 var=  0.0000 fitness= 85.0000
-->8--
          5       2 
     17      19      12
     21       8      24 
 13      15      20       1
  3      10      14       4
     23      18      22 
      7      16       6
         11       9 
--8<--
