found: sum= 75.0000 var=  0.0000 fitness= 75.0000
-->8--
         19       1 
      8      24      15
     10       9      14 
  3       5      12       7
 16      20      23      17
     21       6       2 
     11       4      18
         13      22 
--8<--
found: sum= 78.0000 var=  0.0000 fitness= 78.0000
-->8--
         14       9 
     16      23       2
     17       3      21 
  1       5      20      12
 22      15      11      10
     18      24       4 
      8       7      19
          6      13 
--8<--
found: sum= 76.0000 var=  0.0000 fitness= 76.0000
-->8--
         15      18 
     12      22       8
     13       5       7 
 19       9      16      21
 10       2      20       1
     23      24      11 
      6       4       3
         17      14 
--8<--
found: sum= 74.0000 var=  0.0000 fitness= 74.0000
-->8--
         12      10 
     15      19       9
     16       4      14 
 24       8      18      11
 23       1      22       3
      2      21       6 
     20      13       5
         17       7 
--8<--
found: sum= 78.0000 var=  0.0000 fitness= 78.0000
-->8--
         11       9 
     16      10      21
     23       1      19 
  3      17      18       7
 15       6      24       8
     14      12       2 
     20      22       5
          4      13 
--8<--
found: sum= 80.0000 var=  0.0000 fitness= 80.0000
-->8--
          9      18 
      6      24       1
     23      11      14 
  2       7      12      17
 19       8      22      10
     21      20       5 
      3      13       4
         15      16 
--8<--
execution time: real 0.017258s user 0.005999s sys 0.003999s
GA: P=50 K=10 sp=2 xover=2D/1 optrpl=2 optskip=10 optmax=1.142857
generation #8: pop m= 77.286 v= 49.071 f= 54.752 best_age=1
best: found: sum= 80.0000 var=  0.0000 fitness= 80.0000
-->8--
          9      18 
      6      24       1
     23      11      14 
  2       7      12      17
 19       8      22      10
     21      20       5 
      3      13       4
         15      16 
--8<--
found: sum= 75.0000 var=  0.0000 fitness= 75.0000
-->8--
         19       1 
      8      24      15
     10       9      14 
  3       5      12       7
 16      20      23      17
     21       6       2 
     11       4      18
         13      22 
--8<--
found: sum= 78.0000 var=  0.0000 fitness= 78.0000
-->8--
         14       9 
     16      23       2
     17       3      21 
  1       5      20      12
 22      15      11      10
     18      24       4 
      8       7      19
          6      13 
--8<--
found: sum= 78.0000 var=  0.0000 fitness= 78.0000
-->8--
         11       9 
     16      10      21
     23       1      19 
  3      17      18       7
 15       6      24       8
     14      12       2 
     20      22       5
          4      13 
--8<--
