found: sum= 80.0000 var=  0.0000 fitness= 80.0000 age=0
-->8--
         11       1 
     13      10      18
     15      12      23 
  8      19      16      14
  7       9       4      17
     22      20       6 
      2      24      21
          3       5 
--8<--
found: sum= 75.0000 var=  0.0000 fitness= 75.0000 age=0
-->8--
         11       5 
     14      17      24
      2      19       7 
  1      12       3      21
 20      18       8      13
     22      15      23 
     10       4      16
          6       9 
--8<--
found: sum= 80.0000 var=  0.0000 fitness= 80.0000 age=0
-->8--
         13       8 
     12      19      24
     14       2       5 
 11      20      22       3
  4      10      17      15
     21       9      18 
      1      23       6
         16       7 
--8<--
found: sum= 78.0000 var=  0.0000 fitness= 78.0000 age=0
-->8--
          4      16 
      1      13      12
     22      20      15 
  5      18       2      23
  9      14       3      11
     10      21      24 
     19       6       7
          8      17 
--8<--
found: sum= 71.0000 var=  0.0000 fitness= 71.0000 age=0
-->8--
         20      16 
     18       5      19
      6       7      23 
 14      15       1       9
  4      22      24      11
     10       2       3 
     17       8      21
         12      13 
--8<--
found: sum= 75.0000 var=  0.0000 fitness= 75.0000 age=0
-->8--
          5      19 
     16      23      13
     12      10       6 
 22       9       4      21
  7       8      24      18
     17      20       2 
     14      15       3
          1      11 
--8<--
found: sum= 76.0000 var=  0.0000 fitness= 76.0000 age=0
-->8--
          6      21 
     11      19       3
      7      10      15 
 18      23       8      24
  5       1      14       2
     22      20      13 
     12       4      16
         17       9 
--8<--
found: sum= 75.0000 var=  0.0000 fitness= 75.0000 age=0
-->8--
         20      15 
     24      10      17
     12       4      11 
 22       5      18       8
  1      16      23      13
     19       9       2 
      7      21      14
          3       6 
--8<--
found: sum= 75.0000 var=  0.0000 fitness= 75.0000 age=0
-->8--
          6      17 
     24       5       9
      8      14      23 
 11      18       7      21
 10      15      19       1
     13       2       4 
      3      22      12
         20      16 
--8<--
found: sum= 77.0000 var=  0.0000 fitness= 77.0000 age=0
-->8--
          3      15 
     22      24      11
     10       2      20 
 19      16       5       7
  1      23      18      21
      8      13       6 
     12      17       9
          4      14 
--8<--
found: sum= 75.0000 var=  0.0000 fitness= 75.0000 age=0
-->8--
          1       7 
     21      11      22
      2      23       8 
 12      17       4      24
 13      16       5      14
     15      10      20 
      6      19      18
          9       3 
--8<--
found: sum= 76.0000 var=  0.0000 fitness= 76.0000 age=0
-->8--
         23      24 
     19      12       8
      4      16       7 
 13       2       9       5
 18      17      21      14
     22      11      20 
     10      15       6
          1       3 
--8<--
found: sum= 79.0000 var=  0.0000 fitness= 79.0000 age=0
-->8--
          3      20 
     11       5       4
     23      18      17 
  7      19      15      14
  6       8      10       1
     16       9      22 
     21      12      24
         13       2 
--8<--
found: sum= 71.0000 var=  0.0000 fitness= 71.0000 age=0
-->8--
          8       9 
     16       6      12
     10      18      15 
 24      13      11      22
 20       1       7      14
      3      21       2 
      4      19       5
         23      17 
--8<--
found: sum= 81.0000 var=  0.0000 fitness= 81.0000 age=0
-->8--
          5      12 
     18      21       4
     16       7      24 
  1      14      13       9
  8      19      22       3
     23       6      10 
     20      11      15
          2      17 
--8<--
found: sum= 76.0000 var=  0.0000 fitness= 76.0000 age=0
-->8--
          6       3 
      1      18       7
     21      22      11 
 23       8      15      20
 13       2      10       4
      9      19      16 
     24       5      14
         17      12 
--8<--
found: sum= 76.0000 var=  0.0000 fitness= 76.0000 age=0
-->8--
          1      17 
      3      16      19
     23      15       5 
  9      18       4      14
 13      11      21      10
      2       7      22 
     24      12       8
         20       6 
--8<--
found: sum= 74.0000 var=  0.0000 fitness= 74.0000 age=0
-->8--
         16       5 
     24      12      18
      1      10      20 
 15      11       9       3
 23      17       6      14
      7      21      22 
      2       8       4
         19      13 
--8<--
found: sum= 78.0000 var=  0.0000 fitness= 78.0000 age=0
-->8--
         12       8 
     17      22      13
     14      11       9 
  4       2      15      20
 18      21       5       6
     19      24      23 
     10       3       7
          1      16 
--8<--
found: sum= 79.0000 var=  0.0000 fitness= 79.0000 age=0
-->8--
         15       5 
     18      14      10
     11      17      20 
  6       4      13       2
 19      16       8      12
     23      21      24 
      9       3      22
          7       1 
--8<--
found: sum= 78.0000 var=  0.0000 fitness= 78.0000 age=0
-->8--
         24      23 
      2      11       4
     22       3      20 
  1      16      17       6
 13      14       9       8
     12      19      18 
      5       7      10
         21      15 
--8<--
found: sum= 75.0000 var=  0.0000 fitness= 75.0000 age=0
-->8--
          1       2 
     22      14      20
      3      19       7 
  4      16      13       5
 23       8       9      17
     21      10      24 
     18       6      15
         12      11 
--8<--
found: sum= 80.0000 var=  0.0000 fitness= 80.0000 age=0
-->8--
          8       9 
      4      15       2
     10      20      18 
  7      23      16       1
 13       6      12      14
     21       3      19 
     11      17       5
         22      24 
--8<--
found: sum= 79.0000 var=  0.0000 fitness= 79.0000 age=0
-->8--
          3       1 
      4      23       6
      7      24      16 
 13      18       9      10
 14       5      21      15
     22       2       8 
     11      19      12
         20      17 
--8<--
found: sum= 77.0000 var=  0.0000 fitness= 77.0000 age=0
-->8--
         21       3 
      4       6      10
     20      19      24 
 17       7      15       8
 22       2      11       5
      9      23      14 
     18      12      16
         13       1 
--8<--
found: sum= 73.0000 var=  0.0000 fitness= 73.0000 age=0
-->8--
         11      16 
     20      21       7
      6       2      22 
 14      13       5      24
 19      18      12       1
      3      23       9 
     17       4      15
          8      10 
--8<--
found: sum= 77.0000 var=  0.0000 fitness= 77.0000 age=0
-->8--
          3      20 
     24      12      14
     21       8      10 
  1       9      13       2
 11      19      23       7
     16       5      22 
     18       4      17
         15       6 
--8<--
found: sum= 81.0000 var=  0.0000 fitness= 81.0000 age=0
-->8--
          2       6 
     19      23       3
     22       8      17 
  4       7      24       5
 14      18      11       9
     16      13      15 
     21      12      10
          1      20 
--8<--
found: sum= 79.0000 var=  0.0000 fitness= 79.0000 age=0
-->8--
          2       1 
     11       7      16
     21      18      23 
  4      20      14       8
  3      12       6      13
     19       9      15 
      5      10      22
         24      17 
--8<--
found: sum= 80.0000 var=  0.0000 fitness= 80.0000 age=0
-->8--
         13       3 
     12      14      20
     21      15      10 
 11       5      18      16
  2      17      19       8
     24       6       9 
      7      22      23
          4       1 
--8<--
found: sum= 77.0000 var=  0.0000 fitness= 77.0000 age=0
-->8--
          9       5 
     20      24       6
      8      13      11 
 22       3      18      10
  7      16       4      15
     21      23      19 
      1       2      17
         14      12 
--8<--
found: sum= 74.0000 var=  0.0000 fitness= 74.0000 age=0
-->8--
         15      10 
      1       2      23
     13      24       9 
 18      19       6       7
 11       8      14      17
      5       3      21 
     16      20      12
         22       4 
--8<--
found: sum= 77.0000 var=  0.0000 fitness= 77.0000 age=0
-->8--
          5       9 
      6      12      14
     23       7      15 
  1      24      20      19
 10       8      16       4
     11       2       3 
     13      21      18
         22      17 
--8<--
found: sum= 75.0000 var=  0.0000 fitness= 75.0000 age=0
-->8--
          8       7 
      2      18      13
      3      24       9 
 11      20       4      17
  6      16      10      21
     19       1      14 
     22      12      15
          5      23 
--8<--
found: sum= 74.0000 var=  0.0000 fitness= 74.0000 age=0
-->8--
         11      15 
      3       8      18
     24      12      17 
 22      16       4      19
  1       6      13      14
      5      23       7 
     21       9       2
         10      20 
--8<--
found: sum= 78.0000 var=  0.0000 fitness= 78.0000 age=0
-->8--
          5       4 
     20       8      24
     22       2      17 
  1      21      23       6
 12       3      13       9
     19      16      10 
     11      14      18
         15       7 
--8<--
found: sum= 83.0000 var=  0.0000 fitness= 83.0000 age=0
-->8--
          4      10 
      8      12      15
     23      20      24 
 11      16       2      19
  3       9      14       6
     21      22      18 
     13      17       7
          1       5 
--8<--
found: sum= 77.0000 var=  0.0000 fitness= 77.0000 age=0
-->8--
          9      21 
      4      23       1
     18      10      17 
  3      13       5      12
  8      24      19      22
     11       6       2 
     15      14      20
          7      16 
--8<--
execution time: real 0.121747s user 0.115982s sys 0.002999s
GA: P=1024 K=512 sp=2 xover=2D/1 aging
generation #1: pop m= 76.373 v=59.428 f= 49.100
best: found: sum= 83.0000 var=  0.0000 fitness= 83.0000 age=1
-->8--
          4      10 
      8      12      15
     23      20      24 
 11      16       2      19
  3       9      14       6
     21      22      18 
     13      17       7
          1       5 
--8<--
found: sum= 75.0000 var=  0.0000 fitness= 75.0000 age=1
-->8--
         11       5 
     14      17      24
      2      19       7 
  1      12       3      21
 20      18       8      13
     22      15      23 
     10       4      16
          6       9 
--8<--
found: sum= 78.0000 var=  0.0000 fitness= 78.0000 age=1
-->8--
          5       4 
     20       8      24
     22       2      17 
  1      21      23       6
 12       3      13       9
     19      16      10 
     11      14      18
         15       7 
--8<--
found: sum= 77.0000 var=  0.0000 fitness= 77.0000 age=1
-->8--
          9       5 
     20      24       6
      8      13      11 
 22       3      18      10
  7      16       4      15
     21      23      19 
      1       2      17
         14      12 
--8<--
found: sum= 71.0000 var=  0.0000 fitness= 71.0000 age=1
-->8--
          8       9 
     16       6      12
     10      18      15 
 24      13      11      22
 20       1       7      14
      3      21       2 
      4      19       5
         23      17 
--8<--
found: sum= 75.0000 var=  0.0000 fitness= 75.0000 age=1
-->8--
         20      15 
     24      10      17
     12       4      11 
 22       5      18       8
  1      16      23      13
     19       9       2 
      7      21      14
          3       6 
--8<--
found: sum= 77.0000 var=  0.0000 fitness= 77.0000 age=1
-->8--
          3      15 
     22      24      11
     10       2      20 
 19      16       5       7
  1      23      18      21
      8      13       6 
     12      17       9
          4      14 
--8<--
found: sum= 80.0000 var=  0.0000 fitness= 80.0000 age=1
-->8--
         13       3 
     12      14      20
     21      15      10 
 11       5      18      16
  2      17      19       8
     24       6       9 
      7      22      23
          4       1 
--8<--
found: sum= 74.0000 var=  0.0000 fitness= 74.0000 age=1
-->8--
         11      15 
      3       8      18
     24      12      17 
 22      16       4      19
  1       6      13      14
      5      23       7 
     21       9       2
         10      20 
--8<--
found: sum= 79.0000 var=  0.0000 fitness= 79.0000 age=1
-->8--
         15       5 
     18      14      10
     11      17      20 
  6       4      13       2
 19      16       8      12
     23      21      24 
      9       3      22
          7       1 
--8<--
found: sum= 75.0000 var=  0.0000 fitness= 75.0000 age=1
-->8--
          5      19 
     16      23      13
     12      10       6 
 22       9       4      21
  7       8      24      18
     17      20       2 
     14      15       3
          1      11 
--8<--
found: sum= 77.0000 var=  0.0000 fitness= 77.0000 age=1
-->8--
          9      21 
      4      23       1
     18      10      17 
  3      13       5      12
  8      24      19      22
     11       6       2 
     15      14      20
          7      16 
--8<--
found: sum= 77.0000 var=  0.0000 fitness= 77.0000 age=1
-->8--
         21       3 
      4       6      10
     20      19      24 
 17       7      15       8
 22       2      11       5
      9      23      14 
     18      12      16
         13       1 
--8<--
found: sum= 75.0000 var=  0.0000 fitness= 75.0000 age=1
-->8--
          6      17 
     24       5       9
      8      14      23 
 11      18       7      21
 10      15      19       1
     13       2       4 
      3      22      12
         20      16 
--8<--
found: sum= 80.0000 var=  0.0000 fitness= 80.0000 age=1
-->8--
         13       8 
     12      19      24
     14       2       5 
 11      20      22       3
  4      10      17      15
     21       9      18 
      1      23       6
         16       7 
--8<--
found: sum= 76.0000 var=  0.0000 fitness= 76.0000 age=1
-->8--
          6       3 
      1      18       7
     21      22      11 
 23       8      15      20
 13       2      10       4
      9      19      16 
     24       5      14
         17      12 
--8<--
found: sum= 79.0000 var=  0.0000 fitness= 79.0000 age=1
-->8--
          3       1 
      4      23       6
      7      24      16 
 13      18       9      10
 14       5      21      15
     22       2       8 
     11      19      12
         20      17 
--8<--
found: sum= 77.0000 var=  0.0000 fitness= 77.0000 age=1
-->8--
          3      20 
     24      12      14
     21       8      10 
  1       9      13       2
 11      19      23       7
     16       5      22 
     18       4      17
         15       6 
--8<--
found: sum= 78.0000 var=  0.0000 fitness= 78.0000 age=1
-->8--
         12       8 
     17      22      13
     14      11       9 
  4       2      15      20
 18      21       5       6
     19      24      23 
     10       3       7
          1      16 
--8<--
found: sum= 75.0000 var=  0.0000 fitness= 75.0000 age=1
-->8--
          1       7 
     21      11      22
      2      23       8 
 12      17       4      24
 13      16       5      14
     15      10      20 
      6      19      18
          9       3 
--8<--
found: sum= 76.0000 var=  0.0000 fitness= 76.0000 age=1
-->8--
          6      21 
     11      19       3
      7      10      15 
 18      23       8      24
  5       1      14       2
     22      20      13 
     12       4      16
         17       9 
--8<--
found: sum= 74.0000 var=  0.0000 fitness= 74.0000 age=1
-->8--
         16       5 
     24      12      18
      1      10      20 
 15      11       9       3
 23      17       6      14
      7      21      22 
      2       8       4
         19      13 
--8<--
found: sum= 71.0000 var=  0.0000 fitness= 71.0000 age=1
-->8--
         20      16 
     18       5      19
      6       7      23 
 14      15       1       9
  4      22      24      11
     10       2       3 
     17       8      21
         12      13 
--8<--
found: sum= 80.0000 var=  0.0000 fitness= 80.0000 age=1
-->8--
          8       9 
      4      15       2
     10      20      18 
  7      23      16       1
 13       6      12      14
     21       3      19 
     11      17       5
         22      24 
--8<--
found: sum= 74.0000 var=  0.0000 fitness= 74.0000 age=1
-->8--
         15      10 
      1       2      23
     13      24       9 
 18      19       6       7
 11       8      14      17
      5       3      21 
     16      20      12
         22       4 
--8<--
found: sum= 76.0000 var=  0.0000 fitness= 76.0000 age=1
-->8--
          1      17 
      3      16      19
     23      15       5 
  9      18       4      14
 13      11      21      10
      2       7      22 
     24      12       8
         20       6 
--8<--
found: sum= 80.0000 var=  0.0000 fitness= 80.0000 age=1
-->8--
         11       1 
     13      10      18
     15      12      23 
  8      19      16      14
  7       9       4      17
     22      20       6 
      2      24      21
          3       5 
--8<--
found: sum= 75.0000 var=  0.0000 fitness= 75.0000 age=1
-->8--
          8       7 
      2      18      13
      3      24       9 
 11      20       4      17
  6      16      10      21
     19       1      14 
     22      12      15
          5      23 
--8<--
found: sum= 79.0000 var=  0.0000 fitness= 79.0000 age=1
-->8--
          3      20 
     11       5       4
     23      18      17 
  7      19      15      14
  6       8      10       1
     16       9      22 
     21      12      24
         13       2 
--8<--
found: sum= 76.0000 var=  0.0000 fitness= 76.0000 age=1
-->8--
         23      24 
     19      12       8
      4      16       7 
 13       2       9       5
 18      17      21      14
     22      11      20 
     10      15       6
          1       3 
--8<--
found: sum= 78.0000 var=  0.0000 fitness= 78.0000 age=1
-->8--
         24      23 
      2      11       4
     22       3      20 
  1      16      17       6
 13      14       9       8
     12      19      18 
      5       7      10
         21      15 
--8<--
found: sum= 75.0000 var=  0.0000 fitness= 75.0000 age=1
-->8--
          1       2 
     22      14      20
      3      19       7 
  4      16      13       5
 23       8       9      17
     21      10      24 
     18       6      15
         12      11 
--8<--
found: sum= 77.0000 var=  0.0000 fitness= 77.0000 age=1
-->8--
          5       9 
      6      12      14
     23       7      15 
  1      24      20      19
 10       8      16       4
     11       2       3 
     13      21      18
         22      17 
--8<--
found: sum= 81.0000 var=  0.0000 fitness= 81.0000 age=1
-->8--
          5      12 
     18      21       4
     16       7      24 
  1      14      13       9
  8      19      22       3
     23       6      10 
     20      11      15
          2      17 
--8<--
found: sum= 79.0000 var=  0.0000 fitness= 79.0000 age=1
-->8--
          2       1 
     11       7      16
     21      18      23 
  4      20      14       8
  3      12       6      13
     19       9      15 
      5      10      22
         24      17 
--8<--
found: sum= 81.0000 var=  0.0000 fitness= 81.0000 age=1
-->8--
          2       6 
     19      23       3
     22       8      17 
  4       7      24       5
 14      18      11       9
     16      13      15 
     21      12      10
          1      20 
--8<--
found: sum= 73.0000 var=  0.0000 fitness= 73.0000 age=1
-->8--
         11      16 
     20      21       7
      6       2      22 
 14      13       5      24
 19      18      12       1
      3      23       9 
     17       4      15
          8      10 
--8<--
found: sum= 78.0000 var=  0.0000 fitness= 78.0000 age=1
-->8--
          4      16 
      1      13      12
     22      20      15 
  5      18       2      23
  9      14       3      11
     10      21      24 
     19       6       7
          8      17 
--8<--
