found: sum=175.0000 var=  0.0000 fitness= -0.0000 age=0
-->8--
             21      19      29 
         20      14      37       4
         48      38      52      51 
     11      34      15       2       3
      9      30      36      54      32 
 18      43      22      16      33      47
 46      24      31      28      17       1
     35      25      42      27      45 
      6      41      13      26       7
         44      23      39      53 
         49      10      40       5
              8      50      12 
--8<--
execution time: real 6.980159s user 6.960941s sys 0.077988s
jsgmd54: M=19 A=3 B=5 P=512 K=256 sp=3 xover=2D/2 mut=3 replace_worst=3 aging explosion=128@0.005000*128 swap=2 hexspin=2
generation #232: pop m=176.378 v=1.705 f= -1.705
best: found: sum=175.0000 var=  0.0000 fitness= -0.0000 age=1
-->8--
             21      19      29 
         20      14      37       4
         48      38      52      51 
     11      34      15       2       3
      9      30      36      54      32 
 18      43      22      16      33      47
 46      24      31      28      17       1
     35      25      42      27      45 
      6      41      13      26       7
         44      23      39      53 
         49      10      40       5
              8      50      12 
--8<--
