sum=172.1053 var=  0.7258 fitness=165.8450
-->8--
             54       2       3 
         16      10      53      45
         33      31      21      42 
      6      25      52       5      50
     44      13      19      26      39 
 38      48      29      46       7      30
 11       1      35      32      36      23
     27      43       8      22      34 
     37      14      18      40       9
         47      51      49      28 
          4      12      15      17
             41      24      20 
--8<--
sum=184.8947 var=  0.6205 fitness=179.1062
-->8--
              9      54      33 
         47      23      32       4
         31      44      26      34 
     18      28       3      53       6
     42      39      49       8      30 
 14      24      19      43      51      25
 17      48      36      13      21      20
     37      16      22      46      35 
      7      45      11      40       2
         29      52      50      38 
         10      41      27      15
              5       1      12 
--8<--
execution time: real 420.541048s user 825.213548s sys 0.219966s
GA: P=20 K=10 sp=3 xover_cuts=2
generation #3265: pop m=183.355 v=  0.460 f=178.609 var0cnt=1 bage=255
best: sum=190.0526 var=  0.2604 fitness=186.3028
-->8--
              7       8      10 
         21      54      28      25
         31      32      50      36 
     11      46      18      41      12
     35      33      38       6      47 
 22      34      24      37      49       2
 17      52      27      40      44       3
     30      20      23      14      45 
      9      53      19      43       5
         26      48      51      39 
         16      42      29      13
              4       1      15 
--8<--
found: sum=182.0000 var=  0.0000 fitness=182.0000
-->8--
              9      54      33 
         47      23      32       4
         31      44      26      34 
     18      28       3      53       6
     42      39      49       8      30 
 14      24      19      43      51      25
 17      48      36      13      21      20
     37      16      22      46      35 
      7      45      11      40       2
         29      52      50      38 
         10      41      27      15
              5       1      12 
--8<--
