found: sum=175.0000 var=  0.0000 fitness=175.0000
-->8--
              1       4      45 
         42      50      51      22
         19      37      12      16 
     23      26      21      29      31
     24      39      32      40      52 
  2      44      20      41       7       6
  5      47      11      17      34      27
     53      14      54      36      49 
      8      38      10      28      25
         15      48      30       3 
         18      43      35      33
             13       9      46 
--8<--
execution time: real 59.972753s user 0.229965s sys 0.022996s
GA: P=50 K=10 sp=2 xover=2D/1 optrpl=2 optskip=10 optmax=1.052632
generation #1730: pop m=176.938 v= 49.702 f=156.614 best_age=229
best: sum=187.0526 var=  0.2604 fitness=183.3028
-->8--
             18      11      39 
         15      41      53       8
         37      34      25      35 
      1      42      24      27       3
     29      23      51      28      46 
  5      54      13      31      48      10
  4      43      49      14      40       7
     52       6      30      26      36 
      9      44      20      47      22
         33      38      50      16 
         19      32      45      12
             21       2      17 
--8<--
found: sum=175.0000 var=  0.0000 fitness=175.0000
-->8--
              1       4      45 
         42      50      51      22
         19      37      12      16 
     23      26      21      29      31
     24      39      32      40      52 
  2      44      20      41       7       6
  5      47      11      17      34      27
     53      14      54      36      49 
      8      38      10      28      25
         15      48      30       3 
         18      43      35      33
             13       9      46 
--8<--
