found: sum=190.0000 var=  0.0000 fitness=190.0000 age=0
-->8--
             18       8       3 
          6      20      43      10
         49      52      46      38 
     16      45      21      50       1
     40       4      27      17      47 
 28      36      41      29      37      14
  9      54      31      32      53      13
     23      24      30      22      26 
      5      51      19      48       7
         33      35      39      34 
         25      44      42      12
              2      11      15 
--8<--
execution time: real 250.280639s user 470.132528s sys 1.337796s
GA: P=512 K=256 sp=3 xover=2D/1 aging
generation #1171: pop m=190.686 v=0.301 f=186.870
best: found: sum=190.0000 var=  0.0000 fitness=190.0000 age=1
-->8--
             18       8       3 
          6      20      43      10
         49      52      46      38 
     16      45      21      50       1
     40       4      27      17      47 
 28      36      41      29      37      14
  9      54      31      32      53      13
     23      24      30      22      26 
      5      51      19      48       7
         33      35      39      34 
         25      44      42      12
              2      11      15 
--8<--
