found: sum=171.0000 var=  0.0000 fitness=  0.1667 age=0
-->8--
             46      44      21 
         42       8      50      24
         30      19      17       6 
     22      26      33      53      47
     40      43      23      11       3 
  7      10      27      34      51      13
 32      28      38      20      18      41
     54      25      29      37      45 
      4      12      15      31       5
         48      52      39      35 
         36      14      49      16
              9       2       1 
--8<--
execution time: real 22.855506s user 9.834504s sys 0.174973s
jsgmd54: M=19 A=3 B=5 P=512 K=256 sp=3 xover=2D/3 mut=13 replace_worst=51 aging explosion=128@0.005000*128 swap=2 hexspin=2
generation #377: pop m=171.542 v=0.608 f= -0.441
best: found: sum=171.0000 var=  0.0000 fitness=  0.1667 age=1
-->8--
             46      44      21 
         42       8      50      24
         30      19      17       6 
     22      26      33      53      47
     40      43      23      11       3 
  7      10      27      34      51      13
 32      28      38      20      18      41
     54      25      29      37      45 
      4      12      15      31       5
         48      52      39      35 
         36      14      49      16
              9       2       1 
--8<--
