sum=187.7368 var=  0.5097 fitness=182.4906
-->8--
             11       7       4 
         47      12      53       8
         48      24      36      49 
      5      41      51      33      14
     34      13      19      21      22 
 32      42      35      23      44       9
 30      27      37      43      46      10
     18      29      26       6      52 
     28      50      25      38       2
         31      16      45      39 
         17      54      40      20
             15       3       1 
--8<--
sum=181.6316 var=  0.8643 fitness=174.8000
-->8--
              8       5      19 
          7      41      53      23
         40      33      35      25 
     12      52      14      26      49
     29       6      22      45       2 
 31      42      54      39      34      24
 10      48      27       9      43      28
     21       4      30      11      50 
     15      47      36      44      20
         46      37      51      13 
         16      18      38      32
             17       1       3 
--8<--
execution time: real 149.172831s user 223.617005s sys 0.138978s
GA: P=20 K=10 sp=3 xover_cuts=2
generation #4523: pop m=182.387 v=  0.468 f=177.709 best_age=2431
best: sum=189.8421 var=  0.1330 fitness=187.1625
-->8--
              7      10      11 
          5      35      30       9
         50      51      49      45 
      8      42      15      46      16
     29      27      36      20      28 
 18      33      19      24      34      14
 26      53      37      52      54      12
     31      21      22       6      48 
      4      38      25      41       2
         43      47      44      39 
         17      32      40      23
             13       1       3 
--8<--
found: sum=181.0000 var=  0.0000 fitness=181.0000
-->8--
              8       5      19 
          7      41      53      23
         40      33      35      25 
     12      52      14      26      49
     29       6      22      45       2 
 31      42      54      39      34      24
 10      48      27       9      43      28
     21       4      30      11      50 
     15      47      36      44      20
         46      37      51      13 
         16      18      38      32
             17       1       3 
--8<--
