found: sum=184.0000 var=  0.0000 fitness=184.0000
-->8--
             14       3      32 
         16      51      52      13
         33      21      28      20 
      5      49      29      39      10
     45      18      25      46      54 
  2      34      42      17      15       6
  7      43      38      22      48      11
     53       9      40      36      50 
      1      41      12      27       4
         37      44      47      19 
          8      31      26      35
             23      24      30 
--8<--
execution time: real 176.484572s user 0.272958s sys 0.058991s
GA: P=50 K=10 sp=2 xover=2D/1 optrpl=2 optskip=10 optmax=1.052632
generation #5099: pop m=176.466 v= 18.452 f=164.537 best_age=536
best: sum=189.2105 var=  0.2715 fitness=185.3818
-->8--
             21       7       9 
         22      27      32       3
         16      53      52      51 
      6      50      18      42      14
     49      15      23       8      29 
  4      54      30      46      45      33
  1      35      36      26      39      12
     47      19      28      25      31 
      2      44      24      48       5
         43      38      37      41 
         20      34      40      11
             10      17      13 
--8<--
found: sum=184.0000 var=  0.0000 fitness=184.0000
-->8--
             14       3      32 
         16      51      52      13
         33      21      28      20 
      5      49      29      39      10
     45      18      25      46      54 
  2      34      42      17      15       6
  7      43      38      22      48      11
     53       9      40      36      50 
      1      41      12      27       4
         37      44      47      19 
          8      31      26      35
             23      24      30 
--8<--
