found: sum=190.0000 var=  0.0000 fitness=190.0000 age=0
-->8--
             18       1       4 
         15      42      49       2
         34      38      37      44 
      7      43      23      54       8
     33      21      30       5      31 
  3      52      35      41      48      13
 11      46      26      22      50      19
     45      10      36      24      29 
      6      51      27      53      14
         32      40      28      20 
         12      39      47      25
             16       9      17 
--8<--
execution time: real 9.229363s user 0.368943s sys 0.005999s
jsgmd54: M=19 A=3 B=5 P=512 K=256 sp=3 xover=2D/2 mut=4 replace_worst=5 aging explosion=128@0.005000*128 swap=2 hexspin=2
generation #374: pop m=189.768 v=0.712 f=122.268
best: found: sum=190.0000 var=  0.0000 fitness=190.0000 age=1
-->8--
             18       1       4 
         15      42      49       2
         34      38      37      44 
      7      43      23      54       8
     33      21      30       5      31 
  3      52      35      41      48      13
 11      46      26      22      50      19
     45      10      36      24      29 
      6      51      27      53      14
         32      40      28      20 
         12      39      47      25
             16       9      17 
--8<--
