found: sum=179.0000 var=  0.0000 fitness=179.0000
-->8--
             10       3      48 
         27      40      20       2
         12      41      47      33 
      5      49      28      29      11
     54      15      32      17      36 
 18      44      14      26      53       1
  9      46      35      38      39       7
      8      25      34       6      43 
     37      50       4      45      30
         13      31      52      16 
         21      22      19      23
             42      51      24 
--8<--
execution time: real 31.434449s user 0.251961s sys 0.012998s
GA: P=50 K=10 sp=2 xover=2D/1 optrpl=2 optskip=10 optmax=1.052632
generation #912: pop m=176.879 v= 71.576 f=154.468 best_age=798
best: sum=187.3158 var=  0.3213 fitness=183.1502
-->8--
              5       4       2 
         16      46      30       6
         19      54      51      45 
      7      47       3      53      13
     48      23      32      22      15 
 11      43      28      26      39      40
 12      36      24      42      33       9
     37      34      35      25      52 
     10      31      14      21      18
         41      49      50      38 
         20      29      44      27
             17       1       8 
--8<--
found: sum=179.0000 var=  0.0000 fitness=179.0000
-->8--
             10       3      48 
         27      40      20       2
         12      41      47      33 
      5      49      28      29      11
     54      15      32      17      36 
 18      44      14      26      53       1
  9      46      35      38      39       7
      8      25      34       6      43 
     37      50       4      45      30
         13      31      52      16 
         21      22      19      23
             42      51      24 
--8<--
