found: sum=181.0000 var=  0.0000 fitness=181.0000
-->8--
              9       8      45 
         47      32      39      10
         40      46      19      35 
     29       7      37      33       5
     20      41      28      34      43 
 12      44      22      30      31       1
 25      26      27      36      48       6
     54      21      38       2      52 
     14      50       3      53      11
         16      42      49      15 
          4      51      23      17
             18      13      24 
--8<--
execution time: real 134.213760s user 0.258960s sys 0.051992s
GA: P=50 K=10 sp=2 xover=2D/1 optrpl=2 optskip=10 optmax=1.052632
generation #3934: pop m=176.809 v= 28.635 f=163.010 best_age=2226
best: sum=187.8947 var=  0.1994 fitness=184.6130
-->8--
             12      10      24 
         18      34      27      13
         28      54      32      53 
      1      41      31      39       7
     50      22      26       8      51 
  3      46      14      52      30      16
  4      45      42      25      36      20
     40      19      29      37      35 
      2      44       6      43      23
         38      47      48      15 
         17      33      49      21
              9       5      11 
--8<--
found: sum=181.0000 var=  0.0000 fitness=181.0000
-->8--
              9       8      45 
         47      32      39      10
         40      46      19      35 
     29       7      37      33       5
     20      41      28      34      43 
 12      44      22      30      31       1
 25      26      27      36      48       6
     54      21      38       2      52 
     14      50       3      53      11
         16      42      49      15 
          4      51      23      17
             18      13      24 
--8<--
