found: sum=173.0000 var=  0.0000 fitness=173.0000
-->8--
             18      54      14 
         20      23      27      16
         53      30      24      50 
      5      29      15      42      28
     13      32      45       7       9 
  3      41      22      40      37      11
 47      17      25       8      43      39
     52      36      33      38      34 
     35      12      19      26       1
         21      48      49      31 
         46       2      51       6
             44       4      10 
--8<--
execution time: real 132.247938s user 0.259960s sys 0.044993s
GA: P=50 K=10 sp=2 xover=2D/1 optrpl=2 optskip=10 optmax=1.052632
generation #3797: pop m=176.644 v= 17.889 f=166.046 best_age=2541
best: sum=188.0526 var=  0.2604 fitness=184.3028
-->8--
              9      17      19 
         11      30      32      15
         52      34      46      25 
      6      53      29      51       5
     20      21      27      12      47 
 31      36      24      23      48      10
 28      35      33      38      54       7
     37      39      42      13      22 
      8      26       3      43      16
         44      45      49      40 
         14      41      50       2
             18       1       4 
--8<--
found: sum=173.0000 var=  0.0000 fitness=173.0000
-->8--
             18      54      14 
         20      23      27      16
         53      30      24      50 
      5      29      15      42      28
     13      32      45       7       9 
  3      41      22      40      37      11
 47      17      25       8      43      39
     52      36      33      38      34 
     35      12      19      26       1
         21      48      49      31 
         46       2      51       6
             44       4      10 
--8<--
