found: sum=172.0000 var=  0.0000 fitness=  0.1676 age=0
-->8--
             43       9      44 
         14      27      51       2
         33      32      31       8 
      3      23      22      36      13
     54      38      39      15      47 
  6      21      18      29      53      11
 49      35      41      20      10       1
      7      19      25      45      50 
     40      37      24      16       5
         34      26      42      46 
         30      28       4      52
             17      48      12 
--8<--
execution time: real 31.541821s user 13.404962s sys 0.232964s
jsgmd54: M=19 A=3 B=5 P=512 K=256 sp=3 xover=2D/3 mut=13 replace_worst=51 aging explosion=128@0.005000*128 swap=2 hexspin=2
generation #581: pop m=173.492 v=0.519 f= -0.349
best: found: sum=172.0000 var=  0.0000 fitness=  0.1676 age=1
-->8--
             43       9      44 
         14      27      51       2
         33      32      31       8 
      3      23      22      36      13
     54      38      39      15      47 
  6      21      18      29      53      11
 49      35      41      20      10       1
      7      19      25      45      50 
     40      37      24      16       5
         34      26      42      46 
         30      28       4      52
             17      48      12 
--8<--
