sum=175.7368 var=  0.2992 fitness=171.7175
-->8--
              4       5      13 
         49      37      36      16
         29      24      48      41 
      7      38      31      27      21
     35      18      20      22      53 
 12      54      50      33      17       2
  6      32      19      25      40      23
     42       8      34      44      46 
      1      47      28      11      30
         51      45      39      10 
         15      14      52      43
              9       3      26 
--8<--
execution time: real 187.157489s user 335.270031s sys 0.091986s
GA: P=50 K=25 sp=3 xover=2D/1
generation #2152: pop m=182.276 v=  0.483 f=177.381 best_age=675
best: sum=189.7895 var=  0.2715 fitness=185.9607
-->8--
             10       1      11 
         12      40      39      22
         46      49      53      31 
      5      33       8      34      19
     32      20      42      17      47 
 13      54      37      36      41       3
  4      38      27      18      52      26
     48      14      30      25      21 
      2      45      23      51       6
         43      50      44      35 
          9      28      29       7
             15      16      24 
--8<--
found: sum=181.0000 var=  0.0000 fitness=181.0000
-->8--
              4       5      13 
         49      37      36      16
         29      24      48      41 
      7      38      31      27      21
     35      18      20      22      53 
 12      54      50      33      17       2
  6      32      19      25      40      23
     42       8      34      44      46 
      1      47      28      11      30
         51      45      39      10 
         15      14      52      43
              9       3      26 
--8<--
