sum=179.5789 var=  0.2438 fitness=175.9508
-->8--
             15       1       5 
         24      21      53      45
         32      47      20       8 
      9      41      38      49      22
     34      12      11      36      48 
 16      52      31      26      17      37
 28      23      19      51      40       3
     27      43      42      10      35 
      4      29      14      50       6
         54      33      13      39 
         18      44      46       7
              2      30      25 
--8<--
execution time: real 278.103652s user 499.913001s sys 0.151976s
GA: P=50 K=25 sp=3 xover=2D/1
generation #3229: pop m=182.656 v=  0.425 f=177.998 best_age=300
best: sum=190.7368 var=  0.1939 fitness=187.5010
-->8--
             10      13      11 
         23      32      40      12
         27      46      52      29 
      9      53       7      47      15
     42      14      34      18      39 
  1      45      36      33      43      25
 21      44      35      28      50       3
     38      17      24      19      31 
      8      54      20      49       4
         30      41      51      37 
          2      48      26       6
             16       5      22 
--8<--
found: sum=180.0000 var=  0.0000 fitness=180.0000
-->8--
             15       1       5 
         24      21      53      45
         32      47      20       8 
      9      41      38      49      22
     34      12      11      36      48 
 16      52      31      26      17      37
 28      23      19      51      40       3
     27      43      42      10      35 
      4      29      14      50       6
         54      33      13      39 
         18      44      46       7
              2      30      25 
--8<--
