found: sum=176.0000 var=  0.0000 fitness=176.0000 age=0
-->8--
              2      34       4 
         51      23      54      19
         28      35      22      25 
     13      37       8      52      12
     20      32      50      26      21 
 44      46      14      18      40      36
 33      16      29      38      43       6
     17      39      27      11      30 
     10      45       5      53      15
         49      31      42      24 
          3      41       9      47
              7      48       1 
--8<--
execution time: real 36.376101s user 69.765394s sys 2.512618s
GA: P=512 K=256 sp=3 xover=2D/1 optconsec aging
generation #765: pop m=190.779 v=0.323 f=186.797
best: sum=190.8421 var=  0.1330 fitness=188.1625 age=342
-->8--
             19       9      21 
         11      46      38       7
         33      35      41      36 
     12      47      22      48      10
     28      18      37      16      26 
 14      53      32      27      54      23
  4      40      31      34      45      13
     52      17      29      15      30 
      5      51      20      49       2
         25      43      44      50 
          6      42      39       1
             24       3       8 
--8<--
