sum=178.7895 var=  0.7978 fitness=172.2259
-->8--
             46       1      18 
         41       6      40      14
         35      26      54      32 
     24      25      52      21      27
     34      31      22       2      44 
 20      30      23      28      53      13
  4      43      33      36      50       3
     48      19      37      10      16 
     11       9      42      47       5
         49      39       7      51 
         29      38      45      17
             15       8      12 
--8<--
execution time: real 608.661025s user 608.686465s sys 0.015997s
GA: P=20 K=10 sp=3 xover_cuts=2
generation #5592: pop m=183.926 v=  0.396 f=179.522 best_age=1721
best: sum=190.1579 var=  0.1330 fitness=187.4783
-->8--
             20      10       6 
         13      36      25      11
         21      46      51      47 
     16      54      22      50       2
     39      15      27       7      40 
  1      45      26      33      44      12
  5      48      32      35      49       3
     52      24      37      23      42 
      8      30      14      38       4
         28      53      43      34 
         29      31      41      18
             19       9      17 
--8<--
found: sum=179.0000 var=  0.0000 fitness=179.0000
-->8--
             46       1      18 
         41       6      40      14
         35      26      54      32 
     24      25      52      21      27
     34      31      22       2      44 
 20      30      23      28      53      13
  4      43      33      36      50       3
     48      19      37      10      16 
     11       9      42      47       5
         49      39       7      51 
         29      38      45      17
             15       8      12 
--8<--
