found: sum=164.0000 var=  0.0000 fitness=164.0000
-->8--
             45      43      44 
         10      11      31      21
         35      26      50       5 
     17      37       3      13      34
     51      20      36      40      53 
  2       4      42      22      19      25
 38      41      18      30       6      32
     28      39      16      47      29 
     14      15      24       1      33
         27      52      46      48 
          9      12       7      54
             49      23       8 
--8<--
execution time: real 78.942750s user 0.230964s sys 0.023996s
GA: P=50 K=10 sp=2 xover=2D/1 optrpl=2 optskip=10 optmax=1.052632
generation #2303: pop m=178.794 v= 30.182 f=164.601 best_age=510
best: sum=188.5263 var=  0.3546 fitness=184.1506
-->8--
             15       2       8 
         10      50      51      17
         36      32      29      30 
      5      46      24      53       7
     40       9      37      19      47 
 21      52      41      27      31      16
  3      49      12      38      45      11
     23      26      33      28      39 
     14      42      22      48       4
         35      54      20      25 
          1      43      44      34
             13       6      18 
--8<--
