found: sum=185.0000 var=  0.0000 fitness=185.0000 age=0
-->8--
             12       2       1 
         13      35      48      46
         51      42      30      19 
     16      32      28      41       3
     23      10      29      20      50 
  4      53      44      37      52       9
 11      40      17      25      24       5
     54      21      33      27      45 
      6      49      18      43       8
         15      47      39      38 
         26      14      36       7
             34      31      22 
--8<--
execution time: real 3.630292s user 3.491469s sys 0.002999s
GA: P=512 K=256 sp=3 xover=2D/1 aging
generation #10: pop m=182.637 v=0.413 f=178.023
best: found: sum=185.0000 var=  0.0000 fitness=185.0000 age=1
-->8--
             12       2       1 
         13      35      48      46
         51      42      30      19 
     16      32      28      41       3
     23      10      29      20      50 
  4      53      44      37      52       9
 11      40      17      25      24       5
     54      21      33      27      45 
      6      49      18      43       8
         15      47      39      38 
         26      14      36       7
             34      31      22 
--8<--
