sum=183.1579 var=  0.2382 fitness=179.5712
-->8--
              5      54      44 
         13      17      12      53
         52      46       7      40 
     14      42      39      19      20
     41       1      32      33      35 
 30      25      15      45      28      16
 18      51      47      34      31      22
     10      36       2       4      43 
      3      26      37      48      11
         49      27      50      38 
         21      29      24       9
             23       8       6 
--8<--
execution time: real 102.527999s user 201.424378s sys 0.050992s
GA: P=20 K=10 sp=3 xover_cuts=2
generation #799: pop m=180.050 v=  0.434 f=175.402 var0cnt=1 bage=18
best: sum=188.8421 var=  0.2382 fitness=185.2554
-->8--
             12      18       7 
         19      23      50       8
         28      54      43      32 
      9      53       1      49      10
     41      24      35      29      42 
 33      34      22      31      27      20
  5      46      47      38      39      21
     30      15      16      25      40 
     14      48      13      45       3
         36      51      52      37 
         17      26      44       6
             11       2       4 
--8<--
found: sum=175.0000 var=  0.0000 fitness=175.0000
-->8--
              5      54      44 
         13      17      12      53
         52      46       7      40 
     14      42      39      19      20
     41       1      32      33      35 
 30      25      15      45      28      16
 18      51      47      34      31      22
     10      36       2       4      43 
      3      26      37      48      11
         49      27      50      38 
         21      29      24       9
             23       8       6 
--8<--
