found: sum=176.0000 var=  0.0000 fitness=176.0000
-->8--
              8       7      12 
         11       9      46      14
         47      48      49      29 
      6      53      17      26      28
     24       1      21      43      19 
 34      45      36      20      31       2
 38      13      41      25      39      35
     22      40      33      18      50 
     15      42      16      54      10
         44       4      30       5 
          3      51      23      27
             32      52      37 
--8<--
execution time: real 94.644694s user 0.229965s sys 0.026995s
GA: P=50 K=10 sp=2 xover=2D/1 optrpl=2 optskip=10 optmax=1.052632
generation #2743: pop m=176.825 v= 42.653 f=157.566 best_age=1474
best: sum=188.0526 var=  0.1551 fitness=185.1584
-->8--
             15       9      10 
         18      37      36      13
         31      33      52      53 
      7      54      21      24       3
     34      16      29      19      51 
  6      46      35      43      38       5
 20      40      41      14      48       1
     42      11      26      25      45 
      2      44      27      50      12
         49      39      47       8 
         22      30      28      23
              4      17      32 
--8<--
found: sum=176.0000 var=  0.0000 fitness=176.0000
-->8--
              8       7      12 
         11       9      46      14
         47      48      49      29 
      6      53      17      26      28
     24       1      21      43      19 
 34      45      36      20      31       2
 38      13      41      25      39      35
     22      40      33      18      50 
     15      42      16      54      10
         44       4      30       5 
          3      51      23      27
             32      52      37 
--8<--
