found: sum=180.0000 var=  0.0000 fitness=180.0000 age=0
-->8--
             35       8      10 
          9      27      46      33
         41      40      38      30 
     20      28      21      23       1
     17      31      47      26      49 
  3      43      13      25      51       6
 42      39      32      18      16       5
     36      22      45      44      53 
     12      52      14      11       2
         19      15      48      54 
          7      50      29       4
             37      24      34 
--8<--
execution time: real 18.495524s user 9.126612s sys 0.497924s
jsgmd54: M=19 A=3 B=5 P=512 K=256 sp=3 xover=2D/2 mut=4 replace_worst=5 aging explosion=128@0.005000*128 swap=2 hexspin=2
generation #302: pop m=179.937 v=0.614 f=132.062
best: found: sum=180.0000 var=  0.0000 fitness=180.0000 age=1
-->8--
             35       8      10 
          9      27      46      33
         41      40      38      30 
     20      28      21      23       1
     17      31      47      26      49 
  3      43      13      25      51       6
 42      39      32      18      16       5
     36      22      45      44      53 
     12      52      14      11       2
         19      15      48      54 
          7      50      29       4
             37      24      34 
--8<--
