found: sum=175.0000 var=  0.0000 fitness=175.0000
-->8--
             44      20      28 
         19      17      42      30
          8      33      26       1 
     52      54      37      48      36
     21      25      10       4      39 
  6      15      16      50      47       5
 38      49      41      31      32       7
     46      29      27      11      45 
     14      13      12      51       2
         24      53      43      34 
         22      40       9      35
             23      18       3 
--8<--
execution time: real 510.068981s user 0.339948s sys 0.190970s
GA: P=50 K=10 sp=2 xover=2D/1 optrpl=2 optskip=10 optmax=1.052632
generation #15041: pop m=177.654 v=  6.827 f=170.419 best_age=13300
best: sum=188.6316 var=  0.2327 fitness=185.0869
-->8--
             23       2       4 
         27      32      51       6
         28      45      33      41 
      3      34      25      54       9
     43      31      17       7      30 
 11      49      37      52      48      15
 13      29      19      26      40      21
     44      24      38      16      35 
     10      39      22      36       8
         42      47      50      53 
          1      46      18      20
             14       5      12 
--8<--
found: sum=175.0000 var=  0.0000 fitness=175.0000
-->8--
             44      20      28 
         19      17      42      30
          8      33      26       1 
     52      54      37      48      36
     21      25      10       4      39 
  6      15      16      50      47       5
 38      49      41      31      32       7
     46      29      27      11      45 
     14      13      12      51       2
         24      53      43      34 
         22      40       9      35
             23      18       3 
--8<--
