sum=185.0526 var=  0.5762 fitness=179.4747
-->8--
             32       2      24 
         15      41      37      26
         28      23      30      27 
     20      47      53      42      19
     36      17      12      16      51 
  4      38      34      33      31       8
 25      43      48      46      50      11
     40       6      13      10      35 
      1      52      18      45       7
         44      49      54      39 
          9      29      22      21
              3      14       5 
--8<--
execution time: real 27.091137s user 49.479477s sys 0.012998s
GA: P=20 K=10 sp=3 xover_cuts=2
generation #206: pop m=181.732 v=  0.490 f=176.801 var0cnt=1 bage=26
best: found: sum=186.0000 var=  0.0000 fitness=186.0000
-->8--
             32       2      24 
         15      41      37      26
         28      23      30      27 
     20      47      53      42      19
     36      17      12      16      51 
  4      38      34      33      31       8
 25      43      48      46      50      11
     40       6      13      10      35 
      1      52      18      45       7
         44      49      54      39 
          9      29      22      21
              3      14       5 
--8<--
