found: sum=170.0000 var=  0.0000 fitness=  0.1657 age=0
-->8--
              9      16       2 
         39      50      30      51
         34      25      46      17 
     10      13       3      24      45
     41      54      52      31      21 
 38      18      23      14      32       8
 19       6      27      43      28      44
     48      42      11      22      37 
     12      15      49      40       7
         47      26       5      36 
         20      33      53      35
             29       4       1 
--8<--
execution time: real 12.802362s user 4.064382s sys 0.016997s
jsgmd54: M=19 A=3 B=5 P=512 K=256 sp=3 xover=2D/3 mut=13 replace_worst=51 aging explosion=128@0.005000*128 swap=2 hexspin=2
generation #117: pop m=172.705 v=7.138 f= -6.970
best: found: sum=170.0000 var=  0.0000 fitness=  0.1657 age=1
-->8--
              9      16       2 
         39      50      30      51
         34      25      46      17 
     10      13       3      24      45
     41      54      52      31      21 
 38      18      23      14      32       8
 19       6      27      43      28      44
     48      42      11      22      37 
     12      15      49      40       7
         47      26       5      36 
         20      33      53      35
             29       4       1 
--8<--
