sum=173.2105 var=  0.1662 fitness=170.2147
-->8--
             13      47      32 
         17      18      46      10
         54      36      28      21 
      2      38       1      39       5
     34       3      48      27      35 
 31      45      50      33      49      43
  6      19      15       4      11       8
     41      44      26      52      30 
      7      40      29      14      16
         25      22      51      53 
         23      42      12       9
             24      20      37 
--8<--
execution time: real 32.962168s user 59.025026s sys 0.015997s
GA: P=50 K=25 sp=3 xover=2D/1
generation #369: pop m=178.094 v=  0.440 f=173.376 best_age=126
best: sum=189.4737 var=  0.2493 fitness=185.8045
-->8--
             18       9       5 
         17      47      43       6
         21      36      46      37 
     10      50       8      53       2
     48      15      40      12      32 
 31      45      41      30      54      13
  1      35      26      28      42      11
     29      27      25      23      38 
     24      52      20      49       4
         22      39      44      34 
         19      51      33      14
              7       3      16 
--8<--
found: sum=176.0000 var=  0.0000 fitness=176.0000
-->8--
             13      47      32 
         17      18      46      10
         54      36      28      21 
      2      38       1      39       5
     34       3      48      27      35 
 31      45      50      33      49      43
  6      19      15       4      11       8
     41      44      26      52      30 
      7      40      29      14      16
         25      22      51      53 
         23      42      12       9
             24      20      37 
--8<--
