sum=176.0526 var=  0.5762 fitness=170.4747
-->8--
             54       1      12 
         34      24      10      37
         19      35      53      49 
     48       3      46       8      14
     52      27      15      17      45 
 18      20      43      30      36      11
 31      26      32      16      29       6
     22      21      33      41      42 
     25      28      51       5       2
         47       4      23      50 
         39      44      38      40
              7       9      13 
--8<--
execution time: real 304.301804s user 302.388030s sys 0.057991s
GA: P=20 K=10 sp=3 xover_cuts=2
generation #2181: pop m=181.047 v=  0.429 f=176.452 best_age=866
best: sum=190.3158 var=  0.2161 fitness=186.9000
-->8--
             16       4       3 
         20      25      44       6
         30      51      52      41 
      1      48      15      45       5
     43      28      21      23      26 
 13      40      27      34      50      19
 24      38      36      37      32       9
     33      22      35      14      54 
     12      39      10      53       8
         46      49      42      29 
          7      47      31      17
              2      11      18 
--8<--
found: sum=169.0000 var=  0.0000 fitness=169.0000
-->8--
             54       1      12 
         34      24      10      37
         19      35      53      49 
     48       3      46       8      14
     52      27      15      17      45 
 18      20      43      30      36      11
 31      26      32      16      29       6
     22      21      33      41      42 
     25      28      51       5       2
         47       4      23      50 
         39      44      38      40
              7       9      13 
--8<--
