sum=173.2632 var=  1.2465 fitness=165.0587
-->8--
             30       1       4 
         15      33      41      27
         32      29      53      44 
     40      37      19       7      34
     17       5      39      38      18 
  3      45      47      20      35      28
 51      54      16       8      49      36
      6       9      46      26      10 
     43      42      13      52      14
         22      50      31      25 
          2      48      23      21
             12      11      24 
--8<--
execution time: real 203.534970s user 365.006510s sys 0.081987s
GA: P=50 K=25 sp=3 xover=2D/1
generation #2316: pop m=180.023 v=  0.450 f=175.255 best_age=291
best: sum=189.2632 var=  0.1939 fitness=186.0273
-->8--
             15       3       8 
         21      29      52      11
         33      38      54      36 
     10      53      14      28      13
     25      19      23      31      35 
 17      50      42      39      47       5
  6      40      20      24      46       7
     51      18      41       2      49 
      9      37      30      48       1
         34      43      45      44 
         26      27      32      16
             22      12       4 
--8<--
found: sum=176.0000 var=  0.0000 fitness=176.0000
-->8--
             30       1       4 
         15      33      41      27
         32      29      53      44 
     40      37      19       7      34
     17       5      39      38      18 
  3      45      47      20      35      28
 51      54      16       8      49      36
      6       9      46      26      10 
     43      42      13      52      14
         22      50      31      25 
          2      48      23      21
             12      11      24 
--8<--
