found: sum=189.0000 var=  0.0000 fitness=  9.9474 age=0
-->8--
             19       6      16 
         17      37      34      14
         36      29      42      35 
      2      51      41      48       4
     53      15      30       1      52 
  9      32      23      27      49      11
 12      50      45      44      47       5
     33      24      20      21      25 
     13      38      22      39       3
         31      40      43      54 
         26      46      28      18
              8      10       7 
--8<--
execution time: real 6.373744s user 10.247442s sys 2.221662s
jsgmd54: M=19 A=3 B=5 P=512 K=256 sp=3 xover=2D/2 mut=4 replace_worst=5 aging explosion=128@0.005000*128 swap=2 hexspin=2
generation #216: pop m=189.070 v=0.153 f=  5.243
best: found: sum=189.0000 var=  0.0000 fitness=  9.9474 age=1
-->8--
             19       6      16 
         17      37      34      14
         36      29      42      35 
      2      51      41      48       4
     53      15      30       1      52 
  9      32      23      27      49      11
 12      50      45      44      47       5
     33      24      20      21      25 
     13      38      22      39       3
         31      40      43      54 
         26      46      28      18
              8      10       7 
--8<--
