found: sum=180.0000 var=  0.0000 fitness=180.0000
-->8--
             10      13       3 
         47      40      46       4
         28      25      44      29 
     21      30      12      54      11
     38      49      45       5      50 
 52      14      19      20      31       7
  8      27      34      53      35      18
     41      37       9      36      39 
      6      26      32      17       2
         43      42      33      51 
         23      24      48      16
             22       1      15 
--8<--
execution time: real 949.181428s user 1844.954524s sys 0.471928s
GA: P=10 K=7 sp=3 xover_cuts=2
generation #9305: pop m=180.600 v=  0.464 f=175.954 var0cnt=1 bage=7182
best: sum=189.5263 var=  0.3546 fitness=185.1506
-->8--
              5       3       9 
         23      30      31       4
         37      54      52      50 
      6      41      19      44       7
     43      15      24      11      32 
 12      48      36      39      45      10
  8      40      29      28      35      18
     38      21      34      33      49 
     13      26      27      25       2
         51      53      42      46 
         22      20      47      16
             17       1      14 
--8<--
found: sum=180.0000 var=  0.0000 fitness=180.0000
-->8--
             10      13       3 
         47      40      46       4
         28      25      44      29 
     21      30      12      54      11
     38      49      45       5      50 
 52      14      19      20      31       7
  8      27      34      53      35      18
     41      37       9      36      39 
      6      26      32      17       2
         43      42      33      51 
         23      24      48      16
             22       1      15 
--8<--
