sum=174.7895 var=  0.4820 fitness=169.6877
-->8--
             45       9      18 
          6      10      46       5
         41      48      36      54 
     39      25      26      16      28
     31      15      47      37       7 
  4      24      14      13      33      34
 23      53      42      29      20      49
     40      27      30      43      32 
      2       3      21      35       1
         50      52      17      44 
         11      51      22      19
              8      12      38 
--8<--
sum=189.2105 var=  0.1662 fitness=186.2147
-->8--
             12       4       7 
         33      32      51       3
         31      27      47      42 
     13      54      28      39       8
     49      20      17      24      40 
 11      22      43      34      36      18
  9      53      35      37      52       5
     45      16      23       6      38 
      1      44      25      50       2
         30      46      48      41 
         21      29      26      10
             19      15      14 
--8<--
execution time: real 181.677472s user 272.933507s sys 0.145977s
GA: P=20 K=10 sp=3 xover_cuts=2
generation #5550: pop m=181.589 v=  0.484 f=176.726 best_age=26
best: found: sum=189.0000 var=  0.0000 fitness=189.0000
-->8--
             12       4       7 
         33      32      51       3
         31      27      47      42 
     13      54      28      39       8
     49      20      17      24      40 
 11      22      43      34      36      18
  9      53      35      37      52       5
     45      16      23       6      38 
      1      44      25      50       2
         30      46      48      41 
         21      29      26      10
             19      15      14 
--8<--
