found: sum=186.0000 var=  0.0000 fitness=186.0000 age=0
-->8--
             15      12      42 
         18      41      39       4
         34      50      19      36 
      3      28      25      46       6
     43      29      37      24      53 
  8      49      17      35      21      30
  1      54      27      23      51       9
     31      10      47      32      22 
      7      44      20      16      13
         40      38      48      52 
          5      33      45      11
             26       2      14 
--8<--
execution time: real 20.616536s user 9.168606s sys 0.418936s
jsgmd54: M=19 A=3 B=5 P=512 K=256 sp=3 xover=2D/2 mut=4 replace_worst=5 aging explosion=128@0.005000*128 swap=2 hexspin=2
generation #338: pop m=185.910 v=0.290 f=154.897
best: found: sum=186.0000 var=  0.0000 fitness=186.0000 age=1
-->8--
             15      12      42 
         18      41      39       4
         34      50      19      36 
      3      28      25      46       6
     43      29      37      24      53 
  8      49      17      35      21      30
  1      54      27      23      51       9
     31      10      47      32      22 
      7      44      20      16      13
         40      38      48      52 
          5      33      45      11
             26       2      14 
--8<--
