sum=181.7895 var=  0.3767 fitness=177.2791
-->8--
             27       1      16 
         13      29      40      35
          8      50      49      18 
      2      52      10      21      11
     47      36      19      43      53 
 28      34      12      37      33      14
  6      38      54       9      32      30
     26       5      48      25      17 
     42      24       7      39      46
         44      41      51      20 
         22      45      31      15
              3       4      23 
--8<--
sum=170.7368 var=  0.2992 fitness=166.7175
-->8--
              7      14      32 
          3      53      25       2
         54       9      39      36 
      8      49      35      41      34
     22      38      15       1      37 
 45       4      29      44      26      27
 46      52      47      12      42      23
      6       5      28      50      20 
     21      51      11      31      13
         40      33      43      19 
         24      10      48      18
             17      30      16 
--8<--
execution time: real 330.169913s user 590.150283s sys 0.152976s
GA: P=50 K=25 sp=3 xover=2D/1
generation #3940: pop m=180.183 v=  0.425 f=175.539 best_age=764
best: sum=189.8947 var=  0.1994 fitness=186.6130
-->8--
              2       3       5 
         30      36      50      19
         42      32      52      25 
     10      48      17      39      18
     27      16      31      11      43 
 15      47      45      40      54      12
 20      44      29      23      38       7
     37       9      22      24      35 
      8      51      26      46      14
         41      53      49      34 
         13      28      33      21
              4       1       6 
--8<--
found: sum=175.0000 var=  0.0000 fitness=175.0000
-->8--
              7      14      32 
          3      53      25       2
         54       9      39      36 
      8      49      35      41      34
     22      38      15       1      37 
 45       4      29      44      26      27
 46      52      47      12      42      23
      6       5      28      50      20 
     21      51      11      31      13
         40      33      43      19 
         24      10      48      18
             17      30      16 
--8<--
