found: sum=171.0000 var=  0.0000 fitness=  0.1667 age=0
-->8--
             14       5      19 
         21      33      38       8
         42      36      41      53 
     37      25      18      12      32
     10      22      54      43      29 
  6      35      16       3       2      50
 51      49      40      45      44       7
     20       9      13      34      39 
     47      31      26      23       4
         15      52      30      27 
         48      24      28      17
              1      11      46 
--8<--
execution time: real 13.509518s user 5.771122s sys 0.065989s
jsgmd54: M=19 A=3 B=5 P=512 K=256 sp=3 xover=2D/3 mut=13 replace_worst=51 aging explosion=128@0.005000*128 swap=2 hexspin=2
generation #213: pop m=169.675 v=0.561 f= -0.396
best: found: sum=171.0000 var=  0.0000 fitness=  0.1667 age=1
-->8--
             14       5      19 
         21      33      38       8
         42      36      41      53 
     37      25      18      12      32
     10      22      54      43      29 
  6      35      16       3       2      50
 51      49      40      45      44       7
     20       9      13      34      39 
     47      31      26      23       4
         15      52      30      27 
         48      24      28      17
              1      11      46 
--8<--
