sum=168.1053 var=  0.1994 fitness=164.8235
-->8--
              4      10      40 
         27      19      12      46
         53      52      30      39 
     49      15      47       3      35
      8       1      17      36      48 
 51      44      38      37       9      42
  7      34      31      33      32      11
     26      22      14      23      28 
     25      20      29      50      13
         43      54      21      24 
          2      45      16      41
              6       5      18 
--8<--
execution time: real 78.784099s user 141.633468s sys 0.041993s
GA: P=50 K=25 sp=3 xover=2D/1
generation #883: pop m=179.499 v=  0.442 f=174.809 best_age=773
best: sum=189.7895 var=  0.1662 fitness=186.7936
-->8--
              8       3       4 
         14      44      30       7
         26      51      49      48 
     16      47      13      52       9
     46      10      32       5      41 
  6      45      36      39      35      11
 17      42      29      31      54      27
     33      28      23      25      22 
     12      38      18      50      15
         37      53      43      24 
          1      40      34      20
             21       2      19 
--8<--
found: sum=170.0000 var=  0.0000 fitness=170.0000
-->8--
              4      10      40 
         27      19      12      46
         53      52      30      39 
     49      15      47       3      35
      8       1      17      36      48 
 51      44      38      37       9      42
  7      34      31      33      32      11
     26      22      14      23      28 
     25      20      29      50      13
         43      54      21      24 
          2      45      16      41
              6       5      18 
--8<--
