found: sum=168.0000 var=  0.0000 fitness=168.0000
-->8--
             36       1      49 
         54      14      47      18
         35      20      33      13 
     12       9      53       8       5
     45      38       7      44      52 
 40      29      41      23      46      10
  2      27      17      48       3      15
     25      16      32       4      42 
     24      50      22      43      39
         26      31      19      37 
          6      34      11      28
             21      51      30 
--8<--
execution time: real 678.867776s user 0.401938s sys 0.223965s
GA: P=50 K=10 sp=2 xover=2D/1 optrpl=2 optskip=10 optmax=1.052632
generation #19799: pop m=175.265 v= 30.851 f=159.375 best_age=14343
best: sum=187.7368 var=  0.1939 fitness=184.5010
-->8--
              5      10       2 
         11      47      49      16
         31      45      36      44 
      4      48       1      41       8
     39      14      46      27      18 
 17      52      34      37      50      30
 12      35      33      24      29      23
     32      20      13      21      38 
     15      42      26      53      19
         43      54      51      28 
          6      40       9      22
              3       7      25 
--8<--
found: sum=168.0000 var=  0.0000 fitness=168.0000
-->8--
             36       1      49 
         54      14      47      18
         35      20      33      13 
     12       9      53       8       5
     45      38       7      44      52 
 40      29      41      23      46      10
  2      27      17      48       3      15
     25      16      32       4      42 
     24      50      22      43      39
         26      31      19      37 
          6      34      11      28
             21      51      30 
--8<--
