sum=174.5263 var=  0.2493 fitness=170.8572
-->8--
              3      45      53 
         37      46      13      19
         28      24      34      39 
      1      38      14      18       5
     42      15      54      44      22 
  2      52      31      12      48       7
  9      20      26      10      41       8
     51      32      43      21      50 
      6      27      23      49      11
         40      25      30       4 
         16      33      29      17
             35      36      47 
--8<--
execution time: real 15.715356s user 27.694789s sys 0.008998s
GA: P=50 K=25 sp=3 xover=2D/1
generation #176: pop m=179.757 v=  0.479 f=174.819 best_age=81
best: sum=189.2632 var=  0.2992 fitness=185.2438
-->8--
             10       6      11 
         20      50      34      12
         18      53      40      43 
     16      38       7      49       1
     52      14      48      15      27 
  2      51      29      31      54       5
 13      46      24      28      37      35
     25      26      30      23      32 
      3      45      22      39      17
         44      42      47      41 
         19      36      33       8
              4       9      21 
--8<--
found: sum=176.0000 var=  0.0000 fitness=176.0000
-->8--
              3      45      53 
         37      46      13      19
         28      24      34      39 
      1      38      14      18       5
     42      15      54      44      22 
  2      52      31      12      48       7
  9      20      26      10      41       8
     51      32      43      21      50 
      6      27      23      49      11
         40      25      30       4 
         16      33      29      17
             35      36      47 
--8<--
