sum=175.8947 var=  0.3047 fitness=171.8383
-->8--
              5       7      23 
         18      50      16      47
         48      53      46      11 
     14       6       8      37      30
     35      38      34      12      36 
 25      39      41      43      54      13
 21      32       3      19      10      22
     28      27      40      42      45 
     24      49      17      29       2
         20      44      33      52 
         15      51      31      26
              1       4       9 
--8<--
execution time: real 7.761475s user 13.595933s sys 0.002999s
GA: P=50 K=25 sp=3 xover=2D/1
generation #85: pop m=180.542 v=  0.440 f=175.819 best_age=20
best: sum=188.2632 var=  0.2992 fitness=184.2438
-->8--
             15       1      13 
         34      33      54       7
         30      37      52      14 
     11      39      12      48      10
     40      24      25      20      53 
 19      44      51      32      43       4
  3      36      18      22      42      17
     46      16      41      28      29 
      6      38      26      45       9
         47      49      27      35 
         21      31      50      23
              2       5       8 
--8<--
found: sum=180.0000 var=  0.0000 fitness=180.0000
-->8--
              5       7      23 
         18      50      16      47
         48      53      46      11 
     14       6       8      37      30
     35      38      34      12      36 
 25      39      41      43      54      13
 21      32       3      19      10      22
     28      27      40      42      45 
     24      49      17      29       2
         20      44      33      52 
         15      51      31      26
              1       4       9 
--8<--
