sum=179.7368 var=  0.4044 fitness=175.0636
-->8--
              1      17       2 
         37      53      12      51
         39      38      44      26 
     27      14      18      47       4
     33      24      40      23      32 
 21      45      48      10      50      11
 15      22       7      28      52       3
     46      36      49      19      34 
     16      42      13      43       5
         20      35      30      29 
          6      54      41       8
             25       9      31 
--8<--
execution time: real 503.158897s user 901.023023s sys 0.260960s
GA: P=50 K=25 sp=3 xover=2D/1
generation #5920: pop m=179.019 v=  0.537 f=173.882 best_age=2519
best: sum=189.8421 var=  0.1330 fitness=187.1625
-->8--
             20       4       3 
         17      23      54       5
         49      37      53      36 
      6      44      19      39      11
     34      16      43       7      52 
  8      41      30      29      45       2
 18      48      33      28      50       9
     40      22      27      31      32 
     12      47      15      38      13
         21      46      51      26 
         10      42      35      25
             24       1      14 
--8<--
found: sum=182.0000 var=  0.0000 fitness=182.0000
-->8--
              1      17       2 
         37      53      12      51
         39      38      44      26 
     27      14      18      47       4
     33      24      40      23      32 
 21      45      48      10      50      11
 15      22       7      28      52       3
     46      36      49      19      34 
     16      42      13      43       5
         20      35      30      29 
          6      54      41       8
             25       9      31 
--8<--
