sum=178.0000 var=  0.3158 fitness=173.8705
-->8--
             10      18      12 
         11      36      27      50
         28      49      40      46 
     37      42       6       1       2
     14      26      44      51      43 
  3      29       9      34      33      24
 54      35      45      13      30      38
     41      32      31      15       8 
      4      25      22      47      23
         39      21      48      53 
         19      52      16       5
             20      17       7 
--8<--
execution time: real 5.878212s user 9.944488s sys 0.003999s
GA: P=50 K=25 sp=3 xover=2D/1
generation #61: pop m=176.655 v=  0.394 f=172.161 best_age=9
best: sum=185.0000 var=  0.3158 fitness=180.8705
-->8--
              7       5      10 
          8      52      42       6
         25      49      36      51 
      4      44       1      40       2
     38      45      32      23      41 
 26      29      14      54      28      24
 11      46      33      20      50      13
     35      18      31       9      30 
     12      22      34      43      16
         53      47      48      37 
         27      19      15      39
             17      21       3 
--8<--
found: sum=176.0000 var=  0.0000 fitness=176.0000
-->8--
             10      18      12 
         11      36      27      50
         28      49      40      46 
     37      42       6       1       2
     14      26      44      51      43 
  3      29       9      34      33      24
 54      35      45      13      30      38
     41      32      31      15       8 
      4      25      22      47      23
         39      21      48      53 
         19      52      16       5
             20      17       7 
--8<--
