found: sum=177.0000 var=  0.0000 fitness=177.0000 age=0
-->8--
             21      27      11 
         32      34      19      25
          9      29      42      39 
     16      52      26      41       3
     43       7      10      20      51 
 22      50      53      38      23       4
 36      12       1      30      49       2
     14      54      45      17      48 
     40      33      13      37      18
         24      31      35       8 
         28      46      47       6
             15       5      44 
--8<--
execution time: real 14.590750s user 5.997088s sys 0.178972s
jsgmd54: M=19 A=3 B=5 P=512 K=256 sp=3 xover=2D/2 mut=4 replace_worst=5 aging explosion=128@0.005000*128 swap=2 hexspin=2
generation #241: pop m=178.037 v=0.408 f=136.480
best: found: sum=177.0000 var=  0.0000 fitness=177.0000 age=1
-->8--
             21      27      11 
         32      34      19      25
          9      29      42      39 
     16      52      26      41       3
     43       7      10      20      51 
 22      50      53      38      23       4
 36      12       1      30      49       2
     14      54      45      17      48 
     40      33      13      37      18
         24      31      35       8 
         28      46      47       6
             15       5      44 
--8<--
