sum=178.3684 var=  0.3380 fitness=174.0965
-->8--
              3       1      18 
         39      40      45      23
         42      46      41      20 
      6       8       5      31      12
     24      48      49      36      54 
 11      50      22      16      25      21
 27      13      19      43      30      10
     53      26      29      28      38 
      7      32      35      34      33
         47      37       9      15 
          4      44      51      52
             14       2      17 
--8<--
execution time: real 446.642898s user 801.818105s sys 0.183972s
GA: P=50 K=25 sp=3 xover=2D/1
generation #5078: pop m=179.609 v=  0.430 f=174.962 best_age=2201
best: sum=190.1053 var=  0.1994 fitness=186.8235
-->8--
              2       6       5 
         27      51      45      16
         28      32      44      34 
     13      50      12      46      17
     38      14      39      10      31 
  9      47      43      40      52      15
 21      42      20      26      36       8
     33      24      22      25      48 
      7      49      23      41       3
         35      53      54      37 
          4      30      29      18
             19       1      11 
--8<--
found: sum=178.0000 var=  0.0000 fitness=178.0000
-->8--
              3       1      18 
         39      40      45      23
         42      46      41      20 
      6       8       5      31      12
     24      48      49      36      54 
 11      50      22      16      25      21
 27      13      19      43      30      10
     53      26      29      28      38 
      7      32      35      34      33
         47      37       9      15 
          4      44      51      52
             14       2      17 
--8<--
