found: sum=177.0000 var=  0.0000 fitness=  0.1725 age=0
-->8--
             34      54       2 
         12      33      19      36
         43      16      47      45 
     11      39       8      28      10
     21      46      42      20      51 
 40      17      26      32      23       1
  6      49      24      18      53      22
     44      15      35      31      27 
      4      52      14      29      30
         13      37      50       7 
          9      25      48      38
             41       3       5 
--8<--
execution time: real 42.061200s user 15.129699s sys 0.090986s
jsgmd54: M=19 A=3 B=5 P=512 K=256 sp=3 xover=2D/3 mut=13 replace_worst=51 aging explosion=128@0.005000*128 swap=2 hexspin=2
generation #541: pop m=176.389 v=0.442 f= -0.270
best: found: sum=177.0000 var=  0.0000 fitness=  0.1725 age=1
-->8--
             34      54       2 
         12      33      19      36
         43      16      47      45 
     11      39       8      28      10
     21      46      42      20      51 
 40      17      26      32      23       1
  6      49      24      18      53      22
     44      15      35      31      27 
      4      52      14      29      30
         13      37      50       7 
          9      25      48      38
             41       3       5 
--8<--
