sum=177.6842 var=  0.3213 fitness=173.5187
-->8--
             16       1      52 
         23      47      45       6
         29      31      42       2 
     12      38      18      37      17
     50      14      32      48      46 
  5      41      51       7      34      11
 15      40      25      39      53       4
     33      13      30       3      36 
      9      54      19      44      22
         35      43      49      26 
          8      24      28      10
             20      21      27 
--8<--
execution time: real 31.988941s user 56.904349s sys 0.015997s
GA: P=50 K=25 sp=3 xover=2D/1
generation #359: pop m=181.566 v=  0.445 f=176.854 best_age=1
best: sum=188.8947 var=  0.0942 fitness=186.6395
-->8--
             12       7      21 
          5      54      29       3
         20      53      44      49 
     14      45       1      43       2
     50      22      42      25      18 
 10      38      26      34      52      16
 13      51      24      31      36      19
     27      28      32      11      48 
      4      33      35      39       8
         46      37      41      47 
         15      40      30       9
             17       6      23 
--8<--
found: sum=184.0000 var=  0.0000 fitness=184.0000
-->8--
             16       1      52 
         23      47      45       6
         29      31      42       2 
     12      38      18      37      17
     50      14      32      48      46 
  5      41      51       7      34      11
 15      40      25      39      53       4
     33      13      30       3      36 
      9      54      19      44      22
         35      43      49      26 
          8      24      28      10
             20      21      27 
--8<--
