found: sum=168.0000 var=  0.0000 fitness=168.0000
-->8--
             50      52      37 
         11      30       6      42
         40      20      24      43 
      5      17      36      16      15
     26      47      29      53      27 
 21      33      19      10      14      12
  9      34      28      44      46      18
     45       7      38       1      51 
      2      41      31      32      35
         39      23      22       3 
          4      13      54      49
             48      25       8 
--8<--
execution time: real 426.166189s user 0.042993s sys 0.047992s
GA: P=10 K=7 sp=3 xover_cuts=2
generation #4030: pop m=178.568 v=  0.505 f=173.723 var0cnt=1 bage=1958
best: sum=188.5789 var=  0.2438 fitness=184.9508
-->8--
             22       3      14 
         12      52      40       5
         41      34      36      54 
      6      27      23      39       9
     42      20      50      24      13 
  7      53      35      17      49      16
 10      33      29      32      46      19
     44      18      26      21      45 
      8      48      31      51       1
         38      37      28      25 
          4      47      43      30
             15       2      11 
--8<--
found: sum=168.0000 var=  0.0000 fitness=168.0000
-->8--
             50      52      37 
         11      30       6      42
         40      20      24      43 
      5      17      36      16      15
     26      47      29      53      27 
 21      33      19      10      14      12
  9      34      28      44      46      18
     45       7      38       1      51 
      2      41      31      32      35
         39      23      22       3 
          4      13      54      49
             48      25       8 
--8<--
