found: sum=188.0000 var=  0.0000 fitness=188.0000 age=0
-->8--
             31       5       7 
          4      50      34      23
          1      48      42      30 
     29      54       9      52       8
     40      11      44      17      32 
 19      53      22      24      49       2
  3      47      35      36      41      25
     26      20      27      21      39 
     12      46      15      38       6
         37      45      51      43 
         14      28      33      10
             18      16      13 
--8<--
execution time: real 133.443555s user 263.485944s sys 0.657899s
GA: P=512 K=256 sp=2 xover=2D/1 aging
generation #630: pop m=190.371 v=  0.384 f=186.008
best: sum=190.0526 var=  0.0499 fitness=188.4117 age=473
-->8--
             19      10      15 
          1      35      26      32
         42      50      51      25 
      2      43      18      41      22
     39      12      33      17      36 
  4      52      34      30      49      16
 13      54      29      37      46       5
     28       9      27      11      38 
      6      48      24      44      20
         45      53      47      31 
         14      23      40       8
              7       3      21 
--8<--
found: sum=188.0000 var=  0.0000 fitness=188.0000 age=1
-->8--
             31       5       7 
          4      50      34      23
          1      48      42      30 
     29      54       9      52       8
     40      11      44      17      32 
 19      53      22      24      49       2
  3      47      35      36      41      25
     26      20      27      21      39 
     12      46      15      38       6
         37      45      51      43 
         14      28      33      10
             18      16      13 
--8<--
