found: sum=186.0000 var=  0.0000 fitness=186.0000 age=0
-->8--
              2      11      24 
         27      35      23       3
         53      47      37      50 
      7      22      33      49       8
     46      10      29      25      16 
 21      48      45      13      38       4
  6      34      19      52      41      36
     31      30      28      17      51 
     12      40      15      32       1
         39      54      42      44 
         26      18      43       5
              9      14      20 
--8<--
execution time: real 42.709876s user 81.586596s sys 1.978699s
GA: P=512 K=256 sp=3 xover=2D/1 optconsec aging
generation #883: pop m=190.776 v=0.311 f=186.857
best: sum=190.8421 var=  0.1330 fitness=188.1625 age=375
-->8--
             20       2       3 
          1      36      35      24
         34      54      53      28 
     15      46      10      48      13
     31      17      25      23      30 
 14      47      39      32      49       4
 12      50      27      29      40      16
     37      11      38      18      52 
      6      42      22      43       5
         45      51      41      33 
          8      26      44      21
             19       7       9 
--8<--
