sum=181.8947 var=  0.1994 fitness=178.6130
-->8--
              7       1      42 
         28      49      44       3
         25      53      31       8 
      6      20       4      54      15
     40      41      51      19      48 
 10      50      13      23      38      27
 11      32      24      37      36      12
     39      22      34      29      21 
     18      45      14      52       9
         26      43      16      35 
          5      46      30       2
             17      33      47 
--8<--
execution time: real 207.899425s user 375.181963s sys 0.117982s
GA: P=50 K=25 sp=3 xover=2D/1
generation #2404: pop m=183.014 v=  0.434 f=178.387 best_age=1699
best: sum=189.0526 var=  0.0499 fitness=187.4117
-->8--
              2       3       4 
         39      40      50       6
         24      41      48      47 
     14      43       7      34      11
     32      27      38      25      30 
 15      49      33      37      42      22
 13      35      29      31      44       5
     45      16      21      10      46 
     19      51      20      54       9
         23      52      53      26 
         17      28      36       8
             18       1      12 
--8<--
found: sum=182.0000 var=  0.0000 fitness=182.0000
-->8--
              7       1      42 
         28      49      44       3
         25      53      31       8 
      6      20       4      54      15
     40      41      51      19      48 
 10      50      13      23      38      27
 11      32      24      37      36      12
     39      22      34      29      21 
     18      45      14      52       9
         26      43      16      35 
          5      46      30       2
             17      33      47 
--8<--
