sum=180.8947 var=  0.6205 fitness=175.1062
-->8--
             27       7      12 
         43      26      44      31
         30      35       6      32 
     51      11      54      47      20
     36      25      33      23      37 
 18      19      14       9      13      22
 15      39      46      53      50       1
     45      29      17      24      49 
     16      38       8      42       3
          5      34      28       4 
         52      41      40      48
              2      21      10 
--8<--
sum=182.7895 var=  0.3767 fitness=178.2791
-->8--
              9       5      36 
         12      54      25      41
         49      33      42      21 
      8      24      22      16      45
     34      13      52      29      32 
  4      53      37      20      38      19
 17      50      10      47      40       6
     23      18      15       7      46 
     28      48      39      43       1
         14      51      30      44 
          2      31      27      11
             35       3      26 
--8<--
execution time: real 250.609134s user 449.681638s sys 0.109983s
GA: P=50 K=25 sp=3 xover=2D/1
generation #2816: pop m=178.426 v=  0.447 f=173.662 best_age=577
best: sum=190.4737 var=  0.3546 fitness=186.0980
-->8--
              8       4      10 
          9      43      40      11
         41      53      49      42 
      6      36       1      38       5
     45      24      44      27      50 
 21      39      33      32      29      17
 12      48      31      28      54      15
     25      16      22      20      26 
     18      51      23      52       3
         34      47      46      35 
         19      37      30      14
              2       7      13 
--8<--
found: sum=181.0000 var=  0.0000 fitness=181.0000
-->8--
              9       5      36 
         12      54      25      41
         49      33      42      21 
      8      24      22      16      45
     34      13      52      29      32 
  4      53      37      20      38      19
 17      50      10      47      40       6
     23      18      15       7      46 
     28      48      39      43       1
         14      51      30      44 
          2      31      27      11
             35       3      26 
--8<--
