sum=174.6842 var=  0.2161 fitness=171.2684
-->8--
             48      11      32 
         42      12      31       8
          5      49      52      43 
     50      14      15       4       3
     36      46      30      34      53 
 26      19      16      35      33      18
 13      39      27      40      21      25
     37      23      22       7      20 
      6      24      45      54      17
         41      29       2      51 
          1      47       9      10
             28      38      44 
--8<--
sum=182.6842 var=  0.6371 fitness=176.8187
-->8--
             23       3      39 
         26      30      52       8
         16      50      37      15 
      7      33       6      27      25
     53      34      45      20      51 
 11      35      10      43      40      28
 12      36      14      19      54       1
     31      49      47       2       4 
      9       5      22      42      44
         48      41      46      32 
         29      38      13      21
             17      18      24 
--8<--
execution time: real 122.591714s user 218.958713s sys 0.057991s
GA: P=50 K=25 sp=3 xover=2D/1
generation #1410: pop m=179.628 v=  0.438 f=174.905 best_age=792
best: sum=189.5789 var=  0.3490 fitness=185.2376
-->8--
             19       4       8 
         21      34      51       6
         28      39      46      43 
     10      48      16      35       9
     42      13      38      22      27 
  5      49      36      33      54       2
 12      40      37      31      32      30
     41      15      14      17      44 
      1      45      26      53      20
         47      52      50      24 
         18      25      29      23
              3       7      11 
--8<--
found: sum=178.0000 var=  0.0000 fitness=178.0000
-->8--
             23       3      39 
         26      30      52       8
         16      50      37      15 
      7      33       6      27      25
     53      34      45      20      51 
 11      35      10      43      40      28
 12      36      14      19      54       1
     31      49      47       2       4 
      9       5      22      42      44
         48      41      46      32 
         29      38      13      21
             17      18      24 
--8<--
