found: sum=171.0000 var=  0.0000 fitness=171.0000
-->8--
             15      48      23 
          7      26      51      44
         50      27      13       5 
     18      46       6      35      10
     12       3      49      52      30 
 20      42      40      16      39       1
 37      43       2      19       9      38
     17      41      45      36      54 
     34       8      22      25      14
         28      53      24      33 
         29      21      47      11
             32       4      31 
--8<--
found: sum=172.0000 var=  0.0000 fitness=172.0000
-->8--
             45      54       3 
         10      17      16      47
         48      14      39      44 
      4      38      32      23      15
     40       9      30      37      26 
 42      33      49      11      27      29
  8       6      25      35      21      18
     43      50      22      41      51 
      2      19      20       1      12
         52      36      53      46 
         13      24      34       7
             28       5      31 
--8<--
execution time: real 669.014283s user 0.052991s sys 0.099984s
GA: P=10 K=7 sp=3 xover_cuts=2
generation #6279: pop m=179.111 v=  0.444 f=174.564 var0cnt=1 bage=2216
best: sum=189.0526 var=  0.2604 fitness=185.3028
-->8--
             22       2      11 
         14      38      37       1
         32      49      48      53 
      6      34      15      39       5
     47      20      36      10      33 
 19      51      35      42      50      17
 18      30      27      40      25      23
     24      26       9      21      41 
      3      54      29      44      13
         52      43      46      45 
          8      28      31       7
              4      12      16 
--8<--
found: sum=172.0000 var=  0.0000 fitness=172.0000
-->8--
             45      54       3 
         10      17      16      47
         48      14      39      44 
      4      38      32      23      15
     40       9      30      37      26 
 42      33      49      11      27      29
  8       6      25      35      21      18
     43      50      22      41      51 
      2      19      20       1      12
         52      36      53      46 
         13      24      34       7
             28       5      31 
--8<--
