found: sum=179.0000 var=  0.0000 fitness=179.0000
-->8--
              6      20      53 
         30      28       4       5
         22      51      40      33 
      8      42      36      44      38
     52      24      16      14      27 
  2      31      10      29      23      25
  7      46      50      48      54       3
     41      18      26      11      47 
      1      34      32      13       9
         39      19      49      45 
         35      15      43      12
             37      21      17 
--8<--
execution time: real 323.228795s user 630.297180s sys 0.135979s
GA: P=10 K=7 sp=3 xover_cuts=2
generation #2852: pop m=179.063 v=  0.404 f=174.719 var0cnt=1 bage=245
best: sum=187.8421 var=  0.2382 fitness=184.2554
-->8--
             16       5      25 
         10      22      42      24
         39      54      36      20 
      4      47      29      41      13
     50      21       6      33      52 
  3      27      30      43      28      18
  8      51      40      32      35       9
     49      19      37      17      46 
      1      31      15      53      11
         38      45      34      26 
         23      44      48      12
              7       2      14 
--8<--
found: sum=179.0000 var=  0.0000 fitness=179.0000
-->8--
              6      20      53 
         30      28       4       5
         22      51      40      33 
      8      42      36      44      38
     52      24      16      14      27 
  2      31      10      29      23      25
  7      46      50      48      54       3
     41      18      26      11      47 
      1      34      32      13       9
         39      19      49      45 
         35      15      43      12
             37      21      17 
--8<--
