found: sum=168.0000 var=  0.0000 fitness=168.0000
-->8--
             51      39      50 
         12      13      41      11
         38      17      23      42 
      2      37      35       1       7
      5      33      40      47      46 
 48      53       6      22      25       8
  4       9      52      45      19      16
     49      15       3      10      54 
     29      30      44      34      20
         36      24      32      31 
         43      14      26      27
             21      28      18 
--8<--
execution time: real 459.020383s user 0.315951s sys 0.165974s
GA: P=50 K=10 sp=2 xover=2D/1 optrpl=2 optskip=10 optmax=1.052632
generation #13339: pop m=177.208 v=  6.183 f=169.898 best_age=6456
best: sum=188.2632 var=  0.1939 fitness=185.0273
-->8--
             13      23       5 
         14      32      28      12
         24      52      50      42 
      4      53       3      51       6
     35      18      38      26      22 
  8      54      25      20      41      11
 10      37      47      39      46      21
     45       7      19      17      48 
     16      49      36      33       1
         34      30      44      43 
         15      29      40       2
             31       9      27 
--8<--
found: sum=168.0000 var=  0.0000 fitness=168.0000
-->8--
             51      39      50 
         12      13      41      11
         38      17      23      42 
      2      37      35       1       7
      5      33      40      47      46 
 48      53       6      22      25       8
  4       9      52      45      19      16
     49      15       3      10      54 
     29      30      44      34      20
         36      24      32      31 
         43      14      26      27
             21      28      18 
--8<--
