found: sum=176.0000 var=  0.0000 fitness=  0.1715 age=0
-->8--
             26      10       3 
         35      31      43      48
         34      33      23      30 
     11      17      36      29       8
     53      41       5      32      38 
 14      20      44      51      39       9
 24      13      12      15      18      47
     52      46      49      21      25 
      6      19      22      42      16
         40      28      27      54 
          7      45      50       2
             37       4       1 
--8<--
execution time: real 41.935296s user 18.891128s sys 0.342947s
jsgmd54: M=19 A=3 B=5 P=512 K=256 sp=3 xover=2D/3 mut=13 replace_worst=51 aging explosion=128@0.005000*128 swap=2 hexspin=2
generation #735: pop m=176.547 v=0.461 f= -0.289
best: found: sum=176.0000 var=  0.0000 fitness=  0.1715 age=1
-->8--
             26      10       3 
         35      31      43      48
         34      33      23      30 
     11      17      36      29       8
     53      41       5      32      38 
 14      20      44      51      39       9
 24      13      12      15      18      47
     52      46      49      21      25 
      6      19      22      42      16
         40      28      27      54 
          7      45      50       2
             37       4       1 
--8<--
