sum=181.6842 var=  0.3213 fitness=177.5187
-->8--
             10       1      33 
         35      46      23      29
         41      27      37      39 
     11      20      45      18      12
     42      34      15      50      52 
 13      31      38      14       8      25
 28      22      47      44      54      16
     43       7      21       9      24 
     26      49       4      53       3
         32      51      48      36 
          5      40       6      17
              2      30      19 
--8<--
execution time: real 168.993091s user 252.319641s sys 0.147977s
GA: P=20 K=10 sp=3 xover_cuts=2
generation #5130: pop m=182.195 v=  0.411 f=177.670 best_age=389
best: sum=190.3158 var=  0.2161 fitness=186.9000
-->8--
              8       1      14 
          6      50      28       7
         31      47      44      45 
     19      49      20      53       2
     27      11      33      18      32 
  9      54      30      22      40      16
 24      36      34      42      43      21
     41      26      29      25      38 
     13      51       4      39      10
         23      46      52      35 
         17      48      37      15
              5       3      12 
--8<--
found: sum=179.0000 var=  0.0000 fitness=179.0000
-->8--
             10       1      33 
         35      46      23      29
         41      27      37      39 
     11      20      45      18      12
     42      34      15      50      52 
 13      31      38      14       8      25
 28      22      47      44      54      16
     43       7      21       9      24 
     26      49       4      53       3
         32      51      48      36 
          5      40       6      17
              2      30      19 
--8<--
