found: sum=179.0000 var=  0.0000 fitness=  0.1745 age=0
-->8--
             45      19      51 
         15      37      35       3
         14      46      13      27 
     33      22      29      50      12
     47      21      38       8      52 
 20      42      23      41      30       1
 28      31      26      34      48       4
     11      36      17      18      44 
      5      43      32      54       9
         53      25      24       6 
          2      49      39      16
              7      10      40 
--8<--
execution time: real 26.716086s user 10.929338s sys 0.249962s
jsgmd54: M=19 A=3 B=5 P=512 K=256 sp=3 xover=2D/3 mut=13 replace_worst=51 aging explosion=128@0.005000*128 swap=2 hexspin=2
generation #416: pop m=179.111 v=0.452 f= -0.277
best: found: sum=179.0000 var=  0.0000 fitness=  0.1745 age=1
-->8--
             45      19      51 
         15      37      35       3
         14      46      13      27 
     33      22      29      50      12
     47      21      38       8      52 
 20      42      23      41      30       1
 28      31      26      34      48       4
     11      36      17      18      44 
      5      43      32      54       9
         53      25      24       6 
          2      49      39      16
              7      10      40 
--8<--
