sum=177.1579 var=  0.6593 fitness=171.1912
-->8--
              3       2      30 
         49      47      48      14
         26      33      32      41 
     19      25      21      18       8
     50      51      36      37      52 
  9      12      17      39      27      16
 24      53      28      29      40       4
     35      22      34      11      44 
      7      46      10      45       1
         20      43      54      42 
         31      38      23       6
              5      15      13 
--8<--
execution time: real 753.650956s user 1349.107904s sys 0.356945s
GA: P=50 K=25 sp=3 xover=2D/1
generation #8844: pop m=179.593 v=  0.421 f=175.001 best_age=4894
best: sum=190.5263 var=  0.2493 fitness=186.8572
-->8--
             15       2      20 
         21      27      48       3
         33      46      53      31 
      7      49      14      36       9
     51       8      40      19      44 
  5      42      34      29      52       6
 11      50      30      22      45       1
     32      26      35      24      43 
     10      47      16      39      12
         25      37      54      28 
         17      41      38      13
             23       4      18 
--8<--
found: sum=183.0000 var=  0.0000 fitness=183.0000
-->8--
              3       2      30 
         49      47      48      14
         26      33      32      41 
     19      25      21      18       8
     50      51      36      37      52 
  9      12      17      39      27      16
 24      53      28      29      40       4
     35      22      34      11      44 
      7      46      10      45       1
         20      43      54      42 
         31      38      23       6
              5      15      13 
--8<--
