found: sum=167.0000 var=  0.0000 fitness=167.0000
-->8--
             43      17       2 
         44       7      26       8
          9      48      49      35 
     45      16      20      47      13
      5      41      11      15      53 
 46      51      31      25       4      19
  3      10      28      42      54      14
     52       6      30      27      23 
     29      33      32      24      21
         37      38      12      18 
         36       1      34      39
             22      50      40 
--8<--
execution time: real 457.426485s user 0.311952s sys 0.174973s
GA: P=50 K=10 sp=2 xover=2D/1 optrpl=2 optskip=10 optmax=1.052632
generation #13326: pop m=176.185 v= 36.890 f=159.328 best_age=9632
best: sum=188.6842 var=  0.2161 fitness=185.2684
-->8--
              7       1       6 
         24      37      42       9
         32      43      53      52 
      5      46      13      26       8
     33      28      40      27      39 
 15      45      19      30      36      29
 21      51      34      31      54      17
     23      12      35      11      14 
     16      38      22      48      18
         49      47      41      44 
          3      50      25      10
              2       4      20 
--8<--
found: sum=167.0000 var=  0.0000 fitness=167.0000
-->8--
             43      17       2 
         44       7      26       8
          9      48      49      35 
     45      16      20      47      13
      5      41      11      15      53 
 46      51      31      25       4      19
  3      10      28      42      54      14
     52       6      30      27      23 
     29      33      32      24      21
         37      38      12      18 
         36       1      34      39
             22      50      40 
--8<--
