found: sum=175.0000 var=  0.0000 fitness=175.0000
-->8--
             46      13      51 
         25      30      37       1
         22      50      16      28 
     45       2      29      42       3
     44       9      47      26      40 
 23      53      38      15      36      35
 17       4      19      48      32       5
     34      52       8      18      27 
      7      54      11      41      14
         24      31      49      43 
          6      39      12      10
             21      33      20 
--8<--
execution time: real 19.314027s user 0.223965s sys 0.006998s
GA: P=50 K=10 sp=2 xover=2D/1 optrpl=2 optskip=10 optmax=1.052632
generation #549: pop m=177.341 v= 32.981 f=161.366 best_age=465
best: sum=185.9474 var=  0.1551 fitness=183.0531
-->8--
             16       5       7 
         18      48      52       8
         19      42      37      35 
      2      43       3      47       4
     45      33      54      21      30 
  9      44      11      24      49      15
  6      46      51      17      50      10
     36       1      29      25      32 
     12      38      41      34      13
         53      26      40      31 
         22      27      28      14
             20      23      39 
--8<--
found: sum=175.0000 var=  0.0000 fitness=175.0000
-->8--
             46      13      51 
         25      30      37       1
         22      50      16      28 
     45       2      29      42       3
     44       9      47      26      40 
 23      53      38      15      36      35
 17       4      19      48      32       5
     34      52       8      18      27 
      7      54      11      41      14
         24      31      49      43 
          6      39      12      10
             21      33      20 
--8<--
