found: sum=165.0000 var=  0.0000 fitness=165.0000
-->8--
             29       3      43 
         21      50       9      45
         25      38      16      15 
     54       2      49      37      26
     23      14      32       7      39 
 33      47      30      24      41      52
  6       8      20      42      11      10
     48      46      17      40      12 
     31      13      34      27      22
         19      35       5      53 
         44      36      51       1
             18       4      28 
--8<--
execution time: real 60.224770s user 0.270958s sys 0.023996s
GA: P=50 K=10 sp=2 xover=2D/1 optrpl=2 optskip=10 optmax=1.052632
generation #1754: pop m=177.601 v= 26.566 f=163.021 best_age=1371
best: sum=188.1053 var=  0.1994 fitness=184.8235
-->8--
             23      16      25 
         21      39      36      28
         34      53      30      32 
      6      18      14      37       2
     50      33      51      29      43 
 12      47      20      27      45       7
  3      52      22      19      42      10
     24      15      49      26      41 
     13      40       8      38       5
         44      54      48      35 
          9      31      46      17
             11       1       4 
--8<--
found: sum=165.0000 var=  0.0000 fitness=165.0000
-->8--
             29       3      43 
         21      50       9      45
         25      38      16      15 
     54       2      49      37      26
     23      14      32       7      39 
 33      47      30      24      41      52
  6       8      20      42      11      10
     48      46      17      40      12 
     31      13      34      27      22
         19      35       5      53 
         44      36      51       1
             18       4      28 
--8<--
