found: sum=181.0000 var=  0.0000 fitness=181.0000
-->8--
             14      12      28 
         15      31      40       4
         18      51      38      34 
     27      52       9      37      22
     36       5      39      23      41 
 16      43      25      35      24      19
 33      42      46      29      21      32
     11      20       7      49      44 
     45      53       1      47       3
         10      54      48      17 
          8      26      50      13
             30       2       6 
--8<--
execution time: real 26.884791s user 0.243962s sys 0.011998s
GA: P=50 K=10 sp=2 xover=2D/1 optrpl=2 optskip=10 optmax=1.052632
generation #772: pop m=177.547 v= 14.784 f=167.548 best_age=238
best: sum=187.1053 var=  0.3047 fitness=183.0489
-->8--
             20       2      30 
          5      48      35       3
         45      38      39      43 
     18      32      25      37       7
     34      17      44      13      52 
 16      41      31      28      36       8
 27      40      33      47      54      23
     29      26       4       9      14 
      1      49      24      53      11
         42      50      51      46 
         12      19      21       6
             15      22      10 
--8<--
found: sum=181.0000 var=  0.0000 fitness=181.0000
-->8--
             14      12      28 
         15      31      40       4
         18      51      38      34 
     27      52       9      37      22
     36       5      39      23      41 
 16      43      25      35      24      19
 33      42      46      29      21      32
     11      20       7      49      44 
     45      53       1      47       3
         10      54      48      17 
          8      26      50      13
             30       2       6 
--8<--
