sum=173.7368 var=  0.2992 fitness=169.7175
-->8--
             26      38      36 
         37      12      53      14
         25      39      20       1 
      2      34      11      49      22
     52      15      23      30      27 
 19      45      51      40      44      41
 28      13      17      33       8       6
     16      32       9      18      47 
     54      48      21      50       7
         10      46      42      43 
          3      35       5      29
             31      24       4 
--8<--
execution time: real 1221.656551s user 2398.580360s sys 0.593909s
GA: P=20 K=10 sp=3 xover_cuts=2
generation #9496: pop m=179.842 v=  0.383 f=175.509 var0cnt=1 bage=5679
best: sum=190.1053 var=  0.1994 fitness=186.8235
-->8--
             12      11      17 
         10      31      28      21
         36      52      39      32 
      6      49      29      53       1
     30      15      20      23      43 
  9      54      26      25      38       3
 22      41      47      45      40      16
     34       7      27      19      50 
     24      51      13      44       2
         33      46      42      35 
          8      48      37      18
              5       4      14 
--8<--
found: sum=173.0000 var=  0.0000 fitness=173.0000
-->8--
             26      38      36 
         37      12      53      14
         25      39      20       1 
      2      34      11      49      22
     52      15      23      30      27 
 19      45      51      40      44      41
 28      13      17      33       8       6
     16      32       9      18      47 
     54      48      21      50       7
         10      46      42      43 
          3      35       5      29
             31      24       4 
--8<--
