sum=179.7895 var=  0.4820 fitness=174.6877
-->8--
             11       1      40 
         12      46      42       5
         49      47      33      50 
      2      14      10       9      26
     34      32      45      38      36 
 24      48      31      44      20      21
  4      30       3      37      27      22
     39      35      19      13      53 
      6      52      16      43      25
         17      54      51      18 
         41       7      23      15
              8      28      29 
--8<--
execution time: real 89.118982s user 159.493753s sys 0.041993s
GA: P=50 K=25 sp=3 xover=2D/1
generation #1011: pop m=181.622 v=  0.442 f=176.898 best_age=296
best: sum=188.1053 var=  0.0942 fitness=185.8501
-->8--
              8       3      11 
         29      33      54       9
         37      41      42      25 
     16      40      15      47      23
     27      22      21      13      45 
 39      46      49      50      35      24
  6      36      17      19      52       2
     34      18      32      20      31 
      1      51      26      38       4
         48      44      53      43 
          5      28      30      14
             12       7      10 
--8<--
found: sum=179.0000 var=  0.0000 fitness=179.0000
-->8--
             11       1      40 
         12      46      42       5
         49      47      33      50 
      2      14      10       9      26
     34      32      45      38      36 
 24      48      31      44      20      21
  4      30       3      37      27      22
     39      35      19      13      53 
      6      52      16      43      25
         17      54      51      18 
         41       7      23      15
              8      28      29 
--8<--
