sum=177.1579 var=  0.4488 fitness=172.2352
-->8--
             36       7      48 
         37      16      26      11
         42      38      53      19 
     15      12      41      24      31
     39      23      46       9      47 
  1      50      21       8      51       6
 10      32      30      43      52       5
     49      25      33      18      20 
     14      44       4      29      28
         17      45      54      34 
         27      35      40      22
             13       3       2 
--8<--
execution time: real 110.508453s user 197.625956s sys 0.042993s
GA: P=50 K=25 sp=3 xover=2D/1
generation #1276: pop m=181.382 v=  0.411 f=176.830 best_age=411
best: sum=189.0000 var=  0.1053 fitness=186.6158
-->8--
             20       4       6 
         19      32      46       7
         30      53      44      45 
      8      35       9      41      13
     54      11      42      16      36 
 12      51      39      37      38      10
 14      43      17      31      49      27
     15      28      23      18      29 
     22      47      25      40       5
         34      50      52      48 
         24      33      26      21
              1       3       2 
--8<--
found: sum=181.0000 var=  0.0000 fitness=181.0000
-->8--
             36       7      48 
         37      16      26      11
         42      38      53      19 
     15      12      41      24      31
     39      23      46       9      47 
  1      50      21       8      51       6
 10      32      30      43      52       5
     49      25      33      18      20 
     14      44       4      29      28
         17      45      54      34 
         27      35      40      22
             13       3       2 
--8<--
