sum=182.0526 var=  0.3657 fitness=177.6091
-->8--
             19       3       4 
         16      34      54      17
         18      37      33      20 
     40      51      14      47      13
     30      31       7      48       2 
 52       5      35      26      45      24
  1      44      49       8      42      41
     43      11      50       6      21 
     23      15      12      46      32
         39      38      53      28 
         22      36       9      29
             25      27      10 
--8<--
sum=183.6316 var=  0.8643 fitness=176.8000
-->8--
             24       6      23 
         48      33      49      29
          8      46      15      34 
     41      22      32      31      12
     47       9      51      25      53 
  4      54      21      27      26       7
  2      39      20      45      40      13
     35      38      17      18      42 
     14      44      19      52       1
         11      43      30      28 
         10      36      50      16
             37       3       5 
--8<--
sum=169.2105 var=  0.4820 fitness=164.1088
-->8--
             46      49      48 
         25      52      19      45
          4      20      13       6 
     47      16      10      32      51
     42      43      44      23      39 
 40      11      30      41      12       1
 17      26      22       5      53      24
     27      31      21      29      34 
     14      50      37      36       3
         15       2      35       8 
          9      54      28      18
             33       7      38 
--8<--
execution time: real 983.996931s user 1765.098664s sys 0.424935s
GA: P=50 K=25 sp=3 xover=2D/1
generation #11530: pop m=178.014 v=  0.474 f=173.154 best_age=7028
best: sum=190.1579 var=  0.1330 fitness=187.4783
-->8--
             16       4      14 
          3      42      43      17
         35      50      36      27 
     24      44      15      53       5
     33       6      29      32      34 
 13      48      46      26      39      10
  2      40      28      30      52      18
     54      22      31      11      37 
      8      41      20      51       1
         25      49      47      38 
          9      45      23      19
             21       7      12 
--8<--
found: sum=163.0000 var=  0.0000 fitness=163.0000
-->8--
             46      49      48 
         25      52      19      45
          4      20      13       6 
     47      16      10      32      51
     42      43      44      23      39 
 40      11      30      41      12       1
 17      26      22       5      53      24
     27      31      21      29      34 
     14      50      37      36       3
         15       2      35       8 
          9      54      28      18
             33       7      38 
--8<--
