execution time: real 148.274722s user 0.025996s sys 0.040993s
GA: P=10 K=8 sp=3
 xover_cuts=2
generation #1255: pop v=0.452632 f=171.278999
best: sum=187.105263 var=0.199446 fitness=183.823483 age=638

              2       1       7 
         34      32      35      10
         36      54      53      40 
      9      29      12      42       8
     46      27      39      28      17 
 11      41      26      14      52      31
  3      38      49      43      37       5
     48       6      16      13      45 
     15      47      20      51      18
         33      50      44      22 
          4      30      24      25
             23      19      21 

found: sum=177.000000 var=0.000000 fitness=177.000000

              9       3      14 
         13      49      44      47
         46      10      51       4 
      5      50      20      17      28
     29      24      33      31      43 
 39      23      40      25      54       6
  8      26      45      18      22      11
     52      19      16      27      41 
     38      12      48      53       2
         30      37      15      32 
         21      42      34      36
             35       1       7 

