found: sum=189.0000 var=  0.0000 fitness=  3.5000 age=0
-->8--
             26       7      12 
         18      27      51       6
         35      33      29      43 
      8      50      42      48       5
     38      19      25      15      24 
 14      39      20      30      54      11
  2      52      49      37      31      16
     44      10      28      22      53 
      9      34      21      36       1
         40      47      45      46 
         13      32      41       4
             23       3      17 
--8<--
execution time: real 34.052748s user 35.134658s sys 1.328797s
jsgmd54: M=19 A=3 B=5 P=512 K=256 sp=3 xover=2D/2 mut=3 replace_worst=3 aging explosion=128@0.005000*128 swap=2 hexspin=2
generation #1439: pop m=188.973 v=0.457 f=  3.042
best: found: sum=189.0000 var=  0.0000 fitness=  3.5000 age=1
-->8--
             26       7      12 
         18      27      51       6
         35      33      29      43 
      8      50      42      48       5
     38      19      25      15      24 
 14      39      20      30      54      11
  2      52      49      37      31      16
     44      10      28      22      53 
      9      34      21      36       1
         40      47      45      46 
         13      32      41       4
             23       3      17 
--8<--
