found: sum=179.0000 var=  0.0000 fitness=  0.1745 age=0
-->8--
             23      15      46 
         31      22      48       3
         16      38      30      39 
     40      49      26      13       5
     35      12      21      52      36 
 25      27      33      37      34       7
  2      43      50       9      19      32
     47      14      29      28      51 
     11      44      18      54      10
         20      24      41      17 
         45      42      53       6
              4       1       8 
--8<--
execution time: real 41.970495s user 18.065253s sys 0.302953s
jsgmd54: M=19 A=3 B=5 P=512 K=256 sp=3 xover=2D/3 mut=13 replace_worst=51 aging explosion=128@0.005000*128 swap=2 hexspin=2
generation #731: pop m=179.390 v=0.383 f= -0.208
best: found: sum=179.0000 var=  0.0000 fitness=  0.1745 age=1
-->8--
             23      15      46 
         31      22      48       3
         16      38      30      39 
     40      49      26      13       5
     35      12      21      52      36 
 25      27      33      37      34       7
  2      43      50       9      19      32
     47      14      29      28      51 
     11      44      18      54      10
         20      24      41      17 
         45      42      53       6
              4       1       8 
--8<--
