sum=178.6316 var=  0.7590 fitness=172.2295
-->8--
              7      13      35 
         52      38      53      51
         10      44       5       8 
     25      20      18      19      32
     37      34      49      41      54 
 16      45       6      39      17      12
 24      22      21      23      50       9
     27      43      33       1      29 
      2      30      40      46       3
         47       4      28      42 
         11      48      15      26
             31      36      14 
--8<--
execution time: real 222.311940s user 342.801886s sys 0.190970s
GA: P=20 K=10 sp=3 xover_cuts=2
generation #6912: pop m=181.784 v=  0.424 f=177.194 best_age=2864
best: sum=189.1579 var=  0.1330 fitness=186.4783
-->8--
              6       5      18 
          8      36      48      20
         45      51      26      34 
     16      44      23      43       1
     29      14      40      27      38 
 22      41      17      30      46       9
 19      54      32      21      50      13
     24      31      49      15      33 
      2      37      12      53       3
         42      28      39      35 
         10      47      52       7
             25      11       4 
--8<--
found: sum=171.0000 var=  0.0000 fitness=171.0000
-->8--
              7      13      35 
         52      38      53      51
         10      44       5       8 
     25      20      18      19      32
     37      34      49      41      54 
 16      45       6      39      17      12
 24      22      21      23      50       9
     27      43      33       1      29 
      2      30      40      46       3
         47       4      28      42 
         11      48      15      26
             31      36      14 
--8<--
