found: sum=190.0000 var=  0.0000 fitness=190.0000 age=0
-->8--
             14      16      13 
          6      26      50       1
         41      51      38      34 
      2      52       9      54       8
     23      19      35      22      25 
 21      53      24      32      47      30
  3      46      28      29      45       7
     44      20      42      15      36 
     10      39      18      49       5
         31      43      37      40 
         17      48      33       4
             12      11      27 
--8<--
execution time: real 6.467477s user 12.779057s sys 0.032994s
GA: P=512 K=256 sp=2 xover=2D/1 aging
generation #27: pop m=188.598 v=  0.404 f=184.047
best: found: sum=190.0000 var=  0.0000 fitness=190.0000 age=1
-->8--
             14      16      13 
          6      26      50       1
         41      51      38      34 
      2      52       9      54       8
     23      19      35      22      25 
 21      53      24      32      47      30
  3      46      28      29      45       7
     44      20      42      15      36 
     10      39      18      49       5
         31      43      37      40 
         17      48      33       4
             12      11      27 
--8<--
