found: sum=181.0000 var=  0.0000 fitness=181.0000
-->8--
              6       4      21 
          9      50      40       8
         49      19      51      47 
      1      48      17      14      27
     35      30      45      31      33 
 41      18      22      23      29       3
 28      54      44      11      53      26
      5      13      36      34      37 
     20      46      32      16       2
         43      10      52      39 
         15      42      38      24
             25       7      12 
--8<--
found: sum=177.0000 var=  0.0000 fitness=177.0000
-->8--
             17       5      54 
         11      43      35       2
         53      41      14      38 
      7      12      39      34       8
     32      25      29      28      42 
  1      48      31      33      27       4
  3      49       9      24      46      52
     44      15      51      19       6 
     22      37      20      16      40
         10      45      47      50 
         36      26      21      13
             23      18      30 
--8<--
execution time: real 836.783413s user 0.062990s sys 0.100984s
GA: P=10 K=7 sp=3 xover_cuts=2
generation #7903: pop m=178.437 v=  0.494 f=173.709 var0cnt=1 bage=5659
best: sum=188.1579 var=  0.1330 fitness=185.4783
-->8--
             17       7       5 
         13      36      42      20
         35      54      37      50 
      6      33      12      34       8
     31      30      43      22      28 
 18      53      16      41      46       2
 10      44      27       9      45      29
     32      19      52      25      38 
     21      24      15      39       1
         48      51      49      40 
          4      47      23      26
             14       3      11 
--8<--
found: sum=177.0000 var=  0.0000 fitness=177.0000
-->8--
             17       5      54 
         11      43      35       2
         53      41      14      38 
      7      12      39      34       8
     32      25      29      28      42 
  1      48      31      33      27       4
  3      49       9      24      46      52
     44      15      51      19       6 
     22      37      20      16      40
         10      45      47      50 
         36      26      21      13
             23      18      30 
--8<--
