found: sum=173.0000 var=  0.0000 fitness=173.0000
-->8--
              6      17      39 
         20      43       4       1
         32      53      23      52 
     51      19      33      54       2
     14       9      30      11      10 
  5      48      29      22      44      27
 41      28      12      38      45      21
     37      47      42      13      26 
     36       7      31      46       8
         18      34       3      35 
         50      49      40      25
             15      16      24 
--8<--
execution time: real 298.291477s user 0.305953s sys 0.107983s
GA: P=50 K=10 sp=2 xover=2D/1 optrpl=2 optskip=10 optmax=1.052632
generation #8625: pop m=176.060 v= 60.951 f=156.163 best_age=1432
best: sum=189.5263 var=  0.3546 fitness=185.1506
-->8--
             23       4      12 
         17      19      50       6
         41      54      51      33 
     10      36      11      38       7
     44      13      43      16      49 
  3      45      32      31      47       8
 15      48      22      27      42       5
     34      30      35      26      39 
      1      25      24      40      14
         52      53      37      28 
         21      29      46      20
              9       2      18 
--8<--
found: sum=173.0000 var=  0.0000 fitness=173.0000
-->8--
              6      17      39 
         20      43       4       1
         32      53      23      52 
     51      19      33      54       2
     14       9      30      11      10 
  5      48      29      22      44      27
 41      28      12      38      45      21
     37      47      42      13      26 
     36       7      31      46       8
         18      34       3      35 
         50      49      40      25
             15      16      24 
--8<--
