found: sum=174.0000 var=  0.0000 fitness=174.0000
-->8--
              8      22      24 
         35      48      27      11
         34      30      33      26 
      7      19      14      53      45
     54      47      52       5       3 
  9      13      12      17      42      28
 39      41      38      51      49      46
     18      23       4      10       6 
     32      29      44      50      16
         31      36      15      43 
         20      37      40      25
             21       2       1 
--8<--
execution time: real 202.823036s user 0.280957s sys 0.072988s
GA: P=50 K=10 sp=2 xover=2D/1 optrpl=2 optskip=10 optmax=1.052632
generation #5866: pop m=176.714 v= 41.806 f=157.719 best_age=5124
best: sum=189.1053 var=  0.1994 fitness=185.8235
-->8--
              7       3      10 
         18      41      43       9
         24      54      47      42 
      6      45       1      38       4
     53      17      37      34      23 
  8      44      35      32      49      25
 22      33      31      28      26      14
     29      30      27      20      52 
     12      39      13      51      19
         46      48      50      21 
         15      36      40      11
              5       2      16 
--8<--
