sum=182.8421 var=  0.4488 fitness=177.9194
-->8--
             18       1       2 
         14      21      34      37
         53      54      49      33 
      3      19      20      24       5
     32      43       4      44      42 
  9      29      39      38      31      28
 26      35      10      52       6      22
     48      23      36       8      50 
     15      47      12      30      45
         11      51      41      40 
          7      46      16      27
             17      13      25 
--8<--
sum=181.7368 var=  0.4044 fitness=177.0636
-->8--
              5      21       3 
         30      38      18      46
         31      42      54      44 
     10      39      12      20      19
     49      11      41      35      34 
 13      45      40      23      33       2
 28      43      32      27      51      29
      7      14      22      16      36 
     26      48      17      50       8
         47      52      53      24 
          4      25      37       6
              9       1      15 
--8<--
execution time: real 191.028060s user 342.120989s sys 0.087986s
GA: P=50 K=25 sp=3 xover=2D/1
generation #2176: pop m=183.639 v=  0.482 f=178.706 best_age=110
best: sum=189.7895 var=  0.1662 fitness=186.7936
-->8--
             18       4       5 
          8      26      50      13
         45      54      41      42 
     10      38      15      39      17
     40      11      35      28      30 
 31      46      37      32      34      22
  7      44      29      24      52      16
     21      23      33      20      36 
     12      47       9      51       6
         43      49      53      25 
          2      48      27      14
              1       3      19 
--8<--
found: sum=185.0000 var=  0.0000 fitness=185.0000
-->8--
              5      21       3 
         30      38      18      46
         31      42      54      44 
     10      39      12      20      19
     49      11      41      35      34 
 13      45      40      23      33       2
 28      43      32      27      51      29
      7      14      22      16      36 
     26      48      17      50       8
         47      52      53      24 
          4      25      37       6
              9       1      15 
--8<--
