found: sum=188.0000 var=  0.0000 fitness=188.0000 age=0
-->8--
             19      30       3 
         10      26      27      35
         48      47      49      31 
      1      38       9      43      15
     33      23      42      21      34 
 14      45      29      24      44      12
  8      51      18      39      40       5
     37      22      36      20      53 
      7      54       6      46       4
         17      52      41      25 
          2      50      28      32
             13      11      16 
--8<--
execution time: real 5.249435s user 10.398419s sys 0.026995s
GA: P=512 K=256 sp=3 xover=2D/1 aging
generation #22: pop m=189.126 v=0.380 f=184.699
best: found: sum=188.0000 var=  0.0000 fitness=188.0000 age=1
-->8--
             19      30       3 
         10      26      27      35
         48      47      49      31 
      1      38       9      43      15
     33      23      42      21      34 
 14      45      29      24      44      12
  8      51      18      39      40       5
     37      22      36      20      53 
      7      54       6      46       4
         17      52      41      25 
          2      50      28      32
             13      11      16 
--8<--
