sum=174.1053 var=  0.6205 fitness=168.3167
-->8--
             13      10      41 
         51      36      54       1
         21       9      26      25 
      4      52      47      35       7
     30      22      24      27      49 
 12      53      28      23      39       2
 20      19      29      44      46       6
     48      31      34       3      40 
      5      42       8      50      32
         37      38      43      11 
         18      33      45      17
             14      15      16 
--8<--
execution time: real 918.261939s user 1803.096887s sys 0.400939s
GA: P=20 K=10 sp=3 xover_cuts=2
generation #7088: pop m=182.168 v=  0.503 f=177.339 var0cnt=1 bage=2088
best: sum=189.8421 var=  0.1330 fitness=187.1625
-->8--
             12       2       3 
         14      23      48       9
         44      47      53      43 
     13      50      17      34       4
     27       5      39      16      41 
 19      51      31      30      52      18
  6      42      32      37      33      20
     45      29      21      22      26 
      1      38      15      49      24
         35      54      46      36 
         10      28      40      11
             25       7       8 
--8<--
found: sum=182.0000 var=  0.0000 fitness=182.0000
-->8--
             13      10      41 
         51      36      54       1
         21       9      26      25 
      4      52      47      35       7
     30      22      24      27      49 
 12      53      28      23      39       2
 20      19      29      44      46       6
     48      31      34       3      40 
      5      42       8      50      32
         37      38      43      11 
         18      33      45      17
             14      15      16 
--8<--
