found: sum=190.0000 var=  0.0000 fitness=190.0000 age=0
-->8--
             24      16      15 
          9      17      35       1
         41      51      52      34 
      8      48      19      53      20
     40      14      26       7      30 
  3      39      32      33      46       6
 11      50      28      29      54      23
     47      27      42      21      31 
      5      36      12      37       4
         25      45      49      43 
         22      44      38      10
             18       2      13 
--8<--
execution time: real 193.165019s user 383.316727s sys 0.906862s
GA: P=512 K=256 sp=3 xover=2D/1 aging
generation #931: pop m=190.583 v=0.296 f=186.819
best: found: sum=190.0000 var=  0.0000 fitness=190.0000 age=1
-->8--
             24      16      15 
          9      17      35       1
         41      51      52      34 
      8      48      19      53      20
     40      14      26       7      30 
  3      39      32      33      46       6
 11      50      28      29      54      23
     47      27      42      21      31 
      5      36      12      37       4
         25      45      49      43 
         22      44      38      10
             18       2      13 
--8<--
