found: sum=190.0000 var=  0.0000 fitness=190.0000 age=0
-->8--
              5       1       7 
         21      24      38       4
         54      45      48      49 
     11      41      34      44       2
     30      14      25      13      35 
 23      40      31      26      47      20
 15      50      33      46      42      18
     32      22      29      16      28 
      6      53      17      43      10
         27      36      39      51 
          3      52      37      12
             19       9       8 
--8<--
execution time: real 7.159501s user 14.027867s sys 0.164974s
GA: P=1024 K=512 sp=4 xover=2D/1 optconsec aging
generation #56: pop m=190.662 v=0.382 f=186.310
best: found: sum=190.0000 var=  0.0000 fitness=190.0000 age=1
-->8--
              5       1       7 
         21      24      38       4
         54      45      48      49 
     11      41      34      44       2
     30      14      25      13      35 
 23      40      31      26      47      20
 15      50      33      46      42      18
     32      22      29      16      28 
      6      53      17      43      10
         27      36      39      51 
          3      52      37      12
             19       9       8 
--8<--
