found: sum=179.0000 var=  0.0000 fitness=179.0000
-->8--
             44       7      14 
          2      20      43       3
         23      53      46      28 
      5      37      10      45      19
     35      30      15      36      38 
  8      49      34      27      13      22
 26      11      24      47      40      25
     50      31      32      16      41 
      6      29      12      39      42
         52      51      33       1 
          9      17      48      54
             21      18       4 
--8<--
execution time: real 331.330747s user 0.300954s sys 0.133979s
GA: P=50 K=10 sp=2 xover=2D/1 optrpl=2 optskip=10 optmax=1.052632
generation #9688: pop m=177.249 v= 73.664 f=156.372 best_age=553
best: sum=189.0000 var=  0.3158 fitness=184.8705
-->8--
              2       3       7 
         27      49      54      12
         38      44      25      39 
      5      30      13      52       9
     47      24      43      20      15 
 10      45      35      37      53      22
 17      34      33      18      32      26
     36      19      23      29      41 
     11      42      21      50       6
         46      51      48      31 
          8      28      40      16
             14       1       4 
--8<--
found: sum=179.0000 var=  0.0000 fitness=179.0000
-->8--
             44       7      14 
          2      20      43       3
         23      53      46      28 
      5      37      10      45      19
     35      30      15      36      38 
  8      49      34      27      13      22
 26      11      24      47      40      25
     50      31      32      16      41 
      6      29      12      39      42
         52      51      33       1 
          9      17      48      54
             21      18       4 
--8<--
