found: sum=179.0000 var=  0.0000 fitness=179.0000
-->8--
              9       5       3 
         32      20      45      30
         53      11      46      49 
      4      54      52       6      40
     19      13      21      25      33 
 10      36      28      29      26       7
 34      38      27      39      48      22
     42      37      35      12      43 
     16      15      18      24       2
         31      47      51      50 
          1      41      14      17
             44       8      23 
--8<--
execution time: real 68.967237s user 0.265959s sys 0.022996s
GA: P=50 K=10 sp=2 xover=2D/1 optrpl=2 optskip=10 optmax=1.052632
generation #1986: pop m=177.243 v= 13.140 f=167.884 best_age=580
best: sum=187.9474 var=  0.2604 fitness=184.1976
-->8--
             12       8      20 
         13      30      25      33
         39      52      54      32 
      9      42      19      24      17
     37      22      35      29      41 
  7      38      18      27      45      16
 10      53      51      34      26      15
     43       5      23      28      44 
      6      50      14      40       2
         31      46      49      48 
          4      21      47       1
             36      11       3 
--8<--
found: sum=179.0000 var=  0.0000 fitness=179.0000
-->8--
              9       5       3 
         32      20      45      30
         53      11      46      49 
      4      54      52       6      40
     19      13      21      25      33 
 10      36      28      29      26       7
 34      38      27      39      48      22
     42      37      35      12      43 
     16      15      18      24       2
         31      47      51      50 
          1      41      14      17
             44       8      23 
--8<--
