found: sum=175.0000 var=  0.0000 fitness=  0.1706 age=0
-->8--
             42      44      11 
         14       8      10      23
         36      47      48      54 
     25      28      18      29      13
     21      33      15      41      12 
  3      32      34      24      26      43
 31      38      22      35      40      37
     50      16      45       9      17 
      6      19      20      27      30
         46      53      39      52 
          4      51       7      49
              2       5       1 
--8<--
execution time: real 61.239286s user 27.278852s sys 0.792879s
jsgmd54: M=19 A=3 B=5 P=512 K=256 sp=3 xover=2D/3 mut=13 replace_worst=51 aging explosion=128@0.005000*128 swap=2 hexspin=2
generation #1098: pop m=172.997 v=0.434 f= -0.265
best: found: sum=175.0000 var=  0.0000 fitness=  0.1706 age=1
-->8--
             42      44      11 
         14       8      10      23
         36      47      48      54 
     25      28      18      29      13
     21      33      15      41      12 
  3      32      34      24      26      43
 31      38      22      35      40      37
     50      16      45       9      17 
      6      19      20      27      30
         46      53      39      52 
          4      51       7      49
              2       5       1 
--8<--
