sum=173.1579 var=  0.2382 fitness=169.5712
-->8--
             24       4      39 
         22      25      54       6
         27      38      48      13 
     12      35       2      11      14
      8      36      51      31      50 
 30      53       9      28      52       7
 37       3      26      16       1      46
     40      44      41      43      15 
     17      18      19      20      45
         49      23      32      47 
         10      42      34      33
             29      21       5 
--8<--
execution time: real 8.951555s user 15.625624s sys 0.005999s
GA: P=50 K=25 sp=3 xover=2D/1
generation #99: pop m=178.125 v=  0.445 f=173.369 best_age=39
best: sum=186.6316 var=  0.2327 fitness=183.0869
-->8--
             14       4      18 
         13      47      33       6
         19      43      44      46 
      7      51      16      39       1
     45      12      42      35      37 
  3      53      23      10      29      26
  5      31      50      34      52      22
     49      17      28      27      20 
     11      54       8      48       2
         25      30      41      38 
         21      32      36       9
             24      40      15 
--8<--
found: sum=171.0000 var=  0.0000 fitness=171.0000
-->8--
             24       4      39 
         22      25      54       6
         27      38      48      13 
     12      35       2      11      14
      8      36      51      31      50 
 30      53       9      28      52       7
 37       3      26      16       1      46
     40      44      41      43      15 
     17      18      19      20      45
         49      23      32      47 
         10      42      34      33
             29      21       5 
--8<--
