sum=179.5263 var=  0.3546 fitness=175.1506
-->8--
             13       8       1 
          2      54       5      50
         51      38      43      52 
      3      21      31      28      16
     44      18      30      22      29 
 24      42      41      25      32      33
 10      47      20      49      36       4
     12      11      14      15      45 
     37      53      35      40       9
         19      46      26      34 
         48       6      39      17
              7      27      23 
--8<--
sum=166.0000 var=  1.0526 fitness=158.4606
-->8--
              4      51      33 
         19      41       5       3
         38      23      30      50 
     44      42      17      46      26
      6      10      40      13      31 
 49      27      35      21       1      53
 36      29      12      37      47      24
     20      54      22      48      11 
     14      18       9       8      28
         32      52      43      25 
         34      16      45       7
             15       2      39 
--8<--
execution time: real 571.299260s user 809.209981s sys 0.515921s
GA: P=20 K=10 sp=3 xover_cuts=2
generation #17314: pop m=181.984 v=  0.466 f=177.226 best_age=2680
best: sum=190.3158 var=  0.2161 fitness=186.9000
-->8--
             16      10      14 
          2      36      38       7
         47      49      46      44 
      1      40      12      42       8
     31      28      39      19      29 
 15      43      23      32      48       9
 18      50      34      35      30      20
     33      13      27      26      54 
      4      53      11      51       5
         37      52      41      25 
         21      24      45      22
              3      17       6 
--8<--
found: sum=167.0000 var=  0.0000 fitness=167.0000
-->8--
              4      51      33 
         19      41       5       3
         38      23      30      50 
     44      42      17      46      26
      6      10      40      13      31 
 49      27      35      21       1      53
 36      29      12      37      47      24
     20      54      22      48      11 
     14      18       9       8      28
         32      52      43      25 
         34      16      45       7
             15       2      39 
--8<--
