found: sum=169.0000 var=  0.0000 fitness=169.0000
-->8--
             21       3       5 
         15      29      52       9
         34      16      49      43 
     19      54      20      11      14
      8      10      31      36      30 
 53      44      38      22      35      41
 25      37      28      46      13      18
      2      12       4      17      32 
     47      48      51      50      33
         23      26       1      24 
         39       6      45      42
             27      40       7 
--8<--
execution time: real 256.285727s user 0.275958s sys 0.090986s
GA: P=50 K=10 sp=2 xover=2D/1 optrpl=2 optskip=10 optmax=1.052632
generation #7435: pop m=175.837 v= 69.110 f=153.336 best_age=504
best: sum=188.3684 var=  0.2327 fitness=184.8237
-->8--
              8       5      24 
          9      52      37       4
         25      40      51      29 
     19      54       3      44       2
     32      14      47      21      49 
 20      45      30      23      43      13
  6      39      34      28      35      15
     46      27      26      38      33 
     18      41       7      48      12
         17      53      42      22 
         11      36      50      16
             31       1      10 
--8<--
found: sum=169.0000 var=  0.0000 fitness=169.0000
-->8--
             21       3       5 
         15      29      52       9
         34      16      49      43 
     19      54      20      11      14
      8      10      31      36      30 
 53      44      38      22      35      41
 25      37      28      46      13      18
      2      12       4      17      32 
     47      48      51      50      33
         23      26       1      24 
         39       6      45      42
             27      40       7 
--8<--
