execution time: real 222.749999s user 0.062990s sys 0.102984s
GA: P=10 K=7 sp=3
 xover_cuts=2
generation #2219: pop v=5.456510 f=164.314214
best: sum=197.157895 var=0.659280 fitness=191.191228 age=413

              6       5       2 
         10      42      44      30
         38      54      24      44 
     23      48      28      53      31
     44       4      25      15      36 
 13      41      37      52      19       7
  3      49      22      17      44      41
     46      44      45      50      51 
     21      26      32       8       1
         12      27      45      44 
         44      43      11      44
             44      40      44 

found: sum=161.000000 var=0.000000 fitness=161.000000

              3       6      24 
         50      36      12      35
         45      26      44      42 
     46       1      37       4      30
      5      47      16      11      54 
 51      17      34      49      20       7
 13      22       9      15      18      41
     53      32      38      48      21 
     19      25      29       8      14
         10      28      23      52 
         31      40       2      33
             27      39      43 

