sum=186.0526 var=  0.6814 fitness=179.9865
-->8--
              4       5       1 
         28      32      29       3
         15      47      52      48 
     37      53      14      46       8
      7      25      10      18      35 
 12      42      30      39      24       6
 49      43      16      33      38      45
     26      23      51      27      31 
      2      44      34      21      22
         41      11      13      40 
          9      54      50      36
             20      17      19 
--8<--
sum=182.7368 var=  0.6150 fitness=176.9742
-->8--
             48       4      47 
          7      30       2       3
          6      45      52      51 
     46      39      42      20       5
     13      17      14      11      53 
 22      54      18      36      35      21
 19      27      43      26      23      15
     40      16      38      44      28 
     25      33       8      50       1
         34      37       9      29 
         10      49      31      32
             12      41      24 
--8<--
execution time: real 315.458517s user 315.479039s sys 0.002999s
GA: P=20 K=10 sp=3 xover_cuts=2
generation #2912: pop m=182.726 v=  0.357 f=178.522 best_age=1944
best: sum=190.1053 var=  0.1994 fitness=186.8235
-->8--
             26       8       7 
          6      25      54       5
         33      49      45      43 
     13      51      10      37       9
     28      18      32      27      38 
 14      47      30      39      36       2
 20      52      22      23      48      24
     29      21      44      17      42 
     12      41      16      50       3
         35      46      40      31 
         11      53      34      19
              4       1      15 
--8<--
found: sum=175.0000 var=  0.0000 fitness=175.0000
-->8--
             48       4      47 
          7      30       2       3
          6      45      52      51 
     46      39      42      20       5
     13      17      14      11      53 
 22      54      18      36      35      21
 19      27      43      26      23      15
     40      16      38      44      28 
     25      33       8      50       1
         34      37       9      29 
         10      49      31      32
             12      41      24 
--8<--
