found: sum=177.0000 var=  0.0000 fitness=177.0000
-->8--
             31      20      41 
         16      52       3       4
         15      39      53      54 
      8      24      10      22      14
     37      49      50       6      30 
  7      44       5      36      51      11
  2      45      33      32      12      26
     42       1      21      40      47 
     23      48      28      13      38
         18      46      43      27 
         29      17      34      35
             19       9      25 
--8<--
execution time: real 147.831157s user 0.018997s sys 0.009998s
GA: P=10 K=7 sp=3 xover_cuts=2
generation #1452: pop m=177.405 v=  0.320 f=173.494 var0cnt=1 bage=204
best: sum=187.6842 var=  0.3213 fitness=183.5187
-->8--
             15       1       2 
         16      21      34       3
         40      52      54      53 
      8      44      25      41      11
     32      14      35       6      30 
  7      50      18      26      47      17
  5      46      37      39      51      20
     48      23      33      19      22 
     12      36      31      38      13
         24      27      28      45 
         42      49      43       4
              9      10      29 
--8<--
found: sum=177.0000 var=  0.0000 fitness=177.0000
-->8--
             31      20      41 
         16      52       3       4
         15      39      53      54 
      8      24      10      22      14
     37      49      50       6      30 
  7      44       5      36      51      11
  2      45      33      32      12      26
     42       1      21      40      47 
     23      48      28      13      38
         18      46      43      27 
         29      17      34      35
             19       9      25 
--8<--
