sum=181.0000 var=  0.1053 fitness=178.6158
-->8--
             14      24      52 
         16      29      17      26
         32      53      31       1 
     18      37      27      54      45
     15      30      28      19      23 
 11      49       6      22      39      20
 12      43      50      34      42       9
     51       3      41      25      48 
      7      33       8      35      10
         44      46      38      21 
          5      40      47      36
             13       2       4 
--8<--
execution time: real 365.896059s user 656.080260s sys 0.146977s
GA: P=50 K=25 sp=3 xover=2D/1
generation #4301: pop m=182.588 v=  0.446 f=177.878 best_age=1718
best: sum=190.0000 var=  0.2105 fitness=186.6283
-->8--
             23       1       8 
         18      38      42      11
         28      47      48      54 
     12      36      14      27       6
     49      26      43      21      33 
 13      39      24      37      50      25
 10      44      41      29      34       2
     35      16      15      19      45 
      9      46      22      53       7
         40      51      52      32 
          5      31      30      20
             17       4       3 
--8<--
found: sum=181.0000 var=  0.0000 fitness=181.0000
-->8--
             14      24      52 
         16      29      17      26
         32      53      31       1 
     18      37      27      54      45
     15      30      28      19      23 
 11      49       6      22      39      20
 12      43      50      34      42       9
     51       3      41      25      48 
      7      33       8      35      10
         44      46      38      21 
          5      40      47      36
             13       2       4 
--8<--
