found: sum=179.0000 var=  0.0000 fitness=  0.1745 age=0
-->8--
             18       8      16 
         25      37      42      45
         21      29      28      17 
      3      49      35      31      41
     44      12      30      19      51 
 23      50      24      36      20      10
  2       7      54      26      40      52
     53      32       9      38       6 
     15      39      11      48       4
         33      34      47      43 
         22      46      27       1
              5      14      13 
--8<--
execution time: real 25.589413s user 10.889344s sys 0.138978s
jsgmd54: M=19 A=3 B=5 P=512 K=256 sp=3 xover=2D/3 mut=13 replace_worst=51 aging explosion=128@0.005000*128 swap=2 hexspin=2
generation #398: pop m=177.666 v=0.596 f= -0.423
best: found: sum=179.0000 var=  0.0000 fitness=  0.1745 age=1
-->8--
             18       8      16 
         25      37      42      45
         21      29      28      17 
      3      49      35      31      41
     44      12      30      19      51 
 23      50      24      36      20      10
  2       7      54      26      40      52
     53      32       9      38       6 
     15      39      11      48       4
         33      34      47      43 
         22      46      27       1
              5      14      13 
--8<--
