found: sum=190.0000 var=  0.0000 fitness=190.0000 age=0
-->8--
             23      12      20 
         11      44      42       3
         25      33      49      29 
      2      54      10      47       7
     43      15      30      32      34 
 17      51      48      22      41       9
 13      27      28      26      50      16
     39      21      36      19      40 
     14      52      18      46       4
         37      35      45      31 
          8      53      38       6
              5       1      24 
--8<--
execution time: real 1.857447s user 3.658443s sys 0.030995s
GA: P=512 K=256 sp=3 xover=2D/1 optconsec aging
generation #24: pop m=189.875 v=0.437 f=185.154
best: found: sum=190.0000 var=  0.0000 fitness=190.0000 age=1
-->8--
             23      12      20 
         11      44      42       3
         25      33      49      29 
      2      54      10      47       7
     43      15      30      32      34 
 17      51      48      22      41       9
 13      27      28      26      50      16
     39      21      36      19      40 
     14      52      18      46       4
         37      35      45      31 
          8      53      38       6
              5       1      24 
--8<--
