found: sum=171.0000 var=  0.0000 fitness=171.0000
-->8--
             34       1      36 
         11      54       4      40
         37      25      35      53 
     42      10      52       3      33
     22      13      28      38      18 
 46      47      43      15      26       7
  5       6      12      41      49      27
     45      50      32       2      44 
      9      30      24      51       8
         31      23      21      17 
         19      48      39      29
             20      16      14 
--8<--
execution time: real 13.509343s user 0.247962s sys 0.007998s
GA: P=50 K=10 sp=2 xover=2D/1 optrpl=2 optskip=10 optmax=1.052632
generation #376: pop m=175.917 v= 26.803 f=162.315 best_age=257
best: sum=185.8421 var=  0.3435 fitness=181.5353
-->8--
              4       3      19 
         32      37      20       8
          6      52      44      53 
     26      54      30      42      11
     41      13      22      21      23 
 10      46      14      28      35      27
  7      51      38      43      47       5
     31      25      40      12      49 
     16      29      18      24       9
         34      36      48      45 
         39      33      50       2
             15       1      17 
--8<--
found: sum=171.0000 var=  0.0000 fitness=171.0000
-->8--
             34       1      36 
         11      54       4      40
         37      25      35      53 
     42      10      52       3      33
     22      13      28      38      18 
 46      47      43      15      26       7
  5       6      12      41      49      27
     45      50      32       2      44 
      9      30      24      51       8
         31      23      21      17 
         19      48      39      29
             20      16      14 
--8<--
