found: sum=190.0000 var=  0.0000 fitness=190.0000 age=0
-->8--
             25       3       8 
         10      42      43      20
         23      38      45      21 
     11      52      19      53      29
     26      24      30       7      34 
 22      54      27      36      46      13
  2      39      28      37      49       4
     47      18      32      15      44 
      5      48      14      41       1
         33      50      51      40 
         16      31      35       6
             12       9      17 
--8<--
execution time: real 120.983769s user 233.149555s sys 6.870955s
GA: P=512 K=256 sp=3 xover=2D/1 optconsec aging
generation #2881: pop m=190.786 v=0.271 f=187.116
best: found: sum=190.0000 var=  0.0000 fitness=190.0000 age=1
-->8--
             25       3       8 
         10      42      43      20
         23      38      45      21 
     11      52      19      53      29
     26      24      30       7      34 
 22      54      27      36      46      13
  2      39      28      37      49       4
     47      18      32      15      44 
      5      48      14      41       1
         33      50      51      40 
         16      31      35       6
             12       9      17 
--8<--
