sum=180.8421 var=  0.5540 fitness=175.3725
-->8--
             13      53      42 
          9      18      11       4
         44      52      37      49 
     16      43       8      36       2
     45      21      25      19      38 
 14      10      30      54      35       7
 40      39      47       1      29      24
     31      32      22      41      46 
     15      28      17      48       3
         34      33      50      12 
          6      51      23      26
             27       5      20 
--8<--
execution time: real 111.063281s user 198.709791s sys 0.063990s
GA: P=50 K=25 sp=3 xover=2D/1
generation #1300: pop m=181.089 v=  0.381 f=176.724 best_age=226
best: sum=188.8947 var=  0.0942 fitness=186.6395
-->8--
             11       5      18 
          8      46      47       3
         30      51      38      31 
     10      43       2      52       7
     45      21      35      34      32 
  9      40      36      28      33       4
 17      37      42      29      49      27
     41      13      19      16      44 
     25      53      23      48       6
         20      39      54      26 
         12      50      22      24
             15       1      14 
--8<--
found: sum=179.0000 var=  0.0000 fitness=179.0000
-->8--
             13      53      42 
          9      18      11       4
         44      52      37      49 
     16      43       8      36       2
     45      21      25      19      38 
 14      10      30      54      35       7
 40      39      47       1      29      24
     31      32      22      41      46 
     15      28      17      48       3
         34      33      50      12 
          6      51      23      26
             27       5      20 
--8<--
