found: sum=173.0000 var=  0.0000 fitness=173.0000
-->8--
             37      11       8 
          1      41      16      40
         23      42      28      30 
     53      29      35      51      48
     36      10       7       3      17 
  6      22      50      49      24      52
 26      44      20       9      54      21
     39      27      38      34       5 
      4      12      33      46       2
         47      43      13      32 
         31      25      45      19
             15      14      18 
--8<--
execution time: real 209.324305s user 0.296954s sys 0.075988s
GA: P=50 K=10 sp=2 xover=2D/1 optrpl=2 optskip=10 optmax=1.052632
generation #6134: pop m=177.243 v= 33.913 f=160.855 best_age=4370
best: sum=190.2632 var=  0.2992 fitness=186.2438
-->8--
             12       3       8 
         15      32      35       7
         40      48      50      39 
     20      43      22      52       4
     27       6      33       9      34 
 11      54      38      24      53       5
 18      49      21      46      45      17
     31      23      28      13      36 
      2      41      25      42      26
         44      51      37      29 
         10      30      47      16
             14       1      19 
--8<--
