found: sum=181.0000 var=  0.0000 fitness=  0.1764 age=0
-->8--
              4      10       5 
         14      43      30      34
         47      49      13      51 
     11      24      36      48      12
     44      17      29      27      18 
  7      38      26      28      25      19
  8      32      33      50      20      54
     52      35      15      31      45 
      9      37      22      42       2
         16      39      21      41 
          3      40      53       1
             46       6      23 
--8<--
execution time: real 36.058662s user 14.398811s sys 0.275958s
jsgmd54: M=19 A=3 B=5 P=512 K=256 sp=3 xover=2D/3 mut=13 replace_worst=51 aging explosion=128@0.005000*128 swap=2 hexspin=2
generation #587: pop m=182.092 v=0.559 f= -0.381
best: found: sum=181.0000 var=  0.0000 fitness=  0.1764 age=1
-->8--
              4      10       5 
         14      43      30      34
         47      49      13      51 
     11      24      36      48      12
     44      17      29      27      18 
  7      38      26      28      25      19
  8      32      33      50      20      54
     52      35      15      31      45 
      9      37      22      42       2
         16      39      21      41 
          3      40      53       1
             46       6      23 
--8<--
