found: sum=171.0000 var=  0.0000 fitness=171.0000
-->8--
             13      14       1 
         50      49      11      22
          3      29      40      53 
     34      27      28      44      18
     45      36      21       6       7 
  4      26      30      32      43      33
 51       8      25      39      31      10
     37      46      24      20      47 
     12      52      15      54      17
         16       9      19       2 
         41      48      38      35
              5      42      23 
--8<--
execution time: real 925.078331s user 0.059990s sys 0.054991s
GA: P=10 K=7 sp=3 xover_cuts=2
generation #8942: pop m=178.216 v=  0.394 f=173.974 var0cnt=1 bage=227
best: sum=187.8947 var=  0.1994 fitness=184.6130
-->8--
             14       2      12 
         17      53      46      11
         21      30      50      47 
      1      52       7      22       3
     42      18      49      41      39 
 26      54      32      19      36      13
  5      33      23      31      45      20
     28      27      34      15      35 
     24      51      16      44       9
         25      37      48      40 
         29      38      43       4
              8       6      10 
--8<--
found: sum=171.0000 var=  0.0000 fitness=171.0000
-->8--
             13      14       1 
         50      49      11      22
          3      29      40      53 
     34      27      28      44      18
     45      36      21       6       7 
  4      26      30      32      43      33
 51       8      25      39      31      10
     37      46      24      20      47 
     12      52      15      54      17
         16       9      19       2 
         41      48      38      35
              5      42      23 
--8<--
