found: sum=177.0000 var=  0.0000 fitness=  0.1725 age=0
-->8--
             22       5       1 
         12      24      47       7
         41      36      51      48 
      8      42      14      23      17
     37      16      34       6      31 
 32      33      35      49      52       2
  9      46      19      13       3      44
     20      28      27      54      45 
     26      53      40      25      11
          4      10      18      39 
         43      38      50      15
             29      21      30 
--8<--
execution time: real 34.399728s user 13.963877s sys 0.166974s
jsgmd54: M=19 A=3 B=5 P=512 K=256 sp=3 xover=2D/3 mut=13 replace_worst=51 aging explosion=128@0.005000*128 swap=2 hexspin=2
generation #543: pop m=177.544 v=0.553 f= -0.380
best: found: sum=177.0000 var=  0.0000 fitness=  0.1725 age=1
-->8--
             22       5       1 
         12      24      47       7
         41      36      51      48 
      8      42      14      23      17
     37      16      34       6      31 
 32      33      35      49      52       2
  9      46      19      13       3      44
     20      28      27      54      45 
     26      53      40      25      11
          4      10      18      39 
         43      38      50      15
             29      21      30 
--8<--
