found: sum=176.0000 var=  0.0000 fitness=  0.1715 age=0
-->8--
             43      37       8 
         22       3      36       4
         54      31      44      50 
     19      23      25      34       9
     14      38      26      20      10 
 16      28      33      27      53       6
 49      24      12      30      35      40
     45      41      48      11      32 
      7      13      15      51      29
         46      47      21      18 
         17      52      39      42
              1       2       5 
--8<--
execution time: real 34.852662s user 15.525639s sys 0.376942s
jsgmd54: M=19 A=3 B=5 P=512 K=256 sp=3 xover=2D/3 mut=13 replace_worst=51 aging explosion=128@0.005000*128 swap=2 hexspin=2
generation #622: pop m=176.253 v=0.513 f= -0.341
best: found: sum=176.0000 var=  0.0000 fitness=  0.1715 age=1
-->8--
             43      37       8 
         22       3      36       4
         54      31      44      50 
     19      23      25      34       9
     14      38      26      20      10 
 16      28      33      27      53       6
 49      24      12      30      35      40
     45      41      48      11      32 
      7      13      15      51      29
         46      47      21      18 
         17      52      39      42
              1       2       5 
--8<--
