found: sum=174.0000 var=  0.0000 fitness=174.0000
-->8--
             33       2      26 
         41       4      51      10
         27      29      35      49 
     18      40      53       3      39
     23      14      25      21      50 
  6      52      13      37      12      22
 48      34      46      44      24      19
     11      15       9      36      47 
     17      43      31      38       1
         54      30      16      28 
          7      32      45       5
              8      20      42 
--8<--
execution time: real 556.372248s user 0.038994s sys 0.066989s
GA: P=10 K=7 sp=3 xover_cuts=2
generation #5218: pop m=178.989 v=  0.358 f=174.915 var0cnt=1 bage=3647
best: sum=187.8947 var=  0.0942 fitness=185.6395
-->8--
             19       4       1 
         18      27      44       2
         23      47      49      40 
      3      53      17      52      10
     43      12      30      26      39 
  6      54      29      14      21      16
 15      37      31      36      50      24
     33      25      48      41      38 
     13      35       7      22       5
         45      42      34      32 
         11      46      51      28
              9       8      20 
--8<--
found: sum=174.0000 var=  0.0000 fitness=174.0000
-->8--
             33       2      26 
         41       4      51      10
         27      29      35      49 
     18      40      53       3      39
     23      14      25      21      50 
  6      52      13      37      12      22
 48      34      46      44      24      19
     11      15       9      36      47 
     17      43      31      38       1
         54      30      16      28 
          7      32      45       5
              8      20      42 
--8<--
