sum=175.7368 var=  0.2992 fitness=171.7175
-->8--
              6      12       3 
          8      28      54      39
         46      44       7      48 
     10      42      29      23       9
     37       5      32      33      30 
 14      34      22      50      31      19
 27      38      26       4      43      15
     24      49      40      13      36 
      1      21      20      45      35
         41      18      52       2 
         53      16      17      11
             25      51      47 
--8<--
execution time: real 289.042320s user 519.043093s sys 0.115982s
GA: P=50 K=25 sp=3 xover=2D/1
generation #3299: pop m=180.386 v=  0.455 f=175.632 best_age=1301
best: sum=189.8421 var=  0.1330 fitness=187.1625
-->8--
              2       7       6 
         18      44      51       8
         39      41      42      31 
      9      46       5      52      11
     34      13      40      19      30 
 27      48      45      32      47      22
 17      35      21      25      43      15
     29      28      26      24      33 
     23      54      12      50       4
         20      49      53      36 
         14      37      38      10
             16       1       3 
--8<--
found: sum=174.0000 var=  0.0000 fitness=174.0000
-->8--
              6      12       3 
          8      28      54      39
         46      44       7      48 
     10      42      29      23       9
     37       5      32      33      30 
 14      34      22      50      31      19
 27      38      26       4      43      15
     24      49      40      13      36 
      1      21      20      45      35
         41      18      52       2 
         53      16      17      11
             25      51      47 
--8<--
