found: sum=174.0000 var=  0.0000 fitness=174.0000
-->8--
             18       9      27 
          2      46      38      23
         49       7      42      33 
     10      52      32      11       1
     26      12      24      45      54 
 22      25      47      20      30      21
 53      19      36      34      14      50
     29      35      13      31       5 
      8      40       6      39      37
         43      44      51      48 
          4      15      17      16
             28      41       3 
--8<--
execution time: real 13.476466s user 0.232964s sys 0.005999s
GA: P=50 K=10 sp=2 xover=2D/1 optrpl=2 optskip=10 optmax=1.052632
generation #387: pop m=176.116 v= 58.531 f=154.266 best_age=182
best: sum=188.6316 var=  0.6537 fitness=182.6900
-->8--
              5       4      14 
         29      27      42       8
         41      33      54      39 
      9      53      28      31      17
     47      13      16      22      43 
 15      25      45      38      37       7
 10      52      36      24      50       3
     40      19      30      18      48 
     11      35      23      46       1
         32      44      49      26 
         20      51      21      12
              6       2      34 
--8<--
found: sum=174.0000 var=  0.0000 fitness=174.0000
-->8--
             18       9      27 
          2      46      38      23
         49       7      42      33 
     10      52      32      11       1
     26      12      24      45      54 
 22      25      47      20      30      21
 53      19      36      34      14      50
     29      35      13      31       5 
      8      40       6      39      37
         43      44      51      48 
          4      15      17      16
             28      41       3 
--8<--
