sum=181.7368 var=  0.5097 fitness=176.4906
-->8--
              1      48      32 
         51      43       3      41
         27      31      46      39 
      6      20       2      12      21
     37      45      47      42      26 
  5      38      28      24      33      53
 19      30      15       9      40       7
     44      17      50      25      14 
     13      34       8      29      11
         35      49      52      54 
         22      10      18       4
             23      36      16 
--8<--
sum=180.7895 var=  0.4820 fitness=175.6877
-->8--
              7       9      21 
         24      14      52      22
         32      54      28       6 
     41      51      25      53       3
     33       5       8      42      43 
  4      20      39      26      35      18
 44      50      45      16      29      19
     31      23      48      34      38 
     11      27       2      36      15
         40      37      46      30 
         12      49      47      13
             17       1      10 
--8<--
execution time: real 680.882800s user 1220.280489s sys 0.290955s
GA: P=50 K=25 sp=3 xover=2D/1
generation #7849: pop m=181.932 v=  0.453 f=177.148 best_age=1154
best: sum=190.0526 var=  0.1551 fitness=187.1584
-->8--
              6       4       5 
         20      51      38       9
         37      31      49      53 
      7      45      17      36      10
     42      12      40      16      34 
 13      47      46      32      41      25
 15      43      19      29      44      18
     30      23      24      28      27 
      3      52      22      54      11
         39      50      33      26 
          1      35      48       8
             14       2      21 
--8<--
found: sum=182.0000 var=  0.0000 fitness=182.0000
-->8--
              7       9      21 
         24      14      52      22
         32      54      28       6 
     41      51      25      53       3
     33       5       8      42      43 
  4      20      39      26      35      18
 44      50      45      16      29      19
     31      23      48      34      38 
     11      27       2      36      15
         40      37      46      30 
         12      49      47      13
             17       1      10 
--8<--
