found: sum=173.0000 var=  0.0000 fitness=  0.1686 age=0
-->8--
             13      16      42 
         44      34      45      39
         31      18      24       1 
      2      33      36      22       9
     54      30      29      51      47 
  5      23      27      11      43       4
  7      35      37      50      12      15
     49      21      19       6      52 
     10      17      53      25      32
         41      26      20      46 
          3      38      28      14
             48       8      40 
--8<--
execution time: real 16.906801s user 7.905798s sys 0.132979s
jsgmd54: M=19 A=3 B=5 P=512 K=256 sp=3 xover=2D/3 mut=13 replace_worst=51 aging explosion=128@0.005000*128 swap=2 hexspin=2
generation #213: pop m=173.563 v=3.504 f= -3.335
best: found: sum=173.0000 var=  0.0000 fitness=  0.1686 age=1
-->8--
             13      16      42 
         44      34      45      39
         31      18      24       1 
      2      33      36      22       9
     54      30      29      51      47 
  5      23      27      11      43       4
  7      35      37      50      12      15
     49      21      19       6      52 
     10      17      53      25      32
         41      26      20      46 
          3      38      28      14
             48       8      40 
--8<--
