found: sum=190.0000 var=  0.0000 fitness=190.0000 age=0
-->8--
             14       5       3 
          8      48      37      19
         31      36      47      33 
     10      53      17      51       1
     41      12      34       6      54 
  4      43      38      35      45       2
 29      52      27      32      50      11
     21      18      24      22      28 
     13      46      26      44      16
         40      49      42      30 
         23      25      39      15
              7       9      20 
--8<--
execution time: real 69.757072s user 135.423412s sys 3.109527s
GA: P=512 K=256 sp=3 xover=2D/1 optconsec aging
generation #1498: pop m=190.776 v=0.295 f=186.954
best: found: sum=190.0000 var=  0.0000 fitness=190.0000 age=1
-->8--
             14       5       3 
          8      48      37      19
         31      36      47      33 
     10      53      17      51       1
     41      12      34       6      54 
  4      43      38      35      45       2
 29      52      27      32      50      11
     21      18      24      22      28 
     13      46      26      44      16
         40      49      42      30 
         23      25      39      15
              7       9      20 
--8<--
