found: sum=167.0000 var=  0.0000 fitness=167.0000
-->8--
             36      45      16 
         43      46      26      30
         32       9      31      50 
     40       1      10      14      22
     37      54      41      42       5 
 44       3      52      29      34      17
  4      28      18       8      39      25
     51      12      19      15      47 
     20      21      48      53       6
         35      49      24       7 
         38      11      33      27
             13       2      23 
--8<--
execution time: real 25.028378s user 0.250961s sys 0.008998s
GA: P=50 K=10 sp=2 xover=2D/1 optrpl=2 optskip=10 optmax=1.052632
generation #719: pop m=176.563 v= 82.002 f=148.464 best_age=318
best: sum=187.2105 var=  0.1662 fitness=184.2147
-->8--
             11      10      12 
         33      31      51      24
         28      50      43      32 
     14      34       2      25      17
     40      18      46      27      45 
 13      53      37      44      41       9
  4      30      20      15      39      35
     47      29      26      21      19 
      7      38      23      54       5
         36      52      48      49 
          3      42      22       6
             16       1       8 
--8<--
found: sum=167.0000 var=  0.0000 fitness=167.0000
-->8--
             36      45      16 
         43      46      26      30
         32       9      31      50 
     40       1      10      14      22
     37      54      41      42       5 
 44       3      52      29      34      17
  4      28      18       8      39      25
     51      12      19      15      47 
     20      21      48      53       6
         35      49      24       7 
         38      11      33      27
             13       2      23 
--8<--
