found: sum=171.0000 var=  0.0000 fitness=  0.1667 age=0
-->8--
             15       8      54 
         49      34      52       2
         12      31      19      35 
     13      30      27       9      17
     47      21      29      46      20 
  6      48      33      41      44      32
 43      26      18      22      11      24
      1      25      28       7      40 
     36      45      51      53      23
         38       4      10      37 
         39      42      50       5
              3      14      16 
--8<--
execution time: real 24.313352s user 8.806661s sys 0.051992s
jsgmd54: M=19 A=3 B=5 P=512 K=256 sp=3 xover=2D/3 mut=13 replace_worst=51 aging explosion=128@0.005000*128 swap=2 hexspin=2
generation #305: pop m=171.921 v=0.623 f= -0.455
best: found: sum=171.0000 var=  0.0000 fitness=  0.1667 age=1
-->8--
             15       8      54 
         49      34      52       2
         12      31      19      35 
     13      30      27       9      17
     47      21      29      46      20 
  6      48      33      41      44      32
 43      26      18      22      11      24
      1      25      28       7      40 
     36      45      51      53      23
         38       4      10      37 
         39      42      50       5
              3      14      16 
--8<--
