found: sum=180.0000 var=  0.0000 fitness=180.0000 age=0
-->8--
              3      13      10 
         20      40      21      43
         14      50      48      51 
     16      53       8       7       4
     45      15      35      46      42 
 11      37      19      36      30      38
 34      52      29      12      39       6
      1      28      49      17      25 
     27      18      23      32      26
         54      33      47      41 
         22      44      31       5
              9       2      24 
--8<--
execution time: real 84.932036s user 161.934382s sys 4.082379s
GA: P=512 K=256 sp=3 xover=2D/1 optconsec aging
generation #1825: pop m=190.773 v=0.309 f=186.857
best: sum=190.8421 var=  0.1330 fitness=188.1625 age=377
-->8--
              3       9      19 
         18      34      26      15
         49      48      51      37 
     10      39      23      43       7
     25      14      31      16      42 
 24      53      36      27      46       1
  6      45      32      29      52      22
     38      11      35      21      28 
      8      47      12      44      13
         41      54      50      33 
         17      30      40      20
              2       5       4 
--8<--
