found: sum=190.0000 var=  0.0000 fitness=190.0000 age=0
-->8--
             20       2       7 
         12      34      47       8
         40      41      44      30 
     14      43      22      54       6
     24      17      29       9      45 
 18      52      38      32      46       3
  1      42      31      33      49      28
     53      10      27      21      19 
     11      48      23      50      16
         26      51      36      35 
         15      37      39       5
             13       4      25 
--8<--
execution time: real 2.550361s user 5.008238s sys 0.065989s
GA: P=512 K=256 sp=3 xover=2D/1 optconsec aging
generation #37: pop m=190.570 v=0.381 f=186.188
best: found: sum=190.0000 var=  0.0000 fitness=190.0000 age=1
-->8--
             20       2       7 
         12      34      47       8
         40      41      44      30 
     14      43      22      54       6
     24      17      29       9      45 
 18      52      38      32      46       3
  1      42      31      33      49      28
     53      10      27      21      19 
     11      48      23      50      16
         26      51      36      35 
         15      37      39       5
             13       4      25 
--8<--
