sum=178.5263 var=  0.2493 fitness=174.8572
-->8--
             39      24      42 
         41       9      23      21
          1      49      30      29 
     38      32      36      26      34
     44      25      19      17      53 
  4      31      10      43      12      28
 22      33      52      45       6      18
     37      20       2      48      54 
     14      40      11      50       8
         27      46      15       5 
         16      35      51       3
              7      13      47 
--8<--
execution time: real 28.425870s user 50.228364s sys 0.017997s
GA: P=50 K=25 sp=3 xover=2D/1
generation #330: pop m=180.564 v=  0.410 f=175.997 best_age=111
best: sum=188.7368 var=  0.1939 fitness=185.5010
-->8--
             12       5      13 
         20      31      27      29
         33      54      53      32 
     14      39      19      34      22
     52       7      40      15      45 
  9      44      30      28      41      17
  1      48      37      18      49      11
     35      23      36      38      25 
     10      46       4      50       6
         26      42      43      21 
         16      51      47       3
              8       2      24 
--8<--
found: sum=171.0000 var=  0.0000 fitness=171.0000
-->8--
             39      24      42 
         41       9      23      21
          1      49      30      29 
     38      32      36      26      34
     44      25      19      17      53 
  4      31      10      43      12      28
 22      33      52      45       6      18
     37      20       2      48      54 
     14      40      11      50       8
         27      46      15       5 
         16      35      51       3
              7      13      47 
--8<--
