found: sum=180.0000 var=  0.0000 fitness=180.0000
-->8--
             19      48       7 
         25      23      31      51
         33      28      35      13 
      6      52      15      43      16
     50      12      39      38      40 
  5      27      34      10      30      20
  8      54      42      37      44      32
     36      11      18      21      14 
      9      46      22      53       1
         24      41      29      47 
         49      17      45       2
              3      26       4 
--8<--
execution time: real 7.125637s user 0.239963s sys 0.002999s
GA: P=50 K=10 sp=2 xover=2D/1 optrpl=2 optskip=10 optmax=1.052632
generation #184: pop m=175.981 v= 16.842 f=165.489 best_age=101
best: sum=187.1579 var=  0.4488 fitness=182.2352
-->8--
              4       1       7 
         22      28      51       2
         36      50      52      30 
     11      47       5      45       9
     39      14      37      26      32 
 27      40      34      21      46       8
 17      33      18      29      53       6
     31      48      49      13      42 
     15      25       3      54      10
         35      43      38      16 
         24      41      44      23
             20      19      12 
--8<--
