sum=183.5263 var=  0.3546 fitness=179.1506
-->8--
              2       8       9 
         31      36      34      10
         32      50      45      48 
      4      33      11      38      15
     54      12      26      42      21 
  5      49      52      22      20      25
 14      19      13      53      40      37
     43      39      18       7      41 
      3      51      16      44      17
         29      47      46      35 
         27      24      28      30
              6      23       1 
--8<--
execution time: real 154.245844s user 277.709781s sys 0.070989s
GA: P=50 K=25 sp=3 xover=2D/1
generation #1757: pop m=180.399 v=  0.465 f=175.582 best_age=1668
best: sum=189.2105 var=  0.1662 fitness=186.2147
-->8--
              2       3      11 
         27      31      50      13
         41      54      46      30 
      1      34       5      40       7
     49      16      52      17      53 
 12      48      28      29      42      15
 14      45      20      39      37       4
     22      32      21      25      38 
      6      51      18      43      10
         33      47      44      36 
         24      26      35      23
              9      19       8 
--8<--
found: sum=184.0000 var=  0.0000 fitness=184.0000
-->8--
              2       8       9 
         31      36      34      10
         32      50      45      48 
      4      33      11      38      15
     54      12      26      42      21 
  5      49      52      22      20      25
 14      19      13      53      40      37
     43      39      18       7      41 
      3      51      16      44      17
         29      47      46      35 
         27      24      28      30
              6      23       1 
--8<--
