found: sum=170.0000 var=  0.0000 fitness=  0.1657 age=0
-->8--
              8      10      48 
         33      51      19      16
         37      27      29      30 
     24      14      34      28       4
     18      36      21      32      23 
 11      41      38      26      53       2
 45       3      12      31       6      47
     52      40      42      22      39 
     17      43      20      46       7
         15      13       9      50 
         44      54      25       5
              1      49      35 
--8<--
execution time: real 24.977463s user 9.695526s sys 0.113982s
jsgmd54: M=19 A=3 B=5 P=512 K=256 sp=3 xover=2D/3 mut=13 replace_worst=51 aging explosion=128@0.005000*128 swap=2 hexspin=2
generation #354: pop m=169.679 v=0.718 f= -0.553
best: found: sum=170.0000 var=  0.0000 fitness=  0.1657 age=1
-->8--
              8      10      48 
         33      51      19      16
         37      27      29      30 
     24      14      34      28       4
     18      36      21      32      23 
 11      41      38      26      53       2
 45       3      12      31       6      47
     52      40      42      22      39 
     17      43      20      46       7
         15      13       9      50 
         44      54      25       5
              1      49      35 
--8<--
