found: sum=180.0000 var=  0.0000 fitness=180.0000
-->8--
             34      48      11 
         32      21      25      18
         24      36      35      45 
      1      33      15      46       6
     52      17      37      28       4 
  2      53      42      19      51       5
 22      12      30       9      29      50
     39      26      43      44      41 
     16      38       3      27       8
         49      40      54      31 
         20      23      47      14
             10      13       7 
--8<--
execution time: real 281.669497s user 0.296954s sys 0.103984s
GA: P=50 K=10 sp=2 xover=2D/1 optrpl=2 optskip=10 optmax=1.052632
generation #8210: pop m=176.595 v= 12.779 f=167.060 best_age=2262
best: sum=189.1053 var=  0.1994 fitness=185.8235
-->8--
             10       8       5 
         14      38      36       9
         34      54      49      40 
     11      39       4      50       2
     51      17      42      15      30 
 18      37      33      29      52      23
 16      24      35      28      45      12
     43      44      22      19      27 
      7      26      21      53      13
         46      41      47      32 
         20      31      48       3
             25       1       6 
--8<--
found: sum=180.0000 var=  0.0000 fitness=180.0000
-->8--
             34      48      11 
         32      21      25      18
         24      36      35      45 
      1      33      15      46       6
     52      17      37      28       4 
  2      53      42      19      51       5
 22      12      30       9      29      50
     39      26      43      44      41 
     16      38       3      27       8
         49      40      54      31 
         20      23      47      14
             10      13       7 
--8<--
