found: sum=176.0000 var=  0.0000 fitness=176.0000
-->8--
             39       3      41 
          9      30      40       2
         37      53      49      16 
      4       8       1      28      42
     52      24      47      31      11 
  6      51      43      20      48      44
 25      15       7      13      29      10
     27      36      46      35      34 
     12      32      38      23       5
         54      17      21      50 
         26      33      45      19
             14      22      18 
--8<--
execution time: real 34.945138s user 0.233964s sys 0.011998s
GA: P=50 K=10 sp=2 xover=2D/1 optrpl=2 optskip=10 optmax=1.052632
generation #1020: pop m=177.925 v= 70.920 f=155.045 best_age=630
best: sum=187.6842 var=  0.2161 fitness=184.2684
-->8--
              6      11      28 
          8      36      33       1
         35      50      49      51 
     10      52       9      26       5
     23      22      41      19      40 
 31      46      13      44      47      16
 20      25      48      24      37      15
     42      34      18      17      32 
     14      29      21      54       3
         43      38      53      45 
         12      39      30       2
             27       7       4 
--8<--
found: sum=176.0000 var=  0.0000 fitness=176.0000
-->8--
             39       3      41 
          9      30      40       2
         37      53      49      16 
      4       8       1      28      42
     52      24      47      31      11 
  6      51      43      20      48      44
 25      15       7      13      29      10
     27      36      46      35      34 
     12      32      38      23       5
         54      17      21      50 
         26      33      45      19
             14      22      18 
--8<--
