found: sum=169.0000 var=  0.0000 fitness=169.0000
-->8--
             19       7      44 
         18      47       3      45
         17      14      48       2 
     46      54      50      27      41
      4       5       6      37      13 
 11      43      40       1      49      34
 25      35      38      52      10      24
     51       8      32      20      39 
     15      29       9      30      28
         31      53      26      42 
         23      12      33      16
             21      36      22 
--8<--
execution time: real 107.705210s user 0.262960s sys 0.044993s
GA: P=50 K=10 sp=2 xover=2D/1 optrpl=2 optskip=10 optmax=1.052632
generation #3128: pop m=176.594 v= 22.500 f=163.672 best_age=2648
best: sum=187.0000 var=  0.2105 fitness=183.6283
-->8--
             11       7      42 
         13      49      34      10
         51      33      29      26 
     17      30      35      45       1
     24      28      41      18      44 
 23      37      20      19      54       5
 12      40      46      25      50       2
     52      16      36      21      31 
      9      27      14      38       8
         43      48      53      39 
         15      22      47       6
             32       3       4 
--8<--
found: sum=169.0000 var=  0.0000 fitness=169.0000
-->8--
             19       7      44 
         18      47       3      45
         17      14      48       2 
     46      54      50      27      41
      4       5       6      37      13 
 11      43      40       1      49      34
 25      35      38      52      10      24
     51       8      32      20      39 
     15      29       9      30      28
         31      53      26      42 
         23      12      33      16
             21      36      22 
--8<--
