found: sum=175.0000 var=  0.0000 fitness=175.0000
-->8--
             17       5      31 
         40      30      21      50
          3      53      43      28 
     35      32      23       2      24
     46      10      44      51      33 
  4      49      13      12      37      14
 18      52      42      26      48      16
      6       9      38       1      27 
     47      41      11      45      15
         20      34      54      39 
         36      25      22       7
             19      29       8 
--8<--
execution time: real 69.726719s user 0.244962s sys 0.040993s
GA: P=50 K=10 sp=2 xover=2D/1 optrpl=2 optskip=10 optmax=1.052632
generation #1982: pop m=176.474 v= 26.563 f=162.951 best_age=1035
best: sum=186.7368 var=  0.1939 fitness=183.5010
-->8--
             25       1       5 
         10      26      31      13
         33      51      50      35 
     22      41      28      53       8
     32      21       2       9      43 
 40      37      44      45      39      20
 17      46      23      48      34       4
     15      16      24      12      47 
     14      54      18      36      19
         42      52      49      38 
          3      30      27      29
              6      11       7 
--8<--
found: sum=175.0000 var=  0.0000 fitness=175.0000
-->8--
             17       5      31 
         40      30      21      50
          3      53      43      28 
     35      32      23       2      24
     46      10      44      51      33 
  4      49      13      12      37      14
 18      52      42      26      48      16
      6       9      38       1      27 
     47      41      11      45      15
         20      34      54      39 
         36      25      22       7
             19      29       8 
--8<--
