found: sum=189.0000 var=  0.0000 fitness=189.0000 age=0
-->8--
              2      12       3 
         24      32      40      28
         34      46      50      20 
     10      51       9      48       6
     27      18      43      14      47 
 21      49      22      25      54      26
  8      53      36      33      44       1
     31      11      30      19      17 
      4      52      23      45      29
         38      37      39      35 
          5      41      42      15
             16       7      13 
--8<--
execution time: real 10.772121s user 0.031995s sys 0.004999s
GA: P=512 K=256 sp=2 xover=2D/1 aging
generation #54: pop m=190.106 v=  0.377 f=185.735
best: found: sum=189.0000 var=  0.0000 fitness=189.0000 age=1
-->8--
              2      12       3 
         24      32      40      28
         34      46      50      20 
     10      51       9      48       6
     27      18      43      14      47 
 21      49      22      25      54      26
  8      53      36      33      44       1
     31      11      30      19      17 
      4      52      23      45      29
         38      37      39      35 
          5      41      42      15
             16       7      13 
--8<--
