found: sum=182.0000 var=  0.0000 fitness=517.2632 age=0
-->8--
             18      20       2 
         30      52      19      38
         16      24      21      48 
      7      42      46      54       9
     50      36       8      14      28 
 13      31      26      39      29      51
 17      37      49      35      43       4
     34       3      25      22      27 
     15      40      32      45       1
         53      33      23      44 
          5      41      47      11
             10       6      12 
--8<--
execution time: real 22.298162s user 9.781512s sys 0.397939s
jsgmd54: M=19 A=3 B=5 P=512 K=256 sp=3 xover=2D/2 mut=4 replace_worst=5 aging explosion=128@0.005000*128 swap=2 hexspin=2
generation #354: pop m=182.063 v=0.919 f=325.377
best: found: sum=182.0000 var=  0.0000 fitness=517.2632 age=1
-->8--
             18      20       2 
         30      52      19      38
         16      24      21      48 
      7      42      46      54       9
     50      36       8      14      28 
 13      31      26      39      29      51
 17      37      49      35      43       4
     34       3      25      22      27 
     15      40      32      45       1
         53      33      23      44 
          5      41      47      11
             10       6      12 
--8<--
