found: sum=190.0000 var=  0.0000 fitness=190.0000 age=0
-->8--
              8       1       4 
         19      48      45      16
         26      36      38      46 
     12      53      22      41       3
     32      13      37      24      25 
 20      54      29      28      51      21
  5      49      27      34      39       7
     30      18      35      14      47 
     10      43      15      42      17
         40      52      50      31 
          9      44      23      11
              2       6      33 
--8<--
execution time: real 28.778438s user 55.978489s sys 1.224813s
GA: P=512 K=256 sp=3 xover=2D/1 optconsec aging
generation #586: pop m=190.766 v=0.326 f=186.768
best: found: sum=190.0000 var=  0.0000 fitness=190.0000 age=1
-->8--
              8       1       4 
         19      48      45      16
         26      36      38      46 
     12      53      22      41       3
     32      13      37      24      25 
 20      54      29      28      51      21
  5      49      27      34      39       7
     30      18      35      14      47 
     10      43      15      42      17
         40      52      50      31 
          9      44      23      11
              2       6      33 
--8<--
