found: sum=171.0000 var=  0.0000 fitness=171.0000
-->8--
             53      46       5 
         21      24      38      17
         44      16      25      35 
      7      13      22      51      31
     47      49      32       1      20 
 43      11      39      40      33      23
 28       8      45       3      52      14
     34      19      12      42      29 
      6      50      41      37       9
         54       4      36       2 
         10      27      48      30
             26      15      18 
--8<--
execution time: real 60.131644s user 0.272958s sys 0.021996s
GA: P=50 K=10 sp=2 xover=2D/1 optrpl=2 optskip=10 optmax=1.052632
generation #1751: pop m=176.951 v= 12.172 f=168.783 best_age=101
best: sum=187.6842 var=  0.2161 fitness=184.2684
-->8--
             12       2      11 
         20      54      45       8
         37      15      39      42 
     10      49      33      43      19
     28      26      30      13      27 
  3      38      34      29      44      14
 41      47      25      48      52       5
     31      17      22       1      46 
      6      51      23      53       4
         36      50      40      32 
          9      35      24      21
              7      16      18 
--8<--
