found: sum=176.0000 var=  0.0000 fitness=176.0000
-->8--
              5      41      45 
         38      51       2       4
         24      37      44      29 
     27      21       1      52      19
     31      34      53      20       7 
 43      39      30       6      49      42
 18      28      23      54      32      13
     17      22      10      15      33 
     16      46      35      48      12
         47      40      14      36 
          9      26      50       3
              8      11      25 
--8<--
execution time: real 334.146949s user 0.324950s sys 0.125980s
GA: P=50 K=10 sp=2 xover=2D/1 optrpl=2 optskip=10 optmax=1.052632
generation #9775: pop m=176.217 v= 56.289 f=153.694 best_age=4181
best: sum=189.6842 var=  0.4266 fitness=184.8846
-->8--
              3      14       8 
         13      40      31       4
         41      51      48      53 
      5      42       6      46       2
     37      29      28       7      47 
 26      36      33      54      35      16
  9      49      21      24      44      20
     32      23      30      25      27 
     19      45      18      50      10
         22      52      43      34 
         17      38      39      11
             15       1      12 
--8<--
found: sum=176.0000 var=  0.0000 fitness=176.0000
-->8--
              5      41      45 
         38      51       2       4
         24      37      44      29 
     27      21       1      52      19
     31      34      53      20       7 
 43      39      30       6      49      42
 18      28      23      54      32      13
     17      22      10      15      33 
     16      46      35      48      12
         47      40      14      36 
          9      26      50       3
              8      11      25 
--8<--
