sum=186.3684 var=  0.3380 fitness=182.0965
-->8--
             17       6      41 
         29      39      44       5
         53       2      32      48 
     23      37      54       7      14
     10      18      20      21      45 
 11      36      46      43      42       9
 30      38      15      28      27       3
     52      24      25      16      51 
     19      40      26      49      12
          4      47      33      22 
          1      50       8      34
             35      13      31 
--8<--
execution time: real 57.829456s user 103.671239s sys 0.021996s
GA: P=50 K=25 sp=3 xover=2D/1
generation #653: pop m=180.700 v=  0.446 f=175.973 best_age=69
best: sum=188.3684 var=  0.2327 fitness=184.8237
-->8--
              8       4      11 
         13      50      53       7
         26      46      35      40 
      5      45       1      42       3
     44      17      38      37      32 
 19      52      41      36      34      24
 10      33      16      29      27      23
     31      30      28      25      49 
     18      54      12      43       6
         22      48      51      39 
          2      47      21      20
             15       9      14 
--8<--
found: sum=177.0000 var=  0.0000 fitness=177.0000
-->8--
             17       6      41 
         29      39      44       5
         53       2      32      48 
     23      37      54       7      14
     10      18      20      21      45 
 11      36      46      43      42       9
 30      38      15      28      27       3
     52      24      25      16      51 
     19      40      26      49      12
          4      47      33      22 
          1      50       8      34
             35      13      31 
--8<--
