found: sum=178.0000 var=  0.0000 fitness= -0.0000 age=0
-->8--
             28       9      10 
         38      32      44       2
         17      27      45      53 
     15      36      21      24      11
     52      25      23      22      54 
  3      33      46      43      14       7
  8      42      13      18      50      49
     40      19      35      31       4 
      6      34      48      30      12
         37      29      16      51 
          5      26      39      41
             47      20       1 
--8<--
execution time: real 32.019700s user 32.183107s sys 0.713891s
jsgmd54: M=19 A=3 B=5 P=512 K=256 sp=3 xover=2D/2 mut=3 replace_worst=3 aging explosion=128@0.005000*128 swap=2 hexspin=2
generation #1460: pop m=178.940 v=0.418 f= -0.418
best: found: sum=178.0000 var=  0.0000 fitness= -0.0000 age=1
-->8--
             28       9      10 
         38      32      44       2
         17      27      45      53 
     15      36      21      24      11
     52      25      23      22      54 
  3      33      46      43      14       7
  8      42      13      18      50      49
     40      19      35      31       4 
      6      34      48      30      12
         37      29      16      51 
          5      26      39      41
             47      20       1 
--8<--
