sum=169.2632 var=  0.2992 fitness=165.2438
-->8--
             20       5      38 
         19      51      29       3
         46      24      17      41 
     49      13      47      45       9
      4      11      26       7      34 
 39      50      52      31      37      15
 18      30       2       8      42       1
     32      28      54      48      44 
     21      40      14       6      23
         22      35      43      10 
         16      33      36      53
             27      12      25 
--8<--
execution time: real 857.136313s user 857.191687s sys 0.004999s
GA: P=20 K=10 sp=3 xover_cuts=2
generation #7998: pop m=181.803 v=  0.414 f=177.286 best_age=1396
best: sum=190.0000 var=  0.1053 fitness=187.6158
-->8--
             16       7       1 
         11      47      39       5
         41      29      50      53 
      6      46      19      42       8
     30      33      26      22      27 
 13      34      37      31      38       4
 21      48      28      36      54      15
     44      10      32       9      52 
     12      51      24      49       2
         25      45      40      23 
         14      35      43      17
             20       3      18 
--8<--
found: sum=173.0000 var=  0.0000 fitness=173.0000
-->8--
             20       5      38 
         19      51      29       3
         46      24      17      41 
     49      13      47      45       9
      4      11      26       7      34 
 39      50      52      31      37      15
 18      30       2       8      42       1
     32      28      54      48      44 
     21      40      14       6      23
         22      35      43      10 
         16      33      36      53
             27      12      25 
--8<--
