found: sum=164.0000 var=  0.0000 fitness=164.0000 age=1
-->8--
              4      53      23 
         50      40      27      16
         33       7       1      43 
      3      30      36      54      14
     52      38      42       2      10 
  9       8      11      29      41      47
 46      12      44      32      15      34
     37      51       6      45      17 
     26      13      28      48      20
         25      22       5      19 
         31      49      39      18
             24      21      35 
--8<--
execution time: real 67.979516s user 122.757338s sys 0.017997s
GA: P=100 K=20 sp=4 xover=2D/1 optrpl=4 optskip=20 optmax=1.052632 aging
generation #475: pop m=178.301 v= 11.872 f=169.264 F=  3.867
best: sum=187.6842 var=  0.2161 fitness=184.2684 age=201
-->8--
              1       2       6 
          8      51      40      23
         53      36      33      32 
      4      39      25      54       5
     41      21      29      20      42 
 22      30      37      26      35       3
 11      34      38      44      47       9
     50      28      14      16      52 
      7      45      19      48      10
         24      43      46      15 
         31      18      49      12
             27      13      17 
--8<--
