found: sum=190.0000 var=  0.0000 fitness=190.0000 age=0
-->8--
             15      16      12 
         22      32      36      13
         37      34      49      29 
      9      50      23      51      11
     24      17      27       5      42 
 18      53      39      35      52      21
  7      40      33      25      54       1
     48       8      31      19      20 
      3      47      28      46       6
         44      43      41      45 
         14      38      30       2
              4      10      26 
--8<--
execution time: real 203.644547s user 264.675763s sys 0.316951s
GA: P=512 K=256 sp=3 xover=2D/1 aging
generation #802: pop m=190.598 v=0.289 f=186.870
best: found: sum=190.0000 var=  0.0000 fitness=190.0000 age=1
-->8--
             15      16      12 
         22      32      36      13
         37      34      49      29 
      9      50      23      51      11
     24      17      27       5      42 
 18      53      39      35      52      21
  7      40      33      25      54       1
     48       8      31      19      20 
      3      47      28      46       6
         44      43      41      45 
         14      38      30       2
              4      10      26 
--8<--
