found: sum=168.0000 var=  0.0000 fitness=168.0000
-->8--
             46      39       5 
         25       1      30      44
         36      11      45      40 
      8      49      42       4      53
     28      12       3      22      16 
 38      35      51      52      33      15
 24      20       2       6      29      34
     23      48      54      26      41 
      9      37      13      19      10
         31      14      50      43 
          7      47      17      18
             32      27      21 
--8<--
execution time: real 568.491468s user 0.363944s sys 0.219966s
GA: P=50 K=10 sp=2 xover=2D/1 optrpl=2 optskip=10 optmax=1.052632
generation #16602: pop m=177.268 v= 10.381 f=169.395 best_age=7135
best: sum=189.7895 var=  0.2715 fitness=185.9607
-->8--
              3       5       2 
         20      49      39       4
         44      27      52      45 
      1      47      18      48       6
     37      19      33       9      32 
 26      42      46      30      50      15
 12      38      31      23      53      22
     35      14      28      24      17 
     13      54      21      51      11
         36      41      43      34 
          8      40      29       7
             10      16      25 
--8<--
found: sum=168.0000 var=  0.0000 fitness=168.0000
-->8--
             46      39       5 
         25       1      30      44
         36      11      45      40 
      8      49      42       4      53
     28      12       3      22      16 
 38      35      51      52      33      15
 24      20       2       6      29      34
     23      48      54      26      41 
      9      37      13      19      10
         31      14      50      43 
          7      47      17      18
             32      27      21 
--8<--
