found: sum=190.0000 var=  0.0000 fitness=190.0000 age=0
-->8--
              4       7       5 
          9      32      43      21
         44      50      42      30 
     12      51      16      49      19
     25       6      34      18      35 
 22      52      33      31      39       3
  8      46      24      41      48      11
     37      29      27      13      54 
     15      40      17      47       2
         23      53      45      26 
         28      36      38      14
             10       1      20 
--8<--
execution time: real 265.008367s user 310.341820s sys 0.296954s
GA: P=512 K=256 sp=3 xover=2D/1 aging
generation #997: pop m=190.620 v=0.296 f=186.839
best: found: sum=190.0000 var=  0.0000 fitness=190.0000 age=1
-->8--
              4       7       5 
          9      32      43      21
         44      50      42      30 
     12      51      16      49      19
     25       6      34      18      35 
 22      52      33      31      39       3
  8      46      24      41      48      11
     37      29      27      13      54 
     15      40      17      47       2
         23      53      45      26 
         28      36      38      14
             10       1      20 
--8<--
