sum=182.1053 var=  0.3047 fitness=178.0489
-->8--
             47       4      13 
         15      53      32      25
         23      40      21      51 
     33       3      31      39      18
     44      29      48       8      11 
 22      49      30      34      54       2
 12      28      35      27      41      36
     26      10       7      17      37 
     20      45      38      42       1
         52      46      50      43 
          5      14      24      16
             19       9       6 
--8<--
execution time: real 956.804641s user 1880.470125s sys 0.417936s
GA: P=20 K=10 sp=3 xover_cuts=2
generation #7264: pop m=180.592 v=  0.373 f=176.374 var0cnt=1 bage=4563
best: sum=190.1579 var=  0.1330 fitness=187.4783
-->8--
             23      10       6 
         16      38      48       3
         40      31      44      46 
     15      42      20      43       2
     30      28      37      22      26 
 18      35      32      24      51      19
 11      49      34      27      41      14
     47      12      36      25      39 
      8      53       1      52       4
         21      54      50      29 
         13      33      45       9
             17       7       5 
--8<--
found: sum=181.0000 var=  0.0000 fitness=181.0000
-->8--
             47       4      13 
         15      53      32      25
         23      40      21      51 
     33       3      31      39      18
     44      29      48       8      11 
 22      49      30      34      54       2
 12      28      35      27      41      36
     26      10       7      17      37 
     20      45      38      42       1
         52      46      50      43 
          5      14      24      16
             19       9       6 
--8<--
