sum=178.0000 var=  0.3158 fitness=173.8705
-->8--
              2       9      11 
         29      50      18      14
         28      49      43      41 
     19      15       4      46      20
     24      52      36      23      38 
 26      35      17      21       5      48
 33      13      44      30      54      22
     42      12      25      40       6 
     16      37      45      32       7
         53      10       1      34 
         31      39      51       8
              3      27      47 
--8<--
execution time: real 88.002241s user 157.571045s sys 0.039993s
GA: P=50 K=25 sp=3 xover=2D/1
generation #1016: pop m=178.932 v=  0.389 f=174.516 best_age=127
best: sum=188.5263 var=  0.2493 fitness=184.8572
-->8--
             21      13      19 
         20      35      31       8
         27      50      30      54 
     10      36      29      46      17
     37      26      39       7      24 
 12      52       9      38      41      18
 22      32      45      44      48      23
     33      25      14      11      34 
      2      47      16      51       4
         49      42      53      40 
          5      43      28       1
              3       6      15 
--8<--
found: sum=173.0000 var=  0.0000 fitness=173.0000
-->8--
              2       9      11 
         29      50      18      14
         28      49      43      41 
     19      15       4      46      20
     24      52      36      23      38 
 26      35      17      21       5      48
 33      13      44      30      54      22
     42      12      25      40       6 
     16      37      45      32       7
         53      10       1      34 
         31      39      51       8
              3      27      47 
--8<--
