found: sum=179.0000 var=  0.0000 fitness=179.0000
-->8--
             53       7      35 
         11       6      37       5
         12      47      44      19 
     31      50      38      39      28
     30      22      18       8      43 
 20      34       4      32      42       1
 17      54      51      41      46       2
     24      14      33      10      45 
     23      16      29      40      13
         48      36      26      25 
         49      27      52      21
              3       9      15 
--8<--
execution time: real 388.245135s user 0.032994s sys 0.050992s
GA: P=10 K=7 sp=3 xover_cuts=2
generation #3619: pop m=178.042 v=  0.520 f=173.240 var0cnt=1 bage=604
best: sum=188.1579 var=  0.1330 fitness=185.4783
-->8--
              6       1      18 
         11      46      30      15
         40      37      54      39 
     21      48      20      32      19
     36       2      50      25      24 
 17      41      31       7      49      14
  9      52      34      45      51       4
     33      28      22      12      47 
      5      43      23      44       8
         27      38      42      26 
         35      29      53      10
             16       3      13 
--8<--
found: sum=179.0000 var=  0.0000 fitness=179.0000
-->8--
             53       7      35 
         11       6      37       5
         12      47      44      19 
     31      50      38      39      28
     30      22      18       8      43 
 20      34       4      32      42       1
 17      54      51      41      46       2
     24      14      33      10      45 
     23      16      29      40      13
         48      36      26      25 
         49      27      52      21
              3       9      15 
--8<--
