found: sum=169.0000 var=  0.0000 fitness=169.0000
-->8--
             53      35      36 
         10      43      30      44
         40       2       9      42 
     49      21      50       8       1
     28      18      45      52      29 
 47      13      33       5      37      17
  4      39      41      23      32       6
     38      25      22      20      48 
      7      14      16      54       3
         46      51      34      12 
         24      15      27      11
             19      26      31 
--8<--
execution time: real 190.085256s user 0.263959s sys 0.091986s
GA: P=50 K=10 sp=2 xover=2D/1 optrpl=2 optskip=10 optmax=1.052632
generation #5558: pop m=177.576 v= 15.175 f=167.518 best_age=3533
best: sum=188.0000 var=  0.2105 fitness=184.6283
-->8--
              8       1       6 
         20      41      52      11
         51      23      42      28 
      3      45      30      50      13
     32      33      14      21      29 
 16      24      43      31      47       7
 17      44      25      26      53       4
     54      19      49       9      48 
      5      39      18      40       2
         27      38      46      36 
         12      37      34      10
             35      15      22 
--8<--
found: sum=169.0000 var=  0.0000 fitness=169.0000
-->8--
             53      35      36 
         10      43      30      44
         40       2       9      42 
     49      21      50       8       1
     28      18      45      52      29 
 47      13      33       5      37      17
  4      39      41      23      32       6
     38      25      22      20      48 
      7      14      16      54       3
         46      51      34      12 
         24      15      27      11
             19      26      31 
--8<--
