found: sum=190.0000 var=  0.0000 fitness=190.0000 age=0
-->8--
              3      15       6 
         13      36      41      25
         46      39      45      33 
      9      53      14      40       5
     22      10      48      23      38 
 27      50      26      20      51      11
  4      43      37      28      49       7
     44      24      31      19      34 
      2      30      16      42      17
         47      52      54      29 
          8      32      35      12
             21       1      18 
--8<--
execution time: real 8.173943s user 0.087986s sys 0.001999s
GA: P=512 K=256 sp=2 xover=2D/1 aging
generation #41: pop m=189.919 v=  0.413 f=185.344
best: found: sum=190.0000 var=  0.0000 fitness=190.0000 age=1
-->8--
              3      15       6 
         13      36      41      25
         46      39      45      33 
      9      53      14      40       5
     22      10      48      23      38 
 27      50      26      20      51      11
  4      43      37      28      49       7
     44      24      31      19      34 
      2      30      16      42      17
         47      52      54      29 
          8      32      35      12
             21       1      18 
--8<--
