sum=182.5263 var=  0.4598 fitness=177.5432
-->8--
             34       1       8 
         39      38      53      10
         16      13      54      26 
     20      42      23      31      29
     45      32      21       5      41 
 46      27      51      48      50      22
  9      30      18      11      28       4
     25      24      33      40      37 
      2      49      15      36       6
         52      43      47      35 
         12      19      44       3
              7      14      17 
--8<--
execution time: real 689.157253s user 689.198225s sys 0.005999s
GA: P=20 K=10 sp=3 xover_cuts=2
generation #6534: pop m=183.329 v=  0.393 f=178.928 best_age=1837
best: sum=189.7895 var=  0.1662 fitness=186.7936
-->8--
             19      10      32 
         14      48      30       7
         21      49      33      35 
      9      38      20      53       1
     45      22      27      16      39 
 23      54      34      41      46       8
 18      26      29      28      44      11
     24      25      31      15      42 
     13      50      17      47       2
         52      37      51      40 
          3      36      43       4
             12       6       5 
--8<--
found: sum=182.0000 var=  0.0000 fitness=182.0000
-->8--
             34       1       8 
         39      38      53      10
         16      13      54      26 
     20      42      23      31      29
     45      32      21       5      41 
 46      27      51      48      50      22
  9      30      18      11      28       4
     25      24      33      40      37 
      2      49      15      36       6
         52      43      47      35 
         12      19      44       3
              7      14      17 
--8<--
