sum=178.0000 var=  0.5263 fitness=172.6689
-->8--
              8      38       2 
         16      15      11      43
         53      42      44      35 
      5      46      30      45      14
     39      10      31      23      34 
 18      27      21       7      29      54
 17      51      49      47      24      13
     28      22      25      50      26 
      9      33       3      19      20
         37      48      36      41 
          6      52      40      12
              4       1      32 
--8<--
execution time: real 423.916849s user 423.891558s sys 0.033994s
GA: P=20 K=10 sp=3 xover_cuts=2
generation #3536: pop m=180.942 v=  0.463 f=176.154 best_age=1267
best: sum=190.3158 var=  0.2161 fitness=186.9000
-->8--
             14       9       2 
         13      50      35       8
         28      41      45      46 
     17      44      11      54       5
     37      25      33      18      20 
 16      39      36      29      48      21
 15      40      32      26      47      24
     43      19      34      22      31 
      1      49       4      51      10
         38      52      53      30 
          6      42      27       7
              3      12      23 
--8<--
found: sum=180.0000 var=  0.0000 fitness=180.0000
-->8--
              8      38       2 
         16      15      11      43
         53      42      44      35 
      5      46      30      45      14
     39      10      31      23      34 
 18      27      21       7      29      54
 17      51      49      47      24      13
     28      22      25      50      26 
      9      33       3      19      20
         37      48      36      41 
          6      52      40      12
              4       1      32 
--8<--
