found: sum=169.0000 var=  0.0000 fitness=  0.1647 age=0
-->8--
             36       3       5 
         20      34      54      49
         12      24      21      31 
     11      43      33       9      46
     51      15      41      39       2 
  6      37      13      26      42      53
  8      44      32      27      18      14
     23      28      30      17      40 
      1      25      38      35      52
         48      16      22       7 
          4      29      45      10
             47      19      50 
--8<--
execution time: real 21.853420s user 9.680528s sys 0.175973s
jsgmd54: M=19 A=3 B=5 P=512 K=256 sp=3 xover=2D/3 mut=13 replace_worst=51 aging explosion=128@0.005000*128 swap=2 hexspin=2
generation #324: pop m=169.707 v=0.762 f= -0.597
best: found: sum=169.0000 var=  0.0000 fitness=  0.1647 age=1
-->8--
             36       3       5 
         20      34      54      49
         12      24      21      31 
     11      43      33       9      46
     51      15      41      39       2 
  6      37      13      26      42      53
  8      44      32      27      18      14
     23      28      30      17      40 
      1      25      38      35      52
         48      16      22       7 
          4      29      45      10
             47      19      50 
--8<--
