found: sum=185.0000 var=  0.0000 fitness=  0.1803 age=0
-->8--
             13       7       2 
         26      34      32       9
         39      44      46      47 
      6      29      22      49       1
     50      43      19      12      52 
 10      18      28      37      24       8
 53      31      35      25      54      20
     23      30      41      33      27 
     17      36       3      45       5
         48      40      38      21 
         15      42      51      16
              4      11      14 
--8<--
execution time: real 36.574024s user 16.442500s sys 0.595909s
jsgmd54: M=19 A=3 B=5 P=512 K=256 sp=3 xover=2D/3 mut=13 replace_worst=51 aging explosion=128@0.005000*128 swap=2 hexspin=2
generation #642: pop m=185.112 v=0.379 f= -0.199
best: found: sum=185.0000 var=  0.0000 fitness=  0.1803 age=1
-->8--
             13       7       2 
         26      34      32       9
         39      44      46      47 
      6      29      22      49       1
     50      43      19      12      52 
 10      18      28      37      24       8
 53      31      35      25      54      20
     23      30      41      33      27 
     17      36       3      45       5
         48      40      38      21 
         15      42      51      16
              4      11      14 
--8<--
