found: sum=181.0000 var=  0.0000 fitness=  0.1764 age=0
-->8--
             12       8      10 
         29      42      51      13
         44      28      31      53 
      4      26      21      23       2
     54      36      43      22      49 
 11      17      27      41      32      25
 18      47      45       1      52       7
     34       9      24      33      16 
      6      35      38      46      20
         50      30      39      14 
          3      15      40       5
             48      19      37 
--8<--
execution time: real 44.581235s user 19.211079s sys 0.387941s
jsgmd54: M=19 A=3 B=5 P=512 K=256 sp=3 xover=2D/3 mut=13 replace_worst=51 aging explosion=128@0.005000*128 swap=2 hexspin=2
generation #719: pop m=181.225 v=0.487 f= -0.311
best: found: sum=181.0000 var=  0.0000 fitness=  0.1764 age=1
-->8--
             12       8      10 
         29      42      51      13
         44      28      31      53 
      4      26      21      23       2
     54      36      43      22      49 
 11      17      27      41      32      25
 18      47      45       1      52       7
     34       9      24      33      16 
      6      35      38      46      20
         50      30      39      14 
          3      15      40       5
             48      19      37 
--8<--
