found: sum=189.0000 var=  0.0000 fitness=189.0000 age=0
-->8--
             17      21      18 
         23      29      30       7
         26      51      49      32 
     15      43       9      53       1
     37      14      39      19      34 
 10      54      33      20      50       2
 12      35      31      28      47       4
     41      22      38      25      52 
      6      40      16      46      11
         45      42      36       8 
          5      44      48      27
             13       3      24 
--8<--
execution time: real 10.912121s user 10.909341s sys 0.001999s
GA: P=512 K=256 sp=3 xover=2D/1 aging
generation #35: pop m=190.136 v=0.346 f=185.957
best: found: sum=189.0000 var=  0.0000 fitness=189.0000 age=1
-->8--
             17      21      18 
         23      29      30       7
         26      51      49      32 
     15      43       9      53       1
     37      14      39      19      34 
 10      54      33      20      50       2
 12      35      31      28      47       4
     41      22      38      25      52 
      6      40      16      46      11
         45      42      36       8 
          5      44      48      27
             13       3      24 
--8<--
