sum=170.5789 var=  0.5596 fitness=165.0820
-->8--
              8       2       4 
         12      51      52      38
         45      31      43      11 
     15      35       3      34      39
     40      21      48      29      19 
 37      26      44      25      50       6
  5      41      27      16      53      18
     33      23      22       9      36 
      7      54      42      47      20
         24      14      46      17 
         32      30      49      13
             28       1      10 
--8<--
execution time: real 10.839686s user 18.848134s sys 0.005999s
GA: P=50 K=25 sp=3 xover=2D/1
generation #117: pop m=177.798 v=  0.486 f=172.821 best_age=59
best: sum=186.3684 var=  0.2327 fitness=182.8237
-->8--
             16       1       2 
          3      50      47      20
         51      33      41      40 
      7      34      15      36      13
     30      29      37      26      39 
 18      35      38      31      32      25
 23      27      43       9      44      24
     53      14      28      45      22 
      5      42       8      48       6
         46      52      49      21 
         19      11      54      10
             17      12       4 
--8<--
found: sum=182.0000 var=  0.0000 fitness=182.0000
-->8--
              8       2       4 
         12      51      52      38
         45      31      43      11 
     15      35       3      34      39
     40      21      48      29      19 
 37      26      44      25      50       6
  5      41      27      16      53      18
     33      23      22       9      36 
      7      54      42      47      20
         24      14      46      17 
         32      30      49      13
             28       1      10 
--8<--
