found: sum=173.0000 var=  0.0000 fitness=173.0000
-->8--
             11       1      45 
         15      46      51      29
         48      41       3      17 
     16      12      31      28       4
     52      25      50      34      54 
  2      20      14      27      36      19
 40      53      35      24      30      13
      6      26      23      22      21 
     33      47      37      18      38
          8       5      49      44 
         42      32      43       9
             39       7      10 
--8<--
execution time: real 201.730900s user 0.289955s sys 0.084987s
GA: P=50 K=10 sp=2 xover=2D/1 optrpl=2 optskip=10 optmax=1.052632
generation #5936: pop m=176.691 v= 61.919 f=154.838 best_age=2985
best: sum=189.0526 var=  0.2604 fitness=185.3028
-->8--
             22       4       7 
         12      44      34      13
         30      45      39      53 
      5      36      24      43       6
     40      32      15      19      35 
  8      46      37      49      33       9
 23      20      29      28      50      21
     52      25      31      10      41 
      3      47      18      48      14
         42      38      54      26 
          1      51      27      17
             11       2      16 
--8<--
found: sum=173.0000 var=  0.0000 fitness=173.0000
-->8--
             11       1      45 
         15      46      51      29
         48      41       3      17 
     16      12      31      28       4
     52      25      50      34      54 
  2      20      14      27      36      19
 40      53      35      24      30      13
      6      26      23      22      21 
     33      47      37      18      38
          8       5      49      44 
         42      32      43       9
             39       7      10 
--8<--
