sum=177.5789 var=  0.8753 fitness=170.7037
-->8--
             28       3       5 
         51      15      47      11
         10      23      52      43 
     39      50      37      19      46
     13      24      17      22       9 
 16      41      26      30      38       2
 25      42      36      33      53      27
     40       8      35       1      48 
     12      44      34      29      14
         31      20      45      32 
          7      54      18       4
             21       6      49 
--8<--
sum=180.6316 var=  0.4432 fitness=175.7394
-->8--
             46      43      53 
          6      34      20      14
          4      36      35       8 
      3      51       9      47      42
     41      33      32      30      22 
  5      45      16      24      28      15
  7      40      26      25      52      11
     39      17      54      18      49 
     10      23      13      29      27
         48      44      38       2 
         19      31      50      21
             12       1      37 
--8<--
execution time: real 709.389812s user 1393.293187s sys 0.316951s
GA: P=20 K=10 sp=3 xover_cuts=2
generation #5508: pop m=182.026 v=  0.496 f=177.112 var0cnt=1 bage=3811
best: sum=190.6316 var=  0.2327 fitness=187.0869
-->8--
             16      11      21 
          7      44      33       5
         36      42      37      40 
     10      46      24      54       2
     38      20      30      14      29 
 15      41      28      32      51       3
 18      53      27      23      52       6
     26      22      50      19      49 
     13      34      12      39       1
         43      45      48      31 
         25      35      47       9
              8       4      17 
--8<--
found: sum=177.0000 var=  0.0000 fitness=177.0000
-->8--
             46      43      53 
          6      34      20      14
          4      36      35       8 
      3      51       9      47      42
     41      33      32      30      22 
  5      45      16      24      28      15
  7      40      26      25      52      11
     39      17      54      18      49 
     10      23      13      29      27
         48      44      38       2 
         19      31      50      21
             12       1      37 
--8<--
