sum=180.1579 var=  0.5540 fitness=174.6883
-->8--
             47      36      39 
         45      17      52       8
         18      10      13      19 
     11      37      46      43       7
     30      27       6      28      42 
 29      51      48      38      35       4
 22       1      16      26      24      44
     41      31      40      23      25 
     15      32       2      49      20
         54      53      34      33 
          9      14      50       3
             12      21       5 
--8<--
execution time: real 289.214522s user 567.757687s sys 0.132979s
GA: P=20 K=10 sp=3 xover_cuts=2
generation #2258: pop m=179.813 v=  0.307 f=175.948 var0cnt=1 bage=160
best: sum=190.0000 var=  0.2105 fitness=186.6283
-->8--
              2      16       4 
         21      31      38      23
         39      45      43      32 
      6      52      17      50       5
     35      10      25      22      40 
  7      48      41      34      42       1
 19      51      29      28      44      14
     30      11      33      20      49 
      8      37      26      47       3
         53      54      36      27 
         18      15      46      24
             13      12       9 
--8<--
found: sum=174.0000 var=  0.0000 fitness=174.0000
-->8--
             47      36      39 
         45      17      52       8
         18      10      13      19 
     11      37      46      43       7
     30      27       6      28      42 
 29      51      48      38      35       4
 22       1      16      26      24      44
     41      31      40      23      25 
     15      32       2      49      20
         54      53      34      33 
          9      14      50       3
             12      21       5 
--8<--
