found: sum=190.0000 var=  0.0000 fitness=190.0000 age=0
-->8--
             17      11      13 
         31      27      52      12
         21      44      34      25 
     10      50      22      54       5
     49       7      32      18      41 
  6      53      35      30      47      16
  1      48      28      29      46       3
     33      19      36      20      37 
      9      38      24      39       8
         43      45      42      40 
         15      26      51      14
             23       2       4 
--8<--
execution time: real 9.722264s user 19.315063s sys 0.038994s
GA: P=512 K=256 sp=3 xover=2D/1 aging
generation #43: pop m=190.249 v=0.336 f=186.129
best: found: sum=190.0000 var=  0.0000 fitness=190.0000 age=1
-->8--
             17      11      13 
         31      27      52      12
         21      44      34      25 
     10      50      22      54       5
     49       7      32      18      41 
  6      53      35      30      47      16
  1      48      28      29      46       3
     33      19      36      20      37 
      9      38      24      39       8
         43      45      42      40 
         15      26      51      14
             23       2       4 
--8<--
