found: sum=179.0000 var=  0.0000 fitness=  0.1745 age=0
-->8--
             23      11       9 
         24      32      46      12
         48      21      26      50 
     18      31      43      36       7
      8      30      29      17      53 
 51      44      25      28      16       1
  4      52      22      35      49      47
     20       6      40      34      13 
     15      45      27      10      19
         41      39      33      54 
         14      37      38       2
              3       5      42 
--8<--
execution time: real 11.960035s user 4.684287s sys 0.021996s
jsgmd54: M=19 A=3 B=5 P=512 K=256 sp=3 xover=2D/3 mut=13 replace_worst=51 aging explosion=128@0.005000*128 swap=2 hexspin=2
generation #149: pop m=179.192 v=0.500 f= -0.325
best: found: sum=179.0000 var=  0.0000 fitness=  0.1745 age=1
-->8--
             23      11       9 
         24      32      46      12
         48      21      26      50 
     18      31      43      36       7
      8      30      29      17      53 
 51      44      25      28      16       1
  4      52      22      35      49      47
     20       6      40      34      13 
     15      45      27      10      19
         41      39      33      54 
         14      37      38       2
              3       5      42 
--8<--
