found: sum=176.0000 var=  0.0000 fitness=176.0000
-->8--
             18       3       2 
         17      38      50      33
         37      36      40       5 
      1      30       9      46      45
     53      12      41      19      54 
 39      43      48      21       7      20
  6      10      11      51      44      28
     25      52       4      34      23 
     14      49      13      32      16
         26      47      42      27 
          8      24      15      31
             22      35      29 
--8<--
execution time: real 582.644357s user 0.375942s sys 0.241963s
GA: P=50 K=10 sp=2 xover=2D/1 optrpl=2 optskip=10 optmax=1.052632
generation #16927: pop m=177.344 v= 37.772 f=164.222 best_age=209
best: sum=190.4737 var=  0.4598 fitness=185.4906
-->8--
             13      14      21 
         11      36      24       4
         27      53      52      45 
      7      50      12      44      18
     43      17      34      19      26 
  5      46      25      30      38       6
 15      42      33      29      51      22
     40      28      39      23      48 
      3      35       8      37       1
         41      47      54      32 
         10      49      31      20
              9       2      16 
--8<--
found: sum=176.0000 var=  0.0000 fitness=176.0000
-->8--
             18       3       2 
         17      38      50      33
         37      36      40       5 
      1      30       9      46      45
     53      12      41      19      54 
 39      43      48      21       7      20
  6      10      11      51      44      28
     25      52       4      34      23 
     14      49      13      32      16
         26      47      42      27 
          8      24      15      31
             22      35      29 
--8<--
