sum=185.1579 var=  0.3435 fitness=180.8511
-->8--
             19       2       5 
         44      28      53      12
         23      48      41      15 
     11      18       8      54      20
     52      42      51      10      50 
 26      34      13      16      31      24
  3      43      21      40      38       1
     22      27      39      45      36 
      4      47      14      25       7
         37      32      17      29 
          6      49      33      46
              9      35      30 
--8<--
execution time: real 41.537426s user 73.807779s sys 0.023996s
GA: P=50 K=25 sp=3 xover=2D/1
generation #486: pop m=180.772 v=  0.451 f=176.042 best_age=44
best: sum=190.1053 var=  0.3047 fitness=186.0489
-->8--
             25       1       9 
         14      33      51      10
         29      54      43      28 
     13      34       8      49      15
     45      23      39      19      38 
 18      46      31      32      41      16
  3      42      27      26      53       2
     36      21      35      20      40 
     11      44      12      50       6
         37      52      47      22 
          5      48      24      30
              4       7      17 
--8<--
found: sum=180.0000 var=  0.0000 fitness=180.0000
-->8--
             19       2       5 
         44      28      53      12
         23      48      41      15 
     11      18       8      54      20
     52      42      51      10      50 
 26      34      13      16      31      24
  3      43      21      40      38       1
     22      27      39      45      36 
      4      47      14      25       7
         37      32      17      29 
          6      49      33      46
              9      35      30 
--8<--
