found: sum=181.0000 var=  0.0000 fitness=181.0000
-->8--
             32       4      41 
         35      39      30      16
          6      33      38      27 
     28      36      37      29       2
     43      20       9      24      52 
  3      48      46      44      47      17
  7      54       8      25      40      11
     26       5      49       1      14 
     12      53      21      34      42
         31      45      51      50 
         15      19      23      13
             18      22      10 
--8<--
execution time: real 390.170981s user 0.354946s sys 0.166974s
GA: P=50 K=10 sp=2 xover=2D/1 optrpl=2 optskip=10 optmax=1.052632
generation #10960: pop m=177.488 v=  5.676 f=170.687 best_age=3117
best: sum=188.7895 var=  0.1662 fitness=185.7936
-->8--
             19       4       3 
         27      30      46       6
         31      32      39      40 
      7      49      38      54       1
     42      23      21       8      52 
 10      37      26      28      34      18
 15      50      51      41      53      12
     35       2      22      25      20 
     11      47      24      29      16
         44      43      48      45 
         13      33      36      14
              9       5      17 
--8<--
found: sum=181.0000 var=  0.0000 fitness=181.0000
-->8--
             32       4      41 
         35      39      30      16
          6      33      38      27 
     28      36      37      29       2
     43      20       9      24      52 
  3      48      46      44      47      17
  7      54       8      25      40      11
     26       5      49       1      14 
     12      53      21      34      42
         31      45      51      50 
         15      19      23      13
             18      22      10 
--8<--
