execution time: real 15.212019s user 0.091986s sys 0.003999s
301: pop m=189.132 v=  0.282 f=173.894 F=4.508/5; best m=190.000 v=  0.000 f=190.000 a=1 F=4.232/5
GA: P=512 K=256 sp=5 xover=1 consecopt aging
ENCODING: age=1
ENCODING:
-->8--
             31      24      10
          2      44      26      25
         23      34      11      12
     13      22      39      42      32
     28      30      18      14      15
 45      37      38       3      40      36
 17      16      27      35      29      41
     46      21      33      19      43
     48      20      49      51       5
         47      50      52      53
          4       0       6       8
              1       7       9
--8<--
generation #301: pop m=189.132 v=  0.282 f=173.894
best: found: sum=190.0000 var=  0.0000 fitness=190.0000 age=1
-->8--
              4      16      13
         30      38      28       3
         29      35      53      41
      1      54      20      52      14
     32      26      24       5      33
  8      48      31      36      45      15
  9      43      25      34      49       6
     50      17      40      21      42
     11      47      10      39      12
         22      51      46      27
         19      44      37      18
              7       2      23
--8<--
