found: sum=169.0000 var=  0.0000 fitness=  0.1647 age=0
-->8--
             39      35      13 
         12      29       6      48
         22      23      46      45 
     33      44      30      11       2
      4      42      25      38      47 
 15      24       5      19      26      17
 43      51      27      40      18       7
     32      20      53      28      54 
      1      16       3      14      34
         49      50      31      21 
         37       8      41      10
              9      36      52 
--8<--
execution time: real 33.307527s user 14.821746s sys 0.194970s
jsgmd54: M=19 A=3 B=5 P=512 K=256 sp=3 xover=2D/3 mut=13 replace_worst=51 aging explosion=128@0.005000*128 swap=2 hexspin=2
generation #494: pop m=169.843 v=0.523 f= -0.358
best: found: sum=169.0000 var=  0.0000 fitness=  0.1647 age=1
-->8--
             39      35      13 
         12      29       6      48
         22      23      46      45 
     33      44      30      11       2
      4      42      25      38      47 
 15      24       5      19      26      17
 43      51      27      40      18       7
     32      20      53      28      54 
      1      16       3      14      34
         49      50      31      21 
         37       8      41      10
              9      36      52 
--8<--
