found: sum=172.0000 var=  0.0000 fitness=172.0000
-->8--
             28      13       4 
         46       3      51       5
         48      15      40      53 
      6      32      50      19      35
      8      31      21      30      34 
 39      47      23      12       1      14
 10      24      29      42      54      49
     44      18      45      33      20 
      9      36       7       2      11
         41      37      43      52 
         16      25      22      26
             17      38      27 
--8<--
execution time: real 109.900246s user 0.256960s sys 0.035994s
GA: P=50 K=10 sp=2 xover=2D/1 optrpl=2 optskip=10 optmax=1.052632
generation #3211: pop m=177.966 v= 54.447 f=155.753 best_age=451
best: sum=188.5789 var=  0.2438 fitness=184.9508
-->8--
             16       3       2 
         15      49      32      14
         41      46      51      50 
     11      21       8      40       4
     43      38      37      24      25 
  9      35      39      29      45      12
 23      31      27      22      42      13
     47      19      34      26      52 
      7      36      20      33       5
         48      53      54      30 
          6      17      44      18
             28       1      10 
--8<--
found: sum=172.0000 var=  0.0000 fitness=172.0000
-->8--
             28      13       4 
         46       3      51       5
         48      15      40      53 
      6      32      50      19      35
      8      31      21      30      34 
 39      47      23      12       1      14
 10      24      29      42      54      49
     44      18      45      33      20 
      9      36       7       2      11
         41      37      43      52 
         16      25      22      26
             17      38      27 
--8<--
