found: sum=181.0000 var=  0.0000 fitness= -0.0000 age=0
-->8--
             17       9      11 
         14      46      30      52
         41      23      37      35 
      4      40      36      16      12
     49      25      33      39      53 
 43      22      24      20      26       3
  5      44      32      45      38       7
     18      34      27      13      54 
      6      31      28      47      10
         48      29      21      19 
          8      50      51       1
             15       2      42 
--8<--
execution time: real 18.349627s user 18.515185s sys 0.400939s
jsgmd54: M=19 A=3 B=5 P=512 K=256 sp=3 xover=2D/2 mut=3 replace_worst=3 aging explosion=128@0.005000*128 swap=2 hexspin=2
generation #769: pop m=180.138 v=0.609 f= -0.609
best: found: sum=181.0000 var=  0.0000 fitness= -0.0000 age=1
-->8--
             17       9      11 
         14      46      30      52
         41      23      37      35 
      4      40      36      16      12
     49      25      33      39      53 
 43      22      24      20      26       3
  5      44      32      45      38       7
     18      34      27      13      54 
      6      31      28      47      10
         48      29      21      19 
          8      50      51       1
             15       2      42 
--8<--
