sum=168.1579 var=  0.6593 fitness=162.1912
-->8--
              3       2       8 
         45      39      42      25
         14      48      44      28 
     18      31       5      33      11
     46      30      53      24      50 
 12      41      13      21      34      49
  7      22      51      32      29      17
     52      23      10      40       1 
      4      43       6      38      35
         36      47      54      37 
         19      26      20      15
              9      27      16 
--8<--
execution time: real 142.990652s user 256.242045s sys 0.057991s
GA: P=50 K=25 sp=3 xover=2D/1
generation #1665: pop m=178.711 v=  0.410 f=174.233 best_age=627
best: sum=190.0526 var=  0.3657 fitness=185.6091
-->8--
             16       1       9 
          7      42      32      15
         41      49      53      50 
      5      34      13      31       4
     52      19      37      22      51 
 12      39      38      35      33       3
 11      36      30      27      47      10
     40      28      23      25      46 
     14      43      18      44       2
         29      48      54      26 
         17      45      20      24
              8       6      21 
--8<--
found: sum=180.0000 var=  0.0000 fitness=180.0000
-->8--
              3       2       8 
         45      39      42      25
         14      48      44      28 
     18      31       5      33      11
     46      30      53      24      50 
 12      41      13      21      34      49
  7      22      51      32      29      17
     52      23      10      40       1 
      4      43       6      38      35
         36      47      54      37 
         19      26      20      15
              9      27      16 
--8<--
