found: sum=190.0000 var=  0.0000 fitness=190.0000 age=0
-->8--
              6       8      14 
         12      48      40       7
         38      34      42      43 
      1      52      18      44       4
     28      17      39      22      24 
 21      54      30      25      53      23
  5      45      31      29      41       3
     37      13      36      20      46 
     26      50       9      49       2
         19      51      47      32 
         10      33      35      11
             27      15      16 
--8<--
execution time: real 187.929204s user 359.714315s sys 11.426262s
GA: P=512 K=256 sp=3 xover=2D/1 optconsec aging
generation #4611: pop m=190.772 v=0.261 f=187.136
best: found: sum=190.0000 var=  0.0000 fitness=190.0000 age=1
-->8--
              6       8      14 
         12      48      40       7
         38      34      42      43 
      1      52      18      44       4
     28      17      39      22      24 
 21      54      30      25      53      23
  5      45      31      29      41       3
     37      13      36      20      46 
     26      50       9      49       2
         19      51      47      32 
         10      33      35      11
             27      15      16 
--8<--
