sum=177.8421 var=  0.4488 fitness=172.9194
-->8--
              2      31       7 
         22      24      32      10
         41      35      50      49 
     18      53       5      29      17
     26      27      14      25      19 
 33      12      43      54      38      23
 21      46      13       1      44      11
     39      36      52      15      42 
      3       8      28      30      37
         45      40      51       9 
         20      48       6      34
             16       4      47 
--8<--
execution time: real 14.565817s user 25.770082s sys 0.009998s
GA: P=50 K=25 sp=3 xover=2D/1
generation #159: pop m=177.104 v=  0.438 f=172.392 best_age=52
best: sum=187.2105 var=  0.2715 fitness=183.3818
-->8--
              4       8       5 
         13      50      39      31
         52      36      51      37 
     12      32       3      24       9
     29      28      53      27      49 
 18      34      35      30      41      17
 25      43      26      23      54       6
     38      22      20      11      21 
      1      44      42      45      10
         40      33      46      47 
         15      48      16      14
              7       2      19 
--8<--
found: sum=177.0000 var=  0.0000 fitness=177.0000
-->8--
              2      31       7 
         22      24      32      10
         41      35      50      49 
     18      53       5      29      17
     26      27      14      25      19 
 33      12      43      54      38      23
 21      46      13       1      44      11
     39      36      52      15      42 
      3       8      28      30      37
         45      40      51       9 
         20      48       6      34
             16       4      47 
--8<--
