found: sum=173.0000 var=  0.0000 fitness=173.0000
-->8--
              3       4       6 
         45      26      50       2
          1      46      33      42 
      5      52      14      40      47
     51      28      23      20      15 
  7      36      10      43       9      53
 13      54      11      48      35      39
     12      34      38      18      22 
      8      44      17      27      30
         21      29      25      41 
         31      16      37      19
             32      49      24 
--8<--
execution time: real 27.693126s user 0.000000s sys 0.001999s
GA: P=10 K=7 sp=3 xover_cuts=2
generation #264: pop m=176.405 v=  0.496 f=171.673 var0cnt=1 bage=66
best: sum=187.5263 var=  0.4598 fitness=182.5432
-->8--
              5       3      10 
         18      48      26       6
         25      38      53      49 
     20      54      21      43       1
     36      11      12      23      45 
 17      42      51      35      27      19
  9      39      14      29      52       7
     44      30      47      22      37 
     13      28      24      34       2
         33      46      31      41 
          8      32      50      15
             40       4      16 
--8<--
found: sum=173.0000 var=  0.0000 fitness=173.0000
-->8--
              3       4       6 
         45      26      50       2
          1      46      33      42 
      5      52      14      40      47
     51      28      23      20      15 
  7      36      10      43       9      53
 13      54      11      48      35      39
     12      34      38      18      22 
      8      44      17      27      30
         21      29      25      41 
         31      16      37      19
             32      49      24 
--8<--
