found: sum=171.0000 var=  0.0000 fitness=171.0000
-->8--
              4       2      34 
         26      32      42      38
         15      51      41       9 
     25      43       3       7      47
     33       1      37      44      18 
  8      54      36      39      46      27
 16      48      13       6      14      35
     12      19      40      22      31 
     10      30      45       5      49
         52      24      53      50 
         20      17      11      23
             28      21      29 
--8<--
execution time: real 69.497016s user 0.255961s sys 0.021996s
GA: P=50 K=10 sp=2 xover=2D/1 optrpl=2 optskip=10 optmax=1.052632
generation #2024: pop m=174.980 v= 51.317 f=156.648 best_age=1083
best: sum=187.7368 var=  0.2992 fitness=183.7175
-->8--
              4       3      10 
         20      37      51      22
         53      44      34      23 
      6      30      19      48       5
     33      45      24      28      36 
 27      21      26      35      47      29
 15      52      31      17      42       2
     39      13      54      18      32 
      1      43       9      41       8
         40      38      50      46 
         11      49      25      14
              7      16      12 
--8<--
found: sum=171.0000 var=  0.0000 fitness=171.0000
-->8--
              4       2      34 
         26      32      42      38
         15      51      41       9 
     25      43       3       7      47
     33       1      37      44      18 
  8      54      36      39      46      27
 16      48      13       6      14      35
     12      19      40      22      31 
     10      30      45       5      49
         52      24      53      50 
         20      17      11      23
             28      21      29 
--8<--
