sum=174.2632 var=  0.9307 fitness=167.1737
-->8--
             21       5       3 
         10      54      41       4
         38      19      45      36 
     13      33      11      46       8
     37      34      35      22      12 
  9      20      43      16      51      14
 30      40       6      31      27      42
     39      32      44      28      29 
     15      23      17      48      25
         26      53       7      18 
         24      47       1      49
              2      50      52 
--8<--
execution time: real 200.754347s user 359.620329s sys 0.099984s
GA: P=50 K=25 sp=3 xover=2D/1
generation #2283: pop m=181.268 v=  0.451 f=176.471 best_age=583
best: sum=190.0000 var=  0.2105 fitness=186.6283
-->8--
              5       4       3 
          6      41      38       2
         42      46      48      49 
      7      51      13      50       9
     39      18      34       8      21 
 12      33      28      37      53      23
 14      45      35      30      40      24
     47      31      26      22      29 
     15      27      17      52      11
         25      54      43      36 
         19      44      32      10
             20       1      16 
--8<--
found: sum=175.0000 var=  0.0000 fitness=175.0000
-->8--
             21       5       3 
         10      54      41       4
         38      19      45      36 
     13      33      11      46       8
     37      34      35      22      12 
  9      20      43      16      51      14
 30      40       6      31      27      42
     39      32      44      28      29 
     15      23      17      48      25
         26      53       7      18 
         24      47       1      49
              2      50      52 
--8<--
