sum=178.2632 var=  0.4044 fitness=173.5899
-->8--
              6      52      19 
         28      34      13      53
         54       5      40      46 
      3      48      31       4      15
     12      11      38      23      36 
 18      47      42      39      51      17
 21      33      22       8      30      16
     44      20      26      24      25 
      2      27      37      45       1
         49      43      35      50 
         14      10       9      29
             32      41       7 
--8<--
execution time: real 19.788831s user 31.772169s sys 0.015997s
GA: P=20 K=10 sp=3 xover_cuts=2
generation #619: pop m=180.832 v=  0.405 f=176.346 best_age=497
best: sum=189.2105 var=  0.2715 fitness=185.3818
-->8--
             25       1       4 
          9      36      50      13
         48      43      44      38 
     17      29      16      40       5
     32      22      45      23      34 
 11      42      35      21      49       2
 12      53      19      41      47       6
     39      18      28       8      51 
      7      52      27      54       3
         20      46      31      26 
         14      33      37      30
             24      15      10 
--8<--
found: sum=175.0000 var=  0.0000 fitness=175.0000
-->8--
              6      52      19 
         28      34      13      53
         54       5      40      46 
      3      48      31       4      15
     12      11      38      23      36 
 18      47      42      39      51      17
 21      33      22       8      30      16
     44      20      26      24      25 
      2      27      37      45       1
         49      43      35      50 
         14      10       9      29
             32      41       7 
--8<--
