found: sum=180.0000 var=  0.0000 fitness=  0.1754 age=0
-->8--
             49      13      12 
         14      22      39       3
         18      46      34      44 
     35      31      26      48       7
     43      17      23      20      52 
 27      36      37      29       9       5
  2      25      33      30      54      41
     47      32      28      38      19 
      4      21      24      15       1
         51      42      45      53 
         10      50      11      40
              6       8      16 
--8<--
execution time: real 30.529775s user 13.356969s sys 0.229965s
jsgmd54: M=19 A=3 B=5 P=512 K=256 sp=3 xover=2D/3 mut=13 replace_worst=51 aging explosion=128@0.005000*128 swap=2 hexspin=2
generation #420: pop m=179.280 v=0.568 f= -0.393
best: found: sum=180.0000 var=  0.0000 fitness=  0.1754 age=1
-->8--
             49      13      12 
         14      22      39       3
         18      46      34      44 
     35      31      26      48       7
     43      17      23      20      52 
 27      36      37      29       9       5
  2      25      33      30      54      41
     47      32      28      38      19 
      4      21      24      15       1
         51      42      45      53 
         10      50      11      40
              6       8      16 
--8<--
