sum=177.9474 var=  0.6814 fitness=171.8813
-->8--
              5       6      10 
         44      33      49      14
         11      41      15      38 
      3      37      27      45       2
     25      43      22      30      20 
  8      52       1      32      36      39
 40       4      54       9      51      18
     42      17      53      13       7 
     50      12      19      48      31
         46      16      29      21 
         28      34      26      23
             35      47      24 
--8<--
execution time: real 587.498856s user 587.509684s sys 0.027995s
GA: P=20 K=10 sp=3 xover_cuts=2
generation #5462: pop m=181.024 v=  0.372 f=176.746 best_age=5009
best: sum=189.7368 var=  0.1939 fitness=186.5010
-->8--
             19       1      10 
         21      36      39      14
         31      42      51      45 
      9      41      20      30       7
     25      34      26      28      47 
 16      50      27      35      33      22
  8      53      23      32      49       2
     38       3      46      13      37 
     12      54      15      44       4
         29      48      40      43 
         17      24      52       5
             18      11       6 
--8<--
found: sum=171.0000 var=  0.0000 fitness=171.0000
-->8--
              5       6      10 
         44      33      49      14
         11      41      15      38 
      3      37      27      45       2
     25      43      22      30      20 
  8      52       1      32      36      39
 40       4      54       9      51      18
     42      17      53      13       7 
     50      12      19      48      31
         46      16      29      21 
         28      34      26      23
             35      47      24 
--8<--
