found: sum=190.0000 var=  0.0000 fitness=190.0000 age=0
-->8--
              1      17      10 
         16      30      26      29
         40      49      48      25 
      8      54      20      52      18
     42       2      28      11      38 
  7      44      37      31      46      24
  9      53      41      34      47       3
     35      13      19      21      32 
      5      45      22      51       6
         39      50      43      33 
         14      27      36       4
             15      12      23 
--8<--
execution time: real 125.958822s user 250.559909s sys 0.617906s
GA: P=512 K=256 sp=3 xover=2D/1 aging
generation #605: pop m=190.635 v=0.295 f=186.858
best: found: sum=190.0000 var=  0.0000 fitness=190.0000 age=1
-->8--
              1      17      10 
         16      30      26      29
         40      49      48      25 
      8      54      20      52      18
     42       2      28      11      38 
  7      44      37      31      46      24
  9      53      41      34      47       3
     35      13      19      21      32 
      5      45      22      51       6
         39      50      43      33 
         14      27      36       4
             15      12      23 
--8<--
