found: sum=189.0000 var=  0.0000 fitness=189.0000 age=0
-->8--
              4      10       5 
         26      40      45      11
         32      43      27      51 
      2      44      24      50       3
     47      22      33       9      28 
  6      42      23      46      48      12
 15      49      36      14      53       7
     30      17      37      19      41 
     16      39      31      54       1
         38      29      34      21 
         18      52      35      20
             13       8      25 
--8<--
execution time: real 285.968632s user 44.988160s sys 2.950551s
GA: P=512 K=256 sp=3 xover=2D/1 optmax=1.050000 aging
generation #628: pop m=189.078 v=0.378 f=185.118
best: found: sum=189.0000 var=  0.0000 fitness=189.0000 age=1
-->8--
              4      10       5 
         26      40      45      11
         32      43      27      51 
      2      44      24      50       3
     47      22      33       9      28 
  6      42      23      46      48      12
 15      49      36      14      53       7
     30      17      37      19      41 
     16      39      31      54       1
         38      29      34      21 
         18      52      35      20
             13       8      25 
--8<--
