found: sum=176.0000 var=  0.0000 fitness=176.0000
-->8--
             15      24       6 
         13      23       9      19
         20      52      54      50 
     45      53      14      38      26
      2      17      35      10      18 
  3      39       5      25      34      29
 41      48      46      32      28      16
     43      21      33      47      51 
     11       4      30      12       7
         49      42      22      31 
         36      37      44      40
              8       1      27 
--8<--
found: sum=167.0000 var=  0.0000 fitness=167.0000
-->8--
              6       3       4 
         36      53      42      21
         34      31       5      51 
     41       7      33      44       8
     37      46      49      16      26 
  9       2       1      20      22      13
 48      47      32      27      52      43
     24      39      38      30      11 
     14      28      12      10      45
         15      18      50      19 
         54      35      23      40
             17      29      25 
--8<--
execution time: real 329.448543s user 0.012998s sys 0.028995s
GA: P=10 K=7 sp=3 xover_cuts=2
generation #3212: pop m=179.284 v=  0.521 f=174.485 var0cnt=1 bage=2529
best: sum=189.1579 var=  0.2382 fitness=185.5712
-->8--
             20      10       4 
         14      31      45       7
         52      42      34      48 
      5      30      27      51       8
     44      24      37      23      18 
  9      35      29      16      41       2
 26      47      32      36      54      21
     28      22      40      19      53 
     13      46       6      38       1
         33      43      50      25 
         17      39      49      15
             11       3      12 
--8<--
found: sum=167.0000 var=  0.0000 fitness=167.0000
-->8--
              6       3       4 
         36      53      42      21
         34      31       5      51 
     41       7      33      44       8
     37      46      49      16      26 
  9       2       1      20      22      13
 48      47      32      27      52      43
     24      39      38      30      11 
     14      28      12      10      45
         15      18      50      19 
         54      35      23      40
             17      29      25 
--8<--
