sum=173.8947 var=  0.1994 fitness=170.6130
-->8--
             39      17      12 
         37       5      52      22
         31      24      29      19 
      6      45      54      47      11
     43      16       4       1      53 
 20      40      38      46      50      13
  8      34      23      21      48      10
     36      30      49      15       7 
     14      35       3      42      25
         32      41      51      44 
         28      27      33       2
             18      26       9 
--8<--
execution time: real 1208.974160s user 2376.398732s sys 0.551916s
GA: P=20 K=10 sp=3 xover_cuts=2
generation #8973: pop m=182.263 v=  0.353 f=178.085 var0cnt=1 bage=8384
best: sum=190.0000 var=  0.2105 fitness=186.6283
-->8--
              6       4      16 
          7      34      43      10
         41      54      44      24 
      1      48      11      52      22
     29      18      27      17      30 
  3      53      32      39      46      13
 15      40      33      23      45      21
     50      14      36      20      35 
     12      25      31      42       2
         49      51      38      47 
         19      37      28      26
              8       5       9 
--8<--
found: sum=181.0000 var=  0.0000 fitness=181.0000
-->8--
             39      17      12 
         37       5      52      22
         31      24      29      19 
      6      45      54      47      11
     43      16       4       1      53 
 20      40      38      46      50      13
  8      34      23      21      48      10
     36      30      49      15       7 
     14      35       3      42      25
         32      41      51      44 
         28      27      33       2
             18      26       9 
--8<--
