sum=177.1579 var=  0.3435 fitness=172.8511
-->8--
             12       9      10 
         11      52      46       8
         51       6      30      39 
     31      43      32      42      24
     33       4      36       7      34 
 19      13      54      28      29      23
 25      40      27      14      48      21
     45      37      16      49      20 
      5       1      44      17      15
         47      50      35      26 
         53       2      41      18
             22       3      38 
--8<--
sum=179.0526 var=  0.7867 fitness=172.5348
-->8--
             32       1      52 
         20      37      48       8
         26      54      27      13 
     40       9      11      30      44
     25      36      45      14      43 
 29      42      23      51      34       7
  4      50      21       5      39      17
     28       6      33      35      38 
     10      53      18      41      22
         31      47      46       3 
         19      16      49      24
             12       2      15 
--8<--
execution time: real 278.221508s user 498.405230s sys 0.129980s
GA: P=50 K=25 sp=3 xover=2D/1
generation #3206: pop m=180.698 v=  0.418 f=176.132 best_age=475
best: sum=189.8421 var=  0.1330 fitness=187.1625
-->8--
              8       2       7 
         11      41      52       6
         53      47      43      44 
      9      30       5      38      13
     34      24      45      26      33 
 16      40      39      32      36      25
 18      51      17      29      46      15
     31      19      28      20      35 
     12      54      22      49       3
         23      50      42      37 
         14      27      48      10
             21       1       4 
--8<--
found: sum=178.0000 var=  0.0000 fitness=178.0000
-->8--
             32       1      52 
         20      37      48       8
         26      54      27      13 
     40       9      11      30      44
     25      36      45      14      43 
 29      42      23      51      34       7
  4      50      21       5      39      17
     28       6      33      35      38 
     10      53      18      41      22
         31      47      46       3 
         19      16      49      24
             12       2      15 
--8<--
