sum=185.1579 var=  0.5540 fitness=179.6883
-->8--
             25      15       1 
         22      53      51      27
         35      21       2      52 
      3      19      33      42       5
     41      32      26      34      12 
 13      45      44      38      30      18
  9      36      11      39      14      54
     31       7      17      20      47 
     16      48      49       4      40
         37      43      46      50 
         10       8      23      24
             29       6      28 
--8<--
execution time: real 1179.338912s user 2316.243877s sys 0.581911s
GA: P=20 K=10 sp=3 xover_cuts=2
generation #9147: pop m=182.200 v=  0.333 f=178.192 var0cnt=1 bage=4873
best: sum=189.8421 var=  0.1330 fitness=187.1625
-->8--
             16       5       4 
         11      29      31      23
         37      54      50      42 
      3      43      21      40      18
     33      28      19       7      38 
 13      46      25      53      45      27
  1      52      24      34      36      12
     44      15      35      14      32 
      2      51      17      49      20
         26      48      41      39 
         10      47      30      22
              8       6       9 
--8<--
found: sum=175.0000 var=  0.0000 fitness=175.0000
-->8--
             25      15       1 
         22      53      51      27
         35      21       2      52 
      3      19      33      42       5
     41      32      26      34      12 
 13      45      44      38      30      18
  9      36      11      39      14      54
     31       7      17      20      47 
     16      48      49       4      40
         37      43      46      50 
         10       8      23      24
             29       6      28 
--8<--
