sum=175.8421 var=  0.1330 fitness=173.1625
-->8--
             11       3      29 
          7      53      10      42
         36      44      49      15 
     50      22      14      28      45
     33      26      37      32      52 
 17       6      30      13       1      43
 27      39      47      41      48      21
     51      25       5      38       8 
      4      19      23      46       2
         35      54      20      31 
          9      40      24      34
             16      12      18 
--8<--
execution time: real 461.259979s user 657.721011s sys 0.400939s
GA: P=20 K=10 sp=3 xover_cuts=2
generation #13924: pop m=181.953 v=  0.434 f=177.436 best_age=4368
best: sum=188.8947 var=  0.0942 fitness=186.6395
-->8--
             17       3       4 
         15      49      35       8
         45      32      42      47 
     18      31      28      53       1
     44      21      39       7      27 
 25      30      38      20      54       6
 12      52      29      40      51       9
     26      19      23      16      41 
     13      46      24      36      11
         33      48      50      34 
          5      43      22      37
             14       2      10 
--8<--
found: sum=173.0000 var=  0.0000 fitness=173.0000
-->8--
             11       3      29 
          7      53      10      42
         36      44      49      15 
     50      22      14      28      45
     33      26      37      32      52 
 17       6      30      13       1      43
 27      39      47      41      48      21
     51      25       5      38       8 
      4      19      23      46       2
         35      54      20      31 
          9      40      24      34
             16      12      18 
--8<--
