sum=184.6316 var=  0.4432 fitness=179.7394
-->8--
              2       1      31 
         17      52      32      47
         35      44       4      51 
      6      28      45      13       7
     42      18      29      41      30 
 15      49      14      46      36      11
 12      38      26      24      10      43
     22      33      39      21      48 
      8      37      16      25      20
         40      27      53      54 
          5      50       9      34
             19      23       3 
--8<--
execution time: real 116.982072s user 209.330176s sys 0.050992s
GA: P=50 K=25 sp=3 xover=2D/1
generation #1379: pop m=180.598 v=  0.453 f=175.826 best_age=302
best: sum=189.6842 var=  0.2161 fitness=186.2684
-->8--
             19       3      29 
         11      44      41       4
         26      37      51      27 
      5      53      14      38      25
     30      21      43       9      46 
  6      54      22      34      45      17
 20      39      31      28      50      13
     40      23      32      24      18 
      1      52      15      49      16
         35      36      42      33 
         12      47      48       8
              7       2      10 
--8<--
found: sum=178.0000 var=  0.0000 fitness=178.0000
-->8--
              2       1      31 
         17      52      32      47
         35      44       4      51 
      6      28      45      13       7
     42      18      29      41      30 
 15      49      14      46      36      11
 12      38      26      24      10      43
     22      33      39      21      48 
      8      37      16      25      20
         40      27      53      54 
          5      50       9      34
             19      23       3 
--8<--
