sum=175.7368 var=  0.5097 fitness=170.4906
-->8--
              6       1      31 
         50      40      46      52
         14      51      24       5 
     30      17      16      20      37
     54      27      32      33      41 
 11      36      35      53      42      22
  2      49      18      15      23      21
     26      13      25      12      29 
      7      45      34      48      19
         38      43      44      47 
          9      39       8      28
              4      10       3 
--8<--
execution time: real 243.999848s user 352.218454s sys 0.175973s
GA: P=20 K=10 sp=3 xover_cuts=2
generation #7262: pop m=183.282 v=  0.430 f=178.719 best_age=3495
best: sum=189.1053 var=  0.0942 fitness=186.8501
-->8--
              6      15      26 
          4      52      30       3
         39      50      35      46 
      8      38       7      49      13
     40      21      31      17      27 
  9      43      42      51      37      23
  5      48      24      12      53      16
     44      11      29      19      33 
     14      47      34      54       2
         25      45      41      28 
         22      32      36      10
             18       1      20 
--8<--
found: sum=178.0000 var=  0.0000 fitness=178.0000
-->8--
              6       1      31 
         50      40      46      52
         14      51      24       5 
     30      17      16      20      37
     54      27      32      33      41 
 11      36      35      53      42      22
  2      49      18      15      23      21
     26      13      25      12      29 
      7      45      34      48      19
         38      43      44      47 
          9      39       8      28
              4      10       3 
--8<--
