found: sum=169.0000 var=  0.0000 fitness=169.0000
-->8--
             31       3      16 
         28      47      40      50
         29      32      11      17 
      1       2      36      35      26
     37      48      42      22      39 
 53      52       9      23      30      15
 14       8      46      24      43      38
      5       6      25      27       4 
     54      45      34      18      33
         51      13      41      44 
         21      20      49       7
             19      12      10 
--8<--
execution time: real 175.997681s user 0.278957s sys 0.061990s
GA: P=50 K=10 sp=2 xover=2D/1 optrpl=2 optskip=10 optmax=1.052632
generation #5076: pop m=177.507 v= 52.944 f=158.442 best_age=4219
best: sum=189.6842 var=  0.3213 fitness=185.5187
-->8--
             20       1       6 
         19      36      53      12
         44      40      51      27 
     10      30       9      41      11
     33      35      45      18      38 
  2      37      31      26      54       3
 28      39      34      25      46       7
     50      14      29      21      42 
      5      49      16      52       4
         32      48      47      24 
         15      23      43       8
             22      13      17 
--8<--
found: sum=169.0000 var=  0.0000 fitness=169.0000
-->8--
             31       3      16 
         28      47      40      50
         29      32      11      17 
      1       2      36      35      26
     37      48      42      22      39 
 53      52       9      23      30      15
 14       8      46      24      43      38
      5       6      25      27       4 
     54      45      34      18      33
         51      13      41      44 
         21      20      49       7
             19      12      10 
--8<--
