sum=179.0526 var=  0.3657 fitness=174.6091
-->8--
             47      11       3 
         46      50      54      36
          1       5      30      31 
     16      23      22      18       2
     37      42      28      45      32 
 13      53      52      29      44      17
 14      12       4      33       6      24
     43       9      26      15      49 
     39      34      51      40      21
         35      48       7      41 
         25      20      38      27
             10       8      19 
--8<--
execution time: real 53.845313s user 96.555321s sys 0.033994s
GA: P=50 K=25 sp=3 xover=2D/1
generation #594: pop m=178.886 v=  0.458 f=174.127 best_age=171
best: sum=188.7895 var=  0.1662 fitness=185.7936
-->8--
             11      12       4 
          6      43      40      10
         29      53      38      52 
      8      46       3      45       5
     48      14      42      20      36 
  9      44      30      41      31      13
 16      35      34      18      54      28
     37      32      24      25      27 
      2      50      26      47      17
         33      23      49      19 
         21      39      51       7
             22       1      15 
--8<--
found: sum=172.0000 var=  0.0000 fitness=172.0000
-->8--
             47      11       3 
         46      50      54      36
          1       5      30      31 
     16      23      22      18       2
     37      42      28      45      32 
 13      53      52      29      44      17
 14      12       4      33       6      24
     43       9      26      15      49 
     39      34      51      40      21
         35      48       7      41 
         25      20      38      27
             10       8      19 
--8<--
