found: sum=183.0000 var=  0.0000 fitness=  0.1784 age=0
-->8--
             11      20       7 
         43      27      52       1
         45      39      21      49 
     14      18      24      53       3
     22      47      42      17      15 
 41      37      13      26      46      31
  2      30      40      28      54       8
     51      16      34      12      29 
      4      38      23      50       5
         44      32      36      33 
         35      25      48       6
              9      19      10 
--8<--
execution time: real 36.269601s user 15.437653s sys 0.240963s
jsgmd54: M=19 A=3 B=5 P=512 K=256 sp=3 xover=2D/3 mut=13 replace_worst=51 aging explosion=128@0.005000*128 swap=2 hexspin=2
generation #728: pop m=183.176 v=0.494 f= -0.315
best: found: sum=183.0000 var=  0.0000 fitness=  0.1784 age=1
-->8--
             11      20       7 
         43      27      52       1
         45      39      21      49 
     14      18      24      53       3
     22      47      42      17      15 
 41      37      13      26      46      31
  2      30      40      28      54       8
     51      16      34      12      29 
      4      38      23      50       5
         44      32      36      33 
         35      25      48       6
              9      19      10 
--8<--
