found: sum=170.0000 var=  0.0000 fitness=170.0000
-->8--
             15       2      51 
         16      40      27      11
         35      14      43       7 
     46      50      44      31      30
     26       5      29      10      47 
 33       8      28      13      45       4
 37      34      53      38      23      39
     32      42       9      41      12 
      1      36       6      54      19
         25      24      22      21 
         20      17      52      18
             48      49       3 
--8<--
execution time: real 622.395271s user 1210.278009s sys 0.270958s
GA: P=10 K=7 sp=3 xover_cuts=2
generation #6119: pop m=180.100 v=  0.429 f=175.822 var0cnt=1 bage=58
best: sum=186.9474 var=  0.0499 fitness=185.3065
-->8--
             19       7      21 
         16      47      49      20
         36      34      37      28 
     10      35      13      32       5
     29      27      48      31      38 
 22      50      30      26      53       1
 17      23      15      25      40       3
     46      42      43      12      52 
     14      44       2      54       4
         18      41      51      24 
          6      45      39       8
             33       9      11 
--8<--
found: sum=170.0000 var=  0.0000 fitness=170.0000
-->8--
             15       2      51 
         16      40      27      11
         35      14      43       7 
     46      50      44      31      30
     26       5      29      10      47 
 33       8      28      13      45       4
 37      34      53      38      23      39
     32      42       9      41      12 
      1      36       6      54      19
         25      24      22      21 
         20      17      52      18
             48      49       3 
--8<--
