found: sum=177.0000 var=  0.0000 fitness=177.0000
-->8--
             44       3      38 
         11      26      34       2
         23      49      14      53 
     28      24      51      36      16
     45      17      31       4      21 
  7      40       5      41      47      42
  8      52      48       9      37       1
     25      15      43      39      29 
     12      19       6      30      22
         54      46      50      20 
         13      10      32      27
             35      33      18 
--8<--
execution time: real 16.176134s user 0.237963s sys 0.001999s
GA: P=50 K=10 sp=2 xover=2D/1 optrpl=2 optskip=10 optmax=1.052632
generation #471: pop m=176.449 v= 36.282 f=159.732 best_age=335
best: sum=186.9474 var=  0.2604 fitness=183.1976
-->8--
             29       2      13 
         24      31      28      19
         22      45      37      52 
     14      36      44      38       9
     54      21      16      18      23 
  8      40      25      34      47      43
 10      48      49      33      35       6
     27       5      30      20      32 
     12      42      15      39      11
         53      46      51      50 
          4      41      26       3
              1       7      17 
--8<--
found: sum=177.0000 var=  0.0000 fitness=177.0000
-->8--
             44       3      38 
         11      26      34       2
         23      49      14      53 
     28      24      51      36      16
     45      17      31       4      21 
  7      40       5      41      47      42
  8      52      48       9      37       1
     25      15      43      39      29 
     12      19       6      30      22
         54      46      50      20 
         13      10      32      27
             35      33      18 
--8<--
