found: sum=164.0000 var=  0.0000 fitness=  1.0000 age=0
-->8--
              8       3      52 
         10      54      49      35
         34       5       9       6 
     21      53      44      13      33
     25      11      29      24      42 
  2      20      22      45      46      15
 31      38      37       4      26      18
     48      36      27      19      17 
     12      14      43      39      40
         16       7      32      23 
         50      30       1      28
             47      51      41 
--8<--
execution time: real 92.070221s user 154.149565s sys 0.046992s
GA: P=100 K=25 sp=4 xover=2D/1 optrpl=12 optskip=12 optmax=1.052632 aging
generation #1003: pop m=168.754 v=  5.429 f=  0.725 F=  2.948
best: sum=165.9474 var=  0.0499 fitness=  0.9525 age=307
-->8--
             52      33      49 
          9      13      34       1
         31      10      23      38 
      2      51      53      21       6
     50      14      16      46      25 
 29      18      22       7      30      17
  4      28      43      24      44      42
     37      41      54      15       8 
     19       5      20      40      27
         36       3      12      32 
         48      39      45      26
             35      47      11 
--8<--
