sum=181.0526 var=  0.3657 fitness=176.6091
-->8--
             50       1      20 
         22      49      34       5
         33      13      32      39 
     17       9      47      46      18
     29      53      16       7      42 
 43      35      38      28      24      26
 10      15      27      30      51      19
     44       8      37      36      14 
     12      45      11      41       3
         52      48      21      31 
          6       2      54       4
             23      40      25 
--8<--
execution time: real 68.635875s user 123.093286s sys 0.034994s
GA: P=50 K=25 sp=3 xover=2D/1
generation #763: pop m=181.733 v=  0.469 f=176.883 best_age=87
best: sum=188.5789 var=  0.2438 fitness=184.9508
-->8--
              3       4       9 
         18      51      23      12
         36      49      54      42 
      7      32       8      48       2
     53      15      37      16      38 
 20      46      47      26      43       5
 22      33      21      34      50      13
     14      27      24      19      39 
     31      40      25      45       1
         44      52      41      35 
          6      30      29      28
             17      11      10 
--8<--
found: sum=176.0000 var=  0.0000 fitness=176.0000
-->8--
             50       1      20 
         22      49      34       5
         33      13      32      39 
     17       9      47      46      18
     29      53      16       7      42 
 43      35      38      28      24      26
 10      15      27      30      51      19
     44       8      37      36      14 
     12      45      11      41       3
         52      48      21      31 
          6       2      54       4
             23      40      25 
--8<--
