found: sum=172.0000 var=  0.0000 fitness=  0.1676 age=0
-->8--
             43       6      34 
         12      20      33       1
         42      52      29      49 
     30       3      32      26       5
      8      36      38      28      50 
 51      53      11      19      14       2
 17      16      21      44      54      37
     27      35      39      13      15 
     23      24      22       9      41
         47      31      45      40 
          4      18      46      25
             48      10       7 
--8<--
execution time: real 47.016282s user 20.635862s sys 0.384941s
jsgmd54: M=19 A=3 B=5 P=512 K=256 sp=3 xover=2D/3 mut=13 replace_worst=51 aging explosion=128@0.005000*128 swap=2 hexspin=2
generation #858: pop m=171.624 v=0.530 f= -0.363
best: found: sum=172.0000 var=  0.0000 fitness=  0.1676 age=1
-->8--
             43       6      34 
         12      20      33       1
         42      52      29      49 
     30       3      32      26       5
      8      36      38      28      50 
 51      53      11      19      14       2
 17      16      21      44      54      37
     27      35      39      13      15 
     23      24      22       9      41
         47      31      45      40 
          4      18      46      25
             48      10       7 
--8<--
