jsgmd80: M=30 A=3 B=6 P=512 K=256 sp=3 xover=2D/3 mut=20 replace_worst=51 aging explosion=128@0.005000*128 swap=2 hexspin=2
generation #1263: pop m=278.979 v=0.272 f= -0.156
found: sum=279.0000 var=  0.0000 fitness=  0.1163 age=0
-->8--
                 26       6       2 
             19      56      43      15
             48      51      78      66 
          1      79      45      75      12
         32      47      22      30      28 
      8      72      35      29      68       7
     59      34      64      58      69      65 
 16      74      27      71      25      42      18
  3      67      37      31      24      80      17
     60      40      49      70      39      57 
     13      76      41      50      52       5
         23      36      38      44      46 
          4      77      33      61      14
             63      54      53      62 
             20      55      73       9
                 10      11      21 
--8<--
execution time: real 118.971568s user 40.827793s sys 0.033994s
