found: sum=281.0000 var=  0.0000 fitness=281.0000 age=0
-->8--
                 18       4      12 
             17      48      59       1
             56      77      73      58 
          8      65      20      78       2
         34      43      40      41      23 
     10      75      36      29      79      14
     57      38      64      63      45      44 
  9      67      25      49      24      76      27
 22      74      30      51      33      72       7
     52      47      62      61      31      55 
      5      68      28      37      80      11
         35      46      42      39      32 
          3      69      26      71       6
             60      70      66      53 
             13      50      54      21
                 19      15      16 
--8<--
execution time: real 63.577140s user 4.158367s sys 0.034994s
jsgmd80: M=30 A=3 B=6 P=512 K=256 sp=3 xover=2D/3 mut=20 replace_worst=51 aging explosion=128@0.005000*128 swap=2 hexspin=2
generation #2146: pop m=281.046 v=0.265 f=276.732
best: found: sum=281.0000 var=  0.0000 fitness=281.0000 age=1
-->8--
                 18       4      12 
             17      48      59       1
             56      77      73      58 
          8      65      20      78       2
         34      43      40      41      23 
     10      75      36      29      79      14
     57      38      64      63      45      44 
  9      67      25      49      24      76      27
 22      74      30      51      33      72       7
     52      47      62      61      31      55 
      5      68      28      37      80      11
         35      46      42      39      32 
          3      69      26      71       6
             60      70      66      53 
             13      50      54      21
                 19      15      16 
--8<--
