jsgmd80: M=30 A=3 B=6 P=512 K=256 sp=3 xover=2D/3 mut=20 replace_worst=51 aging
generation #796: pop m=279.004 v=0.258 f= -0.142
found: sum=279.0000 var=  0.0000 fitness=  0.1163 age=0
-->8--
                 27      18      21 
             22      36      53      13
             62      77      75      71 
          3      55      20      46       5
         43      56      45      59      25 
      4      60      26      34      73      23
     61      41      72      54      40      49 
 12      70      24      48      19      69      16
  9      76      30      39      52      57      14
     51      38      66      67      42      74 
     11      68      44      32      58       1
         35      33      31      28      47 
         15      78      29      79       2
             50      64      80      65 
              7      63      37       8
                 17       6      10 
--8<--
execution time: real 27.792825s user 48.165677s sys 6.839960s
