found: sum=281.0000 var=  0.0000 fitness=281.0000 age=0
-->8--
                 21       6       2 
             22      44      55      10
             57      69      76      60 
          7      68      31      78      15
         34      41      26      23      30 
     11      74      46      47      75       1
     56      35      53      66      50      62 
 13      71      32      43      20      63       4
 17      70      28      61      33      79      25
     54      45      64      58      36      48 
      9      65      27      42      73       8
         38      52      29      39      37 
          5      72      24      80      12
             49      77      67      40 
             18      51      59      16
                 14       3      19 
--8<--
execution time: real 147.925840s user 64.769153s sys 4.141370s
GA: P=512 K=256 sp=3 xover=2D/1 aging
generation #2496: pop m=281.035 v=0.077 f=278.835
best: found: sum=281.0000 var=  0.0000 fitness=281.0000 age=1
-->8--
                 21       6       2 
             22      44      55      10
             57      69      76      60 
          7      68      31      78      15
         34      41      26      23      30 
     11      74      46      47      75       1
     56      35      53      66      50      62 
 13      71      32      43      20      63       4
 17      70      28      61      33      79      25
     54      45      64      58      36      48 
      9      65      27      42      73       8
         38      52      29      39      37 
          5      72      24      80      12
             49      77      67      40 
             18      51      59      16
                 14       3      19 
--8<--
