found: sum=281.0000 var=  0.0000 fitness=281.0000 age=0
-->8--
                 16       3      14
             19      40      64      11
             68      66      75      54
          6      72      33      63       5
         28      29      36      50      32
      2      78      45      24      77      10
     62      44      58      65      42      47
 18      67      27      53      23      73      13
  9      79      26      57      35      74      15
     46      38      60      48      34      59
      8      69      37      49      76       7
         41      51      30      39      31
          4      61      22      71      21
             55      80      70      43
             12      56      52      20
                 17       1      25
--8<--
execution time: real 219.065099s user 341.256121s sys 90.345265s
GA: P=512 K=256 sp=3 xover=2D/1 aging
generation #5803: pop m=280.985 v=0.247 f=276.757
best: found: sum=281.0000 var=  0.0000 fitness=281.0000 age=1
-->8--
                 16       3      14
             19      40      64      11
             68      66      75      54
          6      72      33      63       5
         28      29      36      50      32
      2      78      45      24      77      10
     62      44      58      65      42      47
 18      67      27      53      23      73      13
  9      79      26      57      35      74      15
     46      38      60      48      34      59
      8      69      37      49      76       7
         41      51      30      39      31
          4      61      22      71      21
             55      80      70      43
             12      56      52      20
                 17       1      25
--8<--
