jsgmd80: M=30 A=3 B=6 P=512 K=256 sp=3 xover=2D/3 mut=20 replace_worst=51 aging
generation #2361: pop m=279.029 v=0.165 f= -0.049
found: sum=279.0000 var=  0.0000 fitness=  0.1163 age=0
-->8--
                 22      17      24 
             21      44      59       9
             68      63      67      43 
          6      61      29      77       7
         33      46      18      53      45 
     13      65      62      35      54       1
     51      42      39      55      52      71 
 19      75      25      70      30      56      15
  5      69      28      38      36      74      14
     60      40      79      50      31      49 
     11      72      26      66      64       4
         27      34      20      32      57 
          8      80      41      47       3
             58      78      73      76 
             16      37      48      23
                 10       2      12 
--8<--
execution time: real 75.729358s user 119.869777s sys 26.386988s
