found: sum=280.0000 var=  0.0000 fitness=280.0000 age=0
-->8--
                 24       7      19 
             17      41      44      15
             69      79      74      61 
          5      50      35      67      13
         38      55      25      32      30 
      9      63      36      47      77       1
     62      28      58      71      22      78 
  8      80      40      43      31      72       4
 14      59      27      60      26      75      18
     57      46      52      49      54      33 
     11      68      53      37      66      10
         39      34      29      48      42 
         12      76      23      73       6
             51      65      70      45 
              3      64      56      16
                 21       2      20 
--8<--
execution time: real 137.455627s user 60.707771s sys 3.090530s
jsgmd80: M=30 A=3 B=6 P=512 K=256 sp=3 xover=2D/2 mut=3 replace_worst=32 aging explosion=128@0.005000*128 swap=2 hexspin=2
generation #1823: pop m=280.030 v=0.168 f= 79.452
best: found: sum=280.0000 var=  0.0000 fitness=280.0000 age=1
-->8--
                 24       7      19 
             17      41      44      15
             69      79      74      61 
          5      50      35      67      13
         38      55      25      32      30 
      9      63      36      47      77       1
     62      28      58      71      22      78 
  8      80      40      43      31      72       4
 14      59      27      60      26      75      18
     57      46      52      49      54      33 
     11      68      53      37      66      10
         39      34      29      48      42 
         12      76      23      73       6
             51      65      70      45 
              3      64      56      16
                 21       2      20 
--8<--
