execution time: real 947.820540s user 1201.024416s sys 0.555915s
GA: P=512 K=256 sp=3 xover=2D/1 aging
generation #1884: pop m=281.043 v=0.360 f=275.961
best: sum=281.0000 var=  0.0667 fitness=278.6906 age=1025
-->8--
                  5      13       8 
             18      41      44      20
             68      77      78      51 
          4      72      28      80       9
         30      34      21      35      32 
      6      73      49      39      74      17
     57      48      54      60      40      47 
 15      67      23      58      33      71      26
 10      69      29      56      22      64      11
     63      45      61      52      50      62 
      2      65      43      42      79       1
         37      38      27      36      25 
         12      76      31      75       7
             53      66      70      59 
             16      46      55       3
                 24      14      19 
--8<--
