found: sum=280.0000 var=  0.0000 fitness=280.0000 age=0
-->8--
                 13       7      18 
             19      44      63      16
             68      69      71      48 
         11      67      26      64      24
         28      27      41      49      20 
      6      79      50      29      75      12
     62      25      52      65      40      61 
 15      80      47      43      22      72      14
  8      55      36      57      35      73       9
     60      37      45      58      38      51 
      4      78      53      34      76      10
         46      31      33      39      32 
          3      56      30      74       5
             66      77      70      54 
              1      59      42      17
                 21       2      23 
--8<--
execution time: real 253.838953s user 263.423953s sys 3.542461s
GA: P=512 K=256 sp=3 xover=2D/1 optconsec aging
generation #10885: pop m=279.937 v=0.208 f=276.092
best: found: sum=280.0000 var=  0.0000 fitness=280.0000 age=1
-->8--
                 13       7      18 
             19      44      63      16
             68      69      71      48 
         11      67      26      64      24
         28      27      41      49      20 
      6      79      50      29      75      12
     62      25      52      65      40      61 
 15      80      47      43      22      72      14
  8      55      36      57      35      73       9
     60      37      45      58      38      51 
      4      78      53      34      76      10
         46      31      33      39      32 
          3      56      30      74       5
             66      77      70      54 
              1      59      42      17
                 21       2      23 
--8<--
