found: sum=258.0000 var=  0.0000 fitness=  0.2150 age=0
-->8--
                 19       6      60 
             50      47      46       9
             21      67      48      22 
         20      54      44      73      68
         34      51      26      30      63 
     25      78      16      37       2       3
     27      28      56      80      76      62 
  5      66      29      43      33      52      42
 11      70      57      18      10      75      13
     79       8      55      74      12      14 
     41      36      38      58      65      69
         24      64      15      39      23 
         17      45      61      53       1
             72      35      32      77 
              4      31      40       7
                 71      59      49 
--8<--
execution time: real 356.347093s user 142.060403s sys 0.163975s
jsgmd80: M=30 A=3 B=6 P=512 K=256 sp=3 xover=2D/3 mut=20 replace_worst=51 aging explosion=128@0.005000*128 swap=2 hexspin=2
generation #4960: pop m=258.022 v=0.273 f= -0.058
