found: sum=280.0000 var=  0.0000 fitness= 70.0000 age=0
-->8--
                 25       8      22 
             20      50      58      18
             44      63      77      53 
          1      78      24      52       3
         49      46      30      69      32 
     13      62      39      28      71      10
     37      40      64      65      21      66 
 15      79      29      54      26      80       2
 16      74      23      42      45      70       6
     59      35      68      48      38      56 
      4      75      36      55      60       9
         33      43      31      34      47 
         11      67      27      61       5
             51      76      72      73 
             17      57      41      14
                 12       7      19 
--8<--
execution time: real 93.955683s user 2.219662s sys 0.034994s
jsgmd80: M=30 A=3 B=6 P=512 K=256 sp=3 xover=2D/2 mut=26 replace_worst=32 aging explosion=128@0.005000*128 swap=2 hexspin=2
generation #3494: pop m=279.981 v=0.309 f= 62.307
best: found: sum=280.0000 var=  0.0000 fitness= 70.0000 age=1
-->8--
                 25       8      22 
             20      50      58      18
             44      63      77      53 
          1      78      24      52       3
         49      46      30      69      32 
     13      62      39      28      71      10
     37      40      64      65      21      66 
 15      79      29      54      26      80       2
 16      74      23      42      45      70       6
     59      35      68      48      38      56 
      4      75      36      55      60       9
         33      43      31      34      47 
         11      67      27      61       5
             51      76      72      73 
             17      57      41      14
                 12       7      19 
--8<--
