found: sum=281.0000 var=  0.0000 fitness=281.0000 age=0
-->8--
                 14       6      15 
             21      47      59       7
             55      71      72      65 
          2      73      26      63       9
         36      38      28      49      33 
      5      77      45      43      62      23
     58      35      61      53      44      52 
 20      70      25      51      30      67      17
 11      74      27      57      34      69       8
     48      50      60      56      37      68 
     12      66      46      40      75       3
         31      32      22      39      29 
         10      78      24      80       4
             64      79      76      54 
             18      41      42      13
                  1      19      16 
--8<--
execution time: real 2647.055079s user 2795.767978s sys 10.292435s
GA: P=512 K=256 sp=3 xover=2D/1 optconsec aging
generation #51848: pop m=281.002 v=0.289 f=276.384
best: found: sum=281.0000 var=  0.0000 fitness=281.0000 age=1
-->8--
                 14       6      15 
             21      47      59       7
             55      71      72      65 
          2      73      26      63       9
         36      38      28      49      33 
      5      77      45      43      62      23
     58      35      61      53      44      52 
 20      70      25      51      30      67      17
 11      74      27      57      34      69       8
     48      50      60      56      37      68 
     12      66      46      40      75       3
         31      32      22      39      29 
         10      78      24      80       4
             64      79      76      54 
             18      41      42      13
                  1      19      16 
--8<--
