jsgmd80: M=30 A=3 B=6 P=512 K=256 sp=3 xover=2D/3 mut=20 replace_worst=51 aging
generation #2013: pop m=279.961 v=0.140 f= -0.024
found: sum=280.0000 var=  0.0000 fitness=  0.1167 age=0
-->8--
                 19       9      10 
             11      45      46      21
             61      75      71      55 
          2      69      34      77      16
         50      33      25      30      38 
      5      65      44      43      64       1
     57      40      70      47      72      66 
 20      63      28      51      24      39      23
 13      68      29      53      32      78      12
     59      52      49      73      35      62 
      3      67      42      27      76       7
         31      41      36      37      22 
          8      79      26      80      17
             54      56      74      48 
             15      58      60       4
                 18       6      14 
--8<--
execution time: real 194.951144s user 61.547643s sys 0.068989s
