execution time: real 896.500068s user 1135.751339s sys 0.478927s
GA: P=512 K=256 sp=3 xover=2D/1 aging
generation #1772: pop m=281.048 v=0.350 f=276.022
best: sum=281.0333 var=  0.0989 fitness=278.2207 age=1025
-->8--
                 16       7      22 
              9      37      45      11
             64      79      77      57 
          4      76      36      69      17
         35      27      20      39      32 
      8      75      42      40      67       6
     55      46      63      60      50      61 
 19      62      28      56      25      65       5
 18      80      24      51      23      71      21
     47      41      59      66      48      58 
      3      72      33      43      70       1
         38      52      29      31      34 
          2      73      26      78      15
             44      68      74      53 
             12      54      49      13
                 30      10      14 
--8<--
