found: sum=264.0000 var=  0.0000 fitness=  3.3000 age=0
-->8--
                 13      18       2 
             50      43      76       9
             61      56      44      79 
          7      41      27      54       4
         66      30      62      14      68 
      6      59      48      63      45       8
     33      42      39      28      67      36 
 23      58      46      24      47      40      16
 20      52      17      64      26      31      71
     78      49      74      75      53      70 
      5      25      19      11      22      15
         55      80      21      77      73 
         35      37      38      57       1
             32      69      60      34 
             51      65      29      72
                 10       3      12 
--8<--
execution time: real 51.386382s user 81.313638s sys 19.613018s
jsgmd80: M=30 A=3 B=6 P=512 K=256 sp=2 xover=2D/2 mut=4 replace_worst=8 aging explosion=128@0.005000*128 swap=2 hexspin=2
generation #1219: pop m=264.040 v=0.146 f=  3.155
best: found: sum=264.0000 var=  0.0000 fitness=  3.3000 age=1
-->8--
                 13      18       2 
             50      43      76       9
             61      56      44      79 
          7      41      27      54       4
         66      30      62      14      68 
      6      59      48      63      45       8
     33      42      39      28      67      36 
 23      58      46      24      47      40      16
 20      52      17      64      26      31      71
     78      49      74      75      53      70 
      5      25      19      11      22      15
         55      80      21      77      73 
         35      37      38      57       1
             32      69      60      34 
             51      65      29      72
                 10       3      12 
--8<--
