jsgmd80: M=30 A=3 B=6 P=512 K=256 sp=3 xover=2D/3 mut=20 replace_worst=51 aging explosion=128@0.005000*128 swap=2 hexspin=2
generation #1509: pop m=279.989 v=0.158 f= -0.042
found: sum=280.0000 var=  0.0000 fitness=  0.1167 age=0
-->8--
                 25      17      11 
             20      49      56      23
             50      63      71      53 
          7      73      24      66       5
         45      54      22      42      40 
     19      51      44      55      74      15
     64      32      62      58      21      52 
  3      69      37      39      30      78      13
 12      75      33      48      46      76       1
     57      34      61      59      29      60 
      8      70      47      38      80       9
         36      35      27      28      26 
          6      68      31      77       2
             65      72      79      67 
             16      41      43       4
                 18      14      10 
--8<--
execution time: real 47.449258s user 77.658194s sys 16.405505s
