found: sum=280.0000 var=  0.0000 fitness=  3.5000 age=0
-->8--
                 15      20       2 
             25      44      59       4
             52      69      72      70 
          8      75      16      73       6
         29      37      33      32      21 
     14      79      50      54      78       7
     61      40      31      49      45      65 
  9      57      43      63      22      64      12
 24      76      26      51      28      80      11
     53      38      66      67      41      48 
      3      74      34      27      62      10
         36      42      35      55      39 
         13      68      30      77       1
             47      71      56      46 
             17      58      60      23
                 19       5      18 
--8<--
execution time: real 58.480531s user 27.041889s sys 1.144825s
jsgmd80: M=30 A=3 B=6 P=512 K=256 sp=3 xover=2D/2 mut=4 replace_worst=5 aging explosion=128@0.005000*128 swap=2 hexspin=2
generation #618: pop m=280.051 v=0.194 f=  3.043
best: found: sum=280.0000 var=  0.0000 fitness=  3.5000 age=1
-->8--
                 15      20       2 
             25      44      59       4
             52      69      72      70 
          8      75      16      73       6
         29      37      33      32      21 
     14      79      50      54      78       7
     61      40      31      49      45      65 
  9      57      43      63      22      64      12
 24      76      26      51      28      80      11
     53      38      66      67      41      48 
      3      74      34      27      62      10
         36      42      35      55      39 
         13      68      30      77       1
             47      71      56      46 
             17      58      60      23
                 19       5      18 
--8<--
