found: sum=260.0000 var=  0.0000 fitness=  0.2167 age=0
-->8--
                 57      21       4 
              9      27      52      56
             41      67      65      73 
         17      59      28      10      54
         29      44      50      33      77 
     23      70      12      74      13      19
     39      61      68      36      32      43 
 62      38       5      20      72      76      30
  3      63      71      51       6      25       8
     55      22      45      75      49      78 
      7      79       1      24      66      16
         34      42      64      40      26 
         31      60      47      37      11
             14      46      48      80 
             18      69      35       2
                 53      15      58 
--8<--
execution time: real 62.134734s user 102.443426s sys 17.635319s
jsgmd80: M=30 A=3 B=6 P=512 K=256 sp=3 xover=2D/3 mut=20 replace_worst=51 aging explosion=128@0.005000*128 swap=2 hexspin=2
generation #1805: pop m=260.077 v=0.325 f= -0.108
