found: sum=281.0000 var=  0.0000 fitness=281.0000 age=0
-->8--
                 24       9      20 
             19      50      51       6
             52      70      76      55 
          5      66      25      73       7
         39      48      29      47      22 
      3      71      43      31      77       8
     58      36      53      64      35      59 
 17      74      30      61      27      80      10
 13      63      34      46      21      78      12
     56      44      57      62      40      42 
     18      72      41      38      75      14
         28      33      37      45      32 
         15      79      26      67       2
             54      65      68      60 
             11      49      69       1
                 23       4      16 
--8<--
execution time: real 362.557062s user 534.407757s sys 163.082207s
jsgmd80: M=30 A=3 B=6 P=512 K=256 sp=3 xover=2D/3 mut=20 replace_worst=51 aging explosion=128@0.005000*128 swap=2 hexspin=2
generation #12410: pop m=281.035 v=0.169 f=277.836
best: found: sum=281.0000 var=  0.0000 fitness=281.0000 age=1
-->8--
                 24       9      20 
             19      50      51       6
             52      70      76      55 
          5      66      25      73       7
         39      48      29      47      22 
      3      71      43      31      77       8
     58      36      53      64      35      59 
 17      74      30      61      27      80      10
 13      63      34      46      21      78      12
     56      44      57      62      40      42 
     18      72      41      38      75      14
         28      33      37      45      32 
         15      79      26      67       2
             54      65      68      60 
             11      49      69       1
                 23       4      16 
--8<--
