execution time: real 996.983845s user 1157.444041s sys 0.412937s
GA: P=512 K=256 sp=3 xover=2D/1 aging
generation #1913: pop m=281.048 v=0.362 f=275.958
best: sum=281.0000 var=  0.0667 fitness=278.6906 age=1025
-->8--
                 19       5      20 
             10      52      43      11
             48      80      70      62 
          4      72      31      75      13
         44      39      29      35      33 
      3      74      30      41      63       6
     47      49      61      67      51      54 
 21      64      28      53      24      73      26
 14      77      27      55      22      69       9
     58      36      57      60      42      50 
      7      78      37      40      79      18
         25      46      32      38      23 
         12      56      34      71       2
             65      76      66      68 
             17      59      45      15
                  8       1      16 
--8<--
