found: sum=281.0000 var=  0.0000 fitness=281.0000 age=0
-->8--
                 18       3      21 
             19      48      44      10
             56      80      76      55 
          7      60      30      75      12
         35      49      22      46      28 
     14      74      40      32      65       2
     50      31      58      57      54      69 
 20      77      29      72      27      63      15
 16      73      24      37      26      78       4
     45      47      61      62      33      52 
     11      66      42      43      79       5
         39      41      36      38      34 
          1      70      25      68       9
             64      67      71      53 
             23      51      59      13
                  6       8      17 
--8<--
execution time: real 94.970537s user 132.752818s sys 31.523207s
jsgmd80: M=30 A=3 B=6 P=512 K=256 sp=3 xover=2D/3 mut=20 replace_worst=51 aging explosion=128@0.005000*128 swap=2 hexspin=2
generation #3208: pop m=281.036 v=0.150 f=278.009
best: found: sum=281.0000 var=  0.0000 fitness=281.0000 age=1
-->8--
                 18       3      21 
             19      48      44      10
             56      80      76      55 
          7      60      30      75      12
         35      49      22      46      28 
     14      74      40      32      65       2
     50      31      58      57      54      69 
 20      77      29      72      27      63      15
 16      73      24      37      26      78       4
     45      47      61      62      33      52 
     11      66      42      43      79       5
         39      41      36      38      34 
          1      70      25      68       9
             64      67      71      53 
             23      51      59      13
                  6       8      17 
--8<--
