execution time: real 620.292281s user 679.652677s sys 0.180972s
GA: P=512 K=256 sp=3 xover=2D/1 aging
generation #1161: pop m=281.037 v=0.352 f=275.976
best: sum=281.0333 var=  0.0989 fitness=278.2207 age=1025
-->8--
                  2      11      16 
             25      59      43      14
             46      69      76      64 
         19      80      23      68       8
         24      42      26      36      28 
     12      70      40      52      77       7
     60      49      51      54      41      56 
  6      66      29      58      21      72       9
 20      67      32      50      35      78      18
     62      39      61      63      34      48 
      3      79      33      47      73       4
         31      37      27      30      44 
         10      71      38      74       5
             53      75      65      55 
             22      45      57      13
                 15       1      17 
--8<--
