found: sum=281.0000 var=  0.0000 fitness=281.0000 age=0
-->8--
                 16      10      12 
             21      41      52      17
             56      78      77      47 
         15      69      23      76      19
         29      40      35      33      26 
     13      72      36      37      80       1
     59      46      60      58      42      67 
 20      62      27      55      31      65       3
  9      74      24      54      34      79      14
     57      48      61      49      30      53 
      4      66      44      45      73       7
         32      38      28      50      39 
          2      75      25      63       5
             68      71      70      51 
             18      43      64      22
                  6       8      11 
--8<--
execution time: real 2725.374768s user 2951.057371s sys 15.090705s
GA: P=512 K=256 sp=3 xover=2D/1 optconsec aging
generation #52225: pop m=281.070 v=0.284 f=276.512
best: found: sum=281.0000 var=  0.0000 fitness=281.0000 age=1
-->8--
                 16      10      12 
             21      41      52      17
             56      78      77      47 
         15      69      23      76      19
         29      40      35      33      26 
     13      72      36      37      80       1
     59      46      60      58      42      67 
 20      62      27      55      31      65       3
  9      74      24      54      34      79      14
     57      48      61      49      30      53 
      4      66      44      45      73       7
         32      38      28      50      39 
          2      75      25      63       5
             68      71      70      51 
             18      43      64      22
                  6       8      11 
--8<--
