found: sum=255.0000 var=  0.0000 fitness=  0.1062 age=0
-->8--
                 47       7      68 
             24      50      13       9
             35      59      80      10 
         37      40      46      75      31
         38      32       6       5      58 
     66      73      72      43      76       2
     25      14       1      79      48      30 
 19      39      63      54       4      41      28
 69      70      12      74      27      64      56
     33      57      51      17      71      36 
      3      15      42      26      65      11
         77      78      45      49       8 
         23      18      20      55      62
             44      52      60      16 
             21      67      34      61
                 53      22      29 
--8<--
execution time: real 310.787491s user 140.135696s sys 4.177364s
jsgmd80: M=30 A=3 B=6 P=512 K=256 sp=3 xover=2D/3 mut=20 replace_worst=51 aging explosion=128@0.005000*128 swap=2 hexspin=2
generation #4251: pop m=255.026 v=0.238 f= -0.132
best: found: sum=255.0000 var=  0.0000 fitness=  0.1062 age=1
-->8--
                 47       7      68 
             24      50      13       9
             35      59      80      10 
         37      40      46      75      31
         38      32       6       5      58 
     66      73      72      43      76       2
     25      14       1      79      48      30 
 19      39      63      54       4      41      28
 69      70      12      74      27      64      56
     33      57      51      17      71      36 
      3      15      42      26      65      11
         77      78      45      49       8 
         23      18      20      55      62
             44      52      60      16 
             21      67      34      61
                 53      22      29 
--8<--
