found: sum=281.0000 var=  0.0000 fitness=281.0000 age=0
-->8--
                 18       1      16 
             12      51      50       3
             57      66      71      74 
          2      77      42      67       9
         38      32      23      35      31 
      4      75      41      43      65      21
     40      48      61      60      45      47 
 10      76      24      53      33      72      25
 14      78      27      54      26      68      13
     63      28      62      55      37      56 
     11      79      36      44      80       6
         22      49      30      39      34 
          8      64      29      69       7
             59      73      70      52 
             20      46      58      17
                 19       5      15 
--8<--
execution time: real 557.525047s user 568.531570s sys 6.401026s
GA: P=512 K=256 sp=3 xover=2D/1 optconsec aging
generation #22783: pop m=280.958 v=0.248 f=276.725
best: found: sum=281.0000 var=  0.0000 fitness=281.0000 age=1
-->8--
                 18       1      16 
             12      51      50       3
             57      66      71      74 
          2      77      42      67       9
         38      32      23      35      31 
      4      75      41      43      65      21
     40      48      61      60      45      47 
 10      76      24      53      33      72      25
 14      78      27      54      26      68      13
     63      28      62      55      37      56 
     11      79      36      44      80       6
         22      49      30      39      34 
          8      64      29      69       7
             59      73      70      52 
             20      46      58      17
                 19       5      15 
--8<--
