found: sum=258.0000 var=  0.0000 fitness=  0.1075 age=0
-->8--
                 22      21      72 
             25      69      37      26
             66      42      45      48 
         18      34      44      30      24
         40      32      46      79      64 
     10      68      60      14      13      74
     58      20      35      76       6      47 
 28      62      43      27      70      54      51
 23      31      39      65       8      61       4
     56      63      49      12      59      41 
      2      73      15      50      52      16
         33      19      67      77      29 
         57      75      11      17       5
              1      71      36      78 
              3      53      80       9
                 55       7      38 
--8<--
execution time: real 376.056689s user 172.882717s sys 9.224597s
jsgmd80: M=30 A=3 B=6 P=512 K=256 sp=3 xover=2D/2 mut=26 replace_worst=32 aging explosion=128@0.005000*128 swap=2 hexspin=2
generation #5466: pop m=258.076 v=0.296 f= -0.189
best: found: sum=258.0000 var=  0.0000 fitness=  0.1075 age=1
-->8--
                 22      21      72 
             25      69      37      26
             66      42      45      48 
         18      34      44      30      24
         40      32      46      79      64 
     10      68      60      14      13      74
     58      20      35      76       6      47 
 28      62      43      27      70      54      51
 23      31      39      65       8      61       4
     56      63      49      12      59      41 
      2      73      15      50      52      16
         33      19      67      77      29 
         57      75      11      17       5
              1      71      36      78 
              3      53      80       9
                 55       7      38 
--8<--
