found: sum=281.0000 var=  0.0000 fitness=281.0000 age=0
-->8--
                 18       6      23 
              9      47      52      10
             62      77      79      41 
          1      68      20      76      12
         40      36      29      45      27 
     15      74      51      32      80       2
     43      34      61      49      44      50 
 22      75      25      59      31      78      19
 16      72      21      57      30      60      11
     53      54      58      55      38      63 
      5      71      35      39      73      14
         26      42      37      46      33 
          8      70      28      66       7
             64      69      65      56 
             17      48      67      24
                 13       4       3 
--8<--
execution time: real 160.413892s user 180.932494s sys 0.928858s
GA: P=512 K=256 sp=3 xover=2D/1 optconsec aging
generation #2733: pop m=281.119 v=0.300 f=276.416
best: found: sum=281.0000 var=  0.0000 fitness=281.0000 age=1
-->8--
                 18       6      23 
              9      47      52      10
             62      77      79      41 
          1      68      20      76      12
         40      36      29      45      27 
     15      74      51      32      80       2
     43      34      61      49      44      50 
 22      75      25      59      31      78      19
 16      72      21      57      30      60      11
     53      54      58      55      38      63 
      5      71      35      39      73      14
         26      42      37      46      33 
          8      70      28      66       7
             64      69      65      56 
             17      48      67      24
                 13       4       3 
--8<--
