found: sum=271.0000 var=  0.0000 fitness=  9.0333 age=0
-->8--
                 19       7      17 
             47      62      31      53
             49      48      59      40 
         14      46      64      71      15
         66      45       8      44      36 
      5      51      60      25      65       1
     63      16      57      78      39      56 
  6      70      42      43      20      74      28
 11      52      23      72       4      73      18
     69      68      34      54      61      22 
      3      67      21      35      79       9
         12      58      55      38      27 
         26      75      30      37      13
             33      32      76      77 
             41      80      29       2
                 10      24      50 
--8<--
execution time: real 135.688109s user 137.319124s sys 4.180364s
jsgmd80: M=30 A=3 B=6 P=512 K=256 sp=3 xover=2D/2 mut=4 replace_worst=5 aging explosion=128@0.005000*128 swap=2 hexspin=2
generation #5007: pop m=270.985 v=0.151 f=  8.882
best: found: sum=271.0000 var=  0.0000 fitness=  9.0333 age=1
-->8--
                 19       7      17 
             47      62      31      53
             49      48      59      40 
         14      46      64      71      15
         66      45       8      44      36 
      5      51      60      25      65       1
     63      16      57      78      39      56 
  6      70      42      43      20      74      28
 11      52      23      72       4      73      18
     69      68      34      54      61      22 
      3      67      21      35      79       9
         12      58      55      38      27 
         26      75      30      37      13
             33      32      76      77 
             41      80      29       2
                 10      24      50 
--8<--
