found: sum=280.0000 var=  0.0000 fitness=  3.5000 age=0
-->8--
                 20       4      17 
             22      54      59      10
             44      64      65      72 
          3      76      34      57      14
         29      55      25      31      27 
      2      73      26      68      79       7
     67      39      52      53      28      61 
  9      70      35      56      21      78      24
 13      63      43      48      40      75       1
     58      30      46      62      38      41 
     16      80      45      37      71       8
         33      36      42      32      47 
          5      60      23      69      11
             66      74      77      50 
             19      49      51      18
                 12       6      15 
--8<--
execution time: real 84.553297s user 122.108436s sys 41.646668s
jsgmd80: M=30 A=3 B=6 P=512 K=256 sp=3 xover=2D/2 mut=4 replace_worst=5 aging explosion=128@0.005000*128 swap=2 hexspin=2
generation #2136: pop m=280.038 v=0.138 f=  3.132
best: found: sum=280.0000 var=  0.0000 fitness=  3.5000 age=1
-->8--
                 20       4      17 
             22      54      59      10
             44      64      65      72 
          3      76      34      57      14
         29      55      25      31      27 
      2      73      26      68      79       7
     67      39      52      53      28      61 
  9      70      35      56      21      78      24
 13      63      43      48      40      75       1
     58      30      46      62      38      41 
     16      80      45      37      71       8
         33      36      42      32      47 
          5      60      23      69      11
             66      74      77      50 
             19      49      51      18
                 12       6      15 
--8<--
