found: sum=242.0000 var=  0.0000 fitness=  0.1008 age=0
-->8--
                 22      64       4 
             71      36       8      76
             40      49      54      55 
         17      24      31      45      68
         52      80      21      53      11 
      9      29      37      38      10      67
     70       7      41      77      46      30 
 12      75      48      28      18      78      16
  6      20      60      42      34      19      72
     59      32      23      43      47      27 
     61      14      74      57      26      79
         56      39       3      35      44 
         13      62      63      69      66
             58       1      15       2 
              5      65      73      33
                 51      25      50 
--8<--
execution time: real 194.051535s user 88.600530s sys 3.598452s
jsgmd80: M=30 A=3 B=6 P=512 K=256 sp=3 xover=2D/3 mut=20 replace_worst=51 aging explosion=128@0.005000*128 swap=2 hexspin=2
generation #2559: pop m=242.120 v=0.356 f= -0.255
best: found: sum=242.0000 var=  0.0000 fitness=  0.1008 age=1
-->8--
                 22      64       4 
             71      36       8      76
             40      49      54      55 
         17      24      31      45      68
         52      80      21      53      11 
      9      29      37      38      10      67
     70       7      41      77      46      30 
 12      75      48      28      18      78      16
  6      20      60      42      34      19      72
     59      32      23      43      47      27 
     61      14      74      57      26      79
         56      39       3      35      44 
         13      62      63      69      66
             58       1      15       2 
              5      65      73      33
                 51      25      50 
--8<--
