jsgmd80: M=30 A=3 B=6 P=512 K=256 sp=3 xover=2D/3 mut=26 replace_worst=85 aging
generation #7582: pop m=279.956 v=0.173 f=  3.327
found: sum=280.0000 var=  0.0000 fitness=  3.5000 age=0
-->8--
                 16       5       3 
             19      53      55      14
             41      74      69      60 
         11      77      24      79       1
         36      44      31      27      38 
      9      71      30      50      75      10
     61      33      67      57      25      64 
 17      70      35      45      46      68      18
  4      62      21      54      29      78      20
     66      59      58      49      34      32 
      6      48      42      51      80      13
         39      52      26      37      43 
          2      76      28      73       7
             63      56      65      40 
             15      47      72      22
                 23      12       8 
--8<--
execution time: real 432.849015s user 197.536969s sys 0.232964s
