jsgmd80: M=30 A=3 B=6 P=512 K=256 sp=3 xover=2D/3 mut=20 replace_worst=51 aging
generation #16823: pop m=279.966 v=0.143 f= -0.026
found: sum=280.0000 var=  0.0000 fitness=  0.1167 age=0
-->8--
                 18       8      15 
             19      48      73      20
             46      72      55      52 
         10      77      24      65      12
         32      40      34      49      26 
     11      75      33      53      76       7
     59      45      57      36      31      66 
 13      58      30      67      35      74       5
  9      80      25      50      38      63       2
     61      42      51      54      39      70 
      4      71      47      41      79       1
         22      44      37      29      28 
         14      69      27      78      23
             60      56      68      43 
             17      62      64       6
                 16       3      21 
--8<--
execution time: real 529.831364s user 767.132378s sys 259.913487s
