found: sum=261.0000 var=  0.0000 fitness=  0.1087 age=0
-->8--
                 42       3       1 
             11      50      79       2
             73      30      80      78 
         22      55      19      21      36
         26      67      63      66      16 
     46      18      27      12      44       7
     76      25      52      62      60      75 
  5      70      72      45      17      59      65
  9      24      14      40      68      23       6
     77      56      38      29      34      33 
      4      47      74      31      48      54
         53      32      49      51      69 
         37      28      20      39      13
             64      58      71      41 
             35      61      43      10
                 15       8      57 
--8<--
execution time: real 282.238349s user 126.721735s sys 4.225357s
jsgmd80: M=30 A=3 B=6 P=512 K=256 sp=3 xover=2D/3 mut=20 replace_worst=51 aging explosion=128@0.005000*128 swap=2 hexspin=2
generation #3982: pop m=261.021 v=0.232 f= -0.123
best: found: sum=261.0000 var=  0.0000 fitness=  0.1087 age=1
-->8--
                 42       3       1 
             11      50      79       2
             73      30      80      78 
         22      55      19      21      36
         26      67      63      66      16 
     46      18      27      12      44       7
     76      25      52      62      60      75 
  5      70      72      45      17      59      65
  9      24      14      40      68      23       6
     77      56      38      29      34      33 
      4      47      74      31      48      54
         53      32      49      51      69 
         37      28      20      39      13
             64      58      71      41 
             35      61      43      10
                 15       8      57 
--8<--
