found: sum=250.0000 var=  0.0000 fitness=  0.2083 age=0
-->8--
                 23      49       2 
             57      58      30      53
             34      17      65      46 
         39      61      31      54      25
         38      51      16      37      10 
     63      27      74      47      78       4
     26      28      18      15      41      62 
 69      68      52      80      32      55       6
 45      29       1      35      12      43      75
     13      72      64      76      67       9 
     73       3      44      20      33      21
         60      66      11      42      77 
         59      14      36      71       5
             48      79      70      22 
             40      50       7      24
                 19       8      56 
--8<--
execution time: real 166.249659s user 270.286910s sys 50.609306s
jsgmd80: M=30 A=3 B=6 P=512 K=256 sp=3 xover=2D/3 mut=20 replace_worst=51 aging explosion=128@0.005000*128 swap=2 hexspin=2
generation #5027: pop m=250.003 v=0.183 f=  0.026
