found: sum=281.0000 var=  0.0000 fitness= 28.1000 age=0
-->8--
                 20       1      12 
             22      53      59       4
             43      69      66      64 
         11      74      33      76       3
         45      36      30      34      29 
      8      72      39      42      75      17
     54      31      63      61      32      60 
 13      71      40      46      37      68       5
 16      77      24      57      25      67      19
     50      38      51      55      52      62 
     10      79      48      44      70       2
         27      41      26      35      28 
          7      78      23      80      21
             49      65      73      47 
             15      56      58      14
                 18       6       9 
--8<--
execution time: real 203.764131s user 90.880184s sys 3.472472s
jsgmd80: M=30 A=3 B=6 P=512 K=256 sp=3 xover=2D/2 mut=26 replace_worst=32 aging explosion=128@0.005000*128 swap=2 hexspin=2
generation #3153: pop m=280.959 v=0.255 f= 26.875
best: found: sum=281.0000 var=  0.0000 fitness= 28.1000 age=1
-->8--
                 20       1      12 
             22      53      59       4
             43      69      66      64 
         11      74      33      76       3
         45      36      30      34      29 
      8      72      39      42      75      17
     54      31      63      61      32      60 
 13      71      40      46      37      68       5
 16      77      24      57      25      67      19
     50      38      51      55      52      62 
     10      79      48      44      70       2
         27      41      26      35      28 
          7      78      23      80      21
             49      65      73      47 
             15      56      58      14
                 18       6       9 
--8<--
