found: sum=261.0000 var=  0.0000 fitness=  0.1087 age=0
-->8--
                 34      11       1 
             22      70      53      65
             40      38      64      28 
         33      57      25      50      71
         44      27      37      30      13 
      7      60      77      55      69      63
     72      24      41      42      36      35 
 14      54      32       9      29      45       4
 20      75      68      62      61      80      76
     26       8      49      58      10      21 
     12      66      67       2      79      52
         74       3      23      51      19 
          6      73      48      78      16
             39      47      59      18 
             31      56      46      43
                 15       5      17 
--8<--
execution time: real 131.341338s user 57.823209s sys 1.459778s
jsgmd80: M=30 A=3 B=6 P=512 K=256 sp=3 xover=2D/3 mut=20 replace_worst=51 aging explosion=128@0.005000*128 swap=2 hexspin=2
generation #1626: pop m=261.153 v=0.492 f= -0.384
best: found: sum=261.0000 var=  0.0000 fitness=  0.1087 age=1
-->8--
                 34      11       1 
             22      70      53      65
             40      38      64      28 
         33      57      25      50      71
         44      27      37      30      13 
      7      60      77      55      69      63
     72      24      41      42      36      35 
 14      54      32       9      29      45       4
 20      75      68      62      61      80      76
     26       8      49      58      10      21 
     12      66      67       2      79      52
         74       3      23      51      19 
          6      73      48      78      16
             39      47      59      18 
             31      56      46      43
                 15       5      17 
--8<--
