jsgmd80: M=30 A=3 B=6 P=512 K=256 sp=3 xover=2D/3 mut=20 replace_worst=51 aging
generation #1909: pop m=278.998 v=0.206 f= -0.090
found: sum=279.0000 var=  0.0000 fitness=  0.1163 age=0
-->8--
                 24      13      15 
             18      44      68      25
             49      75      36      62 
         12      69      43      73       5
         32      45      27      41      22 
     17      72      20      59      76      14
     58      30      74      51      31      57 
 16      70      38      48      21      79       7
 10      65      26      40      42      71       2
     60      50      53      77      35      63 
      9      67      46      34      52       3
         28      37      29      39      55 
         11      80      33      78       8
             56      54      66      47 
             19      64      61       4
                  6       1      23 
--8<--
execution time: real 176.643021s user 58.879049s sys 0.053991s
