found: sum=236.0000 var=  0.0000 fitness=  0.0983 age=0
-->8--
                 77      71      52 
             23      28      57      62
             33      30      32       6 
         58      45      18      27      60
         20      59      79      61      31 
     72      21       5      19      51      55
     50      49      46      40      11       8 
 65      24      56      47      54      80      70
 38      16      17      44      12      69       7
     43      74      26      39      10       2 
      1      29      42      63      78      68
         73      48      22      34       9 
         37      35      36      15      75
             14      53      66      25 
             67      64      13      41
                  3       4      76 
--8<--
execution time: real 326.681231s user 18.792143s sys 0.158975s
jsgmd80: M=30 A=3 B=6 P=512 K=256 sp=3 xover=2D/2 mut=26 replace_worst=32 aging explosion=128@0.005000*128 swap=2 hexspin=2
generation #11037: pop m=236.010 v=0.234 f= -0.136
best: found: sum=236.0000 var=  0.0000 fitness=  0.0983 age=1
-->8--
                 77      71      52 
             23      28      57      62
             33      30      32       6 
         58      45      18      27      60
         20      59      79      61      31 
     72      21       5      19      51      55
     50      49      46      40      11       8 
 65      24      56      47      54      80      70
 38      16      17      44      12      69       7
     43      74      26      39      10       2 
      1      29      42      63      78      68
         73      48      22      34       9 
         37      35      36      15      75
             14      53      66      25 
             67      64      13      41
                  3       4      76 
--8<--
