found: sum=249.0000 var=  0.0000 fitness=  0.1037 age=0
-->8--
                 22      75      56 
             71      29       5       8
             33      37      52      59 
         44      57      51      69       1
         46      21      25      28      14 
     42      48      58      24      78      38
     31      19      27      45      40       2 
 20      63      76      70      34      77       6
 73      12      13      10      23      49      74
     50      66      53      67      26      41 
      7      35      65      43      54      64
         79      17      11      36      15 
         47      68      72      55       9
              3      16      32      80 
             61      39      60       4
                 62      30      18 
--8<--
execution time: real 448.798797s user 199.424682s sys 5.344187s
jsgmd80: M=30 A=3 B=6 P=512 K=256 sp=3 xover=2D/3 mut=20 replace_worst=51 aging explosion=128@0.005000*128 swap=2 hexspin=2
generation #6366: pop m=249.065 v=0.329 f= -0.225
best: found: sum=249.0000 var=  0.0000 fitness=  0.1037 age=1
-->8--
                 22      75      56 
             71      29       5       8
             33      37      52      59 
         44      57      51      69       1
         46      21      25      28      14 
     42      48      58      24      78      38
     31      19      27      45      40       2 
 20      63      76      70      34      77       6
 73      12      13      10      23      49      74
     50      66      53      67      26      41 
      7      35      65      43      54      64
         79      17      11      36      15 
         47      68      72      55       9
              3      16      32      80 
             61      39      60       4
                 62      30      18 
--8<--
