found: sum=248.0000 var=  0.0000 fitness=  0.1033 age=0
-->8--
                 56      49       7 
             41      21      31      71
             22      60      51      73 
          6      48      36      15      23
         63      47      45      69      50 
     11      62      12      32      18      77
     61      34      35      70      57      37 
 30      17      58      54       2       9      39
 27      67      19      38      59      78       5
     46      53      44      25      43      80 
      4       3      65      52      14      20
         75      64      24      55      13 
          1      26      29      16      76
             79      40      72      74 
             42      33       8      10
                 28      66      68 
--8<--
execution time: real 149.940414s user 67.270773s sys 1.604756s
jsgmd80: M=30 A=3 B=6 P=512 K=256 sp=3 xover=2D/3 mut=20 replace_worst=51 aging explosion=128@0.005000*128 swap=2 hexspin=2
generation #2025: pop m=248.092 v=0.373 f= -0.269
best: found: sum=248.0000 var=  0.0000 fitness=  0.1033 age=1
-->8--
                 56      49       7 
             41      21      31      71
             22      60      51      73 
          6      48      36      15      23
         63      47      45      69      50 
     11      62      12      32      18      77
     61      34      35      70      57      37 
 30      17      58      54       2       9      39
 27      67      19      38      59      78       5
     46      53      44      25      43      80 
      4       3      65      52      14      20
         75      64      24      55      13 
          1      26      29      16      76
             79      40      72      74 
             42      33       8      10
                 28      66      68 
--8<--
