found: sum=267.0000 var=  0.0000 fitness=  0.2225 age=0
-->8--
                  7      13       5 
             49      64      79       6
             52      22      24      78 
          9      73      65      75      11
         17      42      37      26      36 
     25      74      28      40      41      62
     46      29      59      60      44      66 
 19      76      35      43      56      18       1
  4      68      21      39       8      72      77
     54      38      70      61      69      33 
     10      67      20      32      63      16
         30      51      45      34      14 
         15      57      23      53      48
             47      71      80      55 
             58      31      50       2
                  3      12      27 
--8<--
execution time: real 135.644343s user 213.155595s sys 50.985249s
jsgmd80: M=30 A=3 B=6 P=512 K=256 sp=3 xover=2D/3 mut=20 replace_worst=51 aging explosion=128@0.005000*128 swap=2 hexspin=2
generation #4338: pop m=267.009 v=0.165 f=  0.057
