execution time: real 833.039459s user 880.372163s sys 4.558307s
GA: P=512 K=256 sp=3 xover=2D/1 optconsec aging
generation #17649: pop m=280.933 v=0.070 f=278.601
best: sum=280.9333 var=  0.0622 fitness=278.7022 age=5121
-->8--
                 18      16      11 
             22      63      40      20
             44      59      78      70 
          7      75      25      62       4
         36      50      34      47      26 
      1      69      38      35      72      13
     68      33      61      53      45      49 
  5      74      30      60      29      76      10
 14      77      21      57      27      65      17
     42      46      52      55      39      64 
     15      73      41      43      80       2
         28      48      32      37      31 
         12      66      23      79       3
             54      71      67      51 
              8      58      56      19
                 24       6       9 
--8<--
