jsgmd80: M=30 A=3 B=6 P=512 K=256 sp=3 xover=2D/3 mut=20 replace_worst=51 aging
generation #4151: pop m=280.032 v=0.125 f= -0.008
found: sum=280.0000 var=  0.0000 fitness=  0.1167 age=0
-->8--
                 22       3      12 
             20      46      47       2
             45      75      76      63 
          6      72      33      80      21
         40      43      27      25      29 
      8      74      30      39      62       1
     61      31      60      67      59      52 
 16      66      42      57      28      77      14
 19      64      24      32      23      44      15
     54      53      65      73      49      78 
      4      68      34      41      56       5
         37      36      35      38      48 
         10      79      26      69      11
             50      70      71      58 
             17      51      55      18
                 13       7       9 
--8<--
execution time: real 131.141855s user 203.713030s sys 50.312351s
