found: sum=263.0000 var=  0.0000 fitness=  0.1096 age=0
-->8--
                  3      30      53 
             51      56      79       1
             54      52      33      17 
         12      47      13      80       2
         72      50      46      73      24 
     15      28      55      18      67       8
     39      43      38      70      19      69 
 59      66      49      36      16      76       6
  7      34      42      61      32      45      23
     58      29      37      48      75      44 
     21      64      71       5      35       4
         57      20      41      68      60 
         14      31      22      65       9
             77      78      62      26 
             10      27      11      25
                 40      63      74 
--8<--
execution time: real 71.760879s user 35.661578s sys 1.523768s
jsgmd80: M=30 A=3 B=6 P=512 K=256 sp=3 xover=2D/3 mut=20 replace_worst=51 aging explosion=128@0.005000*128 swap=2 hexspin=2
generation #993: pop m=263.058 v=0.272 f= -0.162
best: found: sum=263.0000 var=  0.0000 fitness=  0.1096 age=1
-->8--
                  3      30      53 
             51      56      79       1
             54      52      33      17 
         12      47      13      80       2
         72      50      46      73      24 
     15      28      55      18      67       8
     39      43      38      70      19      69 
 59      66      49      36      16      76       6
  7      34      42      61      32      45      23
     58      29      37      48      75      44 
     21      64      71       5      35       4
         57      20      41      68      60 
         14      31      22      65       9
             77      78      62      26 
             10      27      11      25
                 40      63      74 
--8<--
