execution time: real 850.738836s user 983.835434s sys 0.343947s
GA: P=512 K=256 sp=3 xover=2D/1 aging
generation #1620: pop m=281.023 v=0.363 f=275.908
best: sum=281.0000 var=  0.0667 fitness=278.6906 age=1025
-->8--
                 17       9      25 
             18      43      44       3
             48      77      80      64 
         10      78      28      65       4
         36      41      23      40      33 
      5      68      34      45      74      12
     57      46      62      59      39      49 
 15      69      30      58      24      75       1
 21      63      26      55      32      73      16
     56      47      50      53      38      67 
      7      79      52      51      70       2
         29      27      20      37      31 
         14      71      35      72      11
             61      76      66      60 
             13      54      42      19
                  6       8      22 
--8<--
