jsgmd80: M=30 A=3 B=6 P=512 K=256 sp=3 xover=2D/3 mut=20 replace_worst=51 aging
generation #1702: pop m=279.976 v=0.244 f= -0.128
found: sum=280.0000 var=  0.0000 fitness=  0.1167 age=0
-->8--
                 18       5      20 
             23      54      47       4
             62      70      69      66 
         14      53      35      74       3
         32      55      29      36      28 
      7      64      38      37      73      10
     68      31      65      60      48      42 
  9      78      27      51      26      79      22
 13      67      34      57      25      50      11
     45      43      46      61      52      76 
      8      77      56      39      59       2
         40      24      21      44      41 
          6      75      33      63       1
             58      71      80      72 
             12      49      30      16
                 15      17      19 
--8<--
execution time: real 58.504795s user 97.141232s sys 16.405505s
