found: sum=264.0000 var=  0.0000 fitness=  0.1100 age=0
-->8--
                 21      25      31 
             67      42      48       6
             29      62      49      69 
          4      43      38      61       3
         74      51      16      36      56 
     17      63      54      64      39      66
     18      32      27      68      24       8 
 14      60      37      35      33      71       1
 57      45      46      47      28      50      79
     70      44      72      53      58      55 
     10      73      20       7      77      13
         22       9      65      41      11 
         59      75      19      80      15
             26      76      52      40 
             23      34      78       2
                 30       5      12 
--8<--
execution time: real 263.826338s user 118.659960s sys 4.640294s
jsgmd80: M=30 A=3 B=6 P=512 K=256 sp=3 xover=2D/3 mut=20 replace_worst=51 aging explosion=128@0.005000*128 swap=2 hexspin=2
generation #3946: pop m=264.060 v=0.241 f= -0.131
best: found: sum=264.0000 var=  0.0000 fitness=  0.1100 age=1
-->8--
                 21      25      31 
             67      42      48       6
             29      62      49      69 
          4      43      38      61       3
         74      51      16      36      56 
     17      63      54      64      39      66
     18      32      27      68      24       8 
 14      60      37      35      33      71       1
 57      45      46      47      28      50      79
     70      44      72      53      58      55 
     10      73      20       7      77      13
         22       9      65      41      11 
         59      75      19      80      15
             26      76      52      40 
             23      34      78       2
                 30       5      12 
--8<--
